<?xml version="1.0" encoding="utf-8"?>
<TestRun id="82420580-df6d-4b5f-867c-842c2c3d6516" name="goali@BTOMBLINSON 2023-09-18 22:47:02" runUser="BTOMBLINSON\goali" xmlns="http://microsoft.com/schemas/VisualStudio/TeamTest/2010">
  <Times creation="2023-09-18T22:47:02.1677237-06:00" queuing="2023-09-18T22:47:02.1677240-06:00" start="2023-09-18T22:47:01.5505814-06:00" finish="2023-09-18T22:47:04.2568831-06:00" />
  <TestSettings name="default" id="4f33d6f9-0e31-4b3b-870c-d33c648bbec8">
    <Deployment runDeploymentRoot="goali_BTOMBLINSON_2023-09-18_22_47_02" />
  </TestSettings>
  <Results>
    <UnitTestResult executionId="80a2475c-9007-4536-a0a6-9cecf768807f" testId="f0548b92-c117-be5c-abd0-bf70ca684f72" testName="CreateTestGame(2)" computerName="BTOMBLINSON" duration="00:00:00.0000170" startTime="2023-09-18T22:47:02.0827800-06:00" endTime="2023-09-18T22:47:02.0827970-06:00" testType="13cdc9d9-ddb5-4fa4-a97d-d965ccfc6d4b" outcome="Passed" testListId="8c84fa94-04c1-424b-9868-57a2d4851a1d" relativeResultsDirectory="80a2475c-9007-4536-a0a6-9cecf768807f" />
    <UnitTestResult executionId="28c2a7fc-276c-4be6-982c-a72520e659b9" testId="4cdde98c-a79d-8f4a-5624-41b8bcfc181f" testName="CreateTestGame(3)" computerName="BTOMBLINSON" duration="00:00:00.0000100" startTime="2023-09-18T22:47:02.0828008-06:00" endTime="2023-09-18T22:47:02.0828105-06:00" testType="13cdc9d9-ddb5-4fa4-a97d-d965ccfc6d4b" outcome="Passed" testListId="8c84fa94-04c1-424b-9868-57a2d4851a1d" relativeResultsDirectory="28c2a7fc-276c-4be6-982c-a72520e659b9" />
    <UnitTestResult executionId="8940b8bd-b62a-4845-be16-b65098a30733" testId="dc0f2425-ebf9-bfa1-95e7-4077bc33b9c9" testName="TestDetermineStartingPlayer" computerName="BTOMBLINSON" duration="00:00:00.0013850" startTime="2023-09-18T22:47:02.1004560-06:00" endTime="2023-09-18T22:47:02.1018400-06:00" testType="13cdc9d9-ddb5-4fa4-a97d-d965ccfc6d4b" outcome="Passed" testListId="8c84fa94-04c1-424b-9868-57a2d4851a1d" relativeResultsDirectory="8940b8bd-b62a-4845-be16-b65098a30733">
      <Output>
        <StdOut>Player Test4 has 2 of clubs and is starting the hand</StdOut>
      </Output>
    </UnitTestResult>
    <UnitTestResult executionId="6bbf20fe-5e05-4a8c-a3cc-c6375585fdb5" testId="86ce5bb6-ddb3-96ab-105f-e07d6c7f8b99" testName="TestMoonshotHandNoPassing" computerName="BTOMBLINSON" duration="00:00:00.0023680" startTime="2023-09-18T22:47:02.1158301-06:00" endTime="2023-09-18T22:47:02.1181980-06:00" testType="13cdc9d9-ddb5-4fa4-a97d-d965ccfc6d4b" outcome="Passed" testListId="8c84fa94-04c1-424b-9868-57a2d4851a1d" relativeResultsDirectory="6bbf20fe-5e05-4a8c-a3cc-c6375585fdb5">
      <Output>
        <StdOut>Player Test4 has 2 of clubs and is starting the hand&#xD;
Player Test4 played Two of Clubs&#xD;
Player Test1 played Ace of Clubs&#xD;
Player Test2 played Ace of Diamonds&#xD;
Player Test3 played Ten of Diamonds&#xD;
Player Test1 won trick with Ace of Clubs&#xD;
Player Test1 played King of Clubs&#xD;
Player Test2 played King of Hearts&#xD;
Player Test3 played Queen of Spades&#xD;
Player Test4 played Ten of Hearts&#xD;
Player Test1 won trick with King of Clubs&#xD;
Player Test1 played Queen of Clubs&#xD;
Player Test2 played Nine of Hearts&#xD;
Player Test3 played Queen of Hearts&#xD;
Player Test4 played Seven of Hearts&#xD;
Player Test1 won trick with Queen of Clubs&#xD;
Player Test1 played Jack of Clubs&#xD;
Player Test2 played Eight of Hearts&#xD;
Player Test3 played Jack of Hearts&#xD;
Player Test4 played Five of Hearts&#xD;
Player Test1 won trick with Jack of Clubs&#xD;
Player Test1 played Ten of Clubs&#xD;
Player Test2 played Six of Hearts&#xD;
Player Test3 played Queen of Diamonds&#xD;
Player Test4 played Three of Hearts&#xD;
Player Test1 won trick with Ten of Clubs&#xD;
Player Test1 played Nine of Clubs&#xD;
Player Test2 played Four of Hearts&#xD;
Player Test3 played Jack of Spades&#xD;
Player Test4 played King of Diamonds&#xD;
Player Test1 won trick with Nine of Clubs&#xD;
Player Test1 played Eight of Clubs&#xD;
Player Test2 played Two of Hearts&#xD;
Player Test3 played Ten of Spades&#xD;
Player Test4 played Jack of Diamonds&#xD;
Player Test1 won trick with Eight of Clubs&#xD;
Player Test1 played Seven of Clubs&#xD;
Player Test2 played Ace of Spades&#xD;
Player Test3 played Nine of Spades&#xD;
Player Test4 played Six of Spades&#xD;
Player Test1 won trick with Seven of Clubs&#xD;
Player Test1 played Six of Clubs&#xD;
Player Test2 played King of Spades&#xD;
Player Test3 played Nine of Diamonds&#xD;
Player Test4 played Five of Spades&#xD;
Player Test1 won trick with Six of Clubs&#xD;
Player Test1 played Five of Clubs&#xD;
Player Test2 played Eight of Diamonds&#xD;
Player Test3 played Eight of Spades&#xD;
Player Test4 played Four of Spades&#xD;
Player Test1 won trick with Five of Clubs&#xD;
Player Test1 played Four of Clubs&#xD;
Player Test2 played Seven of Spades&#xD;
Player Test3 played Seven of Diamonds&#xD;
Player Test4 played Four of Diamonds&#xD;
Player Test1 won trick with Four of Clubs&#xD;
Player Test1 played Three of Clubs&#xD;
Player Test2 played Five of Diamonds&#xD;
Player Test3 played Six of Diamonds&#xD;
Player Test4 played Three of Spades&#xD;
Player Test1 won trick with Three of Clubs&#xD;
Player Test1 played Ace of Hearts&#xD;
Player Test2 played Three of Diamonds&#xD;
Player Test3 played Two of Spades&#xD;
Player Test4 played Two of Diamonds&#xD;
Player Test1 won trick with Ace of Hearts</StdOut>
      </Output>
    </UnitTestResult>
    <UnitTestResult executionId="b5094e6a-78c6-4b0c-a580-9af5ead8a2ed" testId="dc54afb5-920b-1118-fd16-a0712d8758fb" testName="TestRandomFirstHand" computerName="BTOMBLINSON" duration="00:00:00.0123410" startTime="2023-09-18T22:47:02.1034714-06:00" endTime="2023-09-18T22:47:02.1158121-06:00" testType="13cdc9d9-ddb5-4fa4-a97d-d965ccfc6d4b" outcome="Passed" testListId="8c84fa94-04c1-424b-9868-57a2d4851a1d" relativeResultsDirectory="b5094e6a-78c6-4b0c-a580-9af5ead8a2ed">
      <Output>
        <StdOut>Player Test4 has 2 of clubs and is starting the hand&#xD;
Player Test4 played Two of Clubs&#xD;
Player Test1 played Eight of Clubs&#xD;
Player Test2 played King of Clubs&#xD;
Player Test3 played Ten of Clubs&#xD;
Player Test2 won trick with King of Clubs&#xD;
Player Test2 played Nine of Clubs&#xD;
Player Test3 played Four of Clubs&#xD;
Player Test4 played Ace of Clubs&#xD;
Player Test1 played Seven of Clubs&#xD;
Player Test4 won trick with Ace of Clubs&#xD;
Player Test4 played Queen of Clubs&#xD;
Player Test1 played Queen of Spades&#xD;
Player Test2 played Five of Clubs&#xD;
Player Test3 played King of Hearts&#xD;
Player Test4 won trick with Queen of Clubs&#xD;
Player Test4 played Jack of Clubs&#xD;
Player Test1 played Ten of Hearts&#xD;
Player Test2 played Ace of Hearts&#xD;
Player Test3 played Jack of Hearts&#xD;
Player Test4 won trick with Jack of Clubs&#xD;
Player Test4 played Six of Clubs&#xD;
Player Test1 played Nine of Hearts&#xD;
Player Test2 played Queen of Hearts&#xD;
Player Test3 played Three of Hearts&#xD;
Player Test4 won trick with Six of Clubs&#xD;
Player Test4 played Three of Clubs&#xD;
Player Test1 played Eight of Hearts&#xD;
Player Test2 played Seven of Hearts&#xD;
Player Test3 played Ace of Diamonds&#xD;
Player Test4 won trick with Three of Clubs&#xD;
Player Test4 played Jack of Spades&#xD;
Player Test1 played Ace of Spades&#xD;
Player Test2 played Eight of Spades&#xD;
Player Test3 played Ten of Spades&#xD;
Player Test1 won trick with Ace of Spades&#xD;
Player Test1 played King of Spades&#xD;
Player Test2 played Three of Spades&#xD;
Player Test3 played Nine of Spades&#xD;
Player Test4 played Seven of Spades&#xD;
Player Test1 won trick with King of Spades&#xD;
Player Test1 played Six of Spades&#xD;
Player Test2 played Six of Hearts&#xD;
Player Test3 played Five of Spades&#xD;
Player Test4 played Nine of Diamonds&#xD;
Player Test1 won trick with Six of Spades&#xD;
Player Test1 played Two of Hearts&#xD;
Player Test2 played Four of Hearts&#xD;
Player Test3 played King of Diamonds&#xD;
Player Test4 played Eight of Diamonds&#xD;
Player Test2 won trick with Four of Hearts&#xD;
Player Test2 played Five of Hearts&#xD;
Player Test3 played Seven of Diamonds&#xD;
Player Test4 played Five of Diamonds&#xD;
Player Test1 played Ten of Diamonds&#xD;
Player Test2 won trick with Five of Hearts&#xD;
Player Test2 played Queen of Diamonds&#xD;
Player Test3 played Four of Spades&#xD;
Player Test4 played Three of Diamonds&#xD;
Player Test1 played Six of Diamonds&#xD;
Player Test2 won trick with Queen of Diamonds&#xD;
Player Test2 played Jack of Diamonds&#xD;
Player Test3 played Two of Spades&#xD;
Player Test4 played Two of Diamonds&#xD;
Player Test1 played Four of Diamonds&#xD;
Player Test2 won trick with Jack of Diamonds</StdOut>
      </Output>
    </UnitTestResult>
    <UnitTestResult executionId="e26462f3-ac8f-4415-ac02-139bb42ad566" testId="5c15beb4-8fb4-ad76-45d7-7f24d4c60a1c" testName="CreateTestGame(4)" computerName="BTOMBLINSON" duration="00:00:00.0000050" startTime="2023-09-18T22:47:02.0828134-06:00" endTime="2023-09-18T22:47:02.0828187-06:00" testType="13cdc9d9-ddb5-4fa4-a97d-d965ccfc6d4b" outcome="Passed" testListId="8c84fa94-04c1-424b-9868-57a2d4851a1d" relativeResultsDirectory="e26462f3-ac8f-4415-ac02-139bb42ad566" />
    <UnitTestResult executionId="49464216-b516-4b1c-aa00-87940f906a70" testId="92e1e64a-b705-8dca-65a9-d65d481198fa" testName="TestPlayFirstTrick" computerName="BTOMBLINSON" duration="00:00:00.0007660" startTime="2023-09-18T22:47:02.7275036-06:00" endTime="2023-09-18T22:47:02.7282689-06:00" testType="13cdc9d9-ddb5-4fa4-a97d-d965ccfc6d4b" outcome="Passed" testListId="8c84fa94-04c1-424b-9868-57a2d4851a1d" relativeResultsDirectory="49464216-b516-4b1c-aa00-87940f906a70">
      <Output>
        <StdOut>Player Test1 has 2 of clubs and is starting the hand&#xD;
Player Test1 played Two of Clubs&#xD;
Player Test2 played Three of Clubs&#xD;
Player Test3 played Ace of Clubs&#xD;
Player Test4 played King of Clubs&#xD;
Player Test3 won trick with Ace of Clubs</StdOut>
      </Output>
    </UnitTestResult>
    <UnitTestResult executionId="d09b4684-7aa6-4984-aae0-b3aaeceab931" testId="0c26f4f2-b142-0967-b339-29010fb48f65" testName="TestHandlePreHandCardPassingLeft" computerName="BTOMBLINSON" duration="00:00:00.0059760" startTime="2023-09-18T22:47:02.0944573-06:00" endTime="2023-09-18T22:47:02.1004334-06:00" testType="13cdc9d9-ddb5-4fa4-a97d-d965ccfc6d4b" outcome="Passed" testListId="8c84fa94-04c1-424b-9868-57a2d4851a1d" relativeResultsDirectory="d09b4684-7aa6-4984-aae0-b3aaeceab931" />
    <UnitTestResult executionId="b91e359e-8fe7-4dd8-be9d-f454aaf28495" testId="6c8b5a9e-8828-3fd1-736e-ea92a98ddfbd" testName="TestMustPlayTwoOfClubsForFirstTrick" computerName="BTOMBLINSON" duration="00:00:00.0015960" startTime="2023-09-18T22:47:02.1018593-06:00" endTime="2023-09-18T22:47:02.1034550-06:00" testType="13cdc9d9-ddb5-4fa4-a97d-d965ccfc6d4b" outcome="Passed" testListId="8c84fa94-04c1-424b-9868-57a2d4851a1d" relativeResultsDirectory="b91e359e-8fe7-4dd8-be9d-f454aaf28495">
      <Output>
        <StdOut>Player Test3 has 2 of clubs and is starting the hand</StdOut>
      </Output>
    </UnitTestResult>
    <UnitTestResult executionId="efcb359e-9937-4220-90a5-b18eb6c48df1" testId="c09f3df2-c012-2ad3-2994-259f5d8b9f29" testName="CreateTestGame(5)" computerName="BTOMBLINSON" duration="00:00:00.0004880" startTime="2023-09-18T22:47:02.0828213-06:00" endTime="2023-09-18T22:47:02.0833094-06:00" testType="13cdc9d9-ddb5-4fa4-a97d-d965ccfc6d4b" outcome="Passed" testListId="8c84fa94-04c1-424b-9868-57a2d4851a1d" relativeResultsDirectory="efcb359e-9937-4220-90a5-b18eb6c48df1" />
    <UnitTestResult executionId="0049341a-ca53-4de8-b744-8d70266ef272" testId="a4eb7655-8287-efa8-9e70-8a4d3f00e88c" testName="CreateTestGame(1)" computerName="BTOMBLINSON" duration="00:00:00.0002970" startTime="2023-09-18T22:47:02.0824203-06:00" endTime="2023-09-18T22:47:02.0827178-06:00" testType="13cdc9d9-ddb5-4fa4-a97d-d965ccfc6d4b" outcome="Passed" testListId="8c84fa94-04c1-424b-9868-57a2d4851a1d" relativeResultsDirectory="0049341a-ca53-4de8-b744-8d70266ef272" />
    <UnitTestResult executionId="32790dd1-07fe-4949-b8a0-5075b54a2635" testId="cf4ea359-5b57-4406-39c9-ba18457ce416" testName="TestDetermineTrickWinnerRandomHands" computerName="BTOMBLINSON" duration="00:00:00.6084430" startTime="2023-09-18T22:47:02.1190261-06:00" endTime="2023-09-18T22:47:02.7274685-06:00" testType="13cdc9d9-ddb5-4fa4-a97d-d965ccfc6d4b" outcome="Passed" testListId="8c84fa94-04c1-424b-9868-57a2d4851a1d" relativeResultsDirectory="32790dd1-07fe-4949-b8a0-5075b54a2635">
      <Output>
        <StdOut>Test&#xD;
Test&#xD;
Test&#xD;
Test&#xD;
Player Test1 won trick with Seven of Spades&#xD;
Test&#xD;
Test&#xD;
Test&#xD;
Player Test1 won trick with Ten of Spades&#xD;
Test&#xD;
Test&#xD;
Test&#xD;
Player Test1 won trick with Ace of Hearts&#xD;
Test&#xD;
Test&#xD;
Player Test1 won trick with Ten of Clubs&#xD;
Test&#xD;
Test&#xD;
Player Test1 won trick with Four of Spades&#xD;
Test&#xD;
Player Test1 won trick with King of Spades&#xD;
Test&#xD;
Player Test1 won trick with Ten of Spades&#xD;
Test&#xD;
Test&#xD;
Test&#xD;
Player Test1 won trick with Eight of Hearts&#xD;
Test&#xD;
Test&#xD;
Player Test4 won trick with Queen of Hearts&#xD;
Test&#xD;
Test&#xD;
Player Test2 won trick with King of Diamonds&#xD;
Test&#xD;
Test&#xD;
Player Test3 won trick with King of Spades&#xD;
Test&#xD;
Test&#xD;
Test&#xD;
Test&#xD;
Player Test1 won trick with Three of Diamonds&#xD;
Test&#xD;
Test&#xD;
Test&#xD;
Player Test1 won trick with Three of Diamonds&#xD;
Test&#xD;
Test&#xD;
Test&#xD;
Player Test1 won trick with Jack of Hearts&#xD;
Test&#xD;
Test&#xD;
Test&#xD;
Player Test1 won trick with Four of Diamonds&#xD;
Test&#xD;
Player Test3 won trick with King of Clubs&#xD;
Test&#xD;
Test&#xD;
Test&#xD;
Test&#xD;
Player Test1 won trick with Ten of Clubs&#xD;
Test&#xD;
Test&#xD;
Test&#xD;
Player Test4 won trick with Jack of Diamonds&#xD;
Test&#xD;
Test&#xD;
Test&#xD;
Player Test1 won trick with Eight of Spades&#xD;
Test&#xD;
Test&#xD;
Test&#xD;
Player Test1 won trick with Six of Clubs&#xD;
Test&#xD;
Test&#xD;
Test&#xD;
Player Test1 won trick with Six of Diamonds&#xD;
Test&#xD;
Test&#xD;
Test&#xD;
Test&#xD;
Player Test1 won trick with Ten of Hearts&#xD;
Test&#xD;
Test&#xD;
Player Test1 won trick with Nine of Clubs&#xD;
Test&#xD;
Test&#xD;
Player Test1 won trick with Queen of Clubs&#xD;
Test&#xD;
Player Test1 won trick with Ace of Clubs&#xD;
Test&#xD;
Test&#xD;
Player Test1 won trick with Jack of Diamonds&#xD;
Test&#xD;
Test&#xD;
Player Test2 won trick with Queen of Clubs&#xD;
Test&#xD;
Test&#xD;
Player Test4 won trick with Jack of Clubs&#xD;
Test&#xD;
Test&#xD;
Test&#xD;
Player Test1 won trick with Queen of Diamonds&#xD;
Test&#xD;
Test&#xD;
Test&#xD;
Player Test2 won trick with Ace of Hearts&#xD;
Test&#xD;
Player Test1 won trick with King of Diamonds&#xD;
Test&#xD;
Test&#xD;
Test&#xD;
Player Test1 won trick with Queen of Clubs&#xD;
Test&#xD;
Test&#xD;
Test&#xD;
Player Test1 won trick with Four of Spades&#xD;
Test&#xD;
Test&#xD;
Test&#xD;
Player Test1 won trick with Two of Clubs&#xD;
Test&#xD;
Test&#xD;
Test&#xD;
Player Test1 won trick with King of Hearts&#xD;
Test&#xD;
Test&#xD;
Player Test1 won trick with Seven of Spades&#xD;
Test&#xD;
Player Test1 won trick with Nine of Diamonds&#xD;
Test&#xD;
Test&#xD;
Player Test4 won trick with Ten of Spades&#xD;
Test&#xD;
Test&#xD;
Player Test1 won trick with Queen of Diamonds&#xD;
Test&#xD;
Test&#xD;
Test&#xD;
Player Test1 won trick with Seven of Spades&#xD;
Test&#xD;
Player Test3 won trick with Ace of Diamonds&#xD;
Test&#xD;
Test&#xD;
Test&#xD;
Player Test3 won trick with Eight of Hearts&#xD;
Test&#xD;
Test&#xD;
Player Test2 won trick with King of Spades&#xD;
Test&#xD;
Test&#xD;
Player Test4 won trick with Queen of Diamonds&#xD;
Test&#xD;
Test&#xD;
Player Test4 won trick with Seven of Spades&#xD;
Test&#xD;
Test&#xD;
Test&#xD;
Player Test1 won trick with Jack of Spades&#xD;
Test&#xD;
Test&#xD;
Test&#xD;
Test&#xD;
Player Test1 won trick with Ten of Hearts&#xD;
Test&#xD;
Test&#xD;
Test&#xD;
Test&#xD;
Player Test1 won trick with Five of Hearts&#xD;
Test&#xD;
Test&#xD;
Player Test2 won trick with Four of Diamonds&#xD;
Test&#xD;
Test&#xD;
Player Test3 won trick with Ace of Diamonds&#xD;
Test&#xD;
Test&#xD;
Test&#xD;
Test&#xD;
Player Test1 won trick with King of Hearts&#xD;
Test&#xD;
Test&#xD;
Test&#xD;
Player Test1 won trick with Jack of Clubs&#xD;
Test&#xD;
Test&#xD;
Player Test1 won trick with Queen of Spades&#xD;
Test&#xD;
Test&#xD;
Test&#xD;
Player Test1 won trick with Ten of Diamonds&#xD;
Test&#xD;
Test&#xD;
Player Test1 won trick with Ace of Spades&#xD;
Test&#xD;
Test&#xD;
Test&#xD;
Test&#xD;
Player Test1 won trick with Jack of Diamonds&#xD;
Test&#xD;
Test&#xD;
Test&#xD;
Player Test1 won trick with King of Hearts&#xD;
Test&#xD;
Test&#xD;
Test&#xD;
Player Test1 won trick with Jack of Clubs&#xD;
Test&#xD;
Player Test1 won trick with Jack of Spades&#xD;
Test&#xD;
Test&#xD;
Test&#xD;
Player Test1 won trick with Six of Diamonds&#xD;
Test&#xD;
Test&#xD;
Test&#xD;
Player Test1 won trick with Seven of Diamonds&#xD;
Test&#xD;
Test&#xD;
Player Test1 won trick with Ace of Clubs&#xD;
Test&#xD;
Test&#xD;
Player Test4 won trick with Ten of Diamonds&#xD;
Test&#xD;
Test&#xD;
Player Test1 won trick with Nine of Diamonds&#xD;
Test&#xD;
Test&#xD;
Test&#xD;
Player Test1 won trick with Seven of Clubs&#xD;
Test&#xD;
Test&#xD;
Test&#xD;
Player Test2 won trick with King of Hearts&#xD;
Test&#xD;
Test&#xD;
Player Test1 won trick with King of Diamonds&#xD;
Test&#xD;
Test&#xD;
Player Test2 won trick with Eight of Hearts&#xD;
Test&#xD;
Test&#xD;
Player Test3 won trick with Jack of Spades&#xD;
Test&#xD;
Test&#xD;
Test&#xD;
Player Test1 won trick with Five of Spades&#xD;
Test&#xD;
Test&#xD;
Player Test1 won trick with King of Diamonds&#xD;
Test&#xD;
Test&#xD;
Player Test1 won trick with Ace of Diamonds&#xD;
Test&#xD;
Test&#xD;
Player Test4 won trick with Four of Spades&#xD;
Test&#xD;
Test&#xD;
Player Test1 won trick with Jack of Spades&#xD;
Test&#xD;
Test&#xD;
Player Test2 won trick with King of Clubs&#xD;
Test&#xD;
Test&#xD;
Test&#xD;
Player Test2 won trick with Jack of Hearts&#xD;
Test&#xD;
Test&#xD;
Test&#xD;
Player Test1 won trick with Seven of Diamonds&#xD;
Test&#xD;
Test&#xD;
Test&#xD;
Player Test1 won trick with Eight of Diamonds&#xD;
Test&#xD;
Test&#xD;
Player Test1 won trick with King of Clubs&#xD;
Test&#xD;
Test&#xD;
Player Test1 won trick with Nine of Clubs&#xD;
Test&#xD;
Test&#xD;
Test&#xD;
Test&#xD;
Player Test1 won trick with Ace of Hearts&#xD;
Test&#xD;
Test&#xD;
Player Test1 won trick with Ace of Diamonds&#xD;
Test&#xD;
Test&#xD;
Test&#xD;
Player Test1 won trick with Eight of Spades&#xD;
Test&#xD;
Test&#xD;
Test&#xD;
Player Test1 won trick with Seven of Hearts&#xD;
Test&#xD;
Test&#xD;
Test&#xD;
Test&#xD;
Player Test1 won trick with Eight of Hearts&#xD;
Test&#xD;
Test&#xD;
Player Test1 won trick with Seven of Spades&#xD;
Test&#xD;
Test&#xD;
Test&#xD;
Player Test3 won trick with King of Hearts&#xD;
Test&#xD;
Test&#xD;
Test&#xD;
Player Test1 won trick with Two of Clubs&#xD;
Test&#xD;
Test&#xD;
Test&#xD;
Player Test1 won trick with Four of Clubs&#xD;
Test&#xD;
Test&#xD;
Test&#xD;
Player Test3 won trick with Five of Hearts&#xD;
Test&#xD;
Test&#xD;
Test&#xD;
Player Test1 won trick with Queen of Hearts&#xD;
Player Test2 won trick with Ace of Spades&#xD;
Test&#xD;
Test&#xD;
Player Test3 won trick with Ace of Hearts&#xD;
Test&#xD;
Test&#xD;
Player Test1 won trick with Eight of Diamonds&#xD;
Test&#xD;
Test&#xD;
Player Test1 won trick with Ten of Spades&#xD;
Test&#xD;
Test&#xD;
Test&#xD;
Test&#xD;
Player Test1 won trick with Four of Hearts&#xD;
Test&#xD;
Test&#xD;
Player Test2 won trick with Jack of Spades&#xD;
Test&#xD;
Test&#xD;
Test&#xD;
Player Test1 won trick with Six of Hearts&#xD;
Test&#xD;
Test&#xD;
Test&#xD;
Player Test1 won trick with Ace of Diamonds&#xD;
Test&#xD;
Test&#xD;
Test&#xD;
Player Test4 won trick with Ten of Hearts&#xD;
Test&#xD;
Test&#xD;
Test&#xD;
Player Test1 won trick with Jack of Hearts&#xD;
Test&#xD;
Test&#xD;
Test&#xD;
Player Test1 won trick with Ten of Diamonds&#xD;
Test&#xD;
Test&#xD;
Test&#xD;
Player Test1 won trick with Ten of Spades&#xD;
Test&#xD;
Test&#xD;
Player Test4 won trick with Three of Diamonds&#xD;
Test&#xD;
Test&#xD;
Test&#xD;
Player Test1 won trick with Jack of Diamonds&#xD;
Test&#xD;
Player Test4 won trick with Ten of Spades&#xD;
Test&#xD;
Player Test4 won trick with Nine of Clubs&#xD;
Test&#xD;
Test&#xD;
Player Test1 won trick with Ace of Diamonds&#xD;
Test&#xD;
Test&#xD;
Test&#xD;
Test&#xD;
Player Test1 won trick with Nine of Hearts&#xD;
Test&#xD;
Test&#xD;
Player Test3 won trick with Queen of Clubs&#xD;
Test&#xD;
Test&#xD;
Player Test1 won trick with Eight of Clubs&#xD;
Test&#xD;
Test&#xD;
Player Test3 won trick with Ace of Hearts&#xD;
Test&#xD;
Test&#xD;
Player Test3 won trick with Eight of Hearts&#xD;
Test&#xD;
Test&#xD;
Test&#xD;
Test&#xD;
Player Test1 won trick with Five of Hearts&#xD;
Test&#xD;
Test&#xD;
Test&#xD;
Test&#xD;
Player Test1 won trick with Jack of Clubs&#xD;
Test&#xD;
Test&#xD;
Test&#xD;
Player Test1 won trick with Ten of Clubs&#xD;
Test&#xD;
Test&#xD;
Player Test1 won trick with Seven of Clubs&#xD;
Test&#xD;
Test&#xD;
Test&#xD;
Player Test1 won trick with Jack of Clubs&#xD;
Test&#xD;
Test&#xD;
Test&#xD;
Player Test1 won trick with Ace of Diamonds&#xD;
Test&#xD;
Test&#xD;
Test&#xD;
Player Test1 won trick with Four of Diamonds&#xD;
Test&#xD;
Test&#xD;
Player Test1 won trick with Ace of Diamonds&#xD;
Test&#xD;
Player Test1 won trick with Ace of Spades&#xD;
Test&#xD;
Test&#xD;
Player Test1 won trick with Ace of Clubs&#xD;
Test&#xD;
Test&#xD;
Player Test4 won trick with Ace of Spades&#xD;
Test&#xD;
Test&#xD;
Test&#xD;
Test&#xD;
Player Test1 won trick with Eight of Clubs&#xD;
Test&#xD;
Player Test1 won trick with Ace of Diamonds&#xD;
Test&#xD;
Test&#xD;
Player Test1 won trick with Ten of Clubs&#xD;
Test&#xD;
Test&#xD;
Test&#xD;
Player Test1 won trick with Queen of Clubs&#xD;
Test&#xD;
Test&#xD;
Player Test4 won trick with Six of Hearts&#xD;
Test&#xD;
Test&#xD;
Player Test1 won trick with Five of Clubs&#xD;
Test&#xD;
Player Test1 won trick with Queen of Clubs&#xD;
Test&#xD;
Test&#xD;
Player Test4 won trick with Queen of Spades&#xD;
Test&#xD;
Test&#xD;
Player Test1 won trick with Nine of Clubs&#xD;
Test&#xD;
Test&#xD;
Player Test4 won trick with Eight of Diamonds&#xD;
Test&#xD;
Test&#xD;
Player Test2 won trick with Ace of Spades&#xD;
Test&#xD;
Test&#xD;
Player Test1 won trick with Two of Spades&#xD;
Test&#xD;
Test&#xD;
Player Test4 won trick with Ace of Diamonds&#xD;
Test&#xD;
Player Test4 won trick with King of Diamonds&#xD;
Test&#xD;
Test&#xD;
Test&#xD;
Player Test1 won trick with Four of Hearts&#xD;
Test&#xD;
Test&#xD;
Test&#xD;
Test&#xD;
Player Test1 won trick with Jack of Hearts&#xD;
Test&#xD;
Test&#xD;
Test&#xD;
Player Test1 won trick with Ace of Spades&#xD;
Test&#xD;
Player Test1 won trick with Ace of Diamonds&#xD;
Test&#xD;
Test&#xD;
Player Test3 won trick with King of Spades&#xD;
Test&#xD;
Test&#xD;
Player Test3 won trick with Ten of Diamonds&#xD;
Test&#xD;
Test&#xD;
Player Test1 won trick with Ten of Clubs&#xD;
Test&#xD;
Test&#xD;
Player Test1 won trick with Jack of Clubs&#xD;
Test&#xD;
Test&#xD;
Player Test4 won trick with Ten of Spades&#xD;
Test&#xD;
Test&#xD;
Test&#xD;
Player Test1 won trick with Four of Spades&#xD;
Test&#xD;
Test&#xD;
Test&#xD;
Player Test2 won trick with King of Hearts&#xD;
Test&#xD;
Player Test3 won trick with Ace of Clubs&#xD;
Test&#xD;
Test&#xD;
Player Test4 won trick with Five of Diamonds&#xD;
Test&#xD;
Test&#xD;
Test&#xD;
Test&#xD;
Player Test1 won trick with Jack of Hearts&#xD;
Test&#xD;
Test&#xD;
Player Test1 won trick with Ten of Spades&#xD;
Test&#xD;
Test&#xD;
Player Test2 won trick with Five of Diamonds&#xD;
Test&#xD;
Test&#xD;
Test&#xD;
Test&#xD;
Player Test1 won trick with Five of Hearts&#xD;
Test&#xD;
Test&#xD;
Test&#xD;
Test&#xD;
Player Test1 won trick with Eight of Hearts&#xD;
Test&#xD;
Test&#xD;
Test&#xD;
Player Test4 won trick with Jack of Hearts&#xD;
Test&#xD;
Test&#xD;
Test&#xD;
Test&#xD;
Player Test1 won trick with Three of Hearts&#xD;
Test&#xD;
Test&#xD;
Player Test2 won trick with Five of Clubs&#xD;
Test&#xD;
Test&#xD;
Test&#xD;
Player Test3 won trick with Ten of Hearts&#xD;
Test&#xD;
Test&#xD;
Player Test1 won trick with King of Clubs&#xD;
Test&#xD;
Test&#xD;
Test&#xD;
Player Test1 won trick with Ace of Diamonds&#xD;
Test&#xD;
Test&#xD;
Player Test1 won trick with Ace of Spades&#xD;
Test&#xD;
Test&#xD;
Test&#xD;
Test&#xD;
Player Test1 won trick with Nine of Hearts&#xD;
Test&#xD;
Test&#xD;
Test&#xD;
Player Test1 won trick with Ace of Hearts&#xD;
Test&#xD;
Player Test4 won trick with Ace of Diamonds&#xD;
Test&#xD;
Test&#xD;
Test&#xD;
Test&#xD;
Player Test1 won trick with Ten of Diamonds&#xD;
Test&#xD;
Test&#xD;
Player Test1 won trick with Five of Diamonds&#xD;
Test&#xD;
Test&#xD;
Test&#xD;
Test&#xD;
Player Test1 won trick with King of Hearts&#xD;
Test&#xD;
Test&#xD;
Player Test4 won trick with Eight of Spades&#xD;
Test&#xD;
Test&#xD;
Player Test4 won trick with Ace of Spades&#xD;
Test&#xD;
Test&#xD;
Test&#xD;
Player Test3 won trick with Ten of Hearts&#xD;
Test&#xD;
Test&#xD;
Test&#xD;
Player Test1 won trick with Four of Diamonds&#xD;
Test&#xD;
Test&#xD;
Player Test3 won trick with Ace of Diamonds&#xD;
Test&#xD;
Test&#xD;
Test&#xD;
Test&#xD;
Player Test1 won trick with Queen of Hearts&#xD;
Test&#xD;
Test&#xD;
Test&#xD;
Player Test1 won trick with Six of Diamonds&#xD;
Test&#xD;
Test&#xD;
Test&#xD;
Player Test4 won trick with Queen of Hearts&#xD;
Test&#xD;
Test&#xD;
Player Test1 won trick with King of Spades&#xD;
Test&#xD;
Test&#xD;
Player Test1 won trick with King of Diamonds&#xD;
Test&#xD;
Test&#xD;
Test&#xD;
Player Test1 won trick with Four of Spades&#xD;
Test&#xD;
Test&#xD;
Player Test1 won trick with Jack of Diamonds&#xD;
Test&#xD;
Test&#xD;
Test&#xD;
Test&#xD;
Player Test1 won trick with Ten of Hearts&#xD;
Test&#xD;
Test&#xD;
Test&#xD;
Player Test1 won trick with Jack of Clubs&#xD;
Test&#xD;
Test&#xD;
Player Test3 won trick with King of Clubs&#xD;
Test&#xD;
Test&#xD;
Test&#xD;
Player Test1 won trick with Ace of Diamonds&#xD;
Test&#xD;
Test&#xD;
Test&#xD;
Player Test1 won trick with Three of Clubs&#xD;
Test&#xD;
Test&#xD;
Player Test1 won trick with Ten of Diamonds&#xD;
Test&#xD;
Player Test1 won trick with Jack of Spades&#xD;
Test&#xD;
Test&#xD;
Test&#xD;
Player Test1 won trick with Ten of Diamonds&#xD;
Test&#xD;
Test&#xD;
Player Test1 won trick with Nine of Hearts&#xD;
Test&#xD;
Test&#xD;
Player Test1 won trick with Ace of Diamonds&#xD;
Test&#xD;
Test&#xD;
Test&#xD;
Player Test1 won trick with Three of Diamonds&#xD;
Test&#xD;
Test&#xD;
Test&#xD;
Player Test1 won trick with Jack of Clubs&#xD;
Test&#xD;
Test&#xD;
Player Test3 won trick with Jack of Spades&#xD;
Test&#xD;
Test&#xD;
Test&#xD;
Player Test1 won trick with Two of Clubs&#xD;
Test&#xD;
Test&#xD;
Test&#xD;
Player Test1 won trick with King of Clubs&#xD;
Player Test3 won trick with Ace of Clubs&#xD;
Test&#xD;
Test&#xD;
Test&#xD;
Player Test1 won trick with Ten of Hearts&#xD;
Test&#xD;
Test&#xD;
Test&#xD;
Player Test1 won trick with Four of Clubs&#xD;
Test&#xD;
Test&#xD;
Test&#xD;
Test&#xD;
Player Test1 won trick with Queen of Hearts&#xD;
Test&#xD;
Test&#xD;
Test&#xD;
Player Test1 won trick with Seven of Clubs&#xD;
Test&#xD;
Test&#xD;
Test&#xD;
Player Test1 won trick with Queen of Hearts&#xD;
Test&#xD;
Test&#xD;
Player Test1 won trick with Seven of Diamonds&#xD;
Test&#xD;
Test&#xD;
Test&#xD;
Player Test1 won trick with Queen of Diamonds&#xD;
Test&#xD;
Test&#xD;
Test&#xD;
Player Test3 won trick with Ace of Hearts&#xD;
Test&#xD;
Test&#xD;
Player Test1 won trick with Ace of Hearts&#xD;
Test&#xD;
Test&#xD;
Test&#xD;
Player Test2 won trick with Ace of Hearts&#xD;
Test&#xD;
Test&#xD;
Player Test3 won trick with Nine of Clubs&#xD;
Test&#xD;
Test&#xD;
Test&#xD;
Player Test1 won trick with Queen of Clubs&#xD;
Test&#xD;
Test&#xD;
Test&#xD;
Player Test1 won trick with Five of Clubs&#xD;
Test&#xD;
Test&#xD;
Test&#xD;
Player Test2 won trick with Seven of Hearts&#xD;
Test&#xD;
Test&#xD;
Test&#xD;
Player Test2 won trick with Ace of Hearts&#xD;
Test&#xD;
Test&#xD;
Test&#xD;
Player Test4 won trick with Seven of Hearts&#xD;
Test&#xD;
Test&#xD;
Test&#xD;
Player Test1 won trick with Eight of Hearts&#xD;
Test&#xD;
Test&#xD;
Test&#xD;
Player Test1 won trick with Nine of Clubs&#xD;
Test&#xD;
Test&#xD;
Test&#xD;
Player Test1 won trick with Six of Clubs&#xD;
Test&#xD;
Test&#xD;
Test&#xD;
Player Test1 won trick with Queen of Spades&#xD;
Test&#xD;
Test&#xD;
Test&#xD;
Player Test1 won trick with Six of Hearts&#xD;
Test&#xD;
Player Test2 won trick with King of Spades&#xD;
Test&#xD;
Test&#xD;
Player Test4 won trick with Ten of Clubs&#xD;
Test&#xD;
Player Test1 won trick with Ace of Spades&#xD;
Test&#xD;
Test&#xD;
Test&#xD;
Player Test1 won trick with Seven of Clubs&#xD;
Test&#xD;
Test&#xD;
Player Test4 won trick with Eight of Clubs&#xD;
Test&#xD;
Test&#xD;
Test&#xD;
Player Test1 won trick with Ten of Spades&#xD;
Test&#xD;
Test&#xD;
Player Test3 won trick with Six of Clubs&#xD;
Test&#xD;
Test&#xD;
Test&#xD;
Player Test2 won trick with Queen of Hearts&#xD;
Test&#xD;
Test&#xD;
Test&#xD;
Test&#xD;
Player Test1 won trick with Queen of Hearts&#xD;
Test&#xD;
Test&#xD;
Test&#xD;
Test&#xD;
Player Test1 won trick with Jack of Hearts&#xD;
Test&#xD;
Test&#xD;
Player Test2 won trick with Queen of Diamonds&#xD;
Test&#xD;
Test&#xD;
Test&#xD;
Test&#xD;
Player Test1 won trick with Three of Hearts&#xD;
Test&#xD;
Test&#xD;
Player Test3 won trick with Five of Spades&#xD;
Test&#xD;
Test&#xD;
Test&#xD;
Player Test1 won trick with Seven of Diamonds&#xD;
Test&#xD;
Test&#xD;
Test&#xD;
Test&#xD;
Player Test1 won trick with Six of Hearts&#xD;
Test&#xD;
Test&#xD;
Test&#xD;
Player Test1 won trick with Queen of Hearts&#xD;
Test&#xD;
Test&#xD;
Test&#xD;
Test&#xD;
Player Test1 won trick with Eight of Clubs&#xD;
Test&#xD;
Test&#xD;
Test&#xD;
Player Test1 won trick with Queen of Spades&#xD;
Test&#xD;
Player Test1 won trick with King of Hearts&#xD;
Test&#xD;
Test&#xD;
Test&#xD;
Player Test1 won trick with Three of Spades&#xD;
Test&#xD;
Test&#xD;
Player Test1 won trick with King of Spades&#xD;
Test&#xD;
Test&#xD;
Test&#xD;
Player Test4 won trick with Four of Hearts&#xD;
Test&#xD;
Player Test4 won trick with Jack of Diamonds&#xD;
Test&#xD;
Test&#xD;
Test&#xD;
Test&#xD;
Player Test1 won trick with Six of Hearts&#xD;
Test&#xD;
Test&#xD;
Player Test3 won trick with King of Spades&#xD;
Test&#xD;
Test&#xD;
Player Test3 won trick with King of Diamonds&#xD;
Test&#xD;
Test&#xD;
Test&#xD;
Test&#xD;
Player Test1 won trick with Seven of Hearts&#xD;
Test&#xD;
Test&#xD;
Player Test3 won trick with Nine of Diamonds&#xD;
Test&#xD;
Test&#xD;
Test&#xD;
Player Test3 won trick with Seven of Hearts&#xD;
Test&#xD;
Test&#xD;
Test&#xD;
Test&#xD;
Player Test1 won trick with Five of Hearts&#xD;
Test&#xD;
Test&#xD;
Test&#xD;
Player Test1 won trick with King of Hearts&#xD;
Test&#xD;
Test&#xD;
Test&#xD;
Player Test1 won trick with Nine of Spades&#xD;
Test&#xD;
Test&#xD;
Player Test4 won trick with Ace of Clubs&#xD;
Test&#xD;
Test&#xD;
Player Test1 won trick with Six of Spades&#xD;
Test&#xD;
Test&#xD;
Test&#xD;
Player Test1 won trick with Nine of Diamonds&#xD;
Test&#xD;
Test&#xD;
Test&#xD;
Player Test3 won trick with Six of Hearts&#xD;
Test&#xD;
Test&#xD;
Player Test1 won trick with Jack of Clubs&#xD;
Test&#xD;
Test&#xD;
Test&#xD;
Player Test1 won trick with Seven of Clubs&#xD;
Test&#xD;
Test&#xD;
Test&#xD;
Player Test1 won trick with Two of Diamonds&#xD;
Test&#xD;
Test&#xD;
Test&#xD;
Player Test1 won trick with Five of Diamonds&#xD;
Test&#xD;
Test&#xD;
Player Test1 won trick with Eight of Diamonds&#xD;
Test&#xD;
Test&#xD;
Test&#xD;
Player Test1 won trick with Five of Clubs&#xD;
Test&#xD;
Test&#xD;
Test&#xD;
Player Test4 won trick with Jack of Hearts&#xD;
Test&#xD;
Player Test4 won trick with Ten of Diamonds&#xD;
Test&#xD;
Test&#xD;
Player Test3 won trick with King of Diamonds&#xD;
Test&#xD;
Test&#xD;
Player Test1 won trick with Ace of Clubs&#xD;
Test&#xD;
Test&#xD;
Player Test4 won trick with Ace of Diamonds&#xD;
Test&#xD;
Player Test3 won trick with Ten of Hearts&#xD;
Test&#xD;
Test&#xD;
Player Test1 won trick with King of Clubs&#xD;
Test&#xD;
Test&#xD;
Player Test1 won trick with Seven of Spades&#xD;
Test&#xD;
Test&#xD;
Player Test2 won trick with Jack of Diamonds&#xD;
Test&#xD;
Test&#xD;
Player Test3 won trick with Jack of Clubs&#xD;
Test&#xD;
Test&#xD;
Test&#xD;
Player Test1 won trick with Six of Diamonds&#xD;
Test&#xD;
Test&#xD;
Test&#xD;
Player Test1 won trick with King of Clubs&#xD;
Test&#xD;
Test&#xD;
Player Test4 won trick with King of Diamonds&#xD;
Test&#xD;
Test&#xD;
Player Test3 won trick with Six of Clubs&#xD;
Test&#xD;
Test&#xD;
Player Test1 won trick with Nine of Diamonds&#xD;
Test&#xD;
Test&#xD;
Player Test1 won trick with Queen of Spades&#xD;
Test&#xD;
Test&#xD;
Player Test1 won trick with Ace of Diamonds&#xD;
Test&#xD;
Player Test1 won trick with Ace of Diamonds&#xD;
Test&#xD;
Test&#xD;
Test&#xD;
Player Test1 won trick with Jack of Spades&#xD;
Test&#xD;
Player Test3 won trick with Ace of Diamonds&#xD;
Test&#xD;
Test&#xD;
Test&#xD;
Test&#xD;
Player Test1 won trick with Two of Hearts&#xD;
Test&#xD;
Test&#xD;
Test&#xD;
Test&#xD;
Player Test1 won trick with Seven of Hearts&#xD;
Test&#xD;
Test&#xD;
Test&#xD;
Test&#xD;
Player Test1 won trick with Nine of Hearts&#xD;
Test&#xD;
Test&#xD;
Test&#xD;
Test&#xD;
Player Test1 won trick with Queen of Clubs&#xD;
Test&#xD;
Test&#xD;
Player Test1 won trick with Jack of Spades&#xD;
Test&#xD;
Test&#xD;
Test&#xD;
Player Test1 won trick with Six of Clubs&#xD;
Test&#xD;
Test&#xD;
Player Test4 won trick with King of Hearts&#xD;
Test&#xD;
Test&#xD;
Test&#xD;
Player Test1 won trick with Five of Hearts&#xD;
Test&#xD;
Test&#xD;
Player Test2 won trick with Ace of Spades&#xD;
Test&#xD;
Test&#xD;
Player Test4 won trick with Six of Spades&#xD;
Test&#xD;
Test&#xD;
Test&#xD;
Test&#xD;
Player Test1 won trick with Nine of Hearts&#xD;
Test&#xD;
Test&#xD;
Test&#xD;
Player Test1 won trick with Three of Clubs&#xD;
Test&#xD;
Test&#xD;
Player Test1 won trick with Ace of Clubs&#xD;
Test&#xD;
Test&#xD;
Player Test2 won trick with Jack of Clubs&#xD;
Test&#xD;
Test&#xD;
Test&#xD;
Player Test1 won trick with Seven of Clubs&#xD;
Test&#xD;
Player Test3 won trick with Nine of Diamonds&#xD;
Test&#xD;
Test&#xD;
Test&#xD;
Test&#xD;
Player Test1 won trick with Nine of Hearts&#xD;
Test&#xD;
Test&#xD;
Player Test1 won trick with Ace of Clubs&#xD;
Test&#xD;
Test&#xD;
Test&#xD;
Test&#xD;
Player Test1 won trick with Four of Hearts&#xD;
Test&#xD;
Player Test4 won trick with Nine of Clubs&#xD;
Test&#xD;
Test&#xD;
Player Test1 won trick with Four of Clubs&#xD;
Test&#xD;
Test&#xD;
Test&#xD;
Player Test1 won trick with Queen of Hearts&#xD;
Test&#xD;
Test&#xD;
Test&#xD;
Test&#xD;
Player Test1 won trick with Queen of Hearts&#xD;
Test&#xD;
Player Test1 won trick with Nine of Clubs&#xD;
Test&#xD;
Test&#xD;
Player Test1 won trick with Five of Diamonds&#xD;
Test&#xD;
Test&#xD;
Test&#xD;
Player Test1 won trick with Six of Spades&#xD;
Test&#xD;
Test&#xD;
Test&#xD;
Player Test1 won trick with Five of Hearts&#xD;
Test&#xD;
Test&#xD;
Test&#xD;
Test&#xD;
Player Test1 won trick with Five of Hearts&#xD;
Player Test4 won trick with Ten of Spades&#xD;
Test&#xD;
Test&#xD;
Test&#xD;
Test&#xD;
Player Test1 won trick with Five of Hearts&#xD;
Test&#xD;
Test&#xD;
Player Test1 won trick with King of Clubs&#xD;
Test&#xD;
Test&#xD;
Test&#xD;
Player Test4 won trick with King of Hearts&#xD;
Test&#xD;
Test&#xD;
Test&#xD;
Test&#xD;
Player Test1 won trick with Four of Hearts&#xD;
Test&#xD;
Test&#xD;
Player Test1 won trick with King of Hearts&#xD;
Test&#xD;
Test&#xD;
Player Test3 won trick with Ten of Clubs&#xD;
Player Test2 won trick with Ace of Diamonds&#xD;
Test&#xD;
Test&#xD;
Test&#xD;
Player Test1 won trick with Ten of Diamonds&#xD;
Test&#xD;
Test&#xD;
Test&#xD;
Test&#xD;
Player Test1 won trick with Six of Hearts&#xD;
Test&#xD;
Player Test1 won trick with Ace of Diamonds&#xD;
Test&#xD;
Player Test2 won trick with Nine of Spades&#xD;
Test&#xD;
Test&#xD;
Test&#xD;
Player Test1 won trick with Ten of Diamonds&#xD;
Test&#xD;
Test&#xD;
Test&#xD;
Test&#xD;
Player Test1 won trick with Five of Diamonds&#xD;
Test&#xD;
Test&#xD;
Test&#xD;
Player Test1 won trick with Nine of Clubs&#xD;
Test&#xD;
Test&#xD;
Test&#xD;
Player Test1 won trick with King of Spades&#xD;
Test&#xD;
Test&#xD;
Test&#xD;
Player Test1 won trick with Five of Hearts&#xD;
Test&#xD;
Test&#xD;
Test&#xD;
Player Test1 won trick with Ten of Diamonds&#xD;
Test&#xD;
Test&#xD;
Test&#xD;
Player Test1 won trick with Ten of Clubs&#xD;
Test&#xD;
Player Test3 won trick with Seven of Diamonds&#xD;
Test&#xD;
Test&#xD;
Player Test1 won trick with Four of Diamonds&#xD;
Test&#xD;
Player Test2 won trick with Ten of Spades&#xD;
Test&#xD;
Test&#xD;
Player Test3 won trick with Ten of Diamonds&#xD;
Test&#xD;
Test&#xD;
Player Test4 won trick with Ace of Diamonds&#xD;
Test&#xD;
Test&#xD;
Test&#xD;
Player Test1 won trick with Nine of Diamonds&#xD;
Test&#xD;
Player Test1 won trick with Ten of Spades&#xD;
Test&#xD;
Test&#xD;
Test&#xD;
Player Test1 won trick with Ace of Hearts&#xD;
Test&#xD;
Test&#xD;
Test&#xD;
Test&#xD;
Player Test1 won trick with Two of Hearts&#xD;
Test&#xD;
Test&#xD;
Test&#xD;
Test&#xD;
Player Test1 won trick with Ace of Hearts&#xD;
Test&#xD;
Test&#xD;
Player Test1 won trick with Queen of Spades&#xD;
Test&#xD;
Test&#xD;
Test&#xD;
Player Test1 won trick with Ace of Diamonds&#xD;
Test&#xD;
Test&#xD;
Player Test1 won trick with Nine of Diamonds&#xD;
Test&#xD;
Test&#xD;
Test&#xD;
Test&#xD;
Player Test1 won trick with Eight of Hearts&#xD;
Test&#xD;
Test&#xD;
Test&#xD;
Test&#xD;
Player Test1 won trick with King of Hearts&#xD;
Test&#xD;
Test&#xD;
Test&#xD;
Player Test1 won trick with Ace of Clubs&#xD;
Test&#xD;
Test&#xD;
Test&#xD;
Test&#xD;
Player Test1 won trick with Jack of Hearts&#xD;
Test&#xD;
Test&#xD;
Test&#xD;
Player Test1 won trick with Two of Clubs&#xD;
Test&#xD;
Test&#xD;
Player Test1 won trick with Ten of Clubs&#xD;
Test&#xD;
Player Test3 won trick with Queen of Spades&#xD;
Test&#xD;
Test&#xD;
Player Test1 won trick with Jack of Diamonds&#xD;
Test&#xD;
Test&#xD;
Player Test4 won trick with Ace of Spades&#xD;
Test&#xD;
Test&#xD;
Player Test3 won trick with Ten of Clubs&#xD;
Test&#xD;
Test&#xD;
Player Test1 won trick with Ten of Clubs&#xD;
Test&#xD;
Test&#xD;
Player Test1 won trick with Nine of Spades&#xD;
Test&#xD;
Test&#xD;
Player Test1 won trick with Queen of Spades&#xD;
Test&#xD;
Test&#xD;
Test&#xD;
Player Test1 won trick with Ten of Clubs&#xD;
Test&#xD;
Player Test1 won trick with King of Diamonds&#xD;
Test&#xD;
Test&#xD;
Test&#xD;
Player Test1 won trick with Nine of Hearts&#xD;
Test&#xD;
Test&#xD;
Test&#xD;
Player Test1 won trick with Nine of Clubs&#xD;
Test&#xD;
Test&#xD;
Player Test3 won trick with King of Hearts&#xD;
Test&#xD;
Test&#xD;
Test&#xD;
Test&#xD;
Player Test1 won trick with Jack of Hearts&#xD;
Test&#xD;
Test&#xD;
Player Test1 won trick with Six of Clubs&#xD;
Test&#xD;
Test&#xD;
Test&#xD;
Test&#xD;
Player Test1 won trick with Four of Diamonds&#xD;
Test&#xD;
Test&#xD;
Player Test3 won trick with Queen of Clubs&#xD;
Test&#xD;
Test&#xD;
Player Test4 won trick with King of Spades&#xD;
Test&#xD;
Test&#xD;
Test&#xD;
Test&#xD;
Player Test1 won trick with Jack of Hearts&#xD;
Test&#xD;
Test&#xD;
Test&#xD;
Player Test1 won trick with Ace of Hearts&#xD;
Test&#xD;
Test&#xD;
Player Test4 won trick with Queen of Spades&#xD;
Test&#xD;
Test&#xD;
Player Test1 won trick with Queen of Clubs&#xD;
Test&#xD;
Test&#xD;
Test&#xD;
Test&#xD;
Player Test1 won trick with Queen of Hearts&#xD;
Test&#xD;
Test&#xD;
Player Test2 won trick with Jack of Diamonds&#xD;
Test&#xD;
Test&#xD;
Test&#xD;
Player Test1 won trick with Jack of Hearts&#xD;
Test&#xD;
Test&#xD;
Test&#xD;
Player Test1 won trick with Six of Clubs&#xD;
Test&#xD;
Test&#xD;
Test&#xD;
Player Test1 won trick with Ace of Hearts&#xD;
Test&#xD;
Test&#xD;
Player Test1 won trick with Queen of Clubs&#xD;
Test&#xD;
Player Test1 won trick with Jack of Diamonds&#xD;
Test&#xD;
Test&#xD;
Player Test1 won trick with Ten of Diamonds&#xD;
Test&#xD;
Test&#xD;
Test&#xD;
Player Test1 won trick with Queen of Clubs&#xD;
Test&#xD;
Test&#xD;
Test&#xD;
Player Test1 won trick with Ace of Spades&#xD;
Test&#xD;
Test&#xD;
Test&#xD;
Player Test1 won trick with Seven of Spades&#xD;
Test&#xD;
Test&#xD;
Player Test2 won trick with Eight of Spades&#xD;
Test&#xD;
Test&#xD;
Test&#xD;
Player Test1 won trick with Jack of Diamonds&#xD;
Test&#xD;
Test&#xD;
Player Test3 won trick with Nine of Clubs&#xD;
Test&#xD;
Test&#xD;
Test&#xD;
Test&#xD;
Player Test1 won trick with Nine of Hearts&#xD;
Test&#xD;
Test&#xD;
Test&#xD;
Test&#xD;
Player Test1 won trick with Jack of Diamonds&#xD;
Test&#xD;
Player Test4 won trick with Ten of Spades&#xD;
Test&#xD;
Test&#xD;
Test&#xD;
Player Test1 won trick with Queen of Spades&#xD;
Test&#xD;
Player Test3 won trick with Jack of Spades&#xD;
Test&#xD;
Test&#xD;
Test&#xD;
Player Test1 won trick with Nine of Hearts&#xD;
Test&#xD;
Test&#xD;
Test&#xD;
Player Test1 won trick with Eight of Clubs&#xD;
Test&#xD;
Player Test2 won trick with Queen of Spades&#xD;
Test&#xD;
Test&#xD;
Test&#xD;
Player Test1 won trick with Nine of Diamonds&#xD;
Test&#xD;
Test&#xD;
Test&#xD;
Test&#xD;
Player Test1 won trick with Five of Hearts&#xD;
Test&#xD;
Test&#xD;
Player Test2 won trick with Seven of Hearts&#xD;
Test&#xD;
Test&#xD;
Test&#xD;
Player Test4 won trick with Four of Hearts&#xD;
Test&#xD;
Test&#xD;
Test&#xD;
Test&#xD;
Player Test1 won trick with Four of Hearts&#xD;
Test&#xD;
Test&#xD;
Test&#xD;
Player Test2 won trick with Ten of Hearts&#xD;
Test&#xD;
Test&#xD;
Player Test1 won trick with Nine of Clubs&#xD;
Test&#xD;
Test&#xD;
Test&#xD;
Player Test3 won trick with Nine of Hearts&#xD;
Test&#xD;
Test&#xD;
Test&#xD;
Player Test1 won trick with King of Diamonds&#xD;
Test&#xD;
Test&#xD;
Test&#xD;
Test&#xD;
Player Test1 won trick with Jack of Hearts&#xD;
Test&#xD;
Test&#xD;
Test&#xD;
Test&#xD;
Player Test1 won trick with Six of Hearts&#xD;
Test&#xD;
Test&#xD;
Test&#xD;
Test&#xD;
Player Test1 won trick with Six of Diamonds&#xD;
Test&#xD;
Test&#xD;
Test&#xD;
Test&#xD;
Player Test1 won trick with Ten of Hearts&#xD;
Test&#xD;
Test&#xD;
Player Test3 won trick with Five of Clubs&#xD;
Test&#xD;
Player Test4 won trick with Ace of Clubs&#xD;
Test&#xD;
Test&#xD;
Test&#xD;
Player Test1 won trick with Four of Spades&#xD;
Test&#xD;
Test&#xD;
Test&#xD;
Player Test1 won trick with Jack of Clubs&#xD;
Test&#xD;
Test&#xD;
Test&#xD;
Player Test1 won trick with Eight of Spades&#xD;
Test&#xD;
Test&#xD;
Test&#xD;
Player Test2 won trick with Queen of Hearts&#xD;
Test&#xD;
Test&#xD;
Player Test4 won trick with Eight of Spades&#xD;
Test&#xD;
Test&#xD;
Test&#xD;
Player Test1 won trick with Three of Diamonds&#xD;
Test&#xD;
Test&#xD;
Test&#xD;
Player Test1 won trick with Five of Hearts&#xD;
Test&#xD;
Test&#xD;
Test&#xD;
Player Test1 won trick with Seven of Clubs&#xD;
Test&#xD;
Test&#xD;
Test&#xD;
Player Test4 won trick with King of Hearts&#xD;
Test&#xD;
Test&#xD;
Player Test1 won trick with Queen of Diamonds&#xD;
Test&#xD;
Test&#xD;
Test&#xD;
Player Test1 won trick with Four of Diamonds&#xD;
Test&#xD;
Test&#xD;
Test&#xD;
Player Test1 won trick with Jack of Clubs&#xD;
Test&#xD;
Test&#xD;
Test&#xD;
Test&#xD;
Player Test1 won trick with Five of Hearts&#xD;
Test&#xD;
Test&#xD;
Test&#xD;
Player Test1 won trick with Eight of Spades&#xD;
Test&#xD;
Test&#xD;
Test&#xD;
Player Test1 won trick with Seven of Diamonds&#xD;
Test&#xD;
Test&#xD;
Test&#xD;
Test&#xD;
Player Test1 won trick with Queen of Hearts&#xD;
Test&#xD;
Test&#xD;
Player Test1 won trick with Nine of Spades&#xD;
Test&#xD;
Test&#xD;
Test&#xD;
Player Test1 won trick with Three of Diamonds&#xD;
Test&#xD;
Test&#xD;
Test&#xD;
Player Test3 won trick with Ten of Hearts&#xD;
Test&#xD;
Player Test4 won trick with King of Clubs&#xD;
Test&#xD;
Test&#xD;
Player Test1 won trick with King of Diamonds&#xD;
Test&#xD;
Test&#xD;
Test&#xD;
Player Test1 won trick with Three of Diamonds&#xD;
Test&#xD;
Test&#xD;
Test&#xD;
Player Test4 won trick with Jack of Hearts&#xD;
Test&#xD;
Test&#xD;
Player Test2 won trick with Ace of Diamonds&#xD;
Test&#xD;
Test&#xD;
Player Test3 won trick with Nine of Clubs&#xD;
Test&#xD;
Test&#xD;
Player Test1 won trick with Jack of Spades&#xD;
Test&#xD;
Test&#xD;
Player Test1 won trick with King of Diamonds&#xD;
Test&#xD;
Test&#xD;
Test&#xD;
Test&#xD;
Player Test1 won trick with Eight of Hearts&#xD;
Test&#xD;
Test&#xD;
Test&#xD;
Player Test1 won trick with Queen of Diamonds&#xD;
Test&#xD;
Player Test1 won trick with Queen of Spades&#xD;
Test&#xD;
Test&#xD;
Test&#xD;
Player Test4 won trick with Three of Hearts&#xD;
Test&#xD;
Test&#xD;
Test&#xD;
Player Test1 won trick with Two of Diamonds&#xD;
Test&#xD;
Test&#xD;
Test&#xD;
Test&#xD;
Player Test1 won trick with Three of Hearts&#xD;
Test&#xD;
Test&#xD;
Player Test3 won trick with Six of Diamonds&#xD;
Test&#xD;
Test&#xD;
Player Test1 won trick with Four of Spades&#xD;
Test&#xD;
Test&#xD;
Player Test1 won trick with Queen of Clubs&#xD;
Test&#xD;
Test&#xD;
Test&#xD;
Player Test1 won trick with King of Clubs&#xD;
Test&#xD;
Test&#xD;
Player Test1 won trick with Seven of Diamonds&#xD;
Test&#xD;
Test&#xD;
Player Test1 won trick with Nine of Clubs&#xD;
Test&#xD;
Test&#xD;
Test&#xD;
Player Test1 won trick with Four of Hearts&#xD;
Test&#xD;
Test&#xD;
Test&#xD;
Player Test1 won trick with King of Hearts&#xD;
Test&#xD;
Test&#xD;
Player Test3 won trick with King of Spades&#xD;
Test&#xD;
Test&#xD;
Test&#xD;
Test&#xD;
Player Test1 won trick with Two of Hearts&#xD;
Test&#xD;
Test&#xD;
Test&#xD;
Player Test1 won trick with Six of Spades&#xD;
Test&#xD;
Test&#xD;
Player Test1 won trick with King of Clubs&#xD;
Test&#xD;
Test&#xD;
Test&#xD;
Player Test1 won trick with Jack of Spades&#xD;
Test&#xD;
Test&#xD;
Test&#xD;
Player Test1 won trick with Two of Spades&#xD;
Test&#xD;
Test&#xD;
Test&#xD;
Player Test4 won trick with Six of Hearts&#xD;
Test&#xD;
Test&#xD;
Test&#xD;
Test&#xD;
Player Test1 won trick with Nine of Hearts&#xD;
Test&#xD;
Test&#xD;
Test&#xD;
Player Test1 won trick with Four of Clubs&#xD;
Test&#xD;
Test&#xD;
Test&#xD;
Test&#xD;
Player Test1 won trick with Three of Hearts&#xD;
Test&#xD;
Test&#xD;
Player Test1 won trick with Six of Hearts&#xD;
Test&#xD;
Test&#xD;
Test&#xD;
Player Test1 won trick with Jack of Diamonds&#xD;
Test&#xD;
Test&#xD;
Test&#xD;
Test&#xD;
Player Test1 won trick with Six of Hearts&#xD;
Test&#xD;
Test&#xD;
Test&#xD;
Player Test1 won trick with King of Clubs&#xD;
Test&#xD;
Test&#xD;
Test&#xD;
Player Test1 won trick with Jack of Hearts&#xD;
Test&#xD;
Test&#xD;
Test&#xD;
Player Test1 won trick with Five of Clubs&#xD;
Test&#xD;
Test&#xD;
Test&#xD;
Player Test2 won trick with Ten of Spades&#xD;
Test&#xD;
Test&#xD;
Test&#xD;
Player Test3 won trick with Ace of Hearts&#xD;
Test&#xD;
Test&#xD;
Player Test4 won trick with Seven of Hearts&#xD;
Test&#xD;
Test&#xD;
Test&#xD;
Test&#xD;
Player Test1 won trick with Eight of Hearts&#xD;
Test&#xD;
Test&#xD;
Test&#xD;
Player Test1 won trick with Seven of Spades&#xD;
Test&#xD;
Test&#xD;
Player Test1 won trick with Ten of Clubs&#xD;
Test&#xD;
Test&#xD;
Test&#xD;
Player Test1 won trick with Jack of Clubs&#xD;
Test&#xD;
Test&#xD;
Test&#xD;
Player Test1 won trick with King of Diamonds&#xD;
Test&#xD;
Test&#xD;
Player Test1 won trick with Ten of Spades&#xD;
Test&#xD;
Test&#xD;
Test&#xD;
Test&#xD;
Player Test1 won trick with Three of Diamonds&#xD;
Test&#xD;
Test&#xD;
Player Test2 won trick with King of Spades&#xD;
Test&#xD;
Test&#xD;
Test&#xD;
Player Test1 won trick with Two of Diamonds&#xD;
Test&#xD;
Test&#xD;
Test&#xD;
Player Test1 won trick with Five of Clubs&#xD;
Test&#xD;
Test&#xD;
Player Test2 won trick with Ten of Spades&#xD;
Test&#xD;
Test&#xD;
Test&#xD;
Player Test1 won trick with Six of Clubs&#xD;
Test&#xD;
Test&#xD;
Test&#xD;
Test&#xD;
Player Test1 won trick with Six of Hearts&#xD;
Test&#xD;
Test&#xD;
Player Test4 won trick with Nine of Spades&#xD;
Test&#xD;
Test&#xD;
Test&#xD;
Player Test4 won trick with King of Hearts&#xD;
Test&#xD;
Test&#xD;
Test&#xD;
Player Test3 won trick with Six of Hearts&#xD;
Test&#xD;
Test&#xD;
Test&#xD;
Player Test4 won trick with Four of Hearts&#xD;
Test&#xD;
Test&#xD;
Test&#xD;
Player Test1 won trick with Ten of Spades&#xD;
Test&#xD;
Test&#xD;
Test&#xD;
Player Test1 won trick with Jack of Diamonds&#xD;
Test&#xD;
Test&#xD;
Test&#xD;
Player Test1 won trick with Three of Diamonds&#xD;
Test&#xD;
Player Test1 won trick with Ace of Spades&#xD;
Test&#xD;
Test&#xD;
Player Test4 won trick with Ace of Hearts&#xD;
Test&#xD;
Test&#xD;
Test&#xD;
Player Test1 won trick with Ten of Spades&#xD;
Test&#xD;
Test&#xD;
Player Test3 won trick with King of Diamonds&#xD;
Test&#xD;
Test&#xD;
Test&#xD;
Player Test1 won trick with Queen of Clubs&#xD;
Test&#xD;
Test&#xD;
Player Test2 won trick with Eight of Clubs&#xD;
Test&#xD;
Test&#xD;
Test&#xD;
Player Test1 won trick with Four of Spades&#xD;
Test&#xD;
Test&#xD;
Test&#xD;
Player Test1 won trick with Seven of Clubs&#xD;
Test&#xD;
Test&#xD;
Test&#xD;
Player Test1 won trick with Five of Hearts&#xD;
Test&#xD;
Test&#xD;
Test&#xD;
Test&#xD;
Player Test1 won trick with Two of Hearts&#xD;
Test&#xD;
Test&#xD;
Test&#xD;
Player Test1 won trick with Six of Hearts&#xD;
Test&#xD;
Test&#xD;
Player Test1 won trick with Ace of Spades&#xD;
Test&#xD;
Test&#xD;
Player Test1 won trick with Jack of Diamonds&#xD;
Test&#xD;
Player Test1 won trick with Jack of Spades&#xD;
Test&#xD;
Test&#xD;
Test&#xD;
Player Test1 won trick with Three of Diamonds&#xD;
Test&#xD;
Test&#xD;
Player Test3 won trick with Queen of Spades&#xD;
Test&#xD;
Test&#xD;
Test&#xD;
Player Test2 won trick with King of Hearts&#xD;
Test&#xD;
Test&#xD;
Player Test1 won trick with King of Hearts&#xD;
Test&#xD;
Test&#xD;
Test&#xD;
Player Test1 won trick with Queen of Clubs&#xD;
Test&#xD;
Test&#xD;
Test&#xD;
Player Test1 won trick with Ten of Clubs&#xD;
Test&#xD;
Test&#xD;
Test&#xD;
Player Test1 won trick with Eight of Spades&#xD;
Test&#xD;
Test&#xD;
Test&#xD;
Test&#xD;
Player Test1 won trick with Four of Hearts&#xD;
Test&#xD;
Test&#xD;
Player Test2 won trick with Ten of Clubs&#xD;
Test&#xD;
Test&#xD;
Test&#xD;
Player Test1 won trick with Seven of Diamonds&#xD;
Test&#xD;
Test&#xD;
Test&#xD;
Player Test3 won trick with Six of Clubs&#xD;
Test&#xD;
Test&#xD;
Player Test1 won trick with Nine of Clubs&#xD;
Test&#xD;
Test&#xD;
Test&#xD;
Player Test1 won trick with Six of Spades&#xD;
Test&#xD;
Test&#xD;
Test&#xD;
Player Test1 won trick with Nine of Diamonds&#xD;
Test&#xD;
Test&#xD;
Player Test1 won trick with King of Diamonds&#xD;
Test&#xD;
Test&#xD;
Test&#xD;
Player Test3 won trick with Ace of Diamonds&#xD;
Test&#xD;
Test&#xD;
Test&#xD;
Player Test1 won trick with Nine of Clubs&#xD;
Test&#xD;
Player Test3 won trick with Queen of Spades&#xD;
Test&#xD;
Test&#xD;
Test&#xD;
Player Test1 won trick with Seven of Diamonds&#xD;
Test&#xD;
Player Test2 won trick with Queen of Spades&#xD;
Test&#xD;
Test&#xD;
Player Test2 won trick with Queen of Spades&#xD;
Test&#xD;
Test&#xD;
Test&#xD;
Player Test1 won trick with Two of Spades&#xD;
Test&#xD;
Test&#xD;
Test&#xD;
Player Test1 won trick with Eight of Diamonds&#xD;
Test&#xD;
Test&#xD;
Test&#xD;
Test&#xD;
Player Test1 won trick with Jack of Clubs&#xD;
Test&#xD;
Test&#xD;
Test&#xD;
Player Test1 won trick with Ace of Spades&#xD;
Test&#xD;
Test&#xD;
Test&#xD;
Player Test1 won trick with Two of Spades&#xD;
Test&#xD;
Test&#xD;
Test&#xD;
Player Test4 won trick with Ten of Hearts&#xD;
Test&#xD;
Test&#xD;
Player Test3 won trick with King of Diamonds&#xD;
Test&#xD;
Test&#xD;
Test&#xD;
Player Test1 won trick with Ten of Diamonds&#xD;
Test&#xD;
Test&#xD;
Test&#xD;
Player Test1 won trick with Ten of Hearts&#xD;
Test&#xD;
Test&#xD;
Player Test4 won trick with Ten of Spades&#xD;
Test&#xD;
Test&#xD;
Test&#xD;
Test&#xD;
Player Test1 won trick with Seven of Hearts&#xD;
Test&#xD;
Test&#xD;
Test&#xD;
Player Test1 won trick with Four of Diamonds&#xD;
Test&#xD;
Player Test4 won trick with Jack of Diamonds&#xD;
Test&#xD;
Test&#xD;
Test&#xD;
Player Test1 won trick with Four of Diamonds&#xD;
Test&#xD;
Test&#xD;
Test&#xD;
Player Test1 won trick with Six of Hearts&#xD;
Test&#xD;
Test&#xD;
Test&#xD;
Player Test1 won trick with Ace of Diamonds&#xD;
Test&#xD;
Test&#xD;
Test&#xD;
Player Test1 won trick with Ace of Spades&#xD;
Test&#xD;
Test&#xD;
Player Test4 won trick with King of Clubs&#xD;
Test&#xD;
Test&#xD;
Player Test4 won trick with Queen of Hearts&#xD;
Test&#xD;
Test&#xD;
Player Test1 won trick with Ten of Clubs&#xD;
Test&#xD;
Test&#xD;
Test&#xD;
Player Test1 won trick with Seven of Diamonds&#xD;
Test&#xD;
Test&#xD;
Test&#xD;
Player Test1 won trick with Three of Hearts&#xD;
Player Test3 won trick with Nine of Diamonds&#xD;
Test&#xD;
Test&#xD;
Player Test1 won trick with Ace of Clubs&#xD;
Test&#xD;
Test&#xD;
Player Test1 won trick with Jack of Clubs&#xD;
Test&#xD;
Player Test2 won trick with Jack of Clubs&#xD;
Test&#xD;
Test&#xD;
Test&#xD;
Player Test1 won trick with Three of Diamonds&#xD;
Test&#xD;
Test&#xD;
Test&#xD;
Player Test1 won trick with Jack of Clubs&#xD;
Test&#xD;
Test&#xD;
Player Test1 won trick with Queen of Diamonds&#xD;
Test&#xD;
Test&#xD;
Test&#xD;
Player Test1 won trick with Two of Diamonds&#xD;
Test&#xD;
Test&#xD;
Test&#xD;
Player Test1 won trick with Queen of Clubs&#xD;
Test&#xD;
Test&#xD;
Player Test2 won trick with Eight of Spades&#xD;
Test&#xD;
Test&#xD;
Test&#xD;
Player Test1 won trick with Ten of Clubs&#xD;
Test&#xD;
Test&#xD;
Player Test1 won trick with Queen of Spades&#xD;
Test&#xD;
Test&#xD;
Player Test1 won trick with Ace of Spades&#xD;
Test&#xD;
Test&#xD;
Test&#xD;
Player Test1 won trick with Queen of Diamonds&#xD;
Test&#xD;
Test&#xD;
Test&#xD;
Player Test1 won trick with Queen of Spades&#xD;
Test&#xD;
Player Test2 won trick with King of Diamonds&#xD;
Test&#xD;
Test&#xD;
Player Test4 won trick with Queen of Spades&#xD;
Test&#xD;
Test&#xD;
Test&#xD;
Test&#xD;
Player Test1 won trick with Queen of Spades&#xD;
Test&#xD;
Test&#xD;
Player Test1 won trick with Eight of Spades&#xD;
Test&#xD;
Test&#xD;
Player Test1 won trick with Nine of Clubs&#xD;
Test&#xD;
Test&#xD;
Player Test1 won trick with Jack of Spades&#xD;
Test&#xD;
Test&#xD;
Player Test1 won trick with King of Spades&#xD;
Test&#xD;
Test&#xD;
Player Test1 won trick with Queen of Hearts&#xD;
Test&#xD;
Player Test2 won trick with Jack of Clubs&#xD;
Test&#xD;
Test&#xD;
Player Test1 won trick with Jack of Spades&#xD;
Test&#xD;
Test&#xD;
Test&#xD;
Player Test1 won trick with Ace of Hearts&#xD;
Test&#xD;
Test&#xD;
Test&#xD;
Test&#xD;
Player Test1 won trick with Eight of Clubs&#xD;
Test&#xD;
Player Test4 won trick with Nine of Diamonds&#xD;
Test&#xD;
Test&#xD;
Test&#xD;
Test&#xD;
Player Test1 won trick with Seven of Hearts&#xD;
Test&#xD;
Test&#xD;
Test&#xD;
Player Test4 won trick with Eight of Spades&#xD;
Test&#xD;
Player Test1 won trick with King of Spades&#xD;
Test&#xD;
Test&#xD;
Player Test1 won trick with Ten of Clubs&#xD;
Test&#xD;
Player Test4 won trick with Eight of Clubs&#xD;
Test&#xD;
Test&#xD;
Test&#xD;
Player Test1 won trick with Nine of Diamonds&#xD;
Test&#xD;
Test&#xD;
Test&#xD;
Test&#xD;
Player Test1 won trick with King of Hearts&#xD;
Test&#xD;
Test&#xD;
Player Test2 won trick with Queen of Spades&#xD;
Test&#xD;
Test&#xD;
Test&#xD;
Player Test1 won trick with Eight of Hearts&#xD;
Test&#xD;
Test&#xD;
Test&#xD;
Test&#xD;
Player Test1 won trick with King of Clubs&#xD;
Test&#xD;
Test&#xD;
Player Test1 won trick with Four of Diamonds&#xD;
Test&#xD;
Test&#xD;
Player Test1 won trick with Jack of Clubs&#xD;
Test&#xD;
Test&#xD;
Player Test2 won trick with Ten of Hearts&#xD;
Test&#xD;
Test&#xD;
Test&#xD;
Player Test1 won trick with Six of Spades&#xD;
Test&#xD;
Test&#xD;
Player Test1 won trick with Seven of Spades&#xD;
Test&#xD;
Test&#xD;
Test&#xD;
Player Test1 won trick with Eight of Clubs&#xD;
Test&#xD;
Test&#xD;
Test&#xD;
Player Test1 won trick with Two of Spades&#xD;
Test&#xD;
Test&#xD;
Test&#xD;
Test&#xD;
Player Test1 won trick with Two of Hearts&#xD;
Test&#xD;
Test&#xD;
Player Test4 won trick with Jack of Clubs&#xD;
Test&#xD;
Test&#xD;
Test&#xD;
Player Test1 won trick with Six of Hearts&#xD;
Test&#xD;
Test&#xD;
Test&#xD;
Player Test1 won trick with Six of Spades&#xD;
Test&#xD;
Test&#xD;
Player Test4 won trick with Queen of Clubs&#xD;
Test&#xD;
Test&#xD;
Test&#xD;
Player Test1 won trick with Seven of Clubs&#xD;
Test&#xD;
Test&#xD;
Player Test1 won trick with Jack of Spades&#xD;
Test&#xD;
Test&#xD;
Player Test1 won trick with Six of Diamonds&#xD;
Test&#xD;
Test&#xD;
Player Test1 won trick with Ten of Spades&#xD;
Test&#xD;
Player Test4 won trick with Five of Spades&#xD;
Test&#xD;
Test&#xD;
Player Test1 won trick with Jack of Diamonds&#xD;
Test&#xD;
Test&#xD;
Test&#xD;
Player Test1 won trick with Jack of Spades&#xD;
Test&#xD;
Test&#xD;
Player Test1 won trick with Queen of Clubs&#xD;
Test&#xD;
Test&#xD;
Test&#xD;
Player Test1 won trick with Four of Diamonds&#xD;
Test&#xD;
Test&#xD;
Test&#xD;
Player Test1 won trick with Ace of Spades&#xD;
Test&#xD;
Test&#xD;
Test&#xD;
Player Test1 won trick with Five of Diamonds&#xD;
Test&#xD;
Test&#xD;
Test&#xD;
Player Test1 won trick with Queen of Spades&#xD;
Test&#xD;
Test&#xD;
Test&#xD;
Player Test1 won trick with Queen of Diamonds&#xD;
Test&#xD;
Test&#xD;
Test&#xD;
Player Test1 won trick with Two of Diamonds&#xD;
Test&#xD;
Test&#xD;
Test&#xD;
Player Test1 won trick with Queen of Clubs&#xD;
Test&#xD;
Test&#xD;
Test&#xD;
Player Test1 won trick with Queen of Hearts&#xD;
Test&#xD;
Test&#xD;
Test&#xD;
Test&#xD;
Player Test1 won trick with Three of Hearts&#xD;
Test&#xD;
Test&#xD;
Test&#xD;
Player Test1 won trick with Three of Clubs&#xD;
Test&#xD;
Test&#xD;
Test&#xD;
Player Test1 won trick with Ten of Hearts&#xD;
Test&#xD;
Test&#xD;
Test&#xD;
Test&#xD;
Player Test1 won trick with Queen of Hearts&#xD;
Test&#xD;
Test&#xD;
Player Test2 won trick with Four of Diamonds&#xD;
Test&#xD;
Player Test3 won trick with Jack of Clubs&#xD;
Test&#xD;
Test&#xD;
Test&#xD;
Test&#xD;
Player Test1 won trick with Six of Hearts&#xD;
Test&#xD;
Test&#xD;
Test&#xD;
Player Test2 won trick with Queen of Hearts&#xD;
Test&#xD;
Test&#xD;
Player Test1 won trick with Ace of Spades&#xD;
Test&#xD;
Test&#xD;
Test&#xD;
Player Test1 won trick with Ten of Spades&#xD;
Test&#xD;
Test&#xD;
Player Test3 won trick with Queen of Clubs&#xD;
Test&#xD;
Test&#xD;
Test&#xD;
Player Test1 won trick with Ace of Spades&#xD;
Test&#xD;
Test&#xD;
Player Test1 won trick with Queen of Spades&#xD;
Test&#xD;
Player Test1 won trick with Nine of Clubs&#xD;
Test&#xD;
Test&#xD;
Test&#xD;
Test&#xD;
Player Test1 won trick with Five of Spades&#xD;
Test&#xD;
Test&#xD;
Test&#xD;
Player Test1 won trick with Five of Spades&#xD;
Test&#xD;
Test&#xD;
Player Test4 won trick with Three of Clubs&#xD;
Test&#xD;
Player Test1 won trick with Eight of Spades&#xD;
Test&#xD;
Test&#xD;
Test&#xD;
Test&#xD;
Player Test1 won trick with Five of Hearts&#xD;
Test&#xD;
Test&#xD;
Player Test1 won trick with Seven of Clubs&#xD;
Test&#xD;
Player Test4 won trick with Ace of Clubs&#xD;
Test&#xD;
Test&#xD;
Player Test4 won trick with Ten of Diamonds&#xD;
Test&#xD;
Test&#xD;
Player Test3 won trick with Nine of Clubs&#xD;
Test&#xD;
Player Test2 won trick with Queen of Diamonds&#xD;
Test&#xD;
Player Test1 won trick with Jack of Hearts&#xD;
Test&#xD;
Player Test3 won trick with Jack of Diamonds&#xD;
Test&#xD;
Test&#xD;
Player Test1 won trick with Jack of Diamonds&#xD;
Test&#xD;
Test&#xD;
Test&#xD;
Player Test1 won trick with Five of Hearts&#xD;
Test&#xD;
Test&#xD;
Test&#xD;
Player Test1 won trick with Three of Diamonds&#xD;
Test&#xD;
Test&#xD;
Test&#xD;
Test&#xD;
Player Test1 won trick with King of Hearts&#xD;
Test&#xD;
Test&#xD;
Player Test4 won trick with Nine of Spades&#xD;
Test&#xD;
Test&#xD;
Test&#xD;
Player Test1 won trick with Nine of Diamonds&#xD;
Test&#xD;
Test&#xD;
Test&#xD;
Test&#xD;
Player Test1 won trick with Ten of Hearts&#xD;
Test&#xD;
Test&#xD;
Test&#xD;
Test&#xD;
Player Test1 won trick with Queen of Hearts&#xD;
Test&#xD;
Test&#xD;
Test&#xD;
Player Test1 won trick with Two of Diamonds&#xD;
Test&#xD;
Test&#xD;
Test&#xD;
Test&#xD;
Player Test1 won trick with Two of Diamonds&#xD;
Test&#xD;
Test&#xD;
Test&#xD;
Player Test2 won trick with Jack of Hearts&#xD;
Test&#xD;
Test&#xD;
Test&#xD;
Test&#xD;
Player Test1 won trick with Seven of Hearts&#xD;
Test&#xD;
Test&#xD;
Test&#xD;
Player Test1 won trick with Four of Spades&#xD;
Test&#xD;
Test&#xD;
Test&#xD;
Player Test2 won trick with Ace of Hearts&#xD;
Test&#xD;
Test&#xD;
Test&#xD;
Player Test1 won trick with Four of Clubs&#xD;
Test&#xD;
Test&#xD;
Test&#xD;
Player Test1 won trick with King of Diamonds&#xD;
Test&#xD;
Test&#xD;
Test&#xD;
Player Test1 won trick with Six of Clubs&#xD;
Test&#xD;
Test&#xD;
Test&#xD;
Player Test1 won trick with Four of Diamonds&#xD;
Test&#xD;
Test&#xD;
Player Test4 won trick with Ten of Spades&#xD;
Test&#xD;
Test&#xD;
Test&#xD;
Player Test1 won trick with Jack of Clubs&#xD;
Test&#xD;
Test&#xD;
Test&#xD;
Player Test1 won trick with Ace of Diamonds&#xD;
Test&#xD;
Test&#xD;
Player Test3 won trick with King of Hearts&#xD;
Test&#xD;
Test&#xD;
Test&#xD;
Test&#xD;
Player Test1 won trick with King of Hearts&#xD;
Test&#xD;
Test&#xD;
Player Test1 won trick with Queen of Diamonds&#xD;
Test&#xD;
Test&#xD;
Player Test1 won trick with Six of Clubs&#xD;
Test&#xD;
Test&#xD;
Test&#xD;
Player Test4 won trick with King of Hearts&#xD;
Test&#xD;
Test&#xD;
Test&#xD;
Player Test1 won trick with Ace of Hearts&#xD;
Test&#xD;
Player Test4 won trick with Queen of Clubs&#xD;
Test&#xD;
Test&#xD;
Test&#xD;
Player Test1 won trick with Four of Spades&#xD;
Test&#xD;
Test&#xD;
Test&#xD;
Player Test1 won trick with Eight of Diamonds&#xD;
Test&#xD;
Test&#xD;
Test&#xD;
Player Test1 won trick with Nine of Diamonds&#xD;
Test&#xD;
Test&#xD;
Test&#xD;
Test&#xD;
Player Test1 won trick with Nine of Hearts&#xD;
Test&#xD;
Player Test2 won trick with Seven of Clubs&#xD;
Test&#xD;
Test&#xD;
Test&#xD;
Test&#xD;
Player Test1 won trick with Four of Hearts&#xD;
Player Test2 won trick with Six of Clubs&#xD;
Test&#xD;
Test&#xD;
Test&#xD;
Player Test1 won trick with Three of Clubs&#xD;
Test&#xD;
Player Test3 won trick with King of Diamonds&#xD;
Test&#xD;
Test&#xD;
Player Test1 won trick with Ten of Spades&#xD;
Test&#xD;
Test&#xD;
Test&#xD;
Player Test1 won trick with Nine of Hearts&#xD;
Test&#xD;
Test&#xD;
Test&#xD;
Test&#xD;
Player Test1 won trick with Three of Hearts&#xD;
Test&#xD;
Test&#xD;
Player Test1 won trick with Two of Clubs&#xD;
Test&#xD;
Test&#xD;
Player Test3 won trick with Ten of Hearts&#xD;
Test&#xD;
Test&#xD;
Test&#xD;
Player Test1 won trick with Six of Diamonds&#xD;
Test&#xD;
Test&#xD;
Test&#xD;
Player Test1 won trick with Nine of Spades&#xD;
Test&#xD;
Test&#xD;
Test&#xD;
Test&#xD;
Player Test1 won trick with Six of Hearts&#xD;
Test&#xD;
Test&#xD;
Test&#xD;
Player Test1 won trick with Nine of Clubs&#xD;
Test&#xD;
Test&#xD;
Test&#xD;
Player Test1 won trick with Ace of Hearts&#xD;
Test&#xD;
Test&#xD;
Player Test4 won trick with King of Clubs&#xD;
Test&#xD;
Player Test4 won trick with Nine of Spades&#xD;
Test&#xD;
Player Test2 won trick with Nine of Spades&#xD;
Test&#xD;
Test&#xD;
Test&#xD;
Player Test3 won trick with Queen of Spades&#xD;
Test&#xD;
Test&#xD;
Test&#xD;
Player Test1 won trick with Ten of Clubs&#xD;
Test&#xD;
Test&#xD;
Test&#xD;
Player Test1 won trick with Seven of Clubs&#xD;
Test&#xD;
Test&#xD;
Test&#xD;
Player Test1 won trick with Three of Diamonds&#xD;
Test&#xD;
Test&#xD;
Test&#xD;
Test&#xD;
Player Test1 won trick with King of Hearts&#xD;
Test&#xD;
Test&#xD;
Test&#xD;
Test&#xD;
Player Test1 won trick with Ten of Hearts&#xD;
Test&#xD;
Player Test2 won trick with Eight of Clubs&#xD;
Test&#xD;
Test&#xD;
Test&#xD;
Player Test1 won trick with Ten of Spades&#xD;
Test&#xD;
Test&#xD;
Test&#xD;
Player Test1 won trick with Ten of Clubs&#xD;
Test&#xD;
Test&#xD;
Test&#xD;
Test&#xD;
Player Test1 won trick with King of Hearts&#xD;
Test&#xD;
Test&#xD;
Test&#xD;
Test&#xD;
Player Test1 won trick with Ten of Diamonds&#xD;
Test&#xD;
Test&#xD;
Test&#xD;
Player Test3 won trick with Jack of Hearts&#xD;
Test&#xD;
Test&#xD;
Test&#xD;
Player Test1 won trick with Six of Spades&#xD;
Test&#xD;
Test&#xD;
Test&#xD;
Player Test1 won trick with Ace of Diamonds&#xD;
Test&#xD;
Test&#xD;
Test&#xD;
Player Test1 won trick with Ten of Clubs&#xD;
Test&#xD;
Player Test3 won trick with Queen of Diamonds&#xD;
Test&#xD;
Test&#xD;
Test&#xD;
Player Test1 won trick with Jack of Diamonds&#xD;
Test&#xD;
Test&#xD;
Player Test1 won trick with Eight of Diamonds&#xD;
Test&#xD;
Test&#xD;
Test&#xD;
Player Test1 won trick with Five of Clubs&#xD;
Test&#xD;
Test&#xD;
Test&#xD;
Player Test1 won trick with Ace of Clubs&#xD;
Test&#xD;
Player Test1 won trick with Eight of Clubs&#xD;
Test&#xD;
Test&#xD;
Test&#xD;
Player Test1 won trick with Seven of Clubs&#xD;
Test&#xD;
Player Test4 won trick with Jack of Clubs&#xD;
Test&#xD;
Test&#xD;
Player Test1 won trick with Six of Clubs&#xD;
Test&#xD;
Player Test2 won trick with Ten of Hearts&#xD;
Test&#xD;
Test&#xD;
Test&#xD;
Player Test3 won trick with Six of Hearts&#xD;
Test&#xD;
Test&#xD;
Test&#xD;
Test&#xD;
Player Test1 won trick with Nine of Hearts&#xD;
Test&#xD;
Player Test1 won trick with Nine of Diamonds&#xD;
Test&#xD;
Test&#xD;
Test&#xD;
Player Test1 won trick with Jack of Spades&#xD;
Test&#xD;
Test&#xD;
Test&#xD;
Player Test1 won trick with Ten of Spades&#xD;
Test&#xD;
Test&#xD;
Test&#xD;
Player Test1 won trick with Queen of Hearts&#xD;
Test&#xD;
Player Test4 won trick with King of Hearts&#xD;
Test&#xD;
Test&#xD;
Test&#xD;
Player Test1 won trick with Two of Clubs&#xD;
Test&#xD;
Test&#xD;
Player Test1 won trick with Three of Spades&#xD;
Test&#xD;
Test&#xD;
Player Test1 won trick with Queen of Spades&#xD;
Test&#xD;
Test&#xD;
Test&#xD;
Player Test1 won trick with Nine of Diamonds&#xD;
Test&#xD;
Test&#xD;
Test&#xD;
Player Test1 won trick with Eight of Spades&#xD;
Test&#xD;
Player Test4 won trick with Ace of Diamonds&#xD;
Test&#xD;
Test&#xD;
Test&#xD;
Test&#xD;
Player Test1 won trick with Ten of Hearts&#xD;
Test&#xD;
Test&#xD;
Player Test4 won trick with Eight of Diamonds&#xD;
Test&#xD;
Test&#xD;
Test&#xD;
Test&#xD;
Player Test1 won trick with Jack of Hearts&#xD;
Test&#xD;
Test&#xD;
Test&#xD;
Player Test1 won trick with Eight of Spades&#xD;
Test&#xD;
Test&#xD;
Test&#xD;
Player Test1 won trick with Five of Diamonds&#xD;
Test&#xD;
Test&#xD;
Test&#xD;
Player Test1 won trick with Nine of Hearts&#xD;
Test&#xD;
Test&#xD;
Test&#xD;
Test&#xD;
Player Test1 won trick with Ten of Clubs&#xD;
Test&#xD;
Test&#xD;
Player Test4 won trick with Eight of Spades&#xD;
Player Test1 won trick with Ace of Clubs&#xD;
Test&#xD;
Test&#xD;
Test&#xD;
Test&#xD;
Player Test1 won trick with Nine of Hearts&#xD;
Test&#xD;
Test&#xD;
Player Test4 won trick with Ace of Clubs&#xD;
Test&#xD;
Test&#xD;
Test&#xD;
Test&#xD;
Player Test1 won trick with Ace of Hearts&#xD;
Test&#xD;
Test&#xD;
Test&#xD;
Test&#xD;
Player Test1 won trick with Six of Spades&#xD;
Test&#xD;
Test&#xD;
Test&#xD;
Test&#xD;
Player Test1 won trick with Six of Hearts&#xD;
Test&#xD;
Player Test2 won trick with King of Diamonds&#xD;
Test&#xD;
Test&#xD;
Test&#xD;
Test&#xD;
Player Test1 won trick with Two of Hearts&#xD;
Test&#xD;
Test&#xD;
Test&#xD;
Player Test1 won trick with Six of Diamonds&#xD;
Test&#xD;
Test&#xD;
Test&#xD;
Player Test1 won trick with Nine of Diamonds&#xD;
Test&#xD;
Test&#xD;
Test&#xD;
Player Test1 won trick with Jack of Hearts&#xD;
Test&#xD;
Test&#xD;
Test&#xD;
Player Test1 won trick with Ten of Clubs&#xD;
Test&#xD;
Test&#xD;
Player Test2 won trick with Queen of Clubs&#xD;
Test&#xD;
Test&#xD;
Test&#xD;
Player Test1 won trick with Eight of Spades&#xD;
Test&#xD;
Test&#xD;
Player Test2 won trick with Seven of Clubs&#xD;
Test&#xD;
Test&#xD;
Test&#xD;
Player Test1 won trick with Nine of Spades&#xD;
Test&#xD;
Test&#xD;
Test&#xD;
Player Test1 won trick with Ten of Diamonds&#xD;
Test&#xD;
Test&#xD;
Test&#xD;
Player Test1 won trick with Ten of Hearts&#xD;
Test&#xD;
Test&#xD;
Test&#xD;
Test&#xD;
Player Test1 won trick with Four of Diamonds&#xD;
Test&#xD;
Test&#xD;
Test&#xD;
Player Test1 won trick with Ten of Diamonds&#xD;
Test&#xD;
Test&#xD;
Test&#xD;
Player Test3 won trick with Queen of Hearts&#xD;
Test&#xD;
Test&#xD;
Player Test1 won trick with King of Clubs&#xD;
Test&#xD;
Test&#xD;
Player Test2 won trick with Ten of Diamonds&#xD;
Test&#xD;
Test&#xD;
Player Test1 won trick with Ten of Clubs&#xD;
Test&#xD;
Test&#xD;
Player Test1 won trick with Ace of Spades&#xD;
Test&#xD;
Test&#xD;
Test&#xD;
Player Test1 won trick with Jack of Diamonds&#xD;
Test&#xD;
Test&#xD;
Test&#xD;
Test&#xD;
Player Test1 won trick with Five of Hearts&#xD;
Test&#xD;
Test&#xD;
Test&#xD;
Player Test3 won trick with Jack of Hearts&#xD;
Test&#xD;
Test&#xD;
Test&#xD;
Test&#xD;
Player Test1 won trick with Ace of Hearts&#xD;
Test&#xD;
Test&#xD;
Player Test3 won trick with Ace of Spades&#xD;
Test&#xD;
Test&#xD;
Test&#xD;
Player Test1 won trick with Ten of Diamonds&#xD;
Test&#xD;
Test&#xD;
Test&#xD;
Player Test1 won trick with Six of Diamonds&#xD;
Test&#xD;
Test&#xD;
Test&#xD;
Player Test1 won trick with Ace of Clubs&#xD;
Test&#xD;
Test&#xD;
Test&#xD;
Test&#xD;
Player Test1 won trick with Seven of Hearts&#xD;
Test&#xD;
Test&#xD;
Player Test1 won trick with Six of Clubs&#xD;
Test&#xD;
Test&#xD;
Test&#xD;
Player Test1 won trick with Nine of Diamonds&#xD;
Test&#xD;
Test&#xD;
Player Test4 won trick with King of Clubs&#xD;
Test&#xD;
Test&#xD;
Test&#xD;
Player Test1 won trick with Jack of Diamonds&#xD;
Test&#xD;
Test&#xD;
Test&#xD;
Player Test1 won trick with Seven of Clubs&#xD;
Test&#xD;
Test&#xD;
Test&#xD;
Player Test1 won trick with Queen of Spades&#xD;
Test&#xD;
Test&#xD;
Test&#xD;
Player Test1 won trick with Two of Clubs&#xD;
Test&#xD;
Test&#xD;
Player Test1 won trick with Ten of Spades&#xD;
Test&#xD;
Test&#xD;
Test&#xD;
Player Test2 won trick with Jack of Hearts&#xD;
Test&#xD;
Test&#xD;
Test&#xD;
Player Test4 won trick with Jack of Hearts&#xD;
Test&#xD;
Test&#xD;
Test&#xD;
Test&#xD;
Player Test1 won trick with Four of Hearts&#xD;
Test&#xD;
Test&#xD;
Player Test1 won trick with King of Spades&#xD;
Test&#xD;
Test&#xD;
Test&#xD;
Player Test1 won trick with Five of Hearts&#xD;
Test&#xD;
Test&#xD;
Test&#xD;
Test&#xD;
Player Test1 won trick with Ten of Clubs&#xD;
Test&#xD;
Test&#xD;
Test&#xD;
Player Test1 won trick with Seven of Diamonds&#xD;
Test&#xD;
Test&#xD;
Player Test1 won trick with Ace of Clubs&#xD;
Test&#xD;
Test&#xD;
Test&#xD;
Player Test4 won trick with Ace of Hearts&#xD;
Test&#xD;
Test&#xD;
Test&#xD;
Player Test1 won trick with Four of Clubs&#xD;
Test&#xD;
Test&#xD;
Test&#xD;
Player Test1 won trick with Queen of Diamonds&#xD;
Test&#xD;
Player Test4 won trick with Nine of Spades&#xD;
Test&#xD;
Test&#xD;
Test&#xD;
Player Test1 won trick with Eight of Spades&#xD;
Test&#xD;
Test&#xD;
Test&#xD;
Test&#xD;
Player Test1 won trick with Six of Hearts&#xD;
Test&#xD;
Test&#xD;
Player Test1 won trick with Ace of Spades&#xD;
Test&#xD;
Test&#xD;
Test&#xD;
Test&#xD;
Player Test1 won trick with King of Hearts&#xD;
Test&#xD;
Test&#xD;
Test&#xD;
Player Test1 won trick with Jack of Diamonds&#xD;
Test&#xD;
Test&#xD;
Test&#xD;
Player Test1 won trick with Three of Diamonds&#xD;
Test&#xD;
Test&#xD;
Player Test1 won trick with King of Clubs&#xD;
Test&#xD;
Test&#xD;
Player Test2 won trick with Jack of Diamonds&#xD;
Test&#xD;
Test&#xD;
Player Test1 won trick with Jack of Diamonds&#xD;
Test&#xD;
Player Test4 won trick with Nine of Diamonds&#xD;
Test&#xD;
Player Test2 won trick with Ace of Spades&#xD;
Test&#xD;
Player Test3 won trick with Queen of Clubs&#xD;
Test&#xD;
Test&#xD;
Test&#xD;
Player Test1 won trick with Nine of Clubs&#xD;
Test&#xD;
Test&#xD;
Test&#xD;
Test&#xD;
Player Test1 won trick with Seven of Hearts&#xD;
Test&#xD;
Player Test2 won trick with Jack of Clubs&#xD;
Test&#xD;
Test&#xD;
Player Test2 won trick with Jack of Clubs&#xD;
Test&#xD;
Test&#xD;
Test&#xD;
Player Test1 won trick with Seven of Hearts&#xD;
Test&#xD;
Test&#xD;
Test&#xD;
Test&#xD;
Player Test1 won trick with King of Clubs&#xD;
Test&#xD;
Test&#xD;
Test&#xD;
Player Test1 won trick with Queen of Clubs&#xD;
Test&#xD;
Player Test3 won trick with Eight of Clubs&#xD;
Test&#xD;
Test&#xD;
Test&#xD;
Player Test1 won trick with Jack of Clubs&#xD;
Test&#xD;
Test&#xD;
Test&#xD;
Test&#xD;
Player Test1 won trick with Ace of Hearts&#xD;
Test&#xD;
Test&#xD;
Test&#xD;
Player Test1 won trick with Ten of Diamonds&#xD;
Test&#xD;
Player Test4 won trick with King of Clubs&#xD;
Test&#xD;
Test&#xD;
Player Test3 won trick with Ace of Clubs&#xD;
Test&#xD;
Test&#xD;
Test&#xD;
Test&#xD;
Player Test1 won trick with Queen of Clubs&#xD;
Test&#xD;
Test&#xD;
Test&#xD;
Test&#xD;
Player Test1 won trick with Nine of Hearts&#xD;
Test&#xD;
Test&#xD;
Test&#xD;
Player Test3 won trick with Ace of Hearts&#xD;
Test&#xD;
Test&#xD;
Player Test4 won trick with Ace of Diamonds&#xD;
Test&#xD;
Test&#xD;
Player Test4 won trick with Eight of Spades&#xD;
Test&#xD;
Test&#xD;
Player Test4 won trick with Ace of Hearts&#xD;
Test&#xD;
Test&#xD;
Test&#xD;
Test&#xD;
Player Test1 won trick with Two of Hearts&#xD;
Test&#xD;
Test&#xD;
Player Test1 won trick with Ace of Diamonds&#xD;
Test&#xD;
Test&#xD;
Player Test1 won trick with Queen of Clubs&#xD;
Test&#xD;
Test&#xD;
Player Test1 won trick with Four of Hearts&#xD;
Test&#xD;
Test&#xD;
Test&#xD;
Player Test1 won trick with Eight of Clubs&#xD;
Test&#xD;
Test&#xD;
Test&#xD;
Test&#xD;
Player Test1 won trick with King of Hearts&#xD;
Test&#xD;
Test&#xD;
Test&#xD;
Player Test3 won trick with Ten of Hearts&#xD;
Test&#xD;
Test&#xD;
Test&#xD;
Player Test2 won trick with King of Hearts&#xD;
Test&#xD;
Player Test2 won trick with Queen of Clubs&#xD;
Test&#xD;
Test&#xD;
Test&#xD;
Player Test1 won trick with Queen of Hearts&#xD;
Test&#xD;
Test&#xD;
Test&#xD;
Player Test1 won trick with Ace of Clubs&#xD;
Test&#xD;
Test&#xD;
Test&#xD;
Player Test1 won trick with Eight of Diamonds&#xD;
Test&#xD;
Test&#xD;
Player Test1 won trick with Nine of Diamonds&#xD;
Test&#xD;
Test&#xD;
Test&#xD;
Test&#xD;
Player Test1 won trick with Eight of Spades&#xD;
Test&#xD;
Test&#xD;
Player Test2 won trick with Ten of Clubs&#xD;
Test&#xD;
Test&#xD;
Player Test1 won trick with Jack of Hearts&#xD;
Test&#xD;
Test&#xD;
Test&#xD;
Player Test1 won trick with Five of Diamonds&#xD;
Test&#xD;
Test&#xD;
Test&#xD;
Player Test1 won trick with King of Clubs&#xD;
Player Test2 won trick with Queen of Spades&#xD;
Test&#xD;
Test&#xD;
Test&#xD;
Player Test1 won trick with Jack of Clubs&#xD;
Test&#xD;
Player Test1 won trick with Nine of Diamonds&#xD;
Test&#xD;
Test&#xD;
Test&#xD;
Player Test1 won trick with Seven of Hearts&#xD;
Test&#xD;
Test&#xD;
Test&#xD;
Test&#xD;
Player Test1 won trick with Jack of Hearts&#xD;
Test&#xD;
Test&#xD;
Test&#xD;
Player Test1 won trick with Three of Diamonds&#xD;
Test&#xD;
Test&#xD;
Test&#xD;
Test&#xD;
Player Test1 won trick with Seven of Hearts&#xD;
Test&#xD;
Test&#xD;
Test&#xD;
Player Test1 won trick with King of Diamonds&#xD;
Test&#xD;
Test&#xD;
Test&#xD;
Test&#xD;
Player Test1 won trick with Ace of Hearts&#xD;
Test&#xD;
Test&#xD;
Test&#xD;
Player Test1 won trick with Jack of Diamonds&#xD;
Test&#xD;
Test&#xD;
Test&#xD;
Player Test1 won trick with Six of Clubs&#xD;
Test&#xD;
Test&#xD;
Test&#xD;
Player Test1 won trick with Seven of Diamonds&#xD;
Test&#xD;
Test&#xD;
Player Test4 won trick with Ten of Hearts&#xD;
Test&#xD;
Test&#xD;
Test&#xD;
Player Test1 won trick with Two of Clubs&#xD;
Test&#xD;
Test&#xD;
Test&#xD;
Player Test1 won trick with Seven of Spades&#xD;
Test&#xD;
Test&#xD;
Test&#xD;
Player Test1 won trick with Jack of Diamonds&#xD;
Test&#xD;
Test&#xD;
Test&#xD;
Player Test1 won trick with Four of Hearts&#xD;
Test&#xD;
Player Test1 won trick with King of Spades&#xD;
Test&#xD;
Test&#xD;
Player Test1 won trick with King of Diamonds&#xD;
Test&#xD;
Player Test1 won trick with Ace of Diamonds&#xD;
Test&#xD;
Test&#xD;
Test&#xD;
Player Test1 won trick with Nine of Spades&#xD;
Test&#xD;
Player Test1 won trick with Four of Clubs&#xD;
Test&#xD;
Test&#xD;
Player Test1 won trick with Ace of Diamonds&#xD;
Test&#xD;
Test&#xD;
Player Test1 won trick with Five of Clubs&#xD;
Test&#xD;
Test&#xD;
Test&#xD;
Player Test1 won trick with Jack of Spades&#xD;
Test&#xD;
Test&#xD;
Test&#xD;
Player Test1 won trick with Two of Clubs&#xD;
Test&#xD;
Test&#xD;
Player Test4 won trick with King of Hearts&#xD;
Test&#xD;
Test&#xD;
Test&#xD;
Player Test1 won trick with Ten of Clubs&#xD;
Test&#xD;
Test&#xD;
Test&#xD;
Player Test1 won trick with King of Diamonds&#xD;
Test&#xD;
Test&#xD;
Test&#xD;
Player Test1 won trick with Seven of Diamonds&#xD;
Test&#xD;
Test&#xD;
Player Test4 won trick with Queen of Spades&#xD;
Test&#xD;
Player Test4 won trick with Ten of Clubs&#xD;
Test&#xD;
Player Test1 won trick with Nine of Clubs&#xD;
Test&#xD;
Test&#xD;
Test&#xD;
Player Test1 won trick with Five of Spades&#xD;
Test&#xD;
Test&#xD;
Player Test1 won trick with Nine of Clubs&#xD;
Test&#xD;
Test&#xD;
Test&#xD;
Player Test1 won trick with Seven of Clubs&#xD;
Test&#xD;
Test&#xD;
Test&#xD;
Player Test3 won trick with Nine of Hearts&#xD;
Test&#xD;
Test&#xD;
Test&#xD;
Player Test1 won trick with Three of Diamonds&#xD;
Test&#xD;
Test&#xD;
Player Test3 won trick with Ace of Hearts&#xD;
Test&#xD;
Test&#xD;
Player Test3 won trick with Nine of Diamonds&#xD;
Test&#xD;
Test&#xD;
Test&#xD;
Player Test1 won trick with Ten of Diamonds&#xD;
Test&#xD;
Test&#xD;
Test&#xD;
Test&#xD;
Player Test1 won trick with King of Hearts&#xD;
Test&#xD;
Test&#xD;
Test&#xD;
Test&#xD;
Player Test1 won trick with Nine of Hearts&#xD;
Test&#xD;
Test&#xD;
Test&#xD;
Player Test1 won trick with Queen of Diamonds&#xD;
Test&#xD;
Test&#xD;
Test&#xD;
Player Test1 won trick with Seven of Diamonds&#xD;
Test&#xD;
Test&#xD;
Test&#xD;
Player Test1 won trick with King of Spades&#xD;
Test&#xD;
Test&#xD;
Test&#xD;
Player Test1 won trick with Nine of Spades&#xD;
Test&#xD;
Test&#xD;
Test&#xD;
Player Test1 won trick with Jack of Hearts&#xD;
Test&#xD;
Test&#xD;
Test&#xD;
Player Test1 won trick with Nine of Spades&#xD;
Test&#xD;
Test&#xD;
Player Test2 won trick with Eight of Diamonds&#xD;
Test&#xD;
Test&#xD;
Player Test2 won trick with Eight of Diamonds&#xD;
Test&#xD;
Test&#xD;
Player Test1 won trick with King of Clubs&#xD;
Test&#xD;
Test&#xD;
Test&#xD;
Player Test1 won trick with King of Hearts&#xD;
Test&#xD;
Test&#xD;
Player Test1 won trick with Seven of Diamonds&#xD;
Test&#xD;
Player Test3 won trick with Ace of Clubs&#xD;
Test&#xD;
Test&#xD;
Player Test1 won trick with Ace of Diamonds&#xD;
Test&#xD;
Test&#xD;
Player Test1 won trick with King of Clubs&#xD;
Test&#xD;
Test&#xD;
Player Test1 won trick with Eight of Diamonds&#xD;
Test&#xD;
Test&#xD;
Player Test2 won trick with Jack of Clubs&#xD;
Test&#xD;
Test&#xD;
Test&#xD;
Test&#xD;
Player Test1 won trick with Three of Hearts&#xD;
Test&#xD;
Test&#xD;
Test&#xD;
Player Test1 won trick with Eight of Spades&#xD;
Test&#xD;
Test&#xD;
Test&#xD;
Test&#xD;
Player Test1 won trick with Seven of Hearts&#xD;
Test&#xD;
Test&#xD;
Player Test1 won trick with Nine of Clubs&#xD;
Test&#xD;
Test&#xD;
Test&#xD;
Player Test1 won trick with Ace of Diamonds&#xD;
Test&#xD;
Test&#xD;
Test&#xD;
Player Test1 won trick with Nine of Diamonds&#xD;
Test&#xD;
Test&#xD;
Test&#xD;
Test&#xD;
Player Test1 won trick with King of Spades&#xD;
Test&#xD;
Player Test3 won trick with King of Spades&#xD;
Test&#xD;
Test&#xD;
Test&#xD;
Player Test1 won trick with Three of Spades&#xD;
Test&#xD;
Test&#xD;
Player Test1 won trick with King of Clubs&#xD;
Test&#xD;
Test&#xD;
Test&#xD;
Player Test4 won trick with Five of Hearts&#xD;
Test&#xD;
Test&#xD;
Player Test1 won trick with Seven of Diamonds&#xD;
Test&#xD;
Player Test3 won trick with Jack of Diamonds&#xD;
Test&#xD;
Player Test3 won trick with Eight of Clubs&#xD;
Test&#xD;
Test&#xD;
Test&#xD;
Player Test2 won trick with King of Hearts&#xD;
Test&#xD;
Test&#xD;
Player Test1 won trick with Nine of Diamonds&#xD;
Test&#xD;
Test&#xD;
Test&#xD;
Player Test1 won trick with Eight of Diamonds&#xD;
Test&#xD;
Test&#xD;
Test&#xD;
Player Test1 won trick with Five of Clubs&#xD;
Test&#xD;
Test&#xD;
Player Test1 won trick with Six of Diamonds&#xD;
Test&#xD;
Test&#xD;
Test&#xD;
Player Test1 won trick with Jack of Diamonds&#xD;
Test&#xD;
Test&#xD;
Test&#xD;
Player Test1 won trick with Eight of Clubs&#xD;
Test&#xD;
Test&#xD;
Test&#xD;
Player Test1 won trick with King of Hearts&#xD;
Test&#xD;
Test&#xD;
Player Test2 won trick with King of Diamonds&#xD;
Test&#xD;
Test&#xD;
Player Test1 won trick with Seven of Spades&#xD;
Test&#xD;
Test&#xD;
Player Test3 won trick with Ace of Clubs&#xD;
Test&#xD;
Player Test1 won trick with Ten of Spades&#xD;
Test&#xD;
Test&#xD;
Test&#xD;
Player Test1 won trick with Nine of Diamonds&#xD;
Test&#xD;
Player Test4 won trick with Ace of Diamonds&#xD;
Test&#xD;
Test&#xD;
Player Test1 won trick with King of Clubs&#xD;
Test&#xD;
Test&#xD;
Test&#xD;
Test&#xD;
Player Test1 won trick with Ten of Hearts&#xD;
Test&#xD;
Player Test3 won trick with Eight of Hearts&#xD;
Test&#xD;
Test&#xD;
Test&#xD;
Player Test1 won trick with Three of Diamonds&#xD;
Test&#xD;
Test&#xD;
Player Test1 won trick with Nine of Clubs&#xD;
Test&#xD;
Test&#xD;
Test&#xD;
Player Test1 won trick with Six of Diamonds&#xD;
Test&#xD;
Test&#xD;
Test&#xD;
Player Test1 won trick with Seven of Spades&#xD;
Test&#xD;
Player Test2 won trick with Seven of Clubs&#xD;
Test&#xD;
Player Test1 won trick with Seven of Hearts&#xD;
Test&#xD;
Player Test1 won trick with Ace of Clubs&#xD;
Test&#xD;
Test&#xD;
Test&#xD;
Test&#xD;
Player Test1 won trick with Four of Hearts&#xD;
Test&#xD;
Test&#xD;
Player Test1 won trick with Jack of Spades&#xD;
Test&#xD;
Test&#xD;
Test&#xD;
Test&#xD;
Player Test1 won trick with Ten of Hearts&#xD;
Test&#xD;
Test&#xD;
Test&#xD;
Player Test1 won trick with Seven of Spades&#xD;
Test&#xD;
Test&#xD;
Player Test1 won trick with Ace of Clubs&#xD;
Test&#xD;
Test&#xD;
Player Test1 won trick with Seven of Diamonds&#xD;
Test&#xD;
Test&#xD;
Player Test3 won trick with Seven of Diamonds&#xD;
Test&#xD;
Test&#xD;
Player Test3 won trick with Ten of Hearts&#xD;
Test&#xD;
Test&#xD;
Player Test3 won trick with Ten of Clubs&#xD;
Test&#xD;
Test&#xD;
Player Test1 won trick with Ace of Clubs&#xD;
Test&#xD;
Test&#xD;
Test&#xD;
Test&#xD;
Player Test1 won trick with Eight of Clubs&#xD;
Test&#xD;
Test&#xD;
Test&#xD;
Player Test1 won trick with Four of Spades&#xD;
Test&#xD;
Test&#xD;
Test&#xD;
Player Test3 won trick with Three of Diamonds&#xD;
Test&#xD;
Player Test4 won trick with Eight of Diamonds&#xD;
Test&#xD;
Test&#xD;
Test&#xD;
Player Test1 won trick with Ace of Diamonds&#xD;
Test&#xD;
Test&#xD;
Test&#xD;
Player Test1 won trick with Eight of Hearts&#xD;
Test&#xD;
Player Test4 won trick with Eight of Diamonds&#xD;
Test&#xD;
Test&#xD;
Test&#xD;
Player Test1 won trick with Seven of Spades&#xD;
Test&#xD;
Test&#xD;
Test&#xD;
Test&#xD;
Player Test1 won trick with Queen of Hearts&#xD;
Test&#xD;
Test&#xD;
Test&#xD;
Player Test1 won trick with Eight of Diamonds&#xD;
Test&#xD;
Test&#xD;
Test&#xD;
Player Test1 won trick with Eight of Clubs&#xD;
Test&#xD;
Test&#xD;
Test&#xD;
Test&#xD;
Player Test1 won trick with Ten of Hearts&#xD;
Test&#xD;
Test&#xD;
Player Test1 won trick with Eight of Clubs&#xD;
Test&#xD;
Test&#xD;
Test&#xD;
Player Test1 won trick with Queen of Spades&#xD;
Test&#xD;
Player Test2 won trick with Jack of Spades&#xD;
Test&#xD;
Test&#xD;
Test&#xD;
Player Test1 won trick with Jack of Spades&#xD;
Test&#xD;
Test&#xD;
Test&#xD;
Player Test1 won trick with Two of Hearts&#xD;
Test&#xD;
Test&#xD;
Test&#xD;
Player Test1 won trick with Two of Clubs&#xD;
Test&#xD;
Test&#xD;
Test&#xD;
Player Test1 won trick with Three of Diamonds&#xD;
Test&#xD;
Player Test1 won trick with Four of Diamonds&#xD;
Test&#xD;
Test&#xD;
Test&#xD;
Player Test1 won trick with King of Spades&#xD;
Test&#xD;
Test&#xD;
Test&#xD;
Player Test1 won trick with Four of Spades&#xD;
Test&#xD;
Test&#xD;
Player Test1 won trick with King of Spades&#xD;
Test&#xD;
Test&#xD;
Player Test1 won trick with Ace of Clubs&#xD;
Test&#xD;
Player Test2 won trick with King of Diamonds&#xD;
Test&#xD;
Test&#xD;
Player Test1 won trick with Eight of Spades&#xD;
Test&#xD;
Test&#xD;
Player Test1 won trick with King of Spades&#xD;
Test&#xD;
Test&#xD;
Player Test3 won trick with Ace of Diamonds&#xD;
Test&#xD;
Test&#xD;
Test&#xD;
Player Test1 won trick with Ace of Clubs&#xD;
Test&#xD;
Test&#xD;
Test&#xD;
Player Test1 won trick with Ten of Diamonds&#xD;
Test&#xD;
Test&#xD;
Player Test4 won trick with Jack of Clubs&#xD;
Test&#xD;
Test&#xD;
Player Test1 won trick with Ace of Clubs&#xD;
Test&#xD;
Test&#xD;
Test&#xD;
Player Test1 won trick with Nine of Clubs&#xD;
Test&#xD;
Player Test1 won trick with King of Diamonds&#xD;
Player Test3 won trick with King of Clubs&#xD;
Test&#xD;
Test&#xD;
Test&#xD;
Test&#xD;
Player Test1 won trick with King of Hearts&#xD;
Test&#xD;
Test&#xD;
Test&#xD;
Player Test1 won trick with Five of Diamonds&#xD;
Test&#xD;
Test&#xD;
Test&#xD;
Test&#xD;
Player Test1 won trick with Nine of Hearts&#xD;
Test&#xD;
Test&#xD;
Test&#xD;
Player Test2 won trick with King of Clubs&#xD;
Test&#xD;
Test&#xD;
Player Test4 won trick with Queen of Clubs&#xD;
Test&#xD;
Player Test4 won trick with Ace of Diamonds&#xD;
Test&#xD;
Test&#xD;
Player Test1 won trick with Ten of Hearts&#xD;
Test&#xD;
Test&#xD;
Test&#xD;
Player Test1 won trick with Seven of Diamonds&#xD;
Test&#xD;
Test&#xD;
Test&#xD;
Player Test1 won trick with Ace of Hearts&#xD;
Test&#xD;
Test&#xD;
Test&#xD;
Test&#xD;
Player Test1 won trick with King of Hearts&#xD;
Test&#xD;
Test&#xD;
Player Test1 won trick with Ten of Spades&#xD;
Test&#xD;
Test&#xD;
Player Test4 won trick with Ace of Hearts&#xD;
Test&#xD;
Test&#xD;
Test&#xD;
Test&#xD;
Player Test1 won trick with Nine of Hearts&#xD;
Test&#xD;
Test&#xD;
Test&#xD;
Player Test1 won trick with Nine of Spades&#xD;
Test&#xD;
Player Test4 won trick with Ten of Spades&#xD;
Test&#xD;
Test&#xD;
Player Test1 won trick with King of Spades&#xD;
Test&#xD;
Test&#xD;
Test&#xD;
Player Test1 won trick with Ten of Hearts&#xD;
Test&#xD;
Test&#xD;
Test&#xD;
Player Test1 won trick with Ten of Diamonds&#xD;
Test&#xD;
Test&#xD;
Test&#xD;
Player Test3 won trick with Nine of Hearts&#xD;
Test&#xD;
Test&#xD;
Test&#xD;
Player Test1 won trick with Seven of Spades&#xD;
Test&#xD;
Test&#xD;
Player Test2 won trick with Jack of Diamonds&#xD;
Test&#xD;
Test&#xD;
Player Test1 won trick with Ace of Diamonds&#xD;
Test&#xD;
Test&#xD;
Player Test1 won trick with Ten of Spades&#xD;
Test&#xD;
Test&#xD;
Test&#xD;
Player Test4 won trick with Six of Hearts&#xD;
Test&#xD;
Test&#xD;
Test&#xD;
Player Test1 won trick with Seven of Diamonds&#xD;
Test&#xD;
Test&#xD;
Test&#xD;
Test&#xD;
Player Test1 won trick with Ten of Hearts&#xD;
Test&#xD;
Test&#xD;
Test&#xD;
Player Test1 won trick with Eight of Hearts&#xD;
Test&#xD;
Test&#xD;
Test&#xD;
Player Test1 won trick with Queen of Clubs&#xD;
Test&#xD;
Test&#xD;
Test&#xD;
Player Test1 won trick with Six of Clubs&#xD;
Test&#xD;
Test&#xD;
Test&#xD;
Player Test3 won trick with King of Hearts&#xD;
Test&#xD;
Test&#xD;
Test&#xD;
Player Test1 won trick with Jack of Spades&#xD;
Test&#xD;
Test&#xD;
Test&#xD;
Player Test1 won trick with Queen of Hearts&#xD;
Test&#xD;
Test&#xD;
Test&#xD;
Player Test1 won trick with Four of Diamonds&#xD;
Test&#xD;
Player Test1 won trick with Ten of Spades&#xD;
Test&#xD;
Test&#xD;
Test&#xD;
Player Test1 won trick with Two of Clubs&#xD;
Test&#xD;
Test&#xD;
Player Test1 won trick with Seven of Spades&#xD;
Test&#xD;
Test&#xD;
Player Test3 won trick with Jack of Clubs&#xD;
Test&#xD;
Test&#xD;
Test&#xD;
Player Test4 won trick with Nine of Hearts&#xD;
Test&#xD;
Test&#xD;
Test&#xD;
Player Test1 won trick with Two of Clubs&#xD;
Test&#xD;
Test&#xD;
Test&#xD;
Player Test1 won trick with Eight of Diamonds&#xD;
Test&#xD;
Test&#xD;
Test&#xD;
Player Test1 won trick with Three of Clubs&#xD;
Test&#xD;
Test&#xD;
Test&#xD;
Player Test2 won trick with King of Hearts&#xD;
Test&#xD;
Test&#xD;
Player Test2 won trick with Nine of Hearts&#xD;
Test&#xD;
Test&#xD;
Player Test1 won trick with Nine of Diamonds&#xD;
Test&#xD;
Test&#xD;
Test&#xD;
Test&#xD;
Player Test1 won trick with Seven of Hearts&#xD;
Test&#xD;
Player Test4 won trick with Eight of Diamonds&#xD;
Test&#xD;
Test&#xD;
Player Test1 won trick with Jack of Clubs&#xD;
Test&#xD;
Test&#xD;
Player Test3 won trick with Seven of Spades&#xD;
Test&#xD;
Test&#xD;
Player Test1 won trick with Three of Spades&#xD;
Test&#xD;
Player Test2 won trick with Queen of Diamonds&#xD;
Test&#xD;
Test&#xD;
Player Test4 won trick with Five of Spades&#xD;
Test&#xD;
Test&#xD;
Player Test3 won trick with Nine of Clubs&#xD;
Test&#xD;
Test&#xD;
Player Test1 won trick with Queen of Diamonds&#xD;
Test&#xD;
Test&#xD;
Test&#xD;
Player Test1 won trick with King of Spades&#xD;
Test&#xD;
Test&#xD;
Test&#xD;
Player Test1 won trick with Nine of Spades&#xD;
Test&#xD;
Test&#xD;
Test&#xD;
Player Test1 won trick with Seven of Diamonds&#xD;
Test&#xD;
Test&#xD;
Player Test1 won trick with Nine of Diamonds&#xD;
Test&#xD;
Test&#xD;
Test&#xD;
Player Test1 won trick with Ten of Spades&#xD;
Test&#xD;
Test&#xD;
Test&#xD;
Player Test1 won trick with Nine of Hearts&#xD;
Test&#xD;
Test&#xD;
Player Test4 won trick with Queen of Diamonds&#xD;
Test&#xD;
Test&#xD;
Test&#xD;
Player Test1 won trick with Two of Clubs&#xD;
Test&#xD;
Test&#xD;
Test&#xD;
Player Test1 won trick with Jack of Spades&#xD;
Test&#xD;
Test&#xD;
Player Test3 won trick with Jack of Spades&#xD;
Test&#xD;
Test&#xD;
Player Test2 won trick with Ace of Diamonds&#xD;
Test&#xD;
Test&#xD;
Player Test1 won trick with Seven of Spades&#xD;
Test&#xD;
Test&#xD;
Player Test1 won trick with Ten of Clubs&#xD;
Test&#xD;
Player Test1 won trick with Jack of Diamonds&#xD;
Test&#xD;
Player Test3 won trick with Ace of Clubs&#xD;
Test&#xD;
Test&#xD;
Player Test1 won trick with Ten of Spades&#xD;
Test&#xD;
Test&#xD;
Test&#xD;
Player Test1 won trick with Eight of Clubs&#xD;
Test&#xD;
Test&#xD;
Test&#xD;
Player Test3 won trick with Eight of Hearts&#xD;
Test&#xD;
Test&#xD;
Test&#xD;
Test&#xD;
Player Test1 won trick with Queen of Hearts&#xD;
Test&#xD;
Test&#xD;
Player Test1 won trick with Nine of Diamonds&#xD;
Test&#xD;
Test&#xD;
Test&#xD;
Player Test1 won trick with Four of Spades&#xD;
Test&#xD;
Test&#xD;
Test&#xD;
Player Test1 won trick with Five of Diamonds&#xD;
Test&#xD;
Test&#xD;
Test&#xD;
Player Test1 won trick with Two of Clubs&#xD;
Test&#xD;
Player Test2 won trick with King of Clubs&#xD;
Test&#xD;
Test&#xD;
Test&#xD;
Player Test1 won trick with Six of Diamonds&#xD;
Test&#xD;
Player Test4 won trick with Queen of Spades&#xD;
Test&#xD;
Test&#xD;
Test&#xD;
Player Test1 won trick with Jack of Diamonds&#xD;
Test&#xD;
Player Test3 won trick with Ace of Hearts&#xD;
Test&#xD;
Test&#xD;
Player Test3 won trick with Ten of Clubs&#xD;
Test&#xD;
Test&#xD;
Test&#xD;
Test&#xD;
Player Test1 won trick with Ten of Hearts&#xD;
Test&#xD;
Test&#xD;
Test&#xD;
Player Test1 won trick with Queen of Hearts&#xD;
Test&#xD;
Test&#xD;
Test&#xD;
Test&#xD;
Player Test1 won trick with Five of Hearts&#xD;
Test&#xD;
Player Test2 won trick with Seven of Diamonds&#xD;
Test&#xD;
Test&#xD;
Test&#xD;
Player Test1 won trick with Ace of Spades&#xD;
Test&#xD;
Test&#xD;
Test&#xD;
Test&#xD;
Player Test1 won trick with Seven of Hearts&#xD;
Test&#xD;
Test&#xD;
Player Test4 won trick with King of Spades&#xD;
Test&#xD;
Test&#xD;
Player Test2 won trick with Queen of Clubs&#xD;
Test&#xD;
Test&#xD;
Player Test4 won trick with Six of Spades&#xD;
Test&#xD;
Test&#xD;
Test&#xD;
Player Test1 won trick with Four of Spades&#xD;
Test&#xD;
Test&#xD;
Player Test1 won trick with Jack of Clubs&#xD;
Test&#xD;
Test&#xD;
Test&#xD;
Player Test1 won trick with Seven of Spades&#xD;
Test&#xD;
Test&#xD;
Test&#xD;
Test&#xD;
Player Test1 won trick with Six of Hearts&#xD;
Test&#xD;
Test&#xD;
Test&#xD;
Player Test1 won trick with Nine of Diamonds&#xD;
Test&#xD;
Test&#xD;
Player Test2 won trick with Eight of Diamonds&#xD;
Test&#xD;
Test&#xD;
Test&#xD;
Player Test3 won trick with Nine of Hearts&#xD;
Test&#xD;
Test&#xD;
Test&#xD;
Player Test1 won trick with Seven of Diamonds&#xD;
Test&#xD;
Test&#xD;
Test&#xD;
Player Test1 won trick with King of Spades&#xD;
Test&#xD;
Test&#xD;
Test&#xD;
Player Test1 won trick with Jack of Hearts&#xD;
Test&#xD;
Player Test3 won trick with Five of Diamonds&#xD;
Test&#xD;
Test&#xD;
Test&#xD;
Player Test1 won trick with Four of Diamonds&#xD;
Test&#xD;
Test&#xD;
Test&#xD;
Test&#xD;
Player Test1 won trick with Jack of Hearts&#xD;
Test&#xD;
Test&#xD;
Test&#xD;
Player Test1 won trick with Two of Spades&#xD;
Test&#xD;
Test&#xD;
Test&#xD;
Player Test2 won trick with Eight of Clubs&#xD;
Test&#xD;
Test&#xD;
Player Test1 won trick with King of Clubs&#xD;
Test&#xD;
Test&#xD;
Test&#xD;
Player Test2 won trick with Nine of Hearts&#xD;
Test&#xD;
Test&#xD;
Player Test1 won trick with Ace of Spades&#xD;
Test&#xD;
Test&#xD;
Test&#xD;
Player Test1 won trick with Jack of Spades&#xD;
Test&#xD;
Test&#xD;
Test&#xD;
Test&#xD;
Player Test1 won trick with Jack of Hearts&#xD;
Test&#xD;
Test&#xD;
Test&#xD;
Player Test1 won trick with Two of Clubs&#xD;
Test&#xD;
Test&#xD;
Player Test1 won trick with King of Spades&#xD;
Test&#xD;
Test&#xD;
Player Test1 won trick with Nine of Spades&#xD;
Test&#xD;
Test&#xD;
Test&#xD;
Test&#xD;
Player Test1 won trick with Jack of Hearts&#xD;
Test&#xD;
Test&#xD;
Test&#xD;
Player Test1 won trick with Six of Spades&#xD;
Test&#xD;
Test&#xD;
Test&#xD;
Player Test1 won trick with Six of Spades&#xD;
Test&#xD;
Player Test1 won trick with Ten of Diamonds&#xD;
Test&#xD;
Test&#xD;
Player Test1 won trick with Queen of Diamonds&#xD;
Test&#xD;
Test&#xD;
Test&#xD;
Player Test1 won trick with Seven of Spades&#xD;
Test&#xD;
Test&#xD;
Player Test1 won trick with Nine of Spades&#xD;
Test&#xD;
Test&#xD;
Player Test1 won trick with King of Clubs&#xD;
Test&#xD;
Test&#xD;
Test&#xD;
Player Test1 won trick with Ten of Clubs&#xD;
Test&#xD;
Test&#xD;
Test&#xD;
Test&#xD;
Player Test1 won trick with Jack of Hearts&#xD;
Test&#xD;
Test&#xD;
Test&#xD;
Test&#xD;
Player Test1 won trick with Eight of Spades&#xD;
Test&#xD;
Player Test1 won trick with Ace of Clubs&#xD;
Test&#xD;
Test&#xD;
Player Test2 won trick with Jack of Diamonds&#xD;
Test&#xD;
Test&#xD;
Test&#xD;
Test&#xD;
Player Test1 won trick with Seven of Hearts&#xD;
Test&#xD;
Player Test3 won trick with Eight of Diamonds&#xD;
Test&#xD;
Test&#xD;
Test&#xD;
Player Test3 won trick with Jack of Hearts&#xD;
Test&#xD;
Test&#xD;
Player Test2 won trick with Seven of Hearts&#xD;
Test&#xD;
Test&#xD;
Player Test2 won trick with Jack of Diamonds&#xD;
Test&#xD;
Test&#xD;
Player Test2 won trick with Nine of Clubs&#xD;
Test&#xD;
Test&#xD;
Test&#xD;
Test&#xD;
Player Test1 won trick with Four of Clubs&#xD;
Test&#xD;
Player Test4 won trick with King of Clubs&#xD;
Test&#xD;
Player Test4 won trick with King of Spades&#xD;
Test&#xD;
Player Test1 won trick with Ace of Spades&#xD;
Test&#xD;
Test&#xD;
Test&#xD;
Test&#xD;
Player Test1 won trick with Four of Hearts&#xD;
Test&#xD;
Test&#xD;
Player Test3 won trick with Queen of Spades&#xD;
Test&#xD;
Test&#xD;
Test&#xD;
Player Test1 won trick with Six of Diamonds&#xD;
Test&#xD;
Test&#xD;
Test&#xD;
Player Test1 won trick with Three of Clubs&#xD;
Test&#xD;
Test&#xD;
Player Test1 won trick with Six of Diamonds&#xD;
Test&#xD;
Test&#xD;
Test&#xD;
Player Test3 won trick with King of Hearts&#xD;
Test&#xD;
Test&#xD;
Test&#xD;
Player Test1 won trick with Five of Spades&#xD;
Test&#xD;
Player Test4 won trick with Ace of Spades&#xD;
Test&#xD;
Test&#xD;
Player Test1 won trick with Jack of Spades&#xD;
Test&#xD;
Test&#xD;
Player Test2 won trick with King of Clubs&#xD;
Test&#xD;
Test&#xD;
Test&#xD;
Player Test1 won trick with Eight of Clubs&#xD;
Test&#xD;
Test&#xD;
Player Test1 won trick with Ace of Clubs&#xD;
Test&#xD;
Test&#xD;
Player Test1 won trick with King of Diamonds&#xD;
Test&#xD;
Test&#xD;
Test&#xD;
Test&#xD;
Player Test1 won trick with Ten of Hearts&#xD;
Test&#xD;
Test&#xD;
Test&#xD;
Player Test1 won trick with Two of Diamonds&#xD;
Test&#xD;
Test&#xD;
Test&#xD;
Player Test1 won trick with Five of Hearts&#xD;
Test&#xD;
Test&#xD;
Player Test3 won trick with Queen of Clubs&#xD;
Test&#xD;
Test&#xD;
Test&#xD;
Player Test1 won trick with Five of Clubs&#xD;
Test&#xD;
Test&#xD;
Player Test4 won trick with Nine of Spades&#xD;
Test&#xD;
Test&#xD;
Player Test3 won trick with Eight of Diamonds&#xD;
Test&#xD;
Test&#xD;
Test&#xD;
Test&#xD;
Player Test1 won trick with Four of Hearts&#xD;
Test&#xD;
Test&#xD;
Test&#xD;
Player Test1 won trick with Ten of Spades&#xD;
Test&#xD;
Test&#xD;
Test&#xD;
Player Test1 won trick with Two of Diamonds&#xD;
Test&#xD;
Test&#xD;
Player Test1 won trick with Ten of Spades&#xD;
Test&#xD;
Test&#xD;
Test&#xD;
Player Test1 won trick with Queen of Spades&#xD;
Test&#xD;
Test&#xD;
Test&#xD;
Player Test1 won trick with Four of Clubs&#xD;
Test&#xD;
Test&#xD;
Test&#xD;
Player Test1 won trick with Ace of Clubs&#xD;
Test&#xD;
Test&#xD;
Test&#xD;
Test&#xD;
Player Test1 won trick with Ten of Hearts&#xD;
Test&#xD;
Test&#xD;
Player Test2 won trick with Ace of Hearts&#xD;
Test&#xD;
Test&#xD;
Player Test4 won trick with Ace of Spades&#xD;
Test&#xD;
Player Test2 won trick with Queen of Clubs&#xD;
Test&#xD;
Test&#xD;
Test&#xD;
Player Test1 won trick with Nine of Clubs&#xD;
Test&#xD;
Test&#xD;
Test&#xD;
Player Test1 won trick with Jack of Spades&#xD;
Test&#xD;
Test&#xD;
Player Test1 won trick with Ace of Spades&#xD;
Test&#xD;
Test&#xD;
Player Test4 won trick with Jack of Hearts&#xD;
Test&#xD;
Test&#xD;
Player Test2 won trick with King of Hearts&#xD;
Test&#xD;
Test&#xD;
Player Test3 won trick with Nine of Spades&#xD;
Player Test4 won trick with Jack of Spades&#xD;
Test&#xD;
Test&#xD;
Player Test4 won trick with Eight of Spades&#xD;
Test&#xD;
Test&#xD;
Player Test2 won trick with Three of Spades&#xD;
Test&#xD;
Test&#xD;
Test&#xD;
Test&#xD;
Player Test1 won trick with Nine of Hearts&#xD;
Test&#xD;
Test&#xD;
Player Test3 won trick with Four of Spades&#xD;
Test&#xD;
Test&#xD;
Player Test1 won trick with Eight of Clubs&#xD;
Test&#xD;
Player Test4 won trick with Queen of Clubs&#xD;
Test&#xD;
Test&#xD;
Test&#xD;
Player Test1 won trick with Jack of Diamonds&#xD;
Test&#xD;
Test&#xD;
Test&#xD;
Player Test1 won trick with Eight of Diamonds&#xD;
Test&#xD;
Test&#xD;
Test&#xD;
Player Test1 won trick with Three of Hearts&#xD;
Test&#xD;
Player Test3 won trick with Ace of Diamonds&#xD;
Test&#xD;
Test&#xD;
Test&#xD;
Player Test3 won trick with Ace of Hearts&#xD;
Test&#xD;
Test&#xD;
Player Test1 won trick with Jack of Hearts&#xD;
Test&#xD;
Test&#xD;
Player Test4 won trick with Ace of Spades&#xD;
Test&#xD;
Test&#xD;
Player Test4 won trick with Ten of Clubs&#xD;
Test&#xD;
Test&#xD;
Player Test2 won trick with Jack of Spades&#xD;
Test&#xD;
Test&#xD;
Test&#xD;
Player Test1 won trick with Two of Diamonds&#xD;
Test&#xD;
Test&#xD;
Player Test3 won trick with Queen of Clubs&#xD;
Test&#xD;
Test&#xD;
Test&#xD;
Player Test1 won trick with Five of Spades&#xD;
Test&#xD;
Test&#xD;
Test&#xD;
Player Test1 won trick with Queen of Clubs&#xD;
Test&#xD;
Test&#xD;
Test&#xD;
Player Test4 won trick with King of Hearts&#xD;
Test&#xD;
Test&#xD;
Test&#xD;
Player Test1 won trick with Ace of Diamonds&#xD;
Test&#xD;
Player Test2 won trick with King of Clubs&#xD;
Test&#xD;
Test&#xD;
Player Test1 won trick with Queen of Diamonds&#xD;
Test&#xD;
Player Test4 won trick with Ten of Diamonds&#xD;
Test&#xD;
Test&#xD;
Player Test3 won trick with Eight of Spades&#xD;
Test&#xD;
Test&#xD;
Test&#xD;
Player Test3 won trick with Ace of Hearts&#xD;
Test&#xD;
Test&#xD;
Test&#xD;
Player Test4 won trick with Four of Hearts&#xD;
Test&#xD;
Test&#xD;
Test&#xD;
Player Test1 won trick with Two of Clubs&#xD;
Test&#xD;
Test&#xD;
Test&#xD;
Player Test1 won trick with Ace of Clubs&#xD;
Test&#xD;
Test&#xD;
Player Test4 won trick with Ace of Hearts&#xD;
Test&#xD;
Test&#xD;
Test&#xD;
Player Test1 won trick with Jack of Hearts&#xD;
Test&#xD;
Test&#xD;
Test&#xD;
Test&#xD;
Player Test1 won trick with Four of Hearts&#xD;
Test&#xD;
Test&#xD;
Test&#xD;
Test&#xD;
Player Test1 won trick with Ace of Hearts&#xD;
Test&#xD;
Test&#xD;
Player Test1 won trick with Ten of Clubs&#xD;
Test&#xD;
Test&#xD;
Player Test1 won trick with Six of Spades&#xD;
Test&#xD;
Test&#xD;
Test&#xD;
Test&#xD;
Player Test1 won trick with Six of Hearts&#xD;
Test&#xD;
Test&#xD;
Test&#xD;
Player Test1 won trick with Eight of Spades&#xD;
Test&#xD;
Test&#xD;
Test&#xD;
Player Test1 won trick with Three of Clubs&#xD;
Test&#xD;
Test&#xD;
Player Test3 won trick with Nine of Diamonds&#xD;
Test&#xD;
Test&#xD;
Player Test3 won trick with Queen of Diamonds&#xD;
Test&#xD;
Test&#xD;
Player Test1 won trick with Ace of Clubs&#xD;
Test&#xD;
Test&#xD;
Player Test1 won trick with King of Clubs&#xD;
Test&#xD;
Test&#xD;
Player Test4 won trick with Nine of Diamonds&#xD;
Test&#xD;
Test&#xD;
Test&#xD;
Test&#xD;
Player Test1 won trick with Five of Spades&#xD;
Test&#xD;
Test&#xD;
Test&#xD;
Player Test1 won trick with Nine of Clubs&#xD;
Test&#xD;
Player Test2 won trick with Ace of Clubs&#xD;
Test&#xD;
Test&#xD;
Test&#xD;
Player Test1 won trick with Seven of Diamonds&#xD;
Test&#xD;
Test&#xD;
Player Test3 won trick with Ace of Spades&#xD;
Test&#xD;
Player Test2 won trick with Ace of Clubs&#xD;
Test&#xD;
Test&#xD;
Player Test1 won trick with Ace of Spades&#xD;
Test&#xD;
Player Test4 won trick with Seven of Diamonds&#xD;
Test&#xD;
Player Test1 won trick with Nine of Clubs&#xD;
Test&#xD;
Test&#xD;
Test&#xD;
Test&#xD;
Player Test1 won trick with King of Spades&#xD;
Test&#xD;
Test&#xD;
Test&#xD;
Player Test1 won trick with Eight of Spades&#xD;
Test&#xD;
Test&#xD;
Test&#xD;
Player Test2 won trick with Five of Hearts&#xD;
Test&#xD;
Test&#xD;
Player Test3 won trick with Ten of Spades&#xD;
Test&#xD;
Test&#xD;
Test&#xD;
Player Test1 won trick with Two of Diamonds&#xD;
Test&#xD;
Test&#xD;
Test&#xD;
Test&#xD;
Player Test1 won trick with Jack of Hearts&#xD;
Test&#xD;
Test&#xD;
Test&#xD;
Player Test1 won trick with King of Spades&#xD;
Test&#xD;
Test&#xD;
Player Test4 won trick with Ace of Diamonds&#xD;
Test&#xD;
Test&#xD;
Player Test1 won trick with Nine of Diamonds&#xD;
Test&#xD;
Test&#xD;
Player Test4 won trick with Nine of Spades&#xD;
Test&#xD;
Test&#xD;
Player Test2 won trick with Six of Spades&#xD;
Test&#xD;
Test&#xD;
Test&#xD;
Player Test1 won trick with Ten of Clubs&#xD;
Test&#xD;
Test&#xD;
Test&#xD;
Player Test1 won trick with Jack of Diamonds&#xD;
Test&#xD;
Test&#xD;
Test&#xD;
Test&#xD;
Player Test1 won trick with Nine of Diamonds&#xD;
Test&#xD;
Test&#xD;
Test&#xD;
Player Test1 won trick with Ten of Spades&#xD;
Test&#xD;
Test&#xD;
Player Test4 won trick with Nine of Spades&#xD;
Test&#xD;
Test&#xD;
Player Test3 won trick with Jack of Spades&#xD;
Test&#xD;
Test&#xD;
Test&#xD;
Test&#xD;
Player Test1 won trick with Two of Diamonds&#xD;
Test&#xD;
Test&#xD;
Player Test1 won trick with Ace of Diamonds&#xD;
Test&#xD;
Test&#xD;
Test&#xD;
Player Test1 won trick with King of Hearts&#xD;
Test&#xD;
Test&#xD;
Test&#xD;
Test&#xD;
Player Test1 won trick with Two of Hearts&#xD;
Test&#xD;
Test&#xD;
Test&#xD;
Player Test1 won trick with Six of Diamonds&#xD;
Test&#xD;
Test&#xD;
Test&#xD;
Player Test2 won trick with King of Hearts&#xD;
Test&#xD;
Test&#xD;
Player Test4 won trick with Nine of Diamonds&#xD;
Test&#xD;
Test&#xD;
Test&#xD;
Player Test1 won trick with Queen of Clubs&#xD;
Test&#xD;
Test&#xD;
Player Test2 won trick with Ten of Diamonds&#xD;
Test&#xD;
Test&#xD;
Player Test1 won trick with Ace of Diamonds&#xD;
Test&#xD;
Test&#xD;
Test&#xD;
Player Test1 won trick with Eight of Clubs&#xD;
Test&#xD;
Test&#xD;
Test&#xD;
Test&#xD;
Player Test1 won trick with Ten of Diamonds&#xD;
Test&#xD;
Test&#xD;
Test&#xD;
Test&#xD;
Player Test1 won trick with Queen of Hearts&#xD;
Test&#xD;
Test&#xD;
Player Test1 won trick with Five of Spades&#xD;
Test&#xD;
Test&#xD;
Test&#xD;
Player Test2 won trick with Eight of Hearts&#xD;
Test&#xD;
Test&#xD;
Player Test4 won trick with Jack of Diamonds&#xD;
Test&#xD;
Test&#xD;
Player Test1 won trick with Jack of Clubs&#xD;
Test&#xD;
Test&#xD;
Player Test3 won trick with Nine of Spades&#xD;
Test&#xD;
Test&#xD;
Test&#xD;
Player Test1 won trick with Four of Spades&#xD;
Test&#xD;
Test&#xD;
Test&#xD;
Player Test1 won trick with Ten of Hearts&#xD;
Test&#xD;
Test&#xD;
Test&#xD;
Player Test1 won trick with Seven of Diamonds&#xD;
Test&#xD;
Test&#xD;
Test&#xD;
Player Test4 won trick with Ace of Hearts&#xD;
Test&#xD;
Test&#xD;
Player Test1 won trick with Ace of Clubs&#xD;
Test&#xD;
Test&#xD;
Test&#xD;
Player Test1 won trick with Queen of Clubs&#xD;
Test&#xD;
Player Test1 won trick with Queen of Diamonds&#xD;
Test&#xD;
Test&#xD;
Player Test1 won trick with Queen of Diamonds&#xD;
Test&#xD;
Test&#xD;
Test&#xD;
Player Test1 won trick with Six of Spades&#xD;
Test&#xD;
Test&#xD;
Player Test1 won trick with Six of Clubs&#xD;
Test&#xD;
Test&#xD;
Test&#xD;
Player Test3 won trick with Queen of Diamonds&#xD;
Test&#xD;
Test&#xD;
Player Test4 won trick with Ten of Clubs&#xD;
Test&#xD;
Player Test2 won trick with Seven of Diamonds&#xD;
Test&#xD;
Test&#xD;
Player Test3 won trick with Queen of Diamonds&#xD;
Test&#xD;
Test&#xD;
Test&#xD;
Player Test1 won trick with King of Hearts&#xD;
Test&#xD;
Test&#xD;
Test&#xD;
Player Test1 won trick with Ace of Diamonds&#xD;
Test&#xD;
Player Test4 won trick with Ace of Clubs&#xD;
Test&#xD;
Test&#xD;
Test&#xD;
Player Test1 won trick with Seven of Hearts&#xD;
Test&#xD;
Test&#xD;
Player Test1 won trick with Nine of Diamonds&#xD;
Test&#xD;
Test&#xD;
Player Test3 won trick with Eight of Clubs&#xD;
Test&#xD;
Test&#xD;
Test&#xD;
Player Test1 won trick with Six of Diamonds&#xD;
Test&#xD;
Test&#xD;
Test&#xD;
Player Test1 won trick with Ten of Spades&#xD;
Test&#xD;
Test&#xD;
Player Test1 won trick with King of Hearts&#xD;
Test&#xD;
Test&#xD;
Test&#xD;
Player Test1 won trick with Seven of Spades&#xD;
Test&#xD;
Test&#xD;
Player Test4 won trick with Five of Diamonds&#xD;
Test&#xD;
Test&#xD;
Player Test2 won trick with Ten of Spades&#xD;
Test&#xD;
Test&#xD;
Test&#xD;
Player Test1 won trick with Two of Clubs&#xD;
Test&#xD;
Test&#xD;
Test&#xD;
Player Test1 won trick with Eight of Spades&#xD;
Test&#xD;
Test&#xD;
Test&#xD;
Test&#xD;
Player Test1 won trick with Ten of Hearts&#xD;
Test&#xD;
Test&#xD;
Test&#xD;
Player Test2 won trick with Six of Hearts&#xD;
Test&#xD;
Test&#xD;
Player Test2 won trick with Ten of Diamonds&#xD;
Test&#xD;
Test&#xD;
Player Test4 won trick with King of Hearts&#xD;
Test&#xD;
Test&#xD;
Player Test2 won trick with Ace of Diamonds&#xD;
Test&#xD;
Test&#xD;
Player Test1 won trick with Three of Diamonds&#xD;
Test&#xD;
Test&#xD;
Test&#xD;
Player Test1 won trick with Four of Diamonds&#xD;
Test&#xD;
Test&#xD;
Test&#xD;
Player Test1 won trick with Three of Diamonds&#xD;
Test&#xD;
Test&#xD;
Test&#xD;
Test&#xD;
Player Test1 won trick with King of Hearts&#xD;
Test&#xD;
Test&#xD;
Test&#xD;
Test&#xD;
Player Test1 won trick with Five of Hearts&#xD;
Test&#xD;
Test&#xD;
Test&#xD;
Test&#xD;
Player Test1 won trick with Five of Clubs&#xD;
Test&#xD;
Player Test1 won trick with King of Spades&#xD;
Test&#xD;
Test&#xD;
Test&#xD;
Player Test1 won trick with King of Spades&#xD;
Test&#xD;
Player Test1 won trick with Jack of Spades&#xD;
Test&#xD;
Player Test1 won trick with Queen of Diamonds&#xD;
Test&#xD;
Player Test4 won trick with Eight of Clubs&#xD;
Test&#xD;
Test&#xD;
Player Test4 won trick with King of Spades&#xD;
Test&#xD;
Test&#xD;
Player Test2 won trick with Queen of Spades&#xD;
Test&#xD;
Test&#xD;
Player Test1 won trick with Six of Diamonds&#xD;
Test&#xD;
Test&#xD;
Test&#xD;
Player Test1 won trick with Nine of Clubs&#xD;
Test&#xD;
Test&#xD;
Test&#xD;
Test&#xD;
Player Test1 won trick with Six of Hearts&#xD;
Test&#xD;
Test&#xD;
Player Test2 won trick with Ace of Hearts&#xD;
Test&#xD;
Test&#xD;
Test&#xD;
Player Test1 won trick with Six of Clubs&#xD;
Player Test4 won trick with Ten of Diamonds&#xD;
Test&#xD;
Test&#xD;
Player Test1 won trick with Ace of Clubs&#xD;
Test&#xD;
Test&#xD;
Player Test3 won trick with Five of Hearts&#xD;
Test&#xD;
Player Test2 won trick with Ace of Diamonds&#xD;
Test&#xD;
Test&#xD;
Player Test1 won trick with Four of Clubs&#xD;
Test&#xD;
Test&#xD;
Test&#xD;
Player Test4 won trick with Three of Hearts&#xD;
Test&#xD;
Test&#xD;
Test&#xD;
Player Test1 won trick with Nine of Hearts&#xD;
Test&#xD;
Test&#xD;
Player Test1 won trick with King of Spades&#xD;
Test&#xD;
Test&#xD;
Test&#xD;
Player Test3 won trick with Ten of Hearts&#xD;
Test&#xD;
Test&#xD;
Test&#xD;
Player Test1 won trick with King of Clubs&#xD;
Test&#xD;
Test&#xD;
Player Test1 won trick with Nine of Clubs&#xD;
Test&#xD;
Test&#xD;
Test&#xD;
Player Test1 won trick with Three of Clubs&#xD;
Test&#xD;
Test&#xD;
Player Test1 won trick with Queen of Clubs&#xD;
Test&#xD;
Test&#xD;
Test&#xD;
Player Test1 won trick with Ten of Spades&#xD;
Test&#xD;
Test&#xD;
Test&#xD;
Player Test1 won trick with Ace of Diamonds&#xD;
Test&#xD;
Test&#xD;
Player Test3 won trick with Ace of Spades&#xD;
Test&#xD;
Test&#xD;
Test&#xD;
Player Test1 won trick with Two of Spades&#xD;
Test&#xD;
Test&#xD;
Test&#xD;
Player Test1 won trick with Nine of Hearts&#xD;
Test&#xD;
Test&#xD;
Test&#xD;
Player Test1 won trick with Six of Hearts&#xD;
Test&#xD;
Test&#xD;
Test&#xD;
Player Test1 won trick with Eight of Spades&#xD;
Test&#xD;
Test&#xD;
Test&#xD;
Test&#xD;
Player Test1 won trick with Ace of Hearts&#xD;
Test&#xD;
Test&#xD;
Test&#xD;
Player Test1 won trick with Three of Diamonds&#xD;
Test&#xD;
Test&#xD;
Player Test2 won trick with Ten of Diamonds&#xD;
Test&#xD;
Test&#xD;
Player Test2 won trick with Ace of Hearts&#xD;
Test&#xD;
Test&#xD;
Player Test1 won trick with Jack of Diamonds&#xD;
Test&#xD;
Test&#xD;
Test&#xD;
Player Test1 won trick with Eight of Clubs&#xD;
Player Test4 won trick with Ace of Clubs&#xD;
Test&#xD;
Test&#xD;
Test&#xD;
Player Test1 won trick with Ten of Clubs&#xD;
Test&#xD;
Test&#xD;
Test&#xD;
Test&#xD;
Player Test1 won trick with Nine of Clubs&#xD;
Test&#xD;
Test&#xD;
Player Test4 won trick with Queen of Spades&#xD;
Test&#xD;
Test&#xD;
Player Test1 won trick with Nine of Spades&#xD;
Test&#xD;
Test&#xD;
Player Test2 won trick with Jack of Clubs&#xD;
Test&#xD;
Test&#xD;
Test&#xD;
Test&#xD;
Player Test1 won trick with Ace of Hearts&#xD;
Test&#xD;
Test&#xD;
Test&#xD;
Player Test1 won trick with Six of Clubs&#xD;
Test&#xD;
Test&#xD;
Test&#xD;
Test&#xD;
Player Test1 won trick with Ten of Hearts&#xD;
Test&#xD;
Test&#xD;
Player Test2 won trick with Queen of Clubs&#xD;
Test&#xD;
Test&#xD;
Test&#xD;
Test&#xD;
Player Test1 won trick with Queen of Hearts&#xD;
Test&#xD;
Test&#xD;
Player Test1 won trick with Six of Diamonds&#xD;
Test&#xD;
Test&#xD;
Test&#xD;
Player Test1 won trick with Five of Hearts&#xD;
Test&#xD;
Test&#xD;
Test&#xD;
Test&#xD;
Player Test1 won trick with Ace of Clubs&#xD;
Test&#xD;
Test&#xD;
Test&#xD;
Player Test1 won trick with Queen of Spades&#xD;
Test&#xD;
Test&#xD;
Test&#xD;
Player Test1 won trick with Eight of Clubs&#xD;
Test&#xD;
Test&#xD;
Player Test1 won trick with Eight of Hearts&#xD;
Test&#xD;
Test&#xD;
Test&#xD;
Player Test1 won trick with Nine of Clubs&#xD;
Test&#xD;
Test&#xD;
Test&#xD;
Player Test1 won trick with Two of Diamonds&#xD;
Test&#xD;
Test&#xD;
Test&#xD;
Test&#xD;
Player Test1 won trick with Seven of Hearts&#xD;
Test&#xD;
Test&#xD;
Test&#xD;
Player Test1 won trick with Ten of Clubs&#xD;
Test&#xD;
Test&#xD;
Player Test3 won trick with Queen of Spades&#xD;
Test&#xD;
Test&#xD;
Player Test2 won trick with Ace of Spades&#xD;
Test&#xD;
Test&#xD;
Test&#xD;
Player Test4 won trick with Queen of Hearts&#xD;
Test&#xD;
Test&#xD;
Test&#xD;
Player Test1 won trick with Eight of Diamonds&#xD;
Test&#xD;
Test&#xD;
Player Test4 won trick with King of Diamonds&#xD;
Test&#xD;
Test&#xD;
Test&#xD;
Player Test1 won trick with Six of Clubs&#xD;
Test&#xD;
Test&#xD;
Player Test4 won trick with Six of Diamonds&#xD;
Test&#xD;
Test&#xD;
Player Test2 won trick with Queen of Clubs&#xD;
Test&#xD;
Test&#xD;
Player Test1 won trick with Jack of Clubs&#xD;
Test&#xD;
Player Test2 won trick with Queen of Spades&#xD;
Test&#xD;
Test&#xD;
Player Test1 won trick with Seven of Clubs&#xD;
Test&#xD;
Test&#xD;
Test&#xD;
Player Test1 won trick with Nine of Diamonds&#xD;
Test&#xD;
Player Test1 won trick with Ten of Diamonds&#xD;
Test&#xD;
Test&#xD;
Player Test4 won trick with King of Diamonds&#xD;
Test&#xD;
Test&#xD;
Player Test1 won trick with Six of Diamonds&#xD;
Test&#xD;
Test&#xD;
Player Test4 won trick with Eight of Clubs&#xD;
Test&#xD;
Test&#xD;
Player Test1 won trick with Nine of Diamonds&#xD;
Test&#xD;
Test&#xD;
Test&#xD;
Player Test1 won trick with Six of Diamonds&#xD;
Test&#xD;
Test&#xD;
Test&#xD;
Player Test1 won trick with Nine of Clubs&#xD;
Test&#xD;
Test&#xD;
Test&#xD;
Test&#xD;
Player Test1 won trick with Three of Diamonds&#xD;
Test&#xD;
Test&#xD;
Test&#xD;
Player Test1 won trick with Ten of Spades&#xD;
Test&#xD;
Test&#xD;
Test&#xD;
Player Test1 won trick with Three of Clubs&#xD;
Test&#xD;
Test&#xD;
Test&#xD;
Player Test1 won trick with Two of Clubs&#xD;
Test&#xD;
Player Test2 won trick with Nine of Hearts&#xD;
Test&#xD;
Test&#xD;
Player Test3 won trick with Ace of Clubs&#xD;
Test&#xD;
Test&#xD;
Player Test1 won trick with Nine of Diamonds&#xD;
Test&#xD;
Test&#xD;
Test&#xD;
Player Test1 won trick with Nine of Diamonds&#xD;
Test&#xD;
Player Test1 won trick with King of Clubs&#xD;
Test&#xD;
Test&#xD;
Player Test4 won trick with King of Spades&#xD;
Test&#xD;
Test&#xD;
Player Test1 won trick with Jack of Spades&#xD;
Test&#xD;
Test&#xD;
Test&#xD;
Test&#xD;
Player Test1 won trick with Seven of Hearts&#xD;
Test&#xD;
Test&#xD;
Test&#xD;
Player Test1 won trick with Five of Diamonds&#xD;
Test&#xD;
Test&#xD;
Test&#xD;
Player Test1 won trick with Seven of Spades&#xD;
Test&#xD;
Test&#xD;
Test&#xD;
Player Test1 won trick with Six of Spades&#xD;
Test&#xD;
Test&#xD;
Test&#xD;
Player Test1 won trick with Eight of Diamonds&#xD;
Test&#xD;
Test&#xD;
Test&#xD;
Player Test1 won trick with Eight of Hearts&#xD;
Player Test3 won trick with Ten of Clubs&#xD;
Test&#xD;
Test&#xD;
Test&#xD;
Player Test1 won trick with Ace of Diamonds&#xD;
Test&#xD;
Test&#xD;
Test&#xD;
Player Test1 won trick with Six of Clubs&#xD;
Test&#xD;
Test&#xD;
Test&#xD;
Player Test1 won trick with Six of Clubs&#xD;
Test&#xD;
Test&#xD;
Test&#xD;
Player Test1 won trick with Seven of Clubs&#xD;
Test&#xD;
Test&#xD;
Test&#xD;
Player Test1 won trick with Seven of Hearts&#xD;
Test&#xD;
Test&#xD;
Player Test3 won trick with Queen of Clubs&#xD;
Test&#xD;
Test&#xD;
Test&#xD;
Player Test3 won trick with Ten of Hearts&#xD;
Test&#xD;
Test&#xD;
Test&#xD;
Player Test1 won trick with Ten of Spades&#xD;
Test&#xD;
Test&#xD;
Test&#xD;
Player Test1 won trick with Jack of Hearts&#xD;
Test&#xD;
Test&#xD;
Player Test2 won trick with Ace of Spades&#xD;
Test&#xD;
Test&#xD;
Player Test1 won trick with Ace of Spades&#xD;
Test&#xD;
Test&#xD;
Player Test3 won trick with Jack of Diamonds&#xD;
Test&#xD;
Test&#xD;
Test&#xD;
Player Test1 won trick with Five of Spades&#xD;
Test&#xD;
Player Test3 won trick with Jack of Spades&#xD;
Test&#xD;
Test&#xD;
Test&#xD;
Player Test1 won trick with Three of Diamonds&#xD;
Test&#xD;
Test&#xD;
Test&#xD;
Player Test1 won trick with Seven of Diamonds&#xD;
Test&#xD;
Test&#xD;
Test&#xD;
Player Test1 won trick with Ace of Spades&#xD;
Test&#xD;
Test&#xD;
Player Test2 won trick with Nine of Diamonds&#xD;
Test&#xD;
Test&#xD;
Player Test1 won trick with Jack of Clubs&#xD;
Test&#xD;
Test&#xD;
Test&#xD;
Test&#xD;
Player Test1 won trick with Six of Spades&#xD;
Test&#xD;
Player Test4 won trick with King of Clubs&#xD;
Test&#xD;
Test&#xD;
Player Test3 won trick with King of Hearts&#xD;
Test&#xD;
Test&#xD;
Test&#xD;
Player Test1 won trick with Ace of Hearts&#xD;
Test&#xD;
Test&#xD;
Test&#xD;
Player Test1 won trick with Seven of Spades&#xD;
Test&#xD;
Test&#xD;
Player Test1 won trick with Ace of Spades&#xD;
Test&#xD;
Test&#xD;
Player Test1 won trick with Ace of Diamonds&#xD;
Test&#xD;
Test&#xD;
Test&#xD;
Test&#xD;
Player Test1 won trick with Seven of Hearts&#xD;
Test&#xD;
Test&#xD;
Test&#xD;
Player Test1 won trick with Ten of Hearts&#xD;
Test&#xD;
Test&#xD;
Player Test1 won trick with King of Spades&#xD;
Test&#xD;
Test&#xD;
Test&#xD;
Player Test2 won trick with Ten of Hearts&#xD;
Test&#xD;
Test&#xD;
Test&#xD;
Player Test1 won trick with Seven of Spades&#xD;
Test&#xD;
Test&#xD;
Player Test1 won trick with Ace of Diamonds&#xD;
Test&#xD;
Test&#xD;
Test&#xD;
Player Test1 won trick with Jack of Clubs&#xD;
Test&#xD;
Test&#xD;
Player Test3 won trick with Ace of Spades&#xD;
Test&#xD;
Test&#xD;
Player Test2 won trick with Ten of Hearts&#xD;
Test&#xD;
Player Test1 won trick with Ten of Clubs&#xD;
Test&#xD;
Test&#xD;
Test&#xD;
Player Test1 won trick with Queen of Diamonds&#xD;
Test&#xD;
Test&#xD;
Test&#xD;
Player Test1 won trick with Jack of Clubs&#xD;
Test&#xD;
Test&#xD;
Player Test1 won trick with Six of Spades&#xD;
Test&#xD;
Test&#xD;
Player Test1 won trick with Ten of Spades&#xD;
Test&#xD;
Test&#xD;
Test&#xD;
Test&#xD;
Player Test1 won trick with King of Hearts&#xD;
Test&#xD;
Test&#xD;
Test&#xD;
Test&#xD;
Player Test1 won trick with Six of Spades&#xD;
Test&#xD;
Test&#xD;
Player Test1 won trick with Seven of Spades&#xD;
Test&#xD;
Test&#xD;
Test&#xD;
Test&#xD;
Player Test1 won trick with Three of Hearts&#xD;
Test&#xD;
Test&#xD;
Player Test2 won trick with Seven of Clubs&#xD;
Test&#xD;
Test&#xD;
Player Test1 won trick with Queen of Clubs&#xD;
Test&#xD;
Test&#xD;
Test&#xD;
Player Test1 won trick with Nine of Clubs&#xD;
Test&#xD;
Test&#xD;
Test&#xD;
Player Test1 won trick with Six of Spades&#xD;
Test&#xD;
Test&#xD;
Player Test3 won trick with Ten of Diamonds&#xD;
Test&#xD;
Test&#xD;
Test&#xD;
Player Test1 won trick with Six of Spades&#xD;
Test&#xD;
Test&#xD;
Test&#xD;
Player Test1 won trick with Eight of Hearts&#xD;
Test&#xD;
Test&#xD;
Test&#xD;
Player Test1 won trick with Jack of Spades&#xD;
Test&#xD;
Test&#xD;
Test&#xD;
Player Test4 won trick with Ten of Hearts&#xD;
Test&#xD;
Test&#xD;
Player Test1 won trick with Three of Clubs&#xD;
Test&#xD;
Test&#xD;
Player Test1 won trick with Ace of Clubs&#xD;
Test&#xD;
Test&#xD;
Player Test3 won trick with King of Diamonds&#xD;
Test&#xD;
Test&#xD;
Player Test4 won trick with Eight of Clubs&#xD;
Test&#xD;
Test&#xD;
Test&#xD;
Test&#xD;
Player Test1 won trick with Ace of Hearts&#xD;
Test&#xD;
Test&#xD;
Test&#xD;
Player Test1 won trick with King of Hearts&#xD;
Test&#xD;
Test&#xD;
Test&#xD;
Player Test2 won trick with King of Diamonds&#xD;
Test&#xD;
Test&#xD;
Test&#xD;
Player Test4 won trick with Eight of Hearts&#xD;
Test&#xD;
Test&#xD;
Test&#xD;
Player Test1 won trick with Five of Spades&#xD;
Test&#xD;
Player Test1 won trick with Six of Diamonds&#xD;
Test&#xD;
Test&#xD;
Test&#xD;
Player Test1 won trick with Four of Clubs&#xD;
Test&#xD;
Test&#xD;
Player Test1 won trick with Ace of Diamonds&#xD;
Test&#xD;
Test&#xD;
Player Test4 won trick with King of Clubs&#xD;
Test&#xD;
Test&#xD;
Test&#xD;
Player Test3 won trick with Ten of Hearts&#xD;
Test&#xD;
Test&#xD;
Player Test1 won trick with Ten of Spades&#xD;
Test&#xD;
Test&#xD;
Player Test4 won trick with Ace of Spades&#xD;
Test&#xD;
Test&#xD;
Test&#xD;
Player Test1 won trick with Four of Clubs&#xD;
Test&#xD;
Test&#xD;
Test&#xD;
Player Test4 won trick with Jack of Spades&#xD;
Test&#xD;
Test&#xD;
Player Test2 won trick with Queen of Spades&#xD;
Test&#xD;
Test&#xD;
Player Test4 won trick with Ace of Clubs&#xD;
Test&#xD;
Test&#xD;
Test&#xD;
Player Test1 won trick with Ten of Hearts&#xD;
Test&#xD;
Test&#xD;
Test&#xD;
Test&#xD;
Player Test1 won trick with Nine of Hearts&#xD;
Test&#xD;
Test&#xD;
Test&#xD;
Player Test1 won trick with Five of Diamonds&#xD;
Test&#xD;
Test&#xD;
Test&#xD;
Test&#xD;
Player Test1 won trick with Seven of Hearts&#xD;
Test&#xD;
Test&#xD;
Player Test3 won trick with Seven of Spades&#xD;
Test&#xD;
Test&#xD;
Test&#xD;
Player Test1 won trick with Five of Clubs&#xD;
Test&#xD;
Test&#xD;
Test&#xD;
Player Test1 won trick with Nine of Diamonds&#xD;
Test&#xD;
Test&#xD;
Test&#xD;
Test&#xD;
Player Test1 won trick with Nine of Hearts&#xD;
Test&#xD;
Test&#xD;
Player Test3 won trick with Queen of Hearts&#xD;
Test&#xD;
Test&#xD;
Test&#xD;
Test&#xD;
Player Test1 won trick with Four of Hearts&#xD;
Test&#xD;
Test&#xD;
Player Test1 won trick with King of Hearts&#xD;
Test&#xD;
Test&#xD;
Player Test1 won trick with Queen of Diamonds&#xD;
Test&#xD;
Test&#xD;
Test&#xD;
Player Test1 won trick with Five of Spades&#xD;
Test&#xD;
Test&#xD;
Test&#xD;
Test&#xD;
Player Test1 won trick with Eight of Hearts&#xD;
Test&#xD;
Test&#xD;
Test&#xD;
Player Test1 won trick with Seven of Spades&#xD;
Test&#xD;
Test&#xD;
Test&#xD;
Player Test1 won trick with Seven of Clubs&#xD;
Test&#xD;
Player Test3 won trick with Ace of Diamonds&#xD;
Test&#xD;
Test&#xD;
Player Test1 won trick with Ace of Spades&#xD;
Test&#xD;
Test&#xD;
Player Test2 won trick with Queen of Diamonds&#xD;
Test&#xD;
Test&#xD;
Test&#xD;
Player Test1 won trick with Eight of Clubs&#xD;
Test&#xD;
Test&#xD;
Test&#xD;
Player Test1 won trick with Queen of Spades&#xD;
Test&#xD;
Test&#xD;
Test&#xD;
Test&#xD;
Player Test1 won trick with Five of Hearts&#xD;
Test&#xD;
Test&#xD;
Test&#xD;
Test&#xD;
Player Test1 won trick with Five of Hearts&#xD;
Test&#xD;
Test&#xD;
Player Test1 won trick with Seven of Diamonds&#xD;
Test&#xD;
Test&#xD;
Player Test3 won trick with Queen of Clubs&#xD;
Test&#xD;
Test&#xD;
Test&#xD;
Player Test4 won trick with Jack of Spades&#xD;
Test&#xD;
Test&#xD;
Test&#xD;
Player Test1 won trick with Seven of Hearts&#xD;
Test&#xD;
Test&#xD;
Test&#xD;
Player Test1 won trick with Two of Hearts&#xD;
Test&#xD;
Test&#xD;
Player Test1 won trick with Seven of Diamonds&#xD;
Test&#xD;
Test&#xD;
Test&#xD;
Player Test3 won trick with Ace of Hearts&#xD;
Test&#xD;
Test&#xD;
Player Test2 won trick with Seven of Clubs&#xD;
Test&#xD;
Test&#xD;
Test&#xD;
Test&#xD;
Player Test1 won trick with Four of Hearts&#xD;
Test&#xD;
Test&#xD;
Test&#xD;
Test&#xD;
Player Test1 won trick with Ten of Hearts&#xD;
Test&#xD;
Test&#xD;
Test&#xD;
Player Test1 won trick with Six of Diamonds&#xD;
Test&#xD;
Test&#xD;
Test&#xD;
Player Test1 won trick with Five of Spades&#xD;
Test&#xD;
Test&#xD;
Test&#xD;
Player Test1 won trick with Two of Clubs&#xD;
Test&#xD;
Test&#xD;
Test&#xD;
Player Test1 won trick with Eight of Spades&#xD;
Test&#xD;
Test&#xD;
Test&#xD;
Player Test1 won trick with Jack of Hearts&#xD;
Test&#xD;
Test&#xD;
Test&#xD;
Player Test1 won trick with Nine of Diamonds&#xD;
Test&#xD;
Test&#xD;
Test&#xD;
Player Test1 won trick with Three of Clubs&#xD;
Test&#xD;
Test&#xD;
Player Test4 won trick with Five of Diamonds&#xD;
Test&#xD;
Player Test4 won trick with Nine of Spades&#xD;
Test&#xD;
Test&#xD;
Player Test1 won trick with Jack of Spades&#xD;
Test&#xD;
Test&#xD;
Player Test1 won trick with Seven of Clubs&#xD;
Test&#xD;
Test&#xD;
Player Test1 won trick with Three of Diamonds&#xD;
Test&#xD;
Test&#xD;
Test&#xD;
Test&#xD;
Player Test1 won trick with Four of Hearts&#xD;
Test&#xD;
Test&#xD;
Test&#xD;
Player Test1 won trick with Five of Diamonds&#xD;
Test&#xD;
Test&#xD;
Test&#xD;
Player Test3 won trick with Six of Hearts&#xD;
Test&#xD;
Test&#xD;
Player Test1 won trick with Ten of Spades&#xD;
Test&#xD;
Player Test1 won trick with King of Spades&#xD;
Test&#xD;
Test&#xD;
Test&#xD;
Player Test1 won trick with Five of Clubs&#xD;
Test&#xD;
Test&#xD;
Player Test1 won trick with Queen of Diamonds&#xD;
Test&#xD;
Test&#xD;
Test&#xD;
Player Test1 won trick with Five of Clubs&#xD;
Test&#xD;
Test&#xD;
Player Test2 won trick with Six of Hearts&#xD;
Test&#xD;
Test&#xD;
Test&#xD;
Player Test1 won trick with Eight of Spades&#xD;
Test&#xD;
Test&#xD;
Test&#xD;
Player Test1 won trick with Ace of Clubs&#xD;
Test&#xD;
Test&#xD;
Test&#xD;
Player Test1 won trick with Nine of Clubs&#xD;
Test&#xD;
Test&#xD;
Player Test1 won trick with Nine of Clubs&#xD;
Test&#xD;
Test&#xD;
Player Test1 won trick with Six of Spades&#xD;
Test&#xD;
Test&#xD;
Player Test1 won trick with Queen of Clubs&#xD;
Test&#xD;
Test&#xD;
Player Test2 won trick with Ace of Diamonds&#xD;
Test&#xD;
Test&#xD;
Test&#xD;
Player Test1 won trick with Nine of Hearts&#xD;
Test&#xD;
Test&#xD;
Test&#xD;
Player Test2 won trick with Queen of Hearts&#xD;
Test&#xD;
Test&#xD;
Test&#xD;
Player Test1 won trick with Ace of Hearts&#xD;
Test&#xD;
Test&#xD;
Player Test4 won trick with Jack of Clubs&#xD;
Test&#xD;
Test&#xD;
Player Test3 won trick with Eight of Diamonds&#xD;
Test&#xD;
Test&#xD;
Player Test4 won trick with Ace of Diamonds&#xD;
Test&#xD;
Test&#xD;
Player Test4 won trick with King of Diamonds&#xD;
Test&#xD;
Test&#xD;
Test&#xD;
Player Test1 won trick with Queen of Diamonds&#xD;
Test&#xD;
Test&#xD;
Test&#xD;
Player Test1 won trick with King of Hearts&#xD;
Test&#xD;
Test&#xD;
Test&#xD;
Player Test1 won trick with Eight of Clubs&#xD;
Test&#xD;
Test&#xD;
Test&#xD;
Test&#xD;
Player Test1 won trick with Seven of Hearts&#xD;
Test&#xD;
Test&#xD;
Test&#xD;
Player Test1 won trick with Eight of Clubs&#xD;
Test&#xD;
Player Test1 won trick with Queen of Spades&#xD;
Test&#xD;
Test&#xD;
Test&#xD;
Test&#xD;
Player Test1 won trick with Three of Hearts&#xD;
Test&#xD;
Test&#xD;
Test&#xD;
Test&#xD;
Player Test1 won trick with Four of Hearts&#xD;
Test&#xD;
Test&#xD;
Test&#xD;
Player Test1 won trick with Seven of Diamonds&#xD;
Test&#xD;
Test&#xD;
Test&#xD;
Player Test1 won trick with Eight of Clubs&#xD;
Test&#xD;
Test&#xD;
Player Test2 won trick with Ten of Spades&#xD;
Test&#xD;
Player Test1 won trick with King of Clubs&#xD;
Test&#xD;
Test&#xD;
Test&#xD;
Test&#xD;
Player Test1 won trick with Six of Hearts&#xD;
Test&#xD;
Test&#xD;
Player Test1 won trick with Jack of Spades&#xD;
Test&#xD;
Player Test1 won trick with Ace of Hearts&#xD;
Test&#xD;
Test&#xD;
Player Test1 won trick with Ten of Spades&#xD;
Test&#xD;
Test&#xD;
Player Test1 won trick with Six of Clubs&#xD;
Test&#xD;
Test&#xD;
Test&#xD;
Test&#xD;
Player Test1 won trick with Ace of Hearts&#xD;
Test&#xD;
Player Test4 won trick with Queen of Clubs&#xD;
Test&#xD;
Test&#xD;
Player Test1 won trick with Six of Hearts&#xD;
Test&#xD;
Player Test2 won trick with Nine of Spades&#xD;
Test&#xD;
Test&#xD;
Player Test1 won trick with Queen of Spades&#xD;
Test&#xD;
Player Test1 won trick with Ace of Clubs&#xD;
Test&#xD;
Test&#xD;
Player Test4 won trick with King of Spades&#xD;
Test&#xD;
Test&#xD;
Player Test1 won trick with Jack of Diamonds&#xD;
Test&#xD;
Test&#xD;
Player Test3 won trick with Jack of Spades&#xD;
Test&#xD;
Test&#xD;
Test&#xD;
Player Test1 won trick with Queen of Spades&#xD;
Test&#xD;
Test&#xD;
Test&#xD;
Player Test1 won trick with Four of Spades&#xD;
Test&#xD;
Test&#xD;
Test&#xD;
Player Test1 won trick with King of Hearts&#xD;
Test&#xD;
Test&#xD;
Test&#xD;
Player Test2 won trick with Queen of Hearts&#xD;
Test&#xD;
Test&#xD;
Player Test1 won trick with Jack of Clubs&#xD;
Test&#xD;
Player Test1 won trick with King of Spades&#xD;
Test&#xD;
Test&#xD;
Test&#xD;
Player Test3 won trick with Six of Hearts&#xD;
Test&#xD;
Player Test1 won trick with Queen of Spades&#xD;
Test&#xD;
Test&#xD;
Player Test4 won trick with Seven of Diamonds&#xD;
Test&#xD;
Test&#xD;
Test&#xD;
Test&#xD;
Player Test1 won trick with Four of Diamonds&#xD;
Test&#xD;
Test&#xD;
Test&#xD;
Player Test1 won trick with Five of Spades&#xD;
Test&#xD;
Test&#xD;
Test&#xD;
Player Test1 won trick with Seven of Clubs&#xD;
Test&#xD;
Test&#xD;
Player Test3 won trick with Seven of Clubs&#xD;
Test&#xD;
Test&#xD;
Test&#xD;
Test&#xD;
Player Test1 won trick with King of Diamonds&#xD;
Test&#xD;
Test&#xD;
Test&#xD;
Test&#xD;
Player Test1 won trick with Six of Hearts&#xD;
Test&#xD;
Test&#xD;
Test&#xD;
Player Test3 won trick with Ace of Spades&#xD;
Test&#xD;
Test&#xD;
Player Test4 won trick with Eight of Clubs&#xD;
Test&#xD;
Test&#xD;
Test&#xD;
Player Test3 won trick with Queen of Hearts&#xD;
Test&#xD;
Test&#xD;
Test&#xD;
Test&#xD;
Player Test1 won trick with Queen of Hearts&#xD;
Test&#xD;
Test&#xD;
Player Test2 won trick with Queen of Hearts&#xD;
Test&#xD;
Test&#xD;
Player Test1 won trick with Nine of Clubs&#xD;
Test&#xD;
Test&#xD;
Test&#xD;
Player Test1 won trick with Queen of Hearts&#xD;
Test&#xD;
Test&#xD;
Player Test4 won trick with Queen of Hearts&#xD;
Test&#xD;
Player Test2 won trick with Ten of Spades&#xD;
Test&#xD;
Test&#xD;
Test&#xD;
Player Test1 won trick with Ten of Clubs&#xD;
Test&#xD;
Test&#xD;
Test&#xD;
Player Test1 won trick with Six of Clubs&#xD;
Test&#xD;
Test&#xD;
Test&#xD;
Test&#xD;
Player Test1 won trick with Seven of Spades&#xD;
Test&#xD;
Test&#xD;
Test&#xD;
Player Test1 won trick with Seven of Spades&#xD;
Test&#xD;
Player Test2 won trick with Eight of Spades&#xD;
Test&#xD;
Test&#xD;
Test&#xD;
Player Test1 won trick with Queen of Hearts&#xD;
Test&#xD;
Player Test1 won trick with Ten of Spades&#xD;
Test&#xD;
Test&#xD;
Test&#xD;
Player Test1 won trick with Nine of Clubs&#xD;
Test&#xD;
Test&#xD;
Test&#xD;
Test&#xD;
Player Test1 won trick with Four of Hearts&#xD;
Test&#xD;
Test&#xD;
Player Test1 won trick with Ace of Clubs&#xD;
Test&#xD;
Test&#xD;
Test&#xD;
Player Test1 won trick with Six of Spades&#xD;
Test&#xD;
Player Test3 won trick with Ten of Diamonds&#xD;
Test&#xD;
Test&#xD;
Player Test1 won trick with Nine of Diamonds&#xD;
Test&#xD;
Test&#xD;
Player Test2 won trick with King of Diamonds&#xD;
Test&#xD;
Test&#xD;
Test&#xD;
Player Test1 won trick with Ten of Spades&#xD;
Test&#xD;
Test&#xD;
Test&#xD;
Player Test1 won trick with Nine of Spades&#xD;
Test&#xD;
Test&#xD;
Test&#xD;
Player Test4 won trick with Jack of Hearts&#xD;
Test&#xD;
Test&#xD;
Player Test3 won trick with Nine of Spades&#xD;
Test&#xD;
Test&#xD;
Test&#xD;
Test&#xD;
Player Test1 won trick with Seven of Hearts&#xD;
Test&#xD;
Test&#xD;
Test&#xD;
Player Test3 won trick with Ace of Hearts&#xD;
Test&#xD;
Test&#xD;
Player Test1 won trick with Eight of Hearts&#xD;
Test&#xD;
Test&#xD;
Test&#xD;
Player Test1 won trick with Four of Spades&#xD;
Test&#xD;
Test&#xD;
Player Test4 won trick with Four of Clubs&#xD;
Test&#xD;
Player Test2 won trick with Ace of Spades&#xD;
Test&#xD;
Test&#xD;
Player Test1 won trick with Seven of Diamonds&#xD;
Test&#xD;
Test&#xD;
Test&#xD;
Player Test3 won trick with King of Hearts&#xD;
Test&#xD;
Test&#xD;
Test&#xD;
Player Test1 won trick with Four of Hearts&#xD;
Test&#xD;
Player Test1 won trick with King of Clubs&#xD;
Test&#xD;
Player Test4 won trick with Ace of Diamonds&#xD;
Test&#xD;
Test&#xD;
Test&#xD;
Player Test1 won trick with Five of Diamonds&#xD;
Test&#xD;
Test&#xD;
Test&#xD;
Player Test1 won trick with King of Hearts&#xD;
Test&#xD;
Test&#xD;
Test&#xD;
Player Test1 won trick with Nine of Diamonds&#xD;
Test&#xD;
Test&#xD;
Player Test3 won trick with King of Diamonds&#xD;
Test&#xD;
Player Test2 won trick with Jack of Spades&#xD;
Test&#xD;
Test&#xD;
Player Test4 won trick with Queen of Hearts&#xD;
Test&#xD;
Test&#xD;
Player Test2 won trick with Seven of Diamonds&#xD;
Test&#xD;
Test&#xD;
Test&#xD;
Player Test1 won trick with Three of Clubs&#xD;
Test&#xD;
Test&#xD;
Player Test1 won trick with King of Spades&#xD;
Test&#xD;
Test&#xD;
Test&#xD;
Test&#xD;
Player Test1 won trick with Three of Hearts&#xD;
Test&#xD;
Test&#xD;
Test&#xD;
Test&#xD;
Player Test1 won trick with Two of Hearts&#xD;
Test&#xD;
Test&#xD;
Test&#xD;
Player Test1 won trick with King of Spades&#xD;
Test&#xD;
Test&#xD;
Player Test2 won trick with Ace of Clubs&#xD;
Test&#xD;
Player Test1 won trick with Jack of Diamonds&#xD;
Test&#xD;
Test&#xD;
Player Test1 won trick with Jack of Clubs&#xD;
Test&#xD;
Test&#xD;
Test&#xD;
Player Test1 won trick with Ace of Hearts&#xD;
Test&#xD;
Test&#xD;
Test&#xD;
Player Test3 won trick with Jack of Hearts&#xD;
Test&#xD;
Test&#xD;
Test&#xD;
Test&#xD;
Player Test1 won trick with Three of Hearts&#xD;
Test&#xD;
Player Test1 won trick with Jack of Clubs&#xD;
Test&#xD;
Test&#xD;
Test&#xD;
Player Test1 won trick with Four of Spades&#xD;
Test&#xD;
Test&#xD;
Test&#xD;
Player Test1 won trick with Six of Clubs&#xD;
Test&#xD;
Test&#xD;
Test&#xD;
Player Test1 won trick with King of Clubs&#xD;
Test&#xD;
Test&#xD;
Test&#xD;
Player Test1 won trick with King of Clubs&#xD;
Test&#xD;
Test&#xD;
Test&#xD;
Player Test1 won trick with Six of Spades&#xD;
Test&#xD;
Player Test4 won trick with Eight of Diamonds&#xD;
Test&#xD;
Player Test1 won trick with King of Clubs&#xD;
Test&#xD;
Test&#xD;
Test&#xD;
Player Test1 won trick with Ten of Diamonds&#xD;
Test&#xD;
Test&#xD;
Test&#xD;
Player Test1 won trick with Four of Diamonds&#xD;
Test&#xD;
Test&#xD;
Test&#xD;
Player Test1 won trick with Queen of Diamonds&#xD;
Test&#xD;
Test&#xD;
Player Test4 won trick with Three of Spades&#xD;
Test&#xD;
Player Test2 won trick with Nine of Clubs&#xD;
Test&#xD;
Test&#xD;
Player Test3 won trick with Jack of Spades&#xD;
Test&#xD;
Test&#xD;
Player Test1 won trick with Jack of Diamonds&#xD;
Test&#xD;
Test&#xD;
Test&#xD;
Player Test1 won trick with Ten of Hearts&#xD;
Test&#xD;
Test&#xD;
Player Test1 won trick with Ten of Diamonds&#xD;
Test&#xD;
Test&#xD;
Player Test1 won trick with Ace of Clubs&#xD;
Test&#xD;
Test&#xD;
Test&#xD;
Player Test1 won trick with Ace of Spades&#xD;
Test&#xD;
Test&#xD;
Player Test1 won trick with Jack of Diamonds&#xD;
Test&#xD;
Test&#xD;
Test&#xD;
Player Test1 won trick with Three of Diamonds&#xD;
Test&#xD;
Test&#xD;
Test&#xD;
Player Test1 won trick with Seven of Spades&#xD;
Test&#xD;
Test&#xD;
Player Test1 won trick with Ace of Clubs&#xD;
Test&#xD;
Test&#xD;
Test&#xD;
Player Test1 won trick with Jack of Spades&#xD;
Test&#xD;
Test&#xD;
Test&#xD;
Player Test2 won trick with King of Hearts&#xD;
Test&#xD;
Test&#xD;
Player Test3 won trick with Seven of Spades&#xD;
Test&#xD;
Test&#xD;
Test&#xD;
Player Test1 won trick with Eight of Clubs&#xD;
Test&#xD;
Test&#xD;
Test&#xD;
Test&#xD;
Player Test1 won trick with Nine of Hearts&#xD;
Test&#xD;
Test&#xD;
Test&#xD;
Test&#xD;
Player Test1 won trick with Five of Hearts&#xD;
Test&#xD;
Test&#xD;
Player Test1 won trick with Seven of Diamonds&#xD;
Test&#xD;
Test&#xD;
Test&#xD;
Player Test3 won trick with Five of Hearts&#xD;
Test&#xD;
Test&#xD;
Player Test1 won trick with Seven of Spades&#xD;
Test&#xD;
Test&#xD;
Player Test1 won trick with Jack of Clubs&#xD;
Test&#xD;
Test&#xD;
Test&#xD;
Player Test1 won trick with Six of Spades&#xD;
Test&#xD;
Test&#xD;
Player Test3 won trick with Ace of Diamonds&#xD;
Test&#xD;
Test&#xD;
Test&#xD;
Player Test1 won trick with Nine of Diamonds&#xD;
Test&#xD;
Test&#xD;
Player Test2 won trick with Jack of Spades&#xD;
Test&#xD;
Test&#xD;
Test&#xD;
Player Test4 won trick with Nine of Spades&#xD;
Test&#xD;
Test&#xD;
Player Test4 won trick with Ace of Diamonds&#xD;
Test&#xD;
Test&#xD;
Test&#xD;
Player Test1 won trick with Three of Clubs&#xD;
Test&#xD;
Test&#xD;
Test&#xD;
Player Test1 won trick with Six of Diamonds&#xD;
Test&#xD;
Test&#xD;
Test&#xD;
Test&#xD;
Player Test1 won trick with Seven of Hearts&#xD;
Test&#xD;
Test&#xD;
Player Test3 won trick with Eight of Diamonds&#xD;
Test&#xD;
Test&#xD;
Test&#xD;
Test&#xD;
Player Test1 won trick with Seven of Hearts&#xD;
Test&#xD;
Test&#xD;
Test&#xD;
Player Test3 won trick with Six of Diamonds&#xD;
Test&#xD;
Test&#xD;
Test&#xD;
Player Test1 won trick with Jack of Clubs&#xD;
Test&#xD;
Test&#xD;
Player Test1 won trick with Eight of Clubs&#xD;
Test&#xD;
Test&#xD;
Player Test2 won trick with Ace of Diamonds&#xD;
Test&#xD;
Test&#xD;
Test&#xD;
Test&#xD;
Player Test1 won trick with Two of Hearts&#xD;
Test&#xD;
Test&#xD;
Player Test1 won trick with Jack of Diamonds&#xD;
Test&#xD;
Test&#xD;
Player Test3 won trick with Nine of Spades&#xD;
Test&#xD;
Test&#xD;
Test&#xD;
Player Test1 won trick with Nine of Spades&#xD;
Test&#xD;
Test&#xD;
Player Test4 won trick with Nine of Spades&#xD;
Test&#xD;
Player Test4 won trick with Queen of Diamonds&#xD;
Test&#xD;
Test&#xD;
Player Test2 won trick with Three of Spades&#xD;
Test&#xD;
Test&#xD;
Player Test1 won trick with Jack of Diamonds&#xD;
Test&#xD;
Test&#xD;
Test&#xD;
Player Test1 won trick with Queen of Hearts&#xD;
Player Test2 won trick with Ace of Clubs&#xD;
Test&#xD;
Test&#xD;
Test&#xD;
Player Test1 won trick with Six of Spades&#xD;
Test&#xD;
Test&#xD;
Player Test1 won trick with Jack of Spades&#xD;
Test&#xD;
Test&#xD;
Test&#xD;
Player Test1 won trick with Eight of Diamonds&#xD;
Test&#xD;
Test&#xD;
Test&#xD;
Test&#xD;
Player Test1 won trick with Three of Hearts&#xD;
Test&#xD;
Test&#xD;
Test&#xD;
Test&#xD;
Player Test1 won trick with Five of Hearts&#xD;
Test&#xD;
Test&#xD;
Test&#xD;
Player Test2 won trick with Ten of Hearts&#xD;
Test&#xD;
Test&#xD;
Player Test3 won trick with Nine of Spades&#xD;
Test&#xD;
Player Test1 won trick with Ace of Diamonds&#xD;
Test&#xD;
Test&#xD;
Player Test1 won trick with Eight of Diamonds&#xD;
Test&#xD;
Test&#xD;
Player Test1 won trick with King of Diamonds&#xD;
Test&#xD;
Test&#xD;
Player Test2 won trick with King of Diamonds&#xD;
Test&#xD;
Test&#xD;
Player Test1 won trick with Nine of Spades&#xD;
Test&#xD;
Test&#xD;
Test&#xD;
Player Test2 won trick with Five of Hearts&#xD;
Test&#xD;
Test&#xD;
Player Test1 won trick with Ace of Diamonds&#xD;
Test&#xD;
Test&#xD;
Player Test1 won trick with Queen of Diamonds&#xD;
Test&#xD;
Test&#xD;
Test&#xD;
Player Test4 won trick with Four of Hearts&#xD;
Test&#xD;
Test&#xD;
Player Test4 won trick with Seven of Diamonds&#xD;
Test&#xD;
Test&#xD;
Test&#xD;
Player Test1 won trick with King of Spades&#xD;
Test&#xD;
Test&#xD;
Player Test1 won trick with Eight of Diamonds&#xD;
Test&#xD;
Test&#xD;
Player Test4 won trick with Ace of Hearts&#xD;
Test&#xD;
Test&#xD;
Test&#xD;
Test&#xD;
Player Test1 won trick with Queen of Hearts&#xD;
Test&#xD;
Test&#xD;
Player Test1 won trick with Queen of Spades&#xD;
Test&#xD;
Test&#xD;
Player Test1 won trick with Jack of Diamonds&#xD;
Test&#xD;
Player Test4 won trick with Nine of Spades&#xD;
Test&#xD;
Test&#xD;
Player Test1 won trick with Queen of Hearts&#xD;
Test&#xD;
Test&#xD;
Player Test1 won trick with Seven of Diamonds&#xD;
Test&#xD;
Test&#xD;
Player Test1 won trick with Ten of Clubs&#xD;
Test&#xD;
Test&#xD;
Player Test2 won trick with Ace of Diamonds&#xD;
Test&#xD;
Test&#xD;
Test&#xD;
Test&#xD;
Player Test1 won trick with Eight of Hearts&#xD;
Test&#xD;
Test&#xD;
Player Test1 won trick with Six of Spades&#xD;
Test&#xD;
Test&#xD;
Test&#xD;
Player Test1 won trick with Three of Clubs&#xD;
Test&#xD;
Test&#xD;
Test&#xD;
Player Test1 won trick with Nine of Hearts&#xD;
Test&#xD;
Test&#xD;
Test&#xD;
Player Test1 won trick with Ten of Clubs&#xD;
Test&#xD;
Test&#xD;
Player Test3 won trick with Three of Clubs&#xD;
Test&#xD;
Test&#xD;
Test&#xD;
Player Test1 won trick with Queen of Clubs&#xD;
Test&#xD;
Test&#xD;
Test&#xD;
Player Test1 won trick with Four of Clubs&#xD;
Test&#xD;
Test&#xD;
Test&#xD;
Player Test1 won trick with Two of Clubs&#xD;
Test&#xD;
Test&#xD;
Player Test3 won trick with Eight of Clubs&#xD;
Test&#xD;
Test&#xD;
Player Test2 won trick with Nine of Clubs&#xD;
Test&#xD;
Test&#xD;
Test&#xD;
Player Test1 won trick with Seven of Spades&#xD;
Test&#xD;
Player Test3 won trick with King of Spades&#xD;
Test&#xD;
Test&#xD;
Test&#xD;
Test&#xD;
Player Test1 won trick with Two of Spades&#xD;
Test&#xD;
Test&#xD;
Player Test4 won trick with King of Hearts&#xD;
Test&#xD;
Test&#xD;
Test&#xD;
Player Test2 won trick with Eight of Hearts&#xD;
Test&#xD;
Test&#xD;
Player Test4 won trick with Ace of Diamonds&#xD;
Test&#xD;
Test&#xD;
Player Test1 won trick with Four of Spades&#xD;
Test&#xD;
Test&#xD;
Player Test2 won trick with Six of Clubs&#xD;
Test&#xD;
Test&#xD;
Test&#xD;
Player Test1 won trick with Ten of Hearts&#xD;
Test&#xD;
Test&#xD;
Player Test3 won trick with Ten of Clubs&#xD;
Test&#xD;
Test&#xD;
Test&#xD;
Test&#xD;
Player Test1 won trick with Jack of Hearts&#xD;
Test&#xD;
Test&#xD;
Test&#xD;
Player Test1 won trick with Eight of Spades&#xD;
Test&#xD;
Test&#xD;
Player Test1 won trick with Ace of Hearts&#xD;
Test&#xD;
Test&#xD;
Test&#xD;
Player Test1 won trick with Seven of Hearts&#xD;
Test&#xD;
Test&#xD;
Test&#xD;
Player Test1 won trick with Seven of Diamonds&#xD;
Test&#xD;
Test&#xD;
Test&#xD;
Player Test1 won trick with Queen of Spades&#xD;
Test&#xD;
Test&#xD;
Player Test2 won trick with King of Diamonds&#xD;
Test&#xD;
Test&#xD;
Test&#xD;
Player Test1 won trick with Five of Hearts&#xD;
Test&#xD;
Test&#xD;
Test&#xD;
Test&#xD;
Player Test1 won trick with Ace of Hearts&#xD;
Test&#xD;
Test&#xD;
Player Test1 won trick with Eight of Diamonds&#xD;
Test&#xD;
Test&#xD;
Player Test2 won trick with King of Clubs&#xD;
Test&#xD;
Test&#xD;
Test&#xD;
Player Test1 won trick with Six of Hearts&#xD;
Test&#xD;
Test&#xD;
Test&#xD;
Test&#xD;
Player Test1 won trick with Eight of Clubs&#xD;
Test&#xD;
Test&#xD;
Player Test1 won trick with Six of Spades&#xD;
Test&#xD;
Player Test2 won trick with Jack of Clubs&#xD;
Test&#xD;
Test&#xD;
Test&#xD;
Test&#xD;
Player Test1 won trick with Two of Hearts&#xD;
Test&#xD;
Test&#xD;
Player Test1 won trick with Jack of Clubs&#xD;
Test&#xD;
Player Test4 won trick with Queen of Diamonds&#xD;
Test&#xD;
Test&#xD;
Player Test1 won trick with Four of Spades&#xD;
Test&#xD;
Test&#xD;
Test&#xD;
Player Test1 won trick with Ten of Diamonds&#xD;
Test&#xD;
Test&#xD;
Test&#xD;
Player Test1 won trick with Two of Diamonds&#xD;
Test&#xD;
Test&#xD;
Test&#xD;
Player Test1 won trick with Three of Clubs&#xD;
Test&#xD;
Test&#xD;
Test&#xD;
Player Test1 won trick with Jack of Diamonds&#xD;
Test&#xD;
Test&#xD;
Test&#xD;
Test&#xD;
Player Test1 won trick with Queen of Hearts&#xD;
Test&#xD;
Test&#xD;
Player Test1 won trick with Seven of Clubs&#xD;
Test&#xD;
Test&#xD;
Test&#xD;
Player Test1 won trick with Eight of Diamonds&#xD;
Test&#xD;
Player Test1 won trick with Queen of Clubs&#xD;
Test&#xD;
Test&#xD;
Player Test3 won trick with Eight of Diamonds&#xD;
Test&#xD;
Test&#xD;
Test&#xD;
Test&#xD;
Player Test1 won trick with Ace of Diamonds&#xD;
Test&#xD;
Test&#xD;
Test&#xD;
Player Test1 won trick with Two of Diamonds&#xD;
Test&#xD;
Test&#xD;
Test&#xD;
Test&#xD;
Player Test1 won trick with Five of Hearts&#xD;
Test&#xD;
Test&#xD;
Test&#xD;
Player Test1 won trick with Six of Clubs&#xD;
Test&#xD;
Test&#xD;
Test&#xD;
Player Test1 won trick with Nine of Diamonds&#xD;
Test&#xD;
Test&#xD;
Player Test1 won trick with Jack of Diamonds&#xD;
Test&#xD;
Test&#xD;
Player Test1 won trick with Ace of Clubs&#xD;
Test&#xD;
Test&#xD;
Player Test1 won trick with Jack of Spades&#xD;
Test&#xD;
Test&#xD;
Test&#xD;
Test&#xD;
Player Test1 won trick with Jack of Hearts&#xD;
Test&#xD;
Test&#xD;
Test&#xD;
Player Test4 won trick with Ace of Diamonds&#xD;
Test&#xD;
Test&#xD;
Player Test1 won trick with King of Diamonds&#xD;
Test&#xD;
Test&#xD;
Test&#xD;
Player Test1 won trick with Nine of Hearts&#xD;
Test&#xD;
Test&#xD;
Player Test4 won trick with Queen of Hearts&#xD;
Test&#xD;
Test&#xD;
Test&#xD;
Player Test1 won trick with Ace of Spades&#xD;
Test&#xD;
Test&#xD;
Test&#xD;
Test&#xD;
Player Test1 won trick with Five of Hearts&#xD;
Test&#xD;
Player Test2 won trick with King of Hearts&#xD;
Test&#xD;
Test&#xD;
Test&#xD;
Player Test1 won trick with Nine of Clubs&#xD;
Test&#xD;
Test&#xD;
Test&#xD;
Player Test1 won trick with Eight of Clubs&#xD;
Test&#xD;
Player Test1 won trick with King of Spades&#xD;
Test&#xD;
Test&#xD;
Test&#xD;
Player Test1 won trick with Ace of Spades&#xD;
Test&#xD;
Test&#xD;
Player Test2 won trick with Jack of Hearts&#xD;
Test&#xD;
Test&#xD;
Player Test1 won trick with Ace of Spades&#xD;
Test&#xD;
Test&#xD;
Player Test3 won trick with Eight of Hearts&#xD;
Test&#xD;
Test&#xD;
Player Test4 won trick with Ten of Diamonds&#xD;
Test&#xD;
Test&#xD;
Player Test4 won trick with Ten of Diamonds&#xD;
Test&#xD;
Test&#xD;
Player Test2 won trick with Queen of Hearts&#xD;
Test&#xD;
Test&#xD;
Test&#xD;
Player Test3 won trick with Queen of Hearts&#xD;
Test&#xD;
Test&#xD;
Test&#xD;
Test&#xD;
Player Test1 won trick with Five of Hearts&#xD;
Test&#xD;
Player Test1 won trick with Ace of Spades&#xD;
Test&#xD;
Test&#xD;
Test&#xD;
Test&#xD;
Player Test1 won trick with Queen of Diamonds&#xD;
Test&#xD;
Test&#xD;
Test&#xD;
Player Test1 won trick with King of Spades&#xD;
Test&#xD;
Test&#xD;
Player Test2 won trick with King of Clubs&#xD;
Test&#xD;
Test&#xD;
Player Test2 won trick with Queen of Clubs&#xD;
Test&#xD;
Test&#xD;
Player Test4 won trick with King of Diamonds&#xD;
Test&#xD;
Test&#xD;
Player Test2 won trick with Seven of Clubs&#xD;
Test&#xD;
Test&#xD;
Test&#xD;
Player Test1 won trick with Nine of Clubs&#xD;
Test&#xD;
Test&#xD;
Test&#xD;
Player Test1 won trick with Five of Spades&#xD;
Test&#xD;
Test&#xD;
Test&#xD;
Player Test1 won trick with Six of Clubs&#xD;
Test&#xD;
Test&#xD;
Test&#xD;
Player Test1 won trick with Ten of Clubs&#xD;
Test&#xD;
Test&#xD;
Player Test1 won trick with Ten of Spades&#xD;
Test&#xD;
Test&#xD;
Player Test1 won trick with Jack of Diamonds&#xD;
Test&#xD;
Test&#xD;
Test&#xD;
Player Test2 won trick with Five of Hearts&#xD;
Test&#xD;
Test&#xD;
Test&#xD;
Player Test1 won trick with Ace of Spades&#xD;
Test&#xD;
Test&#xD;
Player Test3 won trick with King of Clubs&#xD;
Player Test2 won trick with Ten of Diamonds&#xD;
Test&#xD;
Test&#xD;
Test&#xD;
Player Test4 won trick with Queen of Hearts&#xD;
Test&#xD;
Test&#xD;
Player Test4 won trick with Six of Diamonds&#xD;
Test&#xD;
Test&#xD;
Player Test1 won trick with King of Clubs&#xD;
Test&#xD;
Test&#xD;
Test&#xD;
Player Test1 won trick with Four of Spades&#xD;
Test&#xD;
Player Test4 won trick with Queen of Diamonds&#xD;
Test&#xD;
Test&#xD;
Test&#xD;
Player Test1 won trick with Queen of Diamonds&#xD;
Test&#xD;
Player Test4 won trick with Ace of Clubs&#xD;
Test&#xD;
Test&#xD;
Player Test4 won trick with Ten of Hearts&#xD;
Test&#xD;
Test&#xD;
Player Test1 won trick with Ten of Diamonds&#xD;
Test&#xD;
Test&#xD;
Test&#xD;
Player Test1 won trick with Nine of Spades&#xD;
Test&#xD;
Test&#xD;
Player Test2 won trick with Six of Spades&#xD;
Test&#xD;
Test&#xD;
Test&#xD;
Player Test1 won trick with Ace of Diamonds&#xD;
Test&#xD;
Test&#xD;
Test&#xD;
Player Test3 won trick with Queen of Hearts&#xD;
Test&#xD;
Test&#xD;
Player Test3 won trick with Queen of Spades&#xD;
Test&#xD;
Test&#xD;
Test&#xD;
Player Test1 won trick with Eight of Hearts&#xD;
Test&#xD;
Test&#xD;
Test&#xD;
Player Test1 won trick with Six of Diamonds&#xD;
Test&#xD;
Player Test3 won trick with Ace of Hearts&#xD;
Test&#xD;
Test&#xD;
Test&#xD;
Test&#xD;
Player Test1 won trick with Jack of Hearts&#xD;
Test&#xD;
Test&#xD;
Player Test1 won trick with Ten of Clubs&#xD;
Test&#xD;
Test&#xD;
Test&#xD;
Player Test1 won trick with King of Diamonds&#xD;
Test&#xD;
Test&#xD;
Test&#xD;
Player Test1 won trick with Queen of Hearts&#xD;
Test&#xD;
Test&#xD;
Player Test3 won trick with Nine of Spades&#xD;
Test&#xD;
Test&#xD;
Player Test1 won trick with Queen of Spades&#xD;
Test&#xD;
Test&#xD;
Test&#xD;
Test&#xD;
Player Test1 won trick with King of Diamonds&#xD;
Test&#xD;
Test&#xD;
Test&#xD;
Test&#xD;
Player Test1 won trick with Six of Hearts&#xD;
Test&#xD;
Test&#xD;
Test&#xD;
Player Test1 won trick with Six of Diamonds&#xD;
Test&#xD;
Test&#xD;
Player Test1 won trick with Jack of Diamonds&#xD;
Player Test2 won trick with King of Diamonds&#xD;
Test&#xD;
Test&#xD;
Test&#xD;
Player Test1 won trick with Ten of Spades&#xD;
Test&#xD;
Test&#xD;
Test&#xD;
Test&#xD;
Player Test1 won trick with Two of Hearts&#xD;
Test&#xD;
Player Test1 won trick with King of Clubs&#xD;
Test&#xD;
Player Test2 won trick with King of Spades&#xD;
Test&#xD;
Test&#xD;
Player Test1 won trick with Nine of Diamonds&#xD;
Test&#xD;
Test&#xD;
Test&#xD;
Player Test1 won trick with King of Clubs&#xD;
Test&#xD;
Test&#xD;
Test&#xD;
Player Test1 won trick with Ace of Clubs&#xD;
Test&#xD;
Test&#xD;
Test&#xD;
Test&#xD;
Player Test1 won trick with Eight of Hearts&#xD;
Test&#xD;
Player Test1 won trick with Ace of Clubs&#xD;
Test&#xD;
Test&#xD;
Player Test1 won trick with Nine of Hearts&#xD;
Test&#xD;
Test&#xD;
Test&#xD;
Player Test1 won trick with Ten of Hearts&#xD;
Test&#xD;
Test&#xD;
Test&#xD;
Player Test1 won trick with Queen of Hearts&#xD;
Test&#xD;
Player Test1 won trick with Ten of Spades&#xD;
Test&#xD;
Test&#xD;
Test&#xD;
Player Test1 won trick with Three of Spades&#xD;
Test&#xD;
Test&#xD;
Player Test1 won trick with Eight of Clubs&#xD;
Test&#xD;
Test&#xD;
Test&#xD;
Player Test1 won trick with Seven of Diamonds&#xD;
Test&#xD;
Test&#xD;
Player Test4 won trick with Jack of Clubs&#xD;
Test&#xD;
Test&#xD;
Player Test2 won trick with Jack of Spades&#xD;
Test&#xD;
Test&#xD;
Test&#xD;
Player Test1 won trick with Five of Diamonds&#xD;
Test&#xD;
Test&#xD;
Test&#xD;
Player Test1 won trick with Ten of Diamonds&#xD;
Test&#xD;
Test&#xD;
Player Test3 won trick with Ten of Hearts&#xD;
Test&#xD;
Test&#xD;
Player Test2 won trick with Jack of Clubs&#xD;
Test&#xD;
Test&#xD;
Test&#xD;
Player Test1 won trick with Nine of Diamonds&#xD;
Test&#xD;
Test&#xD;
Test&#xD;
Test&#xD;
Player Test1 won trick with Ace of Spades&#xD;
Test&#xD;
Test&#xD;
Player Test1 won trick with Jack of Diamonds&#xD;
Player Test4 won trick with Jack of Clubs&#xD;
Test&#xD;
Test&#xD;
Test&#xD;
Player Test1 won trick with Five of Diamonds&#xD;
Test&#xD;
Test&#xD;
Test&#xD;
Test&#xD;
Player Test1 won trick with Eight of Hearts&#xD;
Test&#xD;
Test&#xD;
Test&#xD;
Player Test4 won trick with King of Hearts&#xD;
Test&#xD;
Test&#xD;
Player Test3 won trick with Six of Spades&#xD;
Test&#xD;
Test&#xD;
Player Test2 won trick with Jack of Spades&#xD;
Test&#xD;
Test&#xD;
Test&#xD;
Player Test1 won trick with Three of Spades&#xD;
Test&#xD;
Test&#xD;
Test&#xD;
Player Test1 won trick with Three of Diamonds&#xD;
Test&#xD;
Test&#xD;
Test&#xD;
Player Test1 won trick with Ace of Spades&#xD;
Test&#xD;
Test&#xD;
Test&#xD;
Player Test1 won trick with Six of Clubs&#xD;
Test&#xD;
Test&#xD;
Test&#xD;
Test&#xD;
Player Test1 won trick with Five of Clubs&#xD;
Test&#xD;
Test&#xD;
Player Test1 won trick with King of Diamonds&#xD;
Test&#xD;
Test&#xD;
Test&#xD;
Test&#xD;
Player Test1 won trick with Ace of Spades&#xD;
Test&#xD;
Test&#xD;
Player Test4 won trick with Six of Diamonds&#xD;
Test&#xD;
Player Test2 won trick with Queen of Diamonds&#xD;
Test&#xD;
Test&#xD;
Player Test4 won trick with Seven of Spades&#xD;
Test&#xD;
Test&#xD;
Test&#xD;
Player Test1 won trick with Nine of Diamonds&#xD;
Test&#xD;
Test&#xD;
Test&#xD;
Test&#xD;
Player Test1 won trick with Jack of Hearts&#xD;
Test&#xD;
Test&#xD;
Test&#xD;
Player Test1 won trick with Six of Diamonds&#xD;
Test&#xD;
Test&#xD;
Player Test1 won trick with King of Hearts&#xD;
Test&#xD;
Test&#xD;
Test&#xD;
Player Test1 won trick with Seven of Clubs&#xD;
Test&#xD;
Test&#xD;
Player Test1 won trick with Jack of Hearts&#xD;
Test&#xD;
Test&#xD;
Player Test4 won trick with Ace of Hearts&#xD;
Test&#xD;
Test&#xD;
Test&#xD;
Player Test1 won trick with Jack of Diamonds&#xD;
Test&#xD;
Test&#xD;
Test&#xD;
Player Test1 won trick with Ten of Clubs&#xD;
Player Test4 won trick with King of Diamonds&#xD;
Test&#xD;
Test&#xD;
Player Test3 won trick with Seven of Clubs&#xD;
Test&#xD;
Test&#xD;
Test&#xD;
Player Test1 won trick with Seven of Clubs&#xD;
Test&#xD;
Test&#xD;
Player Test1 won trick with Nine of Diamonds&#xD;
Test&#xD;
Test&#xD;
Player Test1 won trick with Six of Diamonds&#xD;
Test&#xD;
Test&#xD;
Test&#xD;
Player Test1 won trick with Nine of Diamonds&#xD;
Test&#xD;
Test&#xD;
Test&#xD;
Player Test1 won trick with Ace of Clubs&#xD;
Test&#xD;
Test&#xD;
Test&#xD;
Test&#xD;
Player Test1 won trick with Seven of Hearts&#xD;
Test&#xD;
Test&#xD;
Test&#xD;
Player Test1 won trick with Five of Diamonds&#xD;
Test&#xD;
Test&#xD;
Test&#xD;
Player Test1 won trick with Four of Spades&#xD;
Test&#xD;
Test&#xD;
Test&#xD;
Test&#xD;
Player Test1 won trick with Jack of Spades&#xD;
Test&#xD;
Test&#xD;
Test&#xD;
Player Test1 won trick with King of Spades&#xD;
Test&#xD;
Test&#xD;
Player Test1 won trick with Four of Spades&#xD;
Test&#xD;
Test&#xD;
Test&#xD;
Player Test1 won trick with Four of Spades&#xD;
Test&#xD;
Test&#xD;
Test&#xD;
Player Test1 won trick with King of Diamonds&#xD;
Test&#xD;
Test&#xD;
Test&#xD;
Player Test3 won trick with King of Hearts&#xD;
Test&#xD;
Test&#xD;
Test&#xD;
Player Test1 won trick with King of Diamonds&#xD;
Test&#xD;
Test&#xD;
Test&#xD;
Test&#xD;
Player Test1 won trick with Eight of Hearts&#xD;
Test&#xD;
Player Test3 won trick with Ace of Clubs&#xD;
Test&#xD;
Test&#xD;
Player Test1 won trick with King of Spades&#xD;
Test&#xD;
Test&#xD;
Test&#xD;
Player Test1 won trick with Four of Clubs&#xD;
Test&#xD;
Test&#xD;
Player Test3 won trick with Jack of Diamonds&#xD;
Test&#xD;
Test&#xD;
Test&#xD;
Test&#xD;
Player Test1 won trick with Two of Hearts&#xD;
Test&#xD;
Test&#xD;
Player Test1 won trick with Ten of Clubs&#xD;
Test&#xD;
Test&#xD;
Test&#xD;
Player Test1 won trick with Eight of Diamonds&#xD;
Test&#xD;
Test&#xD;
Player Test1 won trick with Ten of Diamonds&#xD;
Test&#xD;
Test&#xD;
Test&#xD;
Player Test1 won trick with Ace of Clubs&#xD;
Test&#xD;
Test&#xD;
Test&#xD;
Player Test1 won trick with Three of Diamonds&#xD;
Test&#xD;
Test&#xD;
Test&#xD;
Player Test1 won trick with Queen of Diamonds&#xD;
Test&#xD;
Test&#xD;
Test&#xD;
Player Test1 won trick with Nine of Clubs&#xD;
Test&#xD;
Test&#xD;
Player Test4 won trick with Ace of Diamonds&#xD;
Test&#xD;
Test&#xD;
Player Test1 won trick with Ace of Diamonds&#xD;
Test&#xD;
Test&#xD;
Test&#xD;
Test&#xD;
Player Test1 won trick with Three of Hearts&#xD;
Test&#xD;
Test&#xD;
Test&#xD;
Test&#xD;
Player Test1 won trick with Two of Hearts&#xD;
Test&#xD;
Test&#xD;
Player Test2 won trick with Jack of Spades&#xD;
Test&#xD;
Player Test1 won trick with Nine of Clubs&#xD;
Test&#xD;
Test&#xD;
Player Test1 won trick with Jack of Clubs&#xD;
Test&#xD;
Test&#xD;
Test&#xD;
Player Test1 won trick with Two of Spades&#xD;
Test&#xD;
Test&#xD;
Test&#xD;
Test&#xD;
Player Test1 won trick with Ace of Spades&#xD;
Test&#xD;
Test&#xD;
Test&#xD;
Player Test1 won trick with Nine of Clubs&#xD;
Test&#xD;
Test&#xD;
Test&#xD;
Player Test1 won trick with Eight of Spades&#xD;
Test&#xD;
Test&#xD;
Test&#xD;
Test&#xD;
Player Test1 won trick with Three of Hearts&#xD;
Test&#xD;
Test&#xD;
Player Test2 won trick with Seven of Diamonds&#xD;
Test&#xD;
Test&#xD;
Test&#xD;
Player Test2 won trick with Ace of Hearts&#xD;
Test&#xD;
Test&#xD;
Test&#xD;
Player Test1 won trick with Eight of Diamonds&#xD;
Test&#xD;
Test&#xD;
Test&#xD;
Player Test1 won trick with Jack of Clubs&#xD;
Test&#xD;
Test&#xD;
Player Test1 won trick with Queen of Clubs&#xD;
Test&#xD;
Test&#xD;
Test&#xD;
Player Test1 won trick with Jack of Spades&#xD;
Test&#xD;
Player Test1 won trick with King of Diamonds&#xD;
Test&#xD;
Test&#xD;
Test&#xD;
Player Test1 won trick with Jack of Clubs&#xD;
Test&#xD;
Test&#xD;
Player Test1 won trick with Queen of Clubs&#xD;
Test&#xD;
Test&#xD;
Test&#xD;
Player Test4 won trick with Queen of Hearts&#xD;
Test&#xD;
Test&#xD;
Test&#xD;
Player Test1 won trick with Nine of Diamonds&#xD;
Test&#xD;
Test&#xD;
Test&#xD;
Player Test1 won trick with Ace of Clubs&#xD;
Test&#xD;
Test&#xD;
Player Test1 won trick with Seven of Spades&#xD;
Test&#xD;
Test&#xD;
Player Test4 won trick with King of Diamonds&#xD;
Test&#xD;
Test&#xD;
Test&#xD;
Player Test3 won trick with Five of Hearts&#xD;
Test&#xD;
Test&#xD;
Test&#xD;
Player Test1 won trick with Nine of Spades&#xD;
Test&#xD;
Test&#xD;
Test&#xD;
Test&#xD;
Player Test1 won trick with Four of Hearts&#xD;
Test&#xD;
Test&#xD;
Test&#xD;
Test&#xD;
Player Test1 won trick with Ten of Hearts&#xD;
Test&#xD;
Test&#xD;
Test&#xD;
Player Test2 won trick with King of Hearts&#xD;
Test&#xD;
Test&#xD;
Player Test1 won trick with Seven of Diamonds&#xD;
Test&#xD;
Test&#xD;
Test&#xD;
Test&#xD;
Player Test1 won trick with Four of Hearts&#xD;
Test&#xD;
Test&#xD;
Test&#xD;
Player Test1 won trick with King of Clubs&#xD;
Test&#xD;
Test&#xD;
Test&#xD;
Player Test1 won trick with Jack of Spades&#xD;
Test&#xD;
Test&#xD;
Test&#xD;
Player Test1 won trick with Ace of Hearts&#xD;
Test&#xD;
Test&#xD;
Player Test1 won trick with King of Diamonds&#xD;
Test&#xD;
Test&#xD;
Player Test1 won trick with Eight of Spades&#xD;
Test&#xD;
Test&#xD;
Test&#xD;
Test&#xD;
Player Test1 won trick with Ace of Hearts&#xD;
Test&#xD;
Test&#xD;
Test&#xD;
Player Test1 won trick with Nine of Hearts&#xD;
Test&#xD;
Test&#xD;
Player Test1 won trick with Eight of Hearts&#xD;
Test&#xD;
Player Test3 won trick with King of Spades&#xD;
Test&#xD;
Test&#xD;
Player Test1 won trick with Five of Diamonds&#xD;
Test&#xD;
Test&#xD;
Player Test1 won trick with Queen of Spades&#xD;
Test&#xD;
Player Test3 won trick with Seven of Diamonds&#xD;
Test&#xD;
Test&#xD;
Test&#xD;
Player Test1 won trick with Two of Spades&#xD;
Test&#xD;
Test&#xD;
Test&#xD;
Player Test1 won trick with Jack of Diamonds&#xD;
Test&#xD;
Player Test3 won trick with King of Diamonds&#xD;
Test&#xD;
Test&#xD;
Test&#xD;
Player Test1 won trick with Three of Diamonds&#xD;
Test&#xD;
Test&#xD;
Test&#xD;
Player Test2 won trick with Eight of Hearts&#xD;
Test&#xD;
Test&#xD;
Test&#xD;
Player Test1 won trick with Ten of Spades&#xD;
Test&#xD;
Test&#xD;
Test&#xD;
Player Test1 won trick with Three of Clubs&#xD;
Test&#xD;
Test&#xD;
Player Test3 won trick with Jack of Spades&#xD;
Test&#xD;
Test&#xD;
Player Test1 won trick with Eight of Spades&#xD;
Test&#xD;
Test&#xD;
Test&#xD;
Player Test1 won trick with Jack of Hearts&#xD;
Test&#xD;
Test&#xD;
Test&#xD;
Test&#xD;
Player Test1 won trick with Nine of Hearts&#xD;
Test&#xD;
Test&#xD;
Test&#xD;
Player Test1 won trick with Ace of Clubs&#xD;
Test&#xD;
Test&#xD;
Test&#xD;
Player Test1 won trick with Ten of Spades&#xD;
Test&#xD;
Test&#xD;
Player Test1 won trick with Jack of Diamonds&#xD;
Test&#xD;
Test&#xD;
Player Test3 won trick with Eight of Diamonds&#xD;
Test&#xD;
Test&#xD;
Player Test1 won trick with Nine of Clubs&#xD;
Test&#xD;
Test&#xD;
Test&#xD;
Test&#xD;
Player Test1 won trick with Nine of Hearts&#xD;
Test&#xD;
Test&#xD;
Player Test4 won trick with King of Spades&#xD;
Test&#xD;
Test&#xD;
Test&#xD;
Player Test1 won trick with Seven of Spades&#xD;
Test&#xD;
Test&#xD;
Test&#xD;
Player Test1 won trick with Six of Diamonds&#xD;
Test&#xD;
Test&#xD;
Player Test3 won trick with King of Diamonds&#xD;
Test&#xD;
Test&#xD;
Test&#xD;
Player Test1 won trick with Queen of Clubs&#xD;
Test&#xD;
Test&#xD;
Test&#xD;
Player Test1 won trick with Five of Spades&#xD;
Test&#xD;
Test&#xD;
Player Test3 won trick with Eight of Diamonds&#xD;
Test&#xD;
Test&#xD;
Player Test1 won trick with Jack of Spades&#xD;
Test&#xD;
Test&#xD;
Player Test1 won trick with Eight of Spades&#xD;
Test&#xD;
Test&#xD;
Test&#xD;
Player Test1 won trick with King of Clubs&#xD;
Test&#xD;
Test&#xD;
Test&#xD;
Test&#xD;
Player Test1 won trick with Eight of Hearts&#xD;
Test&#xD;
Test&#xD;
Player Test1 won trick with Eight of Clubs&#xD;
Test&#xD;
Test&#xD;
Test&#xD;
Test&#xD;
Player Test1 won trick with Three of Hearts&#xD;
Test&#xD;
Test&#xD;
Test&#xD;
Player Test1 won trick with Jack of Clubs&#xD;
Test&#xD;
Test&#xD;
Test&#xD;
Test&#xD;
Player Test1 won trick with Seven of Diamonds&#xD;
Test&#xD;
Test&#xD;
Test&#xD;
Test&#xD;
Player Test1 won trick with Ten of Hearts&#xD;
Test&#xD;
Test&#xD;
Test&#xD;
Player Test1 won trick with Jack of Spades&#xD;
Test&#xD;
Test&#xD;
Player Test4 won trick with Ace of Diamonds&#xD;
Test&#xD;
Test&#xD;
Player Test1 won trick with Jack of Clubs&#xD;
Test&#xD;
Test&#xD;
Test&#xD;
Test&#xD;
Player Test1 won trick with Eight of Hearts&#xD;
Test&#xD;
Test&#xD;
Test&#xD;
Player Test1 won trick with Queen of Hearts&#xD;
Test&#xD;
Test&#xD;
Player Test1 won trick with Nine of Clubs&#xD;
Test&#xD;
Test&#xD;
Test&#xD;
Player Test1 won trick with Eight of Clubs&#xD;
Test&#xD;
Player Test3 won trick with Jack of Clubs&#xD;
Test&#xD;
Test&#xD;
Test&#xD;
Player Test1 won trick with Jack of Hearts&#xD;
Test&#xD;
Test&#xD;
Player Test3 won trick with Queen of Diamonds&#xD;
Test&#xD;
Test&#xD;
Player Test2 won trick with Jack of Clubs&#xD;
Test&#xD;
Test&#xD;
Player Test2 won trick with Six of Clubs&#xD;
Test&#xD;
Test&#xD;
Test&#xD;
Player Test1 won trick with Ace of Spades&#xD;
Test&#xD;
Test&#xD;
Test&#xD;
Player Test3 won trick with Ten of Hearts&#xD;
Test&#xD;
Test&#xD;
Player Test1 won trick with Nine of Spades&#xD;
Test&#xD;
Test&#xD;
Player Test2 won trick with Eight of Clubs&#xD;
Test&#xD;
Test&#xD;
Player Test1 won trick with Queen of Clubs&#xD;
Test&#xD;
Test&#xD;
Player Test1 won trick with Ten of Clubs&#xD;
Test&#xD;
Test&#xD;
Player Test4 won trick with King of Spades&#xD;
Test&#xD;
Test&#xD;
Test&#xD;
Test&#xD;
Player Test1 won trick with Seven of Hearts&#xD;
Test&#xD;
Test&#xD;
Player Test4 won trick with Ten of Clubs&#xD;
Test&#xD;
Test&#xD;
Test&#xD;
Test&#xD;
Player Test1 won trick with Two of Hearts&#xD;
Test&#xD;
Test&#xD;
Test&#xD;
Player Test1 won trick with Queen of Spades&#xD;
Test&#xD;
Test&#xD;
Player Test3 won trick with King of Diamonds&#xD;
Test&#xD;
Test&#xD;
Test&#xD;
Player Test1 won trick with Seven of Spades&#xD;
Test&#xD;
Test&#xD;
Test&#xD;
Player Test2 won trick with Ten of Hearts&#xD;
Test&#xD;
Test&#xD;
Player Test2 won trick with Six of Spades&#xD;
Test&#xD;
Test&#xD;
Player Test4 won trick with Ten of Clubs&#xD;
Test&#xD;
Test&#xD;
Test&#xD;
Player Test1 won trick with Ace of Diamonds&#xD;
Test&#xD;
Test&#xD;
Player Test4 won trick with Eight of Clubs&#xD;
Test&#xD;
Test&#xD;
Player Test1 won trick with Nine of Spades&#xD;
Test&#xD;
Test&#xD;
Test&#xD;
Player Test4 won trick with Six of Hearts&#xD;
Test&#xD;
Test&#xD;
Test&#xD;
Player Test1 won trick with Five of Spades&#xD;
Test&#xD;
Test&#xD;
Player Test3 won trick with Five of Clubs&#xD;
Test&#xD;
Test&#xD;
Player Test1 won trick with Jack of Spades&#xD;
Test&#xD;
Test&#xD;
Test&#xD;
Player Test1 won trick with Ace of Clubs&#xD;
Test&#xD;
Player Test4 won trick with Ten of Spades&#xD;
Test&#xD;
Test&#xD;
Player Test1 won trick with Seven of Diamonds&#xD;
Test&#xD;
Test&#xD;
Test&#xD;
Player Test1 won trick with Queen of Diamonds&#xD;
Test&#xD;
Test&#xD;
Test&#xD;
Player Test1 won trick with Eight of Clubs&#xD;
Test&#xD;
Player Test1 won trick with Ace of Clubs&#xD;
Test&#xD;
Test&#xD;
Test&#xD;
Player Test1 won trick with Queen of Spades&#xD;
Test&#xD;
Test&#xD;
Test&#xD;
Test&#xD;
Player Test1 won trick with Seven of Hearts&#xD;
Test&#xD;
Test&#xD;
Test&#xD;
Player Test1 won trick with Eight of Clubs&#xD;
Test&#xD;
Test&#xD;
Test&#xD;
Player Test1 won trick with Three of Spades&#xD;
Test&#xD;
Test&#xD;
Player Test2 won trick with Nine of Diamonds&#xD;
Test&#xD;
Test&#xD;
Player Test1 won trick with Nine of Clubs&#xD;
Test&#xD;
Test&#xD;
Test&#xD;
Player Test1 won trick with Two of Spades&#xD;
Test&#xD;
Test&#xD;
Test&#xD;
Player Test1 won trick with Ace of Diamonds&#xD;
Test&#xD;
Test&#xD;
Test&#xD;
Player Test1 won trick with Queen of Diamonds&#xD;
Test&#xD;
Test&#xD;
Player Test1 won trick with Queen of Diamonds&#xD;
Test&#xD;
Test&#xD;
Player Test1 won trick with Jack of Diamonds&#xD;
Test&#xD;
Test&#xD;
Test&#xD;
Player Test1 won trick with Four of Clubs&#xD;
Test&#xD;
Test&#xD;
Test&#xD;
Player Test1 won trick with Eight of Clubs&#xD;
Test&#xD;
Test&#xD;
Test&#xD;
Player Test1 won trick with Five of Spades&#xD;
Test&#xD;
Test&#xD;
Player Test2 won trick with King of Diamonds&#xD;
Test&#xD;
Test&#xD;
Player Test1 won trick with Queen of Clubs&#xD;
Test&#xD;
Test&#xD;
Player Test2 won trick with Three of Spades&#xD;
Test&#xD;
Test&#xD;
Test&#xD;
Player Test1 won trick with Five of Clubs&#xD;
Test&#xD;
Test&#xD;
Player Test3 won trick with Nine of Clubs&#xD;
Test&#xD;
Test&#xD;
Player Test2 won trick with Ace of Spades&#xD;
Test&#xD;
Player Test4 won trick with Ace of Spades&#xD;
Test&#xD;
Test&#xD;
Test&#xD;
Player Test1 won trick with Queen of Clubs&#xD;
Test&#xD;
Player Test2 won trick with King of Diamonds&#xD;
Test&#xD;
Test&#xD;
Test&#xD;
Player Test1 won trick with Five of Clubs&#xD;
Test&#xD;
Test&#xD;
Player Test1 won trick with Eight of Diamonds&#xD;
Test&#xD;
Test&#xD;
Player Test1 won trick with Ten of Spades&#xD;
Test&#xD;
Test&#xD;
Player Test1 won trick with Ace of Diamonds&#xD;
Test&#xD;
Test&#xD;
Test&#xD;
Player Test1 won trick with Three of Spades&#xD;
Test&#xD;
Test&#xD;
Player Test4 won trick with Nine of Diamonds&#xD;
Test&#xD;
Test&#xD;
Test&#xD;
Player Test1 won trick with Seven of Diamonds&#xD;
Test&#xD;
Test&#xD;
Player Test1 won trick with Five of Diamonds&#xD;
Test&#xD;
Test&#xD;
Test&#xD;
Player Test1 won trick with Ten of Spades&#xD;
Test&#xD;
Test&#xD;
Test&#xD;
Player Test1 won trick with King of Hearts&#xD;
Test&#xD;
Test&#xD;
Player Test1 won trick with Seven of Spades&#xD;
Test&#xD;
Test&#xD;
Player Test1 won trick with Queen of Diamonds&#xD;
Test&#xD;
Test&#xD;
Player Test3 won trick with Jack of Spades&#xD;
Test&#xD;
Test&#xD;
Test&#xD;
Player Test1 won trick with Jack of Spades&#xD;
Test&#xD;
Player Test1 won trick with Six of Spades&#xD;
Test&#xD;
Player Test4 won trick with Six of Clubs&#xD;
Test&#xD;
Test&#xD;
Player Test3 won trick with Queen of Spades&#xD;
Test&#xD;
Test&#xD;
Test&#xD;
Test&#xD;
Player Test1 won trick with Ace of Hearts&#xD;
Test&#xD;
Test&#xD;
Player Test1 won trick with Nine of Clubs&#xD;
Test&#xD;
Test&#xD;
Player Test1 won trick with Ten of Clubs&#xD;
Test&#xD;
Test&#xD;
Player Test3 won trick with Jack of Diamonds&#xD;
Test&#xD;
Test&#xD;
Player Test1 won trick with Ace of Spades&#xD;
Test&#xD;
Test&#xD;
Player Test1 won trick with King of Spades&#xD;
Test&#xD;
Test&#xD;
Test&#xD;
Player Test4 won trick with Queen of Diamonds&#xD;
Test&#xD;
Test&#xD;
Test&#xD;
Player Test1 won trick with Ten of Spades&#xD;
Test&#xD;
Test&#xD;
Test&#xD;
Player Test1 won trick with Four of Spades&#xD;
Test&#xD;
Test&#xD;
Test&#xD;
Player Test1 won trick with Queen of Clubs&#xD;
Test&#xD;
Test&#xD;
Test&#xD;
Player Test1 won trick with Three of Clubs&#xD;
Test&#xD;
Test&#xD;
Player Test4 won trick with Ten of Spades&#xD;
Test&#xD;
Test&#xD;
Test&#xD;
Player Test1 won trick with Eight of Diamonds&#xD;
Test&#xD;
Test&#xD;
Test&#xD;
Test&#xD;
Player Test1 won trick with Nine of Hearts&#xD;
Test&#xD;
Test&#xD;
Test&#xD;
Player Test1 won trick with Six of Diamonds&#xD;
Test&#xD;
Test&#xD;
Test&#xD;
Player Test1 won trick with Seven of Clubs&#xD;
Test&#xD;
Test&#xD;
Player Test4 won trick with Seven of Clubs&#xD;
Test&#xD;
Test&#xD;
Test&#xD;
Player Test2 won trick with King of Hearts&#xD;
Test&#xD;
Test&#xD;
Test&#xD;
Player Test1 won trick with Nine of Diamonds&#xD;
Test&#xD;
Test&#xD;
Test&#xD;
Player Test1 won trick with Jack of Hearts&#xD;
Test&#xD;
Test&#xD;
Player Test3 won trick with King of Clubs&#xD;
Test&#xD;
Test&#xD;
Test&#xD;
Player Test1 won trick with King of Clubs&#xD;
Test&#xD;
Test&#xD;
Test&#xD;
Player Test1 won trick with Nine of Clubs&#xD;
Test&#xD;
Test&#xD;
Test&#xD;
Player Test1 won trick with Ace of Diamonds&#xD;
Test&#xD;
Test&#xD;
Test&#xD;
Player Test1 won trick with King of Clubs&#xD;
Test&#xD;
Test&#xD;
Test&#xD;
Test&#xD;
Player Test1 won trick with Jack of Hearts&#xD;
Test&#xD;
Test&#xD;
Test&#xD;
Player Test1 won trick with Eight of Diamonds&#xD;
Test&#xD;
Player Test1 won trick with Ace of Spades&#xD;
Test&#xD;
Test&#xD;
Test&#xD;
Test&#xD;
Player Test1 won trick with Five of Hearts&#xD;
Test&#xD;
Test&#xD;
Test&#xD;
Player Test1 won trick with Five of Spades&#xD;
Test&#xD;
Player Test4 won trick with King of Spades&#xD;
Test&#xD;
Player Test3 won trick with Ten of Spades&#xD;
Test&#xD;
Test&#xD;
Player Test2 won trick with Jack of Clubs&#xD;
Test&#xD;
Test&#xD;
Test&#xD;
Test&#xD;
Player Test1 won trick with Two of Hearts&#xD;
Test&#xD;
Test&#xD;
Test&#xD;
Test&#xD;
Player Test1 won trick with Ten of Hearts&#xD;
Player Test2 won trick with Ace of Spades&#xD;
Test&#xD;
Player Test1 won trick with Jack of Spades&#xD;
Test&#xD;
Test&#xD;
Test&#xD;
Player Test1 won trick with King of Hearts&#xD;
Test&#xD;
Test&#xD;
Test&#xD;
Player Test4 won trick with Eight of Hearts&#xD;
Test&#xD;
Test&#xD;
Test&#xD;
Test&#xD;
Player Test1 won trick with Five of Hearts&#xD;
Test&#xD;
Test&#xD;
Test&#xD;
Player Test2 won trick with Five of Hearts&#xD;
Test&#xD;
Test&#xD;
Test&#xD;
Test&#xD;
Player Test1 won trick with Six of Hearts&#xD;
Test&#xD;
Test&#xD;
Test&#xD;
Test&#xD;
Player Test1 won trick with Ace of Clubs&#xD;
Test&#xD;
Test&#xD;
Player Test1 won trick with Jack of Diamonds&#xD;
Test&#xD;
Test&#xD;
Player Test2 won trick with Jack of Spades&#xD;
Test&#xD;
Test&#xD;
Test&#xD;
Test&#xD;
Player Test1 won trick with Eight of Hearts&#xD;
Test&#xD;
Test&#xD;
Player Test1 won trick with Ace of Diamonds&#xD;
Test&#xD;
Test&#xD;
Test&#xD;
Player Test1 won trick with Nine of Clubs&#xD;
Test&#xD;
Test&#xD;
Test&#xD;
Player Test1 won trick with Jack of Hearts&#xD;
Test&#xD;
Test&#xD;
Test&#xD;
Player Test1 won trick with Five of Clubs&#xD;
Test&#xD;
Player Test4 won trick with King of Diamonds&#xD;
Test&#xD;
Player Test4 won trick with King of Clubs&#xD;
Test&#xD;
Test&#xD;
Test&#xD;
Test&#xD;
Player Test1 won trick with Queen of Spades&#xD;
Test&#xD;
Test&#xD;
Test&#xD;
Player Test1 won trick with Ace of Diamonds&#xD;
Test&#xD;
Test&#xD;
Player Test1 won trick with Ten of Diamonds&#xD;
Test&#xD;
Test&#xD;
Test&#xD;
Player Test1 won trick with Four of Diamonds&#xD;
Test&#xD;
Test&#xD;
Test&#xD;
Test&#xD;
Player Test1 won trick with Three of Hearts&#xD;
Test&#xD;
Test&#xD;
Test&#xD;
Player Test1 won trick with Five of Spades&#xD;
Test&#xD;
Test&#xD;
Player Test4 won trick with King of Clubs&#xD;
Test&#xD;
Test&#xD;
Test&#xD;
Player Test1 won trick with Ace of Hearts&#xD;
Test&#xD;
Player Test2 won trick with Nine of Hearts&#xD;
Test&#xD;
Test&#xD;
Test&#xD;
Test&#xD;
Player Test1 won trick with Four of Hearts&#xD;
Test&#xD;
Test&#xD;
Test&#xD;
Player Test1 won trick with King of Diamonds&#xD;
Test&#xD;
Test&#xD;
Test&#xD;
Test&#xD;
Player Test1 won trick with Two of Hearts&#xD;
Test&#xD;
Test&#xD;
Player Test1 won trick with Ten of Spades&#xD;
Test&#xD;
Test&#xD;
Test&#xD;
Player Test1 won trick with Ten of Hearts&#xD;
Test&#xD;
Test&#xD;
Test&#xD;
Player Test1 won trick with Three of Spades&#xD;
Test&#xD;
Player Test2 won trick with Ace of Clubs&#xD;
Test&#xD;
Test&#xD;
Test&#xD;
Player Test1 won trick with Seven of Clubs&#xD;
Test&#xD;
Test&#xD;
Player Test1 won trick with Six of Hearts&#xD;
Test&#xD;
Test&#xD;
Player Test1 won trick with Ace of Clubs&#xD;
Test&#xD;
Test&#xD;
Player Test2 won trick with Ace of Diamonds&#xD;
Test&#xD;
Test&#xD;
Test&#xD;
Test&#xD;
Player Test1 won trick with Ten of Hearts&#xD;
Test&#xD;
Test&#xD;
Test&#xD;
Player Test1 won trick with Jack of Spades&#xD;
Test&#xD;
Test&#xD;
Test&#xD;
Player Test1 won trick with Nine of Clubs&#xD;
Test&#xD;
Test&#xD;
Test&#xD;
Player Test4 won trick with Five of Hearts&#xD;
Test&#xD;
Test&#xD;
Test&#xD;
Player Test1 won trick with Three of Clubs&#xD;
Test&#xD;
Test&#xD;
Player Test2 won trick with Ace of Hearts&#xD;
Test&#xD;
Test&#xD;
Test&#xD;
Player Test1 won trick with Seven of Diamonds&#xD;
Test&#xD;
Test&#xD;
Test&#xD;
Player Test4 won trick with Jack of Hearts&#xD;
Test&#xD;
Player Test3 won trick with Ten of Spades&#xD;
Test&#xD;
Test&#xD;
Test&#xD;
Player Test1 won trick with Ten of Clubs&#xD;
Test&#xD;
Test&#xD;
Test&#xD;
Test&#xD;
Player Test1 won trick with Three of Hearts&#xD;
Test&#xD;
Test&#xD;
Player Test1 won trick with Nine of Diamonds&#xD;
Test&#xD;
Test&#xD;
Test&#xD;
Player Test1 won trick with Seven of Clubs&#xD;
Test&#xD;
Test&#xD;
Test&#xD;
Player Test1 won trick with Five of Clubs&#xD;
Test&#xD;
Test&#xD;
Player Test1 won trick with Ten of Clubs&#xD;
Test&#xD;
Test&#xD;
Test&#xD;
Player Test1 won trick with King of Diamonds&#xD;
Test&#xD;
Test&#xD;
Test&#xD;
Player Test1 won trick with Jack of Hearts&#xD;
Test&#xD;
Test&#xD;
Test&#xD;
Test&#xD;
Player Test1 won trick with Three of Hearts&#xD;
Test&#xD;
Test&#xD;
Player Test1 won trick with Four of Clubs&#xD;
Test&#xD;
Test&#xD;
Player Test2 won trick with Ace of Diamonds&#xD;
Test&#xD;
Test&#xD;
Test&#xD;
Player Test3 won trick with Eight of Hearts&#xD;
Test&#xD;
Test&#xD;
Player Test1 won trick with Ten of Diamonds&#xD;
Test&#xD;
Test&#xD;
Player Test3 won trick with Ace of Clubs&#xD;
Test&#xD;
Test&#xD;
Player Test1 won trick with King of Diamonds&#xD;
Test&#xD;
Test&#xD;
Player Test1 won trick with Ten of Spades&#xD;
Test&#xD;
Test&#xD;
Player Test1 won trick with King of Spades&#xD;
Test&#xD;
Test&#xD;
Test&#xD;
Player Test1 won trick with Six of Diamonds&#xD;
Test&#xD;
Test&#xD;
Test&#xD;
Player Test1 won trick with King of Diamonds&#xD;
Test&#xD;
Test&#xD;
Test&#xD;
Test&#xD;
Player Test1 won trick with Queen of Hearts&#xD;
Test&#xD;
Test&#xD;
Test&#xD;
Player Test4 won trick with Ten of Hearts&#xD;
Test&#xD;
Test&#xD;
Test&#xD;
Player Test2 won trick with Nine of Hearts&#xD;
Test&#xD;
Test&#xD;
Test&#xD;
Test&#xD;
Player Test1 won trick with Four of Clubs&#xD;
Test&#xD;
Test&#xD;
Test&#xD;
Player Test1 won trick with Nine of Spades&#xD;
Test&#xD;
Test&#xD;
Test&#xD;
Player Test1 won trick with King of Diamonds&#xD;
Test&#xD;
Test&#xD;
Test&#xD;
Player Test2 won trick with King of Hearts&#xD;
Test&#xD;
Test&#xD;
Player Test1 won trick with Queen of Diamonds&#xD;
Test&#xD;
Test&#xD;
Player Test1 won trick with Queen of Hearts&#xD;
Test&#xD;
Test&#xD;
Test&#xD;
Player Test2 won trick with Ten of Hearts&#xD;
Test&#xD;
Test&#xD;
Player Test2 won trick with Ace of Clubs&#xD;
Test&#xD;
Test&#xD;
Test&#xD;
Player Test1 won trick with Jack of Spades&#xD;
Test&#xD;
Test&#xD;
Test&#xD;
Player Test1 won trick with Ace of Diamonds&#xD;
Test&#xD;
Test&#xD;
Player Test2 won trick with Ten of Spades&#xD;
Test&#xD;
Player Test2 won trick with Queen of Diamonds&#xD;
Test&#xD;
Test&#xD;
Test&#xD;
Player Test1 won trick with Nine of Diamonds&#xD;
Test&#xD;
Player Test4 won trick with King of Clubs&#xD;
Test&#xD;
Test&#xD;
Player Test1 won trick with Nine of Clubs&#xD;
Test&#xD;
Test&#xD;
Test&#xD;
Player Test1 won trick with Five of Diamonds&#xD;
Test&#xD;
Test&#xD;
Player Test3 won trick with King of Clubs&#xD;
Test&#xD;
Test&#xD;
Test&#xD;
Player Test1 won trick with Ten of Clubs&#xD;
Test&#xD;
Test&#xD;
Player Test1 won trick with Queen of Hearts&#xD;
Test&#xD;
Test&#xD;
Test&#xD;
Test&#xD;
Player Test1 won trick with Five of Hearts&#xD;
Test&#xD;
Test&#xD;
Test&#xD;
Player Test1 won trick with Nine of Clubs&#xD;
Test&#xD;
Test&#xD;
Test&#xD;
Player Test1 won trick with Three of Diamonds&#xD;
Test&#xD;
Test&#xD;
Player Test1 won trick with King of Clubs&#xD;
Test&#xD;
Test&#xD;
Test&#xD;
Test&#xD;
Player Test1 won trick with Three of Hearts&#xD;
Test&#xD;
Test&#xD;
Test&#xD;
Player Test1 won trick with Two of Clubs&#xD;
Test&#xD;
Test&#xD;
Test&#xD;
Player Test1 won trick with Nine of Spades&#xD;
Test&#xD;
Test&#xD;
Test&#xD;
Player Test1 won trick with Five of Spades&#xD;
Test&#xD;
Test&#xD;
Player Test1 won trick with Five of Diamonds&#xD;
Test&#xD;
Test&#xD;
Player Test1 won trick with Ace of Diamonds&#xD;
Test&#xD;
Player Test4 won trick with Ace of Spades&#xD;
Test&#xD;
Test&#xD;
Test&#xD;
Player Test1 won trick with Four of Diamonds&#xD;
Test&#xD;
Test&#xD;
Player Test4 won trick with Eight of Spades&#xD;
Test&#xD;
Test&#xD;
Test&#xD;
Player Test1 won trick with Two of Diamonds&#xD;
Test&#xD;
Test&#xD;
Player Test1 won trick with King of Clubs&#xD;
Test&#xD;
Test&#xD;
Test&#xD;
Player Test1 won trick with Five of Hearts&#xD;
Test&#xD;
Test&#xD;
Test&#xD;
Test&#xD;
Player Test1 won trick with Seven of Spades&#xD;
Test&#xD;
Test&#xD;
Player Test1 won trick with King of Clubs&#xD;
Test&#xD;
Test&#xD;
Player Test1 won trick with King of Diamonds&#xD;
Test&#xD;
Test&#xD;
Player Test1 won trick with Queen of Clubs&#xD;
Test&#xD;
Test&#xD;
Test&#xD;
Test&#xD;
Player Test1 won trick with Eight of Hearts&#xD;
Test&#xD;
Player Test3 won trick with Queen of Diamonds&#xD;
Test&#xD;
Test&#xD;
Test&#xD;
Player Test1 won trick with Two of Spades&#xD;
Test&#xD;
Test&#xD;
Player Test1 won trick with Ten of Spades&#xD;
Test&#xD;
Test&#xD;
Test&#xD;
Player Test1 won trick with Two of Clubs&#xD;
Test&#xD;
Test&#xD;
Player Test1 won trick with Ace of Hearts&#xD;
Test&#xD;
Player Test2 won trick with Queen of Diamonds&#xD;
Test&#xD;
Test&#xD;
Test&#xD;
Player Test1 won trick with Two of Clubs&#xD;
Test&#xD;
Test&#xD;
Player Test2 won trick with Queen of Clubs&#xD;
Test&#xD;
Test&#xD;
Test&#xD;
Player Test2 won trick with Four of Hearts&#xD;
Test&#xD;
Test&#xD;
Test&#xD;
Player Test1 won trick with Seven of Diamonds&#xD;
Test&#xD;
Test&#xD;
Test&#xD;
Player Test1 won trick with Nine of Diamonds&#xD;
Test&#xD;
Test&#xD;
Player Test2 won trick with Nine of Spades&#xD;
Test&#xD;
Test&#xD;
Player Test3 won trick with Jack of Spades&#xD;
Test&#xD;
Test&#xD;
Player Test1 won trick with Queen of Spades&#xD;
Test&#xD;
Test&#xD;
Player Test1 won trick with Jack of Spades&#xD;
Test&#xD;
Player Test4 won trick with Ace of Diamonds&#xD;
Test&#xD;
Test&#xD;
Player Test1 won trick with Four of Diamonds&#xD;
Test&#xD;
Test&#xD;
Test&#xD;
Player Test1 won trick with Six of Spades&#xD;
Test&#xD;
Test&#xD;
Player Test2 won trick with Jack of Clubs&#xD;
Test&#xD;
Player Test1 won trick with Nine of Diamonds&#xD;
Test&#xD;
Test&#xD;
Player Test1 won trick with King of Hearts&#xD;
Test&#xD;
Test&#xD;
Test&#xD;
Player Test1 won trick with Seven of Diamonds&#xD;
Test&#xD;
Test&#xD;
Test&#xD;
Test&#xD;
Player Test1 won trick with Seven of Hearts&#xD;
Test&#xD;
Test&#xD;
Test&#xD;
Player Test3 won trick with Jack of Hearts&#xD;
Test&#xD;
Test&#xD;
Player Test1 won trick with Jack of Spades&#xD;
Test&#xD;
Test&#xD;
Test&#xD;
Player Test1 won trick with Nine of Hearts&#xD;
Test&#xD;
Player Test1 won trick with Ace of Spades&#xD;
Test&#xD;
Test&#xD;
Test&#xD;
Player Test1 won trick with Seven of Spades&#xD;
Test&#xD;
Test&#xD;
Player Test4 won trick with Ace of Spades&#xD;
Test&#xD;
Test&#xD;
Test&#xD;
Test&#xD;
Player Test1 won trick with Ten of Hearts&#xD;
Test&#xD;
Test&#xD;
Test&#xD;
Player Test1 won trick with Queen of Clubs&#xD;
Test&#xD;
Test&#xD;
Player Test3 won trick with Ten of Diamonds&#xD;
Test&#xD;
Test&#xD;
Player Test4 won trick with Six of Clubs&#xD;
Test&#xD;
Test&#xD;
Test&#xD;
Player Test3 won trick with Jack of Clubs&#xD;
Test&#xD;
Test&#xD;
Player Test3 won trick with Nine of Spades&#xD;
Test&#xD;
Test&#xD;
Player Test1 won trick with Ten of Clubs&#xD;
Test&#xD;
Test&#xD;
Test&#xD;
Player Test1 won trick with Six of Hearts&#xD;
Test&#xD;
Test&#xD;
Test&#xD;
Player Test1 won trick with Two of Diamonds&#xD;
Test&#xD;
Test&#xD;
Player Test1 won trick with King of Diamonds&#xD;
Test&#xD;
Player Test2 won trick with Five of Spades&#xD;
Test&#xD;
Test&#xD;
Player Test4 won trick with Queen of Clubs&#xD;
Test&#xD;
Test&#xD;
Player Test2 won trick with Ten of Diamonds&#xD;
Test&#xD;
Player Test4 won trick with Eight of Clubs&#xD;
Test&#xD;
Test&#xD;
Test&#xD;
Test&#xD;
Player Test1 won trick with Eight of Hearts&#xD;
Test&#xD;
Test&#xD;
Test&#xD;
Player Test1 won trick with Eight of Hearts&#xD;
Test&#xD;
Test&#xD;
Test&#xD;
Test&#xD;
Player Test1 won trick with Jack of Hearts&#xD;
Test&#xD;
Test&#xD;
Player Test4 won trick with Eight of Clubs&#xD;
Test&#xD;
Test&#xD;
Test&#xD;
Player Test1 won trick with Ten of Hearts&#xD;
Test&#xD;
Test&#xD;
Player Test4 won trick with Ace of Clubs&#xD;
Test&#xD;
Test&#xD;
Player Test1 won trick with Three of Clubs&#xD;
Test&#xD;
Test&#xD;
Player Test4 won trick with Nine of Clubs&#xD;
Test&#xD;
Test&#xD;
Test&#xD;
Player Test1 won trick with Ten of Clubs&#xD;
Test&#xD;
Test&#xD;
Player Test3 won trick with Ace of Clubs&#xD;
Test&#xD;
Test&#xD;
Test&#xD;
Player Test1 won trick with Queen of Spades&#xD;
Test&#xD;
Test&#xD;
Player Test1 won trick with Eight of Spades&#xD;
Test&#xD;
Test&#xD;
Test&#xD;
Test&#xD;
Player Test1 won trick with Three of Hearts&#xD;
Test&#xD;
Player Test4 won trick with King of Diamonds&#xD;
Test&#xD;
Test&#xD;
Test&#xD;
Player Test1 won trick with Nine of Clubs&#xD;
Test&#xD;
Test&#xD;
Player Test1 won trick with Jack of Clubs&#xD;
Test&#xD;
Test&#xD;
Test&#xD;
Player Test2 won trick with Ten of Hearts&#xD;
Test&#xD;
Test&#xD;
Player Test2 won trick with Ten of Spades&#xD;
Test&#xD;
Test&#xD;
Test&#xD;
Test&#xD;
Player Test1 won trick with Jack of Hearts&#xD;
Test&#xD;
Test&#xD;
Player Test1 won trick with Nine of Spades&#xD;
Test&#xD;
Test&#xD;
Test&#xD;
Player Test1 won trick with Five of Diamonds&#xD;
Test&#xD;
Test&#xD;
Test&#xD;
Player Test1 won trick with Seven of Diamonds&#xD;
Test&#xD;
Test&#xD;
Player Test2 won trick with King of Hearts&#xD;
Test&#xD;
Test&#xD;
Player Test1 won trick with Ace of Spades&#xD;
Test&#xD;
Test&#xD;
Test&#xD;
Player Test1 won trick with Ace of Hearts&#xD;
Test&#xD;
Test&#xD;
Test&#xD;
Player Test1 won trick with Two of Clubs&#xD;
Test&#xD;
Test&#xD;
Test&#xD;
Player Test1 won trick with Two of Hearts&#xD;
Test&#xD;
Test&#xD;
Player Test3 won trick with Queen of Clubs&#xD;
Test&#xD;
Test&#xD;
Player Test3 won trick with Jack of Spades&#xD;
Test&#xD;
Test&#xD;
Player Test1 won trick with Eight of Clubs&#xD;
Test&#xD;
Test&#xD;
Player Test1 won trick with Ace of Clubs&#xD;
Test&#xD;
Test&#xD;
Test&#xD;
Player Test1 won trick with Ace of Hearts&#xD;
Test&#xD;
Player Test1 won trick with Ace of Spades&#xD;
Test&#xD;
Test&#xD;
Player Test1 won trick with Nine of Spades&#xD;
Test&#xD;
Test&#xD;
Test&#xD;
Player Test1 won trick with Nine of Hearts&#xD;
Test&#xD;
Test&#xD;
Player Test1 won trick with Jack of Diamonds&#xD;
Test&#xD;
Test&#xD;
Test&#xD;
Test&#xD;
Player Test1 won trick with Queen of Hearts&#xD;
Test&#xD;
Test&#xD;
Test&#xD;
Player Test1 won trick with Seven of Diamonds&#xD;
Test&#xD;
Player Test4 won trick with King of Diamonds&#xD;
Test&#xD;
Test&#xD;
Test&#xD;
Player Test2 won trick with Ace of Diamonds&#xD;
Test&#xD;
Test&#xD;
Player Test2 won trick with Ten of Diamonds&#xD;
Test&#xD;
Test&#xD;
Test&#xD;
Test&#xD;
Player Test1 won trick with Three of Hearts&#xD;
Test&#xD;
Test&#xD;
Test&#xD;
Player Test1 won trick with Eight of Diamonds&#xD;
Test&#xD;
Test&#xD;
Player Test2 won trick with Eight of Spades&#xD;
Test&#xD;
Player Test4 won trick with King of Diamonds&#xD;
Test&#xD;
Test&#xD;
Test&#xD;
Player Test1 won trick with Eight of Spades&#xD;
Test&#xD;
Test&#xD;
Player Test1 won trick with Nine of Spades&#xD;
Test&#xD;
Test&#xD;
Player Test1 won trick with Queen of Clubs&#xD;
Test&#xD;
Test&#xD;
Test&#xD;
Player Test1 won trick with Three of Spades&#xD;
Test&#xD;
Player Test1 won trick with Ace of Clubs&#xD;
Test&#xD;
Player Test1 won trick with King of Clubs&#xD;
Test&#xD;
Test&#xD;
Test&#xD;
Test&#xD;
Player Test1 won trick with Nine of Diamonds&#xD;
Test&#xD;
Test&#xD;
Test&#xD;
Player Test1 won trick with Ace of Hearts&#xD;
Test&#xD;
Test&#xD;
Player Test4 won trick with Nine of Spades&#xD;
Test&#xD;
Player Test4 won trick with Queen of Clubs&#xD;
Test&#xD;
Test&#xD;
Test&#xD;
Player Test1 won trick with Three of Spades&#xD;
Test&#xD;
Test&#xD;
Test&#xD;
Player Test1 won trick with Jack of Diamonds&#xD;
Test&#xD;
Test&#xD;
Test&#xD;
Test&#xD;
Player Test1 won trick with Three of Hearts&#xD;
Test&#xD;
Player Test4 won trick with Seven of Clubs&#xD;
Test&#xD;
Test&#xD;
Player Test1 won trick with Queen of Spades&#xD;
Test&#xD;
Test&#xD;
Player Test1 won trick with Ten of Clubs&#xD;
Test&#xD;
Test&#xD;
Player Test1 won trick with Jack of Spades&#xD;
Test&#xD;
Test&#xD;
Test&#xD;
Player Test1 won trick with Ace of Clubs&#xD;
Test&#xD;
Test&#xD;
Test&#xD;
Player Test1 won trick with Seven of Spades&#xD;
Test&#xD;
Test&#xD;
Player Test1 won trick with Eight of Spades&#xD;
Test&#xD;
Test&#xD;
Test&#xD;
Player Test4 won trick with King of Hearts&#xD;
Test&#xD;
Test&#xD;
Player Test3 won trick with Eight of Clubs&#xD;
Test&#xD;
Test&#xD;
Test&#xD;
Player Test1 won trick with King of Spades&#xD;
Test&#xD;
Test&#xD;
Test&#xD;
Player Test1 won trick with Seven of Clubs&#xD;
Test&#xD;
Test&#xD;
Test&#xD;
Player Test2 won trick with Ten of Spades&#xD;
Test&#xD;
Test&#xD;
Test&#xD;
Player Test1 won trick with Three of Diamonds&#xD;
Test&#xD;
Test&#xD;
Player Test3 won trick with Seven of Spades&#xD;
Test&#xD;
Test&#xD;
Test&#xD;
Test&#xD;
Player Test1 won trick with Six of Hearts&#xD;
Test&#xD;
Test&#xD;
Player Test1 won trick with Ace of Clubs&#xD;
Test&#xD;
Player Test1 won trick with Seven of Diamonds&#xD;
Test&#xD;
Player Test2 won trick with Ten of Clubs&#xD;
Test&#xD;
Test&#xD;
Test&#xD;
Player Test1 won trick with King of Hearts&#xD;
Test&#xD;
Test&#xD;
Player Test1 won trick with Ace of Clubs&#xD;
Test&#xD;
Test&#xD;
Player Test1 won trick with Five of Diamonds&#xD;
Test&#xD;
Test&#xD;
Player Test1 won trick with Ace of Clubs&#xD;
Test&#xD;
Test&#xD;
Player Test2 won trick with King of Spades&#xD;
Test&#xD;
Test&#xD;
Test&#xD;
Player Test4 won trick with Ten of Diamonds&#xD;
Test&#xD;
Test&#xD;
Test&#xD;
Player Test1 won trick with Jack of Spades&#xD;
Test&#xD;
Test&#xD;
Player Test2 won trick with Ace of Hearts&#xD;
Test&#xD;
Test&#xD;
Player Test1 won trick with Six of Spades&#xD;
Test&#xD;
Test&#xD;
Test&#xD;
Player Test1 won trick with Six of Spades&#xD;
Test&#xD;
Test&#xD;
Test&#xD;
Player Test1 won trick with Five of Hearts&#xD;
Test&#xD;
Test&#xD;
Test&#xD;
Player Test4 won trick with Ace of Hearts&#xD;
Test&#xD;
Test&#xD;
Test&#xD;
Player Test4 won trick with King of Hearts&#xD;
Test&#xD;
Test&#xD;
Test&#xD;
Player Test1 won trick with Eight of Clubs&#xD;
Player Test4 won trick with Ace of Diamonds&#xD;
Test&#xD;
Test&#xD;
Test&#xD;
Player Test1 won trick with Three of Spades&#xD;
Test&#xD;
Test&#xD;
Test&#xD;
Test&#xD;
Player Test1 won trick with Five of Hearts&#xD;
Test&#xD;
Test&#xD;
Test&#xD;
Test&#xD;
Player Test1 won trick with Six of Hearts&#xD;
Test&#xD;
Player Test1 won trick with Ace of Spades&#xD;
Test&#xD;
Test&#xD;
Player Test4 won trick with King of Diamonds&#xD;
Test&#xD;
Test&#xD;
Test&#xD;
Player Test1 won trick with Queen of Diamonds&#xD;
Test&#xD;
Test&#xD;
Test&#xD;
Player Test1 won trick with Eight of Hearts&#xD;
Test&#xD;
Test&#xD;
Test&#xD;
Player Test3 won trick with Queen of Hearts&#xD;
Test&#xD;
Test&#xD;
Test&#xD;
Player Test1 won trick with Eight of Diamonds&#xD;
Test&#xD;
Test&#xD;
Test&#xD;
Player Test1 won trick with Eight of Diamonds&#xD;
Test&#xD;
Test&#xD;
Test&#xD;
Player Test1 won trick with Jack of Hearts&#xD;
Test&#xD;
Test&#xD;
Player Test1 won trick with Queen of Diamonds&#xD;
Test&#xD;
Test&#xD;
Test&#xD;
Player Test1 won trick with Ace of Spades&#xD;
Test&#xD;
Test&#xD;
Player Test2 won trick with Nine of Spades&#xD;
Test&#xD;
Test&#xD;
Player Test1 won trick with Jack of Spades&#xD;
Test&#xD;
Test&#xD;
Test&#xD;
Player Test1 won trick with Four of Clubs&#xD;
Test&#xD;
Test&#xD;
Player Test1 won trick with Queen of Spades&#xD;
Test&#xD;
Test&#xD;
Player Test2 won trick with Ace of Clubs&#xD;
Test&#xD;
Test&#xD;
Test&#xD;
Test&#xD;
Player Test1 won trick with Nine of Hearts&#xD;
Test&#xD;
Test&#xD;
Test&#xD;
Player Test1 won trick with Six of Clubs&#xD;
Test&#xD;
Player Test1 won trick with Jack of Clubs&#xD;
Test&#xD;
Test&#xD;
Test&#xD;
Player Test1 won trick with Queen of Diamonds&#xD;
Test&#xD;
Test&#xD;
Test&#xD;
Player Test2 won trick with Seven of Diamonds&#xD;
Test&#xD;
Test&#xD;
Test&#xD;
Player Test2 won trick with Ace of Hearts&#xD;
Test&#xD;
Test&#xD;
Test&#xD;
Test&#xD;
Player Test1 won trick with Eight of Hearts&#xD;
Test&#xD;
Test&#xD;
Test&#xD;
Test&#xD;
Player Test1 won trick with Ace of Hearts&#xD;
Test&#xD;
Test&#xD;
Player Test1 won trick with Ace of Hearts&#xD;
Test&#xD;
Test&#xD;
Test&#xD;
Test&#xD;
Player Test1 won trick with Nine of Clubs&#xD;
Test&#xD;
Test&#xD;
Test&#xD;
Player Test1 won trick with Nine of Diamonds&#xD;
Test&#xD;
Test&#xD;
Test&#xD;
Player Test4 won trick with Seven of Hearts&#xD;
Test&#xD;
Test&#xD;
Player Test1 won trick with Five of Diamonds&#xD;
Test&#xD;
Test&#xD;
Test&#xD;
Player Test1 won trick with King of Clubs&#xD;
Test&#xD;
Test&#xD;
Test&#xD;
Player Test1 won trick with Ten of Clubs&#xD;
Test&#xD;
Test&#xD;
Player Test1 won trick with Queen of Clubs&#xD;
Test&#xD;
Test&#xD;
Player Test4 won trick with Queen of Hearts&#xD;
Test&#xD;
Test&#xD;
Player Test4 won trick with Ten of Diamonds&#xD;
Test&#xD;
Test&#xD;
Test&#xD;
Player Test1 won trick with Ace of Diamonds&#xD;
Test&#xD;
Test&#xD;
Player Test1 won trick with Four of Diamonds&#xD;
Test&#xD;
Test&#xD;
Test&#xD;
Player Test4 won trick with Four of Hearts&#xD;
Test&#xD;
Test&#xD;
Test&#xD;
Player Test1 won trick with Seven of Hearts&#xD;
Test&#xD;
Player Test3 won trick with Jack of Diamonds&#xD;
Test&#xD;
Test&#xD;
Player Test1 won trick with King of Clubs&#xD;
Test&#xD;
Test&#xD;
Test&#xD;
Test&#xD;
Player Test1 won trick with Eight of Hearts&#xD;
Test&#xD;
Test&#xD;
Player Test3 won trick with Ten of Spades&#xD;
Test&#xD;
Test&#xD;
Player Test1 won trick with Six of Spades&#xD;
Test&#xD;
Test&#xD;
Test&#xD;
Player Test1 won trick with Five of Diamonds&#xD;
Test&#xD;
Test&#xD;
Test&#xD;
Player Test1 won trick with Seven of Clubs&#xD;
Test&#xD;
Test&#xD;
Test&#xD;
Player Test1 won trick with Nine of Spades&#xD;
Test&#xD;
Test&#xD;
Player Test1 won trick with Ten of Spades&#xD;
Test&#xD;
Test&#xD;
Test&#xD;
Player Test1 won trick with Jack of Spades&#xD;
Test&#xD;
Test&#xD;
Player Test4 won trick with Ace of Diamonds&#xD;
Test&#xD;
Test&#xD;
Player Test1 won trick with Ace of Clubs&#xD;
Test&#xD;
Test&#xD;
Test&#xD;
Player Test4 won trick with Five of Hearts&#xD;
Test&#xD;
Test&#xD;
Test&#xD;
Player Test4 won trick with Nine of Hearts&#xD;
Test&#xD;
Test&#xD;
Test&#xD;
Player Test1 won trick with Six of Diamonds&#xD;
Test&#xD;
Test&#xD;
Player Test3 won trick with Eight of Diamonds&#xD;
Test&#xD;
Player Test2 won trick with Queen of Spades&#xD;
Test&#xD;
Test&#xD;
Test&#xD;
Player Test1 won trick with Nine of Clubs&#xD;
Test&#xD;
Player Test1 won trick with Nine of Spades&#xD;
Test&#xD;
Test&#xD;
Test&#xD;
Player Test1 won trick with Ace of Clubs&#xD;
Test&#xD;
Test&#xD;
Player Test1 won trick with King of Diamonds&#xD;
Test&#xD;
Test&#xD;
Player Test3 won trick with Ace of Clubs&#xD;
Test&#xD;
Test&#xD;
Test&#xD;
Player Test1 won trick with Nine of Spades&#xD;
Test&#xD;
Test&#xD;
Test&#xD;
Player Test1 won trick with Nine of Clubs&#xD;
Test&#xD;
Test&#xD;
Test&#xD;
Player Test1 won trick with Four of Spades&#xD;
Test&#xD;
Test&#xD;
Test&#xD;
Player Test1 won trick with Queen of Spades&#xD;
Test&#xD;
Test&#xD;
Test&#xD;
Player Test1 won trick with Four of Spades&#xD;
Test&#xD;
Player Test1 won trick with Jack of Spades&#xD;
Test&#xD;
Test&#xD;
Player Test1 won trick with King of Hearts&#xD;
Test&#xD;
Test&#xD;
Player Test1 won trick with Nine of Diamonds&#xD;
Test&#xD;
Test&#xD;
Test&#xD;
Player Test1 won trick with King of Clubs&#xD;
Test&#xD;
Test&#xD;
Player Test3 won trick with King of Spades&#xD;
Test&#xD;
Test&#xD;
Player Test3 won trick with Ten of Spades&#xD;
Test&#xD;
Test&#xD;
Player Test1 won trick with Five of Spades&#xD;
Test&#xD;
Test&#xD;
Test&#xD;
Player Test1 won trick with Eight of Hearts&#xD;
Test&#xD;
Player Test2 won trick with Queen of Diamonds&#xD;
Test&#xD;
Test&#xD;
Player Test4 won trick with Eight of Spades&#xD;
Test&#xD;
Test&#xD;
Test&#xD;
Player Test1 won trick with Seven of Diamonds&#xD;
Test&#xD;
Test&#xD;
Test&#xD;
Test&#xD;
Player Test1 won trick with Two of Hearts&#xD;
Test&#xD;
Test&#xD;
Player Test1 won trick with Ten of Diamonds&#xD;
Test&#xD;
Test&#xD;
Test&#xD;
Player Test1 won trick with Five of Hearts&#xD;
Test&#xD;
Test&#xD;
Test&#xD;
Player Test1 won trick with Jack of Clubs&#xD;
Test&#xD;
Test&#xD;
Test&#xD;
Player Test1 won trick with Ten of Hearts&#xD;
Test&#xD;
Test&#xD;
Player Test1 won trick with Ten of Spades&#xD;
Test&#xD;
Test&#xD;
Test&#xD;
Player Test1 won trick with Eight of Clubs&#xD;
Test&#xD;
Test&#xD;
Player Test3 won trick with Jack of Clubs&#xD;
Test&#xD;
Test&#xD;
Player Test4 won trick with Ace of Spades&#xD;
Test&#xD;
Test&#xD;
Test&#xD;
Test&#xD;
Player Test1 won trick with Two of Hearts&#xD;
Test&#xD;
Test&#xD;
Test&#xD;
Test&#xD;
Player Test1 won trick with Six of Diamonds&#xD;
Test&#xD;
Test&#xD;
Player Test3 won trick with Ace of Clubs&#xD;
Test&#xD;
Test&#xD;
Test&#xD;
Player Test1 won trick with Seven of Clubs&#xD;
Test&#xD;
Test&#xD;
Test&#xD;
Player Test1 won trick with Three of Clubs&#xD;
Test&#xD;
Test&#xD;
Test&#xD;
Player Test1 won trick with Four of Spades&#xD;
Test&#xD;
Test&#xD;
Test&#xD;
Player Test1 won trick with King of Diamonds&#xD;
Test&#xD;
Test&#xD;
Test&#xD;
Player Test1 won trick with Two of Clubs&#xD;
Test&#xD;
Test&#xD;
Player Test1 won trick with Nine of Clubs&#xD;
Test&#xD;
Test&#xD;
Test&#xD;
Player Test1 won trick with Eight of Hearts&#xD;
Test&#xD;
Test&#xD;
Test&#xD;
Player Test1 won trick with Nine of Diamonds&#xD;
Test&#xD;
Test&#xD;
Test&#xD;
Player Test1 won trick with Seven of Diamonds&#xD;
Test&#xD;
Player Test1 won trick with King of Clubs&#xD;
Test&#xD;
Player Test1 won trick with Queen of Clubs&#xD;
Test&#xD;
Test&#xD;
Test&#xD;
Player Test1 won trick with Eight of Spades&#xD;
Test&#xD;
Test&#xD;
Player Test4 won trick with King of Spades&#xD;
Test&#xD;
Test&#xD;
Player Test2 won trick with Ace of Diamonds&#xD;
Test&#xD;
Test&#xD;
Player Test2 won trick with Jack of Spades&#xD;
Test&#xD;
Test&#xD;
Player Test4 won trick with Ten of Diamonds&#xD;
Test&#xD;
Player Test3 won trick with Eight of Diamonds&#xD;
Test&#xD;
Test&#xD;
Test&#xD;
Player Test1 won trick with Jack of Hearts&#xD;
Test&#xD;
Test&#xD;
Test&#xD;
Test&#xD;
Player Test1 won trick with Ace of Hearts&#xD;
Test&#xD;
Player Test2 won trick with Nine of Clubs&#xD;
Test&#xD;
Test&#xD;
Test&#xD;
Player Test1 won trick with Queen of Spades&#xD;
Test&#xD;
Test&#xD;
Test&#xD;
Player Test1 won trick with Jack of Clubs&#xD;
Test&#xD;
Test&#xD;
Test&#xD;
Test&#xD;
Player Test1 won trick with Jack of Hearts&#xD;
Test&#xD;
Test&#xD;
Player Test1 won trick with Ten of Clubs&#xD;
Test&#xD;
Test&#xD;
Player Test4 won trick with Queen of Diamonds&#xD;
Test&#xD;
Test&#xD;
Test&#xD;
Player Test1 won trick with Queen of Spades&#xD;
Test&#xD;
Test&#xD;
Player Test1 won trick with Ace of Clubs&#xD;
Test&#xD;
Test&#xD;
Test&#xD;
Test&#xD;
Player Test1 won trick with Queen of Diamonds&#xD;
Test&#xD;
Test&#xD;
Test&#xD;
Player Test1 won trick with Queen of Spades&#xD;
Test&#xD;
Test&#xD;
Test&#xD;
Player Test1 won trick with Three of Spades&#xD;
Test&#xD;
Test&#xD;
Test&#xD;
Player Test4 won trick with Queen of Hearts&#xD;
Test&#xD;
Player Test2 won trick with Ace of Spades&#xD;
Test&#xD;
Test&#xD;
Player Test2 won trick with Ace of Clubs&#xD;
Test&#xD;
Player Test2 won trick with Ace of Diamonds&#xD;
Test&#xD;
Test&#xD;
Test&#xD;
Player Test1 won trick with Five of Spades&#xD;
Test&#xD;
Test&#xD;
Player Test1 won trick with Ten of Clubs&#xD;
Test&#xD;
Test&#xD;
Test&#xD;
Player Test1 won trick with King of Hearts&#xD;
Test&#xD;
Test&#xD;
Test&#xD;
Player Test1 won trick with Two of Diamonds&#xD;
Test&#xD;
Test&#xD;
Test&#xD;
Player Test1 won trick with Ace of Diamonds&#xD;
Test&#xD;
Test&#xD;
Test&#xD;
Player Test1 won trick with King of Hearts&#xD;
Test&#xD;
Test&#xD;
Test&#xD;
Player Test1 won trick with Jack of Diamonds&#xD;
Test&#xD;
Test&#xD;
Test&#xD;
Test&#xD;
Player Test1 won trick with Ten of Diamonds&#xD;
Test&#xD;
Test&#xD;
Test&#xD;
Player Test4 won trick with Ace of Hearts&#xD;
Test&#xD;
Test&#xD;
Test&#xD;
Player Test1 won trick with King of Clubs&#xD;
Test&#xD;
Test&#xD;
Test&#xD;
Player Test1 won trick with Ten of Clubs&#xD;
Test&#xD;
Test&#xD;
Test&#xD;
Player Test2 won trick with Eight of Hearts&#xD;
Test&#xD;
Test&#xD;
Test&#xD;
Player Test4 won trick with King of Spades&#xD;
Test&#xD;
Test&#xD;
Test&#xD;
Player Test1 won trick with Ace of Clubs&#xD;
Test&#xD;
Test&#xD;
Test&#xD;
Test&#xD;
Player Test1 won trick with Ten of Hearts&#xD;
Test&#xD;
Test&#xD;
Player Test1 won trick with Ace of Diamonds&#xD;
Test&#xD;
Test&#xD;
Test&#xD;
Test&#xD;
Player Test1 won trick with King of Diamonds&#xD;
Test&#xD;
Test&#xD;
Player Test3 won trick with Four of Clubs&#xD;
Test&#xD;
Test&#xD;
Test&#xD;
Test&#xD;
Player Test1 won trick with Six of Hearts&#xD;
Test&#xD;
Test&#xD;
Player Test2 won trick with Ace of Clubs&#xD;
Test&#xD;
Test&#xD;
Player Test1 won trick with Seven of Clubs&#xD;
Test&#xD;
Player Test3 won trick with King of Diamonds&#xD;
Test&#xD;
Player Test4 won trick with Ace of Hearts&#xD;
Test&#xD;
Test&#xD;
Player Test1 won trick with Eight of Diamonds&#xD;
Test&#xD;
Test&#xD;
Test&#xD;
Test&#xD;
Player Test1 won trick with Two of Hearts&#xD;
Test&#xD;
Test&#xD;
Player Test4 won trick with Ace of Hearts&#xD;
Test&#xD;
Test&#xD;
Test&#xD;
Player Test1 won trick with Four of Spades&#xD;
Test&#xD;
Test&#xD;
Test&#xD;
Player Test4 won trick with King of Hearts&#xD;
Test&#xD;
Test&#xD;
Test&#xD;
Test&#xD;
Player Test1 won trick with Two of Diamonds&#xD;
Test&#xD;
Test&#xD;
Player Test1 won trick with Ace of Clubs&#xD;
Test&#xD;
Test&#xD;
Test&#xD;
Player Test1 won trick with Jack of Spades&#xD;
Test&#xD;
Test&#xD;
Player Test2 won trick with King of Clubs&#xD;
Test&#xD;
Test&#xD;
Test&#xD;
Player Test1 won trick with King of Clubs&#xD;
Test&#xD;
Test&#xD;
Player Test1 won trick with Ten of Spades&#xD;
Test&#xD;
Test&#xD;
Test&#xD;
Test&#xD;
Player Test1 won trick with Nine of Hearts&#xD;
Test&#xD;
Test&#xD;
Test&#xD;
Player Test1 won trick with Jack of Spades&#xD;
Test&#xD;
Player Test3 won trick with Nine of Diamonds&#xD;
Test&#xD;
Test&#xD;
Test&#xD;
Player Test1 won trick with Six of Spades&#xD;
Test&#xD;
Test&#xD;
Player Test3 won trick with Ace of Hearts&#xD;
Test&#xD;
Test&#xD;
Test&#xD;
Test&#xD;
Player Test1 won trick with Five of Hearts&#xD;
Test&#xD;
Test&#xD;
Test&#xD;
Player Test1 won trick with Jack of Spades&#xD;
Test&#xD;
Player Test4 won trick with King of Clubs&#xD;
Player Test4 won trick with Ace of Diamonds&#xD;
Test&#xD;
Test&#xD;
Test&#xD;
Player Test1 won trick with King of Hearts&#xD;
Test&#xD;
Test&#xD;
Test&#xD;
Player Test3 won trick with Nine of Hearts&#xD;
Test&#xD;
Test&#xD;
Test&#xD;
Player Test1 won trick with Eight of Spades&#xD;
Test&#xD;
Test&#xD;
Player Test1 won trick with Nine of Spades&#xD;
Test&#xD;
Test&#xD;
Player Test2 won trick with Nine of Spades&#xD;
Test&#xD;
Player Test3 won trick with Seven of Clubs&#xD;
Test&#xD;
Test&#xD;
Test&#xD;
Player Test2 won trick with King of Hearts&#xD;
Test&#xD;
Test&#xD;
Player Test3 won trick with King of Diamonds&#xD;
Test&#xD;
Test&#xD;
Player Test4 won trick with Ace of Diamonds&#xD;
Test&#xD;
Test&#xD;
Player Test1 won trick with Jack of Hearts&#xD;
Test&#xD;
Test&#xD;
Test&#xD;
Player Test1 won trick with Ace of Diamonds&#xD;
Test&#xD;
Test&#xD;
Test&#xD;
Test&#xD;
Player Test1 won trick with Six of Spades&#xD;
Test&#xD;
Test&#xD;
Player Test4 won trick with Queen of Clubs&#xD;
Test&#xD;
Test&#xD;
Test&#xD;
Player Test4 won trick with Queen of Hearts&#xD;
Test&#xD;
Test&#xD;
Test&#xD;
Test&#xD;
Player Test1 won trick with King of Hearts&#xD;
Test&#xD;
Test&#xD;
Player Test3 won trick with King of Clubs&#xD;
Test&#xD;
Test&#xD;
Test&#xD;
Player Test1 won trick with Eight of Hearts&#xD;
Test&#xD;
Test&#xD;
Player Test3 won trick with King of Diamonds&#xD;
Test&#xD;
Test&#xD;
Test&#xD;
Test&#xD;
Player Test1 won trick with King of Hearts&#xD;
Test&#xD;
Test&#xD;
Test&#xD;
Player Test4 won trick with Ace of Hearts&#xD;
Test&#xD;
Test&#xD;
Test&#xD;
Test&#xD;
Player Test1 won trick with Six of Hearts&#xD;
Test&#xD;
Test&#xD;
Test&#xD;
Player Test1 won trick with Ten of Hearts&#xD;
Test&#xD;
Test&#xD;
Test&#xD;
Player Test1 won trick with Ace of Spades&#xD;
Test&#xD;
Test&#xD;
Test&#xD;
Player Test1 won trick with Ten of Clubs&#xD;
Test&#xD;
Test&#xD;
Test&#xD;
Player Test1 won trick with Seven of Diamonds&#xD;
Test&#xD;
Player Test2 won trick with Jack of Diamonds&#xD;
Test&#xD;
Test&#xD;
Test&#xD;
Player Test1 won trick with Ace of Spades&#xD;
Test&#xD;
Test&#xD;
Player Test1 won trick with Three of Spades&#xD;
Test&#xD;
Test&#xD;
Test&#xD;
Test&#xD;
Player Test1 won trick with Jack of Diamonds&#xD;
Test&#xD;
Test&#xD;
Player Test2 won trick with King of Diamonds&#xD;
Test&#xD;
Player Test1 won trick with Ten of Hearts&#xD;
Test&#xD;
Test&#xD;
Test&#xD;
Player Test1 won trick with Nine of Diamonds&#xD;
Test&#xD;
Player Test3 won trick with King of Spades&#xD;
Test&#xD;
Test&#xD;
Test&#xD;
Player Test1 won trick with Ace of Diamonds&#xD;
Test&#xD;
Test&#xD;
Player Test2 won trick with Seven of Clubs&#xD;
Player Test4 won trick with King of Diamonds&#xD;
Test&#xD;
Test&#xD;
Player Test1 won trick with Nine of Diamonds&#xD;
Test&#xD;
Test&#xD;
Player Test1 won trick with Eight of Clubs&#xD;
Test&#xD;
Test&#xD;
Test&#xD;
Player Test2 won trick with Ace of Hearts&#xD;
Test&#xD;
Test&#xD;
Player Test1 won trick with Nine of Diamonds&#xD;
Player Test1 won trick with Four of Clubs&#xD;
Test&#xD;
Test&#xD;
Player Test2 won trick with King of Spades&#xD;
Test&#xD;
Test&#xD;
Test&#xD;
Player Test1 won trick with Six of Spades&#xD;
Test&#xD;
Test&#xD;
Player Test1 won trick with Seven of Clubs&#xD;
Test&#xD;
Player Test2 won trick with Jack of Clubs&#xD;
Test&#xD;
Test&#xD;
Test&#xD;
Player Test1 won trick with Ace of Clubs&#xD;
Test&#xD;
Test&#xD;
Player Test1 won trick with Eight of Spades&#xD;
Test&#xD;
Player Test1 won trick with Jack of Diamonds&#xD;
Test&#xD;
Test&#xD;
Player Test1 won trick with Jack of Clubs&#xD;
Test&#xD;
Test&#xD;
Player Test1 won trick with Queen of Clubs&#xD;
Player Test3 won trick with King of Diamonds&#xD;
Test&#xD;
Test&#xD;
Player Test3 won trick with Queen of Spades&#xD;
Test&#xD;
Test&#xD;
Player Test4 won trick with King of Diamonds&#xD;
Test&#xD;
Player Test1 won trick with King of Diamonds&#xD;
Test&#xD;
Test&#xD;
Test&#xD;
Player Test1 won trick with Ten of Spades&#xD;
Test&#xD;
Test&#xD;
Player Test1 won trick with Seven of Diamonds&#xD;
Test&#xD;
Test&#xD;
Test&#xD;
Player Test1 won trick with Jack of Hearts&#xD;
Test&#xD;
Test&#xD;
Player Test1 won trick with Nine of Hearts&#xD;
Test&#xD;
Test&#xD;
Test&#xD;
Test&#xD;
Player Test1 won trick with Jack of Hearts&#xD;
Test&#xD;
Test&#xD;
Player Test1 won trick with King of Hearts&#xD;
Test&#xD;
Test&#xD;
Test&#xD;
Test&#xD;
Player Test1 won trick with Jack of Hearts&#xD;
Test&#xD;
Test&#xD;
Test&#xD;
Player Test2 won trick with Ten of Hearts&#xD;
Test&#xD;
Test&#xD;
Test&#xD;
Player Test1 won trick with Four of Diamonds&#xD;
Test&#xD;
Test&#xD;
Test&#xD;
Player Test2 won trick with Three of Hearts&#xD;
Test&#xD;
Test&#xD;
Test&#xD;
Player Test3 won trick with Nine of Hearts&#xD;
Test&#xD;
Test&#xD;
Test&#xD;
Player Test1 won trick with King of Clubs&#xD;
Test&#xD;
Test&#xD;
Test&#xD;
Player Test1 won trick with Two of Diamonds&#xD;
Test&#xD;
Test&#xD;
Player Test1 won trick with Jack of Clubs&#xD;
Test&#xD;
Player Test1 won trick with Eight of Diamonds&#xD;
Test&#xD;
Test&#xD;
Test&#xD;
Player Test1 won trick with Ten of Clubs&#xD;
Test&#xD;
Test&#xD;
Test&#xD;
Player Test1 won trick with Nine of Diamonds&#xD;
Test&#xD;
Test&#xD;
Player Test2 won trick with Ten of Spades&#xD;
Test&#xD;
Test&#xD;
Test&#xD;
Player Test1 won trick with King of Spades&#xD;
Test&#xD;
Test&#xD;
Test&#xD;
Player Test1 won trick with Eight of Hearts&#xD;
Test&#xD;
Test&#xD;
Test&#xD;
Player Test1 won trick with Ace of Hearts&#xD;
Test&#xD;
Test&#xD;
Player Test2 won trick with Eight of Spades&#xD;
Test&#xD;
Test&#xD;
Test&#xD;
Test&#xD;
Player Test1 won trick with Six of Hearts&#xD;
Test&#xD;
Test&#xD;
Test&#xD;
Player Test1 won trick with King of Diamonds&#xD;
Test&#xD;
Test&#xD;
Player Test2 won trick with Seven of Clubs&#xD;
Test&#xD;
Test&#xD;
Test&#xD;
Test&#xD;
Player Test1 won trick with Six of Hearts&#xD;
Test&#xD;
Test&#xD;
Test&#xD;
Player Test1 won trick with Ace of Diamonds&#xD;
Test&#xD;
Test&#xD;
Test&#xD;
Player Test1 won trick with Jack of Diamonds&#xD;
Test&#xD;
Test&#xD;
Test&#xD;
Player Test1 won trick with Seven of Diamonds&#xD;
Test&#xD;
Test&#xD;
Test&#xD;
Test&#xD;
Player Test1 won trick with Six of Hearts&#xD;
Test&#xD;
Test&#xD;
Player Test2 won trick with Four of Clubs&#xD;
Test&#xD;
Test&#xD;
Test&#xD;
Player Test1 won trick with Seven of Clubs&#xD;
Test&#xD;
Test&#xD;
Test&#xD;
Player Test1 won trick with Queen of Clubs&#xD;
Test&#xD;
Player Test3 won trick with Jack of Spades&#xD;
Test&#xD;
Test&#xD;
Test&#xD;
Player Test1 won trick with Four of Diamonds&#xD;
Test&#xD;
Test&#xD;
Player Test1 won trick with Nine of Spades&#xD;
Test&#xD;
Player Test1 won trick with Queen of Spades&#xD;
Test&#xD;
Test&#xD;
Test&#xD;
Player Test1 won trick with King of Hearts&#xD;
Test&#xD;
Test&#xD;
Test&#xD;
Player Test1 won trick with Three of Spades&#xD;
Test&#xD;
Test&#xD;
Player Test2 won trick with Queen of Diamonds&#xD;
Test&#xD;
Test&#xD;
Player Test1 won trick with Ace of Diamonds&#xD;
Test&#xD;
Test&#xD;
Player Test1 won trick with Queen of Clubs&#xD;
Test&#xD;
Test&#xD;
Test&#xD;
Test&#xD;
Player Test1 won trick with Six of Hearts&#xD;
Test&#xD;
Player Test4 won trick with Queen of Spades&#xD;
Test&#xD;
Player Test1 won trick with Ten of Spades&#xD;
Test&#xD;
Test&#xD;
Test&#xD;
Player Test2 won trick with Four of Hearts&#xD;
Test&#xD;
Test&#xD;
Test&#xD;
Player Test1 won trick with Five of Spades&#xD;
Test&#xD;
Test&#xD;
Test&#xD;
Player Test2 won trick with King of Hearts&#xD;
Test&#xD;
Test&#xD;
Test&#xD;
Player Test1 won trick with Seven of Clubs&#xD;
Test&#xD;
Test&#xD;
Player Test1 won trick with Jack of Spades&#xD;
Test&#xD;
Test&#xD;
Player Test3 won trick with Ace of Hearts&#xD;
Test&#xD;
Test&#xD;
Test&#xD;
Player Test1 won trick with Three of Diamonds&#xD;
Test&#xD;
Test&#xD;
Test&#xD;
Player Test1 won trick with Ace of Diamonds&#xD;
Test&#xD;
Test&#xD;
Player Test3 won trick with Nine of Diamonds&#xD;
Test&#xD;
Test&#xD;
Player Test2 won trick with Queen of Spades&#xD;
Test&#xD;
Test&#xD;
Player Test2 won trick with Eight of Clubs&#xD;
Test&#xD;
Test&#xD;
Test&#xD;
Player Test1 won trick with Ace of Spades&#xD;
Test&#xD;
Test&#xD;
Test&#xD;
Player Test1 won trick with Jack of Spades&#xD;
Test&#xD;
Test&#xD;
Player Test4 won trick with King of Spades&#xD;
Test&#xD;
Test&#xD;
Player Test1 won trick with Five of Diamonds&#xD;
Test&#xD;
Test&#xD;
Player Test1 won trick with Jack of Spades&#xD;
Test&#xD;
Test&#xD;
Test&#xD;
Player Test1 won trick with Ten of Clubs&#xD;
Test&#xD;
Test&#xD;
Test&#xD;
Player Test1 won trick with Seven of Diamonds&#xD;
Test&#xD;
Test&#xD;
Test&#xD;
Player Test3 won trick with Ten of Hearts&#xD;
Test&#xD;
Test&#xD;
Test&#xD;
Player Test1 won trick with Four of Diamonds&#xD;
Test&#xD;
Test&#xD;
Player Test3 won trick with Six of Clubs&#xD;
Test&#xD;
Test&#xD;
Player Test3 won trick with Ten of Hearts&#xD;
Test&#xD;
Test&#xD;
Test&#xD;
Player Test1 won trick with Jack of Diamonds&#xD;
Test&#xD;
Test&#xD;
Player Test1 won trick with Two of Diamonds&#xD;
Test&#xD;
Test&#xD;
Player Test1 won trick with Nine of Clubs&#xD;
Test&#xD;
Test&#xD;
Player Test4 won trick with Seven of Spades&#xD;
Test&#xD;
Test&#xD;
Player Test1 won trick with Eight of Diamonds&#xD;
Test&#xD;
Test&#xD;
Player Test1 won trick with King of Spades&#xD;
Test&#xD;
Test&#xD;
Test&#xD;
Player Test1 won trick with Eight of Hearts&#xD;
Test&#xD;
Test&#xD;
Test&#xD;
Player Test1 won trick with King of Diamonds&#xD;
Test&#xD;
Test&#xD;
Test&#xD;
Player Test1 won trick with Ten of Spades&#xD;
Test&#xD;
Player Test1 won trick with Ace of Diamonds&#xD;
Test&#xD;
Player Test3 won trick with Queen of Spades&#xD;
Test&#xD;
Test&#xD;
Player Test1 won trick with Ten of Clubs&#xD;
Test&#xD;
Test&#xD;
Test&#xD;
Player Test3 won trick with Five of Hearts&#xD;
Test&#xD;
Test&#xD;
Test&#xD;
Player Test1 won trick with Three of Clubs&#xD;
Test&#xD;
Test&#xD;
Test&#xD;
Test&#xD;
Player Test1 won trick with Nine of Hearts&#xD;
Test&#xD;
Test&#xD;
Player Test3 won trick with Ten of Diamonds&#xD;
Test&#xD;
Test&#xD;
Player Test4 won trick with Jack of Spades&#xD;
Test&#xD;
Test&#xD;
Test&#xD;
Player Test1 won trick with Queen of Spades&#xD;
Test&#xD;
Test&#xD;
Test&#xD;
Player Test1 won trick with Four of Clubs&#xD;
Test&#xD;
Test&#xD;
Player Test1 won trick with Queen of Diamonds&#xD;
Test&#xD;
Test&#xD;
Player Test1 won trick with Queen of Clubs&#xD;
Test&#xD;
Player Test3 won trick with Seven of Clubs&#xD;
Test&#xD;
Test&#xD;
Player Test2 won trick with Seven of Spades&#xD;
Test&#xD;
Test&#xD;
Test&#xD;
Player Test1 won trick with Six of Spades&#xD;
Test&#xD;
Test&#xD;
Test&#xD;
Player Test1 won trick with Jack of Diamonds&#xD;
Test&#xD;
Test&#xD;
Test&#xD;
Player Test1 won trick with Nine of Hearts&#xD;
Test&#xD;
Player Test4 won trick with Nine of Hearts&#xD;
Test&#xD;
Test&#xD;
Test&#xD;
Player Test1 won trick with Nine of Diamonds&#xD;
Test&#xD;
Test&#xD;
Test&#xD;
Player Test1 won trick with Queen of Clubs&#xD;
Test&#xD;
Test&#xD;
Player Test4 won trick with Eight of Spades&#xD;
Test&#xD;
Test&#xD;
Test&#xD;
Player Test1 won trick with Two of Spades&#xD;
Test&#xD;
Test&#xD;
Test&#xD;
Player Test1 won trick with Two of Spades&#xD;
Test&#xD;
Test&#xD;
Player Test1 won trick with Eight of Diamonds&#xD;
Test&#xD;
Test&#xD;
Test&#xD;
Player Test1 won trick with Four of Diamonds&#xD;
Test&#xD;
Test&#xD;
Player Test4 won trick with Seven of Spades&#xD;
Test&#xD;
Test&#xD;
Test&#xD;
Player Test1 won trick with Two of Diamonds&#xD;
Test&#xD;
Test&#xD;
Player Test1 won trick with Ace of Clubs&#xD;
Test&#xD;
Test&#xD;
Test&#xD;
Player Test3 won trick with Jack of Hearts&#xD;
Test&#xD;
Player Test1 won trick with Nine of Clubs&#xD;
Test&#xD;
Test&#xD;
Test&#xD;
Player Test4 won trick with Four of Hearts&#xD;
Test&#xD;
Test&#xD;
Test&#xD;
Player Test1 won trick with Ten of Clubs&#xD;
Test&#xD;
Test&#xD;
Test&#xD;
Test&#xD;
Player Test1 won trick with Nine of Hearts&#xD;
Test&#xD;
Test&#xD;
Player Test1 won trick with Jack of Clubs&#xD;
Test&#xD;
Test&#xD;
Player Test1 won trick with King of Spades&#xD;
Test&#xD;
Test&#xD;
Test&#xD;
Test&#xD;
Player Test1 won trick with Queen of Hearts&#xD;
Test&#xD;
Test&#xD;
Test&#xD;
Test&#xD;
Player Test1 won trick with Three of Clubs&#xD;
Test&#xD;
Test&#xD;
Test&#xD;
Test&#xD;
Player Test1 won trick with Seven of Spades&#xD;
Test&#xD;
Test&#xD;
Test&#xD;
Player Test1 won trick with Four of Diamonds&#xD;
Test&#xD;
Test&#xD;
Test&#xD;
Player Test1 won trick with Queen of Spades&#xD;
Test&#xD;
Test&#xD;
Test&#xD;
Test&#xD;
Player Test1 won trick with Seven of Hearts&#xD;
Test&#xD;
Test&#xD;
Test&#xD;
Player Test1 won trick with Six of Clubs&#xD;
Test&#xD;
Test&#xD;
Test&#xD;
Player Test1 won trick with Two of Spades&#xD;
Test&#xD;
Test&#xD;
Player Test1 won trick with Ten of Spades&#xD;
Test&#xD;
Test&#xD;
Test&#xD;
Player Test1 won trick with Six of Diamonds&#xD;
Test&#xD;
Player Test3 won trick with Queen of Clubs&#xD;
Test&#xD;
Test&#xD;
Player Test1 won trick with Nine of Clubs&#xD;
Test&#xD;
Test&#xD;
Test&#xD;
Player Test1 won trick with Seven of Clubs&#xD;
Test&#xD;
Test&#xD;
Test&#xD;
Player Test1 won trick with Two of Diamonds&#xD;
Test&#xD;
Player Test1 won trick with Ten of Clubs&#xD;
Test&#xD;
Test&#xD;
Test&#xD;
Player Test1 won trick with Eight of Hearts&#xD;
Test&#xD;
Test&#xD;
Player Test2 won trick with Ace of Clubs&#xD;
Test&#xD;
Test&#xD;
Player Test4 won trick with Ten of Diamonds&#xD;
Test&#xD;
Test&#xD;
Player Test2 won trick with Queen of Spades&#xD;
Test&#xD;
Test&#xD;
Test&#xD;
Player Test1 won trick with Ten of Spades&#xD;
Test&#xD;
Test&#xD;
Player Test3 won trick with Ten of Clubs&#xD;
Test&#xD;
Test&#xD;
Test&#xD;
Player Test1 won trick with Jack of Spades&#xD;
Test&#xD;
Test&#xD;
Test&#xD;
Player Test1 won trick with Eight of Clubs&#xD;
Test&#xD;
Player Test3 won trick with Ace of Spades&#xD;
Test&#xD;
Test&#xD;
Player Test3 won trick with Jack of Diamonds&#xD;
Test&#xD;
Test&#xD;
Player Test2 won trick with Ace of Clubs&#xD;
Test&#xD;
Test&#xD;
Test&#xD;
Player Test1 won trick with Nine of Diamonds&#xD;
Test&#xD;
Player Test1 won trick with Jack of Diamonds&#xD;
Test&#xD;
Player Test1 won trick with Nine of Clubs&#xD;
Test&#xD;
Test&#xD;
Test&#xD;
Test&#xD;
Player Test1 won trick with Ten of Diamonds&#xD;
Test&#xD;
Test&#xD;
Player Test1 won trick with Queen of Clubs&#xD;
Test&#xD;
Test&#xD;
Player Test1 won trick with Queen of Hearts&#xD;
Test&#xD;
Test&#xD;
Player Test2 won trick with Queen of Clubs&#xD;
Test&#xD;
Test&#xD;
Test&#xD;
Player Test1 won trick with Seven of Spades&#xD;
Test&#xD;
Test&#xD;
Test&#xD;
Player Test1 won trick with Seven of Clubs&#xD;
Test&#xD;
Test&#xD;
Player Test1 won trick with Queen of Diamonds&#xD;
Test&#xD;
Test&#xD;
Player Test2 won trick with Jack of Hearts&#xD;
Test&#xD;
Test&#xD;
Test&#xD;
Player Test1 won trick with Nine of Clubs&#xD;
Test&#xD;
Test&#xD;
Test&#xD;
Player Test1 won trick with Three of Diamonds&#xD;
Test&#xD;
Test&#xD;
Test&#xD;
Player Test1 won trick with Queen of Clubs&#xD;
Test&#xD;
Test&#xD;
Player Test1 won trick with Four of Diamonds&#xD;
Test&#xD;
Test&#xD;
Test&#xD;
Player Test1 won trick with Nine of Diamonds&#xD;
Test&#xD;
Test&#xD;
Test&#xD;
Player Test1 won trick with Four of Clubs&#xD;
Test&#xD;
Test&#xD;
Player Test4 won trick with Eight of Spades&#xD;
Test&#xD;
Test&#xD;
Test&#xD;
Test&#xD;
Player Test1 won trick with Jack of Hearts&#xD;
Test&#xD;
Test&#xD;
Player Test2 won trick with Ten of Spades&#xD;
Test&#xD;
Test&#xD;
Player Test3 won trick with Queen of Clubs&#xD;
Test&#xD;
Test&#xD;
Test&#xD;
Player Test1 won trick with Two of Clubs&#xD;
Test&#xD;
Test&#xD;
Test&#xD;
Player Test1 won trick with Seven of Diamonds&#xD;
Test&#xD;
Test&#xD;
Test&#xD;
Test&#xD;
Player Test1 won trick with Ace of Hearts&#xD;
Test&#xD;
Test&#xD;
Test&#xD;
Player Test1 won trick with Six of Diamonds&#xD;
Test&#xD;
Test&#xD;
Test&#xD;
Player Test1 won trick with Five of Spades&#xD;
Test&#xD;
Test&#xD;
Player Test1 won trick with Seven of Hearts&#xD;
Test&#xD;
Test&#xD;
Test&#xD;
Player Test1 won trick with Jack of Hearts&#xD;
Test&#xD;
Test&#xD;
Test&#xD;
Player Test1 won trick with Jack of Spades&#xD;
Test&#xD;
Test&#xD;
Player Test4 won trick with Four of Diamonds&#xD;
Test&#xD;
Test&#xD;
Test&#xD;
Test&#xD;
Player Test1 won trick with Ten of Hearts&#xD;
Test&#xD;
Test&#xD;
Test&#xD;
Player Test1 won trick with Five of Clubs&#xD;
Test&#xD;
Test&#xD;
Test&#xD;
Player Test4 won trick with Nine of Spades&#xD;
Test&#xD;
Player Test1 won trick with Ace of Diamonds&#xD;
Test&#xD;
Test&#xD;
Test&#xD;
Player Test4 won trick with Nine of Hearts&#xD;
Test&#xD;
Test&#xD;
Test&#xD;
Player Test1 won trick with Nine of Hearts&#xD;
Test&#xD;
Test&#xD;
Player Test1 won trick with Three of Clubs&#xD;
Test&#xD;
Test&#xD;
Test&#xD;
Player Test1 won trick with Queen of Diamonds&#xD;
Test&#xD;
Test&#xD;
Test&#xD;
Player Test2 won trick with Six of Hearts&#xD;
Test&#xD;
Test&#xD;
Player Test1 won trick with Ace of Hearts&#xD;
Test&#xD;
Test&#xD;
Test&#xD;
Player Test1 won trick with Ten of Clubs&#xD;
Test&#xD;
Test&#xD;
Test&#xD;
Player Test1 won trick with Ace of Diamonds&#xD;
Test&#xD;
Test&#xD;
Test&#xD;
Player Test1 won trick with Seven of Hearts&#xD;
Test&#xD;
Test&#xD;
Player Test4 won trick with Jack of Diamonds&#xD;
Test&#xD;
Test&#xD;
Test&#xD;
Player Test1 won trick with Ace of Spades&#xD;
Test&#xD;
Test&#xD;
Player Test4 won trick with King of Diamonds&#xD;
Test&#xD;
Test&#xD;
Player Test3 won trick with Eight of Diamonds&#xD;
Test&#xD;
Test&#xD;
Test&#xD;
Player Test1 won trick with Jack of Spades&#xD;
Test&#xD;
Test&#xD;
Test&#xD;
Player Test2 won trick with Three of Spades&#xD;
Test&#xD;
Test&#xD;
Player Test4 won trick with Eight of Spades&#xD;
Test&#xD;
Test&#xD;
Player Test1 won trick with Queen of Hearts&#xD;
Test&#xD;
Test&#xD;
Test&#xD;
Player Test4 won trick with Jack of Hearts&#xD;
Test&#xD;
Test&#xD;
Test&#xD;
Player Test1 won trick with Ace of Hearts&#xD;
Test&#xD;
Test&#xD;
Test&#xD;
Player Test1 won trick with Eight of Clubs&#xD;
Test&#xD;
Test&#xD;
Test&#xD;
Test&#xD;
Player Test1 won trick with Ace of Hearts&#xD;
Test&#xD;
Test&#xD;
Player Test2 won trick with King of Hearts&#xD;
Test&#xD;
Test&#xD;
Test&#xD;
Player Test1 won trick with Four of Clubs&#xD;
Test&#xD;
Test&#xD;
Test&#xD;
Test&#xD;
Player Test1 won trick with Three of Hearts&#xD;
Test&#xD;
Player Test1 won trick with Queen of Spades&#xD;
Test&#xD;
Test&#xD;
Test&#xD;
Player Test1 won trick with King of Diamonds&#xD;
Test&#xD;
Test&#xD;
Test&#xD;
Player Test1 won trick with Five of Spades&#xD;
Test&#xD;
Test&#xD;
Test&#xD;
Player Test1 won trick with Queen of Diamonds&#xD;
Test&#xD;
Test&#xD;
Test&#xD;
Player Test3 won trick with Five of Spades&#xD;
Test&#xD;
Player Test1 won trick with Queen of Clubs&#xD;
Test&#xD;
Test&#xD;
Test&#xD;
Player Test1 won trick with Six of Hearts&#xD;
Test&#xD;
Test&#xD;
Test&#xD;
Player Test1 won trick with Eight of Spades&#xD;
Test&#xD;
Test&#xD;
Test&#xD;
Player Test1 won trick with Nine of Diamonds&#xD;
Test&#xD;
Test&#xD;
Test&#xD;
Player Test1 won trick with Ace of Diamonds&#xD;
Test&#xD;
Test&#xD;
Player Test2 won trick with Ace of Clubs&#xD;
Test&#xD;
Test&#xD;
Player Test4 won trick with Ten of Clubs&#xD;
Test&#xD;
Test&#xD;
Test&#xD;
Player Test1 won trick with Five of Spades&#xD;
Test&#xD;
Test&#xD;
Player Test4 won trick with Ace of Diamonds&#xD;
Test&#xD;
Player Test1 won trick with Five of Clubs&#xD;
Test&#xD;
Test&#xD;
Player Test2 won trick with Ace of Diamonds&#xD;
Test&#xD;
Test&#xD;
Player Test1 won trick with Eight of Spades&#xD;
Test&#xD;
Test&#xD;
Player Test1 won trick with Eight of Clubs&#xD;
Test&#xD;
Test&#xD;
Test&#xD;
Player Test1 won trick with Four of Diamonds&#xD;
Test&#xD;
Test&#xD;
Test&#xD;
Test&#xD;
Player Test1 won trick with Nine of Diamonds&#xD;
Test&#xD;
Test&#xD;
Test&#xD;
Player Test1 won trick with Jack of Spades&#xD;
Test&#xD;
Test&#xD;
Player Test1 won trick with Ten of Spades&#xD;
Test&#xD;
Test&#xD;
Test&#xD;
Test&#xD;
Player Test1 won trick with Nine of Hearts&#xD;
Test&#xD;
Player Test2 won trick with Jack of Clubs&#xD;
Test&#xD;
Player Test3 won trick with Ten of Spades&#xD;
Test&#xD;
Test&#xD;
Test&#xD;
Test&#xD;
Player Test1 won trick with Five of Diamonds&#xD;
Test&#xD;
Test&#xD;
Player Test1 won trick with King of Diamonds&#xD;
Test&#xD;
Test&#xD;
Test&#xD;
Player Test1 won trick with King of Diamonds&#xD;
Test&#xD;
Test&#xD;
Player Test1 won trick with Ten of Spades&#xD;
Test&#xD;
Test&#xD;
Player Test2 won trick with King of Diamonds&#xD;
Test&#xD;
Test&#xD;
Test&#xD;
Player Test1 won trick with Two of Clubs&#xD;
Test&#xD;
Player Test2 won trick with Four of Clubs&#xD;
Test&#xD;
Test&#xD;
Player Test3 won trick with Ace of Hearts&#xD;
Test&#xD;
Player Test4 won trick with King of Spades&#xD;
Test&#xD;
Test&#xD;
Test&#xD;
Test&#xD;
Player Test1 won trick with Six of Hearts&#xD;
Test&#xD;
Test&#xD;
Test&#xD;
Player Test1 won trick with Six of Clubs&#xD;
Test&#xD;
Test&#xD;
Test&#xD;
Test&#xD;
Player Test1 won trick with Ten of Hearts&#xD;
Test&#xD;
Test&#xD;
Test&#xD;
Player Test1 won trick with Seven of Spades&#xD;
Test&#xD;
Test&#xD;
Test&#xD;
Player Test1 won trick with Two of Clubs&#xD;
Test&#xD;
Test&#xD;
Test&#xD;
Player Test1 won trick with Three of Clubs&#xD;
Test&#xD;
Test&#xD;
Test&#xD;
Player Test1 won trick with Queen of Hearts&#xD;
Test&#xD;
Test&#xD;
Test&#xD;
Player Test1 won trick with Six of Spades&#xD;
Test&#xD;
Test&#xD;
Player Test3 won trick with Queen of Hearts&#xD;
Test&#xD;
Test&#xD;
Test&#xD;
Player Test1 won trick with Queen of Diamonds&#xD;
Test&#xD;
Test&#xD;
Player Test1 won trick with Jack of Diamonds&#xD;
Test&#xD;
Test&#xD;
Test&#xD;
Player Test2 won trick with King of Hearts&#xD;
Test&#xD;
Test&#xD;
Test&#xD;
Test&#xD;
Player Test1 won trick with Eight of Hearts&#xD;
Test&#xD;
Test&#xD;
Player Test4 won trick with Seven of Spades&#xD;
Test&#xD;
Test&#xD;
Test&#xD;
Player Test2 won trick with Seven of Hearts&#xD;
Test&#xD;
Test&#xD;
Test&#xD;
Player Test1 won trick with Six of Clubs&#xD;
Test&#xD;
Test&#xD;
Test&#xD;
Player Test1 won trick with Queen of Spades&#xD;
Test&#xD;
Player Test1 won trick with Seven of Clubs&#xD;
Test&#xD;
Test&#xD;
Player Test1 won trick with Queen of Clubs&#xD;
Test&#xD;
Test&#xD;
Player Test1 won trick with Five of Hearts&#xD;
Test&#xD;
Test&#xD;
Test&#xD;
Player Test1 won trick with Three of Spades&#xD;
Test&#xD;
Test&#xD;
Player Test1 won trick with Eight of Spades&#xD;
Test&#xD;
Test&#xD;
Player Test1 won trick with King of Hearts&#xD;
Test&#xD;
Test&#xD;
Test&#xD;
Test&#xD;
Player Test1 won trick with Six of Hearts&#xD;
Test&#xD;
Test&#xD;
Test&#xD;
Test&#xD;
Player Test1 won trick with Jack of Diamonds&#xD;
Test&#xD;
Test&#xD;
Test&#xD;
Player Test1 won trick with Ace of Spades&#xD;
Test&#xD;
Test&#xD;
Test&#xD;
Player Test1 won trick with Ace of Hearts&#xD;
Test&#xD;
Player Test1 won trick with King of Diamonds&#xD;
Test&#xD;
Test&#xD;
Player Test1 won trick with Four of Spades&#xD;
Player Test2 won trick with Seven of Clubs&#xD;
Test&#xD;
Test&#xD;
Test&#xD;
Test&#xD;
Player Test1 won trick with Nine of Clubs&#xD;
Test&#xD;
Test&#xD;
Test&#xD;
Player Test1 won trick with Six of Diamonds&#xD;
Test&#xD;
Test&#xD;
Player Test4 won trick with Seven of Diamonds&#xD;
Test&#xD;
Test&#xD;
Player Test1 won trick with Queen of Spades&#xD;
Test&#xD;
Test&#xD;
Test&#xD;
Player Test1 won trick with Jack of Spades&#xD;
Test&#xD;
Test&#xD;
Test&#xD;
Player Test1 won trick with Jack of Hearts&#xD;
Test&#xD;
Test&#xD;
Player Test4 won trick with King of Spades&#xD;
Test&#xD;
Test&#xD;
Player Test1 won trick with Jack of Spades&#xD;
Test&#xD;
Player Test3 won trick with Ace of Hearts&#xD;
Test&#xD;
Test&#xD;
Test&#xD;
Player Test2 won trick with Jack of Hearts&#xD;
Test&#xD;
Player Test3 won trick with Ace of Spades&#xD;
Test&#xD;
Test&#xD;
Test&#xD;
Player Test2 won trick with Ten of Hearts&#xD;
Test&#xD;
Test&#xD;
Test&#xD;
Player Test2 won trick with Ace of Diamonds&#xD;
Test&#xD;
Test&#xD;
Test&#xD;
Test&#xD;
Player Test1 won trick with Queen of Diamonds&#xD;
Test&#xD;
Test&#xD;
Test&#xD;
Test&#xD;
Player Test1 won trick with Eight of Hearts&#xD;
Test&#xD;
Test&#xD;
Test&#xD;
Player Test1 won trick with Five of Spades&#xD;
Test&#xD;
Test&#xD;
Test&#xD;
Player Test1 won trick with King of Spades&#xD;
Test&#xD;
Test&#xD;
Player Test4 won trick with Nine of Spades&#xD;
Test&#xD;
Test&#xD;
Test&#xD;
Test&#xD;
Player Test1 won trick with Ace of Hearts&#xD;
Test&#xD;
Test&#xD;
Player Test2 won trick with Nine of Diamonds&#xD;
Test&#xD;
Test&#xD;
Player Test1 won trick with Ace of Clubs&#xD;
Test&#xD;
Test&#xD;
Test&#xD;
Player Test1 won trick with Ten of Clubs&#xD;
Test&#xD;
Test&#xD;
Player Test2 won trick with Ace of Clubs&#xD;
Test&#xD;
Test&#xD;
Player Test1 won trick with Eight of Diamonds&#xD;
Test&#xD;
Test&#xD;
Test&#xD;
Test&#xD;
Player Test1 won trick with Jack of Hearts&#xD;
Test&#xD;
Test&#xD;
Player Test2 won trick with King of Diamonds&#xD;
Test&#xD;
Test&#xD;
Player Test1 won trick with Queen of Diamonds&#xD;
Test&#xD;
Test&#xD;
Test&#xD;
Player Test1 won trick with Six of Spades&#xD;
Test&#xD;
Test&#xD;
Player Test2 won trick with King of Clubs&#xD;
Test&#xD;
Test&#xD;
Test&#xD;
Test&#xD;
Player Test1 won trick with Ace of Spades&#xD;
Test&#xD;
Test&#xD;
Player Test3 won trick with Ace of Clubs&#xD;
Test&#xD;
Test&#xD;
Player Test1 won trick with King of Diamonds&#xD;
Test&#xD;
Test&#xD;
Test&#xD;
Test&#xD;
Player Test1 won trick with Jack of Hearts&#xD;
Player Test2 won trick with Ace of Diamonds&#xD;
Test&#xD;
Player Test1 won trick with Ten of Diamonds&#xD;
Test&#xD;
Test&#xD;
Player Test1 won trick with Ace of Diamonds&#xD;
Test&#xD;
Test&#xD;
Test&#xD;
Player Test1 won trick with Jack of Hearts&#xD;
Test&#xD;
Test&#xD;
Player Test3 won trick with Jack of Clubs&#xD;
Test&#xD;
Test&#xD;
Test&#xD;
Player Test1 won trick with Three of Diamonds&#xD;
Test&#xD;
Test&#xD;
Player Test2 won trick with Ace of Diamonds&#xD;
Test&#xD;
Test&#xD;
Player Test3 won trick with Queen of Clubs&#xD;
Test&#xD;
Test&#xD;
Test&#xD;
Player Test1 won trick with Ace of Diamonds&#xD;
Test&#xD;
Test&#xD;
Player Test2 won trick with Jack of Diamonds&#xD;
Test&#xD;
Test&#xD;
Test&#xD;
Test&#xD;
Player Test1 won trick with Eight of Hearts&#xD;
Test&#xD;
Test&#xD;
Test&#xD;
Player Test1 won trick with Queen of Spades&#xD;
Test&#xD;
Test&#xD;
Test&#xD;
Player Test1 won trick with Six of Diamonds&#xD;
Test&#xD;
Test&#xD;
Test&#xD;
Player Test1 won trick with Two of Diamonds&#xD;
Test&#xD;
Test&#xD;
Player Test2 won trick with Six of Hearts&#xD;
Test&#xD;
Test&#xD;
Player Test1 won trick with Five of Diamonds&#xD;
Test&#xD;
Test&#xD;
Player Test1 won trick with Jack of Spades&#xD;
Test&#xD;
Test&#xD;
Test&#xD;
Player Test1 won trick with Eight of Hearts&#xD;
Test&#xD;
Test&#xD;
Test&#xD;
Player Test1 won trick with Six of Clubs&#xD;
Test&#xD;
Test&#xD;
Player Test1 won trick with Nine of Diamonds&#xD;
Test&#xD;
Test&#xD;
Player Test3 won trick with Ace of Hearts&#xD;
Test&#xD;
Player Test4 won trick with King of Diamonds&#xD;
Test&#xD;
Test&#xD;
Test&#xD;
Player Test2 won trick with Four of Hearts&#xD;
Test&#xD;
Test&#xD;
Player Test1 won trick with Nine of Diamonds&#xD;
Test&#xD;
Player Test4 won trick with Seven of Diamonds&#xD;
Test&#xD;
Test&#xD;
Test&#xD;
Player Test1 won trick with Three of Spades&#xD;
Test&#xD;
Test&#xD;
Test&#xD;
Test&#xD;
Player Test1 won trick with Three of Hearts&#xD;
Test&#xD;
Test&#xD;
Player Test1 won trick with Queen of Spades&#xD;
Test&#xD;
Test&#xD;
Player Test3 won trick with Six of Clubs&#xD;
Test&#xD;
Player Test2 won trick with Nine of Clubs&#xD;
Test&#xD;
Player Test3 won trick with Queen of Clubs&#xD;
Test&#xD;
Test&#xD;
Test&#xD;
Player Test1 won trick with Ace of Hearts&#xD;
Test&#xD;
Test&#xD;
Player Test1 won trick with Ten of Spades&#xD;
Test&#xD;
Test&#xD;
Test&#xD;
Player Test1 won trick with King of Diamonds&#xD;
Test&#xD;
Test&#xD;
Player Test2 won trick with King of Spades&#xD;
Test&#xD;
Test&#xD;
Test&#xD;
Player Test1 won trick with Ace of Spades&#xD;
Test&#xD;
Test&#xD;
Test&#xD;
Player Test4 won trick with Nine of Spades&#xD;
Test&#xD;
Player Test1 won trick with King of Clubs&#xD;
Test&#xD;
Test&#xD;
Test&#xD;
Player Test1 won trick with Queen of Diamonds&#xD;
Test&#xD;
Test&#xD;
Test&#xD;
Player Test1 won trick with Jack of Clubs&#xD;
Test&#xD;
Test&#xD;
Player Test4 won trick with Queen of Diamonds&#xD;
Test&#xD;
Test&#xD;
Player Test2 won trick with Nine of Diamonds&#xD;
Test&#xD;
Test&#xD;
Test&#xD;
Player Test1 won trick with Two of Clubs&#xD;
Test&#xD;
Test&#xD;
Player Test1 won trick with Ten of Spades&#xD;
Test&#xD;
Test&#xD;
Player Test4 won trick with Ace of Diamonds&#xD;
Test&#xD;
Test&#xD;
Test&#xD;
Player Test4 won trick with Eight of Hearts&#xD;
Test&#xD;
Test&#xD;
Player Test1 won trick with Six of Clubs&#xD;
Test&#xD;
Test&#xD;
Player Test1 won trick with Queen of Diamonds&#xD;
Test&#xD;
Test&#xD;
Test&#xD;
Player Test1 won trick with Ten of Clubs&#xD;
Test&#xD;
Test&#xD;
Test&#xD;
Player Test1 won trick with King of Diamonds&#xD;
Test&#xD;
Test&#xD;
Test&#xD;
Player Test1 won trick with Ace of Spades&#xD;
Test&#xD;
Test&#xD;
Test&#xD;
Player Test1 won trick with King of Diamonds&#xD;
Test&#xD;
Test&#xD;
Test&#xD;
Player Test1 won trick with Seven of Clubs&#xD;
Test&#xD;
Test&#xD;
Test&#xD;
Test&#xD;
Player Test1 won trick with Nine of Clubs&#xD;
Test&#xD;
Test&#xD;
Test&#xD;
Test&#xD;
Player Test1 won trick with Ten of Hearts&#xD;
Test&#xD;
Test&#xD;
Test&#xD;
Player Test1 won trick with Nine of Spades&#xD;
Test&#xD;
Player Test1 won trick with Ten of Spades&#xD;
Test&#xD;
Test&#xD;
Player Test1 won trick with King of Clubs&#xD;
Test&#xD;
Test&#xD;
Player Test1 won trick with Three of Clubs&#xD;
Test&#xD;
Test&#xD;
Test&#xD;
Player Test2 won trick with Six of Hearts&#xD;
Test&#xD;
Test&#xD;
Test&#xD;
Player Test1 won trick with Two of Clubs&#xD;
Test&#xD;
Test&#xD;
Player Test1 won trick with Ace of Spades&#xD;
Test&#xD;
Test&#xD;
Test&#xD;
Player Test1 won trick with Six of Clubs&#xD;
Test&#xD;
Test&#xD;
Test&#xD;
Test&#xD;
Player Test1 won trick with Nine of Clubs&#xD;
Test&#xD;
Test&#xD;
Test&#xD;
Player Test1 won trick with Two of Diamonds&#xD;
Test&#xD;
Test&#xD;
Player Test3 won trick with Eight of Spades&#xD;
Test&#xD;
Test&#xD;
Test&#xD;
Player Test1 won trick with Seven of Diamonds&#xD;
Test&#xD;
Test&#xD;
Test&#xD;
Test&#xD;
Player Test1 won trick with Ace of Hearts&#xD;
Test&#xD;
Test&#xD;
Test&#xD;
Test&#xD;
Player Test1 won trick with Two of Diamonds&#xD;
Test&#xD;
Player Test3 won trick with Ace of Clubs&#xD;
Test&#xD;
Test&#xD;
Test&#xD;
Player Test3 won trick with King of Hearts&#xD;
Test&#xD;
Test&#xD;
Test&#xD;
Player Test1 won trick with King of Clubs&#xD;
Test&#xD;
Test&#xD;
Test&#xD;
Player Test1 won trick with Five of Diamonds&#xD;
Test&#xD;
Test&#xD;
Test&#xD;
Player Test1 won trick with Two of Clubs&#xD;
Test&#xD;
Test&#xD;
Test&#xD;
Player Test1 won trick with Eight of Diamonds&#xD;
Test&#xD;
Player Test1 won trick with Ace of Diamonds&#xD;
Test&#xD;
Test&#xD;
Test&#xD;
Player Test1 won trick with King of Hearts&#xD;
Test&#xD;
Test&#xD;
Test&#xD;
Player Test1 won trick with Five of Diamonds&#xD;
Test&#xD;
Test&#xD;
Test&#xD;
Player Test1 won trick with Jack of Clubs&#xD;
Test&#xD;
Test&#xD;
Test&#xD;
Test&#xD;
Player Test1 won trick with Queen of Clubs&#xD;
Test&#xD;
Test&#xD;
Test&#xD;
Player Test1 won trick with Four of Spades&#xD;
Test&#xD;
Test&#xD;
Player Test1 won trick with Ace of Hearts&#xD;
Test&#xD;
Test&#xD;
Player Test1 won trick with Eight of Spades&#xD;
Player Test2 won trick with King of Spades&#xD;
Test&#xD;
Test&#xD;
Test&#xD;
Test&#xD;
Player Test1 won trick with Two of Spades&#xD;
Test&#xD;
Test&#xD;
Test&#xD;
Player Test1 won trick with King of Hearts&#xD;
Test&#xD;
Test&#xD;
Test&#xD;
Player Test1 won trick with Ten of Spades&#xD;
Test&#xD;
Test&#xD;
Player Test4 won trick with Ace of Clubs&#xD;
Test&#xD;
Test&#xD;
Test&#xD;
Player Test1 won trick with Five of Diamonds&#xD;
Test&#xD;
Test&#xD;
Test&#xD;
Player Test1 won trick with Seven of Diamonds&#xD;
Test&#xD;
Test&#xD;
Player Test2 won trick with Queen of Spades&#xD;
Test&#xD;
Test&#xD;
Test&#xD;
Test&#xD;
Player Test1 won trick with Nine of Hearts&#xD;
Test&#xD;
Test&#xD;
Player Test2 won trick with King of Diamonds&#xD;
Test&#xD;
Test&#xD;
Test&#xD;
Player Test1 won trick with Nine of Diamonds&#xD;
Test&#xD;
Test&#xD;
Player Test1 won trick with King of Clubs&#xD;
Test&#xD;
Test&#xD;
Test&#xD;
Test&#xD;
Player Test1 won trick with Eight of Hearts&#xD;
Test&#xD;
Test&#xD;
Player Test1 won trick with Queen of Diamonds&#xD;
Test&#xD;
Test&#xD;
Test&#xD;
Test&#xD;
Player Test1 won trick with Seven of Hearts&#xD;
Test&#xD;
Test&#xD;
Player Test3 won trick with Queen of Hearts&#xD;
Test&#xD;
Test&#xD;
Test&#xD;
Player Test1 won trick with Five of Diamonds&#xD;
Test&#xD;
Test&#xD;
Player Test1 won trick with Ten of Clubs&#xD;
Test&#xD;
Test&#xD;
Test&#xD;
Test&#xD;
Player Test1 won trick with Five of Hearts&#xD;
Test&#xD;
Test&#xD;
Test&#xD;
Test&#xD;
Player Test1 won trick with Two of Spades&#xD;
Test&#xD;
Test&#xD;
Player Test1 won trick with Six of Diamonds&#xD;
Test&#xD;
Player Test4 won trick with Jack of Diamonds&#xD;
Test&#xD;
Test&#xD;
Player Test1 won trick with Seven of Diamonds&#xD;
Test&#xD;
Test&#xD;
Test&#xD;
Player Test1 won trick with Five of Spades&#xD;
Test&#xD;
Test&#xD;
Test&#xD;
Player Test1 won trick with Six of Clubs&#xD;
Test&#xD;
Test&#xD;
Player Test2 won trick with Jack of Hearts&#xD;
Test&#xD;
Test&#xD;
Test&#xD;
Player Test1 won trick with Seven of Diamonds&#xD;
Test&#xD;
Test&#xD;
Player Test3 won trick with Five of Spades&#xD;
Test&#xD;
Test&#xD;
Test&#xD;
Test&#xD;
Player Test1 won trick with Ace of Spades&#xD;
Test&#xD;
Player Test3 won trick with Ace of Spades&#xD;
Test&#xD;
Test&#xD;
Test&#xD;
Test&#xD;
Player Test1 won trick with Seven of Clubs&#xD;
Test&#xD;
Test&#xD;
Test&#xD;
Player Test3 won trick with King of Hearts&#xD;
Test&#xD;
Test&#xD;
Test&#xD;
Player Test1 won trick with Queen of Diamonds&#xD;
Test&#xD;
Test&#xD;
Test&#xD;
Player Test1 won trick with Nine of Spades&#xD;
Test&#xD;
Test&#xD;
Player Test1 won trick with King of Diamonds&#xD;
Test&#xD;
Player Test1 won trick with Queen of Clubs&#xD;
Test&#xD;
Player Test4 won trick with Ace of Diamonds&#xD;
Test&#xD;
Test&#xD;
Test&#xD;
Player Test1 won trick with Jack of Clubs&#xD;
Test&#xD;
Test&#xD;
Test&#xD;
Test&#xD;
Player Test1 won trick with Queen of Clubs&#xD;
Test&#xD;
Test&#xD;
Test&#xD;
Player Test1 won trick with Ten of Clubs&#xD;
Test&#xD;
Player Test4 won trick with Seven of Spades&#xD;
Test&#xD;
Test&#xD;
Test&#xD;
Player Test1 won trick with King of Diamonds&#xD;
Test&#xD;
Test&#xD;
Test&#xD;
Test&#xD;
Player Test1 won trick with Six of Hearts&#xD;
Test&#xD;
Test&#xD;
Player Test1 won trick with Queen of Spades&#xD;
Test&#xD;
Test&#xD;
Player Test1 won trick with Ace of Hearts&#xD;
Test&#xD;
Test&#xD;
Test&#xD;
Test&#xD;
Player Test1 won trick with Eight of Hearts&#xD;
Test&#xD;
Test&#xD;
Test&#xD;
Test&#xD;
Player Test1 won trick with Four of Hearts&#xD;
Test&#xD;
Test&#xD;
Test&#xD;
Player Test1 won trick with Six of Hearts&#xD;
Test&#xD;
Test&#xD;
Test&#xD;
Player Test1 won trick with Three of Hearts&#xD;
Test&#xD;
Test&#xD;
Test&#xD;
Test&#xD;
Player Test1 won trick with Two of Hearts&#xD;
Test&#xD;
Test&#xD;
Test&#xD;
Player Test2 won trick with Jack of Hearts&#xD;
Test&#xD;
Test&#xD;
Test&#xD;
Player Test4 won trick with King of Hearts&#xD;
Test&#xD;
Test&#xD;
Player Test1 won trick with Seven of Diamonds&#xD;
Test&#xD;
Test&#xD;
Player Test2 won trick with Ace of Clubs&#xD;
Test&#xD;
Test&#xD;
Player Test2 won trick with Four of Clubs&#xD;
Test&#xD;
Test&#xD;
Test&#xD;
Test&#xD;
Player Test1 won trick with Ace of Diamonds&#xD;
Test&#xD;
Test&#xD;
Player Test1 won trick with Seven of Diamonds&#xD;
Test&#xD;
Test&#xD;
Player Test1 won trick with King of Hearts&#xD;
Test&#xD;
Player Test4 won trick with Jack of Diamonds&#xD;
Test&#xD;
Test&#xD;
Player Test1 won trick with Jack of Hearts&#xD;
Test&#xD;
Test&#xD;
Player Test2 won trick with Ten of Diamonds&#xD;
Test&#xD;
Test&#xD;
Test&#xD;
Player Test1 won trick with Jack of Spades&#xD;
Test&#xD;
Test&#xD;
Test&#xD;
Player Test1 won trick with Ten of Spades&#xD;
Test&#xD;
Test&#xD;
Test&#xD;
Player Test1 won trick with King of Spades&#xD;
Test&#xD;
Test&#xD;
Test&#xD;
Player Test1 won trick with Five of Clubs&#xD;
Test&#xD;
Test&#xD;
Player Test1 won trick with Jack of Spades&#xD;
Test&#xD;
Test&#xD;
Player Test1 won trick with Seven of Spades&#xD;
Test&#xD;
Test&#xD;
Player Test1 won trick with Queen of Clubs&#xD;
Test&#xD;
Test&#xD;
Test&#xD;
Player Test1 won trick with Ace of Clubs&#xD;
Test&#xD;
Test&#xD;
Test&#xD;
Test&#xD;
Player Test1 won trick with Seven of Hearts&#xD;
Test&#xD;
Test&#xD;
Player Test4 won trick with Queen of Spades&#xD;
Test&#xD;
Test&#xD;
Player Test4 won trick with Queen of Diamonds&#xD;
Test&#xD;
Test&#xD;
Player Test2 won trick with Jack of Diamonds&#xD;
Test&#xD;
Test&#xD;
Test&#xD;
Player Test1 won trick with Queen of Hearts&#xD;
Test&#xD;
Test&#xD;
Player Test3 won trick with Eight of Spades&#xD;
Test&#xD;
Test&#xD;
Test&#xD;
Test&#xD;
Player Test1 won trick with Queen of Diamonds&#xD;
Test&#xD;
Test&#xD;
Test&#xD;
Player Test1 won trick with Eight of Clubs&#xD;
Test&#xD;
Test&#xD;
Test&#xD;
Test&#xD;
Player Test1 won trick with Two of Hearts&#xD;
Test&#xD;
Test&#xD;
Test&#xD;
Player Test1 won trick with Eight of Hearts&#xD;
Test&#xD;
Test&#xD;
Test&#xD;
Player Test3 won trick with Queen of Spades&#xD;
Test&#xD;
Test&#xD;
Test&#xD;
Player Test1 won trick with Ace of Hearts&#xD;
Test&#xD;
Test&#xD;
Test&#xD;
Player Test1 won trick with King of Hearts&#xD;
Test&#xD;
Test&#xD;
Test&#xD;
Player Test1 won trick with Two of Spades&#xD;
Test&#xD;
Player Test1 won trick with Ace of Clubs&#xD;
Test&#xD;
Test&#xD;
Test&#xD;
Player Test1 won trick with Six of Spades&#xD;
Test&#xD;
Test&#xD;
Player Test3 won trick with Ace of Spades&#xD;
Test&#xD;
Test&#xD;
Player Test3 won trick with Nine of Clubs&#xD;
Test&#xD;
Test&#xD;
Test&#xD;
Player Test4 won trick with Seven of Hearts&#xD;
Test&#xD;
Test&#xD;
Test&#xD;
Player Test1 won trick with King of Diamonds&#xD;
Test&#xD;
Test&#xD;
Test&#xD;
Player Test1 won trick with Three of Diamonds&#xD;
Test&#xD;
Test&#xD;
Player Test3 won trick with Ace of Clubs&#xD;
Test&#xD;
Test&#xD;
Test&#xD;
Player Test1 won trick with Eight of Spades&#xD;
Test&#xD;
Test&#xD;
Test&#xD;
Player Test3 won trick with Ace of Hearts&#xD;
Test&#xD;
Test&#xD;
Test&#xD;
Player Test1 won trick with Eight of Diamonds&#xD;
Test&#xD;
Test&#xD;
Player Test4 won trick with Ace of Spades&#xD;
Test&#xD;
Test&#xD;
Player Test2 won trick with Jack of Hearts&#xD;
Test&#xD;
Player Test1 won trick with King of Clubs&#xD;
Test&#xD;
Test&#xD;
Player Test1 won trick with Nine of Clubs&#xD;
Test&#xD;
Test&#xD;
Test&#xD;
Player Test1 won trick with Four of Clubs&#xD;
Test&#xD;
Test&#xD;
Test&#xD;
Test&#xD;
Player Test1 won trick with Ace of Spades&#xD;
Test&#xD;
Test&#xD;
Player Test4 won trick with Ten of Spades&#xD;
Test&#xD;
Test&#xD;
Player Test1 won trick with Queen of Spades&#xD;
Test&#xD;
Test&#xD;
Test&#xD;
Player Test3 won trick with Jack of Diamonds&#xD;
Test&#xD;
Test&#xD;
Test&#xD;
Player Test1 won trick with Ace of Clubs&#xD;
Test&#xD;
Test&#xD;
Test&#xD;
Test&#xD;
Player Test1 won trick with Five of Hearts&#xD;
Test&#xD;
Test&#xD;
Test&#xD;
Player Test1 won trick with Five of Clubs&#xD;
Test&#xD;
Test&#xD;
Test&#xD;
Player Test4 won trick with King of Diamonds&#xD;
Test&#xD;
Test&#xD;
Player Test1 won trick with Seven of Diamonds&#xD;
Test&#xD;
Test&#xD;
Player Test2 won trick with Queen of Diamonds&#xD;
Test&#xD;
Test&#xD;
Test&#xD;
Player Test1 won trick with Ace of Clubs&#xD;
Test&#xD;
Test&#xD;
Player Test1 won trick with Queen of Clubs&#xD;
Test&#xD;
Test&#xD;
Test&#xD;
Player Test1 won trick with Six of Spades&#xD;
Test&#xD;
Test&#xD;
Test&#xD;
Test&#xD;
Player Test1 won trick with Two of Hearts&#xD;
Test&#xD;
Test&#xD;
Test&#xD;
Test&#xD;
Player Test1 won trick with Seven of Clubs&#xD;
Test&#xD;
Test&#xD;
Test&#xD;
Player Test1 won trick with Five of Diamonds&#xD;
Test&#xD;
Player Test4 won trick with Six of Spades&#xD;
Test&#xD;
Test&#xD;
Player Test2 won trick with Ace of Diamonds&#xD;
Test&#xD;
Test&#xD;
Player Test2 won trick with Ace of Spades&#xD;
Test&#xD;
Test&#xD;
Player Test1 won trick with Two of Spades&#xD;
Test&#xD;
Test&#xD;
Test&#xD;
Player Test1 won trick with King of Clubs&#xD;
Test&#xD;
Test&#xD;
Test&#xD;
Player Test4 won trick with Seven of Hearts&#xD;
Test&#xD;
Player Test1 won trick with Queen of Clubs&#xD;
Test&#xD;
Test&#xD;
Test&#xD;
Test&#xD;
Player Test1 won trick with Jack of Hearts&#xD;
Test&#xD;
Test&#xD;
Test&#xD;
Player Test1 won trick with Ace of Clubs&#xD;
Test&#xD;
Test&#xD;
Player Test1 won trick with Six of Diamonds&#xD;
Test&#xD;
Test&#xD;
Test&#xD;
Player Test1 won trick with Jack of Hearts&#xD;
Test&#xD;
Test&#xD;
Test&#xD;
Player Test1 won trick with Queen of Hearts&#xD;
Test&#xD;
Test&#xD;
Test&#xD;
Test&#xD;
Player Test1 won trick with Ten of Hearts&#xD;
Test&#xD;
Player Test1 won trick with King of Diamonds&#xD;
Test&#xD;
Test&#xD;
Test&#xD;
Player Test1 won trick with Seven of Clubs&#xD;
Test&#xD;
Test&#xD;
Test&#xD;
Player Test1 won trick with Five of Clubs&#xD;
Test&#xD;
Test&#xD;
Test&#xD;
Player Test1 won trick with Nine of Diamonds&#xD;
Test&#xD;
Test&#xD;
Player Test1 won trick with Ace of Spades&#xD;
Test&#xD;
Test&#xD;
Player Test1 won trick with Nine of Spades&#xD;
Test&#xD;
Test&#xD;
Test&#xD;
Test&#xD;
Player Test1 won trick with Three of Hearts&#xD;
Test&#xD;
Test&#xD;
Test&#xD;
Player Test1 won trick with Four of Spades&#xD;
Player Test1 won trick with Jack of Diamonds&#xD;
Test&#xD;
Test&#xD;
Test&#xD;
Test&#xD;
Player Test1 won trick with Five of Hearts&#xD;
Test&#xD;
Player Test1 won trick with Queen of Clubs&#xD;
Test&#xD;
Test&#xD;
Test&#xD;
Player Test1 won trick with Jack of Clubs&#xD;
Test&#xD;
Test&#xD;
Test&#xD;
Player Test1 won trick with Five of Clubs&#xD;
Test&#xD;
Test&#xD;
Test&#xD;
Player Test1 won trick with Three of Clubs&#xD;
Test&#xD;
Test&#xD;
Test&#xD;
Player Test1 won trick with Two of Diamonds&#xD;
Test&#xD;
Test&#xD;
Test&#xD;
Player Test1 won trick with King of Hearts&#xD;
Test&#xD;
Test&#xD;
Test&#xD;
Player Test1 won trick with Queen of Spades&#xD;
Test&#xD;
Test&#xD;
Test&#xD;
Player Test1 won trick with Seven of Diamonds&#xD;
Test&#xD;
Test&#xD;
Player Test2 won trick with Three of Spades&#xD;
Test&#xD;
Test&#xD;
Player Test1 won trick with Four of Clubs&#xD;
Test&#xD;
Test&#xD;
Player Test1 won trick with Seven of Diamonds&#xD;
Test&#xD;
Player Test4 won trick with Ace of Diamonds&#xD;
Test&#xD;
Test&#xD;
Player Test1 won trick with Jack of Spades&#xD;
Test&#xD;
Player Test1 won trick with Queen of Diamonds&#xD;
Test&#xD;
Test&#xD;
Player Test1 won trick with Seven of Diamonds&#xD;
Test&#xD;
Player Test3 won trick with King of Hearts&#xD;
Test&#xD;
Test&#xD;
Player Test1 won trick with Seven of Spades&#xD;
Test&#xD;
Test&#xD;
Test&#xD;
Test&#xD;
Player Test1 won trick with Eight of Hearts&#xD;
Test&#xD;
Test&#xD;
Test&#xD;
Player Test1 won trick with Ace of Spades&#xD;
Test&#xD;
Test&#xD;
Player Test4 won trick with Ace of Clubs&#xD;
Test&#xD;
Test&#xD;
Test&#xD;
Player Test1 won trick with Ten of Hearts&#xD;
Test&#xD;
Test&#xD;
Test&#xD;
Test&#xD;
Player Test1 won trick with King of Hearts&#xD;
Test&#xD;
Test&#xD;
Player Test1 won trick with Ten of Diamonds&#xD;
Test&#xD;
Test&#xD;
Test&#xD;
Player Test1 won trick with Ace of Spades&#xD;
Test&#xD;
Test&#xD;
Test&#xD;
Player Test1 won trick with Seven of Clubs&#xD;
Test&#xD;
Player Test1 won trick with King of Spades&#xD;
Test&#xD;
Test&#xD;
Test&#xD;
Player Test1 won trick with Queen of Hearts&#xD;
Test&#xD;
Test&#xD;
Test&#xD;
Test&#xD;
Player Test1 won trick with Jack of Hearts&#xD;
Test&#xD;
Test&#xD;
Player Test1 won trick with Jack of Diamonds&#xD;
Test&#xD;
Player Test3 won trick with Ace of Clubs&#xD;
Test&#xD;
Test&#xD;
Player Test4 won trick with Five of Spades&#xD;
Test&#xD;
Test&#xD;
Test&#xD;
Test&#xD;
Player Test1 won trick with Ace of Hearts&#xD;
Test&#xD;
Test&#xD;
Test&#xD;
Player Test1 won trick with Nine of Clubs&#xD;
Test&#xD;
Test&#xD;
Player Test1 won trick with Queen of Spades&#xD;
Test&#xD;
Test&#xD;
Player Test1 won trick with Jack of Clubs&#xD;
Test&#xD;
Test&#xD;
Test&#xD;
Player Test1 won trick with Three of Diamonds&#xD;
Test&#xD;
Test&#xD;
Test&#xD;
Player Test1 won trick with Five of Spades&#xD;
Test&#xD;
Test&#xD;
Player Test1 won trick with Four of Clubs&#xD;
Test&#xD;
Test&#xD;
Player Test1 won trick with Queen of Spades&#xD;
Test&#xD;
Test&#xD;
Test&#xD;
Test&#xD;
Player Test1 won trick with Ten of Hearts&#xD;
Test&#xD;
Player Test4 won trick with Ace of Diamonds&#xD;
Test&#xD;
Player Test2 won trick with Ace of Clubs&#xD;
Test&#xD;
Test&#xD;
Test&#xD;
Player Test1 won trick with Six of Clubs&#xD;
Test&#xD;
Test&#xD;
Test&#xD;
Player Test1 won trick with King of Diamonds&#xD;
Test&#xD;
Test&#xD;
Test&#xD;
Player Test1 won trick with Queen of Diamonds&#xD;
Test&#xD;
Test&#xD;
Test&#xD;
Test&#xD;
Player Test1 won trick with Four of Hearts&#xD;
Test&#xD;
Test&#xD;
Player Test4 won trick with Ten of Spades&#xD;
Test&#xD;
Test&#xD;
Test&#xD;
Test&#xD;
Player Test1 won trick with Eight of Hearts&#xD;
Test&#xD;
Test&#xD;
Test&#xD;
Player Test1 won trick with Six of Spades&#xD;
Test&#xD;
Test&#xD;
Player Test4 won trick with Seven of Diamonds&#xD;
Test&#xD;
Test&#xD;
Player Test2 won trick with King of Spades&#xD;
Test&#xD;
Test&#xD;
Player Test3 won trick with Ace of Clubs&#xD;
Player Test2 won trick with Ace of Spades&#xD;
Test&#xD;
Test&#xD;
Test&#xD;
Player Test1 won trick with Four of Spades&#xD;
Test&#xD;
Test&#xD;
Test&#xD;
Player Test1 won trick with Two of Clubs&#xD;
Test&#xD;
Test&#xD;
Test&#xD;
Player Test1 won trick with Nine of Diamonds&#xD;
Test&#xD;
Test&#xD;
Player Test1 won trick with Ace of Spades&#xD;
Test&#xD;
Test&#xD;
Player Test3 won trick with Five of Clubs&#xD;
Test&#xD;
Test&#xD;
Test&#xD;
Test&#xD;
Player Test1 won trick with Jack of Hearts&#xD;
Test&#xD;
Test&#xD;
Player Test4 won trick with Ten of Diamonds&#xD;
Test&#xD;
Test&#xD;
Test&#xD;
Player Test1 won trick with Eight of Diamonds&#xD;
Test&#xD;
Test&#xD;
Player Test4 won trick with King of Hearts&#xD;
Test&#xD;
Player Test2 won trick with Queen of Diamonds&#xD;
Test&#xD;
Player Test4 won trick with Seven of Diamonds&#xD;
Test&#xD;
Test&#xD;
Test&#xD;
Player Test1 won trick with Ten of Hearts&#xD;
Test&#xD;
Test&#xD;
Player Test1 won trick with Ten of Spades&#xD;
Test&#xD;
Test&#xD;
Player Test1 won trick with Jack of Diamonds&#xD;
Test&#xD;
Test&#xD;
Test&#xD;
Test&#xD;
Player Test1 won trick with Six of Hearts&#xD;
Test&#xD;
Test&#xD;
Test&#xD;
Player Test1 won trick with Nine of Spades&#xD;
Test&#xD;
Test&#xD;
Player Test2 won trick with Queen of Spades&#xD;
Test&#xD;
Player Test4 won trick with Ace of Spades&#xD;
Test&#xD;
Test&#xD;
Test&#xD;
Player Test4 won trick with King of Hearts&#xD;
Test&#xD;
Test&#xD;
Test&#xD;
Player Test1 won trick with Seven of Diamonds&#xD;
Test&#xD;
Test&#xD;
Test&#xD;
Player Test3 won trick with Seven of Hearts&#xD;
Test&#xD;
Test&#xD;
Player Test3 won trick with King of Spades&#xD;
Test&#xD;
Test&#xD;
Test&#xD;
Player Test1 won trick with Nine of Diamonds&#xD;
Test&#xD;
Test&#xD;
Player Test3 won trick with Queen of Spades&#xD;
Test&#xD;
Test&#xD;
Test&#xD;
Player Test1 won trick with Queen of Diamonds&#xD;
Test&#xD;
Test&#xD;
Test&#xD;
Player Test1 won trick with Nine of Hearts&#xD;
Test&#xD;
Test&#xD;
Test&#xD;
Player Test4 won trick with Jack of Hearts&#xD;
Test&#xD;
Test&#xD;
Test&#xD;
Player Test1 won trick with Ace of Spades&#xD;
Test&#xD;
Test&#xD;
Player Test2 won trick with Queen of Diamonds&#xD;
Test&#xD;
Test&#xD;
Test&#xD;
Player Test1 won trick with Six of Diamonds&#xD;
Test&#xD;
Test&#xD;
Test&#xD;
Player Test1 won trick with Four of Spades&#xD;
Test&#xD;
Test&#xD;
Test&#xD;
Player Test1 won trick with Seven of Spades&#xD;
Player Test1 won trick with Jack of Clubs&#xD;
Test&#xD;
Test&#xD;
Test&#xD;
Player Test1 won trick with Five of Diamonds&#xD;
Test&#xD;
Player Test2 won trick with Jack of Clubs&#xD;
Test&#xD;
Test&#xD;
Player Test4 won trick with King of Spades&#xD;
Test&#xD;
Test&#xD;
Test&#xD;
Player Test1 won trick with Six of Clubs&#xD;
Test&#xD;
Test&#xD;
Test&#xD;
Player Test1 won trick with Two of Diamonds&#xD;
Test&#xD;
Test&#xD;
Player Test2 won trick with Nine of Hearts&#xD;
Test&#xD;
Test&#xD;
Player Test1 won trick with Four of Diamonds&#xD;
Test&#xD;
Test&#xD;
Player Test4 won trick with Jack of Clubs&#xD;
Test&#xD;
Test&#xD;
Test&#xD;
Player Test1 won trick with Seven of Spades&#xD;
Player Test4 won trick with Jack of Diamonds&#xD;
Test&#xD;
Player Test1 won trick with Ace of Clubs&#xD;
Test&#xD;
Test&#xD;
Player Test2 won trick with Ace of Hearts&#xD;
Test&#xD;
Test&#xD;
Test&#xD;
Player Test4 won trick with Eight of Hearts&#xD;
Test&#xD;
Test&#xD;
Player Test4 won trick with Jack of Spades&#xD;
Test&#xD;
Test&#xD;
Test&#xD;
Player Test1 won trick with Ace of Clubs&#xD;
Test&#xD;
Test&#xD;
Test&#xD;
Player Test1 won trick with Three of Spades&#xD;
Test&#xD;
Test&#xD;
Test&#xD;
Player Test2 won trick with Ace of Hearts&#xD;
Test&#xD;
Player Test1 won trick with Ten of Spades&#xD;
Test&#xD;
Test&#xD;
Test&#xD;
Player Test1 won trick with Ten of Spades&#xD;
Test&#xD;
Test&#xD;
Test&#xD;
Test&#xD;
Player Test1 won trick with Jack of Hearts&#xD;
Test&#xD;
Test&#xD;
Player Test1 won trick with King of Spades&#xD;
Test&#xD;
Test&#xD;
Player Test1 won trick with Ace of Diamonds&#xD;
Test&#xD;
Test&#xD;
Test&#xD;
Player Test1 won trick with King of Hearts&#xD;
Test&#xD;
Test&#xD;
Test&#xD;
Player Test1 won trick with Three of Spades&#xD;
Test&#xD;
Test&#xD;
Player Test1 won trick with King of Clubs&#xD;
Test&#xD;
Test&#xD;
Test&#xD;
Player Test1 won trick with Nine of Hearts&#xD;
Test&#xD;
Test&#xD;
Player Test2 won trick with Seven of Spades&#xD;
Test&#xD;
Test&#xD;
Test&#xD;
Player Test1 won trick with Nine of Diamonds&#xD;
Test&#xD;
Test&#xD;
Test&#xD;
Player Test1 won trick with Jack of Spades&#xD;
Test&#xD;
Test&#xD;
Test&#xD;
Player Test1 won trick with Ace of Diamonds&#xD;
Test&#xD;
Test&#xD;
Player Test2 won trick with Queen of Diamonds&#xD;
Test&#xD;
Test&#xD;
Player Test1 won trick with Ten of Clubs&#xD;
Test&#xD;
Player Test2 won trick with Nine of Clubs&#xD;
Test&#xD;
Player Test1 won trick with Nine of Clubs&#xD;
Test&#xD;
Test&#xD;
Test&#xD;
Player Test1 won trick with Jack of Clubs&#xD;
Test&#xD;
Test&#xD;
Test&#xD;
Player Test1 won trick with Eight of Diamonds&#xD;
Test&#xD;
Player Test3 won trick with Queen of Clubs&#xD;
Test&#xD;
Test&#xD;
Test&#xD;
Player Test1 won trick with Nine of Diamonds&#xD;
Test&#xD;
Test&#xD;
Player Test1 won trick with Jack of Spades&#xD;
Test&#xD;
Test&#xD;
Test&#xD;
Test&#xD;
Player Test1 won trick with Ace of Hearts&#xD;
Test&#xD;
Test&#xD;
Player Test1 won trick with Ace of Diamonds&#xD;
Test&#xD;
Test&#xD;
Test&#xD;
Test&#xD;
Player Test1 won trick with Six of Hearts&#xD;
Test&#xD;
Test&#xD;
Test&#xD;
Player Test1 won trick with Five of Spades&#xD;
Test&#xD;
Test&#xD;
Player Test1 won trick with Ace of Diamonds&#xD;
Test&#xD;
Test&#xD;
Player Test1 won trick with Six of Spades&#xD;
Test&#xD;
Test&#xD;
Test&#xD;
Test&#xD;
Player Test1 won trick with King of Hearts&#xD;
Test&#xD;
Test&#xD;
Test&#xD;
Player Test1 won trick with Nine of Clubs&#xD;
Test&#xD;
Test&#xD;
Test&#xD;
Player Test4 won trick with Jack of Hearts&#xD;
Test&#xD;
Test&#xD;
Player Test2 won trick with King of Clubs&#xD;
Test&#xD;
Test&#xD;
Test&#xD;
Player Test1 won trick with King of Spades&#xD;
Test&#xD;
Test&#xD;
Test&#xD;
Player Test3 won trick with King of Hearts&#xD;
Test&#xD;
Test&#xD;
Test&#xD;
Player Test1 won trick with Four of Diamonds&#xD;
Test&#xD;
Test&#xD;
Test&#xD;
Player Test1 won trick with Ten of Clubs&#xD;
Test&#xD;
Test&#xD;
Test&#xD;
Player Test1 won trick with Seven of Clubs&#xD;
Test&#xD;
Player Test1 won trick with Nine of Clubs&#xD;
Test&#xD;
Player Test2 won trick with Queen of Clubs&#xD;
Test&#xD;
Player Test1 won trick with King of Diamonds&#xD;
Test&#xD;
Test&#xD;
Player Test1 won trick with Six of Diamonds&#xD;
Test&#xD;
Test&#xD;
Test&#xD;
Player Test1 won trick with King of Spades&#xD;
Test&#xD;
Test&#xD;
Test&#xD;
Player Test1 won trick with Queen of Spades&#xD;
Test&#xD;
Test&#xD;
Test&#xD;
Player Test1 won trick with Nine of Clubs&#xD;
Test&#xD;
Player Test1 won trick with Queen of Diamonds&#xD;
Test&#xD;
Test&#xD;
Player Test2 won trick with King of Clubs&#xD;
Test&#xD;
Test&#xD;
Test&#xD;
Test&#xD;
Player Test1 won trick with Six of Hearts&#xD;
Test&#xD;
Test&#xD;
Player Test2 won trick with Eight of Diamonds&#xD;
Test&#xD;
Test&#xD;
Player Test1 won trick with King of Spades&#xD;
Test&#xD;
Test&#xD;
Test&#xD;
Test&#xD;
Player Test1 won trick with Queen of Diamonds&#xD;
Test&#xD;
Test&#xD;
Test&#xD;
Test&#xD;
Player Test1 won trick with Three of Hearts&#xD;
Test&#xD;
Test&#xD;
Test&#xD;
Test&#xD;
Player Test1 won trick with Queen of Hearts&#xD;
Test&#xD;
Test&#xD;
Player Test2 won trick with Six of Diamonds&#xD;
Test&#xD;
Test&#xD;
Player Test4 won trick with Ten of Hearts&#xD;
Test&#xD;
Test&#xD;
Test&#xD;
Player Test1 won trick with Five of Spades&#xD;
Test&#xD;
Test&#xD;
Test&#xD;
Player Test3 won trick with Ace of Hearts&#xD;
Test&#xD;
Test&#xD;
Test&#xD;
Player Test2 won trick with King of Hearts&#xD;
Test&#xD;
Test&#xD;
Player Test3 won trick with King of Spades&#xD;
Test&#xD;
Test&#xD;
Test&#xD;
Player Test1 won trick with Nine of Diamonds&#xD;
Test&#xD;
Test&#xD;
Test&#xD;
Player Test1 won trick with Five of Spades&#xD;
Test&#xD;
Test&#xD;
Test&#xD;
Player Test1 won trick with King of Clubs&#xD;
Test&#xD;
Test&#xD;
Test&#xD;
Player Test1 won trick with Eight of Diamonds&#xD;
Test&#xD;
Test&#xD;
Test&#xD;
Player Test4 won trick with Queen of Hearts&#xD;
Test&#xD;
Test&#xD;
Player Test2 won trick with Ten of Clubs&#xD;
Test&#xD;
Test&#xD;
Test&#xD;
Player Test1 won trick with Five of Hearts&#xD;
Test&#xD;
Test&#xD;
Player Test2 won trick with Ace of Hearts&#xD;
Test&#xD;
Test&#xD;
Player Test2 won trick with King of Hearts&#xD;
Test&#xD;
Test&#xD;
Player Test1 won trick with Ace of Clubs&#xD;
Test&#xD;
Test&#xD;
Player Test2 won trick with Queen of Clubs&#xD;
Test&#xD;
Test&#xD;
Player Test2 won trick with King of Spades&#xD;
Test&#xD;
Test&#xD;
Player Test1 won trick with Three of Spades&#xD;
Test&#xD;
Test&#xD;
Test&#xD;
Test&#xD;
Player Test1 won trick with Queen of Hearts&#xD;
Test&#xD;
Test&#xD;
Player Test3 won trick with Seven of Spades&#xD;
Test&#xD;
Test&#xD;
Player Test1 won trick with Jack of Clubs&#xD;
Test&#xD;
Test&#xD;
Test&#xD;
Player Test1 won trick with Two of Diamonds&#xD;
Test&#xD;
Test&#xD;
Test&#xD;
Player Test1 won trick with Jack of Clubs&#xD;
Test&#xD;
Test&#xD;
Test&#xD;
Player Test3 won trick with Ace of Hearts&#xD;
Test&#xD;
Test&#xD;
Test&#xD;
Player Test2 won trick with Seven of Hearts&#xD;
Test&#xD;
Test&#xD;
Player Test3 won trick with King of Diamonds&#xD;
Test&#xD;
Test&#xD;
Test&#xD;
Player Test4 won trick with King of Clubs&#xD;
Test&#xD;
Test&#xD;
Player Test2 won trick with Ten of Hearts&#xD;
Test&#xD;
Test&#xD;
Test&#xD;
Player Test1 won trick with Five of Diamonds&#xD;
Test&#xD;
Test&#xD;
Player Test4 won trick with Nine of Diamonds&#xD;
Test&#xD;
Test&#xD;
Test&#xD;
Player Test1 won trick with Ten of Hearts&#xD;
Test&#xD;
Test&#xD;
Player Test1 won trick with Ace of Spades&#xD;
Test&#xD;
Test&#xD;
Player Test1 won trick with Nine of Diamonds&#xD;
Test&#xD;
Test&#xD;
Player Test1 won trick with Ten of Clubs&#xD;
Test&#xD;
Test&#xD;
Player Test3 won trick with Eight of Diamonds&#xD;
Test&#xD;
Test&#xD;
Test&#xD;
Player Test1 won trick with Ten of Clubs&#xD;
Test&#xD;
Test&#xD;
Test&#xD;
Player Test1 won trick with Six of Hearts&#xD;
Test&#xD;
Test&#xD;
Player Test1 won trick with Jack of Diamonds&#xD;
Test&#xD;
Test&#xD;
Test&#xD;
Player Test1 won trick with Jack of Spades&#xD;
Test&#xD;
Test&#xD;
Player Test4 won trick with Jack of Clubs&#xD;
Test&#xD;
Test&#xD;
Test&#xD;
Player Test1 won trick with Ten of Spades&#xD;
Test&#xD;
Test&#xD;
Test&#xD;
Player Test1 won trick with Five of Clubs&#xD;
Test&#xD;
Test&#xD;
Test&#xD;
Player Test1 won trick with Ace of Diamonds&#xD;
Test&#xD;
Test&#xD;
Player Test1 won trick with Queen of Diamonds&#xD;
Test&#xD;
Test&#xD;
Test&#xD;
Player Test1 won trick with Two of Clubs&#xD;
Test&#xD;
Test&#xD;
Test&#xD;
Player Test1 won trick with Eight of Clubs&#xD;
Test&#xD;
Test&#xD;
Test&#xD;
Player Test1 won trick with Eight of Spades&#xD;
Test&#xD;
Test&#xD;
Test&#xD;
Test&#xD;
Player Test1 won trick with Six of Hearts&#xD;
Test&#xD;
Player Test1 won trick with King of Diamonds&#xD;
Test&#xD;
Test&#xD;
Test&#xD;
Player Test1 won trick with Six of Spades&#xD;
Test&#xD;
Test&#xD;
Player Test1 won trick with Seven of Diamonds&#xD;
Test&#xD;
Test&#xD;
Player Test1 won trick with Queen of Diamonds&#xD;
Test&#xD;
Test&#xD;
Test&#xD;
Player Test4 won trick with Seven of Hearts&#xD;
Test&#xD;
Test&#xD;
Test&#xD;
Player Test1 won trick with Nine of Clubs&#xD;
Test&#xD;
Test&#xD;
Player Test4 won trick with Ten of Diamonds&#xD;
Test&#xD;
Test&#xD;
Test&#xD;
Player Test1 won trick with Five of Clubs&#xD;
Test&#xD;
Test&#xD;
Test&#xD;
Player Test1 won trick with Five of Spades&#xD;
Test&#xD;
Test&#xD;
Test&#xD;
Player Test1 won trick with Queen of Clubs&#xD;
Test&#xD;
Test&#xD;
Player Test1 won trick with King of Diamonds&#xD;
Test&#xD;
Test&#xD;
Player Test2 won trick with Ten of Clubs&#xD;
Test&#xD;
Test&#xD;
Test&#xD;
Player Test1 won trick with Ace of Diamonds&#xD;
Test&#xD;
Test&#xD;
Test&#xD;
Player Test1 won trick with Eight of Clubs&#xD;
Test&#xD;
Test&#xD;
Test&#xD;
Test&#xD;
Player Test1 won trick with Four of Hearts&#xD;
Test&#xD;
Test&#xD;
Player Test1 won trick with Ten of Diamonds&#xD;
Test&#xD;
Test&#xD;
Player Test2 won trick with King of Hearts&#xD;
Test&#xD;
Player Test2 won trick with Eight of Diamonds&#xD;
Test&#xD;
Test&#xD;
Test&#xD;
Player Test1 won trick with Three of Clubs&#xD;
Test&#xD;
Test&#xD;
Test&#xD;
Player Test1 won trick with Five of Spades&#xD;
Test&#xD;
Test&#xD;
Player Test1 won trick with King of Diamonds&#xD;
Test&#xD;
Test&#xD;
Test&#xD;
Player Test1 won trick with Nine of Clubs&#xD;
Test&#xD;
Player Test1 won trick with Ace of Spades&#xD;
Test&#xD;
Test&#xD;
Test&#xD;
Player Test1 won trick with Two of Spades&#xD;
Test&#xD;
Test&#xD;
Test&#xD;
Player Test1 won trick with Three of Diamonds&#xD;
Test&#xD;
Test&#xD;
Test&#xD;
Player Test1 won trick with Queen of Hearts&#xD;
Test&#xD;
Test&#xD;
Test&#xD;
Player Test3 won trick with Ten of Hearts&#xD;
Test&#xD;
Player Test3 won trick with Queen of Clubs&#xD;
Test&#xD;
Test&#xD;
Test&#xD;
Player Test2 won trick with Jack of Hearts&#xD;
Test&#xD;
Test&#xD;
Player Test1 won trick with Three of Clubs&#xD;
Test&#xD;
Test&#xD;
Test&#xD;
Test&#xD;
Player Test1 won trick with Six of Clubs&#xD;
Test&#xD;
Test&#xD;
Test&#xD;
Test&#xD;
Player Test1 won trick with Six of Hearts&#xD;
Test&#xD;
Test&#xD;
Test&#xD;
Player Test1 won trick with Ace of Hearts&#xD;
Test&#xD;
Test&#xD;
Test&#xD;
Player Test2 won trick with Six of Hearts&#xD;
Test&#xD;
Test&#xD;
Test&#xD;
Player Test1 won trick with King of Spades&#xD;
Test&#xD;
Test&#xD;
Player Test4 won trick with King of Spades&#xD;
Test&#xD;
Test&#xD;
Test&#xD;
Player Test1 won trick with Jack of Clubs&#xD;
Test&#xD;
Test&#xD;
Test&#xD;
Player Test1 won trick with Eight of Clubs&#xD;
Test&#xD;
Test&#xD;
Test&#xD;
Player Test1 won trick with Three of Spades&#xD;
Test&#xD;
Test&#xD;
Player Test1 won trick with Nine of Diamonds&#xD;
Test&#xD;
Test&#xD;
Test&#xD;
Player Test1 won trick with Seven of Spades&#xD;
Test&#xD;
Test&#xD;
Test&#xD;
Player Test1 won trick with Seven of Clubs&#xD;
Test&#xD;
Test&#xD;
Player Test2 won trick with Ten of Diamonds&#xD;
Test&#xD;
Test&#xD;
Test&#xD;
Player Test1 won trick with Ace of Diamonds&#xD;
Test&#xD;
Test&#xD;
Player Test1 won trick with Ace of Clubs&#xD;
Test&#xD;
Test&#xD;
Test&#xD;
Player Test1 won trick with Seven of Hearts&#xD;
Test&#xD;
Test&#xD;
Player Test1 won trick with Jack of Clubs&#xD;
Test&#xD;
Test&#xD;
Test&#xD;
Test&#xD;
Player Test1 won trick with Five of Hearts&#xD;
Test&#xD;
Player Test3 won trick with Seven of Clubs&#xD;
Test&#xD;
Test&#xD;
Test&#xD;
Test&#xD;
Player Test1 won trick with Six of Clubs&#xD;
Test&#xD;
Test&#xD;
Test&#xD;
Player Test1 won trick with Ace of Hearts&#xD;
Test&#xD;
Player Test2 won trick with Queen of Clubs&#xD;
Test&#xD;
Test&#xD;
Player Test3 won trick with Jack of Diamonds&#xD;
Test&#xD;
Test&#xD;
Test&#xD;
Player Test1 won trick with Four of Diamonds&#xD;
Test&#xD;
Test&#xD;
Player Test1 won trick with Ace of Clubs&#xD;
Test&#xD;
Test&#xD;
Test&#xD;
Player Test3 won trick with Six of Hearts&#xD;
Test&#xD;
Test&#xD;
Test&#xD;
Player Test3 won trick with Three of Hearts&#xD;
Test&#xD;
Test&#xD;
Player Test3 won trick with Nine of Clubs&#xD;
Test&#xD;
Test&#xD;
Test&#xD;
Player Test1 won trick with Eight of Clubs&#xD;
Test&#xD;
Test&#xD;
Test&#xD;
Test&#xD;
Player Test1 won trick with Queen of Hearts&#xD;
Test&#xD;
Test&#xD;
Player Test1 won trick with Ace of Clubs&#xD;
Test&#xD;
Test&#xD;
Test&#xD;
Player Test3 won trick with King of Hearts&#xD;
Test&#xD;
Test&#xD;
Test&#xD;
Test&#xD;
Player Test1 won trick with Queen of Hearts&#xD;
Test&#xD;
Test&#xD;
Test&#xD;
Test&#xD;
Player Test1 won trick with Jack of Hearts&#xD;
Test&#xD;
Test&#xD;
Test&#xD;
Player Test1 won trick with Seven of Diamonds&#xD;
Test&#xD;
Test&#xD;
Test&#xD;
Test&#xD;
Player Test1 won trick with Ten of Hearts&#xD;
Test&#xD;
Test&#xD;
Test&#xD;
Player Test1 won trick with Seven of Hearts&#xD;
Test&#xD;
Test&#xD;
Test&#xD;
Player Test2 won trick with Six of Hearts&#xD;
Test&#xD;
Player Test1 won trick with Queen of Spades&#xD;
Test&#xD;
Test&#xD;
Player Test3 won trick with Six of Clubs&#xD;
Test&#xD;
Test&#xD;
Test&#xD;
Player Test1 won trick with Five of Spades&#xD;
Test&#xD;
Test&#xD;
Test&#xD;
Test&#xD;
Player Test1 won trick with Seven of Hearts&#xD;
Test&#xD;
Test&#xD;
Player Test1 won trick with Jack of Spades&#xD;
Test&#xD;
Test&#xD;
Player Test4 won trick with Nine of Clubs&#xD;
Test&#xD;
Test&#xD;
Test&#xD;
Player Test4 won trick with King of Hearts&#xD;
Test&#xD;
Test&#xD;
Test&#xD;
Test&#xD;
Player Test1 won trick with Eight of Hearts&#xD;
Test&#xD;
Test&#xD;
Player Test3 won trick with Jack of Clubs&#xD;
Test&#xD;
Test&#xD;
Test&#xD;
Player Test1 won trick with Five of Diamonds&#xD;
Test&#xD;
Test&#xD;
Test&#xD;
Player Test1 won trick with Ace of Clubs&#xD;
Test&#xD;
Test&#xD;
Test&#xD;
Player Test1 won trick with Four of Clubs&#xD;
Test&#xD;
Test&#xD;
Test&#xD;
Test&#xD;
Player Test1 won trick with Ten of Hearts&#xD;
Test&#xD;
Test&#xD;
Player Test1 won trick with Jack of Clubs&#xD;
Test&#xD;
Test&#xD;
Player Test1 won trick with Nine of Diamonds&#xD;
Test&#xD;
Test&#xD;
Player Test1 won trick with Queen of Spades&#xD;
Test&#xD;
Test&#xD;
Test&#xD;
Test&#xD;
Player Test1 won trick with Ace of Hearts&#xD;
Test&#xD;
Test&#xD;
Player Test3 won trick with Ace of Clubs&#xD;
Test&#xD;
Test&#xD;
Test&#xD;
Player Test1 won trick with Ace of Spades&#xD;
Test&#xD;
Test&#xD;
Player Test4 won trick with Nine of Spades&#xD;
Test&#xD;
Test&#xD;
Player Test1 won trick with King of Spades&#xD;
Test&#xD;
Test&#xD;
Player Test1 won trick with King of Diamonds&#xD;
Test&#xD;
Player Test2 won trick with King of Diamonds&#xD;
Test&#xD;
Test&#xD;
Player Test1 won trick with Jack of Diamonds&#xD;
Test&#xD;
Test&#xD;
Player Test1 won trick with Jack of Clubs&#xD;
Test&#xD;
Test&#xD;
Test&#xD;
Player Test1 won trick with Six of Hearts&#xD;
Test&#xD;
Player Test4 won trick with Queen of Diamonds&#xD;
Test&#xD;
Player Test4 won trick with King of Spades&#xD;
Test&#xD;
Test&#xD;
Test&#xD;
Player Test2 won trick with Four of Hearts&#xD;
Test&#xD;
Test&#xD;
Test&#xD;
Player Test1 won trick with Jack of Diamonds&#xD;
Test&#xD;
Test&#xD;
Player Test1 won trick with Six of Clubs&#xD;
Test&#xD;
Test&#xD;
Test&#xD;
Test&#xD;
Player Test1 won trick with King of Hearts&#xD;
Test&#xD;
Test&#xD;
Test&#xD;
Player Test1 won trick with Seven of Spades&#xD;
Test&#xD;
Player Test2 won trick with Ten of Diamonds&#xD;
Test&#xD;
Player Test4 won trick with Ace of Clubs&#xD;
Test&#xD;
Player Test1 won trick with Jack of Spades&#xD;
Test&#xD;
Player Test2 won trick with Ace of Diamonds&#xD;
Test&#xD;
Test&#xD;
Test&#xD;
Test&#xD;
Player Test1 won trick with Nine of Spades&#xD;
Test&#xD;
Test&#xD;
Test&#xD;
Player Test1 won trick with Six of Diamonds&#xD;
Test&#xD;
Test&#xD;
Test&#xD;
Player Test1 won trick with Ace of Hearts&#xD;
Test&#xD;
Player Test3 won trick with Nine of Diamonds&#xD;
Test&#xD;
Test&#xD;
Player Test1 won trick with King of Spades&#xD;
Test&#xD;
Player Test1 won trick with King of Hearts&#xD;
Test&#xD;
Test&#xD;
Player Test1 won trick with Five of Clubs&#xD;
Test&#xD;
Test&#xD;
Player Test2 won trick with King of Diamonds&#xD;
Test&#xD;
Test&#xD;
Test&#xD;
Player Test1 won trick with Eight of Clubs&#xD;
Test&#xD;
Test&#xD;
Test&#xD;
Player Test1 won trick with Ace of Hearts&#xD;
Test&#xD;
Test&#xD;
Test&#xD;
Player Test1 won trick with King of Hearts&#xD;
Test&#xD;
Test&#xD;
Test&#xD;
Player Test1 won trick with Jack of Clubs&#xD;
Test&#xD;
Test&#xD;
Player Test4 won trick with Eight of Clubs&#xD;
Test&#xD;
Test&#xD;
Test&#xD;
Player Test1 won trick with King of Diamonds&#xD;
Test&#xD;
Test&#xD;
Player Test3 won trick with Ace of Spades&#xD;
Test&#xD;
Test&#xD;
Test&#xD;
Player Test1 won trick with Four of Clubs&#xD;
Test&#xD;
Test&#xD;
Test&#xD;
Player Test2 won trick with Eight of Hearts&#xD;
Test&#xD;
Test&#xD;
Test&#xD;
Player Test1 won trick with Jack of Spades&#xD;
Test&#xD;
Test&#xD;
Player Test1 won trick with Jack of Spades&#xD;
Test&#xD;
Player Test3 won trick with Ace of Diamonds&#xD;
Test&#xD;
Test&#xD;
Test&#xD;
Test&#xD;
Player Test1 won trick with Seven of Hearts&#xD;
Test&#xD;
Player Test4 won trick with Four of Diamonds&#xD;
Test&#xD;
Test&#xD;
Test&#xD;
Test&#xD;
Player Test1 won trick with Seven of Hearts&#xD;
Test&#xD;
Test&#xD;
Player Test2 won trick with Six of Diamonds&#xD;
Test&#xD;
Test&#xD;
Test&#xD;
Player Test1 won trick with Queen of Diamonds&#xD;
Test&#xD;
Test&#xD;
Test&#xD;
Player Test1 won trick with Eight of Clubs&#xD;
Test&#xD;
Test&#xD;
Test&#xD;
Player Test1 won trick with Eight of Clubs&#xD;
Test&#xD;
Test&#xD;
Test&#xD;
Player Test1 won trick with Six of Diamonds&#xD;
Test&#xD;
Test&#xD;
Test&#xD;
Player Test1 won trick with Ten of Clubs&#xD;
Player Test2 won trick with Jack of Spades&#xD;
Test&#xD;
Test&#xD;
Test&#xD;
Test&#xD;
Player Test1 won trick with Seven of Hearts&#xD;
Test&#xD;
Test&#xD;
Test&#xD;
Test&#xD;
Player Test1 won trick with Six of Spades&#xD;
Test&#xD;
Test&#xD;
Test&#xD;
Player Test1 won trick with Queen of Diamonds&#xD;
Test&#xD;
Test&#xD;
Test&#xD;
Player Test1 won trick with Five of Diamonds&#xD;
Test&#xD;
Test&#xD;
Player Test3 won trick with Ten of Clubs&#xD;
Test&#xD;
Test&#xD;
Test&#xD;
Player Test1 won trick with Eight of Diamonds&#xD;
Test&#xD;
Test&#xD;
Test&#xD;
Player Test2 won trick with Queen of Hearts&#xD;
Test&#xD;
Test&#xD;
Test&#xD;
Player Test3 won trick with Ten of Hearts&#xD;
Test&#xD;
Test&#xD;
Test&#xD;
Player Test1 won trick with Five of Diamonds&#xD;
Test&#xD;
Test&#xD;
Test&#xD;
Player Test1 won trick with Eight of Hearts&#xD;
Test&#xD;
Test&#xD;
Test&#xD;
Player Test1 won trick with Jack of Diamonds&#xD;
Test&#xD;
Player Test1 won trick with Six of Diamonds&#xD;
Test&#xD;
Player Test2 won trick with Ace of Diamonds&#xD;
Test&#xD;
Test&#xD;
Test&#xD;
Test&#xD;
Player Test1 won trick with Ace of Hearts&#xD;
Test&#xD;
Test&#xD;
Test&#xD;
Player Test1 won trick with Jack of Spades&#xD;
Test&#xD;
Player Test3 won trick with Seven of Hearts&#xD;
Test&#xD;
Test&#xD;
Test&#xD;
Test&#xD;
Player Test1 won trick with Queen of Hearts&#xD;
Test&#xD;
Test&#xD;
Player Test1 won trick with Ace of Diamonds&#xD;
Test&#xD;
Test&#xD;
Test&#xD;
Player Test1 won trick with Four of Spades&#xD;
Test&#xD;
Test&#xD;
Test&#xD;
Player Test4 won trick with Ace of Diamonds&#xD;
Test&#xD;
Test&#xD;
Test&#xD;
Player Test1 won trick with Queen of Spades&#xD;
Test&#xD;
Test&#xD;
Player Test4 won trick with Ten of Diamonds&#xD;
Test&#xD;
Test&#xD;
Test&#xD;
Test&#xD;
Player Test1 won trick with Six of Hearts&#xD;
Test&#xD;
Test&#xD;
Player Test3 won trick with Queen of Spades&#xD;
Test&#xD;
Test&#xD;
Test&#xD;
Player Test3 won trick with King of Hearts&#xD;
Test&#xD;
Test&#xD;
Player Test3 won trick with Three of Clubs&#xD;
Test&#xD;
Test&#xD;
Player Test1 won trick with Ten of Spades&#xD;
Test&#xD;
Test&#xD;
Player Test2 won trick with Eight of Spades&#xD;
Test&#xD;
Test&#xD;
Test&#xD;
Player Test1 won trick with Six of Spades&#xD;
Test&#xD;
Test&#xD;
Player Test4 won trick with Jack of Hearts&#xD;
Test&#xD;
Test&#xD;
Test&#xD;
Test&#xD;
Player Test1 won trick with Two of Hearts&#xD;
Test&#xD;
Test&#xD;
Test&#xD;
Test&#xD;
Player Test1 won trick with Jack of Hearts&#xD;
Test&#xD;
Test&#xD;
Player Test2 won trick with Ace of Hearts&#xD;
Test&#xD;
Test&#xD;
Player Test2 won trick with Seven of Diamonds&#xD;
Test&#xD;
Test&#xD;
Player Test1 won trick with Ace of Spades&#xD;
Test&#xD;
Test&#xD;
Test&#xD;
Test&#xD;
Player Test1 won trick with Six of Hearts&#xD;
Test&#xD;
Test&#xD;
Test&#xD;
Player Test1 won trick with Three of Spades&#xD;
Test&#xD;
Test&#xD;
Player Test2 won trick with Seven of Spades&#xD;
Test&#xD;
Test&#xD;
Test&#xD;
Test&#xD;
Player Test1 won trick with Ace of Diamonds&#xD;
Test&#xD;
Test&#xD;
Player Test4 won trick with King of Clubs&#xD;
Test&#xD;
Test&#xD;
Test&#xD;
Player Test1 won trick with Ace of Hearts&#xD;
Test&#xD;
Test&#xD;
Test&#xD;
Player Test1 won trick with Ten of Hearts&#xD;
Test&#xD;
Test&#xD;
Player Test2 won trick with Eight of Diamonds&#xD;
Test&#xD;
Test&#xD;
Test&#xD;
Test&#xD;
Player Test1 won trick with Four of Spades&#xD;
Test&#xD;
Test&#xD;
Test&#xD;
Player Test1 won trick with Ten of Hearts&#xD;
Test&#xD;
Player Test4 won trick with Ten of Clubs&#xD;
Test&#xD;
Player Test3 won trick with Eight of Spades&#xD;
Test&#xD;
Test&#xD;
Player Test1 won trick with Queen of Diamonds&#xD;
Test&#xD;
Test&#xD;
Test&#xD;
Player Test1 won trick with Nine of Diamonds&#xD;
Test&#xD;
Test&#xD;
Test&#xD;
Player Test1 won trick with King of Clubs&#xD;
Test&#xD;
Test&#xD;
Test&#xD;
Player Test2 won trick with Three of Hearts&#xD;
Test&#xD;
Test&#xD;
Test&#xD;
Player Test1 won trick with Ten of Spades&#xD;
Test&#xD;
Test&#xD;
Player Test4 won trick with Ten of Spades&#xD;
Test&#xD;
Test&#xD;
Player Test2 won trick with Queen of Spades&#xD;
Test&#xD;
Test&#xD;
Player Test1 won trick with Four of Diamonds&#xD;
Test&#xD;
Test&#xD;
Test&#xD;
Player Test1 won trick with Three of Diamonds&#xD;
Test&#xD;
Test&#xD;
Test&#xD;
Player Test1 won trick with Three of Spades&#xD;
Test&#xD;
Player Test3 won trick with Ace of Spades&#xD;
Test&#xD;
Test&#xD;
Test&#xD;
Player Test1 won trick with Six of Clubs&#xD;
Test&#xD;
Test&#xD;
Test&#xD;
Player Test1 won trick with Jack of Hearts&#xD;
Test&#xD;
Test&#xD;
Test&#xD;
Player Test1 won trick with Jack of Spades&#xD;
Test&#xD;
Test&#xD;
Player Test1 won trick with Ten of Clubs&#xD;
Test&#xD;
Test&#xD;
Test&#xD;
Test&#xD;
Player Test1 won trick with Two of Hearts&#xD;
Test&#xD;
Test&#xD;
Test&#xD;
Test&#xD;
Player Test1 won trick with Five of Hearts&#xD;
Test&#xD;
Test&#xD;
Player Test4 won trick with Jack of Clubs&#xD;
Test&#xD;
Test&#xD;
Player Test4 won trick with Three of Diamonds&#xD;
Test&#xD;
Player Test3 won trick with Jack of Spades&#xD;
Test&#xD;
Player Test1 won trick with Eight of Clubs&#xD;
Test&#xD;
Test&#xD;
Test&#xD;
Player Test1 won trick with Seven of Clubs&#xD;
Test&#xD;
Test&#xD;
Player Test3 won trick with Ace of Clubs&#xD;
Test&#xD;
Test&#xD;
Test&#xD;
Player Test1 won trick with King of Diamonds&#xD;
Test&#xD;
Test&#xD;
Test&#xD;
Test&#xD;
Player Test1 won trick with Six of Spades&#xD;
Test&#xD;
Test&#xD;
Player Test1 won trick with Eight of Diamonds&#xD;
Test&#xD;
Test&#xD;
Test&#xD;
Player Test1 won trick with Six of Clubs&#xD;
Test&#xD;
Test&#xD;
Player Test1 won trick with King of Diamonds&#xD;
Test&#xD;
Test&#xD;
Player Test3 won trick with King of Clubs&#xD;
Test&#xD;
Test&#xD;
Test&#xD;
Test&#xD;
Player Test1 won trick with Ten of Hearts&#xD;
Test&#xD;
Test&#xD;
Test&#xD;
Player Test1 won trick with Five of Clubs&#xD;
Test&#xD;
Test&#xD;
Player Test3 won trick with Ace of Clubs&#xD;
Test&#xD;
Test&#xD;
Test&#xD;
Player Test1 won trick with Three of Diamonds&#xD;
Test&#xD;
Test&#xD;
Test&#xD;
Player Test1 won trick with Ace of Clubs&#xD;
Test&#xD;
Test&#xD;
Player Test2 won trick with Jack of Diamonds&#xD;
Test&#xD;
Test&#xD;
Test&#xD;
Player Test1 won trick with Three of Clubs&#xD;
Test&#xD;
Test&#xD;
Test&#xD;
Player Test4 won trick with Queen of Diamonds&#xD;
Test&#xD;
Test&#xD;
Test&#xD;
Test&#xD;
Player Test1 won trick with Two of Hearts&#xD;
Test&#xD;
Test&#xD;
Test&#xD;
Player Test1 won trick with Nine of Clubs&#xD;
Test&#xD;
Test&#xD;
Player Test3 won trick with Seven of Diamonds&#xD;
Test&#xD;
Test&#xD;
Player Test3 won trick with Ace of Hearts&#xD;
Test&#xD;
Test&#xD;
Test&#xD;
Test&#xD;
Player Test1 won trick with Two of Hearts&#xD;
Test&#xD;
Test&#xD;
Player Test1 won trick with Nine of Hearts&#xD;
Test&#xD;
Test&#xD;
Player Test2 won trick with Jack of Diamonds&#xD;
Test&#xD;
Test&#xD;
Test&#xD;
Test&#xD;
Player Test1 won trick with Four of Hearts&#xD;
Test&#xD;
Test&#xD;
Test&#xD;
Player Test1 won trick with Nine of Spades&#xD;
Test&#xD;
Test&#xD;
Player Test3 won trick with Ace of Spades&#xD;
Test&#xD;
Test&#xD;
Test&#xD;
Player Test1 won trick with Eight of Spades&#xD;
Test&#xD;
Test&#xD;
Player Test1 won trick with Queen of Diamonds&#xD;
Test&#xD;
Test&#xD;
Player Test2 won trick with Nine of Clubs&#xD;
Test&#xD;
Test&#xD;
Player Test1 won trick with Ten of Diamonds&#xD;
Test&#xD;
Test&#xD;
Player Test1 won trick with Three of Clubs&#xD;
Player Test4 won trick with Ace of Clubs&#xD;
Test&#xD;
Test&#xD;
Test&#xD;
Player Test1 won trick with Seven of Diamonds&#xD;
Test&#xD;
Test&#xD;
Test&#xD;
Test&#xD;
Player Test1 won trick with Queen of Clubs&#xD;
Test&#xD;
Player Test3 won trick with Eight of Diamonds&#xD;
Test&#xD;
Player Test3 won trick with Jack of Spades&#xD;
Test&#xD;
Test&#xD;
Player Test1 won trick with Jack of Spades&#xD;
Test&#xD;
Test&#xD;
Player Test2 won trick with Jack of Spades&#xD;
Test&#xD;
Test&#xD;
Test&#xD;
Player Test3 won trick with Four of Hearts&#xD;
Test&#xD;
Test&#xD;
Player Test1 won trick with Jack of Diamonds&#xD;
Test&#xD;
Test&#xD;
Test&#xD;
Player Test1 won trick with Ace of Clubs&#xD;
Test&#xD;
Test&#xD;
Player Test1 won trick with Eight of Clubs&#xD;
Test&#xD;
Test&#xD;
Player Test1 won trick with Ten of Diamonds&#xD;
Test&#xD;
Test&#xD;
Player Test1 won trick with Jack of Diamonds&#xD;
Test&#xD;
Player Test3 won trick with Ace of Clubs&#xD;
Test&#xD;
Test&#xD;
Test&#xD;
Player Test1 won trick with Three of Clubs&#xD;
Test&#xD;
Test&#xD;
Test&#xD;
Test&#xD;
Player Test1 won trick with Five of Clubs&#xD;
Test&#xD;
Test&#xD;
Player Test3 won trick with King of Clubs&#xD;
Test&#xD;
Test&#xD;
Test&#xD;
Test&#xD;
Player Test1 won trick with Two of Hearts&#xD;
Test&#xD;
Test&#xD;
Test&#xD;
Player Test1 won trick with Queen of Clubs&#xD;
Test&#xD;
Test&#xD;
Player Test1 won trick with Ace of Clubs&#xD;
Test&#xD;
Test&#xD;
Player Test3 won trick with Eight of Spades&#xD;
Test&#xD;
Test&#xD;
Player Test1 won trick with King of Hearts&#xD;
Test&#xD;
Test&#xD;
Player Test3 won trick with Five of Clubs&#xD;
Test&#xD;
Test&#xD;
Player Test4 won trick with Six of Clubs&#xD;
Test&#xD;
Test&#xD;
Player Test2 won trick with Jack of Spades&#xD;
Test&#xD;
Test&#xD;
Test&#xD;
Test&#xD;
Player Test1 won trick with Six of Hearts&#xD;
Test&#xD;
Test&#xD;
Test&#xD;
Player Test1 won trick with King of Spades&#xD;
Test&#xD;
Player Test3 won trick with Nine of Clubs&#xD;
Test&#xD;
Test&#xD;
Test&#xD;
Test&#xD;
Player Test1 won trick with Five of Hearts&#xD;
Test&#xD;
Test&#xD;
Test&#xD;
Player Test1 won trick with Queen of Diamonds&#xD;
Test&#xD;
Test&#xD;
Player Test1 won trick with Eight of Spades&#xD;
Test&#xD;
Test&#xD;
Player Test1 won trick with Ace of Diamonds&#xD;
Test&#xD;
Test&#xD;
Player Test3 won trick with Nine of Diamonds&#xD;
Test&#xD;
Test&#xD;
Player Test1 won trick with Jack of Spades&#xD;
Test&#xD;
Test&#xD;
Test&#xD;
Player Test4 won trick with Nine of Diamonds&#xD;
Test&#xD;
Player Test1 won trick with Ace of Clubs&#xD;
Test&#xD;
Test&#xD;
Player Test1 won trick with Ten of Hearts&#xD;
Test&#xD;
Test&#xD;
Player Test1 won trick with Jack of Diamonds&#xD;
Test&#xD;
Test&#xD;
Test&#xD;
Test&#xD;
Player Test1 won trick with Queen of Hearts&#xD;
Test&#xD;
Test&#xD;
Test&#xD;
Test&#xD;
Player Test1 won trick with Ten of Hearts&#xD;
Test&#xD;
Test&#xD;
Test&#xD;
Test&#xD;
Player Test1 won trick with Seven of Hearts&#xD;
Test&#xD;
Test&#xD;
Test&#xD;
Player Test1 won trick with Nine of Hearts&#xD;
Test&#xD;
Test&#xD;
Player Test1 won trick with Ace of Diamonds&#xD;
Test&#xD;
Test&#xD;
Test&#xD;
Player Test1 won trick with Six of Clubs&#xD;
Test&#xD;
Test&#xD;
Test&#xD;
Player Test1 won trick with Five of Clubs&#xD;
Test&#xD;
Test&#xD;
Test&#xD;
Player Test4 won trick with Jack of Hearts&#xD;
Test&#xD;
Test&#xD;
Test&#xD;
Player Test1 won trick with Ten of Spades&#xD;
Test&#xD;
Test&#xD;
Test&#xD;
Test&#xD;
Player Test1 won trick with Jack of Hearts&#xD;
Test&#xD;
Test&#xD;
Test&#xD;
Test&#xD;
Player Test1 won trick with Eight of Diamonds&#xD;
Test&#xD;
Test&#xD;
Test&#xD;
Player Test3 won trick with King of Hearts&#xD;
Test&#xD;
Player Test4 won trick with Ace of Diamonds&#xD;
Test&#xD;
Test&#xD;
Player Test4 won trick with Ace of Clubs&#xD;
Test&#xD;
Test&#xD;
Test&#xD;
Player Test1 won trick with Two of Diamonds&#xD;
Test&#xD;
Test&#xD;
Test&#xD;
Player Test4 won trick with King of Hearts&#xD;
Test&#xD;
Player Test2 won trick with Jack of Spades&#xD;
Test&#xD;
Test&#xD;
Player Test1 won trick with Seven of Spades&#xD;
Player Test2 won trick with Queen of Spades&#xD;
Test&#xD;
Test&#xD;
Player Test4 won trick with Ace of Clubs&#xD;
Test&#xD;
Test&#xD;
Test&#xD;
Player Test1 won trick with Two of Diamonds&#xD;
Test&#xD;
Test&#xD;
Player Test4 won trick with King of Diamonds&#xD;
Test&#xD;
Test&#xD;
Player Test4 won trick with Ace of Spades&#xD;
Test&#xD;
Test&#xD;
Test&#xD;
Test&#xD;
Player Test1 won trick with Five of Hearts&#xD;
Test&#xD;
Test&#xD;
Player Test1 won trick with Queen of Hearts&#xD;
Test&#xD;
Test&#xD;
Player Test1 won trick with Three of Clubs&#xD;
Test&#xD;
Test&#xD;
Test&#xD;
Player Test1 won trick with Eight of Diamonds&#xD;
Test&#xD;
Test&#xD;
Test&#xD;
Test&#xD;
Player Test1 won trick with Two of Hearts&#xD;
Test&#xD;
Test&#xD;
Test&#xD;
Player Test1 won trick with Five of Diamonds&#xD;
Test&#xD;
Player Test3 won trick with Jack of Clubs&#xD;
Test&#xD;
Test&#xD;
Test&#xD;
Player Test1 won trick with Five of Spades&#xD;
Test&#xD;
Test&#xD;
Test&#xD;
Player Test1 won trick with Jack of Clubs&#xD;
Test&#xD;
Test&#xD;
Test&#xD;
Player Test1 won trick with Three of Diamonds&#xD;
Test&#xD;
Test&#xD;
Test&#xD;
Player Test1 won trick with King of Clubs&#xD;
Test&#xD;
Test&#xD;
Player Test3 won trick with Nine of Clubs&#xD;
Test&#xD;
Test&#xD;
Player Test3 won trick with Jack of Diamonds&#xD;
Test&#xD;
Test&#xD;
Test&#xD;
Player Test1 won trick with Ten of Diamonds&#xD;
Test&#xD;
Test&#xD;
Test&#xD;
Test&#xD;
Player Test1 won trick with Two of Hearts&#xD;
Test&#xD;
Test&#xD;
Test&#xD;
Player Test4 won trick with Queen of Hearts&#xD;
Test&#xD;
Test&#xD;
Player Test1 won trick with Ace of Hearts&#xD;
Test&#xD;
Test&#xD;
Player Test2 won trick with Queen of Clubs&#xD;
Test&#xD;
Test&#xD;
Test&#xD;
Player Test1 won trick with Five of Spades&#xD;
Test&#xD;
Test&#xD;
Test&#xD;
Player Test1 won trick with Seven of Clubs&#xD;
Test&#xD;
Test&#xD;
Test&#xD;
Player Test1 won trick with Eight of Clubs&#xD;
Test&#xD;
Test&#xD;
Test&#xD;
Player Test1 won trick with King of Clubs&#xD;
Test&#xD;
Test&#xD;
Test&#xD;
Player Test3 won trick with Ten of Hearts&#xD;
Test&#xD;
Test&#xD;
Test&#xD;
Test&#xD;
Player Test1 won trick with Three of Hearts&#xD;
Test&#xD;
Test&#xD;
Test&#xD;
Player Test1 won trick with Ace of Diamonds&#xD;
Test&#xD;
Test&#xD;
Player Test3 won trick with Ace of Hearts&#xD;
Test&#xD;
Test&#xD;
Player Test4 won trick with Eight of Clubs&#xD;
Test&#xD;
Test&#xD;
Test&#xD;
Player Test1 won trick with Seven of Spades&#xD;
Test&#xD;
Player Test1 won trick with Ten of Hearts&#xD;
Test&#xD;
Test&#xD;
Player Test3 won trick with Nine of Spades&#xD;
Test&#xD;
Test&#xD;
Test&#xD;
Player Test3 won trick with Ten of Hearts&#xD;
Test&#xD;
Test&#xD;
Test&#xD;
Test&#xD;
Player Test1 won trick with Ace of Clubs&#xD;
Test&#xD;
Test&#xD;
Test&#xD;
Player Test1 won trick with Jack of Clubs&#xD;
Test&#xD;
Test&#xD;
Test&#xD;
Player Test1 won trick with Nine of Spades&#xD;
Test&#xD;
Test&#xD;
Test&#xD;
Test&#xD;
Player Test1 won trick with Six of Hearts&#xD;
Test&#xD;
Player Test4 won trick with Jack of Diamonds&#xD;
Test&#xD;
Test&#xD;
Test&#xD;
Test&#xD;
Player Test1 won trick with Six of Hearts&#xD;
Test&#xD;
Test&#xD;
Player Test2 won trick with Ace of Clubs&#xD;
Test&#xD;
Test&#xD;
Test&#xD;
Player Test1 won trick with Nine of Hearts&#xD;
Test&#xD;
Test&#xD;
Test&#xD;
Player Test1 won trick with Nine of Spades&#xD;
Test&#xD;
Test&#xD;
Test&#xD;
Test&#xD;
Player Test1 won trick with Five of Spades&#xD;
Test&#xD;
Test&#xD;
Test&#xD;
Player Test1 won trick with Eight of Diamonds&#xD;
Test&#xD;
Player Test1 won trick with King of Spades&#xD;
Test&#xD;
Test&#xD;
Player Test1 won trick with Six of Spades&#xD;
Test&#xD;
Test&#xD;
Test&#xD;
Test&#xD;
Player Test1 won trick with Six of Diamonds&#xD;
Test&#xD;
Test&#xD;
Test&#xD;
Player Test1 won trick with Ten of Spades&#xD;
Test&#xD;
Test&#xD;
Test&#xD;
Player Test1 won trick with Ten of Spades&#xD;
Test&#xD;
Test&#xD;
Player Test1 won trick with Jack of Diamonds&#xD;
Test&#xD;
Test&#xD;
Test&#xD;
Test&#xD;
Player Test1 won trick with Queen of Hearts&#xD;
Test&#xD;
Test&#xD;
Player Test1 won trick with Jack of Hearts&#xD;
Test&#xD;
Test&#xD;
Test&#xD;
Player Test1 won trick with Four of Diamonds&#xD;
Test&#xD;
Test&#xD;
Test&#xD;
Player Test1 won trick with Queen of Diamonds&#xD;
Test&#xD;
Test&#xD;
Test&#xD;
Player Test1 won trick with King of Hearts&#xD;
Test&#xD;
Test&#xD;
Test&#xD;
Player Test1 won trick with Four of Clubs&#xD;
Test&#xD;
Test&#xD;
Player Test2 won trick with Ace of Diamonds&#xD;
Test&#xD;
Test&#xD;
Test&#xD;
Player Test1 won trick with Eight of Diamonds&#xD;
Test&#xD;
Test&#xD;
Player Test1 won trick with Seven of Clubs&#xD;
Test&#xD;
Test&#xD;
Player Test1 won trick with King of Diamonds&#xD;
Test&#xD;
Test&#xD;
Player Test4 won trick with Ace of Clubs&#xD;
Test&#xD;
Test&#xD;
Test&#xD;
Player Test4 won trick with King of Hearts&#xD;
Test&#xD;
Player Test3 won trick with Queen of Clubs&#xD;
Test&#xD;
Test&#xD;
Player Test3 won trick with Ace of Clubs&#xD;
Test&#xD;
Test&#xD;
Player Test1 won trick with Ten of Clubs&#xD;
Test&#xD;
Test&#xD;
Test&#xD;
Player Test1 won trick with Ace of Hearts&#xD;
Test&#xD;
Test&#xD;
Player Test4 won trick with Ten of Clubs&#xD;
Test&#xD;
Player Test1 won trick with Queen of Diamonds&#xD;
Test&#xD;
Test&#xD;
Test&#xD;
Player Test1 won trick with Ace of Hearts&#xD;
Test&#xD;
Player Test1 won trick with Queen of Clubs&#xD;
Test&#xD;
Test&#xD;
Player Test1 won trick with Ace of Diamonds&#xD;
Test&#xD;
Player Test4 won trick with King of Diamonds&#xD;
Test&#xD;
Test&#xD;
Test&#xD;
Player Test1 won trick with Ten of Diamonds&#xD;
Test&#xD;
Test&#xD;
Player Test2 won trick with Jack of Spades&#xD;
Test&#xD;
Test&#xD;
Player Test4 won trick with Jack of Spades&#xD;
Player Test2 won trick with Jack of Spades&#xD;
Test&#xD;
Test&#xD;
Test&#xD;
Player Test1 won trick with Two of Clubs&#xD;
Test&#xD;
Test&#xD;
Test&#xD;
Player Test1 won trick with Ten of Clubs&#xD;
Test&#xD;
Test&#xD;
Player Test1 won trick with King of Clubs&#xD;
Test&#xD;
Test&#xD;
Player Test1 won trick with Jack of Clubs&#xD;
Test&#xD;
Test&#xD;
Player Test1 won trick with Queen of Spades&#xD;
Test&#xD;
Test&#xD;
Player Test2 won trick with Nine of Clubs&#xD;
Test&#xD;
Test&#xD;
Test&#xD;
Player Test1 won trick with Ten of Diamonds&#xD;
Test&#xD;
Test&#xD;
Test&#xD;
Test&#xD;
Player Test1 won trick with Jack of Hearts&#xD;
Test&#xD;
Player Test3 won trick with Queen of Diamonds&#xD;
Test&#xD;
Test&#xD;
Test&#xD;
Player Test1 won trick with King of Spades&#xD;
Test&#xD;
Test&#xD;
Test&#xD;
Player Test1 won trick with Four of Spades&#xD;
Test&#xD;
Test&#xD;
Test&#xD;
Player Test1 won trick with Four of Spades&#xD;
Test&#xD;
Test&#xD;
Player Test2 won trick with Ace of Clubs&#xD;
Test&#xD;
Test&#xD;
Player Test1 won trick with King of Diamonds&#xD;
Test&#xD;
Test&#xD;
Player Test2 won trick with Four of Clubs&#xD;
Test&#xD;
Test&#xD;
Test&#xD;
Player Test1 won trick with Two of Diamonds&#xD;
Test&#xD;
Test&#xD;
Player Test2 won trick with Ace of Spades&#xD;
Player Test2 won trick with Ace of Diamonds&#xD;
Test&#xD;
Test&#xD;
Test&#xD;
Player Test1 won trick with Ace of Diamonds&#xD;
Test&#xD;
Test&#xD;
Test&#xD;
Player Test1 won trick with Queen of Clubs&#xD;
Test&#xD;
Player Test2 won trick with King of Diamonds&#xD;
Test&#xD;
Test&#xD;
Player Test3 won trick with Five of Diamonds&#xD;
Test&#xD;
Test&#xD;
Test&#xD;
Player Test1 won trick with Ten of Diamonds&#xD;
Test&#xD;
Test&#xD;
Player Test4 won trick with Ace of Clubs&#xD;
Test&#xD;
Test&#xD;
Test&#xD;
Player Test1 won trick with Nine of Diamonds&#xD;
Test&#xD;
Test&#xD;
Test&#xD;
Player Test1 won trick with King of Hearts&#xD;
Test&#xD;
Player Test1 won trick with Nine of Clubs&#xD;
Test&#xD;
Test&#xD;
Test&#xD;
Player Test4 won trick with Nine of Spades&#xD;
Test&#xD;
Test&#xD;
Test&#xD;
Player Test1 won trick with Seven of Spades&#xD;
Test&#xD;
Test&#xD;
Player Test1 won trick with King of Diamonds&#xD;
Test&#xD;
Test&#xD;
Test&#xD;
Player Test1 won trick with Three of Spades&#xD;
Test&#xD;
Test&#xD;
Test&#xD;
Player Test1 won trick with Two of Diamonds&#xD;
Test&#xD;
Test&#xD;
Test&#xD;
Player Test1 won trick with Seven of Spades&#xD;
Test&#xD;
Test&#xD;
Player Test1 won trick with Four of Spades&#xD;
Test&#xD;
Test&#xD;
Player Test1 won trick with Seven of Spades&#xD;
Test&#xD;
Test&#xD;
Test&#xD;
Player Test1 won trick with Nine of Diamonds&#xD;
Test&#xD;
Test&#xD;
Test&#xD;
Player Test1 won trick with Ace of Clubs&#xD;
Test&#xD;
Player Test1 won trick with Ace of Clubs&#xD;
Test&#xD;
Player Test4 won trick with Seven of Diamonds&#xD;
Test&#xD;
Test&#xD;
Test&#xD;
Player Test1 won trick with Two of Spades&#xD;
Test&#xD;
Test&#xD;
Test&#xD;
Test&#xD;
Player Test1 won trick with Nine of Hearts&#xD;
Test&#xD;
Test&#xD;
Player Test3 won trick with Ten of Diamonds&#xD;
Test&#xD;
Test&#xD;
Test&#xD;
Test&#xD;
Player Test1 won trick with Four of Hearts&#xD;
Test&#xD;
Test&#xD;
Test&#xD;
Test&#xD;
Player Test1 won trick with King of Hearts&#xD;
Test&#xD;
Test&#xD;
Test&#xD;
Player Test1 won trick with Six of Hearts&#xD;
Test&#xD;
Test&#xD;
Test&#xD;
Player Test2 won trick with Queen of Diamonds&#xD;
Test&#xD;
Test&#xD;
Player Test1 won trick with Ten of Hearts&#xD;
Test&#xD;
Test&#xD;
Player Test4 won trick with Nine of Diamonds&#xD;
Test&#xD;
Test&#xD;
Test&#xD;
Player Test1 won trick with Ace of Spades&#xD;
Test&#xD;
Test&#xD;
Player Test1 won trick with Jack of Clubs&#xD;
Test&#xD;
Player Test4 won trick with Queen of Diamonds&#xD;
Test&#xD;
Test&#xD;
Test&#xD;
Player Test1 won trick with Jack of Spades&#xD;
Test&#xD;
Test&#xD;
Player Test1 won trick with Seven of Clubs&#xD;
Test&#xD;
Test&#xD;
Player Test2 won trick with Nine of Clubs&#xD;
Test&#xD;
Test&#xD;
Player Test2 won trick with Jack of Diamonds&#xD;
Test&#xD;
Test&#xD;
Player Test3 won trick with Nine of Spades&#xD;
Test&#xD;
Test&#xD;
Test&#xD;
Test&#xD;
Player Test1 won trick with Four of Hearts&#xD;
Test&#xD;
Test&#xD;
Test&#xD;
Player Test1 won trick with Three of Diamonds&#xD;
Test&#xD;
Test&#xD;
Player Test4 won trick with Eight of Diamonds&#xD;
Test&#xD;
Test&#xD;
Player Test2 won trick with Ace of Clubs&#xD;
Test&#xD;
Test&#xD;
Player Test4 won trick with Seven of Clubs&#xD;
Test&#xD;
Test&#xD;
Test&#xD;
Player Test1 won trick with Seven of Clubs&#xD;
Test&#xD;
Test&#xD;
Test&#xD;
Test&#xD;
Player Test1 won trick with Six of Hearts&#xD;
Test&#xD;
Test&#xD;
Test&#xD;
Player Test1 won trick with Seven of Diamonds&#xD;
Test&#xD;
Test&#xD;
Test&#xD;
Player Test3 won trick with Five of Hearts&#xD;
Test&#xD;
Test&#xD;
Test&#xD;
Player Test1 won trick with Queen of Clubs&#xD;
Test&#xD;
Test&#xD;
Test&#xD;
Test&#xD;
Player Test1 won trick with Nine of Hearts&#xD;
Test&#xD;
Test&#xD;
Player Test1 won trick with Six of Spades&#xD;
Test&#xD;
Test&#xD;
Test&#xD;
Test&#xD;
Player Test1 won trick with Six of Hearts&#xD;
Test&#xD;
Player Test3 won trick with Jack of Clubs&#xD;
Test&#xD;
Player Test3 won trick with Ace of Diamonds&#xD;
Test&#xD;
Test&#xD;
Test&#xD;
Player Test4 won trick with Six of Hearts&#xD;
Test&#xD;
Test&#xD;
Player Test1 won trick with Three of Clubs&#xD;
Test&#xD;
Test&#xD;
Player Test1 won trick with King of Clubs&#xD;
Test&#xD;
Test&#xD;
Test&#xD;
Player Test4 won trick with Seven of Spades&#xD;
Test&#xD;
Test&#xD;
Test&#xD;
Player Test1 won trick with Ace of Clubs&#xD;
Test&#xD;
Test&#xD;
Test&#xD;
Player Test2 won trick with Jack of Hearts&#xD;
Test&#xD;
Test&#xD;
Test&#xD;
Player Test1 won trick with Seven of Hearts&#xD;
Test&#xD;
Test&#xD;
Test&#xD;
Test&#xD;
Player Test1 won trick with Five of Hearts&#xD;
Test&#xD;
Test&#xD;
Test&#xD;
Player Test1 won trick with Eight of Clubs&#xD;
Test&#xD;
Test&#xD;
Test&#xD;
Test&#xD;
Player Test1 won trick with Nine of Clubs&#xD;
Test&#xD;
Test&#xD;
Player Test2 won trick with Ace of Spades&#xD;
Test&#xD;
Test&#xD;
Player Test1 won trick with Jack of Diamonds&#xD;
Test&#xD;
Player Test2 won trick with Six of Diamonds&#xD;
Test&#xD;
Test&#xD;
Player Test1 won trick with Nine of Spades&#xD;
Test&#xD;
Test&#xD;
Player Test1 won trick with Queen of Spades&#xD;
Test&#xD;
Test&#xD;
Player Test3 won trick with Ace of Diamonds&#xD;
Test&#xD;
Test&#xD;
Test&#xD;
Player Test1 won trick with Queen of Diamonds&#xD;
Test&#xD;
Player Test1 won trick with Ten of Clubs&#xD;
Test&#xD;
Test&#xD;
Test&#xD;
Player Test1 won trick with Seven of Diamonds&#xD;
Test&#xD;
Test&#xD;
Test&#xD;
Player Test1 won trick with King of Spades&#xD;
Test&#xD;
Test&#xD;
Player Test4 won trick with Queen of Spades&#xD;
Test&#xD;
Test&#xD;
Test&#xD;
Player Test4 won trick with Seven of Hearts&#xD;
Test&#xD;
Test&#xD;
Player Test3 won trick with Ten of Spades&#xD;
Test&#xD;
Player Test1 won trick with Nine of Clubs&#xD;
Test&#xD;
Test&#xD;
Test&#xD;
Player Test1 won trick with Ace of Clubs&#xD;
Test&#xD;
Test&#xD;
Player Test1 won trick with Ten of Spades&#xD;
Test&#xD;
Test&#xD;
Test&#xD;
Player Test1 won trick with Jack of Diamonds&#xD;
Test&#xD;
Test&#xD;
Test&#xD;
Player Test1 won trick with Four of Spades&#xD;
Test&#xD;
Test&#xD;
Test&#xD;
Test&#xD;
Player Test1 won trick with Five of Hearts&#xD;
Test&#xD;
Test&#xD;
Test&#xD;
Test&#xD;
Player Test1 won trick with Six of Hearts&#xD;
Test&#xD;
Test&#xD;
Test&#xD;
Test&#xD;
Player Test1 won trick with Six of Hearts&#xD;
Test&#xD;
Test&#xD;
Test&#xD;
Player Test1 won trick with Two of Clubs&#xD;
Test&#xD;
Test&#xD;
Test&#xD;
Player Test1 won trick with Five of Diamonds&#xD;
Test&#xD;
Test&#xD;
Test&#xD;
Player Test1 won trick with Two of Hearts&#xD;
Test&#xD;
Test&#xD;
Test&#xD;
Player Test1 won trick with Jack of Clubs&#xD;
Test&#xD;
Test&#xD;
Test&#xD;
Test&#xD;
Player Test1 won trick with Three of Hearts&#xD;
Test&#xD;
Test&#xD;
Test&#xD;
Test&#xD;
Player Test1 won trick with Nine of Hearts&#xD;
Test&#xD;
Test&#xD;
Test&#xD;
Player Test3 won trick with Five of Hearts&#xD;
Test&#xD;
Test&#xD;
Player Test1 won trick with Four of Diamonds&#xD;
Test&#xD;
Test&#xD;
Player Test1 won trick with Jack of Spades&#xD;
Test&#xD;
Test&#xD;
Test&#xD;
Test&#xD;
Player Test1 won trick with Nine of Hearts&#xD;
Test&#xD;
Test&#xD;
Test&#xD;
Player Test1 won trick with Jack of Clubs&#xD;
Test&#xD;
Test&#xD;
Player Test4 won trick with Eight of Clubs&#xD;
Test&#xD;
Test&#xD;
Test&#xD;
Player Test1 won trick with Ace of Hearts&#xD;
Test&#xD;
Test&#xD;
Test&#xD;
Player Test1 won trick with Five of Spades&#xD;
Test&#xD;
Test&#xD;
Player Test1 won trick with King of Hearts&#xD;
Test&#xD;
Test&#xD;
Player Test1 won trick with Ten of Diamonds&#xD;
Test&#xD;
Test&#xD;
Test&#xD;
Test&#xD;
Player Test1 won trick with Queen of Hearts&#xD;
Test&#xD;
Player Test1 won trick with Five of Spades&#xD;
Test&#xD;
Test&#xD;
Player Test2 won trick with Ten of Spades&#xD;
Test&#xD;
Test&#xD;
Test&#xD;
Test&#xD;
Player Test1 won trick with Queen of Hearts&#xD;
Test&#xD;
Player Test4 won trick with King of Diamonds&#xD;
Test&#xD;
Test&#xD;
Player Test1 won trick with Nine of Diamonds&#xD;
Test&#xD;
Test&#xD;
Player Test1 won trick with Ace of Clubs&#xD;
Test&#xD;
Test&#xD;
Test&#xD;
Player Test1 won trick with Seven of Clubs&#xD;
Test&#xD;
Test&#xD;
Test&#xD;
Player Test1 won trick with Queen of Hearts&#xD;
Test&#xD;
Test&#xD;
Test&#xD;
Player Test1 won trick with Queen of Diamonds&#xD;
Test&#xD;
Test&#xD;
Test&#xD;
Test&#xD;
Player Test1 won trick with Ace of Hearts&#xD;
Test&#xD;
Test&#xD;
Test&#xD;
Test&#xD;
Player Test1 won trick with Nine of Hearts&#xD;
Test&#xD;
Test&#xD;
Test&#xD;
Player Test1 won trick with Two of Spades&#xD;
Test&#xD;
Test&#xD;
Test&#xD;
Player Test1 won trick with Five of Spades&#xD;
Test&#xD;
Test&#xD;
Test&#xD;
Test&#xD;
Player Test1 won trick with Five of Hearts&#xD;
Test&#xD;
Test&#xD;
Test&#xD;
Player Test1 won trick with Four of Clubs&#xD;
Test&#xD;
Test&#xD;
Test&#xD;
Player Test1 won trick with Five of Diamonds&#xD;
Test&#xD;
Test&#xD;
Player Test3 won trick with King of Hearts&#xD;
Test&#xD;
Test&#xD;
Test&#xD;
Player Test1 won trick with Three of Clubs&#xD;
Test&#xD;
Test&#xD;
Test&#xD;
Player Test1 won trick with Ten of Hearts&#xD;
Test&#xD;
Test&#xD;
Test&#xD;
Player Test4 won trick with Ace of Hearts&#xD;
Test&#xD;
Test&#xD;
Test&#xD;
Player Test1 won trick with Six of Spades&#xD;
Test&#xD;
Test&#xD;
Test&#xD;
Player Test2 won trick with Jack of Hearts&#xD;
Test&#xD;
Test&#xD;
Test&#xD;
Player Test1 won trick with Five of Spades&#xD;
Test&#xD;
Test&#xD;
Test&#xD;
Player Test1 won trick with Six of Diamonds&#xD;
Test&#xD;
Test&#xD;
Test&#xD;
Player Test1 won trick with King of Clubs&#xD;
Test&#xD;
Test&#xD;
Test&#xD;
Player Test4 won trick with Nine of Hearts&#xD;
Test&#xD;
Test&#xD;
Test&#xD;
Player Test1 won trick with Eight of Spades&#xD;
Test&#xD;
Test&#xD;
Test&#xD;
Player Test1 won trick with Jack of Diamonds&#xD;
Test&#xD;
Test&#xD;
Test&#xD;
Player Test2 won trick with King of Hearts&#xD;
Test&#xD;
Test&#xD;
Test&#xD;
Player Test1 won trick with Eight of Hearts&#xD;
Test&#xD;
Player Test2 won trick with King of Spades&#xD;
Test&#xD;
Test&#xD;
Player Test2 won trick with Ten of Spades&#xD;
Test&#xD;
Test&#xD;
Test&#xD;
Player Test1 won trick with King of Hearts&#xD;
Test&#xD;
Test&#xD;
Test&#xD;
Test&#xD;
Player Test1 won trick with King of Hearts&#xD;
Test&#xD;
Test&#xD;
Test&#xD;
Player Test1 won trick with Five of Hearts&#xD;
Test&#xD;
Test&#xD;
Player Test4 won trick with Ten of Clubs&#xD;
Test&#xD;
Test&#xD;
Player Test3 won trick with Eight of Diamonds&#xD;
Test&#xD;
Test&#xD;
Test&#xD;
Test&#xD;
Player Test1 won trick with Jack of Hearts&#xD;
Test&#xD;
Test&#xD;
Player Test1 won trick with Ten of Diamonds&#xD;
Test&#xD;
Test&#xD;
Test&#xD;
Player Test1 won trick with Queen of Diamonds&#xD;
Test&#xD;
Test&#xD;
Player Test3 won trick with Six of Spades&#xD;
Test&#xD;
Test&#xD;
Test&#xD;
Player Test1 won trick with Eight of Diamonds&#xD;
Test&#xD;
Test&#xD;
Player Test2 won trick with King of Clubs&#xD;
Test&#xD;
Test&#xD;
Player Test3 won trick with Eight of Hearts&#xD;
Test&#xD;
Test&#xD;
Test&#xD;
Player Test1 won trick with Four of Clubs&#xD;
Test&#xD;
Test&#xD;
Test&#xD;
Player Test1 won trick with Nine of Clubs&#xD;
Test&#xD;
Test&#xD;
Test&#xD;
Player Test3 won trick with Seven of Hearts&#xD;
Test&#xD;
Test&#xD;
Player Test1 won trick with Ten of Clubs&#xD;
Test&#xD;
Test&#xD;
Player Test3 won trick with Jack of Hearts&#xD;
Test&#xD;
Test&#xD;
Player Test1 won trick with Five of Clubs&#xD;
Test&#xD;
Test&#xD;
Test&#xD;
Player Test1 won trick with Queen of Spades&#xD;
Test&#xD;
Test&#xD;
Test&#xD;
Player Test1 won trick with Seven of Diamonds&#xD;
Test&#xD;
Test&#xD;
Player Test1 won trick with King of Spades&#xD;
Test&#xD;
Test&#xD;
Player Test2 won trick with Four of Diamonds&#xD;
Test&#xD;
Test&#xD;
Test&#xD;
Test&#xD;
Player Test1 won trick with Ten of Hearts&#xD;
Test&#xD;
Test&#xD;
Player Test4 won trick with Ace of Spades&#xD;
Test&#xD;
Test&#xD;
Player Test2 won trick with King of Spades&#xD;
Test&#xD;
Player Test3 won trick with Jack of Clubs&#xD;
Test&#xD;
Test&#xD;
Player Test3 won trick with King of Spades&#xD;
Test&#xD;
Test&#xD;
Test&#xD;
Test&#xD;
Player Test1 won trick with Queen of Diamonds&#xD;
Test&#xD;
Test&#xD;
Test&#xD;
Player Test1 won trick with Eight of Spades&#xD;
Test&#xD;
Test&#xD;
Player Test1 won trick with Ten of Clubs&#xD;
Test&#xD;
Test&#xD;
Player Test1 won trick with King of Spades&#xD;
Test&#xD;
Test&#xD;
Test&#xD;
Test&#xD;
Player Test1 won trick with Seven of Hearts&#xD;
Test&#xD;
Test&#xD;
Test&#xD;
Player Test3 won trick with Seven of Diamonds&#xD;
Test&#xD;
Test&#xD;
Player Test3 won trick with Ace of Diamonds&#xD;
Test&#xD;
Test&#xD;
Player Test1 won trick with King of Spades&#xD;
Test&#xD;
Test&#xD;
Test&#xD;
Player Test1 won trick with Eight of Diamonds&#xD;
Test&#xD;
Test&#xD;
Player Test2 won trick with Four of Diamonds&#xD;
Test&#xD;
Test&#xD;
Test&#xD;
Test&#xD;
Player Test1 won trick with Eight of Hearts&#xD;
Test&#xD;
Test&#xD;
Test&#xD;
Player Test1 won trick with Ten of Clubs&#xD;
Test&#xD;
Test&#xD;
Player Test3 won trick with King of Diamonds&#xD;
Test&#xD;
Test&#xD;
Test&#xD;
Player Test1 won trick with Four of Clubs&#xD;
Test&#xD;
Player Test1 won trick with Jack of Diamonds&#xD;
Test&#xD;
Player Test1 won trick with Ace of Clubs&#xD;
Test&#xD;
Test&#xD;
Test&#xD;
Test&#xD;
Player Test1 won trick with Eight of Hearts&#xD;
Player Test2 won trick with Ace of Diamonds&#xD;
Test&#xD;
Test&#xD;
Player Test1 won trick with Five of Spades&#xD;
Test&#xD;
Test&#xD;
Player Test1 won trick with Ten of Diamonds&#xD;
Test&#xD;
Test&#xD;
Test&#xD;
Player Test1 won trick with Three of Diamonds&#xD;
Test&#xD;
Test&#xD;
Test&#xD;
Player Test1 won trick with Ace of Hearts&#xD;
Test&#xD;
Player Test1 won trick with Ace of Diamonds&#xD;
Test&#xD;
Test&#xD;
Test&#xD;
Player Test1 won trick with Nine of Clubs&#xD;
Test&#xD;
Test&#xD;
Test&#xD;
Player Test1 won trick with Seven of Spades&#xD;
Test&#xD;
Test&#xD;
Test&#xD;
Test&#xD;
Player Test1 won trick with Jack of Hearts&#xD;
Test&#xD;
Test&#xD;
Test&#xD;
Player Test1 won trick with Nine of Spades&#xD;
Test&#xD;
Player Test1 won trick with Ace of Diamonds&#xD;
Test&#xD;
Test&#xD;
Player Test1 won trick with Three of Spades&#xD;
Test&#xD;
Test&#xD;
Test&#xD;
Player Test1 won trick with Eight of Diamonds&#xD;
Test&#xD;
Test&#xD;
Player Test1 won trick with Queen of Clubs&#xD;
Test&#xD;
Test&#xD;
Test&#xD;
Player Test1 won trick with Five of Clubs&#xD;
Test&#xD;
Test&#xD;
Test&#xD;
Test&#xD;
Player Test1 won trick with Five of Hearts&#xD;
Test&#xD;
Test&#xD;
Test&#xD;
Player Test1 won trick with Two of Diamonds&#xD;
Test&#xD;
Test&#xD;
Test&#xD;
Player Test3 won trick with Ace of Hearts&#xD;
Test&#xD;
Test&#xD;
Player Test1 won trick with King of Clubs&#xD;
Test&#xD;
Test&#xD;
Player Test1 won trick with Ten of Clubs&#xD;
Test&#xD;
Player Test1 won trick with Nine of Clubs&#xD;
Test&#xD;
Test&#xD;
Test&#xD;
Test&#xD;
Player Test1 won trick with Seven of Hearts&#xD;
Test&#xD;
Test&#xD;
Player Test4 won trick with Queen of Clubs&#xD;
Test&#xD;
Test&#xD;
Test&#xD;
Test&#xD;
Player Test1 won trick with Two of Hearts&#xD;
Test&#xD;
Test&#xD;
Test&#xD;
Test&#xD;
Player Test1 won trick with Six of Hearts&#xD;
Test&#xD;
Test&#xD;
Test&#xD;
Player Test1 won trick with Three of Diamonds&#xD;
Test&#xD;
Player Test1 won trick with King of Diamonds&#xD;
Test&#xD;
Test&#xD;
Test&#xD;
Player Test1 won trick with King of Clubs&#xD;
Test&#xD;
Test&#xD;
Player Test2 won trick with Eight of Diamonds&#xD;
Test&#xD;
Player Test1 won trick with Jack of Diamonds&#xD;
Test&#xD;
Test&#xD;
Test&#xD;
Player Test1 won trick with Seven of Clubs&#xD;
Test&#xD;
Test&#xD;
Player Test1 won trick with Queen of Diamonds&#xD;
Test&#xD;
Test&#xD;
Test&#xD;
Player Test1 won trick with Ten of Diamonds&#xD;
Test&#xD;
Test&#xD;
Player Test2 won trick with Jack of Spades&#xD;
Test&#xD;
Test&#xD;
Test&#xD;
Test&#xD;
Player Test1 won trick with Ace of Hearts&#xD;
Test&#xD;
Test&#xD;
Test&#xD;
Test&#xD;
Player Test1 won trick with Nine of Diamonds&#xD;
Test&#xD;
Test&#xD;
Test&#xD;
Player Test1 won trick with Seven of Clubs&#xD;
Test&#xD;
Test&#xD;
Test&#xD;
Test&#xD;
Player Test1 won trick with Three of Hearts&#xD;
Test&#xD;
Test&#xD;
Test&#xD;
Player Test1 won trick with Three of Clubs&#xD;
Test&#xD;
Test&#xD;
Player Test3 won trick with Queen of Diamonds&#xD;
Test&#xD;
Test&#xD;
Player Test2 won trick with Queen of Spades&#xD;
Test&#xD;
Test&#xD;
Player Test1 won trick with Ten of Spades&#xD;
Test&#xD;
Test&#xD;
Player Test1 won trick with Seven of Clubs&#xD;
Test&#xD;
Test&#xD;
Test&#xD;
Player Test1 won trick with King of Clubs&#xD;
Test&#xD;
Test&#xD;
Test&#xD;
Player Test1 won trick with Ace of Spades&#xD;
Test&#xD;
Test&#xD;
Test&#xD;
Test&#xD;
Player Test1 won trick with Queen of Spades&#xD;
Test&#xD;
Test&#xD;
Test&#xD;
Player Test1 won trick with Five of Spades&#xD;
Test&#xD;
Test&#xD;
Test&#xD;
Test&#xD;
Player Test1 won trick with Six of Hearts&#xD;
Test&#xD;
Player Test3 won trick with King of Clubs&#xD;
Test&#xD;
Test&#xD;
Player Test2 won trick with Seven of Spades&#xD;
Test&#xD;
Player Test3 won trick with Five of Clubs&#xD;
Test&#xD;
Player Test1 won trick with Queen of Diamonds&#xD;
Player Test2 won trick with Jack of Diamonds&#xD;
Test&#xD;
Test&#xD;
Player Test1 won trick with King of Spades&#xD;
Test&#xD;
Test&#xD;
Test&#xD;
Player Test1 won trick with Ten of Clubs&#xD;
Test&#xD;
Test&#xD;
Test&#xD;
Test&#xD;
Player Test1 won trick with Eight of Hearts&#xD;
Test&#xD;
Test&#xD;
Player Test1 won trick with Seven of Diamonds&#xD;
Test&#xD;
Test&#xD;
Player Test4 won trick with Ten of Diamonds&#xD;
Test&#xD;
Test&#xD;
Test&#xD;
Test&#xD;
Player Test1 won trick with Seven of Hearts&#xD;
Test&#xD;
Test&#xD;
Player Test1 won trick with Ace of Clubs&#xD;
Test&#xD;
Test&#xD;
Player Test1 won trick with Ace of Clubs&#xD;
Test&#xD;
Test&#xD;
Test&#xD;
Test&#xD;
Player Test1 won trick with King of Hearts&#xD;
Test&#xD;
Player Test1 won trick with Ten of Clubs&#xD;
Test&#xD;
Test&#xD;
Player Test1 won trick with Two of Diamonds&#xD;
Test&#xD;
Test&#xD;
Test&#xD;
Player Test1 won trick with Ten of Diamonds&#xD;
Test&#xD;
Test&#xD;
Test&#xD;
Player Test1 won trick with Queen of Clubs&#xD;
Test&#xD;
Test&#xD;
Test&#xD;
Player Test1 won trick with Four of Clubs&#xD;
Test&#xD;
Test&#xD;
Test&#xD;
Player Test2 won trick with Seven of Hearts&#xD;
Test&#xD;
Test&#xD;
Test&#xD;
Player Test1 won trick with Three of Diamonds&#xD;
Test&#xD;
Player Test1 won trick with Queen of Diamonds&#xD;
Test&#xD;
Test&#xD;
Player Test2 won trick with Three of Clubs&#xD;
Test&#xD;
Test&#xD;
Player Test1 won trick with Jack of Clubs&#xD;
Test&#xD;
Test&#xD;
Test&#xD;
Player Test1 won trick with Four of Clubs&#xD;
Test&#xD;
Player Test1 won trick with King of Spades&#xD;
Test&#xD;
Test&#xD;
Test&#xD;
Test&#xD;
Player Test1 won trick with King of Hearts&#xD;
Test&#xD;
Test&#xD;
Test&#xD;
Player Test1 won trick with Seven of Diamonds&#xD;
Test&#xD;
Test&#xD;
Test&#xD;
Player Test1 won trick with Eight of Hearts&#xD;
Test&#xD;
Test&#xD;
Test&#xD;
Player Test1 won trick with Seven of Diamonds&#xD;
Test&#xD;
Test&#xD;
Test&#xD;
Player Test1 won trick with Queen of Clubs&#xD;
Test&#xD;
Test&#xD;
Test&#xD;
Player Test1 won trick with Ten of Clubs&#xD;
Test&#xD;
Player Test2 won trick with Eight of Clubs&#xD;
Test&#xD;
Test&#xD;
Test&#xD;
Player Test1 won trick with Three of Diamonds&#xD;
Test&#xD;
Test&#xD;
Player Test2 won trick with Ace of Spades&#xD;
Test&#xD;
Test&#xD;
Test&#xD;
Player Test1 won trick with Two of Spades&#xD;
Test&#xD;
Test&#xD;
Test&#xD;
Player Test1 won trick with King of Spades&#xD;
Test&#xD;
Test&#xD;
Player Test2 won trick with Six of Spades&#xD;
Test&#xD;
Test&#xD;
Test&#xD;
Test&#xD;
Player Test1 won trick with Ten of Hearts&#xD;
Test&#xD;
Test&#xD;
Player Test3 won trick with Ace of Diamonds&#xD;
Test&#xD;
Test&#xD;
Test&#xD;
Test&#xD;
Player Test1 won trick with Queen of Spades&#xD;
Test&#xD;
Test&#xD;
Player Test3 won trick with Seven of Hearts&#xD;
Test&#xD;
Test&#xD;
Test&#xD;
Player Test2 won trick with Queen of Hearts&#xD;
Test&#xD;
Test&#xD;
Test&#xD;
Player Test1 won trick with Two of Diamonds&#xD;
Test&#xD;
Test&#xD;
Player Test3 won trick with Five of Diamonds&#xD;
Test&#xD;
Test&#xD;
Player Test3 won trick with Ten of Clubs&#xD;
Test&#xD;
Player Test1 won trick with King of Clubs&#xD;
Test&#xD;
Test&#xD;
Test&#xD;
Player Test4 won trick with Four of Diamonds&#xD;
Test&#xD;
Test&#xD;
Test&#xD;
Player Test1 won trick with Seven of Hearts&#xD;
Test&#xD;
Test&#xD;
Test&#xD;
Player Test1 won trick with King of Hearts&#xD;
Test&#xD;
Test&#xD;
Test&#xD;
Player Test1 won trick with Queen of Diamonds&#xD;
Test&#xD;
Test&#xD;
Test&#xD;
Player Test1 won trick with Five of Clubs&#xD;
Test&#xD;
Test&#xD;
Test&#xD;
Player Test1 won trick with Ace of Clubs&#xD;
Test&#xD;
Test&#xD;
Test&#xD;
Player Test4 won trick with Ace of Hearts&#xD;
Test&#xD;
Test&#xD;
Test&#xD;
Test&#xD;
Player Test1 won trick with Queen of Spades&#xD;
Test&#xD;
Test&#xD;
Player Test3 won trick with King of Spades&#xD;
Test&#xD;
Test&#xD;
Test&#xD;
Test&#xD;
Player Test1 won trick with Seven of Spades&#xD;
Test&#xD;
Test&#xD;
Test&#xD;
Player Test3 won trick with Ace of Spades&#xD;
Test&#xD;
Test&#xD;
Player Test1 won trick with King of Diamonds&#xD;
Test&#xD;
Test&#xD;
Player Test2 won trick with Queen of Spades&#xD;
Test&#xD;
Test&#xD;
Test&#xD;
Player Test1 won trick with Jack of Diamonds&#xD;
Test&#xD;
Test&#xD;
Test&#xD;
Player Test1 won trick with Five of Clubs&#xD;
Test&#xD;
Test&#xD;
Test&#xD;
Player Test1 won trick with Queen of Clubs&#xD;
Test&#xD;
Test&#xD;
Test&#xD;
Player Test1 won trick with Ten of Clubs&#xD;
Test&#xD;
Test&#xD;
Test&#xD;
Player Test1 won trick with Nine of Diamonds&#xD;
Test&#xD;
Test&#xD;
Player Test1 won trick with King of Diamonds&#xD;
Test&#xD;
Test&#xD;
Test&#xD;
Player Test1 won trick with Three of Diamonds&#xD;
Test&#xD;
Test&#xD;
Player Test1 won trick with King of Diamonds&#xD;
Test&#xD;
Test&#xD;
Player Test4 won trick with Eight of Spades&#xD;
Test&#xD;
Test&#xD;
Test&#xD;
Player Test1 won trick with Ace of Diamonds&#xD;
Test&#xD;
Test&#xD;
Test&#xD;
Player Test1 won trick with Four of Hearts&#xD;
Test&#xD;
Test&#xD;
Test&#xD;
Test&#xD;
Player Test1 won trick with Ace of Hearts&#xD;
Test&#xD;
Test&#xD;
Test&#xD;
Player Test3 won trick with Nine of Hearts&#xD;
Test&#xD;
Test&#xD;
Test&#xD;
Player Test1 won trick with King of Clubs&#xD;
Test&#xD;
Player Test1 won trick with Eight of Spades&#xD;
Test&#xD;
Test&#xD;
Test&#xD;
Player Test1 won trick with Two of Spades&#xD;
Test&#xD;
Test&#xD;
Test&#xD;
Player Test1 won trick with King of Clubs&#xD;
Test&#xD;
Test&#xD;
Test&#xD;
Player Test2 won trick with Ten of Hearts&#xD;
Test&#xD;
Test&#xD;
Player Test2 won trick with Jack of Hearts&#xD;
Test&#xD;
Player Test2 won trick with King of Spades&#xD;
Player Test4 won trick with Jack of Diamonds&#xD;
Test&#xD;
Test&#xD;
Player Test3 won trick with Queen of Clubs&#xD;
Test&#xD;
Test&#xD;
Test&#xD;
Player Test1 won trick with Eight of Hearts&#xD;
Test&#xD;
Test&#xD;
Test&#xD;
Test&#xD;
Player Test1 won trick with King of Hearts&#xD;
Test&#xD;
Test&#xD;
Player Test2 won trick with Eight of Clubs&#xD;
Test&#xD;
Test&#xD;
Test&#xD;
Player Test1 won trick with Five of Diamonds&#xD;
Test&#xD;
Test&#xD;
Test&#xD;
Player Test1 won trick with Ace of Spades&#xD;
Test&#xD;
Player Test2 won trick with Eight of Spades&#xD;
Test&#xD;
Test&#xD;
Player Test3 won trick with Nine of Clubs&#xD;
Test&#xD;
Test&#xD;
Player Test3 won trick with Jack of Diamonds&#xD;
Test&#xD;
Test&#xD;
Player Test1 won trick with Eight of Clubs&#xD;
Test&#xD;
Test&#xD;
Test&#xD;
Test&#xD;
Player Test1 won trick with Queen of Hearts&#xD;
Test&#xD;
Test&#xD;
Test&#xD;
Test&#xD;
Player Test1 won trick with Two of Hearts&#xD;
Test&#xD;
Test&#xD;
Player Test1 won trick with Nine of Diamonds&#xD;
Test&#xD;
Test&#xD;
Player Test1 won trick with Nine of Spades&#xD;
Test&#xD;
Test&#xD;
Test&#xD;
Player Test3 won trick with King of Hearts&#xD;
Test&#xD;
Test&#xD;
Player Test1 won trick with Queen of Hearts&#xD;
Test&#xD;
Test&#xD;
Test&#xD;
Test&#xD;
Player Test1 won trick with Nine of Hearts&#xD;
Test&#xD;
Test&#xD;
Test&#xD;
Player Test1 won trick with Four of Clubs&#xD;
Test&#xD;
Test&#xD;
Test&#xD;
Player Test1 won trick with Jack of Hearts&#xD;
Test&#xD;
Test&#xD;
Test&#xD;
Player Test1 won trick with Eight of Hearts&#xD;
Test&#xD;
Player Test2 won trick with Queen of Spades&#xD;
Test&#xD;
Test&#xD;
Test&#xD;
Player Test1 won trick with Jack of Diamonds&#xD;
Test&#xD;
Test&#xD;
Player Test2 won trick with Jack of Spades&#xD;
Test&#xD;
Test&#xD;
Player Test4 won trick with King of Diamonds&#xD;
Test&#xD;
Test&#xD;
Player Test1 won trick with Six of Clubs&#xD;
Test&#xD;
Test&#xD;
Player Test4 won trick with Jack of Hearts&#xD;
Test&#xD;
Player Test3 won trick with King of Clubs&#xD;
Test&#xD;
Test&#xD;
Test&#xD;
Test&#xD;
Player Test1 won trick with Ace of Hearts&#xD;
Test&#xD;
Test&#xD;
Player Test1 won trick with King of Spades&#xD;
Test&#xD;
Player Test3 won trick with Nine of Clubs&#xD;
Test&#xD;
Test&#xD;
Player Test2 won trick with Queen of Diamonds&#xD;
Test&#xD;
Test&#xD;
Test&#xD;
Test&#xD;
Player Test1 won trick with Ten of Hearts&#xD;
Test&#xD;
Test&#xD;
Test&#xD;
Test&#xD;
Player Test1 won trick with Ten of Hearts&#xD;
Test&#xD;
Player Test2 won trick with Queen of Spades&#xD;
Test&#xD;
Test&#xD;
Test&#xD;
Test&#xD;
Player Test1 won trick with Seven of Hearts&#xD;
Test&#xD;
Test&#xD;
Test&#xD;
Player Test1 won trick with Two of Spades&#xD;
Test&#xD;
Test&#xD;
Test&#xD;
Player Test1 won trick with Two of Diamonds&#xD;
Test&#xD;
Test&#xD;
Test&#xD;
Player Test2 won trick with Eight of Hearts&#xD;
Test&#xD;
Test&#xD;
Test&#xD;
Player Test1 won trick with King of Diamonds&#xD;
Test&#xD;
Test&#xD;
Player Test1 won trick with Queen of Spades&#xD;
Test&#xD;
Test&#xD;
Player Test1 won trick with Jack of Hearts&#xD;
Test&#xD;
Test&#xD;
Test&#xD;
Player Test1 won trick with Eight of Spades&#xD;
Test&#xD;
Test&#xD;
Player Test4 won trick with Nine of Diamonds&#xD;
Test&#xD;
Test&#xD;
Test&#xD;
Player Test1 won trick with Queen of Diamonds&#xD;
Test&#xD;
Test&#xD;
Test&#xD;
Player Test1 won trick with Ace of Hearts&#xD;
Test&#xD;
Test&#xD;
Test&#xD;
Player Test1 won trick with Four of Spades&#xD;
Test&#xD;
Test&#xD;
Test&#xD;
Test&#xD;
Player Test1 won trick with Seven of Hearts&#xD;
Test&#xD;
Test&#xD;
Player Test2 won trick with Ace of Hearts&#xD;
Test&#xD;
Test&#xD;
Player Test1 won trick with Ace of Hearts&#xD;
Test&#xD;
Test&#xD;
Test&#xD;
Player Test1 won trick with Jack of Diamonds&#xD;
Test&#xD;
Player Test3 won trick with King of Spades&#xD;
Test&#xD;
Test&#xD;
Test&#xD;
Player Test1 won trick with Eight of Hearts&#xD;
Test&#xD;
Player Test4 won trick with Eight of Diamonds&#xD;
Test&#xD;
Test&#xD;
Test&#xD;
Test&#xD;
Player Test1 won trick with Jack of Hearts&#xD;
Test&#xD;
Test&#xD;
Player Test2 won trick with Queen of Spades&#xD;
Test&#xD;
Test&#xD;
Test&#xD;
Test&#xD;
Player Test1 won trick with King of Hearts&#xD;
Test&#xD;
Test&#xD;
Test&#xD;
Player Test1 won trick with Nine of Clubs&#xD;
Test&#xD;
Test&#xD;
Player Test1 won trick with Ten of Clubs&#xD;
Test&#xD;
Test&#xD;
Test&#xD;
Player Test1 won trick with Ace of Hearts&#xD;
Test&#xD;
Test&#xD;
Player Test3 won trick with Queen of Spades&#xD;
Test&#xD;
Test&#xD;
Test&#xD;
Test&#xD;
Player Test1 won trick with Five of Hearts&#xD;
Test&#xD;
Test&#xD;
Test&#xD;
Test&#xD;
Player Test1 won trick with Ace of Hearts&#xD;
Test&#xD;
Test&#xD;
Test&#xD;
Player Test1 won trick with Five of Diamonds&#xD;
Test&#xD;
Test&#xD;
Player Test1 won trick with Eight of Clubs&#xD;
Test&#xD;
Test&#xD;
Player Test2 won trick with Ace of Spades&#xD;
Test&#xD;
Test&#xD;
Test&#xD;
Test&#xD;
Player Test1 won trick with Two of Hearts&#xD;
Test&#xD;
Test&#xD;
Player Test1 won trick with Eight of Spades&#xD;
Test&#xD;
Test&#xD;
Test&#xD;
Player Test1 won trick with Eight of Clubs&#xD;
Test&#xD;
Test&#xD;
Test&#xD;
Test&#xD;
Player Test1 won trick with Eight of Hearts&#xD;
Test&#xD;
Test&#xD;
Player Test1 won trick with Nine of Spades&#xD;
Test&#xD;
Test&#xD;
Player Test2 won trick with Ace of Diamonds&#xD;
Test&#xD;
Test&#xD;
Test&#xD;
Player Test1 won trick with Ten of Hearts&#xD;
Test&#xD;
Test&#xD;
Test&#xD;
Test&#xD;
Player Test1 won trick with Nine of Spades&#xD;
Test&#xD;
Test&#xD;
Player Test1 won trick with Queen of Diamonds&#xD;
Test&#xD;
Test&#xD;
Test&#xD;
Test&#xD;
Player Test1 won trick with Three of Hearts&#xD;
Test&#xD;
Test&#xD;
Player Test1 won trick with Nine of Clubs&#xD;
Test&#xD;
Player Test1 won trick with Eight of Spades&#xD;
Test&#xD;
Test&#xD;
Test&#xD;
Player Test1 won trick with Seven of Diamonds&#xD;
Test&#xD;
Test&#xD;
Test&#xD;
Player Test1 won trick with Three of Clubs&#xD;
Test&#xD;
Test&#xD;
Test&#xD;
Test&#xD;
Player Test1 won trick with Ten of Hearts&#xD;
Test&#xD;
Test&#xD;
Player Test1 won trick with King of Clubs&#xD;
Test&#xD;
Test&#xD;
Test&#xD;
Player Test3 won trick with Ten of Hearts&#xD;
Test&#xD;
Test&#xD;
Test&#xD;
Player Test1 won trick with Ace of Diamonds&#xD;
Test&#xD;
Test&#xD;
Player Test3 won trick with Six of Diamonds&#xD;
Test&#xD;
Test&#xD;
Player Test1 won trick with Ace of Diamonds&#xD;
Test&#xD;
Test&#xD;
Test&#xD;
Player Test1 won trick with King of Hearts&#xD;
Test&#xD;
Test&#xD;
Test&#xD;
Player Test4 won trick with Ace of Hearts&#xD;
Test&#xD;
Test&#xD;
Test&#xD;
Test&#xD;
Player Test1 won trick with King of Hearts&#xD;
Test&#xD;
Test&#xD;
Test&#xD;
Player Test1 won trick with King of Spades&#xD;
Test&#xD;
Test&#xD;
Test&#xD;
Player Test1 won trick with Jack of Clubs&#xD;
Test&#xD;
Test&#xD;
Test&#xD;
Player Test1 won trick with Ace of Diamonds&#xD;
Test&#xD;
Test&#xD;
Test&#xD;
Player Test1 won trick with Three of Spades&#xD;
Test&#xD;
Test&#xD;
Test&#xD;
Player Test1 won trick with Nine of Spades&#xD;
Test&#xD;
Test&#xD;
Test&#xD;
Test&#xD;
Player Test1 won trick with Nine of Spades&#xD;
Test&#xD;
Test&#xD;
Player Test4 won trick with Queen of Clubs&#xD;
Test&#xD;
Test&#xD;
Player Test3 won trick with Six of Spades&#xD;
Test&#xD;
Test&#xD;
Test&#xD;
Player Test1 won trick with Ten of Diamonds&#xD;
Test&#xD;
Test&#xD;
Test&#xD;
Player Test2 won trick with Ace of Hearts&#xD;
Test&#xD;
Test&#xD;
Player Test1 won trick with Seven of Diamonds&#xD;
Test&#xD;
Test&#xD;
Player Test1 won trick with Eight of Diamonds&#xD;
Test&#xD;
Player Test4 won trick with Ten of Spades&#xD;
Test&#xD;
Test&#xD;
Player Test3 won trick with Nine of Hearts&#xD;
Test&#xD;
Test&#xD;
Player Test1 won trick with Ten of Diamonds&#xD;
Test&#xD;
Test&#xD;
Player Test2 won trick with Queen of Diamonds&#xD;
Test&#xD;
Test&#xD;
Player Test2 won trick with Seven of Diamonds&#xD;
Test&#xD;
Player Test3 won trick with King of Diamonds&#xD;
Test&#xD;
Test&#xD;
Test&#xD;
Player Test1 won trick with Three of Spades&#xD;
Test&#xD;
Test&#xD;
Player Test3 won trick with Nine of Spades&#xD;
Test&#xD;
Test&#xD;
Player Test3 won trick with Queen of Clubs&#xD;
Test&#xD;
Test&#xD;
Player Test3 won trick with Ace of Spades&#xD;
Test&#xD;
Test&#xD;
Test&#xD;
Player Test1 won trick with Five of Diamonds&#xD;
Test&#xD;
Test&#xD;
Test&#xD;
Player Test1 won trick with Four of Clubs&#xD;
Test&#xD;
Test&#xD;
Test&#xD;
Player Test1 won trick with Four of Diamonds&#xD;
Test&#xD;
Test&#xD;
Player Test2 won trick with Seven of Diamonds&#xD;
Test&#xD;
Test&#xD;
Test&#xD;
Player Test4 won trick with Ace of Hearts&#xD;
Test&#xD;
Test&#xD;
Player Test1 won trick with Three of Clubs&#xD;
Test&#xD;
Test&#xD;
Test&#xD;
Player Test1 won trick with Ten of Hearts&#xD;
Test&#xD;
Test&#xD;
Test&#xD;
Player Test1 won trick with Three of Spades&#xD;
Test&#xD;
Test&#xD;
Test&#xD;
Test&#xD;
Player Test1 won trick with Four of Diamonds&#xD;
Test&#xD;
Test&#xD;
Test&#xD;
Test&#xD;
Player Test1 won trick with Two of Hearts&#xD;
Test&#xD;
Test&#xD;
Player Test3 won trick with Seven of Diamonds&#xD;
Test&#xD;
Test&#xD;
Test&#xD;
Player Test1 won trick with Ace of Diamonds&#xD;
Test&#xD;
Test&#xD;
Test&#xD;
Player Test1 won trick with King of Hearts&#xD;
Test&#xD;
Test&#xD;
Test&#xD;
Test&#xD;
Player Test1 won trick with Six of Hearts&#xD;
Test&#xD;
Player Test1 won trick with Ace of Diamonds&#xD;
Test&#xD;
Test&#xD;
Test&#xD;
Test&#xD;
Player Test1 won trick with Seven of Hearts&#xD;
Test&#xD;
Test&#xD;
Player Test1 won trick with King of Diamonds&#xD;
Test&#xD;
Test&#xD;
Test&#xD;
Player Test1 won trick with King of Diamonds&#xD;
Test&#xD;
Test&#xD;
Test&#xD;
Player Test1 won trick with Six of Clubs&#xD;
Test&#xD;
Test&#xD;
Test&#xD;
Player Test1 won trick with Five of Clubs&#xD;
Test&#xD;
Test&#xD;
Test&#xD;
Player Test2 won trick with Nine of Spades&#xD;
Test&#xD;
Test&#xD;
Player Test1 won trick with Eight of Spades&#xD;
Test&#xD;
Test&#xD;
Test&#xD;
Test&#xD;
Player Test1 won trick with Six of Hearts&#xD;
Test&#xD;
Test&#xD;
Test&#xD;
Test&#xD;
Player Test1 won trick with Nine of Hearts&#xD;
Test&#xD;
Test&#xD;
Player Test1 won trick with Six of Spades&#xD;
Test&#xD;
Test&#xD;
Test&#xD;
Player Test1 won trick with Six of Hearts&#xD;
Test&#xD;
Test&#xD;
Player Test1 won trick with Eight of Spades&#xD;
Test&#xD;
Test&#xD;
Player Test2 won trick with Six of Clubs&#xD;
Test&#xD;
Test&#xD;
Test&#xD;
Player Test1 won trick with Jack of Clubs&#xD;
Test&#xD;
Test&#xD;
Test&#xD;
Player Test3 won trick with Ace of Hearts&#xD;
Test&#xD;
Test&#xD;
Test&#xD;
Player Test1 won trick with Eight of Spades&#xD;
Test&#xD;
Test&#xD;
Player Test4 won trick with Four of Clubs&#xD;
Test&#xD;
Player Test1 won trick with Jack of Spades&#xD;
Test&#xD;
Test&#xD;
Test&#xD;
Player Test1 won trick with Ace of Diamonds&#xD;
Test&#xD;
Test&#xD;
Test&#xD;
Player Test1 won trick with Four of Diamonds&#xD;
Test&#xD;
Player Test1 won trick with Nine of Clubs&#xD;
Test&#xD;
Test&#xD;
Test&#xD;
Player Test1 won trick with Seven of Clubs&#xD;
Test&#xD;
Player Test3 won trick with Six of Spades&#xD;
Test&#xD;
Test&#xD;
Test&#xD;
Player Test1 won trick with Two of Clubs&#xD;
Test&#xD;
Test&#xD;
Test&#xD;
Player Test1 won trick with Queen of Hearts&#xD;
Test&#xD;
Test&#xD;
Test&#xD;
Player Test1 won trick with Four of Diamonds&#xD;
Test&#xD;
Test&#xD;
Test&#xD;
Player Test1 won trick with Jack of Hearts&#xD;
Test&#xD;
Test&#xD;
Test&#xD;
Player Test1 won trick with Seven of Hearts&#xD;
Test&#xD;
Test&#xD;
Test&#xD;
Test&#xD;
Player Test1 won trick with Ten of Hearts&#xD;
Test&#xD;
Test&#xD;
Test&#xD;
Player Test1 won trick with Two of Clubs&#xD;
Test&#xD;
Test&#xD;
Test&#xD;
Test&#xD;
Player Test1 won trick with Nine of Hearts&#xD;
Test&#xD;
Test&#xD;
Test&#xD;
Player Test1 won trick with King of Hearts&#xD;
Test&#xD;
Test&#xD;
Player Test3 won trick with King of Diamonds&#xD;
Test&#xD;
Test&#xD;
Test&#xD;
Player Test2 won trick with Jack of Hearts&#xD;
Test&#xD;
Test&#xD;
Player Test2 won trick with Ten of Hearts&#xD;
Test&#xD;
Test&#xD;
Test&#xD;
Player Test1 won trick with Ace of Diamonds&#xD;
Test&#xD;
Test&#xD;
Test&#xD;
Player Test1 won trick with Six of Diamonds&#xD;
Test&#xD;
Test&#xD;
Test&#xD;
Player Test4 won trick with Eight of Hearts&#xD;
Test&#xD;
Test&#xD;
Player Test1 won trick with King of Diamonds&#xD;
Test&#xD;
Player Test1 won trick with Ace of Hearts&#xD;
Test&#xD;
Player Test2 won trick with Queen of Spades&#xD;
Test&#xD;
Player Test1 won trick with King of Clubs&#xD;
Test&#xD;
Test&#xD;
Test&#xD;
Player Test1 won trick with Ten of Clubs&#xD;
Test&#xD;
Test&#xD;
Test&#xD;
Test&#xD;
Player Test1 won trick with Six of Hearts&#xD;
Test&#xD;
Test&#xD;
Player Test1 won trick with Seven of Clubs&#xD;
Test&#xD;
Test&#xD;
Test&#xD;
Test&#xD;
Player Test1 won trick with Five of Hearts&#xD;
Test&#xD;
Test&#xD;
Player Test1 won trick with Ten of Diamonds&#xD;
Test&#xD;
Test&#xD;
Test&#xD;
Player Test1 won trick with Jack of Clubs&#xD;
Test&#xD;
Player Test4 won trick with Six of Clubs&#xD;
Test&#xD;
Test&#xD;
Test&#xD;
Test&#xD;
Player Test1 won trick with Ace of Hearts&#xD;
Test&#xD;
Test&#xD;
Test&#xD;
Player Test1 won trick with Seven of Diamonds&#xD;
Test&#xD;
Test&#xD;
Test&#xD;
Test&#xD;
Player Test1 won trick with Seven of Hearts&#xD;
Test&#xD;
Test&#xD;
Test&#xD;
Player Test1 won trick with Two of Clubs&#xD;
Test&#xD;
Test&#xD;
Test&#xD;
Player Test1 won trick with Eight of Clubs&#xD;
Test&#xD;
Test&#xD;
Test&#xD;
Player Test1 won trick with Ace of Clubs&#xD;
Test&#xD;
Test&#xD;
Player Test2 won trick with Queen of Spades&#xD;
Test&#xD;
Test&#xD;
Player Test3 won trick with Jack of Diamonds&#xD;
Test&#xD;
Test&#xD;
Player Test4 won trick with Jack of Diamonds&#xD;
Test&#xD;
Test&#xD;
Test&#xD;
Player Test1 won trick with King of Spades&#xD;
Test&#xD;
Test&#xD;
Test&#xD;
Test&#xD;
Player Test1 won trick with Five of Hearts&#xD;
Test&#xD;
Test&#xD;
Player Test4 won trick with Nine of Diamonds&#xD;
Test&#xD;
Test&#xD;
Player Test1 won trick with King of Clubs&#xD;
Test&#xD;
Test&#xD;
Test&#xD;
Player Test1 won trick with King of Diamonds&#xD;
Test&#xD;
Test&#xD;
Test&#xD;
Player Test1 won trick with Nine of Hearts&#xD;
Test&#xD;
Player Test4 won trick with Queen of Diamonds&#xD;
Test&#xD;
Test&#xD;
Player Test4 won trick with Nine of Diamonds&#xD;
Test&#xD;
Test&#xD;
Test&#xD;
Player Test1 won trick with Nine of Hearts&#xD;
Test&#xD;
Test&#xD;
Player Test4 won trick with Ace of Spades&#xD;
Test&#xD;
Test&#xD;
Test&#xD;
Player Test1 won trick with Nine of Diamonds&#xD;
Test&#xD;
Test&#xD;
Test&#xD;
Player Test1 won trick with Six of Spades&#xD;
Test&#xD;
Test&#xD;
Test&#xD;
Player Test1 won trick with Ten of Hearts&#xD;
Test&#xD;
Player Test1 won trick with Queen of Diamonds&#xD;
Test&#xD;
Player Test2 won trick with King of Spades&#xD;
Test&#xD;
Test&#xD;
Test&#xD;
Player Test1 won trick with Seven of Diamonds&#xD;
Test&#xD;
Test&#xD;
Player Test3 won trick with Ten of Clubs&#xD;
Test&#xD;
Test&#xD;
Test&#xD;
Test&#xD;
Player Test1 won trick with Three of Hearts&#xD;
Test&#xD;
Test&#xD;
Test&#xD;
Test&#xD;
Player Test1 won trick with Three of Hearts&#xD;
Test&#xD;
Test&#xD;
Player Test2 won trick with Ace of Clubs&#xD;
Test&#xD;
Test&#xD;
Player Test2 won trick with Ace of Hearts&#xD;
Test&#xD;
Test&#xD;
Test&#xD;
Player Test1 won trick with Queen of Diamonds&#xD;
Test&#xD;
Test&#xD;
Test&#xD;
Player Test1 won trick with Two of Clubs&#xD;
Test&#xD;
Player Test3 won trick with Eight of Clubs&#xD;
Test&#xD;
Test&#xD;
Player Test3 won trick with Six of Spades&#xD;
Test&#xD;
Test&#xD;
Player Test1 won trick with Jack of Spades&#xD;
Test&#xD;
Test&#xD;
Test&#xD;
Player Test1 won trick with King of Clubs&#xD;
Test&#xD;
Test&#xD;
Test&#xD;
Player Test1 won trick with Queen of Spades&#xD;
Test&#xD;
Test&#xD;
Test&#xD;
Player Test1 won trick with Ten of Hearts&#xD;
Test&#xD;
Test&#xD;
Test&#xD;
Player Test1 won trick with Eight of Clubs&#xD;
Test&#xD;
Test&#xD;
Test&#xD;
Player Test1 won trick with Two of Diamonds&#xD;
Test&#xD;
Test&#xD;
Test&#xD;
Test&#xD;
Player Test1 won trick with Queen of Hearts&#xD;
Test&#xD;
Test&#xD;
Test&#xD;
Test&#xD;
Player Test1 won trick with King of Hearts&#xD;
Test&#xD;
Test&#xD;
Player Test3 won trick with Ten of Spades&#xD;
Test&#xD;
Test&#xD;
Test&#xD;
Player Test1 won trick with Ace of Hearts&#xD;
Test&#xD;
Test&#xD;
Test&#xD;
Test&#xD;
Player Test1 won trick with Four of Hearts&#xD;
Test&#xD;
Test&#xD;
Test&#xD;
Player Test1 won trick with Eight of Diamonds&#xD;
Test&#xD;
Test&#xD;
Test&#xD;
Player Test1 won trick with Jack of Diamonds&#xD;
Test&#xD;
Test&#xD;
Test&#xD;
Player Test1 won trick with Four of Clubs&#xD;
Test&#xD;
Test&#xD;
Player Test1 won trick with Five of Spades&#xD;
Test&#xD;
Player Test2 won trick with Jack of Diamonds&#xD;
Test&#xD;
Test&#xD;
Player Test2 won trick with Nine of Clubs&#xD;
Test&#xD;
Test&#xD;
Player Test1 won trick with Nine of Spades&#xD;
Test&#xD;
Test&#xD;
Test&#xD;
Player Test1 won trick with Six of Spades&#xD;
Test&#xD;
Test&#xD;
Test&#xD;
Player Test1 won trick with Six of Clubs&#xD;
Test&#xD;
Test&#xD;
Test&#xD;
Player Test3 won trick with King of Hearts&#xD;
Test&#xD;
Player Test3 won trick with King of Diamonds&#xD;
Test&#xD;
Test&#xD;
Player Test4 won trick with Eight of Diamonds&#xD;
Test&#xD;
Test&#xD;
Player Test1 won trick with King of Clubs&#xD;
Test&#xD;
Player Test3 won trick with Ace of Diamonds&#xD;
Test&#xD;
Test&#xD;
Player Test4 won trick with Queen of Spades&#xD;
Test&#xD;
Test&#xD;
Player Test4 won trick with Jack of Hearts&#xD;
Test&#xD;
Test&#xD;
Test&#xD;
Player Test1 won trick with Eight of Hearts&#xD;
Test&#xD;
Test&#xD;
Test&#xD;
Player Test1 won trick with Ace of Clubs&#xD;
Test&#xD;
Test&#xD;
Test&#xD;
Player Test1 won trick with Three of Diamonds&#xD;
Test&#xD;
Test&#xD;
Test&#xD;
Player Test1 won trick with Ten of Spades&#xD;
Test&#xD;
Test&#xD;
Test&#xD;
Player Test1 won trick with Jack of Diamonds&#xD;
Test&#xD;
Test&#xD;
Test&#xD;
Player Test1 won trick with Eight of Clubs&#xD;
Test&#xD;
Test&#xD;
Player Test4 won trick with Five of Spades&#xD;
Test&#xD;
Player Test2 won trick with King of Clubs&#xD;
Test&#xD;
Test&#xD;
Player Test4 won trick with Ace of Spades&#xD;
Test&#xD;
Test&#xD;
Test&#xD;
Player Test4 won trick with Queen of Clubs&#xD;
Test&#xD;
Test&#xD;
Test&#xD;
Player Test1 won trick with Seven of Hearts&#xD;
Test&#xD;
Test&#xD;
Player Test4 won trick with Jack of Hearts&#xD;
Test&#xD;
Test&#xD;
Test&#xD;
Player Test1 won trick with King of Hearts&#xD;
Test&#xD;
Test&#xD;
Player Test1 won trick with King of Clubs&#xD;
Test&#xD;
Test&#xD;
Test&#xD;
Test&#xD;
Player Test1 won trick with Four of Hearts&#xD;
Test&#xD;
Test&#xD;
Test&#xD;
Player Test1 won trick with Four of Clubs&#xD;
Test&#xD;
Test&#xD;
Player Test1 won trick with Eight of Diamonds&#xD;
Test&#xD;
Test&#xD;
Player Test1 won trick with King of Spades&#xD;
Test&#xD;
Test&#xD;
Player Test1 won trick with Four of Spades&#xD;
Test&#xD;
Test&#xD;
Test&#xD;
Player Test1 won trick with Three of Diamonds&#xD;
Test&#xD;
Test&#xD;
Test&#xD;
Player Test1 won trick with King of Spades&#xD;
Test&#xD;
Test&#xD;
Test&#xD;
Player Test1 won trick with Nine of Clubs&#xD;
Test&#xD;
Test&#xD;
Test&#xD;
Player Test2 won trick with Ten of Hearts&#xD;
Test&#xD;
Test&#xD;
Test&#xD;
Test&#xD;
Player Test1 won trick with Seven of Hearts&#xD;
Test&#xD;
Test&#xD;
Test&#xD;
Player Test1 won trick with Two of Spades&#xD;
Test&#xD;
Test&#xD;
Player Test2 won trick with Eight of Hearts&#xD;
Test&#xD;
Test&#xD;
Test&#xD;
Player Test1 won trick with Two of Spades&#xD;
Test&#xD;
Test&#xD;
Player Test3 won trick with Ten of Diamonds&#xD;
Test&#xD;
Test&#xD;
Player Test1 won trick with Queen of Spades&#xD;
Test&#xD;
Test&#xD;
Player Test2 won trick with Nine of Clubs&#xD;
Test&#xD;
Test&#xD;
Player Test1 won trick with Jack of Diamonds&#xD;
Test&#xD;
Test&#xD;
Test&#xD;
Player Test1 won trick with Six of Clubs&#xD;
Test&#xD;
Test&#xD;
Test&#xD;
Player Test3 won trick with Queen of Hearts&#xD;
Test&#xD;
Test&#xD;
Player Test4 won trick with Ten of Spades&#xD;
Test&#xD;
Test&#xD;
Test&#xD;
Player Test4 won trick with Ten of Hearts&#xD;
Test&#xD;
Test&#xD;
Test&#xD;
Player Test4 won trick with Ten of Hearts&#xD;
Test&#xD;
Test&#xD;
Test&#xD;
Player Test1 won trick with Four of Clubs&#xD;
Test&#xD;
Player Test3 won trick with King of Diamonds&#xD;
Test&#xD;
Test&#xD;
Test&#xD;
Test&#xD;
Player Test1 won trick with Three of Hearts&#xD;
Test&#xD;
Test&#xD;
Test&#xD;
Player Test4 won trick with Jack of Clubs&#xD;
Test&#xD;
Player Test4 won trick with Six of Spades&#xD;
Test&#xD;
Test&#xD;
Player Test1 won trick with Queen of Diamonds&#xD;
Test&#xD;
Test&#xD;
Player Test1 won trick with Queen of Clubs&#xD;
Test&#xD;
Test&#xD;
Player Test2 won trick with Eight of Diamonds&#xD;
Test&#xD;
Test&#xD;
Test&#xD;
Test&#xD;
Player Test1 won trick with Six of Hearts&#xD;
Test&#xD;
Test&#xD;
Test&#xD;
Player Test1 won trick with Ace of Clubs&#xD;
Test&#xD;
Test&#xD;
Test&#xD;
Player Test1 won trick with Five of Diamonds&#xD;
Test&#xD;
Test&#xD;
Test&#xD;
Test&#xD;
Player Test1 won trick with Nine of Hearts&#xD;
Test&#xD;
Player Test2 won trick with Ace of Diamonds&#xD;
Test&#xD;
Test&#xD;
Test&#xD;
Test&#xD;
Player Test1 won trick with Queen of Hearts&#xD;
Test&#xD;
Test&#xD;
Player Test1 won trick with Five of Spades&#xD;
Test&#xD;
Test&#xD;
Player Test1 won trick with Nine of Spades&#xD;
Test&#xD;
Test&#xD;
Test&#xD;
Player Test1 won trick with Six of Hearts&#xD;
Test&#xD;
Test&#xD;
Test&#xD;
Test&#xD;
Player Test1 won trick with Queen of Clubs&#xD;
Test&#xD;
Test&#xD;
Test&#xD;
Player Test1 won trick with Eight of Clubs&#xD;
Test&#xD;
Test&#xD;
Test&#xD;
Player Test1 won trick with Five of Spades&#xD;
Test&#xD;
Test&#xD;
Test&#xD;
Player Test1 won trick with King of Hearts&#xD;
Test&#xD;
Test&#xD;
Player Test1 won trick with Jack of Spades&#xD;
Player Test3 won trick with King of Spades&#xD;
Test&#xD;
Test&#xD;
Test&#xD;
Player Test1 won trick with Seven of Clubs&#xD;
Test&#xD;
Test&#xD;
Player Test1 won trick with Eight of Clubs&#xD;
Test&#xD;
Test&#xD;
Test&#xD;
Player Test1 won trick with Jack of Spades&#xD;
Test&#xD;
Test&#xD;
Player Test1 won trick with King of Clubs&#xD;
Test&#xD;
Test&#xD;
Test&#xD;
Test&#xD;
Player Test1 won trick with Three of Hearts&#xD;
Test&#xD;
Test&#xD;
Player Test1 won trick with Eight of Diamonds&#xD;
Test&#xD;
Test&#xD;
Player Test2 won trick with Nine of Spades&#xD;
Test&#xD;
Player Test1 won trick with Seven of Diamonds&#xD;
Test&#xD;
Test&#xD;
Player Test1 won trick with Seven of Diamonds&#xD;
Test&#xD;
Test&#xD;
Player Test1 won trick with Jack of Diamonds&#xD;
Test&#xD;
Test&#xD;
Player Test1 won trick with Jack of Diamonds&#xD;
Test&#xD;
Test&#xD;
Test&#xD;
Player Test1 won trick with Jack of Hearts&#xD;
Test&#xD;
Test&#xD;
Test&#xD;
Player Test1 won trick with King of Hearts&#xD;
Test&#xD;
Test&#xD;
Test&#xD;
Player Test1 won trick with Four of Spades&#xD;
Test&#xD;
Test&#xD;
Test&#xD;
Test&#xD;
Player Test1 won trick with Six of Hearts&#xD;
Test&#xD;
Player Test3 won trick with Queen of Diamonds&#xD;
Test&#xD;
Test&#xD;
Test&#xD;
Player Test1 won trick with Four of Diamonds&#xD;
Test&#xD;
Test&#xD;
Test&#xD;
Player Test1 won trick with Four of Clubs&#xD;
Test&#xD;
Test&#xD;
Player Test3 won trick with Ace of Diamonds&#xD;
Test&#xD;
Test&#xD;
Test&#xD;
Player Test1 won trick with Two of Spades&#xD;
Test&#xD;
Test&#xD;
Test&#xD;
Player Test1 won trick with Nine of Spades&#xD;
Test&#xD;
Test&#xD;
Test&#xD;
Player Test1 won trick with Four of Diamonds&#xD;
Test&#xD;
Test&#xD;
Player Test1 won trick with Ten of Clubs&#xD;
Test&#xD;
Test&#xD;
Test&#xD;
Player Test1 won trick with Two of Spades&#xD;
Test&#xD;
Test&#xD;
Player Test2 won trick with Six of Clubs&#xD;
Test&#xD;
Test&#xD;
Test&#xD;
Player Test1 won trick with Four of Clubs&#xD;
Test&#xD;
Test&#xD;
Player Test1 won trick with Ace of Diamonds&#xD;
Test&#xD;
Test&#xD;
Test&#xD;
Player Test1 won trick with Three of Diamonds&#xD;
Test&#xD;
Test&#xD;
Test&#xD;
Player Test1 won trick with King of Clubs&#xD;
Test&#xD;
Player Test4 won trick with Ten of Clubs&#xD;
Test&#xD;
Player Test2 won trick with Queen of Clubs&#xD;
Test&#xD;
Test&#xD;
Player Test4 won trick with Eight of Clubs&#xD;
Test&#xD;
Test&#xD;
Player Test3 won trick with Queen of Spades&#xD;
Test&#xD;
Test&#xD;
Test&#xD;
Player Test1 won trick with Four of Hearts&#xD;
Test&#xD;
Test&#xD;
Test&#xD;
Player Test1 won trick with Seven of Clubs&#xD;
Test&#xD;
Player Test3 won trick with Jack of Clubs&#xD;
Player Test1 won trick with Eight of Diamonds&#xD;
Test&#xD;
Player Test3 won trick with King of Clubs&#xD;
Test&#xD;
Test&#xD;
Player Test4 won trick with Ace of Diamonds&#xD;
Test&#xD;
Test&#xD;
Test&#xD;
Player Test1 won trick with Three of Spades&#xD;
Test&#xD;
Test&#xD;
Player Test1 won trick with Jack of Spades&#xD;
Test&#xD;
Test&#xD;
Test&#xD;
Player Test1 won trick with King of Clubs&#xD;
Test&#xD;
Test&#xD;
Player Test1 won trick with Jack of Spades&#xD;
Test&#xD;
Test&#xD;
Test&#xD;
Player Test1 won trick with Seven of Spades&#xD;
Test&#xD;
Test&#xD;
Player Test1 won trick with Four of Spades&#xD;
Test&#xD;
Test&#xD;
Test&#xD;
Player Test4 won trick with Seven of Hearts&#xD;
Test&#xD;
Test&#xD;
Player Test1 won trick with Jack of Diamonds&#xD;
Test&#xD;
Test&#xD;
Player Test4 won trick with Ace of Clubs&#xD;
Test&#xD;
Test&#xD;
Test&#xD;
Player Test1 won trick with Seven of Clubs&#xD;
Test&#xD;
Test&#xD;
Test&#xD;
Player Test2 won trick with Four of Hearts&#xD;
Test&#xD;
Test&#xD;
Player Test4 won trick with Six of Clubs&#xD;
Test&#xD;
Test&#xD;
Test&#xD;
Player Test1 won trick with Ace of Hearts&#xD;
Test&#xD;
Test&#xD;
Player Test1 won trick with Seven of Clubs&#xD;
Test&#xD;
Test&#xD;
Player Test2 won trick with Ace of Clubs&#xD;
Test&#xD;
Test&#xD;
Player Test3 won trick with Nine of Clubs&#xD;
Test&#xD;
Test&#xD;
Test&#xD;
Player Test1 won trick with Queen of Diamonds&#xD;
Test&#xD;
Test&#xD;
Player Test1 won trick with Five of Diamonds&#xD;
Test&#xD;
Test&#xD;
Test&#xD;
Player Test1 won trick with Nine of Spades&#xD;
Test&#xD;
Test&#xD;
Player Test4 won trick with Six of Spades&#xD;
Test&#xD;
Test&#xD;
Test&#xD;
Player Test1 won trick with Ace of Diamonds&#xD;
Test&#xD;
Test&#xD;
Player Test4 won trick with Queen of Hearts&#xD;
Test&#xD;
Test&#xD;
Test&#xD;
Test&#xD;
Player Test1 won trick with Eight of Hearts&#xD;
Test&#xD;
Test&#xD;
Test&#xD;
Test&#xD;
Player Test1 won trick with Three of Hearts&#xD;
Test&#xD;
Player Test2 won trick with Ace of Clubs&#xD;
Test&#xD;
Test&#xD;
Test&#xD;
Test&#xD;
Player Test1 won trick with Jack of Spades&#xD;
Test&#xD;
Test&#xD;
Test&#xD;
Player Test1 won trick with Five of Clubs&#xD;
Test&#xD;
Test&#xD;
Test&#xD;
Player Test1 won trick with Ten of Clubs&#xD;
Test&#xD;
Test&#xD;
Test&#xD;
Player Test1 won trick with King of Hearts&#xD;
Test&#xD;
Test&#xD;
Test&#xD;
Player Test1 won trick with Eight of Spades&#xD;
Test&#xD;
Player Test2 won trick with King of Hearts&#xD;
Test&#xD;
Test&#xD;
Player Test2 won trick with Nine of Clubs&#xD;
Test&#xD;
Test&#xD;
Player Test3 won trick with Ace of Clubs&#xD;
Test&#xD;
Test&#xD;
Player Test2 won trick with Ace of Diamonds&#xD;
Test&#xD;
Test&#xD;
Player Test1 won trick with Six of Diamonds&#xD;
Test&#xD;
Test&#xD;
Test&#xD;
Player Test1 won trick with Five of Spades&#xD;
Test&#xD;
Test&#xD;
Test&#xD;
Player Test1 won trick with Ten of Clubs&#xD;
Test&#xD;
Test&#xD;
Player Test3 won trick with Six of Clubs&#xD;
Test&#xD;
Test&#xD;
Test&#xD;
Player Test1 won trick with Jack of Diamonds&#xD;
Test&#xD;
Test&#xD;
Player Test4 won trick with Queen of Diamonds&#xD;
Test&#xD;
Test&#xD;
Player Test2 won trick with Queen of Spades&#xD;
Test&#xD;
Test&#xD;
Test&#xD;
Player Test1 won trick with Five of Spades&#xD;
Test&#xD;
Test&#xD;
Player Test3 won trick with Jack of Diamonds&#xD;
Test&#xD;
Test&#xD;
Player Test2 won trick with Eight of Clubs&#xD;
Test&#xD;
Player Test1 won trick with King of Spades&#xD;
Test&#xD;
Test&#xD;
Player Test3 won trick with Queen of Spades&#xD;
Test&#xD;
Test&#xD;
Test&#xD;
Test&#xD;
Player Test1 won trick with Jack of Hearts&#xD;
Test&#xD;
Player Test1 won trick with Eight of Spades&#xD;
Test&#xD;
Test&#xD;
Test&#xD;
Player Test1 won trick with Seven of Clubs&#xD;
Test&#xD;
Test&#xD;
Player Test4 won trick with Queen of Clubs&#xD;
Test&#xD;
Test&#xD;
Test&#xD;
Player Test4 won trick with Eight of Hearts&#xD;
Test&#xD;
Test&#xD;
Test&#xD;
Test&#xD;
Player Test1 won trick with Seven of Hearts&#xD;
Test&#xD;
Test&#xD;
Player Test1 won trick with Five of Diamonds&#xD;
Test&#xD;
Test&#xD;
Test&#xD;
Player Test3 won trick with Ten of Hearts&#xD;
Test&#xD;
Test&#xD;
Test&#xD;
Test&#xD;
Player Test1 won trick with Three of Hearts&#xD;
Test&#xD;
Test&#xD;
Test&#xD;
Test&#xD;
Player Test1 won trick with Five of Hearts&#xD;
Test&#xD;
Test&#xD;
Player Test1 won trick with Ace of Diamonds&#xD;
Test&#xD;
Test&#xD;
Player Test3 won trick with Eight of Diamonds&#xD;
Test&#xD;
Player Test2 won trick with Jack of Spades&#xD;
Test&#xD;
Test&#xD;
Player Test1 won trick with Nine of Clubs&#xD;
Test&#xD;
Test&#xD;
Player Test4 won trick with Ace of Diamonds&#xD;
Test&#xD;
Test&#xD;
Player Test3 won trick with King of Diamonds&#xD;
Test&#xD;
Test&#xD;
Test&#xD;
Player Test1 won trick with Four of Diamonds&#xD;
Test&#xD;
Test&#xD;
Player Test1 won trick with Four of Clubs&#xD;
Test&#xD;
Test&#xD;
Test&#xD;
Player Test1 won trick with Ten of Hearts&#xD;
Test&#xD;
Test&#xD;
Test&#xD;
Test&#xD;
Player Test1 won trick with Seven of Hearts&#xD;
Test&#xD;
Test&#xD;
Test&#xD;
Player Test1 won trick with Seven of Diamonds&#xD;
Test&#xD;
Test&#xD;
Test&#xD;
Player Test1 won trick with Four of Diamonds&#xD;
Test&#xD;
Test&#xD;
Player Test1 won trick with Ace of Hearts&#xD;
Test&#xD;
Player Test1 won trick with King of Diamonds&#xD;
Test&#xD;
Test&#xD;
Player Test1 won trick with Ace of Spades&#xD;
Test&#xD;
Player Test1 won trick with Ten of Diamonds&#xD;
Test&#xD;
Test&#xD;
Player Test2 won trick with Nine of Spades&#xD;
Test&#xD;
Test&#xD;
Player Test1 won trick with Ace of Diamonds&#xD;
Test&#xD;
Test&#xD;
Player Test1 won trick with Four of Spades&#xD;
Test&#xD;
Test&#xD;
Player Test2 won trick with Jack of Hearts&#xD;
Test&#xD;
Player Test4 won trick with Five of Clubs&#xD;
Test&#xD;
Test&#xD;
Test&#xD;
Test&#xD;
Player Test1 won trick with Three of Hearts&#xD;
Test&#xD;
Test&#xD;
Player Test2 won trick with King of Clubs&#xD;
Test&#xD;
Test&#xD;
Test&#xD;
Player Test1 won trick with Four of Diamonds&#xD;
Test&#xD;
Test&#xD;
Test&#xD;
Test&#xD;
Player Test1 won trick with Seven of Hearts&#xD;
Test&#xD;
Test&#xD;
Player Test2 won trick with King of Hearts&#xD;
Test&#xD;
Test&#xD;
Test&#xD;
Test&#xD;
Player Test1 won trick with King of Hearts&#xD;
Test&#xD;
Test&#xD;
Test&#xD;
Player Test1 won trick with Three of Spades&#xD;
Test&#xD;
Test&#xD;
Player Test4 won trick with Ace of Hearts&#xD;
Test&#xD;
Test&#xD;
Player Test1 won trick with Seven of Diamonds&#xD;
Test&#xD;
Test&#xD;
Test&#xD;
Test&#xD;
Player Test1 won trick with Seven of Hearts&#xD;
Test&#xD;
Test&#xD;
Test&#xD;
Player Test1 won trick with Nine of Spades&#xD;
Test&#xD;
Test&#xD;
Test&#xD;
Test&#xD;
Player Test1 won trick with Jack of Hearts&#xD;
Test&#xD;
Player Test2 won trick with Ace of Diamonds&#xD;
Test&#xD;
Test&#xD;
Test&#xD;
Player Test1 won trick with King of Diamonds&#xD;
Test&#xD;
Test&#xD;
Test&#xD;
Player Test1 won trick with Ten of Diamonds&#xD;
Test&#xD;
Test&#xD;
Test&#xD;
Test&#xD;
Player Test1 won trick with Three of Hearts&#xD;
Test&#xD;
Test&#xD;
Test&#xD;
Player Test1 won trick with King of Clubs&#xD;
Test&#xD;
Player Test1 won trick with Ten of Spades&#xD;
Test&#xD;
Test&#xD;
Test&#xD;
Player Test1 won trick with Ten of Spades&#xD;
Test&#xD;
Test&#xD;
Test&#xD;
Player Test4 won trick with King of Clubs&#xD;
Test&#xD;
Test&#xD;
Test&#xD;
Player Test1 won trick with Queen of Diamonds&#xD;
Test&#xD;
Test&#xD;
Test&#xD;
Player Test1 won trick with Jack of Clubs&#xD;
Test&#xD;
Test&#xD;
Test&#xD;
Player Test1 won trick with Five of Hearts&#xD;
Test&#xD;
Test&#xD;
Player Test1 won trick with Eight of Diamonds&#xD;
Test&#xD;
Test&#xD;
Test&#xD;
Player Test1 won trick with Eight of Spades&#xD;
Test&#xD;
Player Test4 won trick with Eight of Diamonds&#xD;
Test&#xD;
Test&#xD;
Test&#xD;
Player Test1 won trick with Three of Clubs&#xD;
Test&#xD;
Player Test3 won trick with King of Diamonds&#xD;
Test&#xD;
Test&#xD;
Test&#xD;
Player Test1 won trick with Two of Spades&#xD;
Test&#xD;
Test&#xD;
Test&#xD;
Player Test3 won trick with Jack of Hearts&#xD;
Test&#xD;
Test&#xD;
Player Test1 won trick with Jack of Spades&#xD;
Test&#xD;
Test&#xD;
Test&#xD;
Test&#xD;
Player Test1 won trick with Three of Hearts&#xD;
Test&#xD;
Test&#xD;
Player Test4 won trick with Ace of Diamonds&#xD;
Test&#xD;
Test&#xD;
Test&#xD;
Player Test1 won trick with Three of Diamonds&#xD;
Test&#xD;
Test&#xD;
Test&#xD;
Test&#xD;
Player Test1 won trick with Eight of Hearts&#xD;
Test&#xD;
Test&#xD;
Test&#xD;
Player Test1 won trick with Jack of Diamonds&#xD;
Test&#xD;
Test&#xD;
Test&#xD;
Player Test1 won trick with Nine of Diamonds&#xD;
Test&#xD;
Test&#xD;
Test&#xD;
Player Test1 won trick with Two of Clubs&#xD;
Test&#xD;
Test&#xD;
Player Test2 won trick with Eight of Spades&#xD;
Test&#xD;
Test&#xD;
Test&#xD;
Test&#xD;
Player Test1 won trick with Five of Clubs&#xD;
Test&#xD;
Test&#xD;
Test&#xD;
Player Test1 won trick with Ace of Diamonds&#xD;
Test&#xD;
Test&#xD;
Test&#xD;
Player Test1 won trick with Five of Clubs&#xD;
Test&#xD;
Test&#xD;
Test&#xD;
Player Test1 won trick with Three of Spades&#xD;
Test&#xD;
Test&#xD;
Test&#xD;
Test&#xD;
Player Test1 won trick with Six of Hearts&#xD;
Test&#xD;
Test&#xD;
Player Test1 won trick with Ten of Clubs&#xD;
Test&#xD;
Player Test2 won trick with Ten of Clubs&#xD;
Test&#xD;
Test&#xD;
Test&#xD;
Test&#xD;
Player Test1 won trick with Ace of Diamonds&#xD;
Test&#xD;
Player Test1 won trick with Seven of Spades&#xD;
Test&#xD;
Test&#xD;
Test&#xD;
Player Test2 won trick with Seven of Hearts&#xD;
Test&#xD;
Test&#xD;
Player Test1 won trick with Ace of Diamonds&#xD;
Test&#xD;
Test&#xD;
Player Test3 won trick with King of Spades&#xD;
Test&#xD;
Test&#xD;
Test&#xD;
Player Test1 won trick with Ten of Diamonds&#xD;
Test&#xD;
Test&#xD;
Test&#xD;
Test&#xD;
Player Test1 won trick with Two of Hearts&#xD;
Test&#xD;
Test&#xD;
Test&#xD;
Test&#xD;
Player Test1 won trick with Seven of Diamonds&#xD;
Test&#xD;
Test&#xD;
Player Test4 won trick with King of Diamonds&#xD;
Test&#xD;
Test&#xD;
Player Test1 won trick with Ace of Clubs&#xD;
Test&#xD;
Player Test1 won trick with Jack of Clubs&#xD;
Test&#xD;
Player Test3 won trick with Ace of Diamonds&#xD;
Test&#xD;
Test&#xD;
Test&#xD;
Player Test1 won trick with Seven of Spades&#xD;
Test&#xD;
Test&#xD;
Player Test3 won trick with Nine of Hearts&#xD;
Test&#xD;
Test&#xD;
Test&#xD;
Player Test1 won trick with Eight of Hearts&#xD;
Test&#xD;
Player Test2 won trick with Ace of Diamonds&#xD;
Test&#xD;
Test&#xD;
Test&#xD;
Test&#xD;
Player Test1 won trick with Seven of Hearts&#xD;
Test&#xD;
Test&#xD;
Test&#xD;
Player Test1 won trick with Eight of Hearts&#xD;
Test&#xD;
Test&#xD;
Test&#xD;
Test&#xD;
Player Test1 won trick with Ten of Hearts&#xD;
Test&#xD;
Test&#xD;
Test&#xD;
Player Test1 won trick with Ace of Diamonds&#xD;
Test&#xD;
Test&#xD;
Test&#xD;
Player Test1 won trick with Two of Spades&#xD;
Test&#xD;
Test&#xD;
Test&#xD;
Player Test1 won trick with Six of Clubs&#xD;
Test&#xD;
Player Test4 won trick with Ace of Spades&#xD;
Test&#xD;
Test&#xD;
Test&#xD;
Player Test1 won trick with Six of Clubs&#xD;
Test&#xD;
Test&#xD;
Test&#xD;
Player Test1 won trick with Four of Clubs&#xD;
Test&#xD;
Test&#xD;
Player Test1 won trick with Ace of Clubs&#xD;
Test&#xD;
Test&#xD;
Player Test1 won trick with Ace of Diamonds&#xD;
Test&#xD;
Test&#xD;
Test&#xD;
Player Test1 won trick with Three of Spades&#xD;
Test&#xD;
Test&#xD;
Test&#xD;
Player Test1 won trick with Six of Diamonds&#xD;
Test&#xD;
Test&#xD;
Test&#xD;
Player Test4 won trick with Ten of Hearts&#xD;
Test&#xD;
Test&#xD;
Test&#xD;
Player Test1 won trick with King of Hearts&#xD;
Test&#xD;
Test&#xD;
Player Test3 won trick with Ace of Spades&#xD;
Test&#xD;
Test&#xD;
Player Test1 won trick with King of Clubs&#xD;
Test&#xD;
Player Test3 won trick with Ace of Diamonds&#xD;
Test&#xD;
Test&#xD;
Test&#xD;
Player Test1 won trick with King of Clubs&#xD;
Test&#xD;
Test&#xD;
Player Test1 won trick with Ace of Diamonds&#xD;
Test&#xD;
Test&#xD;
Player Test1 won trick with Queen of Spades&#xD;
Test&#xD;
Player Test1 won trick with Ace of Clubs&#xD;
Test&#xD;
Test&#xD;
Player Test4 won trick with Three of Spades&#xD;
Test&#xD;
Test&#xD;
Test&#xD;
Player Test1 won trick with Five of Spades&#xD;
Test&#xD;
Test&#xD;
Player Test4 won trick with Ace of Spades&#xD;
Test&#xD;
Player Test1 won trick with Jack of Diamonds&#xD;
Test&#xD;
Test&#xD;
Test&#xD;
Test&#xD;
Player Test1 won trick with Four of Diamonds&#xD;
Test&#xD;
Player Test3 won trick with Ten of Spades&#xD;
Test&#xD;
Test&#xD;
Test&#xD;
Player Test1 won trick with Ace of Diamonds&#xD;
Player Test4 won trick with Jack of Spades&#xD;
Test&#xD;
Test&#xD;
Test&#xD;
Player Test1 won trick with Four of Diamonds&#xD;
Test&#xD;
Test&#xD;
Test&#xD;
Player Test1 won trick with Five of Spades&#xD;
Test&#xD;
Player Test3 won trick with Nine of Spades&#xD;
Test&#xD;
Test&#xD;
Test&#xD;
Player Test1 won trick with Ten of Diamonds&#xD;
Test&#xD;
Test&#xD;
Test&#xD;
Test&#xD;
Player Test1 won trick with Three of Diamonds&#xD;
Test&#xD;
Test&#xD;
Test&#xD;
Test&#xD;
Player Test1 won trick with King of Hearts&#xD;
Test&#xD;
Test&#xD;
Test&#xD;
Player Test1 won trick with Ace of Diamonds&#xD;
Test&#xD;
Test&#xD;
Test&#xD;
Player Test1 won trick with King of Spades&#xD;
Test&#xD;
Player Test1 won trick with King of Clubs&#xD;
Test&#xD;
Test&#xD;
Test&#xD;
Player Test2 won trick with Six of Hearts&#xD;
Test&#xD;
Test&#xD;
Test&#xD;
Player Test1 won trick with Three of Clubs&#xD;
Test&#xD;
Test&#xD;
Test&#xD;
Test&#xD;
Player Test1 won trick with Eight of Hearts&#xD;
Test&#xD;
Player Test2 won trick with Queen of Spades&#xD;
Test&#xD;
Test&#xD;
Player Test3 won trick with Queen of Hearts&#xD;
Test&#xD;
Test&#xD;
Player Test2 won trick with Three of Diamonds&#xD;
Test&#xD;
Test&#xD;
Player Test1 won trick with King of Clubs&#xD;
Test&#xD;
Test&#xD;
Test&#xD;
Player Test1 won trick with Eight of Spades&#xD;
Test&#xD;
Test&#xD;
Test&#xD;
Test&#xD;
Player Test1 won trick with Jack of Hearts&#xD;
Test&#xD;
Test&#xD;
Player Test3 won trick with Five of Diamonds&#xD;
Test&#xD;
Test&#xD;
Test&#xD;
Player Test1 won trick with Six of Diamonds&#xD;
Test&#xD;
Test&#xD;
Test&#xD;
Player Test1 won trick with Ten of Spades&#xD;
Test&#xD;
Test&#xD;
Test&#xD;
Player Test2 won trick with King of Diamonds&#xD;
Test&#xD;
Test&#xD;
Player Test1 won trick with Ten of Clubs&#xD;
Test&#xD;
Test&#xD;
Test&#xD;
Player Test1 won trick with Jack of Hearts&#xD;
Test&#xD;
Test&#xD;
Test&#xD;
Player Test1 won trick with King of Spades&#xD;
Test&#xD;
Test&#xD;
Player Test1 won trick with Seven of Diamonds&#xD;
Test&#xD;
Test&#xD;
Player Test3 won trick with Six of Diamonds&#xD;
Test&#xD;
Test&#xD;
Test&#xD;
Player Test1 won trick with King of Hearts&#xD;
Test&#xD;
Test&#xD;
Test&#xD;
Player Test1 won trick with Ten of Diamonds&#xD;
Test&#xD;
Test&#xD;
Player Test1 won trick with King of Clubs&#xD;
Test&#xD;
Test&#xD;
Test&#xD;
Player Test2 won trick with Five of Hearts&#xD;
Test&#xD;
Test&#xD;
Player Test1 won trick with Jack of Spades&#xD;
Test&#xD;
Test&#xD;
Player Test4 won trick with Ace of Spades&#xD;
Test&#xD;
Test&#xD;
Test&#xD;
Player Test1 won trick with Six of Hearts&#xD;
Test&#xD;
Test&#xD;
Test&#xD;
Player Test4 won trick with King of Hearts&#xD;
Test&#xD;
Test&#xD;
Test&#xD;
Player Test1 won trick with Queen of Diamonds&#xD;
Test&#xD;
Test&#xD;
Test&#xD;
Player Test1 won trick with Four of Spades&#xD;
Test&#xD;
Test&#xD;
Test&#xD;
Test&#xD;
Player Test1 won trick with Jack of Hearts&#xD;
Test&#xD;
Test&#xD;
Player Test1 won trick with Ace of Spades&#xD;
Test&#xD;
Test&#xD;
Test&#xD;
Test&#xD;
Player Test1 won trick with Eight of Hearts&#xD;
Test&#xD;
Test&#xD;
Test&#xD;
Test&#xD;
Player Test1 won trick with Nine of Hearts&#xD;
Test&#xD;
Test&#xD;
Test&#xD;
Player Test3 won trick with King of Hearts&#xD;
Test&#xD;
Test&#xD;
Player Test1 won trick with Six of Diamonds&#xD;
Player Test4 won trick with Jack of Diamonds&#xD;
Test&#xD;
Test&#xD;
Test&#xD;
Player Test1 won trick with Three of Spades&#xD;
Test&#xD;
Test&#xD;
Player Test1 won trick with King of Spades&#xD;
Test&#xD;
Test&#xD;
Test&#xD;
Player Test1 won trick with Nine of Clubs&#xD;
Test&#xD;
Test&#xD;
Test&#xD;
Player Test3 won trick with Ace of Hearts&#xD;
Test&#xD;
Test&#xD;
Test&#xD;
Test&#xD;
Player Test1 won trick with Six of Hearts&#xD;
Test&#xD;
Test&#xD;
Player Test4 won trick with Ten of Clubs&#xD;
Test&#xD;
Test&#xD;
Player Test2 won trick with Jack of Spades&#xD;
Test&#xD;
Test&#xD;
Test&#xD;
Player Test1 won trick with Queen of Hearts&#xD;
Test&#xD;
Test&#xD;
Test&#xD;
Player Test1 won trick with Six of Diamonds&#xD;
Test&#xD;
Test&#xD;
Test&#xD;
Player Test1 won trick with Seven of Clubs&#xD;
Test&#xD;
Test&#xD;
Test&#xD;
Player Test1 won trick with Seven of Clubs&#xD;
Test&#xD;
Test&#xD;
Test&#xD;
Player Test3 won trick with Seven of Hearts&#xD;
Test&#xD;
Test&#xD;
Player Test1 won trick with Ace of Clubs&#xD;
Test&#xD;
Test&#xD;
Test&#xD;
Player Test1 won trick with Queen of Clubs&#xD;
Test&#xD;
Test&#xD;
Player Test3 won trick with Eight of Diamonds&#xD;
Test&#xD;
Test&#xD;
Player Test1 won trick with Jack of Spades&#xD;
Test&#xD;
Test&#xD;
Test&#xD;
Player Test1 won trick with Four of Clubs&#xD;
Test&#xD;
Test&#xD;
Player Test1 won trick with King of Clubs&#xD;
Test&#xD;
Test&#xD;
Test&#xD;
Test&#xD;
Player Test1 won trick with Seven of Hearts&#xD;
Test&#xD;
Test&#xD;
Test&#xD;
Player Test1 won trick with Queen of Spades&#xD;
Test&#xD;
Test&#xD;
Test&#xD;
Player Test1 won trick with Seven of Clubs&#xD;
Test&#xD;
Test&#xD;
Player Test3 won trick with Ace of Hearts&#xD;
Test&#xD;
Test&#xD;
Test&#xD;
Test&#xD;
Player Test1 won trick with Four of Hearts&#xD;
Test&#xD;
Test&#xD;
Test&#xD;
Test&#xD;
Player Test1 won trick with Jack of Hearts&#xD;
Test&#xD;
Test&#xD;
Test&#xD;
Player Test1 won trick with Eight of Spades&#xD;
Test&#xD;
Test&#xD;
Player Test4 won trick with Queen of Hearts&#xD;
Test&#xD;
Test&#xD;
Test&#xD;
Player Test1 won trick with Queen of Clubs&#xD;
Test&#xD;
Test&#xD;
Test&#xD;
Player Test1 won trick with Two of Diamonds&#xD;
Test&#xD;
Test&#xD;
Player Test2 won trick with Ten of Clubs&#xD;
Test&#xD;
Player Test4 won trick with Ace of Spades&#xD;
Test&#xD;
Player Test3 won trick with Nine of Spades&#xD;
Test&#xD;
Test&#xD;
Player Test1 won trick with Jack of Diamonds&#xD;
Test&#xD;
Test&#xD;
Test&#xD;
Test&#xD;
Player Test1 won trick with Nine of Hearts&#xD;
Test&#xD;
Test&#xD;
Player Test1 won trick with King of Spades&#xD;
Test&#xD;
Test&#xD;
Test&#xD;
Test&#xD;
Player Test1 won trick with Eight of Hearts&#xD;
Test&#xD;
Test&#xD;
Test&#xD;
Player Test1 won trick with Three of Clubs&#xD;
Test&#xD;
Test&#xD;
Test&#xD;
Player Test1 won trick with Eight of Clubs&#xD;
Test&#xD;
Test&#xD;
Test&#xD;
Player Test1 won trick with Ace of Clubs&#xD;
Test&#xD;
Test&#xD;
Test&#xD;
Player Test1 won trick with Five of Spades&#xD;
Test&#xD;
Test&#xD;
Player Test4 won trick with Ace of Diamonds&#xD;
Test&#xD;
Test&#xD;
Test&#xD;
Player Test1 won trick with King of Hearts&#xD;
Test&#xD;
Player Test3 won trick with King of Clubs&#xD;
Test&#xD;
Player Test3 won trick with Nine of Spades&#xD;
Test&#xD;
Test&#xD;
Test&#xD;
Test&#xD;
Player Test1 won trick with Six of Hearts&#xD;
Test&#xD;
Test&#xD;
Player Test1 won trick with Queen of Clubs&#xD;
Test&#xD;
Test&#xD;
Test&#xD;
Test&#xD;
Player Test1 won trick with Jack of Hearts&#xD;
Test&#xD;
Test&#xD;
Player Test2 won trick with Ace of Diamonds&#xD;
Test&#xD;
Test&#xD;
Test&#xD;
Player Test1 won trick with Five of Diamonds&#xD;
Test&#xD;
Test&#xD;
Player Test1 won trick with Four of Diamonds&#xD;
Test&#xD;
Player Test1 won trick with King of Spades&#xD;
Test&#xD;
Player Test3 won trick with King of Diamonds&#xD;
Test&#xD;
Test&#xD;
Test&#xD;
Test&#xD;
Player Test1 won trick with Six of Clubs&#xD;
Test&#xD;
Test&#xD;
Test&#xD;
Player Test1 won trick with Jack of Spades&#xD;
Test&#xD;
Test&#xD;
Player Test2 won trick with Ten of Spades&#xD;
Test&#xD;
Test&#xD;
Test&#xD;
Player Test1 won trick with Three of Diamonds&#xD;
Test&#xD;
Test&#xD;
Player Test4 won trick with Three of Clubs&#xD;
Test&#xD;
Test&#xD;
Player Test1 won trick with Jack of Clubs&#xD;
Test&#xD;
Test&#xD;
Player Test1 won trick with Jack of Diamonds&#xD;
Test&#xD;
Test&#xD;
Test&#xD;
Player Test1 won trick with Jack of Spades&#xD;
Test&#xD;
Test&#xD;
Test&#xD;
Player Test1 won trick with Three of Diamonds&#xD;
Test&#xD;
Test&#xD;
Test&#xD;
Player Test1 won trick with Four of Clubs&#xD;
Test&#xD;
Player Test2 won trick with King of Clubs&#xD;
Test&#xD;
Test&#xD;
Test&#xD;
Player Test1 won trick with Queen of Clubs&#xD;
Test&#xD;
Player Test2 won trick with Ace of Diamonds&#xD;
Test&#xD;
Test&#xD;
Test&#xD;
Test&#xD;
Player Test1 won trick with Four of Hearts&#xD;
Test&#xD;
Test&#xD;
Test&#xD;
Test&#xD;
Player Test1 won trick with Ten of Hearts&#xD;
Test&#xD;
Test&#xD;
Test&#xD;
Player Test1 won trick with Jack of Hearts&#xD;
Test&#xD;
Test&#xD;
Test&#xD;
Player Test1 won trick with King of Hearts&#xD;
Test&#xD;
Player Test3 won trick with Seven of Diamonds&#xD;
Test&#xD;
Test&#xD;
Player Test4 won trick with Ace of Spades&#xD;
Test&#xD;
Test&#xD;
Player Test1 won trick with Ace of Clubs&#xD;
Test&#xD;
Player Test4 won trick with Ten of Diamonds&#xD;
Test&#xD;
Test&#xD;
Test&#xD;
Test&#xD;
Player Test1 won trick with Seven of Hearts&#xD;
Test&#xD;
Test&#xD;
Test&#xD;
Test&#xD;
Player Test1 won trick with Three of Hearts&#xD;
Test&#xD;
Test&#xD;
Test&#xD;
Player Test1 won trick with Eight of Spades&#xD;
Test&#xD;
Test&#xD;
Test&#xD;
Player Test1 won trick with Ten of Hearts&#xD;
Test&#xD;
Player Test3 won trick with Ace of Diamonds&#xD;
Test&#xD;
Test&#xD;
Player Test2 won trick with Ten of Diamonds&#xD;
Test&#xD;
Test&#xD;
Player Test1 won trick with Jack of Spades&#xD;
Test&#xD;
Test&#xD;
Test&#xD;
Player Test1 won trick with King of Diamonds&#xD;
Test&#xD;
Test&#xD;
Test&#xD;
Player Test1 won trick with Queen of Diamonds&#xD;
Test&#xD;
Test&#xD;
Test&#xD;
Player Test1 won trick with Six of Spades&#xD;
Test&#xD;
Test&#xD;
Test&#xD;
Player Test1 won trick with Six of Clubs&#xD;
Test&#xD;
Test&#xD;
Player Test2 won trick with Seven of Hearts&#xD;
Test&#xD;
Test&#xD;
Player Test1 won trick with Five of Diamonds&#xD;
Test&#xD;
Test&#xD;
Player Test3 won trick with King of Spades&#xD;
Test&#xD;
Test&#xD;
Player Test1 won trick with Three of Diamonds&#xD;
Test&#xD;
Test&#xD;
Player Test2 won trick with Jack of Clubs&#xD;
Test&#xD;
Test&#xD;
Player Test1 won trick with Ten of Diamonds&#xD;
Test&#xD;
Test&#xD;
Test&#xD;
Player Test1 won trick with Four of Spades&#xD;
Test&#xD;
Test&#xD;
Test&#xD;
Player Test4 won trick with Queen of Hearts&#xD;
Test&#xD;
Player Test2 won trick with King of Clubs&#xD;
Test&#xD;
Test&#xD;
Player Test2 won trick with Queen of Spades&#xD;
Test&#xD;
Test&#xD;
Player Test1 won trick with Queen of Hearts&#xD;
Test&#xD;
Test&#xD;
Player Test2 won trick with Queen of Hearts&#xD;
Test&#xD;
Test&#xD;
Test&#xD;
Player Test1 won trick with Queen of Spades&#xD;
Test&#xD;
Test&#xD;
Test&#xD;
Player Test1 won trick with Ten of Spades&#xD;
Test&#xD;
Test&#xD;
Test&#xD;
Player Test1 won trick with Five of Diamonds&#xD;
Test&#xD;
Player Test1 won trick with Ace of Clubs&#xD;
Test&#xD;
Player Test2 won trick with King of Diamonds&#xD;
Test&#xD;
Player Test3 won trick with Queen of Diamonds&#xD;
Test&#xD;
Test&#xD;
Test&#xD;
Player Test2 won trick with Six of Hearts&#xD;
Test&#xD;
Test&#xD;
Player Test1 won trick with Jack of Hearts&#xD;
Test&#xD;
Test&#xD;
Test&#xD;
Player Test1 won trick with King of Clubs&#xD;
Test&#xD;
Test&#xD;
Player Test2 won trick with King of Diamonds&#xD;
Test&#xD;
Test&#xD;
Test&#xD;
Player Test1 won trick with Five of Clubs&#xD;
Test&#xD;
Player Test1 won trick with King of Spades&#xD;
Test&#xD;
Test&#xD;
Test&#xD;
Player Test1 won trick with Six of Spades&#xD;
Test&#xD;
Test&#xD;
Player Test1 won trick with Queen of Spades&#xD;
Test&#xD;
Test&#xD;
Test&#xD;
Test&#xD;
Player Test1 won trick with Ten of Diamonds&#xD;
Test&#xD;
Player Test1 won trick with King of Diamonds&#xD;
Test&#xD;
Test&#xD;
Test&#xD;
Player Test1 won trick with Three of Diamonds&#xD;
Test&#xD;
Test&#xD;
Test&#xD;
Player Test1 won trick with Four of Diamonds&#xD;
Test&#xD;
Test&#xD;
Test&#xD;
Player Test1 won trick with Four of Diamonds&#xD;
Test&#xD;
Test&#xD;
Test&#xD;
Player Test1 won trick with Three of Diamonds&#xD;
Test&#xD;
Test&#xD;
Test&#xD;
Test&#xD;
Player Test1 won trick with Two of Hearts&#xD;
Test&#xD;
Test&#xD;
Player Test1 won trick with Queen of Clubs&#xD;
Test&#xD;
Test&#xD;
Player Test1 won trick with Ace of Diamonds&#xD;
Test&#xD;
Test&#xD;
Player Test1 won trick with Ten of Spades&#xD;
Test&#xD;
Test&#xD;
Test&#xD;
Player Test4 won trick with Eight of Hearts&#xD;
Test&#xD;
Test&#xD;
Test&#xD;
Player Test1 won trick with Four of Clubs&#xD;
Test&#xD;
Test&#xD;
Test&#xD;
Player Test1 won trick with Nine of Hearts&#xD;
Test&#xD;
Test&#xD;
Test&#xD;
Player Test1 won trick with Eight of Spades&#xD;
Test&#xD;
Test&#xD;
Player Test4 won trick with Ace of Diamonds&#xD;
Test&#xD;
Test&#xD;
Test&#xD;
Test&#xD;
Player Test1 won trick with Three of Hearts&#xD;
Test&#xD;
Test&#xD;
Player Test1 won trick with King of Diamonds&#xD;
Test&#xD;
Test&#xD;
Test&#xD;
Player Test1 won trick with Seven of Clubs&#xD;
Test&#xD;
Test&#xD;
Test&#xD;
Player Test1 won trick with Jack of Spades&#xD;
Test&#xD;
Test&#xD;
Test&#xD;
Player Test1 won trick with Nine of Spades&#xD;
Test&#xD;
Test&#xD;
Test&#xD;
Player Test1 won trick with Ten of Hearts&#xD;
Test&#xD;
Test&#xD;
Player Test4 won trick with Queen of Clubs&#xD;
Test&#xD;
Test&#xD;
Player Test3 won trick with Jack of Hearts&#xD;
Test&#xD;
Test&#xD;
Player Test1 won trick with Ace of Clubs&#xD;
Test&#xD;
Test&#xD;
Test&#xD;
Test&#xD;
Player Test1 won trick with King of Hearts&#xD;
Test&#xD;
Test&#xD;
Test&#xD;
Player Test1 won trick with King of Diamonds&#xD;
Test&#xD;
Test&#xD;
Test&#xD;
Player Test1 won trick with Three of Spades&#xD;
Test&#xD;
Test&#xD;
Test&#xD;
Player Test1 won trick with Eight of Diamonds&#xD;
Test&#xD;
Test&#xD;
Test&#xD;
Player Test1 won trick with Queen of Clubs&#xD;
Test&#xD;
Test&#xD;
Test&#xD;
Player Test3 won trick with Seven of Hearts&#xD;
Test&#xD;
Test&#xD;
Player Test1 won trick with Five of Clubs&#xD;
Test&#xD;
Test&#xD;
Player Test1 won trick with Five of Spades&#xD;
Test&#xD;
Test&#xD;
Test&#xD;
Test&#xD;
Player Test1 won trick with King of Spades&#xD;
Test&#xD;
Test&#xD;
Test&#xD;
Player Test1 won trick with Five of Clubs&#xD;
Test&#xD;
Player Test1 won trick with Jack of Clubs&#xD;
Test&#xD;
Test&#xD;
Player Test1 won trick with Eight of Clubs&#xD;
Test&#xD;
Test&#xD;
Test&#xD;
Player Test3 won trick with King of Hearts&#xD;
Test&#xD;
Player Test2 won trick with Ace of Spades&#xD;
Test&#xD;
Test&#xD;
Test&#xD;
Player Test1 won trick with Seven of Clubs&#xD;
Test&#xD;
Test&#xD;
Test&#xD;
Player Test1 won trick with Five of Clubs&#xD;
Test&#xD;
Test&#xD;
Test&#xD;
Player Test1 won trick with Eight of Spades&#xD;
Test&#xD;
Test&#xD;
Test&#xD;
Test&#xD;
Player Test1 won trick with Ace of Hearts&#xD;
Test&#xD;
Player Test1 won trick with Seven of Spades&#xD;
Test&#xD;
Test&#xD;
Player Test1 won trick with Five of Spades&#xD;
Test&#xD;
Test&#xD;
Player Test3 won trick with Queen of Spades&#xD;
Test&#xD;
Player Test1 won trick with Ace of Diamonds&#xD;
Test&#xD;
Test&#xD;
Test&#xD;
Player Test1 won trick with Ace of Hearts&#xD;
Test&#xD;
Test&#xD;
Test&#xD;
Test&#xD;
Player Test1 won trick with Nine of Hearts&#xD;
Test&#xD;
Test&#xD;
Test&#xD;
Player Test1 won trick with Ace of Diamonds&#xD;
Test&#xD;
Test&#xD;
Test&#xD;
Player Test1 won trick with Queen of Spades&#xD;
Test&#xD;
Test&#xD;
Test&#xD;
Player Test1 won trick with Three of Clubs&#xD;
Test&#xD;
Test&#xD;
Test&#xD;
Test&#xD;
Player Test1 won trick with Queen of Hearts&#xD;
Test&#xD;
Test&#xD;
Test&#xD;
Player Test1 won trick with Five of Spades&#xD;
Test&#xD;
Test&#xD;
Test&#xD;
Player Test1 won trick with Two of Spades&#xD;
Test&#xD;
Test&#xD;
Test&#xD;
Player Test1 won trick with Jack of Clubs&#xD;
Test&#xD;
Test&#xD;
Player Test1 won trick with Nine of Spades&#xD;
Test&#xD;
Test&#xD;
Player Test1 won trick with King of Spades&#xD;
Test&#xD;
Test&#xD;
Test&#xD;
Player Test2 won trick with Queen of Spades&#xD;
Test&#xD;
Test&#xD;
Player Test3 won trick with Queen of Hearts&#xD;
Test&#xD;
Test&#xD;
Player Test1 won trick with Nine of Clubs&#xD;
Player Test3 won trick with Five of Diamonds&#xD;
Test&#xD;
Player Test1 won trick with Queen of Diamonds&#xD;
Test&#xD;
Test&#xD;
Test&#xD;
Player Test4 won trick with Queen of Hearts&#xD;
Test&#xD;
Test&#xD;
Player Test1 won trick with Six of Diamonds&#xD;
Test&#xD;
Test&#xD;
Test&#xD;
Player Test1 won trick with King of Diamonds&#xD;
Test&#xD;
Test&#xD;
Test&#xD;
Player Test1 won trick with King of Spades&#xD;
Test&#xD;
Test&#xD;
Player Test1 won trick with Ace of Diamonds&#xD;
Test&#xD;
Test&#xD;
Test&#xD;
Test&#xD;
Player Test1 won trick with Four of Hearts&#xD;
Test&#xD;
Test&#xD;
Test&#xD;
Test&#xD;
Player Test1 won trick with Ace of Hearts&#xD;
Test&#xD;
Test&#xD;
Test&#xD;
Player Test1 won trick with Queen of Hearts&#xD;
Test&#xD;
Test&#xD;
Test&#xD;
Test&#xD;
Player Test1 won trick with Nine of Diamonds&#xD;
Test&#xD;
Player Test4 won trick with Ace of Spades&#xD;
Test&#xD;
Test&#xD;
Player Test3 won trick with Six of Hearts&#xD;
Test&#xD;
Player Test3 won trick with Ace of Diamonds&#xD;
Test&#xD;
Test&#xD;
Player Test4 won trick with Jack of Diamonds&#xD;
Test&#xD;
Player Test2 won trick with Nine of Diamonds&#xD;
Test&#xD;
Test&#xD;
Player Test1 won trick with King of Clubs&#xD;
Test&#xD;
Test&#xD;
Test&#xD;
Player Test1 won trick with Ace of Clubs&#xD;
Test&#xD;
Test&#xD;
Player Test1 won trick with Eight of Clubs&#xD;
Test&#xD;
Test&#xD;
Test&#xD;
Test&#xD;
Player Test1 won trick with Jack of Hearts&#xD;
Test&#xD;
Player Test3 won trick with Ten of Spades&#xD;
Test&#xD;
Test&#xD;
Test&#xD;
Player Test1 won trick with Four of Diamonds&#xD;
Test&#xD;
Test&#xD;
Test&#xD;
Player Test1 won trick with Four of Spades&#xD;
Test&#xD;
Test&#xD;
Player Test1 won trick with Six of Diamonds&#xD;
Test&#xD;
Test&#xD;
Player Test3 won trick with Four of Spades&#xD;
Test&#xD;
Player Test1 won trick with Jack of Clubs&#xD;
Test&#xD;
Test&#xD;
Player Test2 won trick with Eight of Clubs&#xD;
Test&#xD;
Test&#xD;
Test&#xD;
Test&#xD;
Player Test1 won trick with Four of Hearts&#xD;
Test&#xD;
Test&#xD;
Test&#xD;
Player Test1 won trick with Jack of Diamonds&#xD;
Test&#xD;
Test&#xD;
Player Test1 won trick with King of Clubs&#xD;
Test&#xD;
Player Test1 won trick with Ten of Diamonds&#xD;
Test&#xD;
Test&#xD;
Player Test1 won trick with Seven of Diamonds&#xD;
Test&#xD;
Test&#xD;
Test&#xD;
Test&#xD;
Player Test1 won trick with Two of Hearts&#xD;
Test&#xD;
Test&#xD;
Player Test1 won trick with Seven of Diamonds&#xD;
Test&#xD;
Player Test1 won trick with Jack of Diamonds&#xD;
Test&#xD;
Test&#xD;
Test&#xD;
Player Test1 won trick with Two of Clubs&#xD;
Test&#xD;
Test&#xD;
Test&#xD;
Test&#xD;
Player Test1 won trick with Ace of Spades&#xD;
Test&#xD;
Test&#xD;
Test&#xD;
Player Test1 won trick with Nine of Diamonds&#xD;
Test&#xD;
Test&#xD;
Test&#xD;
Player Test1 won trick with Five of Spades&#xD;
Test&#xD;
Test&#xD;
Test&#xD;
Player Test1 won trick with Four of Clubs&#xD;
Test&#xD;
Test&#xD;
Player Test1 won trick with Eight of Diamonds&#xD;
Test&#xD;
Player Test2 won trick with Seven of Clubs&#xD;
Test&#xD;
Test&#xD;
Player Test3 won trick with King of Clubs&#xD;
Test&#xD;
Test&#xD;
Test&#xD;
Player Test1 won trick with Six of Spades&#xD;
Test&#xD;
Test&#xD;
Test&#xD;
Test&#xD;
Player Test1 won trick with King of Diamonds&#xD;
Test&#xD;
Test&#xD;
Test&#xD;
Player Test1 won trick with Three of Clubs&#xD;
Test&#xD;
Test&#xD;
Test&#xD;
Player Test1 won trick with Four of Spades&#xD;
Test&#xD;
Test&#xD;
Test&#xD;
Player Test1 won trick with Ace of Hearts&#xD;
Test&#xD;
Test&#xD;
Player Test3 won trick with Jack of Spades&#xD;
Test&#xD;
Test&#xD;
Player Test1 won trick with Ace of Clubs&#xD;
Test&#xD;
Test&#xD;
Player Test1 won trick with Seven of Spades&#xD;
Test&#xD;
Test&#xD;
Player Test1 won trick with Ace of Diamonds&#xD;
Test&#xD;
Test&#xD;
Player Test2 won trick with Eight of Clubs&#xD;
Test&#xD;
Player Test4 won trick with Ace of Spades&#xD;
Test&#xD;
Test&#xD;
Player Test3 won trick with Queen of Diamonds&#xD;
Test&#xD;
Player Test2 won trick with Queen of Clubs&#xD;
Test&#xD;
Test&#xD;
Player Test4 won trick with Jack of Diamonds&#xD;
Test&#xD;
Test&#xD;
Test&#xD;
Player Test1 won trick with Two of Spades&#xD;
Test&#xD;
Test&#xD;
Test&#xD;
Player Test2 won trick with Ten of Hearts&#xD;
Test&#xD;
Player Test3 won trick with Jack of Diamonds&#xD;
Test&#xD;
Test&#xD;
Test&#xD;
Player Test1 won trick with Two of Diamonds&#xD;
Test&#xD;
Test&#xD;
Player Test1 won trick with Ace of Spades&#xD;
Test&#xD;
Test&#xD;
Test&#xD;
Test&#xD;
Player Test1 won trick with King of Hearts&#xD;
Test&#xD;
Test&#xD;
Test&#xD;
Player Test1 won trick with Six of Clubs&#xD;
Test&#xD;
Test&#xD;
Test&#xD;
Player Test1 won trick with Ten of Spades&#xD;
Test&#xD;
Test&#xD;
Test&#xD;
Player Test1 won trick with Six of Spades&#xD;
Test&#xD;
Test&#xD;
Player Test2 won trick with Six of Hearts&#xD;
Test&#xD;
Test&#xD;
Test&#xD;
Player Test1 won trick with Eight of Spades&#xD;
Test&#xD;
Test&#xD;
Player Test1 won trick with Seven of Spades&#xD;
Test&#xD;
Test&#xD;
Player Test3 won trick with Ace of Diamonds&#xD;
Test&#xD;
Test&#xD;
Test&#xD;
Player Test1 won trick with Nine of Clubs&#xD;
Test&#xD;
Test&#xD;
Player Test4 won trick with Ten of Diamonds&#xD;
Test&#xD;
Test&#xD;
Player Test4 won trick with Queen of Diamonds&#xD;
Test&#xD;
Test&#xD;
Test&#xD;
Test&#xD;
Player Test1 won trick with Eight of Spades&#xD;
Test&#xD;
Test&#xD;
Player Test4 won trick with Queen of Spades&#xD;
Test&#xD;
Test&#xD;
Test&#xD;
Test&#xD;
Player Test1 won trick with Five of Hearts&#xD;
Test&#xD;
Test&#xD;
Test&#xD;
Player Test1 won trick with Seven of Spades&#xD;
Test&#xD;
Test&#xD;
Player Test3 won trick with Ace of Hearts&#xD;
Test&#xD;
Test&#xD;
Test&#xD;
Player Test1 won trick with Six of Diamonds&#xD;
Test&#xD;
Test&#xD;
Player Test4 won trick with Ten of Clubs&#xD;
Test&#xD;
Test&#xD;
Test&#xD;
Player Test4 won trick with Ace of Clubs&#xD;
Test&#xD;
Test&#xD;
Player Test1 won trick with Jack of Diamonds&#xD;
Test&#xD;
Test&#xD;
Test&#xD;
Test&#xD;
Player Test1 won trick with Seven of Spades&#xD;
Test&#xD;
Test&#xD;
Player Test1 won trick with Queen of Hearts&#xD;
Test&#xD;
Test&#xD;
Test&#xD;
Test&#xD;
Player Test1 won trick with Five of Hearts&#xD;
Test&#xD;
Player Test1 won trick with Ten of Diamonds&#xD;
Test&#xD;
Test&#xD;
Player Test3 won trick with King of Spades&#xD;
Test&#xD;
Test&#xD;
Test&#xD;
Player Test1 won trick with King of Spades&#xD;
Test&#xD;
Test&#xD;
Test&#xD;
Player Test1 won trick with Six of Clubs&#xD;
Test&#xD;
Player Test1 won trick with Four of Diamonds&#xD;
Test&#xD;
Test&#xD;
Test&#xD;
Player Test2 won trick with Ten of Hearts&#xD;
Test&#xD;
Test&#xD;
Test&#xD;
Player Test1 won trick with Four of Clubs&#xD;
Test&#xD;
Player Test2 won trick with Ace of Hearts&#xD;
Test&#xD;
Test&#xD;
Player Test1 won trick with King of Diamonds&#xD;
Test&#xD;
Test&#xD;
Test&#xD;
Player Test1 won trick with King of Clubs&#xD;
Test&#xD;
Test&#xD;
Test&#xD;
Player Test2 won trick with Seven of Hearts&#xD;
Test&#xD;
Player Test1 won trick with Eight of Spades&#xD;
Test&#xD;
Test&#xD;
Test&#xD;
Test&#xD;
Player Test1 won trick with Five of Hearts&#xD;
Test&#xD;
Test&#xD;
Test&#xD;
Player Test1 won trick with Four of Clubs&#xD;
Test&#xD;
Test&#xD;
Test&#xD;
Player Test1 won trick with Seven of Diamonds&#xD;
Test&#xD;
Player Test1 won trick with Ace of Diamonds&#xD;
Test&#xD;
Test&#xD;
Test&#xD;
Player Test1 won trick with Jack of Spades&#xD;
Test&#xD;
Test&#xD;
Player Test1 won trick with Nine of Spades&#xD;
Test&#xD;
Test&#xD;
Test&#xD;
Player Test1 won trick with Two of Clubs&#xD;
Test&#xD;
Test&#xD;
Test&#xD;
Player Test1 won trick with Jack of Diamonds&#xD;
Test&#xD;
Test&#xD;
Player Test1 won trick with Queen of Diamonds&#xD;
Test&#xD;
Test&#xD;
Player Test1 won trick with Ten of Hearts&#xD;
Test&#xD;
Test&#xD;
Test&#xD;
Player Test1 won trick with Ace of Spades&#xD;
Test&#xD;
Test&#xD;
Test&#xD;
Player Test1 won trick with Seven of Diamonds&#xD;
Test&#xD;
Test&#xD;
Test&#xD;
Player Test1 won trick with Two of Spades&#xD;
Test&#xD;
Test&#xD;
Test&#xD;
Player Test3 won trick with King of Spades&#xD;
Test&#xD;
Test&#xD;
Test&#xD;
Player Test3 won trick with Ace of Hearts&#xD;
Test&#xD;
Test&#xD;
Player Test1 won trick with Jack of Spades&#xD;
Test&#xD;
Test&#xD;
Test&#xD;
Player Test1 won trick with Ten of Clubs&#xD;
Test&#xD;
Test&#xD;
Player Test3 won trick with Nine of Diamonds&#xD;
Test&#xD;
Test&#xD;
Test&#xD;
Player Test1 won trick with Two of Diamonds&#xD;
Test&#xD;
Test&#xD;
Test&#xD;
Test&#xD;
Player Test1 won trick with Ace of Hearts&#xD;
Test&#xD;
Test&#xD;
Player Test1 won trick with Five of Spades&#xD;
Test&#xD;
Test&#xD;
Test&#xD;
Player Test1 won trick with Three of Spades&#xD;
Test&#xD;
Test&#xD;
Player Test4 won trick with Eight of Clubs&#xD;
Test&#xD;
Test&#xD;
Player Test1 won trick with Seven of Spades&#xD;
Test&#xD;
Test&#xD;
Test&#xD;
Test&#xD;
Player Test1 won trick with Five of Hearts&#xD;
Test&#xD;
Test&#xD;
Player Test1 won trick with King of Diamonds&#xD;
Test&#xD;
Player Test1 won trick with Ten of Diamonds&#xD;
Test&#xD;
Test&#xD;
Test&#xD;
Player Test1 won trick with Ace of Clubs&#xD;
Test&#xD;
Test&#xD;
Player Test1 won trick with Eight of Clubs&#xD;
Test&#xD;
Test&#xD;
Test&#xD;
Test&#xD;
Player Test1 won trick with Five of Hearts&#xD;
Test&#xD;
Test&#xD;
Test&#xD;
Player Test1 won trick with Six of Clubs&#xD;
Test&#xD;
Test&#xD;
Test&#xD;
Player Test1 won trick with Nine of Clubs&#xD;
Test&#xD;
Test&#xD;
Test&#xD;
Player Test1 won trick with Queen of Clubs&#xD;
Test&#xD;
Player Test3 won trick with Ace of Clubs&#xD;
Test&#xD;
Test&#xD;
Player Test4 won trick with King of Clubs&#xD;
Test&#xD;
Test&#xD;
Test&#xD;
Test&#xD;
Player Test1 won trick with Four of Hearts&#xD;
Test&#xD;
Test&#xD;
Player Test3 won trick with Ten of Diamonds&#xD;
Test&#xD;
Test&#xD;
Player Test3 won trick with Ace of Clubs&#xD;
Test&#xD;
Test&#xD;
Test&#xD;
Player Test1 won trick with Nine of Spades&#xD;
Test&#xD;
Test&#xD;
Test&#xD;
Player Test1 won trick with Eight of Clubs&#xD;
Test&#xD;
Test&#xD;
Test&#xD;
Player Test1 won trick with Ten of Clubs&#xD;
Test&#xD;
Test&#xD;
Test&#xD;
Player Test1 won trick with Six of Clubs&#xD;
Test&#xD;
Test&#xD;
Player Test3 won trick with Seven of Clubs&#xD;
Test&#xD;
Test&#xD;
Player Test1 won trick with Ace of Spades&#xD;
Test&#xD;
Test&#xD;
Player Test1 won trick with Ten of Clubs&#xD;
Test&#xD;
Test&#xD;
Test&#xD;
Player Test1 won trick with Four of Diamonds&#xD;
Test&#xD;
Test&#xD;
Player Test2 won trick with King of Hearts&#xD;
Test&#xD;
Test&#xD;
Player Test4 won trick with Queen of Clubs&#xD;
Test&#xD;
Test&#xD;
Test&#xD;
Player Test3 won trick with Queen of Hearts&#xD;
Test&#xD;
Test&#xD;
Player Test1 won trick with Jack of Diamonds&#xD;
Test&#xD;
Test&#xD;
Test&#xD;
Test&#xD;
Player Test1 won trick with Three of Hearts&#xD;
Test&#xD;
Test&#xD;
Test&#xD;
Player Test1 won trick with Four of Clubs&#xD;
Test&#xD;
Test&#xD;
Test&#xD;
Test&#xD;
Player Test1 won trick with Queen of Clubs&#xD;
Test&#xD;
Test&#xD;
Player Test1 won trick with Seven of Spades&#xD;
Test&#xD;
Test&#xD;
Test&#xD;
Player Test4 won trick with King of Hearts&#xD;
Test&#xD;
Test&#xD;
Player Test3 won trick with King of Clubs&#xD;
Test&#xD;
Test&#xD;
Test&#xD;
Player Test1 won trick with Six of Spades&#xD;
Test&#xD;
Test&#xD;
Test&#xD;
Player Test3 won trick with Jack of Hearts&#xD;
Test&#xD;
Test&#xD;
Player Test4 won trick with Nine of Spades&#xD;
Test&#xD;
Test&#xD;
Player Test4 won trick with Queen of Spades&#xD;
Test&#xD;
Player Test1 won trick with Queen of Diamonds&#xD;
Test&#xD;
Test&#xD;
Test&#xD;
Player Test1 won trick with Six of Spades&#xD;
Test&#xD;
Player Test1 won trick with Ace of Spades&#xD;
Test&#xD;
Test&#xD;
Test&#xD;
Player Test2 won trick with Ace of Hearts&#xD;
Test&#xD;
Test&#xD;
Test&#xD;
Player Test1 won trick with King of Diamonds&#xD;
Test&#xD;
Test&#xD;
Player Test1 won trick with Ace of Diamonds&#xD;
Test&#xD;
Test&#xD;
Test&#xD;
Test&#xD;
Player Test1 won trick with Queen of Spades&#xD;
Test&#xD;
Test&#xD;
Test&#xD;
Player Test1 won trick with Eight of Hearts&#xD;
Test&#xD;
Test&#xD;
Player Test1 won trick with Nine of Spades&#xD;
Test&#xD;
Test&#xD;
Player Test1 won trick with Eight of Clubs&#xD;
Test&#xD;
Test&#xD;
Player Test2 won trick with Ace of Clubs&#xD;
Test&#xD;
Test&#xD;
Test&#xD;
Player Test4 won trick with Queen of Diamonds&#xD;
Test&#xD;
Test&#xD;
Player Test1 won trick with Nine of Clubs&#xD;
Test&#xD;
Test&#xD;
Test&#xD;
Player Test1 won trick with Five of Clubs&#xD;
Test&#xD;
Test&#xD;
Player Test3 won trick with King of Spades&#xD;
Test&#xD;
Test&#xD;
Test&#xD;
Test&#xD;
Player Test1 won trick with Five of Hearts&#xD;
Test&#xD;
Test&#xD;
Test&#xD;
Player Test1 won trick with Five of Diamonds&#xD;
Test&#xD;
Test&#xD;
Test&#xD;
Player Test3 won trick with Six of Hearts&#xD;
Test&#xD;
Test&#xD;
Test&#xD;
Test&#xD;
Player Test1 won trick with Four of Spades&#xD;
Test&#xD;
Test&#xD;
Test&#xD;
Test&#xD;
Player Test1 won trick with Ten of Hearts&#xD;
Test&#xD;
Test&#xD;
Player Test4 won trick with Ace of Diamonds&#xD;
Test&#xD;
Test&#xD;
Test&#xD;
Player Test1 won trick with Six of Clubs&#xD;
Test&#xD;
Test&#xD;
Player Test1 won trick with King of Spades&#xD;
Test&#xD;
Player Test1 won trick with Ten of Spades&#xD;
Test&#xD;
Test&#xD;
Test&#xD;
Player Test1 won trick with Queen of Diamonds&#xD;
Test&#xD;
Test&#xD;
Test&#xD;
Player Test1 won trick with Queen of Spades&#xD;
Test&#xD;
Test&#xD;
Player Test3 won trick with Four of Spades&#xD;
Test&#xD;
Test&#xD;
Test&#xD;
Player Test1 won trick with Eight of Hearts&#xD;
Test&#xD;
Test&#xD;
Test&#xD;
Player Test1 won trick with Six of Spades&#xD;
Test&#xD;
Test&#xD;
Player Test3 won trick with Queen of Spades&#xD;
Test&#xD;
Test&#xD;
Test&#xD;
Player Test1 won trick with Ten of Hearts&#xD;
Test&#xD;
Test&#xD;
Player Test1 won trick with Jack of Diamonds&#xD;
Test&#xD;
Test&#xD;
Test&#xD;
Player Test1 won trick with Three of Clubs&#xD;
Test&#xD;
Test&#xD;
Test&#xD;
Test&#xD;
Player Test1 won trick with Two of Hearts&#xD;
Test&#xD;
Player Test2 won trick with King of Clubs&#xD;
Test&#xD;
Test&#xD;
Test&#xD;
Player Test1 won trick with Eight of Diamonds&#xD;
Test&#xD;
Test&#xD;
Test&#xD;
Player Test1 won trick with Queen of Diamonds&#xD;
Test&#xD;
Test&#xD;
Test&#xD;
Test&#xD;
Player Test1 won trick with Two of Hearts&#xD;
Test&#xD;
Test&#xD;
Test&#xD;
Player Test1 won trick with Three of Diamonds&#xD;
Test&#xD;
Test&#xD;
Test&#xD;
Player Test1 won trick with King of Spades&#xD;
Test&#xD;
Test&#xD;
Test&#xD;
Test&#xD;
Player Test1 won trick with Five of Hearts&#xD;
Test&#xD;
Test&#xD;
Player Test1 won trick with Queen of Clubs&#xD;
Test&#xD;
Test&#xD;
Player Test1 won trick with Queen of Spades&#xD;
Test&#xD;
Test&#xD;
Player Test3 won trick with Jack of Clubs&#xD;
Test&#xD;
Test&#xD;
Test&#xD;
Test&#xD;
Player Test1 won trick with Eight of Hearts&#xD;
Test&#xD;
Test&#xD;
Test&#xD;
Test&#xD;
Player Test1 won trick with Ten of Clubs&#xD;
Test&#xD;
Test&#xD;
Test&#xD;
Player Test1 won trick with Ace of Hearts&#xD;
Test&#xD;
Test&#xD;
Test&#xD;
Player Test1 won trick with Eight of Hearts&#xD;
Test&#xD;
Test&#xD;
Test&#xD;
Test&#xD;
Player Test1 won trick with Four of Hearts&#xD;
Test&#xD;
Test&#xD;
Player Test3 won trick with Jack of Spades&#xD;
Test&#xD;
Test&#xD;
Player Test1 won trick with Ten of Spades&#xD;
Test&#xD;
Test&#xD;
Test&#xD;
Test&#xD;
Player Test1 won trick with Six of Hearts&#xD;
Test&#xD;
Test&#xD;
Player Test3 won trick with Ace of Clubs&#xD;
Test&#xD;
Test&#xD;
Player Test1 won trick with Ace of Spades&#xD;
Test&#xD;
Test&#xD;
Test&#xD;
Player Test1 won trick with Two of Spades&#xD;
Test&#xD;
Test&#xD;
Test&#xD;
Player Test1 won trick with Eight of Clubs&#xD;
Test&#xD;
Test&#xD;
Player Test1 won trick with King of Clubs&#xD;
Test&#xD;
Test&#xD;
Player Test4 won trick with Three of Spades&#xD;
Test&#xD;
Test&#xD;
Test&#xD;
Player Test1 won trick with Eight of Spades&#xD;
Test&#xD;
Test&#xD;
Player Test1 won trick with Seven of Spades&#xD;
Test&#xD;
Test&#xD;
Player Test1 won trick with Five of Spades&#xD;
Test&#xD;
Test&#xD;
Player Test1 won trick with Seven of Diamonds&#xD;
Player Test3 won trick with Jack of Spades&#xD;
Test&#xD;
Test&#xD;
Test&#xD;
Player Test1 won trick with Five of Clubs&#xD;
Test&#xD;
Player Test1 won trick with Ten of Clubs&#xD;
Test&#xD;
Test&#xD;
Test&#xD;
Player Test1 won trick with Jack of Diamonds&#xD;
Test&#xD;
Test&#xD;
Player Test1 won trick with Jack of Clubs&#xD;
Test&#xD;
Test&#xD;
Test&#xD;
Player Test1 won trick with Seven of Diamonds&#xD;
Test&#xD;
Test&#xD;
Test&#xD;
Player Test1 won trick with Eight of Clubs&#xD;
Test&#xD;
Test&#xD;
Player Test1 won trick with Ace of Clubs&#xD;
Test&#xD;
Test&#xD;
Test&#xD;
Player Test1 won trick with Ace of Spades&#xD;
Test&#xD;
Test&#xD;
Test&#xD;
Player Test4 won trick with Ten of Spades&#xD;
Test&#xD;
Test&#xD;
Player Test1 won trick with Ace of Clubs&#xD;
Test&#xD;
Test&#xD;
Test&#xD;
Player Test2 won trick with Jack of Hearts&#xD;
Test&#xD;
Test&#xD;
Test&#xD;
Test&#xD;
Player Test1 won trick with Four of Spades&#xD;
Test&#xD;
Test&#xD;
Test&#xD;
Player Test1 won trick with Ten of Diamonds&#xD;
Test&#xD;
Test&#xD;
Test&#xD;
Player Test1 won trick with Seven of Hearts&#xD;
Test&#xD;
Test&#xD;
Player Test1 won trick with Nine of Clubs&#xD;
Test&#xD;
Test&#xD;
Test&#xD;
Player Test1 won trick with Six of Spades&#xD;
Test&#xD;
Test&#xD;
Player Test4 won trick with Nine of Spades&#xD;
Test&#xD;
Test&#xD;
Test&#xD;
Player Test1 won trick with Six of Spades&#xD;
Test&#xD;
Test&#xD;
Test&#xD;
Player Test1 won trick with Five of Hearts&#xD;
Test&#xD;
Test&#xD;
Test&#xD;
Player Test1 won trick with Nine of Hearts&#xD;
Test&#xD;
Test&#xD;
Player Test3 won trick with Six of Clubs&#xD;
Test&#xD;
Test&#xD;
Test&#xD;
Test&#xD;
Player Test1 won trick with Six of Hearts&#xD;
Test&#xD;
Test&#xD;
Test&#xD;
Test&#xD;
Player Test1 won trick with Ace of Hearts&#xD;
Test&#xD;
Test&#xD;
Player Test3 won trick with Queen of Clubs&#xD;
Test&#xD;
Test&#xD;
Player Test1 won trick with Jack of Spades&#xD;
Test&#xD;
Test&#xD;
Test&#xD;
Test&#xD;
Player Test1 won trick with Queen of Hearts&#xD;
Test&#xD;
Test&#xD;
Player Test1 won trick with Queen of Clubs&#xD;
Test&#xD;
Test&#xD;
Player Test2 won trick with Ace of Clubs&#xD;
Test&#xD;
Test&#xD;
Test&#xD;
Test&#xD;
Player Test1 won trick with Jack of Hearts&#xD;
Test&#xD;
Player Test3 won trick with Ace of Clubs&#xD;
Test&#xD;
Test&#xD;
Test&#xD;
Player Test1 won trick with Five of Diamonds&#xD;
Test&#xD;
Player Test4 won trick with Queen of Spades&#xD;
Test&#xD;
Test&#xD;
Player Test1 won trick with Seven of Spades&#xD;
Test&#xD;
Test&#xD;
Player Test1 won trick with Seven of Spades&#xD;
Test&#xD;
Test&#xD;
Player Test1 won trick with King of Hearts&#xD;
Test&#xD;
Test&#xD;
Test&#xD;
Player Test1 won trick with King of Spades&#xD;
Test&#xD;
Test&#xD;
Test&#xD;
Player Test1 won trick with Ten of Hearts&#xD;
Test&#xD;
Test&#xD;
Player Test1 won trick with Queen of Clubs&#xD;
Test&#xD;
Test&#xD;
Test&#xD;
Test&#xD;
Player Test1 won trick with Nine of Spades&#xD;
Test&#xD;
Test&#xD;
Player Test1 won trick with Jack of Clubs&#xD;
Test&#xD;
Test&#xD;
Test&#xD;
Player Test1 won trick with Six of Diamonds&#xD;
Test&#xD;
Test&#xD;
Player Test1 won trick with Ten of Clubs&#xD;
Test&#xD;
Test&#xD;
Test&#xD;
Player Test1 won trick with Three of Diamonds&#xD;
Test&#xD;
Player Test4 won trick with Queen of Diamonds&#xD;
Test&#xD;
Test&#xD;
Player Test4 won trick with Ace of Diamonds&#xD;
Test&#xD;
Test&#xD;
Player Test4 won trick with Seven of Spades&#xD;
Test&#xD;
Player Test1 won trick with Ten of Clubs&#xD;
Test&#xD;
Test&#xD;
Test&#xD;
Player Test1 won trick with Ace of Clubs&#xD;
Test&#xD;
Test&#xD;
Test&#xD;
Player Test1 won trick with Four of Diamonds&#xD;
Test&#xD;
Test&#xD;
Player Test1 won trick with Nine of Spades&#xD;
Test&#xD;
Test&#xD;
Player Test1 won trick with Ace of Diamonds&#xD;
Test&#xD;
Test&#xD;
Test&#xD;
Test&#xD;
Player Test1 won trick with Three of Hearts&#xD;
Test&#xD;
Player Test1 won trick with Jack of Spades&#xD;
Test&#xD;
Test&#xD;
Test&#xD;
Test&#xD;
Player Test1 won trick with Four of Diamonds&#xD;
Test&#xD;
Test&#xD;
Player Test1 won trick with Ten of Diamonds&#xD;
Test&#xD;
Test&#xD;
Player Test1 won trick with Seven of Diamonds&#xD;
Test&#xD;
Player Test2 won trick with Ace of Hearts&#xD;
Test&#xD;
Test&#xD;
Test&#xD;
Test&#xD;
Player Test1 won trick with Ace of Diamonds&#xD;
Test&#xD;
Test&#xD;
Player Test4 won trick with Jack of Diamonds&#xD;
Test&#xD;
Test&#xD;
Player Test1 won trick with Ten of Clubs&#xD;
Test&#xD;
Test&#xD;
Player Test1 won trick with Jack of Diamonds&#xD;
Test&#xD;
Player Test3 won trick with Queen of Diamonds&#xD;
Test&#xD;
Test&#xD;
Player Test4 won trick with Eight of Clubs&#xD;
Test&#xD;
Test&#xD;
Player Test2 won trick with Five of Spades&#xD;
Test&#xD;
Test&#xD;
Player Test2 won trick with Ace of Spades&#xD;
Test&#xD;
Test&#xD;
Test&#xD;
Player Test4 won trick with Ace of Clubs&#xD;
Test&#xD;
Test&#xD;
Player Test4 won trick with Six of Clubs&#xD;
Test&#xD;
Test&#xD;
Test&#xD;
Player Test1 won trick with Ten of Diamonds&#xD;
Test&#xD;
Test&#xD;
Test&#xD;
Test&#xD;
Player Test1 won trick with Jack of Hearts&#xD;
Test&#xD;
Test&#xD;
Test&#xD;
Player Test1 won trick with Ace of Spades&#xD;
Test&#xD;
Test&#xD;
Player Test3 won trick with Jack of Diamonds&#xD;
Test&#xD;
Player Test1 won trick with King of Spades&#xD;
Test&#xD;
Test&#xD;
Test&#xD;
Test&#xD;
Player Test1 won trick with Ace of Hearts&#xD;
Test&#xD;
Test&#xD;
Test&#xD;
Player Test1 won trick with Seven of Hearts&#xD;
Test&#xD;
Player Test2 won trick with Ten of Clubs&#xD;
Test&#xD;
Test&#xD;
Test&#xD;
Player Test1 won trick with Six of Diamonds&#xD;
Test&#xD;
Player Test2 won trick with Ten of Diamonds&#xD;
Test&#xD;
Test&#xD;
Player Test1 won trick with Two of Spades&#xD;
Test&#xD;
Test&#xD;
Test&#xD;
Test&#xD;
Player Test1 won trick with Ace of Hearts&#xD;
Test&#xD;
Test&#xD;
Test&#xD;
Player Test1 won trick with Four of Spades&#xD;
Test&#xD;
Test&#xD;
Player Test2 won trick with Ace of Hearts&#xD;
Test&#xD;
Test&#xD;
Player Test1 won trick with Seven of Diamonds&#xD;
Test&#xD;
Test&#xD;
Test&#xD;
Player Test4 won trick with Eight of Hearts&#xD;
Test&#xD;
Test&#xD;
Test&#xD;
Player Test1 won trick with Eight of Spades&#xD;
Test&#xD;
Player Test1 won trick with Four of Spades&#xD;
Test&#xD;
Test&#xD;
Test&#xD;
Player Test1 won trick with King of Clubs&#xD;
Test&#xD;
Test&#xD;
Test&#xD;
Test&#xD;
Player Test1 won trick with Jack of Spades&#xD;
Test&#xD;
Test&#xD;
Test&#xD;
Player Test1 won trick with Two of Spades&#xD;
Test&#xD;
Test&#xD;
Test&#xD;
Test&#xD;
Player Test1 won trick with Three of Hearts&#xD;
Test&#xD;
Test&#xD;
Test&#xD;
Player Test1 won trick with Seven of Clubs&#xD;
Test&#xD;
Test&#xD;
Player Test1 won trick with Ace of Clubs&#xD;
Test&#xD;
Test&#xD;
Test&#xD;
Player Test1 won trick with Queen of Clubs&#xD;
Test&#xD;
Test&#xD;
Test&#xD;
Player Test1 won trick with Eight of Diamonds&#xD;
Test&#xD;
Test&#xD;
Player Test4 won trick with King of Diamonds&#xD;
Test&#xD;
Test&#xD;
Test&#xD;
Player Test1 won trick with Nine of Spades&#xD;
Test&#xD;
Test&#xD;
Player Test4 won trick with Ten of Spades&#xD;
Test&#xD;
Test&#xD;
Test&#xD;
Player Test4 won trick with King of Hearts&#xD;
Test&#xD;
Test&#xD;
Test&#xD;
Player Test1 won trick with Eight of Spades&#xD;
Test&#xD;
Test&#xD;
Player Test2 won trick with Ten of Clubs&#xD;
Test&#xD;
Test&#xD;
Test&#xD;
Player Test1 won trick with Queen of Hearts&#xD;
Test&#xD;
Player Test4 won trick with King of Spades&#xD;
Test&#xD;
Test&#xD;
Player Test3 won trick with Seven of Diamonds&#xD;
Test&#xD;
Test&#xD;
Test&#xD;
Player Test1 won trick with Jack of Spades&#xD;
Test&#xD;
Test&#xD;
Player Test4 won trick with Ten of Clubs&#xD;
Test&#xD;
Test&#xD;
Test&#xD;
Test&#xD;
Player Test1 won trick with Two of Diamonds&#xD;
Test&#xD;
Test&#xD;
Test&#xD;
Test&#xD;
Player Test1 won trick with Three of Hearts&#xD;
Test&#xD;
Test&#xD;
Test&#xD;
Player Test1 won trick with Ace of Spades&#xD;
Test&#xD;
Test&#xD;
Player Test1 won trick with Seven of Clubs&#xD;
Test&#xD;
Test&#xD;
Player Test1 won trick with Queen of Spades&#xD;
Test&#xD;
Test&#xD;
Test&#xD;
Player Test1 won trick with Five of Clubs&#xD;
Test&#xD;
Test&#xD;
Test&#xD;
Test&#xD;
Player Test1 won trick with Ace of Hearts&#xD;
Test&#xD;
Test&#xD;
Player Test4 won trick with Jack of Diamonds&#xD;
Test&#xD;
Test&#xD;
Test&#xD;
Player Test1 won trick with Eight of Spades&#xD;
Test&#xD;
Test&#xD;
Player Test1 won trick with Nine of Clubs&#xD;
Test&#xD;
Test&#xD;
Test&#xD;
Player Test1 won trick with Five of Spades&#xD;
Test&#xD;
Test&#xD;
Test&#xD;
Test&#xD;
Player Test1 won trick with Jack of Hearts&#xD;
Test&#xD;
Player Test3 won trick with Six of Clubs&#xD;
Test&#xD;
Test&#xD;
Test&#xD;
Player Test1 won trick with King of Hearts&#xD;
Test&#xD;
Test&#xD;
Player Test1 won trick with Jack of Diamonds&#xD;
Test&#xD;
Test&#xD;
Test&#xD;
Player Test1 won trick with Five of Clubs&#xD;
Test&#xD;
Test&#xD;
Test&#xD;
Player Test1 won trick with Six of Hearts&#xD;
Test&#xD;
Test&#xD;
Test&#xD;
Player Test1 won trick with Jack of Clubs&#xD;
Test&#xD;
Test&#xD;
Player Test4 won trick with Queen of Spades&#xD;
Test&#xD;
Test&#xD;
Test&#xD;
Test&#xD;
Player Test1 won trick with Seven of Clubs&#xD;
Test&#xD;
Test&#xD;
Test&#xD;
Player Test1 won trick with Three of Clubs&#xD;
Test&#xD;
Test&#xD;
Test&#xD;
Player Test1 won trick with Nine of Spades&#xD;
Test&#xD;
Test&#xD;
Player Test3 won trick with Ten of Spades&#xD;
Test&#xD;
Player Test3 won trick with Jack of Spades&#xD;
Test&#xD;
Test&#xD;
Test&#xD;
Player Test1 won trick with Eight of Clubs&#xD;
Test&#xD;
Test&#xD;
Test&#xD;
Player Test1 won trick with Queen of Spades&#xD;
Test&#xD;
Test&#xD;
Test&#xD;
Player Test1 won trick with Jack of Spades&#xD;
Test&#xD;
Test&#xD;
Test&#xD;
Player Test1 won trick with Jack of Diamonds&#xD;
Test&#xD;
Player Test3 won trick with Ten of Spades&#xD;
Test&#xD;
Test&#xD;
Test&#xD;
Player Test1 won trick with Jack of Hearts&#xD;
Test&#xD;
Test&#xD;
Test&#xD;
Player Test4 won trick with Ace of Hearts&#xD;
Test&#xD;
Test&#xD;
Test&#xD;
Player Test1 won trick with Nine of Hearts&#xD;
Test&#xD;
Test&#xD;
Test&#xD;
Player Test4 won trick with Nine of Hearts&#xD;
Test&#xD;
Test&#xD;
Player Test3 won trick with Ace of Diamonds&#xD;
Test&#xD;
Test&#xD;
Player Test3 won trick with Seven of Clubs&#xD;
Test&#xD;
Player Test2 won trick with Ace of Clubs&#xD;
Test&#xD;
Test&#xD;
Test&#xD;
Player Test1 won trick with Six of Diamonds&#xD;
Test&#xD;
Test&#xD;
Test&#xD;
Player Test1 won trick with Nine of Clubs&#xD;
Test&#xD;
Test&#xD;
Test&#xD;
Player Test1 won trick with Seven of Spades&#xD;
Test&#xD;
Test&#xD;
Test&#xD;
Player Test1 won trick with Two of Spades&#xD;
Test&#xD;
Test&#xD;
Player Test1 won trick with Ace of Clubs&#xD;
Test&#xD;
Test&#xD;
Test&#xD;
Player Test1 won trick with Three of Diamonds&#xD;
Test&#xD;
Test&#xD;
Test&#xD;
Player Test1 won trick with Four of Diamonds&#xD;
Test&#xD;
Test&#xD;
Test&#xD;
Player Test1 won trick with Queen of Hearts&#xD;
Test&#xD;
Test&#xD;
Player Test2 won trick with Jack of Diamonds&#xD;
Test&#xD;
Player Test2 won trick with King of Clubs&#xD;
Test&#xD;
Test&#xD;
Player Test4 won trick with King of Hearts&#xD;
Test&#xD;
Test&#xD;
Player Test4 won trick with Six of Clubs&#xD;
Test&#xD;
Test&#xD;
Player Test2 won trick with Jack of Diamonds&#xD;
Test&#xD;
Test&#xD;
Test&#xD;
Player Test1 won trick with Eight of Hearts&#xD;
Test&#xD;
Test&#xD;
Player Test4 won trick with Ace of Diamonds&#xD;
Test&#xD;
Player Test4 won trick with Ace of Clubs&#xD;
Test&#xD;
Test&#xD;
Test&#xD;
Player Test4 won trick with Eight of Clubs&#xD;
Test&#xD;
Test&#xD;
Player Test4 won trick with Ace of Diamonds&#xD;
Test&#xD;
Test&#xD;
Test&#xD;
Player Test1 won trick with Queen of Hearts&#xD;
Test&#xD;
Test&#xD;
Test&#xD;
Player Test1 won trick with Ace of Spades&#xD;
Test&#xD;
Test&#xD;
Test&#xD;
Player Test1 won trick with Six of Spades&#xD;
Test&#xD;
Test&#xD;
Test&#xD;
Player Test1 won trick with Jack of Spades&#xD;
Test&#xD;
Test&#xD;
Test&#xD;
Test&#xD;
Player Test1 won trick with Six of Hearts&#xD;
Test&#xD;
Test&#xD;
Player Test1 won trick with Ten of Spades&#xD;
Test&#xD;
Test&#xD;
Test&#xD;
Test&#xD;
Player Test1 won trick with Five of Hearts&#xD;
Test&#xD;
Test&#xD;
Test&#xD;
Test&#xD;
Player Test1 won trick with Six of Spades&#xD;
Test&#xD;
Test&#xD;
Test&#xD;
Test&#xD;
Player Test1 won trick with Queen of Hearts&#xD;
Test&#xD;
Test&#xD;
Test&#xD;
Test&#xD;
Player Test1 won trick with Ace of Spades&#xD;
Test&#xD;
Test&#xD;
Test&#xD;
Test&#xD;
Player Test1 won trick with Five of Hearts&#xD;
Test&#xD;
Test&#xD;
Test&#xD;
Player Test1 won trick with Nine of Hearts&#xD;
Test&#xD;
Test&#xD;
Test&#xD;
Test&#xD;
Player Test1 won trick with Ace of Hearts&#xD;
Test&#xD;
Test&#xD;
Player Test1 won trick with Eight of Diamonds&#xD;
Test&#xD;
Test&#xD;
Test&#xD;
Player Test1 won trick with Queen of Clubs&#xD;
Test&#xD;
Test&#xD;
Test&#xD;
Player Test1 won trick with Jack of Hearts&#xD;
Test&#xD;
Test&#xD;
Player Test1 won trick with Six of Clubs&#xD;
Test&#xD;
Test&#xD;
Player Test1 won trick with Queen of Spades&#xD;
Test&#xD;
Player Test2 won trick with Jack of Diamonds&#xD;
Test&#xD;
Test&#xD;
Test&#xD;
Player Test1 won trick with Ten of Hearts&#xD;
Test&#xD;
Test&#xD;
Test&#xD;
Player Test1 won trick with Ace of Spades&#xD;
Test&#xD;
Test&#xD;
Test&#xD;
Player Test1 won trick with Two of Diamonds&#xD;
Test&#xD;
Test&#xD;
Test&#xD;
Player Test1 won trick with King of Diamonds&#xD;
Test&#xD;
Test&#xD;
Player Test2 won trick with Ace of Clubs&#xD;
Test&#xD;
Test&#xD;
Player Test1 won trick with Nine of Diamonds&#xD;
Test&#xD;
Test&#xD;
Test&#xD;
Test&#xD;
Player Test1 won trick with Ace of Diamonds&#xD;
Test&#xD;
Test&#xD;
Test&#xD;
Player Test1 won trick with Eight of Diamonds&#xD;
Test&#xD;
Player Test2 won trick with Ace of Clubs&#xD;
Test&#xD;
Test&#xD;
Player Test2 won trick with Ace of Spades&#xD;
Test&#xD;
Test&#xD;
Player Test2 won trick with Ten of Clubs&#xD;
Test&#xD;
Test&#xD;
Player Test1 won trick with Ten of Clubs&#xD;
Test&#xD;
Test&#xD;
Test&#xD;
Player Test1 won trick with Seven of Diamonds&#xD;
Player Test3 won trick with Eight of Clubs&#xD;
Test&#xD;
Test&#xD;
Test&#xD;
Player Test1 won trick with Jack of Hearts&#xD;
Test&#xD;
Test&#xD;
Player Test4 won trick with Nine of Diamonds&#xD;
Test&#xD;
Test&#xD;
Player Test3 won trick with Seven of Clubs&#xD;
Test&#xD;
Player Test3 won trick with King of Clubs&#xD;
Test&#xD;
Test&#xD;
Player Test1 won trick with King of Spades&#xD;
Test&#xD;
Test&#xD;
Player Test1 won trick with Ten of Clubs&#xD;
Test&#xD;
Test&#xD;
Player Test1 won trick with Five of Diamonds&#xD;
Test&#xD;
Test&#xD;
Test&#xD;
Player Test1 won trick with Nine of Clubs&#xD;
Test&#xD;
Test&#xD;
Test&#xD;
Player Test1 won trick with Two of Diamonds&#xD;
Test&#xD;
Test&#xD;
Test&#xD;
Player Test3 won trick with Four of Diamonds&#xD;
Test&#xD;
Test&#xD;
Player Test3 won trick with Nine of Diamonds&#xD;
Test&#xD;
Test&#xD;
Test&#xD;
Player Test1 won trick with Ace of Hearts&#xD;
Test&#xD;
Test&#xD;
Test&#xD;
Player Test1 won trick with Five of Clubs&#xD;
Test&#xD;
Test&#xD;
Player Test1 won trick with King of Diamonds&#xD;
Test&#xD;
Test&#xD;
Test&#xD;
Test&#xD;
Player Test1 won trick with Three of Hearts&#xD;
Test&#xD;
Test&#xD;
Test&#xD;
Test&#xD;
Player Test1 won trick with Three of Hearts&#xD;
Test&#xD;
Test&#xD;
Test&#xD;
Test&#xD;
Player Test1 won trick with Queen of Hearts&#xD;
Test&#xD;
Test&#xD;
Test&#xD;
Player Test1 won trick with Seven of Spades&#xD;
Test&#xD;
Test&#xD;
Player Test1 won trick with Ace of Hearts&#xD;
Test&#xD;
Test&#xD;
Test&#xD;
Player Test1 won trick with Seven of Clubs&#xD;
Test&#xD;
Test&#xD;
Player Test1 won trick with Ace of Spades&#xD;
Test&#xD;
Test&#xD;
Player Test4 won trick with Queen of Clubs&#xD;
Test&#xD;
Test&#xD;
Test&#xD;
Player Test1 won trick with Three of Clubs&#xD;
Test&#xD;
Test&#xD;
Player Test1 won trick with Ace of Spades&#xD;
Test&#xD;
Player Test1 won trick with Six of Diamonds&#xD;
Player Test2 won trick with Jack of Spades&#xD;
Test&#xD;
Test&#xD;
Player Test4 won trick with Jack of Diamonds&#xD;
Test&#xD;
Test&#xD;
Test&#xD;
Player Test1 won trick with Jack of Diamonds&#xD;
Test&#xD;
Test&#xD;
Test&#xD;
Player Test1 won trick with Five of Spades&#xD;
Test&#xD;
Test&#xD;
Player Test1 won trick with Queen of Spades&#xD;
Test&#xD;
Test&#xD;
Test&#xD;
Player Test1 won trick with King of Clubs&#xD;
Test&#xD;
Test&#xD;
Test&#xD;
Test&#xD;
Player Test1 won trick with Queen of Hearts&#xD;
Test&#xD;
Test&#xD;
Test&#xD;
Player Test1 won trick with Jack of Clubs&#xD;
Test&#xD;
Test&#xD;
Test&#xD;
Player Test1 won trick with Queen of Diamonds&#xD;
Test&#xD;
Test&#xD;
Test&#xD;
Player Test1 won trick with Queen of Diamonds&#xD;
Test&#xD;
Test&#xD;
Test&#xD;
Player Test1 won trick with Five of Diamonds&#xD;
Test&#xD;
Player Test3 won trick with Seven of Spades&#xD;
Test&#xD;
Test&#xD;
Test&#xD;
Player Test3 won trick with Jack of Hearts&#xD;
Test&#xD;
Test&#xD;
Player Test3 won trick with Nine of Clubs&#xD;
Test&#xD;
Player Test1 won trick with King of Spades&#xD;
Test&#xD;
Test&#xD;
Test&#xD;
Player Test1 won trick with Ten of Diamonds&#xD;
Test&#xD;
Test&#xD;
Test&#xD;
Player Test1 won trick with Six of Diamonds&#xD;
Test&#xD;
Test&#xD;
Player Test1 won trick with Six of Spades&#xD;
Test&#xD;
Test&#xD;
Player Test1 won trick with Ace of Diamonds&#xD;
Test&#xD;
Test&#xD;
Player Test1 won trick with Jack of Diamonds&#xD;
Test&#xD;
Test&#xD;
Test&#xD;
Test&#xD;
Player Test1 won trick with Queen of Hearts&#xD;
Test&#xD;
Test&#xD;
Player Test1 won trick with Ace of Clubs&#xD;
Test&#xD;
Player Test2 won trick with Ace of Hearts&#xD;
Test&#xD;
Player Test4 won trick with Nine of Spades&#xD;
Test&#xD;
Test&#xD;
Test&#xD;
Test&#xD;
Player Test1 won trick with Ten of Hearts&#xD;
Test&#xD;
Test&#xD;
Test&#xD;
Player Test1 won trick with Eight of Diamonds&#xD;
Test&#xD;
Test&#xD;
Test&#xD;
Player Test1 won trick with Eight of Clubs&#xD;
Test&#xD;
Test&#xD;
Player Test2 won trick with Eight of Clubs&#xD;
Test&#xD;
Player Test2 won trick with Ten of Spades&#xD;
Test&#xD;
Test&#xD;
Test&#xD;
Test&#xD;
Player Test1 won trick with Four of Hearts&#xD;
Test&#xD;
Test&#xD;
Test&#xD;
Player Test1 won trick with Two of Clubs&#xD;
Test&#xD;
Test&#xD;
Player Test2 won trick with Six of Spades&#xD;
Test&#xD;
Test&#xD;
Player Test3 won trick with Seven of Spades&#xD;
Test&#xD;
Test&#xD;
Player Test1 won trick with Six of Spades&#xD;
Test&#xD;
Test&#xD;
Test&#xD;
Player Test1 won trick with Three of Diamonds&#xD;
Test&#xD;
Test&#xD;
Test&#xD;
Player Test1 won trick with Five of Diamonds&#xD;
Test&#xD;
Test&#xD;
Test&#xD;
Player Test2 won trick with King of Hearts&#xD;
Test&#xD;
Test&#xD;
Test&#xD;
Player Test1 won trick with Three of Clubs&#xD;
Test&#xD;
Test&#xD;
Player Test1 won trick with Eight of Diamonds&#xD;
Test&#xD;
Test&#xD;
Test&#xD;
Test&#xD;
Player Test1 won trick with Five of Hearts&#xD;
Test&#xD;
Test&#xD;
Player Test3 won trick with King of Spades&#xD;
Test&#xD;
Player Test1 won trick with Nine of Clubs&#xD;
Test&#xD;
Test&#xD;
Player Test1 won trick with King of Diamonds&#xD;
Test&#xD;
Test&#xD;
Test&#xD;
Player Test1 won trick with King of Hearts&#xD;
Test&#xD;
Test&#xD;
Test&#xD;
Player Test1 won trick with Queen of Diamonds&#xD;
Test&#xD;
Test&#xD;
Test&#xD;
Player Test1 won trick with Five of Diamonds&#xD;
Test&#xD;
Test&#xD;
Test&#xD;
Player Test3 won trick with Six of Hearts&#xD;
Test&#xD;
Test&#xD;
Test&#xD;
Player Test2 won trick with King of Diamonds&#xD;
Test&#xD;
Test&#xD;
Test&#xD;
Test&#xD;
Player Test1 won trick with Two of Hearts&#xD;
Test&#xD;
Player Test2 won trick with Ace of Clubs&#xD;
Test&#xD;
Test&#xD;
Test&#xD;
Test&#xD;
Player Test1 won trick with Seven of Hearts&#xD;
Test&#xD;
Test&#xD;
Player Test2 won trick with Five of Spades&#xD;
Test&#xD;
Test&#xD;
Test&#xD;
Player Test1 won trick with Six of Clubs&#xD;
Test&#xD;
Test&#xD;
Test&#xD;
Test&#xD;
Player Test1 won trick with Three of Hearts&#xD;
Test&#xD;
Test&#xD;
Player Test1 won trick with Nine of Spades&#xD;
Test&#xD;
Test&#xD;
Test&#xD;
Test&#xD;
Player Test1 won trick with Six of Diamonds&#xD;
Test&#xD;
Test&#xD;
Test&#xD;
Player Test3 won trick with Ace of Hearts&#xD;
Test&#xD;
Player Test3 won trick with Queen of Diamonds&#xD;
Test&#xD;
Test&#xD;
Player Test1 won trick with Queen of Diamonds&#xD;
Test&#xD;
Test&#xD;
Player Test1 won trick with Ten of Clubs&#xD;
Test&#xD;
Test&#xD;
Player Test1 won trick with King of Clubs&#xD;
Test&#xD;
Test&#xD;
Test&#xD;
Player Test1 won trick with King of Spades&#xD;
Test&#xD;
Test&#xD;
Test&#xD;
Player Test1 won trick with Ace of Diamonds&#xD;
Test&#xD;
Test&#xD;
Player Test3 won trick with Jack of Hearts&#xD;
Test&#xD;
Test&#xD;
Test&#xD;
Player Test1 won trick with Ten of Diamonds&#xD;
Test&#xD;
Test&#xD;
Test&#xD;
Player Test1 won trick with Three of Spades&#xD;
Test&#xD;
Test&#xD;
Test&#xD;
Player Test1 won trick with Three of Spades&#xD;
Test&#xD;
Test&#xD;
Test&#xD;
Player Test1 won trick with Jack of Spades&#xD;
Test&#xD;
Test&#xD;
Test&#xD;
Player Test1 won trick with Four of Diamonds&#xD;
Test&#xD;
Player Test2 won trick with Ace of Diamonds&#xD;
Test&#xD;
Test&#xD;
Test&#xD;
Test&#xD;
Player Test1 won trick with Eight of Hearts&#xD;
Test&#xD;
Test&#xD;
Player Test2 won trick with Queen of Diamonds&#xD;
Test&#xD;
Test&#xD;
Test&#xD;
Player Test1 won trick with Five of Diamonds&#xD;
Test&#xD;
Test&#xD;
Player Test1 won trick with King of Clubs&#xD;
Test&#xD;
Test&#xD;
Test&#xD;
Player Test1 won trick with Seven of Spades&#xD;
Test&#xD;
Test&#xD;
Test&#xD;
Player Test1 won trick with Ace of Spades&#xD;
Test&#xD;
Test&#xD;
Test&#xD;
Player Test2 won trick with Nine of Hearts&#xD;
Test&#xD;
Test&#xD;
Player Test1 won trick with Five of Diamonds&#xD;
Test&#xD;
Test&#xD;
Player Test1 won trick with Eight of Diamonds&#xD;
Test&#xD;
Test&#xD;
Player Test2 won trick with Ace of Spades&#xD;
Test&#xD;
Test&#xD;
Test&#xD;
Test&#xD;
Player Test1 won trick with Three of Clubs&#xD;
Test&#xD;
Test&#xD;
Test&#xD;
Test&#xD;
Player Test1 won trick with Eight of Hearts&#xD;
Test&#xD;
Test&#xD;
Test&#xD;
Player Test1 won trick with Four of Hearts&#xD;
Test&#xD;
Test&#xD;
Test&#xD;
Player Test1 won trick with Ace of Clubs&#xD;
Test&#xD;
Test&#xD;
Test&#xD;
Player Test1 won trick with Seven of Hearts&#xD;
Test&#xD;
Test&#xD;
Test&#xD;
Test&#xD;
Player Test1 won trick with Eight of Hearts&#xD;
Test&#xD;
Test&#xD;
Player Test1 won trick with Seven of Clubs&#xD;
Test&#xD;
Test&#xD;
Test&#xD;
Test&#xD;
Player Test1 won trick with Six of Hearts&#xD;
Test&#xD;
Test&#xD;
Player Test1 won trick with Jack of Diamonds&#xD;
Test&#xD;
Test&#xD;
Test&#xD;
Player Test1 won trick with Two of Spades&#xD;
Test&#xD;
Test&#xD;
Player Test1 won trick with Ace of Spades&#xD;
Test&#xD;
Test&#xD;
Test&#xD;
Test&#xD;
Player Test1 won trick with Three of Hearts&#xD;
Test&#xD;
Test&#xD;
Test&#xD;
Player Test1 won trick with King of Spades&#xD;
Test&#xD;
Test&#xD;
Player Test3 won trick with Six of Diamonds&#xD;
Test&#xD;
Test&#xD;
Test&#xD;
Player Test1 won trick with Ten of Spades&#xD;
Test&#xD;
Test&#xD;
Player Test2 won trick with Six of Diamonds&#xD;
Test&#xD;
Test&#xD;
Test&#xD;
Player Test1 won trick with King of Spades&#xD;
Test&#xD;
Test&#xD;
Player Test2 won trick with Ace of Spades&#xD;
Test&#xD;
Test&#xD;
Player Test3 won trick with Seven of Diamonds&#xD;
Test&#xD;
Player Test4 won trick with Four of Clubs&#xD;
Test&#xD;
Test&#xD;
Test&#xD;
Player Test3 won trick with Queen of Hearts&#xD;
Test&#xD;
Test&#xD;
Player Test1 won trick with Four of Clubs&#xD;
Test&#xD;
Test&#xD;
Player Test1 won trick with Four of Spades&#xD;
Test&#xD;
Player Test2 won trick with Queen of Spades&#xD;
Test&#xD;
Test&#xD;
Player Test3 won trick with Jack of Clubs&#xD;
Test&#xD;
Test&#xD;
Test&#xD;
Player Test1 won trick with Eight of Spades&#xD;
Test&#xD;
Test&#xD;
Player Test1 won trick with Seven of Diamonds&#xD;
Test&#xD;
Test&#xD;
Player Test1 won trick with Three of Spades&#xD;
Test&#xD;
Test&#xD;
Test&#xD;
Test&#xD;
Player Test1 won trick with Seven of Hearts&#xD;
Test&#xD;
Test&#xD;
Test&#xD;
Player Test1 won trick with Five of Clubs&#xD;
Test&#xD;
Test&#xD;
Test&#xD;
Player Test1 won trick with Queen of Spades&#xD;
Test&#xD;
Test&#xD;
Player Test3 won trick with Nine of Spades&#xD;
Test&#xD;
Test&#xD;
Player Test3 won trick with Queen of Hearts&#xD;
Test&#xD;
Test&#xD;
Test&#xD;
Player Test1 won trick with Nine of Hearts&#xD;
Test&#xD;
Test&#xD;
Test&#xD;
Test&#xD;
Player Test1 won trick with Five of Hearts&#xD;
Test&#xD;
Test&#xD;
Test&#xD;
Player Test1 won trick with Jack of Clubs&#xD;
Test&#xD;
Test&#xD;
Test&#xD;
Test&#xD;
Player Test1 won trick with Three of Hearts&#xD;
Test&#xD;
Test&#xD;
Player Test2 won trick with Nine of Clubs&#xD;
Test&#xD;
Test&#xD;
Player Test3 won trick with Eight of Clubs&#xD;
Test&#xD;
Test&#xD;
Test&#xD;
Player Test1 won trick with Ace of Spades&#xD;
Test&#xD;
Test&#xD;
Test&#xD;
Player Test1 won trick with King of Spades&#xD;
Test&#xD;
Test&#xD;
Test&#xD;
Player Test1 won trick with Six of Clubs&#xD;
Test&#xD;
Test&#xD;
Test&#xD;
Test&#xD;
Player Test1 won trick with Ace of Diamonds&#xD;
Test&#xD;
Player Test3 won trick with Ace of Spades&#xD;
Test&#xD;
Player Test4 won trick with Nine of Clubs&#xD;
Test&#xD;
Test&#xD;
Test&#xD;
Player Test1 won trick with Jack of Spades&#xD;
Test&#xD;
Test&#xD;
Player Test2 won trick with Queen of Diamonds&#xD;
Test&#xD;
Test&#xD;
Player Test1 won trick with Three of Clubs&#xD;
Test&#xD;
Test&#xD;
Test&#xD;
Player Test1 won trick with Seven of Diamonds&#xD;
Test&#xD;
Test&#xD;
Test&#xD;
Player Test1 won trick with Ten of Spades&#xD;
Test&#xD;
Player Test1 won trick with Jack of Clubs&#xD;
Test&#xD;
Test&#xD;
Test&#xD;
Test&#xD;
Player Test1 won trick with Ten of Hearts&#xD;
Test&#xD;
Test&#xD;
Test&#xD;
Player Test4 won trick with Queen of Hearts&#xD;
Test&#xD;
Test&#xD;
Player Test1 won trick with Jack of Hearts&#xD;
Test&#xD;
Test&#xD;
Test&#xD;
Player Test1 won trick with Three of Diamonds&#xD;
Test&#xD;
Test&#xD;
Test&#xD;
Player Test1 won trick with Queen of Diamonds&#xD;
Test&#xD;
Test&#xD;
Test&#xD;
Player Test4 won trick with Queen of Hearts&#xD;
Test&#xD;
Test&#xD;
Player Test1 won trick with Jack of Diamonds&#xD;
Test&#xD;
Test&#xD;
Test&#xD;
Test&#xD;
Player Test1 won trick with Ten of Hearts&#xD;
Test&#xD;
Player Test2 won trick with Ten of Diamonds&#xD;
Test&#xD;
Test&#xD;
Test&#xD;
Test&#xD;
Player Test1 won trick with Ace of Hearts&#xD;
Test&#xD;
Test&#xD;
Test&#xD;
Player Test1 won trick with Ace of Hearts&#xD;
Test&#xD;
Test&#xD;
Player Test1 won trick with Nine of Spades&#xD;
Test&#xD;
Test&#xD;
Player Test2 won trick with Seven of Spades&#xD;
Test&#xD;
Test&#xD;
Player Test1 won trick with King of Spades&#xD;
Test&#xD;
Test&#xD;
Test&#xD;
Player Test1 won trick with Seven of Diamonds&#xD;
Test&#xD;
Test&#xD;
Test&#xD;
Player Test1 won trick with King of Clubs&#xD;
Test&#xD;
Test&#xD;
Test&#xD;
Player Test1 won trick with King of Spades&#xD;
Test&#xD;
Test&#xD;
Player Test2 won trick with Queen of Hearts&#xD;
Test&#xD;
Test&#xD;
Test&#xD;
Player Test1 won trick with Three of Clubs&#xD;
Test&#xD;
Test&#xD;
Player Test1 won trick with Jack of Clubs&#xD;
Test&#xD;
Test&#xD;
Test&#xD;
Player Test1 won trick with King of Spades&#xD;
Test&#xD;
Test&#xD;
Test&#xD;
Player Test4 won trick with Jack of Hearts&#xD;
Test&#xD;
Test&#xD;
Test&#xD;
Player Test4 won trick with Ace of Spades&#xD;
Test&#xD;
Test&#xD;
Test&#xD;
Test&#xD;
Player Test1 won trick with King of Diamonds&#xD;
Test&#xD;
Test&#xD;
Test&#xD;
Player Test1 won trick with Eight of Diamonds&#xD;
Test&#xD;
Test&#xD;
Test&#xD;
Player Test1 won trick with Ace of Clubs&#xD;
Test&#xD;
Test&#xD;
Player Test1 won trick with Ace of Diamonds&#xD;
Test&#xD;
Player Test3 won trick with King of Spades&#xD;
Test&#xD;
Test&#xD;
Player Test1 won trick with Ace of Hearts&#xD;
Test&#xD;
Test&#xD;
Test&#xD;
Player Test1 won trick with Six of Diamonds&#xD;
Test&#xD;
Test&#xD;
Test&#xD;
Player Test1 won trick with Seven of Spades&#xD;
Test&#xD;
Test&#xD;
Player Test3 won trick with Nine of Diamonds&#xD;
Test&#xD;
Player Test3 won trick with Queen of Spades&#xD;
Test&#xD;
Test&#xD;
Player Test3 won trick with Six of Spades&#xD;
Test&#xD;
Test&#xD;
Player Test3 won trick with King of Clubs&#xD;
Test&#xD;
Test&#xD;
Test&#xD;
Player Test2 won trick with Ten of Hearts&#xD;
Test&#xD;
Test&#xD;
Test&#xD;
Player Test1 won trick with Six of Spades&#xD;
Test&#xD;
Test&#xD;
Test&#xD;
Player Test2 won trick with Nine of Hearts&#xD;
Test&#xD;
Test&#xD;
Test&#xD;
Player Test1 won trick with King of Diamonds&#xD;
Test&#xD;
Test&#xD;
Player Test1 won trick with Ten of Spades&#xD;
Test&#xD;
Test&#xD;
Test&#xD;
Test&#xD;
Player Test1 won trick with Seven of Hearts&#xD;
Test&#xD;
Test&#xD;
Player Test4 won trick with Nine of Hearts&#xD;
Test&#xD;
Player Test2 won trick with Queen of Diamonds&#xD;
Test&#xD;
Test&#xD;
Test&#xD;
Test&#xD;
Player Test1 won trick with Nine of Hearts&#xD;
Test&#xD;
Test&#xD;
Test&#xD;
Player Test1 won trick with Queen of Clubs&#xD;
Test&#xD;
Test&#xD;
Player Test1 won trick with Seven of Clubs&#xD;
Test&#xD;
Test&#xD;
Test&#xD;
Test&#xD;
Player Test1 won trick with Queen of Hearts&#xD;
Test&#xD;
Test&#xD;
Test&#xD;
Player Test4 won trick with Eight of Hearts&#xD;
Test&#xD;
Test&#xD;
Player Test3 won trick with Ace of Diamonds&#xD;
Test&#xD;
Test&#xD;
Player Test1 won trick with Eight of Clubs&#xD;
Test&#xD;
Test&#xD;
Test&#xD;
Player Test1 won trick with King of Clubs&#xD;
Test&#xD;
Test&#xD;
Player Test2 won trick with Nine of Clubs&#xD;
Test&#xD;
Test&#xD;
Player Test1 won trick with Seven of Diamonds&#xD;
Test&#xD;
Test&#xD;
Test&#xD;
Player Test1 won trick with Jack of Hearts&#xD;
Test&#xD;
Test&#xD;
Player Test3 won trick with Ace of Diamonds&#xD;
Test&#xD;
Test&#xD;
Test&#xD;
Player Test1 won trick with Four of Spades&#xD;
Test&#xD;
Test&#xD;
Player Test1 won trick with Seven of Spades&#xD;
Test&#xD;
Test&#xD;
Player Test2 won trick with King of Diamonds&#xD;
Test&#xD;
Test&#xD;
Test&#xD;
Test&#xD;
Player Test1 won trick with Jack of Clubs&#xD;
Test&#xD;
Test&#xD;
Player Test4 won trick with King of Clubs&#xD;
Test&#xD;
Test&#xD;
Player Test3 won trick with Five of Clubs&#xD;
Test&#xD;
Test&#xD;
Player Test2 won trick with Eight of Diamonds&#xD;
Test&#xD;
Test&#xD;
Test&#xD;
Test&#xD;
Player Test1 won trick with Six of Hearts&#xD;
Test&#xD;
Test&#xD;
Player Test1 won trick with Eight of Spades&#xD;
Test&#xD;
Test&#xD;
Player Test2 won trick with King of Spades&#xD;
Test&#xD;
Test&#xD;
Test&#xD;
Player Test3 won trick with King of Hearts&#xD;
Test&#xD;
Test&#xD;
Player Test1 won trick with Ace of Clubs&#xD;
Test&#xD;
Test&#xD;
Test&#xD;
Test&#xD;
Player Test1 won trick with Ten of Hearts&#xD;
Test&#xD;
Test&#xD;
Test&#xD;
Player Test3 won trick with Queen of Hearts&#xD;
Test&#xD;
Player Test3 won trick with Ten of Spades&#xD;
Test&#xD;
Test&#xD;
Test&#xD;
Test&#xD;
Player Test1 won trick with Two of Hearts&#xD;
Test&#xD;
Test&#xD;
Test&#xD;
Player Test1 won trick with King of Spades&#xD;
Test&#xD;
Test&#xD;
Player Test1 won trick with Jack of Diamonds&#xD;
Test&#xD;
Player Test2 won trick with Ace of Diamonds&#xD;
Test&#xD;
Test&#xD;
Player Test1 won trick with Queen of Clubs&#xD;
Test&#xD;
Test&#xD;
Test&#xD;
Player Test1 won trick with Ace of Clubs&#xD;
Test&#xD;
Test&#xD;
Test&#xD;
Player Test1 won trick with Five of Clubs&#xD;
Test&#xD;
Test&#xD;
Player Test2 won trick with Four of Clubs&#xD;
Test&#xD;
Test&#xD;
Test&#xD;
Player Test1 won trick with King of Clubs&#xD;
Test&#xD;
Test&#xD;
Test&#xD;
Player Test1 won trick with Five of Spades&#xD;
Test&#xD;
Test&#xD;
Test&#xD;
Player Test1 won trick with Four of Spades&#xD;
Test&#xD;
Test&#xD;
Player Test3 won trick with Nine of Spades&#xD;
Test&#xD;
Test&#xD;
Test&#xD;
Test&#xD;
Player Test1 won trick with Nine of Hearts&#xD;
Test&#xD;
Test&#xD;
Test&#xD;
Player Test1 won trick with Nine of Clubs&#xD;
Test&#xD;
Test&#xD;
Player Test1 won trick with Queen of Clubs&#xD;
Test&#xD;
Test&#xD;
Player Test3 won trick with Seven of Clubs&#xD;
Test&#xD;
Test&#xD;
Test&#xD;
Player Test1 won trick with Four of Diamonds&#xD;
Test&#xD;
Test&#xD;
Test&#xD;
Player Test1 won trick with Four of Diamonds&#xD;
Test&#xD;
Test&#xD;
Test&#xD;
Player Test1 won trick with Three of Spades&#xD;
Test&#xD;
Test&#xD;
Test&#xD;
Test&#xD;
Player Test1 won trick with Five of Hearts&#xD;
Test&#xD;
Test&#xD;
Test&#xD;
Player Test1 won trick with Jack of Hearts&#xD;
Test&#xD;
Test&#xD;
Player Test1 won trick with Eight of Spades&#xD;
Test&#xD;
Test&#xD;
Player Test2 won trick with Five of Clubs&#xD;
Test&#xD;
Test&#xD;
Player Test1 won trick with Six of Clubs&#xD;
Test&#xD;
Test&#xD;
Test&#xD;
Player Test1 won trick with Seven of Spades&#xD;
Test&#xD;
Test&#xD;
Test&#xD;
Player Test1 won trick with Four of Spades&#xD;
Test&#xD;
Test&#xD;
Player Test1 won trick with Queen of Spades&#xD;
Test&#xD;
Player Test3 won trick with Queen of Hearts&#xD;
Test&#xD;
Test&#xD;
Player Test2 won trick with Ace of Hearts&#xD;
Test&#xD;
Test&#xD;
Test&#xD;
Player Test1 won trick with Four of Hearts&#xD;
Test&#xD;
Test&#xD;
Test&#xD;
Test&#xD;
Player Test1 won trick with Four of Hearts&#xD;
Test&#xD;
Test&#xD;
Player Test1 won trick with Queen of Clubs&#xD;
Test&#xD;
Test&#xD;
Test&#xD;
Player Test4 won trick with Ace of Hearts&#xD;
Test&#xD;
Test&#xD;
Test&#xD;
Player Test1 won trick with Three of Diamonds&#xD;
Test&#xD;
Test&#xD;
Player Test3 won trick with King of Diamonds&#xD;
Test&#xD;
Test&#xD;
Player Test1 won trick with Queen of Diamonds&#xD;
Test&#xD;
Test&#xD;
Player Test1 won trick with King of Spades&#xD;
Test&#xD;
Test&#xD;
Test&#xD;
Test&#xD;
Player Test1 won trick with Three of Hearts&#xD;
Test&#xD;
Test&#xD;
Test&#xD;
Player Test1 won trick with Two of Spades&#xD;
Test&#xD;
Test&#xD;
Player Test1 won trick with Seven of Spades&#xD;
Test&#xD;
Test&#xD;
Player Test2 won trick with Six of Clubs&#xD;
Test&#xD;
Test&#xD;
Test&#xD;
Player Test1 won trick with Jack of Spades&#xD;
Test&#xD;
Test&#xD;
Test&#xD;
Player Test1 won trick with Queen of Clubs&#xD;
Test&#xD;
Test&#xD;
Test&#xD;
Player Test1 won trick with Two of Diamonds&#xD;
Test&#xD;
Player Test1 won trick with Ace of Spades&#xD;
Test&#xD;
Test&#xD;
Player Test2 won trick with King of Clubs&#xD;
Test&#xD;
Test&#xD;
Player Test1 won trick with Ace of Diamonds&#xD;
Test&#xD;
Test&#xD;
Test&#xD;
Test&#xD;
Player Test1 won trick with Eight of Diamonds&#xD;
Test&#xD;
Player Test4 won trick with Nine of Clubs&#xD;
Test&#xD;
Test&#xD;
Test&#xD;
Player Test1 won trick with Five of Clubs&#xD;
Test&#xD;
Test&#xD;
Test&#xD;
Player Test1 won trick with Seven of Spades&#xD;
Test&#xD;
Test&#xD;
Player Test1 won trick with Six of Diamonds&#xD;
Test&#xD;
Test&#xD;
Test&#xD;
Player Test1 won trick with Two of Diamonds&#xD;
Test&#xD;
Test&#xD;
Test&#xD;
Test&#xD;
Player Test1 won trick with Four of Hearts&#xD;
Test&#xD;
Test&#xD;
Test&#xD;
Player Test2 won trick with Seven of Hearts&#xD;
Test&#xD;
Test&#xD;
Test&#xD;
Player Test1 won trick with Four of Spades&#xD;
Test&#xD;
Test&#xD;
Player Test4 won trick with Ten of Spades&#xD;
Test&#xD;
Test&#xD;
Player Test1 won trick with Queen of Diamonds&#xD;
Test&#xD;
Player Test3 won trick with Ace of Clubs&#xD;
Test&#xD;
Test&#xD;
Test&#xD;
Player Test3 won trick with Ace of Spades&#xD;
Test&#xD;
Player Test2 won trick with King of Spades&#xD;
Test&#xD;
Test&#xD;
Player Test1 won trick with Six of Clubs&#xD;
Test&#xD;
Test&#xD;
Test&#xD;
Player Test1 won trick with Eight of Clubs&#xD;
Player Test4 won trick with King of Diamonds&#xD;
Test&#xD;
Test&#xD;
Test&#xD;
Player Test1 won trick with Four of Spades&#xD;
Test&#xD;
Test&#xD;
Player Test4 won trick with Queen of Diamonds&#xD;
Test&#xD;
Test&#xD;
Test&#xD;
Player Test1 won trick with Queen of Spades&#xD;
Test&#xD;
Test&#xD;
Player Test1 won trick with King of Hearts&#xD;
Test&#xD;
Test&#xD;
Test&#xD;
Player Test1 won trick with Three of Spades&#xD;
Test&#xD;
Test&#xD;
Test&#xD;
Test&#xD;
Player Test1 won trick with Ace of Hearts&#xD;
Test&#xD;
Test&#xD;
Test&#xD;
Player Test1 won trick with Ace of Spades&#xD;
Test&#xD;
Test&#xD;
Test&#xD;
Player Test2 won trick with Jack of Hearts&#xD;
Test&#xD;
Test&#xD;
Player Test2 won trick with Eight of Spades&#xD;
Test&#xD;
Test&#xD;
Player Test1 won trick with Ten of Hearts&#xD;
Test&#xD;
Test&#xD;
Test&#xD;
Player Test1 won trick with Ten of Spades&#xD;
Test&#xD;
Test&#xD;
Test&#xD;
Player Test1 won trick with Five of Clubs&#xD;
Test&#xD;
Test&#xD;
Test&#xD;
Player Test1 won trick with Three of Diamonds&#xD;
Test&#xD;
Test&#xD;
Test&#xD;
Player Test2 won trick with Ace of Hearts&#xD;
Test&#xD;
Test&#xD;
Test&#xD;
Test&#xD;
Player Test1 won trick with Jack of Hearts&#xD;
Test&#xD;
Test&#xD;
Player Test4 won trick with Ace of Diamonds&#xD;
Test&#xD;
Test&#xD;
Player Test1 won trick with Seven of Hearts&#xD;
Test&#xD;
Test&#xD;
Test&#xD;
Player Test3 won trick with Jack of Hearts&#xD;
Test&#xD;
Test&#xD;
Test&#xD;
Player Test1 won trick with Ace of Clubs&#xD;
Test&#xD;
Test&#xD;
Player Test1 won trick with Seven of Spades&#xD;
Test&#xD;
Test&#xD;
Test&#xD;
Player Test2 won trick with Jack of Hearts&#xD;
Test&#xD;
Test&#xD;
Player Test3 won trick with Queen of Clubs&#xD;
Test&#xD;
Test&#xD;
Player Test1 won trick with Jack of Diamonds&#xD;
Test&#xD;
Test&#xD;
Test&#xD;
Player Test1 won trick with Eight of Spades&#xD;
Test&#xD;
Player Test2 won trick with Ten of Spades&#xD;
Test&#xD;
Test&#xD;
Test&#xD;
Test&#xD;
Player Test1 won trick with Queen of Hearts&#xD;
Test&#xD;
Test&#xD;
Test&#xD;
Test&#xD;
Player Test1 won trick with Seven of Hearts&#xD;
Test&#xD;
Test&#xD;
Test&#xD;
Player Test1 won trick with Queen of Hearts&#xD;
Test&#xD;
Test&#xD;
Test&#xD;
Player Test1 won trick with Two of Spades&#xD;
Test&#xD;
Test&#xD;
Test&#xD;
Player Test1 won trick with Ace of Clubs&#xD;
Test&#xD;
Test&#xD;
Test&#xD;
Player Test1 won trick with Ace of Spades&#xD;
Test&#xD;
Test&#xD;
Test&#xD;
Player Test1 won trick with Two of Clubs&#xD;
Test&#xD;
Test&#xD;
Test&#xD;
Test&#xD;
Player Test1 won trick with Four of Hearts&#xD;
Test&#xD;
Test&#xD;
Test&#xD;
Player Test1 won trick with Two of Spades&#xD;
Test&#xD;
Test&#xD;
Player Test1 won trick with Jack of Diamonds&#xD;
Test&#xD;
Test&#xD;
Test&#xD;
Player Test1 won trick with Nine of Spades&#xD;
Test&#xD;
Test&#xD;
Test&#xD;
Test&#xD;
Player Test1 won trick with Queen of Hearts&#xD;
Test&#xD;
Test&#xD;
Test&#xD;
Player Test1 won trick with Three of Spades&#xD;
Test&#xD;
Test&#xD;
Test&#xD;
Player Test1 won trick with King of Hearts&#xD;
Test&#xD;
Test&#xD;
Test&#xD;
Player Test1 won trick with Ten of Diamonds&#xD;
Test&#xD;
Test&#xD;
Player Test3 won trick with Five of Diamonds&#xD;
Test&#xD;
Test&#xD;
Player Test4 won trick with Jack of Hearts&#xD;
Test&#xD;
Test&#xD;
Test&#xD;
Test&#xD;
Player Test1 won trick with Four of Hearts&#xD;
Test&#xD;
Test&#xD;
Test&#xD;
Test&#xD;
Player Test1 won trick with Three of Hearts&#xD;
Test&#xD;
Test&#xD;
Player Test1 won trick with Queen of Diamonds&#xD;
Test&#xD;
Test&#xD;
Test&#xD;
Test&#xD;
Player Test1 won trick with Ace of Hearts&#xD;
Test&#xD;
Test&#xD;
Test&#xD;
Test&#xD;
Player Test1 won trick with Ten of Spades&#xD;
Test&#xD;
Test&#xD;
Test&#xD;
Player Test1 won trick with Four of Spades&#xD;
Test&#xD;
Test&#xD;
Test&#xD;
Player Test1 won trick with Jack of Spades&#xD;
Test&#xD;
Test&#xD;
Player Test1 won trick with Five of Clubs&#xD;
Test&#xD;
Test&#xD;
Player Test3 won trick with Ace of Hearts&#xD;
Test&#xD;
Test&#xD;
Player Test4 won trick with Seven of Spades&#xD;
Test&#xD;
Test&#xD;
Test&#xD;
Test&#xD;
Player Test1 won trick with Four of Hearts&#xD;
Test&#xD;
Test&#xD;
Player Test4 won trick with Ten of Clubs&#xD;
Test&#xD;
Test&#xD;
Test&#xD;
Player Test1 won trick with Four of Hearts&#xD;
Test&#xD;
Test&#xD;
Player Test2 won trick with King of Spades&#xD;
Test&#xD;
Test&#xD;
Test&#xD;
Player Test3 won trick with Queen of Hearts&#xD;
Test&#xD;
Player Test3 won trick with Jack of Diamonds&#xD;
Test&#xD;
Test&#xD;
Test&#xD;
Player Test1 won trick with Jack of Clubs&#xD;
Test&#xD;
Test&#xD;
Player Test2 won trick with Jack of Clubs&#xD;
Test&#xD;
Test&#xD;
Test&#xD;
Player Test1 won trick with Six of Clubs&#xD;
Test&#xD;
Test&#xD;
Test&#xD;
Player Test1 won trick with Ten of Hearts&#xD;
Test&#xD;
Test&#xD;
Test&#xD;
Player Test1 won trick with Six of Clubs&#xD;
Test&#xD;
Test&#xD;
Player Test1 won trick with Ten of Clubs&#xD;
Test&#xD;
Test&#xD;
Test&#xD;
Player Test1 won trick with Seven of Clubs&#xD;
Test&#xD;
Test&#xD;
Test&#xD;
Player Test1 won trick with Nine of Hearts&#xD;
Test&#xD;
Test&#xD;
Player Test3 won trick with Seven of Clubs&#xD;
Test&#xD;
Test&#xD;
Player Test1 won trick with Six of Diamonds&#xD;
Test&#xD;
Test&#xD;
Test&#xD;
Test&#xD;
Player Test1 won trick with Jack of Clubs&#xD;
Test&#xD;
Test&#xD;
Test&#xD;
Player Test1 won trick with Nine of Clubs&#xD;
Test&#xD;
Test&#xD;
Test&#xD;
Test&#xD;
Player Test1 won trick with Five of Hearts&#xD;
Test&#xD;
Test&#xD;
Test&#xD;
Test&#xD;
Player Test1 won trick with Two of Hearts&#xD;
Test&#xD;
Test&#xD;
Player Test3 won trick with Nine of Hearts&#xD;
Test&#xD;
Test&#xD;
Test&#xD;
Player Test1 won trick with King of Diamonds&#xD;
Test&#xD;
Test&#xD;
Test&#xD;
Player Test1 won trick with Six of Clubs&#xD;
Test&#xD;
Test&#xD;
Test&#xD;
Player Test3 won trick with King of Hearts&#xD;
Test&#xD;
Test&#xD;
Player Test1 won trick with Five of Spades&#xD;
Test&#xD;
Test&#xD;
Test&#xD;
Player Test1 won trick with Two of Diamonds&#xD;
Test&#xD;
Test&#xD;
Player Test3 won trick with Queen of Clubs&#xD;
Test&#xD;
Test&#xD;
Test&#xD;
Player Test2 won trick with King of Hearts&#xD;
Test&#xD;
Test&#xD;
Player Test1 won trick with Nine of Spades&#xD;
Test&#xD;
Test&#xD;
Player Test1 won trick with King of Hearts&#xD;
Test&#xD;
Player Test4 won trick with Nine of Clubs&#xD;
Test&#xD;
Player Test4 won trick with Five of Diamonds&#xD;
Test&#xD;
Test&#xD;
Test&#xD;
Player Test1 won trick with Ace of Hearts&#xD;
Test&#xD;
Test&#xD;
Player Test3 won trick with Seven of Diamonds&#xD;
Test&#xD;
Test&#xD;
Player Test1 won trick with Ten of Clubs&#xD;
Test&#xD;
Test&#xD;
Test&#xD;
Player Test1 won trick with Queen of Hearts&#xD;
Test&#xD;
Test&#xD;
Test&#xD;
Player Test1 won trick with Ten of Diamonds&#xD;
Player Test3 won trick with Ace of Clubs&#xD;
Test&#xD;
Test&#xD;
Player Test1 won trick with Ace of Clubs&#xD;
Test&#xD;
Test&#xD;
Player Test2 won trick with Four of Clubs&#xD;
Test&#xD;
Player Test2 won trick with Ace of Diamonds&#xD;
Test&#xD;
Test&#xD;
Test&#xD;
Test&#xD;
Player Test1 won trick with Queen of Hearts&#xD;
Test&#xD;
Test&#xD;
Player Test1 won trick with Six of Diamonds&#xD;
Test&#xD;
Test&#xD;
Test&#xD;
Player Test1 won trick with King of Clubs&#xD;
Test&#xD;
Test&#xD;
Test&#xD;
Player Test1 won trick with King of Hearts&#xD;
Test&#xD;
Test&#xD;
Test&#xD;
Player Test1 won trick with Five of Clubs&#xD;
Test&#xD;
Test&#xD;
Test&#xD;
Player Test2 won trick with Jack of Diamonds&#xD;
Test&#xD;
Test&#xD;
Test&#xD;
Player Test1 won trick with Two of Diamonds&#xD;
Test&#xD;
Test&#xD;
Player Test1 won trick with Eight of Clubs&#xD;
Test&#xD;
Test&#xD;
Test&#xD;
Player Test1 won trick with Jack of Hearts&#xD;
Test&#xD;
Test&#xD;
Test&#xD;
Player Test1 won trick with Seven of Clubs&#xD;
Test&#xD;
Test&#xD;
Test&#xD;
Player Test1 won trick with Two of Clubs&#xD;
Test&#xD;
Test&#xD;
Test&#xD;
Test&#xD;
Player Test1 won trick with Ace of Hearts&#xD;
Test&#xD;
Player Test4 won trick with Jack of Diamonds&#xD;
Test&#xD;
Test&#xD;
Player Test2 won trick with Five of Clubs&#xD;
Test&#xD;
Test&#xD;
Player Test1 won trick with Ace of Spades&#xD;
Test&#xD;
Test&#xD;
Player Test4 won trick with Queen of Clubs&#xD;
Test&#xD;
Test&#xD;
Test&#xD;
Player Test1 won trick with Nine of Clubs&#xD;
Test&#xD;
Test&#xD;
Test&#xD;
Player Test1 won trick with King of Diamonds&#xD;
Test&#xD;
Player Test2 won trick with Ace of Clubs&#xD;
Test&#xD;
Test&#xD;
Player Test4 won trick with Ace of Diamonds&#xD;
Test&#xD;
Test&#xD;
Test&#xD;
Test&#xD;
Player Test1 won trick with Ace of Hearts&#xD;
Test&#xD;
Test&#xD;
Player Test1 won trick with Ten of Diamonds&#xD;
Test&#xD;
Test&#xD;
Test&#xD;
Test&#xD;
Player Test1 won trick with Two of Hearts&#xD;
Test&#xD;
Test&#xD;
Player Test1 won trick with Jack of Diamonds&#xD;
Test&#xD;
Test&#xD;
Player Test3 won trick with Eight of Clubs&#xD;
Test&#xD;
Test&#xD;
Test&#xD;
Player Test1 won trick with Nine of Hearts&#xD;
Test&#xD;
Test&#xD;
Player Test4 won trick with Queen of Hearts&#xD;
Test&#xD;
Test&#xD;
Test&#xD;
Player Test1 won trick with Four of Clubs&#xD;
Test&#xD;
Test&#xD;
Test&#xD;
Test&#xD;
Player Test1 won trick with Ace of Hearts&#xD;
Test&#xD;
Player Test4 won trick with Ace of Clubs&#xD;
Test&#xD;
Test&#xD;
Test&#xD;
Player Test1 won trick with Two of Clubs&#xD;
Test&#xD;
Test&#xD;
Test&#xD;
Player Test1 won trick with Five of Spades&#xD;
Player Test3 won trick with Ace of Clubs&#xD;
Test&#xD;
Test&#xD;
Test&#xD;
Player Test1 won trick with Five of Hearts&#xD;
Test&#xD;
Test&#xD;
Test&#xD;
Player Test1 won trick with Ace of Diamonds&#xD;
Test&#xD;
Test&#xD;
Test&#xD;
Player Test1 won trick with Ace of Spades&#xD;
Test&#xD;
Test&#xD;
Player Test2 won trick with King of Clubs&#xD;
Test&#xD;
Player Test4 won trick with Six of Clubs&#xD;
Test&#xD;
Test&#xD;
Test&#xD;
Test&#xD;
Player Test1 won trick with King of Clubs&#xD;
Test&#xD;
Test&#xD;
Test&#xD;
Test&#xD;
Player Test1 won trick with Jack of Hearts&#xD;
Test&#xD;
Test&#xD;
Player Test3 won trick with Queen of Clubs&#xD;
Test&#xD;
Test&#xD;
Player Test1 won trick with Queen of Diamonds&#xD;
Test&#xD;
Test&#xD;
Test&#xD;
Player Test1 won trick with Ten of Hearts&#xD;
Test&#xD;
Test&#xD;
Test&#xD;
Player Test1 won trick with Seven of Spades&#xD;
Test&#xD;
Test&#xD;
Test&#xD;
Player Test1 won trick with Ace of Clubs&#xD;
Test&#xD;
Test&#xD;
Test&#xD;
Player Test1 won trick with Four of Spades&#xD;
Test&#xD;
Test&#xD;
Test&#xD;
Player Test1 won trick with Jack of Clubs&#xD;
Test&#xD;
Test&#xD;
Test&#xD;
Player Test1 won trick with Queen of Diamonds&#xD;
Test&#xD;
Test&#xD;
Test&#xD;
Player Test1 won trick with Six of Diamonds&#xD;
Test&#xD;
Test&#xD;
Test&#xD;
Player Test1 won trick with Two of Spades&#xD;
Test&#xD;
Test&#xD;
Player Test1 won trick with King of Spades&#xD;
Test&#xD;
Test&#xD;
Test&#xD;
Test&#xD;
Player Test1 won trick with Ace of Hearts&#xD;
Test&#xD;
Test&#xD;
Test&#xD;
Player Test1 won trick with Jack of Diamonds&#xD;
Test&#xD;
Test&#xD;
Test&#xD;
Player Test1 won trick with Seven of Clubs&#xD;
Test&#xD;
Test&#xD;
Player Test1 won trick with Ace of Clubs&#xD;
Test&#xD;
Test&#xD;
Test&#xD;
Player Test1 won trick with Nine of Diamonds&#xD;
Test&#xD;
Test&#xD;
Player Test1 won trick with Jack of Spades&#xD;
Test&#xD;
Test&#xD;
Player Test3 won trick with Jack of Diamonds&#xD;
Test&#xD;
Test&#xD;
Test&#xD;
Player Test1 won trick with Four of Diamonds&#xD;
Test&#xD;
Test&#xD;
Test&#xD;
Player Test1 won trick with Seven of Diamonds&#xD;
Test&#xD;
Test&#xD;
Test&#xD;
Player Test2 won trick with King of Hearts&#xD;
Test&#xD;
Player Test2 won trick with Ace of Clubs&#xD;
Test&#xD;
Test&#xD;
Test&#xD;
Player Test1 won trick with Ten of Clubs&#xD;
Test&#xD;
Test&#xD;
Test&#xD;
Player Test3 won trick with Queen of Spades&#xD;
Test&#xD;
Test&#xD;
Test&#xD;
Player Test1 won trick with Three of Spades&#xD;
Test&#xD;
Test&#xD;
Test&#xD;
Player Test1 won trick with Queen of Clubs&#xD;
Test&#xD;
Test&#xD;
Test&#xD;
Player Test1 won trick with Queen of Clubs&#xD;
Test&#xD;
Test&#xD;
Test&#xD;
Player Test1 won trick with Ace of Clubs&#xD;
Test&#xD;
Test&#xD;
Test&#xD;
Test&#xD;
Player Test1 won trick with Queen of Hearts&#xD;
Test&#xD;
Player Test4 won trick with Ace of Diamonds&#xD;
Test&#xD;
Test&#xD;
Player Test1 won trick with Eight of Diamonds&#xD;
Test&#xD;
Player Test2 won trick with Ace of Clubs&#xD;
Test&#xD;
Test&#xD;
Player Test4 won trick with Ace of Hearts&#xD;
Test&#xD;
Test&#xD;
Test&#xD;
Player Test1 won trick with Seven of Diamonds&#xD;
Test&#xD;
Test&#xD;
Player Test1 won trick with Ten of Clubs&#xD;
Test&#xD;
Test&#xD;
Test&#xD;
Player Test1 won trick with Jack of Diamonds&#xD;
Test&#xD;
Test&#xD;
Test&#xD;
Player Test1 won trick with Eight of Diamonds&#xD;
Test&#xD;
Test&#xD;
Player Test3 won trick with Ace of Clubs&#xD;
Test&#xD;
Test&#xD;
Test&#xD;
Test&#xD;
Player Test1 won trick with Five of Hearts&#xD;
Test&#xD;
Test&#xD;
Player Test1 won trick with Ace of Diamonds&#xD;
Test&#xD;
Test&#xD;
Test&#xD;
Test&#xD;
Player Test1 won trick with Seven of Hearts&#xD;
Test&#xD;
Test&#xD;
Test&#xD;
Test&#xD;
Player Test1 won trick with Seven of Hearts&#xD;
Test&#xD;
Test&#xD;
Test&#xD;
Player Test1 won trick with Jack of Diamonds&#xD;
Test&#xD;
Test&#xD;
Test&#xD;
Player Test1 won trick with Eight of Spades&#xD;
Test&#xD;
Test&#xD;
Player Test1 won trick with Ten of Clubs&#xD;
Test&#xD;
Test&#xD;
Test&#xD;
Test&#xD;
Player Test1 won trick with Ten of Hearts&#xD;
Test&#xD;
Test&#xD;
Test&#xD;
Player Test1 won trick with King of Diamonds&#xD;
Test&#xD;
Test&#xD;
Test&#xD;
Player Test1 won trick with Ten of Clubs&#xD;
Test&#xD;
Test&#xD;
Test&#xD;
Player Test1 won trick with King of Clubs&#xD;
Test&#xD;
Test&#xD;
Player Test2 won trick with Ten of Diamonds&#xD;
Test&#xD;
Test&#xD;
Test&#xD;
Player Test1 won trick with Seven of Hearts&#xD;
Test&#xD;
Test&#xD;
Test&#xD;
Player Test1 won trick with Two of Spades&#xD;
Test&#xD;
Test&#xD;
Player Test1 won trick with Eight of Spades&#xD;
Player Test2 won trick with Nine of Spades&#xD;
Test&#xD;
Test&#xD;
Player Test4 won trick with Ace of Diamonds&#xD;
Test&#xD;
Test&#xD;
Player Test1 won trick with Eight of Diamonds&#xD;
Test&#xD;
Test&#xD;
Test&#xD;
Player Test1 won trick with Eight of Clubs&#xD;
Test&#xD;
Test&#xD;
Test&#xD;
Test&#xD;
Player Test1 won trick with Jack of Hearts&#xD;
Test&#xD;
Test&#xD;
Test&#xD;
Test&#xD;
Player Test1 won trick with Jack of Clubs&#xD;
Test&#xD;
Test&#xD;
Test&#xD;
Player Test1 won trick with Four of Hearts&#xD;
Test&#xD;
Test&#xD;
Player Test4 won trick with Nine of Spades&#xD;
Test&#xD;
Test&#xD;
Player Test1 won trick with Six of Spades&#xD;
Test&#xD;
Test&#xD;
Player Test2 won trick with Ten of Diamonds&#xD;
Test&#xD;
Test&#xD;
Player Test4 won trick with King of Hearts&#xD;
Test&#xD;
Test&#xD;
Player Test1 won trick with King of Diamonds&#xD;
Test&#xD;
Test&#xD;
Test&#xD;
Player Test1 won trick with Eight of Clubs&#xD;
Test&#xD;
Test&#xD;
Test&#xD;
Player Test1 won trick with Four of Diamonds&#xD;
Test&#xD;
Test&#xD;
Test&#xD;
Test&#xD;
Player Test1 won trick with King of Spades&#xD;
Test&#xD;
Test&#xD;
Test&#xD;
Player Test1 won trick with Eight of Clubs&#xD;
Test&#xD;
Test&#xD;
Player Test1 won trick with King of Diamonds&#xD;
Test&#xD;
Test&#xD;
Test&#xD;
Player Test1 won trick with Jack of Hearts&#xD;
Test&#xD;
Test&#xD;
Test&#xD;
Player Test4 won trick with Eight of Hearts&#xD;
Test&#xD;
Test&#xD;
Player Test1 won trick with Ten of Spades&#xD;
Test&#xD;
Test&#xD;
Player Test2 won trick with Jack of Spades&#xD;
Test&#xD;
Test&#xD;
Player Test1 won trick with Eight of Clubs&#xD;
Test&#xD;
Test&#xD;
Test&#xD;
Player Test4 won trick with Nine of Hearts&#xD;
Test&#xD;
Test&#xD;
Player Test1 won trick with Eight of Spades&#xD;
Test&#xD;
Test&#xD;
Player Test1 won trick with Queen of Diamonds&#xD;
Test&#xD;
Test&#xD;
Test&#xD;
Test&#xD;
Player Test1 won trick with Ten of Hearts&#xD;
Test&#xD;
Test&#xD;
Player Test1 won trick with King of Diamonds&#xD;
Test&#xD;
Player Test3 won trick with Ten of Clubs&#xD;
Test&#xD;
Test&#xD;
Player Test2 won trick with Queen of Clubs&#xD;
Test&#xD;
Test&#xD;
Test&#xD;
Test&#xD;
Player Test1 won trick with Nine of Hearts&#xD;
Test&#xD;
Test&#xD;
Test&#xD;
Test&#xD;
Player Test1 won trick with Ace of Hearts&#xD;
Test&#xD;
Test&#xD;
Test&#xD;
Test&#xD;
Player Test1 won trick with Three of Hearts&#xD;
Test&#xD;
Test&#xD;
Test&#xD;
Player Test1 won trick with Jack of Hearts&#xD;
Test&#xD;
Test&#xD;
Test&#xD;
Test&#xD;
Player Test1 won trick with Five of Hearts&#xD;
Test&#xD;
Test&#xD;
Player Test1 won trick with Ace of Clubs&#xD;
Test&#xD;
Test&#xD;
Player Test1 won trick with Five of Spades&#xD;
Test&#xD;
Test&#xD;
Test&#xD;
Player Test3 won trick with Ten of Spades&#xD;
Test&#xD;
Test&#xD;
Player Test1 won trick with Nine of Diamonds&#xD;
Test&#xD;
Test&#xD;
Player Test1 won trick with Seven of Diamonds&#xD;
Test&#xD;
Test&#xD;
Test&#xD;
Player Test1 won trick with Queen of Clubs&#xD;
Test&#xD;
Test&#xD;
Test&#xD;
Player Test2 won trick with Seven of Hearts&#xD;
Test&#xD;
Test&#xD;
Test&#xD;
Player Test3 won trick with Nine of Hearts&#xD;
Test&#xD;
Player Test2 won trick with Nine of Diamonds&#xD;
Test&#xD;
Test&#xD;
Test&#xD;
Player Test1 won trick with Seven of Clubs&#xD;
Test&#xD;
Test&#xD;
Player Test1 won trick with Jack of Spades&#xD;
Test&#xD;
Test&#xD;
Test&#xD;
Test&#xD;
Player Test1 won trick with Seven of Hearts&#xD;
Test&#xD;
Test&#xD;
Player Test1 won trick with Eight of Spades&#xD;
Test&#xD;
Test&#xD;
Player Test1 won trick with Seven of Diamonds&#xD;
Test&#xD;
Test&#xD;
Test&#xD;
Test&#xD;
Player Test1 won trick with Four of Hearts&#xD;
Test&#xD;
Test&#xD;
Test&#xD;
Player Test3 won trick with Four of Hearts&#xD;
Test&#xD;
Test&#xD;
Player Test1 won trick with Queen of Spades&#xD;
Test&#xD;
Test&#xD;
Player Test2 won trick with Queen of Clubs&#xD;
Test&#xD;
Test&#xD;
Test&#xD;
Player Test1 won trick with Three of Spades&#xD;
Test&#xD;
Test&#xD;
Test&#xD;
Test&#xD;
Player Test1 won trick with Seven of Hearts&#xD;
Test&#xD;
Test&#xD;
Test&#xD;
Player Test1 won trick with Six of Spades&#xD;
Test&#xD;
Test&#xD;
Player Test3 won trick with Five of Diamonds&#xD;
Test&#xD;
Test&#xD;
Test&#xD;
Player Test1 won trick with Five of Clubs&#xD;
Test&#xD;
Test&#xD;
Test&#xD;
Player Test1 won trick with Eight of Spades&#xD;
Test&#xD;
Test&#xD;
Player Test3 won trick with King of Spades&#xD;
Player Test1 won trick with King of Spades&#xD;
Test&#xD;
Test&#xD;
Player Test4 won trick with Seven of Clubs&#xD;
Test&#xD;
Test&#xD;
Test&#xD;
Test&#xD;
Player Test1 won trick with Eight of Clubs&#xD;
Test&#xD;
Test&#xD;
Test&#xD;
Test&#xD;
Player Test1 won trick with Four of Hearts&#xD;
Test&#xD;
Test&#xD;
Test&#xD;
Player Test1 won trick with Eight of Diamonds&#xD;
Test&#xD;
Test&#xD;
Test&#xD;
Player Test1 won trick with Ace of Spades&#xD;
Test&#xD;
Test&#xD;
Test&#xD;
Player Test1 won trick with Two of Clubs&#xD;
Test&#xD;
Test&#xD;
Player Test1 won trick with Jack of Spades&#xD;
Test&#xD;
Test&#xD;
Test&#xD;
Player Test1 won trick with Two of Spades&#xD;
Test&#xD;
Test&#xD;
Test&#xD;
Test&#xD;
Player Test1 won trick with King of Hearts&#xD;
Test&#xD;
Test&#xD;
Player Test3 won trick with Five of Diamonds&#xD;
Test&#xD;
Test&#xD;
Test&#xD;
Test&#xD;
Player Test1 won trick with Seven of Hearts&#xD;
Test&#xD;
Test&#xD;
Player Test1 won trick with Jack of Clubs&#xD;
Test&#xD;
Test&#xD;
Test&#xD;
Test&#xD;
Player Test1 won trick with Jack of Hearts&#xD;
Test&#xD;
Test&#xD;
Test&#xD;
Test&#xD;
Player Test1 won trick with Jack of Hearts&#xD;
Test&#xD;
Test&#xD;
Player Test1 won trick with Two of Spades&#xD;
Test&#xD;
Test&#xD;
Player Test4 won trick with Queen of Diamonds&#xD;
Test&#xD;
Player Test4 won trick with Eight of Spades&#xD;
Test&#xD;
Test&#xD;
Player Test1 won trick with Four of Diamonds&#xD;
Test&#xD;
Test&#xD;
Test&#xD;
Player Test1 won trick with Jack of Clubs&#xD;
Test&#xD;
Test&#xD;
Test&#xD;
Player Test1 won trick with Three of Clubs&#xD;
Test&#xD;
Test&#xD;
Test&#xD;
Player Test1 won trick with Five of Diamonds&#xD;
Test&#xD;
Test&#xD;
Test&#xD;
Test&#xD;
Player Test1 won trick with Two of Hearts&#xD;
Test&#xD;
Player Test3 won trick with Jack of Clubs&#xD;
Test&#xD;
Player Test2 won trick with King of Spades&#xD;
Test&#xD;
Test&#xD;
Test&#xD;
Player Test1 won trick with Eight of Hearts&#xD;
Player Test4 won trick with Ten of Diamonds&#xD;
Test&#xD;
Test&#xD;
Player Test1 won trick with Ten of Diamonds&#xD;
Test&#xD;
Test&#xD;
Test&#xD;
Player Test1 won trick with Ten of Hearts&#xD;
Test&#xD;
Test&#xD;
Test&#xD;
Player Test1 won trick with King of Clubs&#xD;
Test&#xD;
Test&#xD;
Player Test1 won trick with Two of Clubs&#xD;
Test&#xD;
Test&#xD;
Player Test4 won trick with Nine of Diamonds&#xD;
Test&#xD;
Test&#xD;
Player Test1 won trick with Six of Clubs&#xD;
Test&#xD;
Test&#xD;
Player Test1 won trick with Ten of Spades&#xD;
Test&#xD;
Test&#xD;
Player Test1 won trick with Six of Clubs&#xD;
Test&#xD;
Test&#xD;
Player Test2 won trick with Ace of Spades&#xD;
Test&#xD;
Test&#xD;
Test&#xD;
Player Test1 won trick with Ace of Diamonds&#xD;
Test&#xD;
Test&#xD;
Player Test3 won trick with Seven of Spades&#xD;
Test&#xD;
Test&#xD;
Test&#xD;
Player Test1 won trick with Seven of Hearts&#xD;
Test&#xD;
Test&#xD;
Test&#xD;
Player Test1 won trick with Two of Spades&#xD;
Test&#xD;
Test&#xD;
Player Test1 won trick with Ace of Spades&#xD;
Test&#xD;
Test&#xD;
Player Test1 won trick with Eight of Spades&#xD;
Test&#xD;
Test&#xD;
Test&#xD;
Player Test1 won trick with Jack of Diamonds&#xD;
Test&#xD;
Test&#xD;
Test&#xD;
Player Test1 won trick with Five of Clubs&#xD;
Test&#xD;
Player Test1 won trick with King of Diamonds&#xD;
Test&#xD;
Test&#xD;
Player Test1 won trick with Five of Diamonds&#xD;
Test&#xD;
Test&#xD;
Test&#xD;
Player Test1 won trick with Queen of Hearts&#xD;
Test&#xD;
Test&#xD;
Test&#xD;
Player Test1 won trick with Three of Diamonds&#xD;
Test&#xD;
Player Test3 won trick with King of Spades&#xD;
Test&#xD;
Player Test3 won trick with Queen of Spades&#xD;
Test&#xD;
Test&#xD;
Player Test2 won trick with King of Diamonds&#xD;
Test&#xD;
Test&#xD;
Test&#xD;
Player Test4 won trick with Six of Hearts&#xD;
Test&#xD;
Test&#xD;
Test&#xD;
Player Test2 won trick with Seven of Hearts&#xD;
Test&#xD;
Test&#xD;
Test&#xD;
Player Test1 won trick with Ten of Spades&#xD;
Test&#xD;
Test&#xD;
Player Test1 won trick with Eight of Clubs&#xD;
Test&#xD;
Test&#xD;
Test&#xD;
Player Test1 won trick with King of Diamonds&#xD;
Test&#xD;
Test&#xD;
Test&#xD;
Player Test1 won trick with Ace of Hearts&#xD;
Test&#xD;
Player Test3 won trick with Queen of Diamonds&#xD;
Test&#xD;
Test&#xD;
Test&#xD;
Player Test1 won trick with Ten of Spades&#xD;
Test&#xD;
Test&#xD;
Player Test1 won trick with Eight of Spades&#xD;
Test&#xD;
Test&#xD;
Test&#xD;
Player Test1 won trick with Five of Diamonds&#xD;
Test&#xD;
Test&#xD;
Test&#xD;
Player Test4 won trick with Nine of Hearts&#xD;
Test&#xD;
Test&#xD;
Player Test2 won trick with Nine of Spades&#xD;
Test&#xD;
Test&#xD;
Test&#xD;
Test&#xD;
Player Test1 won trick with Ace of Hearts&#xD;
Test&#xD;
Test&#xD;
Test&#xD;
Player Test1 won trick with Ace of Clubs&#xD;
Test&#xD;
Test&#xD;
Player Test2 won trick with King of Clubs&#xD;
Test&#xD;
Test&#xD;
Test&#xD;
Player Test3 won trick with Seven of Hearts&#xD;
Test&#xD;
Test&#xD;
Player Test3 won trick with Nine of Diamonds&#xD;
Test&#xD;
Test&#xD;
Player Test1 won trick with Ten of Clubs&#xD;
Test&#xD;
Test&#xD;
Player Test1 won trick with Queen of Spades&#xD;
Test&#xD;
Test&#xD;
Test&#xD;
Player Test3 won trick with Ace of Spades&#xD;
Test&#xD;
Player Test2 won trick with Queen of Spades&#xD;
Test&#xD;
Test&#xD;
Test&#xD;
Player Test1 won trick with Four of Diamonds&#xD;
Test&#xD;
Test&#xD;
Player Test2 won trick with Ten of Diamonds&#xD;
Test&#xD;
Test&#xD;
Test&#xD;
Player Test4 won trick with King of Hearts&#xD;
Test&#xD;
Player Test2 won trick with Queen of Spades&#xD;
Test&#xD;
Test&#xD;
Player Test1 won trick with Seven of Diamonds&#xD;
Test&#xD;
Test&#xD;
Test&#xD;
Player Test1 won trick with Ace of Hearts&#xD;
Test&#xD;
Test&#xD;
Test&#xD;
Player Test1 won trick with Ace of Spades&#xD;
Test&#xD;
Test&#xD;
Player Test4 won trick with Jack of Clubs&#xD;
Test&#xD;
Test&#xD;
Player Test1 won trick with Ace of Diamonds&#xD;
Test&#xD;
Test&#xD;
Player Test1 won trick with Seven of Diamonds&#xD;
Test&#xD;
Test&#xD;
Test&#xD;
Test&#xD;
Player Test1 won trick with Seven of Hearts&#xD;
Test&#xD;
Test&#xD;
Player Test3 won trick with Nine of Hearts&#xD;
Test&#xD;
Test&#xD;
Player Test1 won trick with Ten of Diamonds&#xD;
Test&#xD;
Test&#xD;
Player Test1 won trick with Queen of Spades&#xD;
Test&#xD;
Test&#xD;
Test&#xD;
Player Test1 won trick with Four of Diamonds&#xD;
Test&#xD;
Player Test1 won trick with Queen of Clubs&#xD;
Test&#xD;
Test&#xD;
Test&#xD;
Player Test1 won trick with Two of Clubs&#xD;
Test&#xD;
Test&#xD;
Test&#xD;
Test&#xD;
Player Test1 won trick with King of Diamonds&#xD;
Test&#xD;
Test&#xD;
Player Test3 won trick with Nine of Diamonds&#xD;
Test&#xD;
Test&#xD;
Test&#xD;
Player Test1 won trick with Two of Clubs&#xD;
Test&#xD;
Player Test2 won trick with Ace of Hearts&#xD;
Test&#xD;
Test&#xD;
Player Test3 won trick with Nine of Spades&#xD;
Test&#xD;
Test&#xD;
Player Test4 won trick with Jack of Diamonds&#xD;
Test&#xD;
Test&#xD;
Test&#xD;
Player Test1 won trick with Two of Diamonds&#xD;
Test&#xD;
Test&#xD;
Player Test4 won trick with Queen of Spades&#xD;
Test&#xD;
Test&#xD;
Test&#xD;
Player Test4 won trick with Ten of Hearts&#xD;
Test&#xD;
Test&#xD;
Test&#xD;
Test&#xD;
Player Test1 won trick with Ten of Hearts&#xD;
Test&#xD;
Test&#xD;
Player Test1 won trick with King of Diamonds&#xD;
Test&#xD;
Test&#xD;
Test&#xD;
Test&#xD;
Player Test1 won trick with Nine of Hearts&#xD;
Test&#xD;
Test&#xD;
Player Test1 won trick with King of Clubs&#xD;
Test&#xD;
Test&#xD;
Test&#xD;
Player Test1 won trick with Six of Spades&#xD;
Test&#xD;
Test&#xD;
Test&#xD;
Player Test2 won trick with Eight of Hearts&#xD;
Test&#xD;
Test&#xD;
Player Test1 won trick with Jack of Hearts&#xD;
Test&#xD;
Test&#xD;
Player Test1 won trick with Jack of Clubs&#xD;
Test&#xD;
Test&#xD;
Test&#xD;
Test&#xD;
Player Test1 won trick with Four of Hearts&#xD;
Test&#xD;
Player Test3 won trick with Ace of Diamonds&#xD;
Test&#xD;
Test&#xD;
Test&#xD;
Player Test4 won trick with King of Hearts&#xD;
Test&#xD;
Player Test4 won trick with Ten of Spades&#xD;
Test&#xD;
Test&#xD;
Test&#xD;
Test&#xD;
Player Test1 won trick with Two of Hearts&#xD;
Test&#xD;
Test&#xD;
Player Test4 won trick with Eight of Diamonds&#xD;
Test&#xD;
Test&#xD;
Player Test3 won trick with King of Diamonds&#xD;
Test&#xD;
Player Test2 won trick with King of Clubs&#xD;
Test&#xD;
Test&#xD;
Player Test1 won trick with Ten of Hearts&#xD;
Test&#xD;
Test&#xD;
Test&#xD;
Test&#xD;
Player Test1 won trick with Seven of Hearts&#xD;
Test&#xD;
Test&#xD;
Player Test4 won trick with Six of Clubs&#xD;
Test&#xD;
Test&#xD;
Test&#xD;
Player Test1 won trick with Ace of Diamonds&#xD;
Test&#xD;
Test&#xD;
Player Test3 won trick with Seven of Hearts&#xD;
Test&#xD;
Test&#xD;
Test&#xD;
Player Test1 won trick with Four of Diamonds&#xD;
Test&#xD;
Player Test4 won trick with Ace of Clubs&#xD;
Test&#xD;
Test&#xD;
Test&#xD;
Test&#xD;
Player Test1 won trick with Eight of Hearts&#xD;
Test&#xD;
Test&#xD;
Player Test2 won trick with Ace of Diamonds&#xD;
Test&#xD;
Test&#xD;
Player Test1 won trick with Five of Spades&#xD;
Test&#xD;
Test&#xD;
Player Test1 won trick with Five of Clubs&#xD;
Test&#xD;
Test&#xD;
Player Test4 won trick with Ten of Clubs&#xD;
Test&#xD;
Test&#xD;
Test&#xD;
Player Test4 won trick with Queen of Hearts&#xD;
Test&#xD;
Test&#xD;
Test&#xD;
Test&#xD;
Player Test1 won trick with Six of Hearts&#xD;
Test&#xD;
Test&#xD;
Test&#xD;
Player Test1 won trick with Queen of Hearts&#xD;
Test&#xD;
Test&#xD;
Test&#xD;
Player Test1 won trick with Ten of Spades&#xD;
Test&#xD;
Test&#xD;
Test&#xD;
Player Test2 won trick with Ace of Hearts&#xD;
Test&#xD;
Test&#xD;
Test&#xD;
Player Test1 won trick with Nine of Diamonds&#xD;
Test&#xD;
Test&#xD;
Player Test1 won trick with Nine of Spades&#xD;
Test&#xD;
Test&#xD;
Player Test1 won trick with Ten of Clubs&#xD;
Test&#xD;
Test&#xD;
Player Test1 won trick with Eight of Spades&#xD;
Test&#xD;
Test&#xD;
Test&#xD;
Player Test1 won trick with Four of Diamonds&#xD;
Test&#xD;
Test&#xD;
Player Test1 won trick with Ace of Clubs&#xD;
Test&#xD;
Test&#xD;
Player Test1 won trick with Eight of Diamonds&#xD;
Test&#xD;
Test&#xD;
Test&#xD;
Player Test1 won trick with Nine of Clubs&#xD;
Test&#xD;
Test&#xD;
Test&#xD;
Player Test3 won trick with King of Hearts&#xD;
Test&#xD;
Test&#xD;
Test&#xD;
Player Test1 won trick with Jack of Spades&#xD;
Test&#xD;
Test&#xD;
Test&#xD;
Player Test1 won trick with Seven of Clubs&#xD;
Test&#xD;
Test&#xD;
Test&#xD;
Test&#xD;
Player Test1 won trick with Nine of Hearts&#xD;
Test&#xD;
Test&#xD;
Player Test3 won trick with Queen of Diamonds&#xD;
Test&#xD;
Test&#xD;
Test&#xD;
Player Test1 won trick with Seven of Spades&#xD;
Test&#xD;
Test&#xD;
Test&#xD;
Player Test1 won trick with Three of Spades&#xD;
Test&#xD;
Test&#xD;
Test&#xD;
Player Test1 won trick with Queen of Diamonds&#xD;
Test&#xD;
Test&#xD;
Test&#xD;
Player Test1 won trick with Five of Spades&#xD;
Test&#xD;
Test&#xD;
Player Test2 won trick with Three of Spades&#xD;
Test&#xD;
Player Test4 won trick with Nine of Diamonds&#xD;
Test&#xD;
Test&#xD;
Test&#xD;
Player Test1 won trick with Ten of Spades&#xD;
Test&#xD;
Test&#xD;
Test&#xD;
Test&#xD;
Player Test1 won trick with King of Hearts&#xD;
Test&#xD;
Test&#xD;
Test&#xD;
Player Test1 won trick with Seven of Clubs&#xD;
Test&#xD;
Test&#xD;
Player Test4 won trick with King of Hearts&#xD;
Test&#xD;
Test&#xD;
Test&#xD;
Player Test1 won trick with Seven of Spades&#xD;
Test&#xD;
Test&#xD;
Test&#xD;
Player Test1 won trick with Two of Hearts&#xD;
Test&#xD;
Test&#xD;
Player Test3 won trick with Nine of Diamonds&#xD;
Test&#xD;
Test&#xD;
Player Test1 won trick with Six of Clubs&#xD;
Test&#xD;
Test&#xD;
Player Test1 won trick with Nine of Diamonds&#xD;
Test&#xD;
Test&#xD;
Test&#xD;
Player Test1 won trick with Eight of Diamonds&#xD;
Test&#xD;
Test&#xD;
Test&#xD;
Player Test1 won trick with Eight of Spades&#xD;
Test&#xD;
Test&#xD;
Player Test1 won trick with Seven of Spades&#xD;
Test&#xD;
Test&#xD;
Test&#xD;
Player Test1 won trick with King of Clubs&#xD;
Test&#xD;
Test&#xD;
Test&#xD;
Test&#xD;
Player Test1 won trick with Five of Hearts&#xD;
Test&#xD;
Player Test2 won trick with King of Diamonds&#xD;
Test&#xD;
Test&#xD;
Test&#xD;
Player Test1 won trick with Eight of Clubs&#xD;
Test&#xD;
Test&#xD;
Test&#xD;
Player Test4 won trick with King of Clubs&#xD;
Test&#xD;
Test&#xD;
Player Test1 won trick with Two of Diamonds&#xD;
Test&#xD;
Test&#xD;
Player Test3 won trick with Jack of Hearts&#xD;
Test&#xD;
Test&#xD;
Test&#xD;
Player Test4 won trick with Six of Diamonds&#xD;
Test&#xD;
Test&#xD;
Player Test3 won trick with Ten of Spades&#xD;
Test&#xD;
Test&#xD;
Player Test3 won trick with Jack of Diamonds&#xD;
Test&#xD;
Test&#xD;
Test&#xD;
Player Test1 won trick with Four of Clubs&#xD;
Test&#xD;
Test&#xD;
Test&#xD;
Player Test1 won trick with Six of Diamonds&#xD;
Test&#xD;
Test&#xD;
Player Test2 won trick with Queen of Spades&#xD;
Test&#xD;
Test&#xD;
Player Test4 won trick with King of Clubs&#xD;
Test&#xD;
Test&#xD;
Test&#xD;
Player Test1 won trick with Ace of Clubs&#xD;
Test&#xD;
Test&#xD;
Test&#xD;
Player Test1 won trick with Ten of Spades&#xD;
Test&#xD;
Test&#xD;
Test&#xD;
Test&#xD;
Player Test1 won trick with Four of Spades&#xD;
Test&#xD;
Test&#xD;
Test&#xD;
Player Test2 won trick with Seven of Hearts&#xD;
Test&#xD;
Test&#xD;
Player Test4 won trick with Queen of Spades&#xD;
Test&#xD;
Test&#xD;
Test&#xD;
Player Test1 won trick with Ten of Diamonds&#xD;
Test&#xD;
Test&#xD;
Test&#xD;
Player Test1 won trick with Queen of Clubs&#xD;
Test&#xD;
Test&#xD;
Player Test1 won trick with Seven of Spades&#xD;
Test&#xD;
Test&#xD;
Player Test4 won trick with Nine of Clubs&#xD;
Test&#xD;
Test&#xD;
Test&#xD;
Player Test1 won trick with Three of Clubs&#xD;
Test&#xD;
Test&#xD;
Player Test1 won trick with Queen of Diamonds&#xD;
Test&#xD;
Test&#xD;
Player Test1 won trick with Queen of Spades&#xD;
Test&#xD;
Player Test3 won trick with Ace of Clubs&#xD;
Test&#xD;
Player Test4 won trick with Queen of Spades&#xD;
Test&#xD;
Test&#xD;
Test&#xD;
Player Test3 won trick with Nine of Hearts&#xD;
Test&#xD;
Test&#xD;
Test&#xD;
Player Test1 won trick with Eight of Spades&#xD;
Test&#xD;
Test&#xD;
Player Test3 won trick with Ace of Diamonds&#xD;
Test&#xD;
Test&#xD;
Test&#xD;
Player Test1 won trick with Three of Diamonds&#xD;
Test&#xD;
Test&#xD;
Player Test4 won trick with King of Diamonds&#xD;
Test&#xD;
Test&#xD;
Test&#xD;
Test&#xD;
Player Test1 won trick with Nine of Hearts&#xD;
Test&#xD;
Test&#xD;
Player Test3 won trick with Queen of Diamonds&#xD;
Test&#xD;
Test&#xD;
Player Test4 won trick with Ten of Clubs&#xD;
Test&#xD;
Test&#xD;
Test&#xD;
Test&#xD;
Player Test1 won trick with Nine of Hearts&#xD;
Test&#xD;
Test&#xD;
Player Test4 won trick with Nine of Diamonds&#xD;
Test&#xD;
Player Test1 won trick with Jack of Diamonds&#xD;
Test&#xD;
Player Test1 won trick with Jack of Clubs&#xD;
Test&#xD;
Test&#xD;
Test&#xD;
Player Test1 won trick with Ten of Clubs&#xD;
Test&#xD;
Test&#xD;
Player Test2 won trick with King of Clubs&#xD;
Test&#xD;
Test&#xD;
Player Test2 won trick with Six of Spades&#xD;
Test&#xD;
Test&#xD;
Player Test1 won trick with King of Spades&#xD;
Test&#xD;
Test&#xD;
Player Test3 won trick with Five of Spades&#xD;
Test&#xD;
Test&#xD;
Player Test1 won trick with Queen of Clubs&#xD;
Test&#xD;
Test&#xD;
Player Test4 won trick with Ace of Hearts&#xD;
Test&#xD;
Test&#xD;
Player Test3 won trick with Seven of Spades&#xD;
Test&#xD;
Test&#xD;
Test&#xD;
Test&#xD;
Player Test1 won trick with Five of Hearts&#xD;
Test&#xD;
Test&#xD;
Test&#xD;
Test&#xD;
Player Test1 won trick with Two of Hearts&#xD;
Test&#xD;
Player Test1 won trick with Six of Spades&#xD;
Test&#xD;
Test&#xD;
Player Test4 won trick with King of Clubs&#xD;
Test&#xD;
Player Test2 won trick with Jack of Clubs&#xD;
Test&#xD;
Player Test3 won trick with Eight of Spades&#xD;
Test&#xD;
Test&#xD;
Test&#xD;
Player Test1 won trick with Nine of Spades&#xD;
Test&#xD;
Test&#xD;
Player Test1 won trick with Five of Spades&#xD;
Test&#xD;
Player Test3 won trick with Ace of Clubs&#xD;
Test&#xD;
Test&#xD;
Test&#xD;
Test&#xD;
Player Test1 won trick with Two of Hearts&#xD;
Test&#xD;
Test&#xD;
Test&#xD;
Test&#xD;
Player Test1 won trick with Nine of Hearts&#xD;
Test&#xD;
Test&#xD;
Test&#xD;
Player Test1 won trick with Eight of Diamonds&#xD;
Test&#xD;
Test&#xD;
Test&#xD;
Player Test4 won trick with Queen of Hearts&#xD;
Test&#xD;
Test&#xD;
Player Test4 won trick with Jack of Clubs&#xD;
Test&#xD;
Test&#xD;
Test&#xD;
Player Test1 won trick with Ace of Diamonds&#xD;
Test&#xD;
Test&#xD;
Test&#xD;
Player Test2 won trick with King of Hearts&#xD;
Test&#xD;
Test&#xD;
Test&#xD;
Player Test1 won trick with Four of Hearts&#xD;
Test&#xD;
Test&#xD;
Test&#xD;
Player Test1 won trick with Ten of Spades&#xD;
Test&#xD;
Test&#xD;
Test&#xD;
Test&#xD;
Player Test1 won trick with Nine of Hearts&#xD;
Test&#xD;
Test&#xD;
Test&#xD;
Player Test1 won trick with King of Hearts&#xD;
Test&#xD;
Test&#xD;
Test&#xD;
Player Test4 won trick with Queen of Hearts&#xD;
Test&#xD;
Test&#xD;
Test&#xD;
Player Test4 won trick with Queen of Hearts&#xD;
Test&#xD;
Test&#xD;
Test&#xD;
Player Test1 won trick with Ten of Hearts&#xD;
Test&#xD;
Test&#xD;
Test&#xD;
Test&#xD;
Player Test1 won trick with Three of Hearts&#xD;
Test&#xD;
Test&#xD;
Test&#xD;
Test&#xD;
Player Test1 won trick with King of Hearts&#xD;
Test&#xD;
Test&#xD;
Player Test4 won trick with Five of Diamonds&#xD;
Test&#xD;
Test&#xD;
Test&#xD;
Player Test1 won trick with Five of Hearts&#xD;
Test&#xD;
Test&#xD;
Player Test1 won trick with Ace of Spades&#xD;
Test&#xD;
Test&#xD;
Test&#xD;
Test&#xD;
Player Test1 won trick with Four of Spades&#xD;
Test&#xD;
Test&#xD;
Test&#xD;
Test&#xD;
Player Test1 won trick with Eight of Diamonds&#xD;
Test&#xD;
Test&#xD;
Test&#xD;
Player Test1 won trick with Five of Clubs&#xD;
Test&#xD;
Test&#xD;
Player Test2 won trick with Ace of Hearts&#xD;
Test&#xD;
Test&#xD;
Test&#xD;
Player Test1 won trick with Five of Clubs&#xD;
Test&#xD;
Player Test3 won trick with Ace of Spades&#xD;
Test&#xD;
Test&#xD;
Player Test3 won trick with Jack of Clubs&#xD;
Test&#xD;
Test&#xD;
Test&#xD;
Player Test1 won trick with Ten of Spades&#xD;
Test&#xD;
Test&#xD;
Test&#xD;
Player Test1 won trick with Five of Diamonds&#xD;
Test&#xD;
Test&#xD;
Player Test1 won trick with Six of Clubs&#xD;
Test&#xD;
Test&#xD;
Player Test1 won trick with King of Clubs&#xD;
Test&#xD;
Test&#xD;
Test&#xD;
Test&#xD;
Player Test1 won trick with Four of Hearts&#xD;
Test&#xD;
Test&#xD;
Test&#xD;
Test&#xD;
Player Test1 won trick with Five of Hearts&#xD;
Test&#xD;
Test&#xD;
Player Test2 won trick with Queen of Diamonds&#xD;
Test&#xD;
Test&#xD;
Player Test1 won trick with Eight of Clubs&#xD;
Test&#xD;
Player Test1 won trick with Jack of Spades&#xD;
Test&#xD;
Test&#xD;
Test&#xD;
Test&#xD;
Player Test1 won trick with Five of Hearts&#xD;
Test&#xD;
Test&#xD;
Test&#xD;
Player Test1 won trick with Jack of Diamonds&#xD;
Test&#xD;
Test&#xD;
Test&#xD;
Player Test1 won trick with Jack of Diamonds&#xD;
Test&#xD;
Test&#xD;
Test&#xD;
Player Test1 won trick with Five of Clubs&#xD;
Test&#xD;
Test&#xD;
Test&#xD;
Player Test1 won trick with Ten of Diamonds&#xD;
Test&#xD;
Test&#xD;
Test&#xD;
Player Test1 won trick with Jack of Hearts&#xD;
Test&#xD;
Test&#xD;
Test&#xD;
Player Test1 won trick with Eight of Spades&#xD;
Test&#xD;
Test&#xD;
Test&#xD;
Player Test1 won trick with Four of Diamonds&#xD;
Test&#xD;
Test&#xD;
Player Test2 won trick with Six of Hearts&#xD;
Test&#xD;
Player Test3 won trick with Ace of Clubs&#xD;
Test&#xD;
Test&#xD;
Test&#xD;
Player Test1 won trick with Ace of Clubs&#xD;
Test&#xD;
Test&#xD;
Test&#xD;
Test&#xD;
Player Test1 won trick with Ten of Hearts&#xD;
Test&#xD;
Test&#xD;
Test&#xD;
Player Test1 won trick with Five of Clubs&#xD;
Test&#xD;
Player Test1 won trick with Five of Clubs&#xD;
Test&#xD;
Test&#xD;
Test&#xD;
Player Test1 won trick with King of Clubs&#xD;
Test&#xD;
Test&#xD;
Player Test1 won trick with Queen of Spades&#xD;
Test&#xD;
Player Test1 won trick with King of Spades&#xD;
Test&#xD;
Test&#xD;
Player Test2 won trick with Jack of Diamonds&#xD;
Test&#xD;
Test&#xD;
Test&#xD;
Player Test1 won trick with Seven of Hearts&#xD;
Test&#xD;
Test&#xD;
Test&#xD;
Player Test4 won trick with Jack of Hearts&#xD;
Test&#xD;
Test&#xD;
Test&#xD;
Player Test1 won trick with Two of Spades&#xD;
Test&#xD;
Test&#xD;
Player Test1 won trick with King of Hearts&#xD;
Test&#xD;
Test&#xD;
Player Test2 won trick with Seven of Diamonds&#xD;
Test&#xD;
Test&#xD;
Player Test2 won trick with Ace of Hearts&#xD;
Test&#xD;
Test&#xD;
Test&#xD;
Player Test3 won trick with Nine of Hearts&#xD;
Test&#xD;
Test&#xD;
Test&#xD;
Player Test1 won trick with Jack of Spades&#xD;
Test&#xD;
Test&#xD;
Player Test2 won trick with Jack of Diamonds&#xD;
Test&#xD;
Test&#xD;
Test&#xD;
Test&#xD;
Player Test1 won trick with Eight of Hearts&#xD;
Test&#xD;
Test&#xD;
Test&#xD;
Player Test2 won trick with Ten of Hearts&#xD;
Test&#xD;
Test&#xD;
Test&#xD;
Test&#xD;
Player Test1 won trick with Three of Hearts&#xD;
Test&#xD;
Test&#xD;
Player Test3 won trick with Queen of Diamonds&#xD;
Test&#xD;
Test&#xD;
Player Test1 won trick with Nine of Spades&#xD;
Test&#xD;
Test&#xD;
Test&#xD;
Test&#xD;
Player Test1 won trick with King of Clubs&#xD;
Test&#xD;
Test&#xD;
Player Test3 won trick with Seven of Spades&#xD;
Test&#xD;
Test&#xD;
Player Test1 won trick with Queen of Clubs&#xD;
Test&#xD;
Test&#xD;
Player Test2 won trick with King of Spades&#xD;
Test&#xD;
Test&#xD;
Player Test1 won trick with Ten of Clubs&#xD;
Test&#xD;
Test&#xD;
Test&#xD;
Player Test1 won trick with Jack of Spades&#xD;
Test&#xD;
Test&#xD;
Test&#xD;
Player Test1 won trick with Seven of Clubs&#xD;
Test&#xD;
Test&#xD;
Test&#xD;
Test&#xD;
Player Test1 won trick with Ace of Hearts&#xD;
Test&#xD;
Test&#xD;
Test&#xD;
Player Test4 won trick with Jack of Hearts&#xD;
Test&#xD;
Test&#xD;
Player Test3 won trick with Eight of Clubs&#xD;
Test&#xD;
Test&#xD;
Test&#xD;
Test&#xD;
Player Test1 won trick with Seven of Diamonds&#xD;
Test&#xD;
Player Test3 won trick with Four of Diamonds&#xD;
Test&#xD;
Test&#xD;
Test&#xD;
Player Test1 won trick with Ace of Diamonds&#xD;
Test&#xD;
Test&#xD;
Player Test4 won trick with Six of Diamonds&#xD;
Test&#xD;
Test&#xD;
Player Test3 won trick with Queen of Spades&#xD;
Test&#xD;
Test&#xD;
Player Test1 won trick with Ten of Spades&#xD;
Test&#xD;
Test&#xD;
Player Test1 won trick with Ten of Diamonds&#xD;
Test&#xD;
Test&#xD;
Test&#xD;
Player Test1 won trick with Nine of Diamonds&#xD;
Test&#xD;
Test&#xD;
Test&#xD;
Player Test1 won trick with Five of Diamonds&#xD;
Test&#xD;
Test&#xD;
Test&#xD;
Test&#xD;
Player Test1 won trick with Ace of Hearts&#xD;
Test&#xD;
Player Test2 won trick with Queen of Clubs&#xD;
Test&#xD;
Test&#xD;
Test&#xD;
Player Test1 won trick with Nine of Hearts&#xD;
Test&#xD;
Test&#xD;
Player Test3 won trick with Three of Diamonds&#xD;
Test&#xD;
Test&#xD;
Player Test1 won trick with Nine of Hearts&#xD;
Test&#xD;
Test&#xD;
Player Test3 won trick with Ten of Diamonds&#xD;
Test&#xD;
Test&#xD;
Test&#xD;
Player Test1 won trick with Five of Spades&#xD;
Test&#xD;
Player Test1 won trick with King of Clubs&#xD;
Test&#xD;
Test&#xD;
Test&#xD;
Player Test1 won trick with Three of Clubs&#xD;
Test&#xD;
Test&#xD;
Player Test2 won trick with Ace of Spades&#xD;
Test&#xD;
Test&#xD;
Test&#xD;
Player Test1 won trick with Queen of Spades&#xD;
Test&#xD;
Test&#xD;
Test&#xD;
Player Test1 won trick with Seven of Diamonds&#xD;
Test&#xD;
Test&#xD;
Test&#xD;
Player Test1 won trick with Queen of Spades&#xD;
Test&#xD;
Test&#xD;
Player Test2 won trick with Ace of Clubs&#xD;
Test&#xD;
Test&#xD;
Player Test1 won trick with King of Spades&#xD;
Test&#xD;
Player Test1 won trick with Nine of Diamonds&#xD;
Test&#xD;
Test&#xD;
Test&#xD;
Test&#xD;
Player Test1 won trick with Five of Diamonds&#xD;
Test&#xD;
Player Test4 won trick with Queen of Clubs&#xD;
Test&#xD;
Test&#xD;
Test&#xD;
Player Test1 won trick with Ten of Diamonds&#xD;
Test&#xD;
Player Test3 won trick with Ace of Spades&#xD;
Test&#xD;
Test&#xD;
Player Test1 won trick with Five of Clubs&#xD;
Test&#xD;
Test&#xD;
Player Test4 won trick with Eight of Diamonds&#xD;
Test&#xD;
Test&#xD;
Player Test1 won trick with King of Clubs&#xD;
Test&#xD;
Test&#xD;
Player Test3 won trick with King of Spades&#xD;
Test&#xD;
Test&#xD;
Test&#xD;
Player Test1 won trick with Queen of Diamonds&#xD;
Test&#xD;
Test&#xD;
Test&#xD;
Player Test1 won trick with Four of Hearts&#xD;
Test&#xD;
Test&#xD;
Player Test3 won trick with Five of Diamonds&#xD;
Test&#xD;
Test&#xD;
Player Test3 won trick with Ten of Spades&#xD;
Test&#xD;
Player Test4 won trick with Eight of Diamonds&#xD;
Test&#xD;
Test&#xD;
Test&#xD;
Player Test1 won trick with Eight of Spades&#xD;
Test&#xD;
Test&#xD;
Test&#xD;
Player Test2 won trick with Ace of Diamonds&#xD;
Test&#xD;
Player Test2 won trick with Ten of Diamonds&#xD;
Test&#xD;
Test&#xD;
Player Test1 won trick with Jack of Clubs&#xD;
Test&#xD;
Test&#xD;
Test&#xD;
Test&#xD;
Player Test1 won trick with Six of Hearts&#xD;
Test&#xD;
Test&#xD;
Player Test1 won trick with Four of Spades&#xD;
Test&#xD;
Test&#xD;
Player Test1 won trick with Ten of Clubs&#xD;
Test&#xD;
Test&#xD;
Test&#xD;
Player Test1 won trick with Four of Spades&#xD;
Test&#xD;
Test&#xD;
Test&#xD;
Test&#xD;
Player Test1 won trick with Ace of Hearts&#xD;
Test&#xD;
Test&#xD;
Player Test1 won trick with Ace of Clubs&#xD;
Test&#xD;
Test&#xD;
Player Test1 won trick with King of Clubs&#xD;
Test&#xD;
Test&#xD;
Test&#xD;
Test&#xD;
Player Test1 won trick with Queen of Hearts&#xD;
Test&#xD;
Test&#xD;
Player Test4 won trick with Ace of Clubs&#xD;
Test&#xD;
Test&#xD;
Test&#xD;
Player Test1 won trick with Eight of Diamonds&#xD;
Test&#xD;
Test&#xD;
Test&#xD;
Player Test1 won trick with Jack of Diamonds&#xD;
Test&#xD;
Test&#xD;
Test&#xD;
Test&#xD;
Player Test1 won trick with Queen of Hearts&#xD;
Test&#xD;
Player Test1 won trick with Eight of Clubs&#xD;
Test&#xD;
Test&#xD;
Test&#xD;
Player Test1 won trick with Ten of Hearts&#xD;
Test&#xD;
Test&#xD;
Test&#xD;
Player Test1 won trick with Nine of Spades&#xD;
Test&#xD;
Test&#xD;
Player Test1 won trick with Ace of Diamonds&#xD;
Test&#xD;
Test&#xD;
Player Test2 won trick with Ace of Spades&#xD;
Test&#xD;
Player Test1 won trick with Ace of Clubs&#xD;
Test&#xD;
Test&#xD;
Player Test1 won trick with Queen of Spades&#xD;
Test&#xD;
Test&#xD;
Test&#xD;
Test&#xD;
Player Test1 won trick with Three of Hearts&#xD;
Player Test1 won trick with Queen of Diamonds&#xD;
Test&#xD;
Test&#xD;
Player Test1 won trick with King of Diamonds&#xD;
Test&#xD;
Test&#xD;
Test&#xD;
Player Test1 won trick with Ten of Hearts&#xD;
Test&#xD;
Test&#xD;
Player Test4 won trick with Ace of Diamonds&#xD;
Test&#xD;
Test&#xD;
Test&#xD;
Player Test3 won trick with Jack of Hearts&#xD;
Test&#xD;
Player Test1 won trick with King of Clubs&#xD;
Test&#xD;
Test&#xD;
Test&#xD;
Test&#xD;
Player Test1 won trick with King of Diamonds&#xD;
Test&#xD;
Test&#xD;
Test&#xD;
Test&#xD;
Player Test1 won trick with Queen of Diamonds&#xD;
Test&#xD;
Test&#xD;
Test&#xD;
Player Test1 won trick with Ten of Diamonds&#xD;
Test&#xD;
Test&#xD;
Player Test3 won trick with Queen of Spades&#xD;
Test&#xD;
Test&#xD;
Player Test1 won trick with Nine of Clubs&#xD;
Test&#xD;
Test&#xD;
Test&#xD;
Player Test1 won trick with Two of Clubs&#xD;
Test&#xD;
Player Test1 won trick with Ten of Hearts&#xD;
Test&#xD;
Player Test4 won trick with Queen of Diamonds&#xD;
Test&#xD;
Player Test2 won trick with Ten of Spades&#xD;
Test&#xD;
Test&#xD;
Player Test4 won trick with King of Clubs&#xD;
Test&#xD;
Test&#xD;
Test&#xD;
Test&#xD;
Player Test1 won trick with Ten of Hearts&#xD;
Test&#xD;
Test&#xD;
Player Test4 won trick with Ten of Spades&#xD;
Test&#xD;
Test&#xD;
Test&#xD;
Player Test1 won trick with Nine of Spades&#xD;
Test&#xD;
Test&#xD;
Test&#xD;
Test&#xD;
Player Test1 won trick with Six of Hearts&#xD;
Test&#xD;
Test&#xD;
Test&#xD;
Player Test1 won trick with Jack of Spades&#xD;
Test&#xD;
Test&#xD;
Player Test3 won trick with Eight of Diamonds&#xD;
Test&#xD;
Test&#xD;
Player Test1 won trick with Eight of Diamonds&#xD;
Test&#xD;
Test&#xD;
Player Test1 won trick with Eight of Spades&#xD;
Test&#xD;
Test&#xD;
Test&#xD;
Test&#xD;
Player Test1 won trick with Seven of Diamonds&#xD;
Test&#xD;
Test&#xD;
Test&#xD;
Player Test1 won trick with Eight of Spades&#xD;
Test&#xD;
Test&#xD;
Test&#xD;
Player Test1 won trick with Jack of Hearts&#xD;
Test&#xD;
Test&#xD;
Test&#xD;
Player Test1 won trick with Eight of Spades&#xD;
Test&#xD;
Test&#xD;
Test&#xD;
Player Test1 won trick with Ace of Clubs&#xD;
Test&#xD;
Test&#xD;
Player Test3 won trick with Three of Clubs&#xD;
Test&#xD;
Test&#xD;
Test&#xD;
Test&#xD;
Player Test1 won trick with Three of Hearts&#xD;
Test&#xD;
Test&#xD;
Test&#xD;
Player Test1 won trick with Queen of Clubs&#xD;
Test&#xD;
Test&#xD;
Test&#xD;
Test&#xD;
Player Test1 won trick with Seven of Diamonds&#xD;
Test&#xD;
Test&#xD;
Test&#xD;
Player Test1 won trick with Seven of Spades&#xD;
Test&#xD;
Test&#xD;
Test&#xD;
Test&#xD;
Player Test1 won trick with Ace of Hearts&#xD;
Test&#xD;
Test&#xD;
Player Test1 won trick with Queen of Clubs&#xD;
Test&#xD;
Test&#xD;
Player Test2 won trick with Queen of Diamonds&#xD;
Test&#xD;
Test&#xD;
Test&#xD;
Player Test1 won trick with Three of Spades&#xD;
Test&#xD;
Test&#xD;
Player Test1 won trick with Queen of Spades&#xD;
Test&#xD;
Test&#xD;
Player Test3 won trick with Nine of Diamonds&#xD;
Test&#xD;
Test&#xD;
Test&#xD;
Player Test1 won trick with Ace of Spades&#xD;
Test&#xD;
Test&#xD;
Player Test3 won trick with Queen of Spades&#xD;
Test&#xD;
Test&#xD;
Test&#xD;
Test&#xD;
Player Test1 won trick with Queen of Hearts&#xD;
Test&#xD;
Test&#xD;
Player Test1 won trick with Queen of Clubs&#xD;
Test&#xD;
Test&#xD;
Player Test3 won trick with King of Clubs&#xD;
Test&#xD;
Player Test2 won trick with Eight of Clubs&#xD;
Test&#xD;
Test&#xD;
Player Test2 won trick with Ace of Clubs&#xD;
Test&#xD;
Test&#xD;
Player Test1 won trick with King of Diamonds&#xD;
Test&#xD;
Test&#xD;
Player Test2 won trick with Queen of Spades&#xD;
Test&#xD;
Test&#xD;
Test&#xD;
Player Test1 won trick with Nine of Diamonds&#xD;
Test&#xD;
Player Test1 won trick with Nine of Diamonds&#xD;
Test&#xD;
Test&#xD;
Test&#xD;
Player Test1 won trick with Six of Diamonds&#xD;
Test&#xD;
Test&#xD;
Test&#xD;
Player Test1 won trick with Nine of Spades&#xD;
Test&#xD;
Test&#xD;
Test&#xD;
Test&#xD;
Player Test1 won trick with Eight of Hearts&#xD;
Test&#xD;
Test&#xD;
Test&#xD;
Player Test1 won trick with Ace of Diamonds&#xD;
Test&#xD;
Test&#xD;
Test&#xD;
Player Test1 won trick with Seven of Diamonds&#xD;
Test&#xD;
Test&#xD;
Test&#xD;
Test&#xD;
Player Test1 won trick with Jack of Hearts&#xD;
Test&#xD;
Test&#xD;
Test&#xD;
Player Test1 won trick with Queen of Spades&#xD;
Test&#xD;
Test&#xD;
Test&#xD;
Player Test1 won trick with Two of Spades&#xD;
Test&#xD;
Test&#xD;
Player Test4 won trick with Ten of Clubs&#xD;
Test&#xD;
Test&#xD;
Test&#xD;
Test&#xD;
Player Test1 won trick with Ace of Diamonds&#xD;
Test&#xD;
Test&#xD;
Player Test2 won trick with Ten of Clubs&#xD;
Test&#xD;
Test&#xD;
Player Test2 won trick with Ace of Clubs&#xD;
Test&#xD;
Test&#xD;
Test&#xD;
Test&#xD;
Player Test1 won trick with King of Hearts&#xD;
Test&#xD;
Player Test1 won trick with Nine of Clubs&#xD;
Test&#xD;
Player Test3 won trick with Queen of Spades&#xD;
Test&#xD;
Test&#xD;
Player Test4 won trick with Jack of Diamonds&#xD;
Test&#xD;
Player Test1 won trick with Five of Clubs&#xD;
Test&#xD;
Player Test1 won trick with Queen of Clubs&#xD;
Test&#xD;
Test&#xD;
Test&#xD;
Test&#xD;
Player Test1 won trick with Three of Hearts&#xD;
Test&#xD;
Test&#xD;
Test&#xD;
Player Test1 won trick with Jack of Clubs&#xD;
Test&#xD;
Player Test2 won trick with Queen of Spades&#xD;
Test&#xD;
Test&#xD;
Player Test3 won trick with Queen of Diamonds&#xD;
Test&#xD;
Test&#xD;
Test&#xD;
Test&#xD;
Player Test1 won trick with Ace of Hearts&#xD;
Test&#xD;
Player Test1 won trick with Ace of Clubs&#xD;
Test&#xD;
Player Test2 won trick with Six of Clubs&#xD;
Test&#xD;
Test&#xD;
Test&#xD;
Player Test1 won trick with Eight of Diamonds&#xD;
Test&#xD;
Test&#xD;
Test&#xD;
Test&#xD;
Player Test1 won trick with Nine of Hearts&#xD;
Test&#xD;
Test&#xD;
Player Test3 won trick with Ace of Diamonds&#xD;
Test&#xD;
Player Test3 won trick with Ace of Spades&#xD;
Test&#xD;
Test&#xD;
Test&#xD;
Test&#xD;
Player Test1 won trick with Six of Clubs&#xD;
Test&#xD;
Test&#xD;
Test&#xD;
Player Test1 won trick with King of Clubs&#xD;
Test&#xD;
Test&#xD;
Test&#xD;
Player Test1 won trick with Five of Spades&#xD;
Test&#xD;
Test&#xD;
Player Test1 won trick with Ten of Clubs&#xD;
Test&#xD;
Test&#xD;
Test&#xD;
Player Test1 won trick with Seven of Diamonds&#xD;
Test&#xD;
Test&#xD;
Player Test1 won trick with Ten of Clubs&#xD;
Test&#xD;
Test&#xD;
Test&#xD;
Player Test3 won trick with King of Diamonds&#xD;
Test&#xD;
Test&#xD;
Test&#xD;
Player Test4 won trick with Eight of Hearts&#xD;
Test&#xD;
Test&#xD;
Test&#xD;
Test&#xD;
Player Test1 won trick with Four of Diamonds&#xD;
Test&#xD;
Test&#xD;
Test&#xD;
Player Test1 won trick with Eight of Spades&#xD;
Test&#xD;
Test&#xD;
Test&#xD;
Player Test1 won trick with King of Clubs&#xD;
Test&#xD;
Test&#xD;
Test&#xD;
Player Test1 won trick with Ace of Spades&#xD;
Test&#xD;
Player Test4 won trick with Eight of Clubs&#xD;
Test&#xD;
Test&#xD;
Player Test2 won trick with Queen of Spades&#xD;
Test&#xD;
Player Test1 won trick with Queen of Clubs&#xD;
Test&#xD;
Test&#xD;
Player Test1 won trick with Eight of Diamonds&#xD;
Test&#xD;
Test&#xD;
Player Test1 won trick with Queen of Spades&#xD;
Test&#xD;
Test&#xD;
Player Test4 won trick with Ace of Clubs&#xD;
Test&#xD;
Test&#xD;
Test&#xD;
Test&#xD;
Player Test1 won trick with Eight of Hearts&#xD;
Player Test4 won trick with Jack of Diamonds&#xD;
Test&#xD;
Test&#xD;
Test&#xD;
Player Test1 won trick with Nine of Spades&#xD;
Test&#xD;
Test&#xD;
Test&#xD;
Player Test1 won trick with Three of Clubs&#xD;
Test&#xD;
Test&#xD;
Player Test4 won trick with Nine of Clubs&#xD;
Test&#xD;
Test&#xD;
Test&#xD;
Test&#xD;
Player Test1 won trick with Eight of Hearts&#xD;
Test&#xD;
Test&#xD;
Test&#xD;
Player Test1 won trick with Ten of Hearts&#xD;
Test&#xD;
Test&#xD;
Player Test1 won trick with Queen of Clubs&#xD;
Test&#xD;
Test&#xD;
Player Test1 won trick with Seven of Spades&#xD;
Test&#xD;
Test&#xD;
Test&#xD;
Player Test1 won trick with Seven of Diamonds&#xD;
Test&#xD;
Player Test4 won trick with Nine of Diamonds&#xD;
Test&#xD;
Test&#xD;
Test&#xD;
Player Test1 won trick with Ace of Clubs&#xD;
Test&#xD;
Test&#xD;
Test&#xD;
Test&#xD;
Player Test1 won trick with Ace of Hearts&#xD;
Test&#xD;
Test&#xD;
Test&#xD;
Test&#xD;
Player Test1 won trick with Six of Hearts&#xD;
Test&#xD;
Test&#xD;
Test&#xD;
Test&#xD;
Player Test1 won trick with Ace of Hearts&#xD;
Test&#xD;
Test&#xD;
Player Test4 won trick with Nine of Clubs&#xD;
Test&#xD;
Test&#xD;
Player Test1 won trick with Queen of Diamonds&#xD;
Test&#xD;
Player Test3 won trick with Nine of Diamonds&#xD;
Test&#xD;
Test&#xD;
Player Test4 won trick with Ten of Spades&#xD;
Test&#xD;
Test&#xD;
Player Test1 won trick with Jack of Spades&#xD;
Test&#xD;
Test&#xD;
Test&#xD;
Player Test1 won trick with Six of Spades&#xD;
Test&#xD;
Test&#xD;
Test&#xD;
Player Test1 won trick with Seven of Diamonds&#xD;
Test&#xD;
Player Test3 won trick with Ace of Spades&#xD;
Test&#xD;
Test&#xD;
Player Test3 won trick with Ten of Diamonds&#xD;
Test&#xD;
Test&#xD;
Player Test2 won trick with Queen of Diamonds&#xD;
Test&#xD;
Test&#xD;
Test&#xD;
Player Test1 won trick with Four of Spades&#xD;
Test&#xD;
Test&#xD;
Player Test3 won trick with Jack of Diamonds&#xD;
Test&#xD;
Test&#xD;
Player Test4 won trick with King of Clubs&#xD;
Test&#xD;
Test&#xD;
Test&#xD;
Player Test1 won trick with Six of Spades&#xD;
Test&#xD;
Test&#xD;
Test&#xD;
Player Test4 won trick with Queen of Hearts&#xD;
Test&#xD;
Player Test1 won trick with King of Spades&#xD;
Test&#xD;
Test&#xD;
Test&#xD;
Player Test1 won trick with Seven of Spades&#xD;
Test&#xD;
Test&#xD;
Test&#xD;
Player Test1 won trick with King of Spades&#xD;
Test&#xD;
Player Test2 won trick with Six of Diamonds&#xD;
Test&#xD;
Test&#xD;
Test&#xD;
Player Test1 won trick with Ace of Diamonds&#xD;
Test&#xD;
Test&#xD;
Test&#xD;
Test&#xD;
Player Test1 won trick with Three of Hearts&#xD;
Test&#xD;
Player Test4 won trick with King of Spades&#xD;
Test&#xD;
Player Test2 won trick with Seven of Spades&#xD;
Test&#xD;
Test&#xD;
Test&#xD;
Test&#xD;
Player Test1 won trick with King of Hearts&#xD;
Test&#xD;
Test&#xD;
Player Test4 won trick with Nine of Spades&#xD;
Test&#xD;
Test&#xD;
Test&#xD;
Player Test1 won trick with Two of Diamonds&#xD;
Test&#xD;
Test&#xD;
Test&#xD;
Player Test1 won trick with Eight of Spades&#xD;
Test&#xD;
Test&#xD;
Player Test3 won trick with Ten of Clubs&#xD;
Test&#xD;
Test&#xD;
Test&#xD;
Player Test1 won trick with Queen of Spades&#xD;
Test&#xD;
Test&#xD;
Test&#xD;
Test&#xD;
Player Test1 won trick with Ace of Hearts&#xD;
Test&#xD;
Test&#xD;
Test&#xD;
Player Test1 won trick with Eight of Spades&#xD;
Test&#xD;
Test&#xD;
Test&#xD;
Player Test3 won trick with Nine of Hearts&#xD;
Test&#xD;
Test&#xD;
Test&#xD;
Test&#xD;
Player Test1 won trick with Four of Hearts&#xD;
Test&#xD;
Test&#xD;
Test&#xD;
Player Test1 won trick with Five of Diamonds&#xD;
Test&#xD;
Test&#xD;
Test&#xD;
Player Test1 won trick with King of Spades&#xD;
Test&#xD;
Test&#xD;
Test&#xD;
Player Test1 won trick with Jack of Clubs&#xD;
Test&#xD;
Player Test3 won trick with King of Spades&#xD;
Test&#xD;
Test&#xD;
Test&#xD;
Test&#xD;
Player Test1 won trick with Six of Hearts&#xD;
Test&#xD;
Test&#xD;
Test&#xD;
Player Test1 won trick with Ace of Spades&#xD;
Test&#xD;
Test&#xD;
Test&#xD;
Player Test1 won trick with Queen of Clubs&#xD;
Test&#xD;
Test&#xD;
Test&#xD;
Player Test1 won trick with Jack of Diamonds&#xD;
Test&#xD;
Test&#xD;
Test&#xD;
Player Test1 won trick with Six of Spades&#xD;
Test&#xD;
Test&#xD;
Test&#xD;
Player Test1 won trick with Ten of Clubs&#xD;
Test&#xD;
Test&#xD;
Test&#xD;
Test&#xD;
Player Test1 won trick with Queen of Hearts&#xD;
Test&#xD;
Test&#xD;
Player Test1 won trick with King of Hearts&#xD;
Test&#xD;
Test&#xD;
Player Test2 won trick with Ace of Hearts&#xD;
Test&#xD;
Player Test4 won trick with Queen of Clubs&#xD;
Test&#xD;
Test&#xD;
Player Test4 won trick with Seven of Diamonds&#xD;
Test&#xD;
Player Test3 won trick with King of Clubs&#xD;
Test&#xD;
Test&#xD;
Test&#xD;
Player Test1 won trick with Seven of Clubs&#xD;
Test&#xD;
Test&#xD;
Player Test1 won trick with Eight of Diamonds&#xD;
Test&#xD;
Test&#xD;
Test&#xD;
Player Test1 won trick with Nine of Diamonds&#xD;
Test&#xD;
Test&#xD;
Player Test1 won trick with Six of Spades&#xD;
Test&#xD;
Test&#xD;
Test&#xD;
Test&#xD;
Player Test1 won trick with Three of Diamonds&#xD;
Test&#xD;
Test&#xD;
Test&#xD;
Player Test1 won trick with King of Hearts&#xD;
Test&#xD;
Test&#xD;
Test&#xD;
Player Test1 won trick with Eight of Spades&#xD;
Test&#xD;
Test&#xD;
Test&#xD;
Test&#xD;
Player Test1 won trick with Jack of Hearts&#xD;
Test&#xD;
Test&#xD;
Test&#xD;
Player Test1 won trick with Ten of Clubs&#xD;
Test&#xD;
Test&#xD;
Player Test1 won trick with Ace of Diamonds&#xD;
Test&#xD;
Test&#xD;
Test&#xD;
Player Test1 won trick with Three of Spades&#xD;
Test&#xD;
Test&#xD;
Test&#xD;
Player Test1 won trick with Queen of Hearts&#xD;
Test&#xD;
Test&#xD;
Test&#xD;
Test&#xD;
Player Test1 won trick with Jack of Hearts&#xD;
Test&#xD;
Test&#xD;
Test&#xD;
Player Test1 won trick with Ace of Clubs&#xD;
Test&#xD;
Test&#xD;
Test&#xD;
Player Test1 won trick with Queen of Spades&#xD;
Test&#xD;
Test&#xD;
Test&#xD;
Player Test1 won trick with Ace of Diamonds&#xD;
Test&#xD;
Test&#xD;
Test&#xD;
Test&#xD;
Player Test1 won trick with Six of Hearts&#xD;
Test&#xD;
Test&#xD;
Test&#xD;
Player Test1 won trick with Jack of Hearts&#xD;
Test&#xD;
Test&#xD;
Test&#xD;
Player Test2 won trick with Queen of Hearts&#xD;
Test&#xD;
Test&#xD;
Player Test3 won trick with Queen of Spades&#xD;
Test&#xD;
Test&#xD;
Test&#xD;
Player Test1 won trick with Eight of Diamonds&#xD;
Test&#xD;
Test&#xD;
Test&#xD;
Player Test1 won trick with Eight of Hearts&#xD;
Test&#xD;
Test&#xD;
Test&#xD;
Player Test1 won trick with King of Spades&#xD;
Test&#xD;
Test&#xD;
Player Test3 won trick with Queen of Diamonds&#xD;
Test&#xD;
Test&#xD;
Test&#xD;
Player Test1 won trick with Jack of Spades&#xD;
Test&#xD;
Player Test4 won trick with Ten of Diamonds&#xD;
Test&#xD;
Player Test1 won trick with Seven of Spades&#xD;
Test&#xD;
Test&#xD;
Test&#xD;
Test&#xD;
Player Test1 won trick with Queen of Hearts&#xD;
Test&#xD;
Test&#xD;
Test&#xD;
Player Test1 won trick with Six of Clubs&#xD;
Test&#xD;
Test&#xD;
Test&#xD;
Player Test1 won trick with Two of Diamonds&#xD;
Test&#xD;
Test&#xD;
Test&#xD;
Player Test1 won trick with Eight of Clubs&#xD;
Test&#xD;
Test&#xD;
Player Test3 won trick with Ace of Spades&#xD;
Test&#xD;
Test&#xD;
Test&#xD;
Player Test1 won trick with Two of Diamonds&#xD;
Test&#xD;
Test&#xD;
Test&#xD;
Player Test1 won trick with Ace of Diamonds&#xD;
Test&#xD;
Player Test2 won trick with Queen of Clubs&#xD;
Test&#xD;
Test&#xD;
Test&#xD;
Player Test1 won trick with Nine of Diamonds&#xD;
Test&#xD;
Test&#xD;
Player Test4 won trick with Ten of Spades&#xD;
Test&#xD;
Player Test2 won trick with Jack of Spades&#xD;
Test&#xD;
Test&#xD;
Test&#xD;
Player Test1 won trick with Ace of Spades&#xD;
Test&#xD;
Test&#xD;
Player Test1 won trick with Queen of Diamonds&#xD;
Test&#xD;
Test&#xD;
Test&#xD;
Player Test1 won trick with Nine of Diamonds&#xD;
Test&#xD;
Test&#xD;
Test&#xD;
Player Test1 won trick with Three of Clubs&#xD;
Test&#xD;
Test&#xD;
Player Test1 won trick with Queen of Clubs&#xD;
Test&#xD;
Test&#xD;
Player Test1 won trick with Jack of Diamonds&#xD;
Test&#xD;
Test&#xD;
Test&#xD;
Player Test1 won trick with Ten of Spades&#xD;
Test&#xD;
Test&#xD;
Player Test1 won trick with Queen of Diamonds&#xD;
Test&#xD;
Test&#xD;
Test&#xD;
Player Test3 won trick with King of Diamonds&#xD;
Test&#xD;
Test&#xD;
Test&#xD;
Test&#xD;
Player Test1 won trick with Seven of Hearts&#xD;
Test&#xD;
Test&#xD;
Player Test4 won trick with Queen of Spades&#xD;
Test&#xD;
Test&#xD;
Player Test1 won trick with Ace of Diamonds&#xD;
Test&#xD;
Test&#xD;
Player Test4 won trick with Six of Spades&#xD;
Test&#xD;
Test&#xD;
Player Test1 won trick with King of Clubs&#xD;
Test&#xD;
Player Test1 won trick with Queen of Clubs&#xD;
Test&#xD;
Test&#xD;
Player Test1 won trick with Five of Spades&#xD;
Test&#xD;
Test&#xD;
Test&#xD;
Player Test1 won trick with Jack of Diamonds&#xD;
Test&#xD;
Player Test3 won trick with King of Clubs&#xD;
Test&#xD;
Test&#xD;
Test&#xD;
Test&#xD;
Player Test1 won trick with Two of Hearts&#xD;
Test&#xD;
Test&#xD;
Test&#xD;
Player Test1 won trick with King of Spades&#xD;
Test&#xD;
Test&#xD;
Test&#xD;
Player Test1 won trick with Three of Spades&#xD;
Test&#xD;
Player Test4 won trick with Ace of Clubs&#xD;
Test&#xD;
Test&#xD;
Test&#xD;
Test&#xD;
Player Test1 won trick with Three of Hearts&#xD;
Test&#xD;
Test&#xD;
Test&#xD;
Player Test3 won trick with Queen of Hearts&#xD;
Test&#xD;
Test&#xD;
Player Test4 won trick with King of Diamonds&#xD;
Test&#xD;
Test&#xD;
Test&#xD;
Player Test3 won trick with Jack of Hearts&#xD;
Test&#xD;
Test&#xD;
Test&#xD;
Player Test2 won trick with Four of Hearts&#xD;
Test&#xD;
Player Test1 won trick with Jack of Spades&#xD;
Test&#xD;
Test&#xD;
Player Test3 won trick with Five of Diamonds&#xD;
Test&#xD;
Test&#xD;
Test&#xD;
Player Test1 won trick with Ace of Clubs&#xD;
Test&#xD;
Test&#xD;
Test&#xD;
Player Test1 won trick with Jack of Hearts&#xD;
Test&#xD;
Test&#xD;
Player Test3 won trick with Queen of Diamonds&#xD;
Test&#xD;
Test&#xD;
Player Test1 won trick with Five of Diamonds&#xD;
Test&#xD;
Test&#xD;
Player Test2 won trick with Jack of Clubs&#xD;
Test&#xD;
Test&#xD;
Test&#xD;
Player Test1 won trick with Nine of Clubs&#xD;
Test&#xD;
Test&#xD;
Player Test1 won trick with Eight of Diamonds&#xD;
Test&#xD;
Test&#xD;
Player Test3 won trick with Ace of Diamonds&#xD;
Test&#xD;
Test&#xD;
Player Test4 won trick with Ten of Spades&#xD;
Test&#xD;
Test&#xD;
Test&#xD;
Player Test1 won trick with Eight of Diamonds&#xD;
Test&#xD;
Test&#xD;
Test&#xD;
Test&#xD;
Player Test1 won trick with Jack of Hearts&#xD;
Test&#xD;
Test&#xD;
Test&#xD;
Player Test1 won trick with Ten of Spades&#xD;
Test&#xD;
Test&#xD;
Test&#xD;
Test&#xD;
Player Test1 won trick with Nine of Hearts&#xD;
Test&#xD;
Test&#xD;
Test&#xD;
Player Test1 won trick with Ten of Clubs&#xD;
Test&#xD;
Test&#xD;
Player Test1 won trick with Queen of Clubs&#xD;
Test&#xD;
Test&#xD;
Player Test4 won trick with Jack of Spades&#xD;
Test&#xD;
Test&#xD;
Test&#xD;
Player Test1 won trick with Four of Spades&#xD;
Test&#xD;
Test&#xD;
Test&#xD;
Player Test2 won trick with Jack of Hearts&#xD;
Test&#xD;
Player Test4 won trick with King of Diamonds&#xD;
Test&#xD;
Test&#xD;
Test&#xD;
Test&#xD;
Player Test1 won trick with Three of Hearts&#xD;
Test&#xD;
Test&#xD;
Test&#xD;
Player Test1 won trick with Jack of Hearts&#xD;
Test&#xD;
Test&#xD;
Test&#xD;
Player Test2 won trick with Ace of Diamonds&#xD;
Test&#xD;
Test&#xD;
Player Test1 won trick with Nine of Diamonds&#xD;
Test&#xD;
Test&#xD;
Test&#xD;
Test&#xD;
Player Test1 won trick with Ace of Hearts&#xD;
Test&#xD;
Test&#xD;
Player Test1 won trick with Jack of Diamonds&#xD;
Test&#xD;
Test&#xD;
Test&#xD;
Test&#xD;
Player Test1 won trick with Six of Hearts&#xD;
Test&#xD;
Test&#xD;
Player Test4 won trick with Six of Spades&#xD;
Player Test3 won trick with Ace of Clubs&#xD;
Test&#xD;
Test&#xD;
Player Test1 won trick with Ace of Clubs&#xD;
Test&#xD;
Player Test3 won trick with King of Spades&#xD;
Test&#xD;
Test&#xD;
Test&#xD;
Test&#xD;
Player Test1 won trick with Ten of Hearts&#xD;
Test&#xD;
Test&#xD;
Test&#xD;
Test&#xD;
Player Test1 won trick with King of Hearts&#xD;
Test&#xD;
Test&#xD;
Player Test1 won trick with Ten of Clubs&#xD;
Test&#xD;
Test&#xD;
Test&#xD;
Test&#xD;
Player Test1 won trick with Nine of Hearts&#xD;
Test&#xD;
Test&#xD;
Player Test1 won trick with Jack of Clubs&#xD;
Test&#xD;
Test&#xD;
Test&#xD;
Player Test4 won trick with Ace of Diamonds&#xD;
Test&#xD;
Test&#xD;
Test&#xD;
Player Test1 won trick with Ten of Diamonds&#xD;
Test&#xD;
Test&#xD;
Test&#xD;
Player Test1 won trick with Eight of Clubs&#xD;
Test&#xD;
Test&#xD;
Test&#xD;
Player Test1 won trick with Two of Diamonds&#xD;
Test&#xD;
Test&#xD;
Test&#xD;
Player Test1 won trick with Jack of Hearts&#xD;
Test&#xD;
Test&#xD;
Player Test1 won trick with Eight of Clubs&#xD;
Test&#xD;
Test&#xD;
Test&#xD;
Player Test1 won trick with Ace of Diamonds&#xD;
Test&#xD;
Test&#xD;
Player Test3 won trick with Jack of Hearts&#xD;
Test&#xD;
Test&#xD;
Player Test3 won trick with King of Clubs&#xD;
Test&#xD;
Test&#xD;
Test&#xD;
Player Test1 won trick with Ace of Clubs&#xD;
Test&#xD;
Test&#xD;
Test&#xD;
Player Test1 won trick with Six of Clubs&#xD;
Test&#xD;
Test&#xD;
Test&#xD;
Player Test4 won trick with Four of Hearts&#xD;
Test&#xD;
Test&#xD;
Player Test3 won trick with Seven of Spades&#xD;
Test&#xD;
Test&#xD;
Player Test3 won trick with Six of Spades&#xD;
Test&#xD;
Player Test1 won trick with Ten of Clubs&#xD;
Test&#xD;
Test&#xD;
Test&#xD;
Player Test3 won trick with Five of Hearts&#xD;
Test&#xD;
Test&#xD;
Player Test3 won trick with Ten of Hearts&#xD;
Test&#xD;
Test&#xD;
Player Test2 won trick with King of Clubs&#xD;
Test&#xD;
Test&#xD;
Test&#xD;
Test&#xD;
Player Test1 won trick with Queen of Hearts&#xD;
Test&#xD;
Test&#xD;
Player Test2 won trick with Six of Clubs&#xD;
Test&#xD;
Test&#xD;
Test&#xD;
Player Test1 won trick with Three of Diamonds&#xD;
Test&#xD;
Test&#xD;
Test&#xD;
Player Test1 won trick with King of Diamonds&#xD;
Test&#xD;
Test&#xD;
Player Test1 won trick with Seven of Spades&#xD;
Test&#xD;
Test&#xD;
Test&#xD;
Player Test2 won trick with Five of Hearts&#xD;
Test&#xD;
Test&#xD;
Test&#xD;
Player Test1 won trick with Six of Diamonds&#xD;
Test&#xD;
Test&#xD;
Test&#xD;
Player Test1 won trick with Seven of Clubs&#xD;
Test&#xD;
Player Test4 won trick with Ace of Clubs&#xD;
Test&#xD;
Test&#xD;
Player Test4 won trick with Seven of Clubs&#xD;
Test&#xD;
Test&#xD;
Player Test4 won trick with Ten of Clubs&#xD;
Test&#xD;
Test&#xD;
Test&#xD;
Player Test1 won trick with Nine of Clubs&#xD;
Test&#xD;
Test&#xD;
Player Test4 won trick with Ten of Hearts&#xD;
Test&#xD;
Test&#xD;
Test&#xD;
Player Test1 won trick with Eight of Spades&#xD;
Test&#xD;
Player Test4 won trick with Ace of Clubs&#xD;
Test&#xD;
Test&#xD;
Test&#xD;
Player Test1 won trick with Four of Clubs&#xD;
Test&#xD;
Player Test2 won trick with Ace of Diamonds&#xD;
Test&#xD;
Test&#xD;
Test&#xD;
Player Test1 won trick with Ten of Spades&#xD;
Test&#xD;
Test&#xD;
Test&#xD;
Player Test1 won trick with Eight of Spades&#xD;
Test&#xD;
Player Test3 won trick with Nine of Clubs&#xD;
Test&#xD;
Test&#xD;
Test&#xD;
Player Test1 won trick with Ace of Diamonds&#xD;
Test&#xD;
Test&#xD;
Player Test1 won trick with Queen of Diamonds&#xD;
Test&#xD;
Test&#xD;
Test&#xD;
Player Test1 won trick with Queen of Diamonds&#xD;
Test&#xD;
Test&#xD;
Test&#xD;
Player Test1 won trick with Jack of Clubs&#xD;
Test&#xD;
Test&#xD;
Test&#xD;
Test&#xD;
Player Test1 won trick with King of Hearts&#xD;
Test&#xD;
Test&#xD;
Player Test3 won trick with Queen of Clubs&#xD;
Test&#xD;
Player Test2 won trick with Jack of Spades&#xD;
Test&#xD;
Player Test3 won trick with Eight of Diamonds&#xD;
Test&#xD;
Test&#xD;
Player Test1 won trick with Ace of Clubs&#xD;
Test&#xD;
Test&#xD;
Test&#xD;
Test&#xD;
Player Test1 won trick with Seven of Hearts&#xD;
Test&#xD;
Test&#xD;
Test&#xD;
Player Test1 won trick with Three of Clubs&#xD;
Test&#xD;
Test&#xD;
Test&#xD;
Player Test1 won trick with Ace of Hearts&#xD;
Test&#xD;
Test&#xD;
Test&#xD;
Player Test1 won trick with Ten of Diamonds&#xD;
Test&#xD;
Test&#xD;
Test&#xD;
Player Test4 won trick with Nine of Clubs&#xD;
Test&#xD;
Test&#xD;
Player Test1 won trick with Eight of Spades&#xD;
Player Test3 won trick with King of Spades&#xD;
Test&#xD;
Test&#xD;
Test&#xD;
Player Test1 won trick with Four of Diamonds&#xD;
Test&#xD;
Test&#xD;
Test&#xD;
Player Test1 won trick with Nine of Spades&#xD;
Test&#xD;
Test&#xD;
Player Test1 won trick with Jack of Spades&#xD;
Test&#xD;
Test&#xD;
Test&#xD;
Player Test1 won trick with Queen of Diamonds&#xD;
Test&#xD;
Test&#xD;
Player Test2 won trick with Jack of Diamonds&#xD;
Test&#xD;
Test&#xD;
Test&#xD;
Player Test1 won trick with Eight of Spades&#xD;
Test&#xD;
Test&#xD;
Test&#xD;
Player Test1 won trick with Three of Diamonds&#xD;
Test&#xD;
Test&#xD;
Player Test4 won trick with Four of Hearts&#xD;
Test&#xD;
Test&#xD;
Test&#xD;
Player Test4 won trick with Eight of Hearts&#xD;
Test&#xD;
Test&#xD;
Test&#xD;
Test&#xD;
Player Test1 won trick with Five of Hearts&#xD;
Test&#xD;
Player Test1 won trick with Nine of Diamonds&#xD;
Test&#xD;
Test&#xD;
Player Test1 won trick with Ace of Hearts&#xD;
Test&#xD;
Player Test1 won trick with King of Spades&#xD;
Test&#xD;
Test&#xD;
Test&#xD;
Player Test1 won trick with King of Diamonds&#xD;
Test&#xD;
Test&#xD;
Player Test4 won trick with Jack of Spades&#xD;
Test&#xD;
Test&#xD;
Test&#xD;
Player Test1 won trick with Seven of Clubs&#xD;
Test&#xD;
Test&#xD;
Test&#xD;
Player Test1 won trick with King of Hearts&#xD;
Test&#xD;
Player Test2 won trick with King of Clubs&#xD;
Test&#xD;
Player Test1 won trick with Queen of Spades&#xD;
Test&#xD;
Test&#xD;
Player Test3 won trick with Queen of Clubs&#xD;
Test&#xD;
Test&#xD;
Test&#xD;
Player Test2 won trick with Queen of Hearts&#xD;
Test&#xD;
Test&#xD;
Test&#xD;
Player Test1 won trick with Ace of Diamonds&#xD;
Test&#xD;
Test&#xD;
Player Test4 won trick with Ten of Hearts&#xD;
Test&#xD;
Test&#xD;
Test&#xD;
Player Test1 won trick with Two of Diamonds&#xD;
Test&#xD;
Test&#xD;
Player Test1 won trick with Jack of Clubs&#xD;
Test&#xD;
Test&#xD;
Test&#xD;
Player Test4 won trick with King of Hearts&#xD;
Test&#xD;
Test&#xD;
Test&#xD;
Player Test1 won trick with Seven of Hearts&#xD;
Test&#xD;
Test&#xD;
Test&#xD;
Player Test1 won trick with Five of Clubs&#xD;
Test&#xD;
Test&#xD;
Test&#xD;
Player Test1 won trick with Six of Spades&#xD;
Test&#xD;
Test&#xD;
Test&#xD;
Player Test1 won trick with Three of Spades&#xD;
Test&#xD;
Test&#xD;
Player Test4 won trick with Jack of Hearts&#xD;
Test&#xD;
Test&#xD;
Test&#xD;
Player Test1 won trick with Seven of Diamonds&#xD;
Test&#xD;
Test&#xD;
Test&#xD;
Test&#xD;
Player Test1 won trick with Jack of Hearts&#xD;
Test&#xD;
Test&#xD;
Test&#xD;
Player Test1 won trick with Two of Clubs&#xD;
Test&#xD;
Test&#xD;
Test&#xD;
Player Test1 won trick with Ace of Diamonds&#xD;
Test&#xD;
Test&#xD;
Player Test1 won trick with Queen of Clubs&#xD;
Test&#xD;
Test&#xD;
Player Test1 won trick with Queen of Spades&#xD;
Test&#xD;
Test&#xD;
Player Test3 won trick with King of Clubs&#xD;
Test&#xD;
Test&#xD;
Test&#xD;
Test&#xD;
Player Test1 won trick with Ace of Hearts&#xD;
Test&#xD;
Test&#xD;
Player Test2 won trick with Eight of Clubs&#xD;
Test&#xD;
Test&#xD;
Test&#xD;
Player Test1 won trick with Four of Spades&#xD;
Test&#xD;
Test&#xD;
Player Test2 won trick with Queen of Hearts&#xD;
Test&#xD;
Test&#xD;
Player Test2 won trick with Nine of Diamonds&#xD;
Test&#xD;
Test&#xD;
Player Test4 won trick with Five of Spades&#xD;
Test&#xD;
Test&#xD;
Test&#xD;
Test&#xD;
Player Test1 won trick with Seven of Clubs&#xD;
Test&#xD;
Test&#xD;
Test&#xD;
Player Test1 won trick with Five of Diamonds&#xD;
Test&#xD;
Test&#xD;
Player Test1 won trick with Six of Spades&#xD;
Test&#xD;
Test&#xD;
Test&#xD;
Test&#xD;
Player Test1 won trick with Eight of Clubs&#xD;
Test&#xD;
Player Test3 won trick with Ace of Clubs&#xD;
Test&#xD;
Test&#xD;
Test&#xD;
Player Test1 won trick with Ten of Spades&#xD;
Test&#xD;
Test&#xD;
Test&#xD;
Player Test1 won trick with Ace of Spades&#xD;
Test&#xD;
Test&#xD;
Player Test3 won trick with Five of Diamonds&#xD;
Test&#xD;
Test&#xD;
Test&#xD;
Player Test1 won trick with Jack of Diamonds&#xD;
Test&#xD;
Test&#xD;
Test&#xD;
Player Test2 won trick with Eight of Hearts&#xD;
Test&#xD;
Test&#xD;
Test&#xD;
Player Test1 won trick with Nine of Hearts&#xD;
Test&#xD;
Test&#xD;
Test&#xD;
Player Test1 won trick with Seven of Diamonds&#xD;
Test&#xD;
Test&#xD;
Test&#xD;
Player Test1 won trick with Ace of Hearts&#xD;
Test&#xD;
Test&#xD;
Test&#xD;
Player Test1 won trick with Four of Clubs&#xD;
Test&#xD;
Test&#xD;
Player Test1 won trick with King of Diamonds&#xD;
Test&#xD;
Test&#xD;
Player Test1 won trick with Jack of Hearts&#xD;
Test&#xD;
Test&#xD;
Test&#xD;
Player Test1 won trick with Queen of Clubs&#xD;
Test&#xD;
Test&#xD;
Test&#xD;
Test&#xD;
Player Test1 won trick with Queen of Diamonds&#xD;
Test&#xD;
Test&#xD;
Player Test1 won trick with Six of Clubs&#xD;
Test&#xD;
Test&#xD;
Test&#xD;
Player Test4 won trick with Nine of Hearts&#xD;
Test&#xD;
Test&#xD;
Player Test3 won trick with Eight of Diamonds&#xD;
Test&#xD;
Player Test1 won trick with Seven of Diamonds&#xD;
Test&#xD;
Test&#xD;
Test&#xD;
Test&#xD;
Player Test1 won trick with Five of Diamonds&#xD;
Test&#xD;
Test&#xD;
Test&#xD;
Player Test2 won trick with King of Hearts&#xD;
Test&#xD;
Test&#xD;
Player Test4 won trick with Jack of Diamonds&#xD;
Test&#xD;
Test&#xD;
Test&#xD;
Player Test1 won trick with Five of Hearts&#xD;
Test&#xD;
Test&#xD;
Test&#xD;
Player Test1 won trick with Three of Diamonds&#xD;
Test&#xD;
Test&#xD;
Player Test1 won trick with Ace of Clubs&#xD;
Test&#xD;
Test&#xD;
Test&#xD;
Player Test1 won trick with Ace of Clubs&#xD;
Test&#xD;
Test&#xD;
Player Test1 won trick with Seven of Clubs&#xD;
Test&#xD;
Test&#xD;
Test&#xD;
Player Test1 won trick with Ten of Diamonds&#xD;
Test&#xD;
Test&#xD;
Test&#xD;
Player Test1 won trick with King of Clubs&#xD;
Test&#xD;
Test&#xD;
Test&#xD;
Player Test1 won trick with Jack of Diamonds&#xD;
Test&#xD;
Player Test1 won trick with Queen of Diamonds&#xD;
Test&#xD;
Test&#xD;
Test&#xD;
Player Test1 won trick with Jack of Clubs&#xD;
Test&#xD;
Test&#xD;
Test&#xD;
Player Test1 won trick with Ten of Spades&#xD;
Test&#xD;
Test&#xD;
Test&#xD;
Player Test1 won trick with Seven of Diamonds&#xD;
Test&#xD;
Test&#xD;
Player Test4 won trick with Seven of Clubs&#xD;
Test&#xD;
Player Test3 won trick with Jack of Clubs&#xD;
Test&#xD;
Test&#xD;
Test&#xD;
Player Test3 won trick with Five of Hearts&#xD;
Test&#xD;
Player Test4 won trick with Nine of Diamonds&#xD;
Test&#xD;
Test&#xD;
Player Test2 won trick with Nine of Diamonds&#xD;
Test&#xD;
Test&#xD;
Player Test1 won trick with Six of Clubs&#xD;
Test&#xD;
Test&#xD;
Player Test1 won trick with Jack of Diamonds&#xD;
Test&#xD;
Player Test3 won trick with Jack of Clubs&#xD;
Test&#xD;
Test&#xD;
Player Test3 won trick with Queen of Clubs&#xD;
Test&#xD;
Test&#xD;
Test&#xD;
Player Test1 won trick with Four of Diamonds&#xD;
Test&#xD;
Player Test1 won trick with Ace of Diamonds&#xD;
Test&#xD;
Test&#xD;
Test&#xD;
Player Test1 won trick with Eight of Clubs&#xD;
Test&#xD;
Test&#xD;
Player Test1 won trick with Queen of Diamonds&#xD;
Test&#xD;
Test&#xD;
Test&#xD;
Player Test1 won trick with King of Diamonds&#xD;
Test&#xD;
Test&#xD;
Test&#xD;
Player Test4 won trick with Ace of Hearts&#xD;
Test&#xD;
Test&#xD;
Test&#xD;
Test&#xD;
Player Test1 won trick with Three of Hearts&#xD;
Test&#xD;
Test&#xD;
Player Test4 won trick with King of Spades&#xD;
Test&#xD;
Test&#xD;
Test&#xD;
Player Test1 won trick with Queen of Hearts&#xD;
Test&#xD;
Player Test1 won trick with Nine of Diamonds&#xD;
Test&#xD;
Test&#xD;
Player Test1 won trick with Ace of Spades&#xD;
Test&#xD;
Test&#xD;
Test&#xD;
Player Test1 won trick with Six of Clubs&#xD;
Test&#xD;
Test&#xD;
Player Test1 won trick with King of Diamonds&#xD;
Test&#xD;
Player Test3 won trick with King of Clubs&#xD;
Test&#xD;
Test&#xD;
Player Test1 won trick with Ace of Clubs&#xD;
Test&#xD;
Test&#xD;
Player Test1 won trick with Ten of Spades&#xD;
Test&#xD;
Test&#xD;
Test&#xD;
Player Test3 won trick with Six of Clubs&#xD;
Test&#xD;
Player Test1 won trick with Queen of Spades&#xD;
Test&#xD;
Test&#xD;
Test&#xD;
Player Test1 won trick with Four of Diamonds&#xD;
Test&#xD;
Test&#xD;
Test&#xD;
Player Test3 won trick with King of Hearts&#xD;
Test&#xD;
Test&#xD;
Test&#xD;
Player Test4 won trick with Seven of Hearts&#xD;
Test&#xD;
Test&#xD;
Player Test1 won trick with King of Diamonds&#xD;
Test&#xD;
Test&#xD;
Player Test1 won trick with Jack of Spades&#xD;
Test&#xD;
Test&#xD;
Test&#xD;
Test&#xD;
Player Test1 won trick with Ace of Hearts&#xD;
Test&#xD;
Test&#xD;
Player Test1 won trick with Jack of Clubs&#xD;
Test&#xD;
Test&#xD;
Test&#xD;
Player Test1 won trick with Four of Spades&#xD;
Test&#xD;
Test&#xD;
Test&#xD;
Player Test1 won trick with Six of Diamonds&#xD;
Test&#xD;
Test&#xD;
Test&#xD;
Player Test1 won trick with Eight of Diamonds&#xD;
Test&#xD;
Test&#xD;
Test&#xD;
Player Test1 won trick with Four of Spades&#xD;
Test&#xD;
Test&#xD;
Player Test4 won trick with Queen of Spades&#xD;
Test&#xD;
Test&#xD;
Player Test1 won trick with Ten of Clubs&#xD;
Test&#xD;
Test&#xD;
Test&#xD;
Player Test1 won trick with Seven of Hearts&#xD;
Test&#xD;
Player Test1 won trick with Ten of Diamonds&#xD;
Test&#xD;
Player Test4 won trick with King of Diamonds&#xD;
Test&#xD;
Test&#xD;
Test&#xD;
Player Test1 won trick with Seven of Clubs&#xD;
Test&#xD;
Test&#xD;
Test&#xD;
Player Test1 won trick with King of Hearts&#xD;
Test&#xD;
Test&#xD;
Player Test1 won trick with Ten of Spades&#xD;
Test&#xD;
Test&#xD;
Player Test1 won trick with Seven of Spades&#xD;
Test&#xD;
Test&#xD;
Test&#xD;
Player Test1 won trick with Three of Spades&#xD;
Test&#xD;
Test&#xD;
Test&#xD;
Player Test1 won trick with Ace of Diamonds&#xD;
Test&#xD;
Test&#xD;
Test&#xD;
Player Test1 won trick with Nine of Hearts&#xD;
Test&#xD;
Test&#xD;
Test&#xD;
Player Test1 won trick with King of Diamonds&#xD;
Test&#xD;
Test&#xD;
Test&#xD;
Test&#xD;
Player Test1 won trick with Nine of Hearts&#xD;
Test&#xD;
Test&#xD;
Player Test3 won trick with Jack of Diamonds&#xD;
Test&#xD;
Test&#xD;
Test&#xD;
Player Test1 won trick with Queen of Diamonds&#xD;
Test&#xD;
Player Test1 won trick with Jack of Diamonds&#xD;
Test&#xD;
Test&#xD;
Test&#xD;
Player Test1 won trick with King of Clubs&#xD;
Test&#xD;
Test&#xD;
Test&#xD;
Player Test1 won trick with Jack of Hearts&#xD;
Test&#xD;
Test&#xD;
Player Test1 won trick with Ten of Clubs&#xD;
Test&#xD;
Player Test3 won trick with Ace of Clubs&#xD;
Test&#xD;
Test&#xD;
Test&#xD;
Player Test1 won trick with Five of Hearts&#xD;
Test&#xD;
Test&#xD;
Player Test2 won trick with Queen of Hearts&#xD;
Test&#xD;
Test&#xD;
Player Test1 won trick with King of Diamonds&#xD;
Test&#xD;
Test&#xD;
Player Test1 won trick with Seven of Clubs&#xD;
Test&#xD;
Test&#xD;
Player Test1 won trick with Six of Diamonds&#xD;
Test&#xD;
Test&#xD;
Player Test1 won trick with Eight of Hearts&#xD;
Test&#xD;
Test&#xD;
Test&#xD;
Player Test1 won trick with Five of Clubs&#xD;
Test&#xD;
Test&#xD;
Test&#xD;
Player Test1 won trick with Seven of Clubs&#xD;
Test&#xD;
Test&#xD;
Test&#xD;
Player Test1 won trick with Four of Clubs&#xD;
Test&#xD;
Test&#xD;
Test&#xD;
Player Test1 won trick with Queen of Hearts&#xD;
Test&#xD;
Test&#xD;
Player Test1 won trick with Ace of Clubs&#xD;
Test&#xD;
Test&#xD;
Player Test2 won trick with Six of Diamonds&#xD;
Test&#xD;
Player Test3 won trick with Jack of Clubs&#xD;
Test&#xD;
Test&#xD;
Player Test1 won trick with Jack of Hearts&#xD;
Test&#xD;
Test&#xD;
Player Test2 won trick with Queen of Spades&#xD;
Test&#xD;
Test&#xD;
Test&#xD;
Test&#xD;
Player Test1 won trick with Six of Hearts&#xD;
Test&#xD;
Player Test1 won trick with Ten of Clubs&#xD;
Test&#xD;
Test&#xD;
Test&#xD;
Player Test1 won trick with Four of Diamonds&#xD;
Test&#xD;
Test&#xD;
Player Test2 won trick with Ten of Spades&#xD;
Test&#xD;
Test&#xD;
Test&#xD;
Player Test1 won trick with Five of Spades&#xD;
Test&#xD;
Test&#xD;
Player Test3 won trick with Queen of Spades&#xD;
Test&#xD;
Test&#xD;
Test&#xD;
Test&#xD;
Player Test1 won trick with Ace of Hearts&#xD;
Test&#xD;
Test&#xD;
Test&#xD;
Player Test1 won trick with Eight of Diamonds&#xD;
Test&#xD;
Test&#xD;
Test&#xD;
Test&#xD;
Player Test1 won trick with Six of Hearts&#xD;
Test&#xD;
Player Test1 won trick with Nine of Spades&#xD;
Test&#xD;
Test&#xD;
Player Test3 won trick with Queen of Diamonds&#xD;
Test&#xD;
Player Test3 won trick with Four of Diamonds&#xD;
Test&#xD;
Test&#xD;
Player Test3 won trick with Eight of Clubs&#xD;
Test&#xD;
Test&#xD;
Test&#xD;
Test&#xD;
Player Test1 won trick with Jack of Hearts&#xD;
Test&#xD;
Test&#xD;
Player Test1 won trick with Five of Spades&#xD;
Test&#xD;
Test&#xD;
Test&#xD;
Player Test1 won trick with Nine of Clubs&#xD;
Test&#xD;
Test&#xD;
Player Test3 won trick with Ten of Spades&#xD;
Test&#xD;
Test&#xD;
Test&#xD;
Player Test1 won trick with Two of Clubs&#xD;
Test&#xD;
Test&#xD;
Player Test1 won trick with Queen of Clubs&#xD;
Test&#xD;
Test&#xD;
Test&#xD;
Player Test2 won trick with Queen of Spades&#xD;
Test&#xD;
Test&#xD;
Test&#xD;
Player Test1 won trick with King of Hearts&#xD;
Test&#xD;
Test&#xD;
Player Test2 won trick with Queen of Spades&#xD;
Test&#xD;
Player Test1 won trick with King of Diamonds&#xD;
Test&#xD;
Test&#xD;
Player Test1 won trick with Three of Diamonds&#xD;
Test&#xD;
Test&#xD;
Player Test1 won trick with Seven of Spades&#xD;
Test&#xD;
Test&#xD;
Test&#xD;
Player Test2 won trick with Jack of Hearts&#xD;
Test&#xD;
Player Test1 won trick with Ace of Spades&#xD;
Test&#xD;
Test&#xD;
Test&#xD;
Player Test2 won trick with Seven of Hearts&#xD;
Test&#xD;
Test&#xD;
Test&#xD;
Test&#xD;
Player Test1 won trick with King of Hearts&#xD;
Test&#xD;
Test&#xD;
Player Test1 won trick with Ace of Clubs&#xD;
Test&#xD;
Test&#xD;
Test&#xD;
Player Test1 won trick with Three of Clubs&#xD;
Test&#xD;
Test&#xD;
Test&#xD;
Player Test1 won trick with Ten of Diamonds&#xD;
Test&#xD;
Player Test4 won trick with King of Clubs&#xD;
Test&#xD;
Test&#xD;
Test&#xD;
Player Test1 won trick with Queen of Clubs&#xD;
Test&#xD;
Test&#xD;
Player Test2 won trick with Nine of Diamonds&#xD;
Test&#xD;
Test&#xD;
Player Test2 won trick with Seven of Clubs&#xD;
Test&#xD;
Player Test1 won trick with Seven of Clubs&#xD;
Test&#xD;
Test&#xD;
Test&#xD;
Player Test1 won trick with Ace of Hearts&#xD;
Test&#xD;
Test&#xD;
Test&#xD;
Player Test1 won trick with Nine of Diamonds&#xD;
Test&#xD;
Test&#xD;
Test&#xD;
Test&#xD;
Player Test1 won trick with King of Hearts&#xD;
Test&#xD;
Player Test1 won trick with Queen of Clubs&#xD;
Test&#xD;
Test&#xD;
Test&#xD;
Player Test1 won trick with King of Spades&#xD;
Test&#xD;
Test&#xD;
Player Test1 won trick with Ten of Spades&#xD;
Test&#xD;
Player Test2 won trick with Ace of Diamonds&#xD;
Test&#xD;
Test&#xD;
Test&#xD;
Player Test1 won trick with Queen of Diamonds&#xD;
Player Test1 won trick with Ace of Diamonds&#xD;
Test&#xD;
Test&#xD;
Test&#xD;
Test&#xD;
Player Test1 won trick with Eight of Clubs&#xD;
Test&#xD;
Test&#xD;
Test&#xD;
Player Test1 won trick with Jack of Clubs&#xD;
Test&#xD;
Test&#xD;
Test&#xD;
Test&#xD;
Player Test1 won trick with Nine of Clubs&#xD;
Test&#xD;
Test&#xD;
Player Test4 won trick with Ace of Clubs&#xD;
Test&#xD;
Test&#xD;
Test&#xD;
Player Test3 won trick with Queen of Spades&#xD;
Test&#xD;
Test&#xD;
Test&#xD;
Player Test1 won trick with Queen of Hearts&#xD;
Test&#xD;
Test&#xD;
Test&#xD;
Player Test1 won trick with Queen of Hearts&#xD;
Test&#xD;
Test&#xD;
Test&#xD;
Player Test1 won trick with Eight of Clubs&#xD;
Test&#xD;
Test&#xD;
Test&#xD;
Player Test1 won trick with Four of Clubs&#xD;
Test&#xD;
Test&#xD;
Test&#xD;
Test&#xD;
Player Test1 won trick with Two of Hearts&#xD;
Test&#xD;
Test&#xD;
Player Test1 won trick with Queen of Hearts&#xD;
Test&#xD;
Test&#xD;
Player Test1 won trick with King of Spades&#xD;
Test&#xD;
Test&#xD;
Test&#xD;
Player Test1 won trick with Three of Diamonds&#xD;
Test&#xD;
Player Test1 won trick with King of Diamonds&#xD;
Test&#xD;
Test&#xD;
Player Test1 won trick with King of Clubs&#xD;
Test&#xD;
Player Test3 won trick with Ace of Diamonds&#xD;
Test&#xD;
Test&#xD;
Player Test1 won trick with Nine of Hearts&#xD;
Test&#xD;
Test&#xD;
Player Test1 won trick with Nine of Spades&#xD;
Test&#xD;
Test&#xD;
Player Test1 won trick with Queen of Spades&#xD;
Test&#xD;
Test&#xD;
Test&#xD;
Player Test1 won trick with Ten of Spades&#xD;
Test&#xD;
Test&#xD;
Test&#xD;
Test&#xD;
Player Test1 won trick with Ace of Hearts&#xD;
Test&#xD;
Test&#xD;
Test&#xD;
Player Test1 won trick with Five of Clubs&#xD;
Test&#xD;
Test&#xD;
Test&#xD;
Player Test1 won trick with King of Spades&#xD;
Test&#xD;
Test&#xD;
Test&#xD;
Test&#xD;
Player Test1 won trick with Ace of Hearts&#xD;
Test&#xD;
Test&#xD;
Player Test2 won trick with Eight of Diamonds&#xD;
Test&#xD;
Test&#xD;
Player Test3 won trick with King of Diamonds&#xD;
Test&#xD;
Test&#xD;
Player Test1 won trick with Eight of Spades&#xD;
Test&#xD;
Test&#xD;
Test&#xD;
Test&#xD;
Player Test1 won trick with Ace of Spades&#xD;
Test&#xD;
Player Test4 won trick with King of Spades&#xD;
Test&#xD;
Test&#xD;
Player Test1 won trick with King of Spades&#xD;
Test&#xD;
Test&#xD;
Player Test1 won trick with Three of Diamonds&#xD;
Test&#xD;
Test&#xD;
Player Test3 won trick with Queen of Spades&#xD;
Test&#xD;
Test&#xD;
Test&#xD;
Player Test1 won trick with Nine of Spades&#xD;
Test&#xD;
Test&#xD;
Player Test3 won trick with Jack of Spades&#xD;
Test&#xD;
Test&#xD;
Player Test2 won trick with Ace of Clubs&#xD;
Test&#xD;
Test&#xD;
Test&#xD;
Player Test1 won trick with Two of Spades&#xD;
Test&#xD;
Test&#xD;
Test&#xD;
Player Test2 won trick with King of Hearts&#xD;
Test&#xD;
Test&#xD;
Test&#xD;
Player Test1 won trick with Three of Clubs&#xD;
Player Test3 won trick with King of Spades&#xD;
Test&#xD;
Test&#xD;
Player Test2 won trick with Ace of Spades&#xD;
Test&#xD;
Test&#xD;
Player Test3 won trick with Six of Diamonds&#xD;
Test&#xD;
Test&#xD;
Test&#xD;
Player Test1 won trick with Nine of Hearts&#xD;
Test&#xD;
Test&#xD;
Test&#xD;
Test&#xD;
Player Test1 won trick with Nine of Clubs&#xD;
Test&#xD;
Player Test1 won trick with King of Clubs&#xD;
Test&#xD;
Test&#xD;
Test&#xD;
Player Test1 won trick with Seven of Spades&#xD;
Test&#xD;
Test&#xD;
Test&#xD;
Player Test1 won trick with Three of Spades&#xD;
Test&#xD;
Test&#xD;
Test&#xD;
Test&#xD;
Player Test1 won trick with Seven of Hearts&#xD;
Test&#xD;
Test&#xD;
Test&#xD;
Test&#xD;
Player Test1 won trick with Ace of Hearts&#xD;
Test&#xD;
Test&#xD;
Player Test1 won trick with Four of Diamonds&#xD;
Test&#xD;
Test&#xD;
Test&#xD;
Player Test1 won trick with Seven of Hearts&#xD;
Test&#xD;
Test&#xD;
Test&#xD;
Test&#xD;
Player Test1 won trick with Six of Hearts&#xD;
Test&#xD;
Test&#xD;
Player Test1 won trick with King of Spades&#xD;
Test&#xD;
Test&#xD;
Test&#xD;
Player Test1 won trick with Jack of Hearts&#xD;
Test&#xD;
Test&#xD;
Player Test4 won trick with Ace of Clubs&#xD;
Test&#xD;
Test&#xD;
Player Test1 won trick with Queen of Clubs&#xD;
Test&#xD;
Test&#xD;
Test&#xD;
Test&#xD;
Player Test1 won trick with Three of Hearts&#xD;
Test&#xD;
Test&#xD;
Test&#xD;
Player Test1 won trick with Four of Diamonds&#xD;
Test&#xD;
Test&#xD;
Player Test4 won trick with Queen of Clubs&#xD;
Test&#xD;
Test&#xD;
Test&#xD;
Player Test1 won trick with King of Clubs&#xD;
Test&#xD;
Test&#xD;
Player Test1 won trick with Six of Diamonds&#xD;
Test&#xD;
Test&#xD;
Player Test1 won trick with Jack of Diamonds&#xD;
Test&#xD;
Test&#xD;
Test&#xD;
Player Test1 won trick with Jack of Hearts&#xD;
Test&#xD;
Test&#xD;
Test&#xD;
Player Test1 won trick with Two of Clubs&#xD;
Test&#xD;
Test&#xD;
Player Test2 won trick with Queen of Hearts&#xD;
Test&#xD;
Player Test2 won trick with Queen of Clubs&#xD;
Test&#xD;
Test&#xD;
Test&#xD;
Player Test1 won trick with Nine of Clubs&#xD;
Test&#xD;
Test&#xD;
Player Test1 won trick with Seven of Spades&#xD;
Player Test1 won trick with Ten of Diamonds&#xD;
Test&#xD;
Test&#xD;
Player Test3 won trick with Seven of Diamonds&#xD;
Test&#xD;
Test&#xD;
Player Test2 won trick with Eight of Diamonds&#xD;
Test&#xD;
Test&#xD;
Test&#xD;
Player Test1 won trick with Jack of Diamonds&#xD;
Test&#xD;
Test&#xD;
Test&#xD;
Test&#xD;
Player Test1 won trick with Seven of Hearts&#xD;
Test&#xD;
Test&#xD;
Test&#xD;
Player Test1 won trick with Eight of Diamonds&#xD;
Test&#xD;
Test&#xD;
Test&#xD;
Player Test1 won trick with Seven of Diamonds&#xD;
Test&#xD;
Test&#xD;
Test&#xD;
Player Test1 won trick with Queen of Spades&#xD;
Test&#xD;
Test&#xD;
Test&#xD;
Player Test1 won trick with Eight of Spades&#xD;
Test&#xD;
Test&#xD;
Player Test1 won trick with Jack of Spades&#xD;
Test&#xD;
Test&#xD;
Test&#xD;
Player Test1 won trick with Five of Diamonds&#xD;
Test&#xD;
Test&#xD;
Test&#xD;
Player Test1 won trick with Ten of Spades&#xD;
Test&#xD;
Test&#xD;
Player Test1 won trick with Jack of Spades&#xD;
Test&#xD;
Player Test1 won trick with Seven of Spades&#xD;
Test&#xD;
Test&#xD;
Test&#xD;
Player Test1 won trick with Ace of Spades&#xD;
Test&#xD;
Test&#xD;
Player Test2 won trick with Seven of Diamonds&#xD;
Test&#xD;
Test&#xD;
Player Test1 won trick with Jack of Diamonds&#xD;
Test&#xD;
Test&#xD;
Test&#xD;
Test&#xD;
Player Test1 won trick with Ten of Hearts&#xD;
Test&#xD;
Test&#xD;
Test&#xD;
Test&#xD;
Player Test1 won trick with Jack of Hearts&#xD;
Test&#xD;
Test&#xD;
Test&#xD;
Player Test1 won trick with Nine of Spades&#xD;
Test&#xD;
Test&#xD;
Test&#xD;
Player Test1 won trick with Six of Clubs&#xD;
Test&#xD;
Test&#xD;
Test&#xD;
Player Test2 won trick with Ace of Hearts&#xD;
Test&#xD;
Test&#xD;
Test&#xD;
Player Test1 won trick with Eight of Clubs&#xD;
Test&#xD;
Test&#xD;
Test&#xD;
Player Test1 won trick with Ten of Spades&#xD;
Test&#xD;
Test&#xD;
Player Test4 won trick with Ace of Spades&#xD;
Test&#xD;
Test&#xD;
Player Test2 won trick with Eight of Clubs&#xD;
Test&#xD;
Test&#xD;
Player Test1 won trick with Jack of Clubs&#xD;
Test&#xD;
Test&#xD;
Player Test4 won trick with Four of Spades&#xD;
Test&#xD;
Test&#xD;
Test&#xD;
Test&#xD;
Player Test1 won trick with Seven of Hearts&#xD;
Test&#xD;
Test&#xD;
Test&#xD;
Test&#xD;
Player Test1 won trick with Six of Hearts&#xD;
Test&#xD;
Test&#xD;
Player Test1 won trick with Six of Hearts&#xD;
Test&#xD;
Test&#xD;
Player Test2 won trick with Ace of Diamonds&#xD;
Test&#xD;
Player Test3 won trick with King of Spades&#xD;
Test&#xD;
Test&#xD;
Test&#xD;
Test&#xD;
Player Test1 won trick with Eight of Hearts&#xD;
Test&#xD;
Test&#xD;
Player Test1 won trick with Eight of Clubs&#xD;
Test&#xD;
Test&#xD;
Test&#xD;
Player Test1 won trick with King of Spades&#xD;
Test&#xD;
Test&#xD;
Test&#xD;
Player Test3 won trick with King of Hearts&#xD;
Test&#xD;
Test&#xD;
Test&#xD;
Player Test1 won trick with Ace of Spades&#xD;
Test&#xD;
Player Test1 won trick with Eight of Spades&#xD;
Test&#xD;
Test&#xD;
Test&#xD;
Player Test1 won trick with Eight of Diamonds&#xD;
Test&#xD;
Test&#xD;
Test&#xD;
Test&#xD;
Player Test1 won trick with Five of Hearts&#xD;
Test&#xD;
Test&#xD;
Test&#xD;
Player Test4 won trick with Seven of Hearts&#xD;
Test&#xD;
Test&#xD;
Player Test1 won trick with Queen of Clubs&#xD;
Test&#xD;
Test&#xD;
Test&#xD;
Player Test1 won trick with Six of Spades&#xD;
Test&#xD;
Test&#xD;
Player Test1 won trick with Five of Clubs&#xD;
Test&#xD;
Test&#xD;
Player Test1 won trick with Nine of Clubs&#xD;
Test&#xD;
Player Test4 won trick with Queen of Spades&#xD;
Test&#xD;
Test&#xD;
Test&#xD;
Player Test1 won trick with Four of Clubs&#xD;
Test&#xD;
Test&#xD;
Test&#xD;
Player Test1 won trick with Four of Spades&#xD;
Test&#xD;
Test&#xD;
Test&#xD;
Test&#xD;
Player Test1 won trick with Seven of Hearts&#xD;
Test&#xD;
Test&#xD;
Test&#xD;
Player Test4 won trick with Five of Hearts&#xD;
Test&#xD;
Test&#xD;
Test&#xD;
Player Test1 won trick with Ten of Spades&#xD;
Test&#xD;
Test&#xD;
Test&#xD;
Test&#xD;
Player Test1 won trick with Two of Hearts&#xD;
Test&#xD;
Test&#xD;
Test&#xD;
Player Test1 won trick with Nine of Hearts&#xD;
Test&#xD;
Test&#xD;
Test&#xD;
Player Test1 won trick with Ten of Hearts&#xD;
Test&#xD;
Test&#xD;
Test&#xD;
Player Test1 won trick with Five of Diamonds&#xD;
Test&#xD;
Test&#xD;
Player Test1 won trick with Queen of Diamonds&#xD;
Test&#xD;
Test&#xD;
Player Test1 won trick with Ace of Diamonds&#xD;
Test&#xD;
Test&#xD;
Test&#xD;
Player Test2 won trick with King of Hearts&#xD;
Test&#xD;
Test&#xD;
Test&#xD;
Player Test1 won trick with Jack of Clubs&#xD;
Test&#xD;
Test&#xD;
Test&#xD;
Test&#xD;
Player Test1 won trick with King of Hearts&#xD;
Test&#xD;
Test&#xD;
Test&#xD;
Player Test1 won trick with Nine of Spades&#xD;
Test&#xD;
Player Test1 won trick with Five of Diamonds&#xD;
Test&#xD;
Test&#xD;
Test&#xD;
Test&#xD;
Player Test1 won trick with Ten of Hearts&#xD;
Test&#xD;
Test&#xD;
Player Test1 won trick with Ace of Spades&#xD;
Test&#xD;
Test&#xD;
Test&#xD;
Player Test3 won trick with Queen of Hearts&#xD;
Test&#xD;
Test&#xD;
Player Test1 won trick with Queen of Diamonds&#xD;
Test&#xD;
Player Test4 won trick with Queen of Spades&#xD;
Test&#xD;
Test&#xD;
Test&#xD;
Player Test1 won trick with King of Diamonds&#xD;
Test&#xD;
Test&#xD;
Test&#xD;
Player Test1 won trick with Seven of Diamonds&#xD;
Test&#xD;
Test&#xD;
Player Test1 won trick with Nine of Diamonds&#xD;
Test&#xD;
Test&#xD;
Test&#xD;
Player Test2 won trick with Seven of Hearts&#xD;
Test&#xD;
Test&#xD;
Player Test2 won trick with Queen of Clubs&#xD;
Test&#xD;
Test&#xD;
Test&#xD;
Test&#xD;
Player Test1 won trick with Queen of Hearts&#xD;
Test&#xD;
Test&#xD;
Test&#xD;
Player Test1 won trick with Nine of Diamonds&#xD;
Test&#xD;
Test&#xD;
Test&#xD;
Player Test1 won trick with Eight of Hearts&#xD;
Test&#xD;
Test&#xD;
Player Test1 won trick with Ace of Spades&#xD;
Test&#xD;
Test&#xD;
Player Test1 won trick with Nine of Diamonds&#xD;
Test&#xD;
Test&#xD;
Test&#xD;
Player Test1 won trick with Seven of Spades&#xD;
Test&#xD;
Test&#xD;
Player Test4 won trick with King of Spades&#xD;
Test&#xD;
Player Test2 won trick with King of Diamonds&#xD;
Test&#xD;
Player Test1 won trick with King of Clubs&#xD;
Test&#xD;
Test&#xD;
Test&#xD;
Player Test1 won trick with King of Hearts&#xD;
Test&#xD;
Player Test2 won trick with Nine of Hearts&#xD;
Test&#xD;
Test&#xD;
Test&#xD;
Player Test1 won trick with Five of Clubs&#xD;
Test&#xD;
Test&#xD;
Player Test1 won trick with Eight of Spades&#xD;
Test&#xD;
Test&#xD;
Player Test1 won trick with Ace of Diamonds&#xD;
Test&#xD;
Test&#xD;
Test&#xD;
Test&#xD;
Player Test1 won trick with Ten of Hearts&#xD;
Test&#xD;
Test&#xD;
Test&#xD;
Test&#xD;
Player Test1 won trick with Seven of Hearts&#xD;
Test&#xD;
Test&#xD;
Player Test1 won trick with Ten of Clubs&#xD;
Test&#xD;
Test&#xD;
Test&#xD;
Test&#xD;
Player Test1 won trick with Seven of Hearts&#xD;
Test&#xD;
Test&#xD;
Test&#xD;
Test&#xD;
Player Test1 won trick with Five of Hearts&#xD;
Test&#xD;
Test&#xD;
Test&#xD;
Test&#xD;
Player Test1 won trick with Three of Hearts&#xD;
Test&#xD;
Test&#xD;
Player Test1 won trick with Ace of Clubs&#xD;
Test&#xD;
Player Test1 won trick with Ace of Diamonds&#xD;
Test&#xD;
Test&#xD;
Test&#xD;
Player Test2 won trick with Jack of Clubs&#xD;
Player Test2 won trick with Queen of Diamonds&#xD;
Test&#xD;
Test&#xD;
Test&#xD;
Test&#xD;
Player Test1 won trick with Ace of Hearts&#xD;
Test&#xD;
Test&#xD;
Test&#xD;
Player Test1 won trick with Ace of Diamonds&#xD;
Test&#xD;
Test&#xD;
Test&#xD;
Player Test4 won trick with Seven of Hearts&#xD;
Test&#xD;
Test&#xD;
Player Test2 won trick with Six of Clubs&#xD;
Test&#xD;
Test&#xD;
Test&#xD;
Player Test1 won trick with Five of Clubs&#xD;
Test&#xD;
Test&#xD;
Test&#xD;
Player Test1 won trick with King of Spades&#xD;
Test&#xD;
Test&#xD;
Player Test3 won trick with King of Clubs&#xD;
Test&#xD;
Test&#xD;
Test&#xD;
Test&#xD;
Player Test1 won trick with Nine of Hearts&#xD;
Test&#xD;
Test&#xD;
Test&#xD;
Player Test1 won trick with Queen of Spades&#xD;
Test&#xD;
Test&#xD;
Player Test2 won trick with Ten of Spades&#xD;
Test&#xD;
Test&#xD;
Test&#xD;
Player Test1 won trick with Two of Clubs&#xD;
Test&#xD;
Test&#xD;
Test&#xD;
Player Test1 won trick with Five of Diamonds&#xD;
Test&#xD;
Test&#xD;
Player Test4 won trick with Ace of Diamonds&#xD;
Test&#xD;
Player Test2 won trick with Ace of Clubs&#xD;
Test&#xD;
Test&#xD;
Test&#xD;
Player Test1 won trick with King of Spades&#xD;
Test&#xD;
Test&#xD;
Test&#xD;
Test&#xD;
Player Test1 won trick with Nine of Hearts&#xD;
Test&#xD;
Player Test1 won trick with Queen of Diamonds&#xD;
Test&#xD;
Test&#xD;
Player Test1 won trick with Five of Diamonds&#xD;
Test&#xD;
Test&#xD;
Test&#xD;
Player Test1 won trick with Jack of Clubs&#xD;
Test&#xD;
Test&#xD;
Test&#xD;
Test&#xD;
Player Test1 won trick with Eight of Hearts&#xD;
Test&#xD;
Test&#xD;
Player Test1 won trick with Six of Diamonds&#xD;
Test&#xD;
Player Test4 won trick with Queen of Spades&#xD;
Test&#xD;
Test&#xD;
Player Test3 won trick with Ace of Hearts&#xD;
Test&#xD;
Test&#xD;
Test&#xD;
Player Test1 won trick with Nine of Clubs&#xD;
Test&#xD;
Test&#xD;
Player Test3 won trick with Ace of Spades&#xD;
Test&#xD;
Test&#xD;
Test&#xD;
Player Test1 won trick with Eight of Hearts&#xD;
Test&#xD;
Player Test3 won trick with Ace of Clubs&#xD;
Test&#xD;
Test&#xD;
Test&#xD;
Player Test1 won trick with Eight of Diamonds&#xD;
Test&#xD;
Test&#xD;
Test&#xD;
Player Test1 won trick with Two of Diamonds&#xD;
Test&#xD;
Test&#xD;
Test&#xD;
Player Test1 won trick with Seven of Diamonds&#xD;
Test&#xD;
Test&#xD;
Test&#xD;
Player Test1 won trick with Ace of Clubs&#xD;
Test&#xD;
Test&#xD;
Test&#xD;
Player Test1 won trick with Nine of Spades&#xD;
Test&#xD;
Player Test2 won trick with Queen of Spades&#xD;
Test&#xD;
Test&#xD;
Player Test2 won trick with Five of Clubs&#xD;
Test&#xD;
Test&#xD;
Player Test1 won trick with Ace of Clubs&#xD;
Test&#xD;
Test&#xD;
Test&#xD;
Player Test1 won trick with Three of Diamonds&#xD;
Test&#xD;
Test&#xD;
Player Test1 won trick with King of Diamonds&#xD;
Test&#xD;
Test&#xD;
Player Test1 won trick with Ten of Diamonds&#xD;
Test&#xD;
Player Test1 won trick with Queen of Clubs&#xD;
Test&#xD;
Player Test1 won trick with Ace of Diamonds&#xD;
Test&#xD;
Test&#xD;
Test&#xD;
Player Test3 won trick with Jack of Spades&#xD;
Test&#xD;
Player Test2 won trick with King of Diamonds&#xD;
Test&#xD;
Test&#xD;
Test&#xD;
Player Test1 won trick with King of Diamonds&#xD;
Test&#xD;
Test&#xD;
Test&#xD;
Player Test1 won trick with Seven of Clubs&#xD;
Test&#xD;
Test&#xD;
Player Test4 won trick with Eight of Spades&#xD;
Test&#xD;
Test&#xD;
Test&#xD;
Player Test1 won trick with Ten of Clubs&#xD;
Test&#xD;
Test&#xD;
Player Test4 won trick with Ace of Diamonds&#xD;
Test&#xD;
Test&#xD;
Test&#xD;
Player Test1 won trick with Seven of Spades&#xD;
Test&#xD;
Test&#xD;
Test&#xD;
Test&#xD;
Player Test1 won trick with King of Hearts&#xD;
Test&#xD;
Test&#xD;
Test&#xD;
Test&#xD;
Player Test1 won trick with Ten of Hearts&#xD;
Test&#xD;
Player Test4 won trick with Ten of Clubs&#xD;
Test&#xD;
Test&#xD;
Test&#xD;
Player Test1 won trick with King of Spades&#xD;
Test&#xD;
Test&#xD;
Test&#xD;
Player Test1 won trick with Ace of Hearts&#xD;
Test&#xD;
Test&#xD;
Player Test1 won trick with Eight of Spades&#xD;
Test&#xD;
Test&#xD;
Player Test1 won trick with Nine of Diamonds&#xD;
Test&#xD;
Test&#xD;
Test&#xD;
Player Test1 won trick with Nine of Diamonds&#xD;
Test&#xD;
Test&#xD;
Test&#xD;
Player Test3 won trick with Five of Hearts&#xD;
Test&#xD;
Test&#xD;
Player Test4 won trick with Five of Hearts&#xD;
Test&#xD;
Test&#xD;
Test&#xD;
Test&#xD;
Player Test1 won trick with Nine of Hearts&#xD;
Test&#xD;
Test&#xD;
Test&#xD;
Player Test1 won trick with Four of Spades&#xD;
Test&#xD;
Test&#xD;
Test&#xD;
Test&#xD;
Player Test1 won trick with Nine of Hearts&#xD;
Test&#xD;
Test&#xD;
Player Test1 won trick with Seven of Clubs&#xD;
Test&#xD;
Test&#xD;
Test&#xD;
Player Test1 won trick with Five of Hearts&#xD;
Test&#xD;
Test&#xD;
Test&#xD;
Test&#xD;
Player Test1 won trick with Ace of Spades&#xD;
Test&#xD;
Test&#xD;
Test&#xD;
Player Test1 won trick with Jack of Diamonds&#xD;
Test&#xD;
Test&#xD;
Test&#xD;
Player Test1 won trick with Four of Clubs&#xD;
Test&#xD;
Test&#xD;
Test&#xD;
Test&#xD;
Player Test1 won trick with Queen of Hearts&#xD;
Test&#xD;
Test&#xD;
Player Test1 won trick with Nine of Diamonds&#xD;
Test&#xD;
Test&#xD;
Test&#xD;
Test&#xD;
Player Test1 won trick with Jack of Diamonds&#xD;
Test&#xD;
Test&#xD;
Test&#xD;
Player Test1 won trick with Ace of Spades&#xD;
Test&#xD;
Test&#xD;
Test&#xD;
Player Test1 won trick with Jack of Hearts&#xD;
Test&#xD;
Test&#xD;
Player Test3 won trick with Ace of Diamonds&#xD;
Test&#xD;
Test&#xD;
Test&#xD;
Test&#xD;
Player Test1 won trick with King of Diamonds&#xD;
Test&#xD;
Test&#xD;
Test&#xD;
Player Test4 won trick with King of Hearts&#xD;
Test&#xD;
Test&#xD;
Player Test1 won trick with Nine of Hearts&#xD;
Test&#xD;
Test&#xD;
Player Test2 won trick with Ace of Clubs&#xD;
Test&#xD;
Test&#xD;
Test&#xD;
Test&#xD;
Player Test1 won trick with Ace of Hearts&#xD;
Test&#xD;
Test&#xD;
Player Test1 won trick with King of Clubs&#xD;
Test&#xD;
Test&#xD;
Player Test4 won trick with Six of Hearts&#xD;
Test&#xD;
Test&#xD;
Test&#xD;
Player Test1 won trick with Ten of Diamonds&#xD;
Test&#xD;
Test&#xD;
Test&#xD;
Player Test1 won trick with King of Spades&#xD;
Test&#xD;
Player Test4 won trick with King of Spades&#xD;
Test&#xD;
Test&#xD;
Test&#xD;
Test&#xD;
Player Test1 won trick with Jack of Hearts&#xD;
Test&#xD;
Test&#xD;
Test&#xD;
Player Test1 won trick with Six of Clubs&#xD;
Test&#xD;
Test&#xD;
Test&#xD;
Player Test1 won trick with Ten of Clubs&#xD;
Test&#xD;
Test&#xD;
Player Test4 won trick with Ace of Diamonds&#xD;
Test&#xD;
Test&#xD;
Test&#xD;
Player Test1 won trick with King of Clubs&#xD;
Test&#xD;
Test&#xD;
Player Test1 won trick with Ten of Spades&#xD;
Test&#xD;
Test&#xD;
Test&#xD;
Player Test1 won trick with Eight of Clubs&#xD;
Test&#xD;
Test&#xD;
Test&#xD;
Player Test1 won trick with Ten of Spades&#xD;
Test&#xD;
Test&#xD;
Test&#xD;
Player Test1 won trick with Ace of Hearts&#xD;
Test&#xD;
Test&#xD;
Player Test3 won trick with Nine of Clubs&#xD;
Test&#xD;
Test&#xD;
Test&#xD;
Test&#xD;
Player Test1 won trick with Three of Hearts&#xD;
Test&#xD;
Test&#xD;
Test&#xD;
Player Test1 won trick with Four of Spades&#xD;
Test&#xD;
Test&#xD;
Player Test3 won trick with Queen of Diamonds&#xD;
Test&#xD;
Test&#xD;
Player Test3 won trick with Jack of Clubs&#xD;
Test&#xD;
Test&#xD;
Test&#xD;
Test&#xD;
Player Test1 won trick with Three of Hearts&#xD;
Test&#xD;
Player Test2 won trick with Jack of Diamonds&#xD;
Test&#xD;
Player Test4 won trick with King of Hearts&#xD;
Test&#xD;
Test&#xD;
Test&#xD;
Player Test1 won trick with Seven of Spades&#xD;
Test&#xD;
Test&#xD;
Test&#xD;
Player Test1 won trick with Queen of Hearts&#xD;
Test&#xD;
Test&#xD;
Test&#xD;
Player Test1 won trick with Eight of Hearts&#xD;
Player Test1 won trick with Queen of Clubs&#xD;
Test&#xD;
Test&#xD;
Player Test4 won trick with Ace of Spades&#xD;
Test&#xD;
Player Test4 won trick with Queen of Diamonds&#xD;
Test&#xD;
Test&#xD;
Player Test3 won trick with Jack of Diamonds&#xD;
Test&#xD;
Test&#xD;
Test&#xD;
Test&#xD;
Player Test1 won trick with Jack of Hearts&#xD;
Test&#xD;
Test&#xD;
Player Test3 won trick with Seven of Spades&#xD;
Test&#xD;
Test&#xD;
Test&#xD;
Player Test1 won trick with Jack of Diamonds&#xD;
Test&#xD;
Test&#xD;
Player Test1 won trick with Six of Diamonds&#xD;
Test&#xD;
Test&#xD;
Test&#xD;
Test&#xD;
Player Test1 won trick with Four of Hearts&#xD;
Test&#xD;
Test&#xD;
Player Test1 won trick with King of Hearts&#xD;
Test&#xD;
Test&#xD;
Test&#xD;
Test&#xD;
Player Test1 won trick with Four of Hearts&#xD;
Test&#xD;
Test&#xD;
Player Test3 won trick with Queen of Spades&#xD;
Test&#xD;
Test&#xD;
Test&#xD;
Player Test1 won trick with King of Clubs&#xD;
Test&#xD;
Test&#xD;
Player Test1 won trick with Ace of Clubs&#xD;
Test&#xD;
Test&#xD;
Test&#xD;
Player Test1 won trick with Queen of Diamonds&#xD;
Test&#xD;
Test&#xD;
Player Test1 won trick with Queen of Diamonds&#xD;
Test&#xD;
Test&#xD;
Test&#xD;
Player Test1 won trick with Seven of Clubs&#xD;
Test&#xD;
Test&#xD;
Test&#xD;
Player Test1 won trick with Ten of Diamonds&#xD;
Test&#xD;
Test&#xD;
Player Test4 won trick with Ten of Diamonds&#xD;
Test&#xD;
Test&#xD;
Player Test1 won trick with Ace of Clubs&#xD;
Test&#xD;
Test&#xD;
Test&#xD;
Player Test4 won trick with King of Hearts&#xD;
Test&#xD;
Player Test2 won trick with Nine of Diamonds&#xD;
Test&#xD;
Player Test2 won trick with King of Clubs&#xD;
Test&#xD;
Test&#xD;
Test&#xD;
Player Test1 won trick with King of Diamonds&#xD;
Player Test2 won trick with Ace of Diamonds&#xD;
Test&#xD;
Test&#xD;
Test&#xD;
Player Test1 won trick with Jack of Diamonds&#xD;
Test&#xD;
Test&#xD;
Test&#xD;
Player Test1 won trick with Two of Diamonds&#xD;
Test&#xD;
Test&#xD;
Test&#xD;
Player Test1 won trick with King of Clubs&#xD;
Test&#xD;
Test&#xD;
Test&#xD;
Player Test1 won trick with Nine of Spades&#xD;
Test&#xD;
Test&#xD;
Player Test3 won trick with Eight of Spades&#xD;
Test&#xD;
Test&#xD;
Test&#xD;
Test&#xD;
Player Test1 won trick with Eight of Hearts&#xD;
Test&#xD;
Test&#xD;
Test&#xD;
Player Test1 won trick with Ten of Diamonds&#xD;
Test&#xD;
Test&#xD;
Test&#xD;
Test&#xD;
Player Test1 won trick with Queen of Hearts&#xD;
Test&#xD;
Test&#xD;
Player Test1 won trick with Four of Diamonds&#xD;
Test&#xD;
Test&#xD;
Test&#xD;
Test&#xD;
Player Test1 won trick with Ten of Hearts&#xD;
Test&#xD;
Test&#xD;
Player Test4 won trick with Jack of Spades&#xD;
Test&#xD;
Test&#xD;
Test&#xD;
Player Test1 won trick with Five of Spades&#xD;
Test&#xD;
Test&#xD;
Test&#xD;
Player Test4 won trick with Queen of Hearts&#xD;
Test&#xD;
Test&#xD;
Test&#xD;
Player Test1 won trick with Jack of Clubs&#xD;
Test&#xD;
Test&#xD;
Test&#xD;
Player Test1 won trick with Six of Hearts&#xD;
Player Test2 won trick with King of Clubs&#xD;
Test&#xD;
Test&#xD;
Test&#xD;
Player Test1 won trick with Seven of Clubs&#xD;
Test&#xD;
Test&#xD;
Player Test3 won trick with Queen of Spades&#xD;
Test&#xD;
Test&#xD;
Test&#xD;
Player Test4 won trick with Eight of Hearts&#xD;
Test&#xD;
Test&#xD;
Test&#xD;
Test&#xD;
Player Test1 won trick with Eight of Hearts&#xD;
Test&#xD;
Player Test4 won trick with Jack of Clubs&#xD;
Test&#xD;
Test&#xD;
Test&#xD;
Player Test1 won trick with Jack of Hearts&#xD;
Test&#xD;
Test&#xD;
Test&#xD;
Player Test2 won trick with Ace of Hearts&#xD;
Test&#xD;
Test&#xD;
Test&#xD;
Player Test1 won trick with Seven of Spades&#xD;
Test&#xD;
Test&#xD;
Test&#xD;
Test&#xD;
Player Test1 won trick with King of Hearts&#xD;
Test&#xD;
Test&#xD;
Player Test4 won trick with Ace of Hearts&#xD;
Test&#xD;
Test&#xD;
Player Test1 won trick with Four of Spades&#xD;
Test&#xD;
Test&#xD;
Player Test1 won trick with Ace of Spades&#xD;
Test&#xD;
Test&#xD;
Player Test1 won trick with Three of Spades&#xD;
Test&#xD;
Test&#xD;
Test&#xD;
Test&#xD;
Player Test1 won trick with Ten of Hearts&#xD;
Test&#xD;
Test&#xD;
Player Test4 won trick with Ace of Hearts&#xD;
Test&#xD;
Test&#xD;
Test&#xD;
Player Test3 won trick with Queen of Hearts&#xD;
Test&#xD;
Test&#xD;
Test&#xD;
Player Test1 won trick with Queen of Clubs&#xD;
Test&#xD;
Test&#xD;
Test&#xD;
Player Test1 won trick with Two of Diamonds&#xD;
Test&#xD;
Test&#xD;
Test&#xD;
Test&#xD;
Player Test1 won trick with Ace of Hearts&#xD;
Test&#xD;
Test&#xD;
Test&#xD;
Player Test1 won trick with Ten of Diamonds&#xD;
Test&#xD;
Test&#xD;
Player Test1 won trick with Jack of Clubs&#xD;
Test&#xD;
Test&#xD;
Player Test2 won trick with Jack of Spades&#xD;
Test&#xD;
Test&#xD;
Test&#xD;
Player Test1 won trick with Four of Spades&#xD;
Test&#xD;
Test&#xD;
Test&#xD;
Player Test1 won trick with King of Diamonds&#xD;
Test&#xD;
Test&#xD;
Test&#xD;
Player Test1 won trick with Seven of Diamonds&#xD;
Test&#xD;
Test&#xD;
Test&#xD;
Player Test1 won trick with Nine of Hearts&#xD;
Test&#xD;
Player Test2 won trick with Queen of Spades&#xD;
Test&#xD;
Test&#xD;
Test&#xD;
Player Test1 won trick with Four of Diamonds&#xD;
Test&#xD;
Test&#xD;
Test&#xD;
Player Test1 won trick with King of Hearts&#xD;
Test&#xD;
Test&#xD;
Player Test1 won trick with Ace of Spades&#xD;
Test&#xD;
Test&#xD;
Test&#xD;
Player Test1 won trick with Three of Clubs&#xD;
Test&#xD;
Player Test4 won trick with King of Diamonds&#xD;
Test&#xD;
Test&#xD;
Test&#xD;
Player Test1 won trick with Jack of Spades&#xD;
Test&#xD;
Test&#xD;
Test&#xD;
Test&#xD;
Player Test1 won trick with Two of Hearts&#xD;
Test&#xD;
Test&#xD;
Player Test1 won trick with Six of Diamonds&#xD;
Test&#xD;
Test&#xD;
Test&#xD;
Player Test1 won trick with King of Spades&#xD;
Test&#xD;
Test&#xD;
Player Test3 won trick with Ten of Clubs&#xD;
Test&#xD;
Player Test1 won trick with Ace of Clubs&#xD;
Test&#xD;
Test&#xD;
Test&#xD;
Player Test1 won trick with Jack of Clubs&#xD;
Test&#xD;
Test&#xD;
Player Test3 won trick with Ten of Spades&#xD;
Test&#xD;
Test&#xD;
Player Test1 won trick with Eight of Clubs&#xD;
Test&#xD;
Test&#xD;
Player Test2 won trick with Ace of Hearts&#xD;
Test&#xD;
Test&#xD;
Test&#xD;
Player Test1 won trick with Four of Hearts&#xD;
Test&#xD;
Test&#xD;
Player Test1 won trick with King of Diamonds&#xD;
Player Test2 won trick with Ace of Spades&#xD;
Test&#xD;
Test&#xD;
Test&#xD;
Player Test1 won trick with Six of Diamonds&#xD;
Test&#xD;
Player Test3 won trick with King of Diamonds&#xD;
Test&#xD;
Test&#xD;
Test&#xD;
Test&#xD;
Player Test1 won trick with Five of Hearts&#xD;
Test&#xD;
Test&#xD;
Player Test1 won trick with Nine of Diamonds&#xD;
Test&#xD;
Player Test2 won trick with Ace of Spades&#xD;
Test&#xD;
Test&#xD;
Test&#xD;
Test&#xD;
Player Test1 won trick with Ace of Hearts&#xD;
Test&#xD;
Player Test1 won trick with Ten of Diamonds&#xD;
Test&#xD;
Player Test2 won trick with Queen of Spades&#xD;
Test&#xD;
Test&#xD;
Player Test2 won trick with Queen of Clubs&#xD;
Test&#xD;
Test&#xD;
Test&#xD;
Player Test3 won trick with Four of Hearts&#xD;
Test&#xD;
Test&#xD;
Player Test1 won trick with Nine of Spades&#xD;
Test&#xD;
Test&#xD;
Player Test1 won trick with Ten of Diamonds&#xD;
Test&#xD;
Test&#xD;
Test&#xD;
Player Test4 won trick with Jack of Clubs&#xD;
Test&#xD;
Test&#xD;
Test&#xD;
Player Test1 won trick with Queen of Clubs&#xD;
Test&#xD;
Test&#xD;
Test&#xD;
Player Test1 won trick with Five of Hearts&#xD;
Test&#xD;
Test&#xD;
Player Test1 won trick with Ace of Diamonds&#xD;
Test&#xD;
Player Test1 won trick with Ten of Clubs&#xD;
Test&#xD;
Test&#xD;
Player Test2 won trick with Queen of Clubs&#xD;
Test&#xD;
Test&#xD;
Player Test3 won trick with King of Diamonds&#xD;
Test&#xD;
Test&#xD;
Player Test1 won trick with Eight of Clubs&#xD;
Test&#xD;
Test&#xD;
Test&#xD;
Player Test1 won trick with King of Diamonds&#xD;
Test&#xD;
Test&#xD;
Player Test4 won trick with Ten of Diamonds&#xD;
Test&#xD;
Test&#xD;
Test&#xD;
Player Test1 won trick with Seven of Diamonds&#xD;
Test&#xD;
Test&#xD;
Test&#xD;
Test&#xD;
Player Test1 won trick with Four of Hearts&#xD;
Test&#xD;
Test&#xD;
Test&#xD;
Player Test3 won trick with Ten of Hearts&#xD;
Test&#xD;
Test&#xD;
Test&#xD;
Test&#xD;
Player Test1 won trick with Three of Hearts&#xD;
Test&#xD;
Test&#xD;
Test&#xD;
Test&#xD;
Player Test1 won trick with Four of Clubs&#xD;
Test&#xD;
Test&#xD;
Test&#xD;
Player Test1 won trick with Two of Clubs&#xD;
Test&#xD;
Test&#xD;
Test&#xD;
Player Test3 won trick with Ten of Hearts&#xD;
Test&#xD;
Test&#xD;
Player Test2 won trick with Ace of Spades&#xD;
Test&#xD;
Test&#xD;
Player Test2 won trick with King of Clubs&#xD;
Test&#xD;
Test&#xD;
Test&#xD;
Player Test1 won trick with King of Diamonds&#xD;
Test&#xD;
Test&#xD;
Player Test1 won trick with King of Clubs&#xD;
Test&#xD;
Player Test4 won trick with Ace of Diamonds&#xD;
Test&#xD;
Test&#xD;
Player Test1 won trick with Ace of Diamonds&#xD;
Test&#xD;
Test&#xD;
Test&#xD;
Player Test1 won trick with Seven of Clubs&#xD;
Test&#xD;
Test&#xD;
Test&#xD;
Player Test1 won trick with Seven of Clubs&#xD;
Test&#xD;
Test&#xD;
Player Test1 won trick with Nine of Spades&#xD;
Test&#xD;
Test&#xD;
Test&#xD;
Test&#xD;
Player Test1 won trick with Six of Hearts&#xD;
Test&#xD;
Test&#xD;
Test&#xD;
Player Test1 won trick with Ace of Hearts&#xD;
Test&#xD;
Test&#xD;
Test&#xD;
Test&#xD;
Player Test1 won trick with Jack of Hearts&#xD;
Test&#xD;
Test&#xD;
Test&#xD;
Player Test1 won trick with Ten of Diamonds&#xD;
Test&#xD;
Test&#xD;
Test&#xD;
Player Test1 won trick with Seven of Hearts&#xD;
Test&#xD;
Player Test3 won trick with King of Diamonds&#xD;
Test&#xD;
Test&#xD;
Test&#xD;
Test&#xD;
Player Test1 won trick with Eight of Hearts&#xD;
Test&#xD;
Test&#xD;
Test&#xD;
Test&#xD;
Player Test1 won trick with Nine of Spades&#xD;
Test&#xD;
Test&#xD;
Test&#xD;
Player Test1 won trick with Jack of Clubs&#xD;
Test&#xD;
Test&#xD;
Player Test1 won trick with Five of Spades&#xD;
Test&#xD;
Test&#xD;
Test&#xD;
Player Test1 won trick with Four of Spades&#xD;
Test&#xD;
Test&#xD;
Test&#xD;
Player Test4 won trick with King of Hearts&#xD;
Test&#xD;
Test&#xD;
Test&#xD;
Player Test1 won trick with Jack of Clubs&#xD;
Test&#xD;
Test&#xD;
Test&#xD;
Test&#xD;
Player Test1 won trick with Five of Hearts&#xD;
Test&#xD;
Test&#xD;
Player Test3 won trick with Jack of Diamonds&#xD;
Test&#xD;
Test&#xD;
Test&#xD;
Player Test4 won trick with Jack of Hearts&#xD;
Test&#xD;
Test&#xD;
Test&#xD;
Player Test1 won trick with Five of Spades&#xD;
Test&#xD;
Test&#xD;
Player Test1 won trick with Eight of Clubs&#xD;
Test&#xD;
Test&#xD;
Test&#xD;
Player Test1 won trick with Nine of Clubs&#xD;
Test&#xD;
Test&#xD;
Test&#xD;
Player Test1 won trick with King of Spades&#xD;
Player Test3 won trick with Seven of Diamonds&#xD;
Test&#xD;
Test&#xD;
Test&#xD;
Player Test1 won trick with Four of Hearts&#xD;
Test&#xD;
Test&#xD;
Test&#xD;
Player Test1 won trick with Seven of Diamonds&#xD;
Test&#xD;
Test&#xD;
Player Test2 won trick with Six of Diamonds&#xD;
Test&#xD;
Player Test1 won trick with King of Hearts&#xD;
Test&#xD;
Test&#xD;
Test&#xD;
Player Test1 won trick with Seven of Diamonds&#xD;
Test&#xD;
Test&#xD;
Test&#xD;
Player Test1 won trick with Ace of Spades&#xD;
Test&#xD;
Test&#xD;
Player Test1 won trick with King of Clubs&#xD;
Test&#xD;
Player Test3 won trick with Jack of Spades&#xD;
Test&#xD;
Test&#xD;
Test&#xD;
Player Test2 won trick with Four of Spades&#xD;
Test&#xD;
Test&#xD;
Test&#xD;
Player Test1 won trick with Six of Spades&#xD;
Test&#xD;
Test&#xD;
Player Test1 won trick with Two of Spades&#xD;
Test&#xD;
Test&#xD;
Player Test1 won trick with Ace of Spades&#xD;
Test&#xD;
Test&#xD;
Test&#xD;
Player Test1 won trick with Queen of Spades&#xD;
Test&#xD;
Test&#xD;
Player Test3 won trick with Queen of Hearts&#xD;
Test&#xD;
Test&#xD;
Player Test1 won trick with Jack of Spades&#xD;
Test&#xD;
Test&#xD;
Player Test1 won trick with Jack of Diamonds&#xD;
Test&#xD;
Test&#xD;
Test&#xD;
Player Test2 won trick with Ace of Clubs&#xD;
Test&#xD;
Player Test4 won trick with Queen of Diamonds&#xD;
Test&#xD;
Test&#xD;
Test&#xD;
Player Test1 won trick with Nine of Spades&#xD;
Test&#xD;
Test&#xD;
Test&#xD;
Player Test1 won trick with Two of Diamonds&#xD;
Test&#xD;
Test&#xD;
Player Test1 won trick with Nine of Clubs&#xD;
Test&#xD;
Test&#xD;
Test&#xD;
Test&#xD;
Player Test1 won trick with Jack of Hearts&#xD;
Test&#xD;
Test&#xD;
Test&#xD;
Player Test1 won trick with Ace of Hearts&#xD;
Test&#xD;
Test&#xD;
Test&#xD;
Player Test1 won trick with Ace of Hearts&#xD;
Test&#xD;
Test&#xD;
Test&#xD;
Player Test3 won trick with Ten of Diamonds&#xD;
Test&#xD;
Test&#xD;
Test&#xD;
Player Test1 won trick with Queen of Hearts&#xD;
Test&#xD;
Test&#xD;
Test&#xD;
Test&#xD;
Player Test1 won trick with Jack of Hearts&#xD;
Test&#xD;
Test&#xD;
Test&#xD;
Player Test1 won trick with King of Hearts&#xD;
Test&#xD;
Test&#xD;
Test&#xD;
Player Test1 won trick with King of Diamonds&#xD;
Test&#xD;
Test&#xD;
Test&#xD;
Test&#xD;
Player Test1 won trick with Queen of Hearts&#xD;
Test&#xD;
Test&#xD;
Test&#xD;
Player Test1 won trick with Three of Clubs&#xD;
Test&#xD;
Test&#xD;
Test&#xD;
Player Test1 won trick with Ace of Clubs&#xD;
Test&#xD;
Test&#xD;
Player Test4 won trick with Ace of Clubs&#xD;
Test&#xD;
Test&#xD;
Test&#xD;
Player Test1 won trick with Jack of Clubs&#xD;
Test&#xD;
Test&#xD;
Player Test4 won trick with Queen of Hearts&#xD;
Test&#xD;
Test&#xD;
Test&#xD;
Player Test1 won trick with Jack of Spades&#xD;
Test&#xD;
Test&#xD;
Test&#xD;
Test&#xD;
Player Test1 won trick with Eight of Hearts&#xD;
Test&#xD;
Test&#xD;
Test&#xD;
Player Test1 won trick with Eight of Clubs&#xD;
Test&#xD;
Test&#xD;
Test&#xD;
Test&#xD;
Player Test1 won trick with Seven of Hearts&#xD;
Test&#xD;
Test&#xD;
Player Test1 won trick with Two of Spades&#xD;
Test&#xD;
Test&#xD;
Test&#xD;
Player Test1 won trick with Seven of Hearts&#xD;
Test&#xD;
Player Test3 won trick with Ten of Spades&#xD;
Test&#xD;
Test&#xD;
Test&#xD;
Player Test1 won trick with Five of Clubs&#xD;
Test&#xD;
Test&#xD;
Player Test4 won trick with King of Hearts&#xD;
Test&#xD;
Test&#xD;
Test&#xD;
Player Test1 won trick with Five of Diamonds&#xD;
Test&#xD;
Player Test4 won trick with Seven of Diamonds&#xD;
Test&#xD;
Test&#xD;
Player Test3 won trick with Jack of Clubs&#xD;
Test&#xD;
Test&#xD;
Test&#xD;
Player Test1 won trick with King of Hearts&#xD;
Test&#xD;
Test&#xD;
Player Test3 won trick with Ace of Hearts&#xD;
Test&#xD;
Test&#xD;
Test&#xD;
Player Test1 won trick with Nine of Spades&#xD;
Test&#xD;
Test&#xD;
Test&#xD;
Player Test1 won trick with Ten of Clubs&#xD;
Test&#xD;
Player Test1 won trick with Jack of Spades&#xD;
Test&#xD;
Test&#xD;
Player Test2 won trick with Five of Spades&#xD;
Test&#xD;
Test&#xD;
Test&#xD;
Test&#xD;
Player Test1 won trick with Nine of Hearts&#xD;
Test&#xD;
Test&#xD;
Player Test2 won trick with King of Diamonds&#xD;
Test&#xD;
Player Test3 won trick with King of Spades&#xD;
Test&#xD;
Test&#xD;
Player Test1 won trick with King of Clubs&#xD;
Test&#xD;
Test&#xD;
Test&#xD;
Player Test4 won trick with Eight of Hearts&#xD;
Test&#xD;
Test&#xD;
Player Test3 won trick with Queen of Clubs&#xD;
Test&#xD;
Test&#xD;
Player Test1 won trick with King of Diamonds&#xD;
Test&#xD;
Test&#xD;
Player Test1 won trick with Three of Clubs&#xD;
Test&#xD;
Test&#xD;
Test&#xD;
Player Test1 won trick with Two of Clubs&#xD;
Test&#xD;
Test&#xD;
Test&#xD;
Player Test1 won trick with Six of Spades&#xD;
Test&#xD;
Test&#xD;
Test&#xD;
Player Test1 won trick with Nine of Diamonds&#xD;
Test&#xD;
Test&#xD;
Test&#xD;
Player Test1 won trick with Nine of Clubs&#xD;
Test&#xD;
Test&#xD;
Test&#xD;
Player Test1 won trick with Jack of Hearts&#xD;
Test&#xD;
Test&#xD;
Player Test4 won trick with Nine of Diamonds&#xD;
Test&#xD;
Test&#xD;
Test&#xD;
Player Test1 won trick with Six of Diamonds&#xD;
Test&#xD;
Test&#xD;
Test&#xD;
Test&#xD;
Player Test1 won trick with Ace of Hearts&#xD;
Test&#xD;
Test&#xD;
Player Test1 won trick with Nine of Clubs&#xD;
Test&#xD;
Test&#xD;
Test&#xD;
Player Test1 won trick with Ace of Diamonds&#xD;
Test&#xD;
Test&#xD;
Player Test3 won trick with Ace of Clubs&#xD;
Test&#xD;
Test&#xD;
Test&#xD;
Player Test1 won trick with Eight of Hearts&#xD;
Test&#xD;
Test&#xD;
Test&#xD;
Test&#xD;
Player Test1 won trick with Jack of Spades&#xD;
Test&#xD;
Test&#xD;
Player Test1 won trick with Jack of Clubs&#xD;
Test&#xD;
Player Test4 won trick with Ten of Spades&#xD;
Test&#xD;
Test&#xD;
Player Test3 won trick with Four of Spades&#xD;
Test&#xD;
Test&#xD;
Test&#xD;
Player Test1 won trick with Jack of Spades&#xD;
Test&#xD;
Player Test1 won trick with Jack of Clubs&#xD;
Test&#xD;
Test&#xD;
Test&#xD;
Player Test4 won trick with King of Hearts&#xD;
Test&#xD;
Test&#xD;
Player Test1 won trick with Nine of Spades&#xD;
Test&#xD;
Test&#xD;
Test&#xD;
Player Test1 won trick with Queen of Diamonds&#xD;
Test&#xD;
Test&#xD;
Test&#xD;
Player Test1 won trick with Jack of Clubs&#xD;
Test&#xD;
Test&#xD;
Test&#xD;
Player Test1 won trick with Seven of Diamonds&#xD;
Test&#xD;
Player Test1 won trick with Eight of Spades&#xD;
Test&#xD;
Test&#xD;
Player Test3 won trick with Queen of Diamonds&#xD;
Test&#xD;
Test&#xD;
Player Test3 won trick with Jack of Spades&#xD;
Test&#xD;
Test&#xD;
Test&#xD;
Player Test1 won trick with Three of Diamonds&#xD;
Test&#xD;
Test&#xD;
Test&#xD;
Player Test1 won trick with Ten of Clubs&#xD;
Test&#xD;
Test&#xD;
Player Test1 won trick with Ace of Diamonds&#xD;
Test&#xD;
Test&#xD;
Player Test1 won trick with Six of Clubs&#xD;
Test&#xD;
Test&#xD;
Test&#xD;
Player Test1 won trick with Jack of Hearts&#xD;
Test&#xD;
Test&#xD;
Player Test3 won trick with Nine of Clubs&#xD;
Test&#xD;
Test&#xD;
Test&#xD;
Test&#xD;
Player Test1 won trick with Two of Hearts&#xD;
Test&#xD;
Test&#xD;
Test&#xD;
Player Test1 won trick with Four of Spades&#xD;
Test&#xD;
Test&#xD;
Test&#xD;
Test&#xD;
Player Test1 won trick with Jack of Hearts&#xD;
Test&#xD;
Test&#xD;
Player Test1 won trick with Jack of Diamonds&#xD;
Test&#xD;
Test&#xD;
Player Test2 won trick with King of Spades&#xD;
Test&#xD;
Test&#xD;
Test&#xD;
Test&#xD;
Player Test1 won trick with Two of Spades&#xD;
Test&#xD;
Player Test4 won trick with Queen of Diamonds&#xD;
Test&#xD;
Test&#xD;
Test&#xD;
Player Test1 won trick with Nine of Diamonds&#xD;
Test&#xD;
Player Test1 won trick with King of Spades&#xD;
Test&#xD;
Test&#xD;
Player Test1 won trick with Seven of Clubs&#xD;
Test&#xD;
Test&#xD;
Test&#xD;
Player Test1 won trick with Ten of Spades&#xD;
Test&#xD;
Test&#xD;
Test&#xD;
Test&#xD;
Player Test1 won trick with Four of Hearts&#xD;
Test&#xD;
Test&#xD;
Player Test3 won trick with Ace of Spades&#xD;
Test&#xD;
Test&#xD;
Test&#xD;
Player Test1 won trick with Ten of Hearts&#xD;
Test&#xD;
Test&#xD;
Player Test1 won trick with Six of Spades&#xD;
Test&#xD;
Test&#xD;
Test&#xD;
Test&#xD;
Player Test1 won trick with King of Hearts&#xD;
Test&#xD;
Test&#xD;
Test&#xD;
Test&#xD;
Player Test1 won trick with Seven of Hearts&#xD;
Test&#xD;
Test&#xD;
Test&#xD;
Player Test1 won trick with Six of Diamonds&#xD;
Test&#xD;
Test&#xD;
Test&#xD;
Player Test1 won trick with Eight of Spades&#xD;
Test&#xD;
Test&#xD;
Test&#xD;
Test&#xD;
Player Test1 won trick with Seven of Spades&#xD;
Test&#xD;
Test&#xD;
Player Test1 won trick with Jack of Spades&#xD;
Test&#xD;
Player Test4 won trick with Queen of Diamonds&#xD;
Test&#xD;
Test&#xD;
Test&#xD;
Player Test3 won trick with King of Hearts&#xD;
Test&#xD;
Player Test3 won trick with Ace of Spades&#xD;
Test&#xD;
Player Test3 won trick with Eight of Diamonds&#xD;
Test&#xD;
Player Test4 won trick with King of Clubs&#xD;
Test&#xD;
Test&#xD;
Test&#xD;
Player Test1 won trick with Queen of Diamonds&#xD;
Test&#xD;
Test&#xD;
Test&#xD;
Player Test2 won trick with Eight of Hearts&#xD;
Test&#xD;
Player Test2 won trick with King of Diamonds&#xD;
Test&#xD;
Player Test1 won trick with Ace of Spades&#xD;
Test&#xD;
Test&#xD;
Test&#xD;
Player Test1 won trick with Jack of Hearts&#xD;
Test&#xD;
Test&#xD;
Player Test1 won trick with Ten of Clubs&#xD;
Test&#xD;
Test&#xD;
Player Test2 won trick with Ace of Spades&#xD;
Test&#xD;
Test&#xD;
Player Test1 won trick with Ten of Spades&#xD;
Test&#xD;
Test&#xD;
Test&#xD;
Player Test1 won trick with Nine of Hearts&#xD;
Test&#xD;
Test&#xD;
Test&#xD;
Player Test4 won trick with Seven of Hearts&#xD;
Test&#xD;
Test&#xD;
Player Test2 won trick with Queen of Hearts&#xD;
Test&#xD;
Test&#xD;
Player Test2 won trick with Ten of Spades&#xD;
Test&#xD;
Test&#xD;
Player Test2 won trick with Jack of Hearts&#xD;
Test&#xD;
Test&#xD;
Test&#xD;
Player Test1 won trick with Seven of Spades&#xD;
Test&#xD;
Test&#xD;
Player Test3 won trick with King of Hearts&#xD;
Test&#xD;
Player Test3 won trick with Eight of Spades&#xD;
Test&#xD;
Player Test1 won trick with Queen of Clubs&#xD;
Test&#xD;
Test&#xD;
Player Test3 won trick with Queen of Diamonds&#xD;
Test&#xD;
Test&#xD;
Test&#xD;
Player Test1 won trick with Nine of Clubs&#xD;
Test&#xD;
Test&#xD;
Player Test1 won trick with Ace of Spades&#xD;
Test&#xD;
Test&#xD;
Test&#xD;
Player Test1 won trick with Five of Clubs&#xD;
Test&#xD;
Player Test1 won trick with Jack of Diamonds&#xD;
Test&#xD;
Test&#xD;
Test&#xD;
Player Test1 won trick with Eight of Hearts&#xD;
Test&#xD;
Test&#xD;
Test&#xD;
Player Test1 won trick with Queen of Hearts&#xD;
Test&#xD;
Test&#xD;
Test&#xD;
Player Test1 won trick with Ten of Diamonds&#xD;
Test&#xD;
Test&#xD;
Player Test3 won trick with Six of Diamonds&#xD;
Test&#xD;
Test&#xD;
Test&#xD;
Player Test1 won trick with Eight of Diamonds&#xD;
Test&#xD;
Test&#xD;
Player Test1 won trick with Queen of Spades&#xD;
Test&#xD;
Test&#xD;
Test&#xD;
Player Test1 won trick with Ace of Clubs&#xD;
Test&#xD;
Test&#xD;
Player Test2 won trick with Jack of Spades&#xD;
Test&#xD;
Test&#xD;
Player Test3 won trick with Ten of Diamonds&#xD;
Test&#xD;
Test&#xD;
Test&#xD;
Player Test1 won trick with Six of Spades&#xD;
Test&#xD;
Test&#xD;
Player Test1 won trick with Seven of Spades&#xD;
Test&#xD;
Player Test3 won trick with Ace of Diamonds&#xD;
Test&#xD;
Test&#xD;
Test&#xD;
Player Test1 won trick with Ten of Diamonds&#xD;
Test&#xD;
Test&#xD;
Player Test2 won trick with Six of Clubs&#xD;
Test&#xD;
Test&#xD;
Test&#xD;
Player Test1 won trick with Six of Spades&#xD;
Test&#xD;
Test&#xD;
Test&#xD;
Test&#xD;
Player Test1 won trick with Ten of Hearts&#xD;
Test&#xD;
Player Test3 won trick with Ace of Spades&#xD;
Test&#xD;
Test&#xD;
Test&#xD;
Player Test1 won trick with King of Diamonds&#xD;
Test&#xD;
Test&#xD;
Test&#xD;
Player Test1 won trick with Four of Diamonds&#xD;
Test&#xD;
Player Test1 won trick with Nine of Spades&#xD;
Test&#xD;
Player Test1 won trick with King of Spades&#xD;
Test&#xD;
Test&#xD;
Test&#xD;
Player Test1 won trick with Queen of Clubs&#xD;
Test&#xD;
Test&#xD;
Test&#xD;
Player Test1 won trick with Five of Spades&#xD;
Test&#xD;
Test&#xD;
Test&#xD;
Test&#xD;
Player Test1 won trick with Ace of Hearts&#xD;
Test&#xD;
Test&#xD;
Test&#xD;
Player Test1 won trick with Ace of Clubs&#xD;
Test&#xD;
Test&#xD;
Test&#xD;
Test&#xD;
Player Test1 won trick with Three of Hearts&#xD;
Test&#xD;
Player Test1 won trick with Nine of Diamonds&#xD;
Test&#xD;
Player Test4 won trick with Ten of Diamonds&#xD;
Test&#xD;
Test&#xD;
Test&#xD;
Player Test1 won trick with Six of Clubs&#xD;
Test&#xD;
Test&#xD;
Test&#xD;
Player Test3 won trick with Ace of Hearts&#xD;
Test&#xD;
Test&#xD;
Player Test2 won trick with Jack of Clubs&#xD;
Test&#xD;
Test&#xD;
Test&#xD;
Player Test1 won trick with Nine of Diamonds&#xD;
Test&#xD;
Test&#xD;
Test&#xD;
Player Test1 won trick with Three of Spades&#xD;
Test&#xD;
Test&#xD;
Player Test3 won trick with Jack of Clubs&#xD;
Test&#xD;
Test&#xD;
Player Test4 won trick with Three of Clubs&#xD;
Test&#xD;
Player Test4 won trick with King of Spades&#xD;
Test&#xD;
Test&#xD;
Test&#xD;
Player Test1 won trick with Eight of Diamonds&#xD;
Test&#xD;
Test&#xD;
Test&#xD;
Player Test1 won trick with Ace of Hearts&#xD;
Test&#xD;
Test&#xD;
Test&#xD;
Player Test1 won trick with Seven of Spades&#xD;
Test&#xD;
Test&#xD;
Test&#xD;
Player Test1 won trick with Seven of Clubs&#xD;
Test&#xD;
Test&#xD;
Test&#xD;
Player Test1 won trick with Three of Spades&#xD;
Test&#xD;
Test&#xD;
Player Test1 won trick with Seven of Spades&#xD;
Test&#xD;
Test&#xD;
Player Test2 won trick with Ace of Clubs&#xD;
Test&#xD;
Test&#xD;
Test&#xD;
Test&#xD;
Player Test1 won trick with King of Hearts&#xD;
Test&#xD;
Test&#xD;
Player Test2 won trick with King of Diamonds&#xD;
Test&#xD;
Test&#xD;
Player Test4 won trick with Ten of Spades&#xD;
Test&#xD;
Test&#xD;
Test&#xD;
Player Test1 won trick with Nine of Diamonds&#xD;
Test&#xD;
Test&#xD;
Test&#xD;
Player Test1 won trick with Two of Clubs&#xD;
Test&#xD;
Test&#xD;
Test&#xD;
Test&#xD;
Player Test1 won trick with Jack of Hearts&#xD;
Test&#xD;
Test&#xD;
Test&#xD;
Player Test1 won trick with Jack of Spades&#xD;
Test&#xD;
Player Test2 won trick with Jack of Spades&#xD;
Test&#xD;
Test&#xD;
Player Test1 won trick with Ace of Clubs&#xD;
Test&#xD;
Test&#xD;
Player Test4 won trick with Nine of Spades&#xD;
Test&#xD;
Test&#xD;
Test&#xD;
Player Test3 won trick with King of Hearts&#xD;
Test&#xD;
Test&#xD;
Player Test4 won trick with Queen of Hearts&#xD;
Test&#xD;
Test&#xD;
Test&#xD;
Player Test2 won trick with Ten of Hearts&#xD;
Test&#xD;
Test&#xD;
Test&#xD;
Test&#xD;
Player Test1 won trick with Six of Hearts&#xD;
Test&#xD;
Test&#xD;
Test&#xD;
Player Test1 won trick with Jack of Diamonds&#xD;
Test&#xD;
Test&#xD;
Test&#xD;
Player Test1 won trick with Eight of Hearts&#xD;
Test&#xD;
Test&#xD;
Test&#xD;
Player Test1 won trick with Eight of Spades&#xD;
Test&#xD;
Test&#xD;
Test&#xD;
Player Test1 won trick with Two of Spades&#xD;
Test&#xD;
Test&#xD;
Player Test4 won trick with Seven of Spades&#xD;
Test&#xD;
Test&#xD;
Player Test2 won trick with Nine of Spades&#xD;
Test&#xD;
Test&#xD;
Test&#xD;
Player Test1 won trick with Six of Clubs&#xD;
Test&#xD;
Test&#xD;
Test&#xD;
Player Test1 won trick with Five of Diamonds&#xD;
Test&#xD;
Test&#xD;
Player Test3 won trick with Ten of Spades&#xD;
Test&#xD;
Test&#xD;
Test&#xD;
Player Test1 won trick with King of Spades&#xD;
Player Test3 won trick with King of Diamonds&#xD;
Test&#xD;
Test&#xD;
Test&#xD;
Player Test1 won trick with Seven of Spades&#xD;
Test&#xD;
Test&#xD;
Test&#xD;
Test&#xD;
Player Test1 won trick with Queen of Hearts&#xD;
Test&#xD;
Test&#xD;
Player Test3 won trick with Six of Diamonds&#xD;
Test&#xD;
Test&#xD;
Test&#xD;
Player Test1 won trick with King of Hearts&#xD;
Test&#xD;
Test&#xD;
Test&#xD;
Player Test1 won trick with Ace of Spades&#xD;
Test&#xD;
Test&#xD;
Player Test4 won trick with Ace of Clubs&#xD;
Test&#xD;
Test&#xD;
Test&#xD;
Player Test1 won trick with Eight of Diamonds&#xD;
Test&#xD;
Test&#xD;
Test&#xD;
Player Test1 won trick with Ace of Diamonds&#xD;
Test&#xD;
Test&#xD;
Player Test4 won trick with Ace of Clubs&#xD;
Test&#xD;
Test&#xD;
Test&#xD;
Player Test1 won trick with Three of Diamonds&#xD;
Test&#xD;
Test&#xD;
Test&#xD;
Test&#xD;
Player Test1 won trick with Queen of Hearts&#xD;
Test&#xD;
Test&#xD;
Test&#xD;
Player Test1 won trick with Two of Clubs&#xD;
Test&#xD;
Test&#xD;
Player Test3 won trick with Ace of Hearts&#xD;
Test&#xD;
Test&#xD;
Test&#xD;
Test&#xD;
Player Test1 won trick with Jack of Hearts&#xD;
Test&#xD;
Test&#xD;
Test&#xD;
Player Test1 won trick with Eight of Diamonds&#xD;
Test&#xD;
Test&#xD;
Test&#xD;
Player Test1 won trick with Ten of Hearts&#xD;
Test&#xD;
Player Test3 won trick with Queen of Diamonds&#xD;
Test&#xD;
Test&#xD;
Player Test2 won trick with Jack of Hearts&#xD;
Test&#xD;
Test&#xD;
Player Test1 won trick with Nine of Clubs&#xD;
Test&#xD;
Test&#xD;
Test&#xD;
Player Test1 won trick with Three of Spades&#xD;
Test&#xD;
Test&#xD;
Player Test3 won trick with Ace of Diamonds&#xD;
Test&#xD;
Player Test1 won trick with Six of Diamonds&#xD;
Test&#xD;
Test&#xD;
Test&#xD;
Player Test1 won trick with Eight of Hearts&#xD;
Test&#xD;
Player Test2 won trick with King of Spades&#xD;
Test&#xD;
Player Test1 won trick with Queen of Clubs&#xD;
Test&#xD;
Player Test1 won trick with King of Diamonds&#xD;
Test&#xD;
Test&#xD;
Test&#xD;
Player Test1 won trick with Ten of Spades&#xD;
Test&#xD;
Test&#xD;
Test&#xD;
Player Test1 won trick with Two of Spades&#xD;
Test&#xD;
Test&#xD;
Test&#xD;
Player Test1 won trick with King of Clubs&#xD;
Test&#xD;
Test&#xD;
Player Test1 won trick with Ten of Clubs&#xD;
Test&#xD;
Test&#xD;
Player Test4 won trick with Queen of Spades&#xD;
Test&#xD;
Test&#xD;
Test&#xD;
Test&#xD;
Player Test1 won trick with Queen of Hearts&#xD;
Test&#xD;
Test&#xD;
Player Test2 won trick with Ace of Diamonds&#xD;
Test&#xD;
Test&#xD;
Test&#xD;
Player Test2 won trick with Eight of Hearts&#xD;
Test&#xD;
Player Test2 won trick with Ten of Spades&#xD;
Test&#xD;
Test&#xD;
Test&#xD;
Test&#xD;
Player Test1 won trick with Jack of Clubs&#xD;
Test&#xD;
Test&#xD;
Test&#xD;
Player Test1 won trick with Five of Diamonds&#xD;
Test&#xD;
Test&#xD;
Test&#xD;
Player Test3 won trick with Seven of Hearts&#xD;
Test&#xD;
Test&#xD;
Test&#xD;
Player Test1 won trick with Ten of Clubs&#xD;
Test&#xD;
Test&#xD;
Test&#xD;
Test&#xD;
Player Test1 won trick with King of Diamonds&#xD;
Test&#xD;
Test&#xD;
Test&#xD;
Player Test1 won trick with Five of Spades&#xD;
Test&#xD;
Player Test1 won trick with King of Clubs&#xD;
Test&#xD;
Test&#xD;
Test&#xD;
Player Test1 won trick with Two of Spades&#xD;
Test&#xD;
Test&#xD;
Test&#xD;
Player Test1 won trick with Jack of Spades&#xD;
Test&#xD;
Test&#xD;
Player Test1 won trick with Ace of Diamonds&#xD;
Test&#xD;
Test&#xD;
Test&#xD;
Test&#xD;
Player Test1 won trick with Two of Hearts&#xD;
Test&#xD;
Test&#xD;
Test&#xD;
Player Test1 won trick with Five of Spades&#xD;
Test&#xD;
Test&#xD;
Test&#xD;
Player Test1 won trick with Ten of Hearts&#xD;
Test&#xD;
Test&#xD;
Test&#xD;
Player Test1 won trick with Ten of Diamonds&#xD;
Test&#xD;
Test&#xD;
Player Test3 won trick with King of Diamonds&#xD;
Test&#xD;
Test&#xD;
Test&#xD;
Test&#xD;
Player Test1 won trick with Ace of Hearts&#xD;
Test&#xD;
Test&#xD;
Test&#xD;
Player Test1 won trick with Nine of Diamonds&#xD;
Test&#xD;
Test&#xD;
Test&#xD;
Player Test1 won trick with Ace of Clubs&#xD;
Test&#xD;
Test&#xD;
Player Test4 won trick with Seven of Diamonds&#xD;
Test&#xD;
Test&#xD;
Player Test1 won trick with Ten of Clubs&#xD;
Test&#xD;
Test&#xD;
Test&#xD;
Player Test2 won trick with Five of Hearts&#xD;
Test&#xD;
Test&#xD;
Test&#xD;
Test&#xD;
Player Test1 won trick with Eight of Hearts&#xD;
Test&#xD;
Test&#xD;
Test&#xD;
Player Test1 won trick with King of Diamonds&#xD;
Test&#xD;
Test&#xD;
Player Test4 won trick with Queen of Hearts&#xD;
Test&#xD;
Test&#xD;
Test&#xD;
Player Test2 won trick with Nine of Hearts&#xD;
Test&#xD;
Test&#xD;
Player Test1 won trick with Ten of Diamonds&#xD;
Test&#xD;
Test&#xD;
Test&#xD;
Test&#xD;
Player Test1 won trick with Five of Hearts&#xD;
Test&#xD;
Test&#xD;
Player Test1 won trick with Eight of Diamonds&#xD;
Test&#xD;
Test&#xD;
Test&#xD;
Player Test1 won trick with Two of Clubs&#xD;
Test&#xD;
Test&#xD;
Test&#xD;
Player Test2 won trick with Nine of Hearts&#xD;
Test&#xD;
Test&#xD;
Test&#xD;
Test&#xD;
Player Test1 won trick with Six of Hearts&#xD;
Test&#xD;
Test&#xD;
Test&#xD;
Player Test1 won trick with Nine of Hearts&#xD;
Test&#xD;
Test&#xD;
Test&#xD;
Test&#xD;
Player Test1 won trick with Two of Diamonds&#xD;
Test&#xD;
Test&#xD;
Test&#xD;
Player Test1 won trick with Seven of Diamonds&#xD;
Test&#xD;
Test&#xD;
Test&#xD;
Player Test1 won trick with Jack of Spades&#xD;
Test&#xD;
Test&#xD;
Test&#xD;
Player Test1 won trick with Nine of Clubs&#xD;
Test&#xD;
Test&#xD;
Test&#xD;
Player Test1 won trick with Jack of Spades&#xD;
Test&#xD;
Test&#xD;
Player Test1 won trick with Queen of Spades&#xD;
Test&#xD;
Player Test2 won trick with Five of Clubs&#xD;
Test&#xD;
Test&#xD;
Test&#xD;
Player Test1 won trick with Jack of Hearts&#xD;
Test&#xD;
Test&#xD;
Test&#xD;
Test&#xD;
Player Test1 won trick with Six of Hearts&#xD;
Test&#xD;
Test&#xD;
Test&#xD;
Player Test1 won trick with Jack of Diamonds&#xD;
Test&#xD;
Test&#xD;
Test&#xD;
Player Test1 won trick with Six of Clubs&#xD;
Test&#xD;
Test&#xD;
Test&#xD;
Player Test1 won trick with Seven of Clubs&#xD;
Test&#xD;
Test&#xD;
Player Test2 won trick with Ten of Hearts&#xD;
Test&#xD;
Test&#xD;
Test&#xD;
Test&#xD;
Player Test1 won trick with Seven of Hearts&#xD;
Test&#xD;
Test&#xD;
Player Test2 won trick with Nine of Diamonds&#xD;
Test&#xD;
Player Test1 won trick with King of Clubs&#xD;
Test&#xD;
Test&#xD;
Test&#xD;
Test&#xD;
Player Test1 won trick with Four of Hearts&#xD;
Test&#xD;
Test&#xD;
Test&#xD;
Player Test2 won trick with Ace of Hearts&#xD;
Test&#xD;
Test&#xD;
Player Test1 won trick with Nine of Spades&#xD;
Test&#xD;
Test&#xD;
Player Test1 won trick with Seven of Clubs&#xD;
Test&#xD;
Test&#xD;
Test&#xD;
Player Test1 won trick with Nine of Clubs&#xD;
Test&#xD;
Test&#xD;
Player Test4 won trick with Ace of Diamonds&#xD;
Test&#xD;
Player Test3 won trick with King of Spades&#xD;
Test&#xD;
Test&#xD;
Test&#xD;
Player Test1 won trick with Eight of Spades&#xD;
Test&#xD;
Test&#xD;
Test&#xD;
Player Test1 won trick with Eight of Spades&#xD;
Test&#xD;
Test&#xD;
Player Test4 won trick with Ten of Clubs&#xD;
Test&#xD;
Test&#xD;
Test&#xD;
Player Test1 won trick with Ten of Hearts&#xD;
Test&#xD;
Test&#xD;
Test&#xD;
Test&#xD;
Player Test1 won trick with King of Hearts&#xD;
Test&#xD;
Test&#xD;
Test&#xD;
Test&#xD;
Player Test1 won trick with Six of Hearts&#xD;
Test&#xD;
Test&#xD;
Test&#xD;
Player Test1 won trick with Two of Diamonds&#xD;
Test&#xD;
Test&#xD;
Test&#xD;
Player Test1 won trick with Nine of Clubs&#xD;
Test&#xD;
Test&#xD;
Test&#xD;
Player Test1 won trick with Four of Diamonds&#xD;
Test&#xD;
Test&#xD;
Test&#xD;
Player Test1 won trick with Nine of Diamonds&#xD;
Test&#xD;
Test&#xD;
Player Test3 won trick with Ace of Clubs&#xD;
Test&#xD;
Test&#xD;
Test&#xD;
Player Test1 won trick with King of Spades&#xD;
Test&#xD;
Test&#xD;
Test&#xD;
Player Test1 won trick with Seven of Spades&#xD;
Test&#xD;
Test&#xD;
Player Test3 won trick with Queen of Diamonds&#xD;
Test&#xD;
Test&#xD;
Test&#xD;
Test&#xD;
Player Test1 won trick with Six of Diamonds&#xD;
Test&#xD;
Test&#xD;
Test&#xD;
Player Test1 won trick with Ace of Clubs&#xD;
Test&#xD;
Test&#xD;
Player Test1 won trick with Jack of Diamonds&#xD;
Test&#xD;
Test&#xD;
Test&#xD;
Player Test1 won trick with Two of Diamonds&#xD;
Test&#xD;
Player Test1 won trick with Queen of Diamonds&#xD;
Test&#xD;
Test&#xD;
Test&#xD;
Player Test1 won trick with Seven of Diamonds&#xD;
Test&#xD;
Test&#xD;
Test&#xD;
Player Test1 won trick with Queen of Spades&#xD;
Test&#xD;
Player Test4 won trick with Ace of Clubs&#xD;
Test&#xD;
Test&#xD;
Player Test1 won trick with Four of Diamonds&#xD;
Test&#xD;
Player Test3 won trick with Nine of Clubs&#xD;
Test&#xD;
Player Test1 won trick with Nine of Diamonds&#xD;
Test&#xD;
Test&#xD;
Test&#xD;
Player Test3 won trick with Ten of Hearts&#xD;
Test&#xD;
Test&#xD;
Test&#xD;
Player Test1 won trick with Jack of Diamonds&#xD;
Test&#xD;
Test&#xD;
Test&#xD;
Test&#xD;
Player Test1 won trick with Queen of Hearts&#xD;
Test&#xD;
Test&#xD;
Player Test1 won trick with Nine of Spades&#xD;
Test&#xD;
Test&#xD;
Test&#xD;
Player Test1 won trick with King of Spades&#xD;
Test&#xD;
Test&#xD;
Player Test1 won trick with Nine of Spades&#xD;
Test&#xD;
Test&#xD;
Test&#xD;
Player Test1 won trick with Ten of Diamonds&#xD;
Test&#xD;
Test&#xD;
Player Test1 won trick with Nine of Diamonds&#xD;
Test&#xD;
Test&#xD;
Player Test3 won trick with Ten of Clubs&#xD;
Test&#xD;
Test&#xD;
Test&#xD;
Player Test1 won trick with Three of Diamonds&#xD;
Test&#xD;
Player Test1 won trick with Ace of Clubs&#xD;
Test&#xD;
Test&#xD;
Player Test2 won trick with King of Spades&#xD;
Test&#xD;
Test&#xD;
Player Test1 won trick with Queen of Clubs&#xD;
Test&#xD;
Test&#xD;
Test&#xD;
Player Test1 won trick with Four of Spades&#xD;
Test&#xD;
Test&#xD;
Test&#xD;
Player Test1 won trick with Six of Clubs&#xD;
Test&#xD;
Test&#xD;
Test&#xD;
Test&#xD;
Player Test1 won trick with Six of Hearts&#xD;
Test&#xD;
Player Test2 won trick with King of Spades&#xD;
Test&#xD;
Test&#xD;
Player Test2 won trick with Nine of Clubs&#xD;
Test&#xD;
Test&#xD;
Player Test2 won trick with King of Spades&#xD;
Test&#xD;
Test&#xD;
Player Test4 won trick with King of Diamonds&#xD;
Test&#xD;
Test&#xD;
Test&#xD;
Player Test1 won trick with Jack of Spades&#xD;
Test&#xD;
Test&#xD;
Player Test1 won trick with Queen of Clubs&#xD;
Test&#xD;
Test&#xD;
Player Test1 won trick with Six of Clubs&#xD;
Test&#xD;
Test&#xD;
Player Test2 won trick with Ten of Spades&#xD;
Test&#xD;
Test&#xD;
Test&#xD;
Player Test1 won trick with King of Hearts&#xD;
Test&#xD;
Test&#xD;
Test&#xD;
Player Test1 won trick with Ten of Clubs&#xD;
Test&#xD;
Test&#xD;
Test&#xD;
Player Test1 won trick with Eight of Clubs&#xD;
Test&#xD;
Test&#xD;
Test&#xD;
Player Test1 won trick with Two of Clubs&#xD;
Test&#xD;
Test&#xD;
Test&#xD;
Test&#xD;
Player Test1 won trick with Five of Clubs&#xD;
Test&#xD;
Test&#xD;
Test&#xD;
Player Test1 won trick with Ace of Hearts&#xD;
Test&#xD;
Test&#xD;
Test&#xD;
Test&#xD;
Player Test1 won trick with Eight of Hearts&#xD;
Test&#xD;
Test&#xD;
Test&#xD;
Player Test1 won trick with Ten of Diamonds&#xD;
Test&#xD;
Player Test4 won trick with Nine of Diamonds&#xD;
Test&#xD;
Test&#xD;
Player Test1 won trick with Six of Diamonds&#xD;
Test&#xD;
Test&#xD;
Test&#xD;
Test&#xD;
Player Test1 won trick with Five of Hearts&#xD;
Test&#xD;
Test&#xD;
Test&#xD;
Test&#xD;
Player Test1 won trick with King of Hearts&#xD;
Test&#xD;
Test&#xD;
Test&#xD;
Player Test1 won trick with Nine of Hearts&#xD;
Test&#xD;
Test&#xD;
Player Test1 won trick with Nine of Spades&#xD;
Test&#xD;
Test&#xD;
Player Test1 won trick with Six of Spades&#xD;
Test&#xD;
Test&#xD;
Player Test4 won trick with Four of Spades&#xD;
Test&#xD;
Test&#xD;
Test&#xD;
Player Test3 won trick with Six of Hearts&#xD;
Test&#xD;
Test&#xD;
Player Test4 won trick with Jack of Clubs&#xD;
Test&#xD;
Test&#xD;
Test&#xD;
Player Test1 won trick with Nine of Diamonds&#xD;
Test&#xD;
Test&#xD;
Test&#xD;
Player Test1 won trick with Seven of Diamonds&#xD;
Test&#xD;
Test&#xD;
Test&#xD;
Player Test1 won trick with King of Diamonds&#xD;
Test&#xD;
Test&#xD;
Player Test1 won trick with Four of Spades&#xD;
Test&#xD;
Test&#xD;
Player Test3 won trick with Five of Clubs&#xD;
Test&#xD;
Test&#xD;
Player Test1 won trick with Nine of Spades&#xD;
Test&#xD;
Test&#xD;
Test&#xD;
Test&#xD;
Player Test1 won trick with Jack of Hearts&#xD;
Test&#xD;
Player Test3 won trick with Queen of Clubs&#xD;
Test&#xD;
Test&#xD;
Test&#xD;
Player Test1 won trick with Nine of Clubs&#xD;
Test&#xD;
Test&#xD;
Test&#xD;
Player Test1 won trick with Jack of Diamonds&#xD;
Test&#xD;
Player Test2 won trick with Ace of Spades&#xD;
Test&#xD;
Test&#xD;
Test&#xD;
Player Test1 won trick with Ace of Spades&#xD;
Test&#xD;
Test&#xD;
Test&#xD;
Player Test1 won trick with Ten of Hearts&#xD;
Test&#xD;
Test&#xD;
Test&#xD;
Player Test1 won trick with Nine of Diamonds&#xD;
Test&#xD;
Test&#xD;
Test&#xD;
Player Test1 won trick with Ten of Clubs&#xD;
Test&#xD;
Test&#xD;
Test&#xD;
Player Test3 won trick with Ace of Hearts&#xD;
Test&#xD;
Player Test3 won trick with Ace of Clubs&#xD;
Test&#xD;
Test&#xD;
Player Test3 won trick with Ace of Hearts&#xD;
Test&#xD;
Test&#xD;
Test&#xD;
Player Test1 won trick with Seven of Clubs&#xD;
Test&#xD;
Test&#xD;
Test&#xD;
Player Test1 won trick with Eight of Clubs&#xD;
Test&#xD;
Test&#xD;
Test&#xD;
Player Test3 won trick with Three of Hearts&#xD;
Test&#xD;
Test&#xD;
Test&#xD;
Player Test1 won trick with Four of Hearts&#xD;
Test&#xD;
Test&#xD;
Test&#xD;
Player Test1 won trick with Three of Clubs&#xD;
Test&#xD;
Test&#xD;
Test&#xD;
Player Test1 won trick with Six of Hearts&#xD;
Test&#xD;
Test&#xD;
Test&#xD;
Player Test1 won trick with Ten of Spades&#xD;
Test&#xD;
Test&#xD;
Player Test4 won trick with Jack of Clubs&#xD;
Test&#xD;
Test&#xD;
Test&#xD;
Test&#xD;
Player Test1 won trick with Ace of Hearts&#xD;
Test&#xD;
Test&#xD;
Player Test1 won trick with Ace of Diamonds&#xD;
Test&#xD;
Test&#xD;
Test&#xD;
Player Test1 won trick with Queen of Diamonds&#xD;
Test&#xD;
Test&#xD;
Test&#xD;
Player Test1 won trick with Seven of Spades&#xD;
Test&#xD;
Test&#xD;
Player Test1 won trick with King of Spades&#xD;
Test&#xD;
Test&#xD;
Player Test1 won trick with Nine of Spades&#xD;
Test&#xD;
Test&#xD;
Test&#xD;
Test&#xD;
Player Test1 won trick with Ten of Hearts&#xD;
Test&#xD;
Test&#xD;
Test&#xD;
Player Test1 won trick with King of Hearts&#xD;
Test&#xD;
Test&#xD;
Test&#xD;
Player Test1 won trick with Jack of Clubs&#xD;
Test&#xD;
Test&#xD;
Player Test4 won trick with Ace of Spades&#xD;
Test&#xD;
Player Test3 won trick with Ten of Diamonds&#xD;
Test&#xD;
Test&#xD;
Test&#xD;
Player Test1 won trick with Ten of Hearts&#xD;
Test&#xD;
Test&#xD;
Player Test1 won trick with Queen of Clubs&#xD;
Test&#xD;
Player Test4 won trick with Queen of Diamonds&#xD;
Test&#xD;
Test&#xD;
Test&#xD;
Player Test2 won trick with Queen of Clubs&#xD;
Test&#xD;
Test&#xD;
Player Test1 won trick with Jack of Spades&#xD;
Test&#xD;
Test&#xD;
Player Test3 won trick with King of Spades&#xD;
Test&#xD;
Test&#xD;
Player Test1 won trick with Ten of Diamonds&#xD;
Test&#xD;
Test&#xD;
Player Test1 won trick with Nine of Diamonds&#xD;
Test&#xD;
Player Test4 won trick with Jack of Spades&#xD;
Test&#xD;
Test&#xD;
Player Test1 won trick with Four of Spades&#xD;
Test&#xD;
Test&#xD;
Test&#xD;
Player Test1 won trick with Nine of Diamonds&#xD;
Test&#xD;
Test&#xD;
Player Test1 won trick with King of Spades&#xD;
Test&#xD;
Test&#xD;
Test&#xD;
Player Test1 won trick with Ten of Diamonds&#xD;
Test&#xD;
Test&#xD;
Test&#xD;
Player Test1 won trick with King of Hearts&#xD;
Test&#xD;
Test&#xD;
Test&#xD;
Player Test1 won trick with King of Diamonds&#xD;
Test&#xD;
Test&#xD;
Player Test1 won trick with Jack of Spades&#xD;
Test&#xD;
Test&#xD;
Test&#xD;
Player Test4 won trick with Queen of Spades&#xD;
Test&#xD;
Test&#xD;
Player Test4 won trick with Nine of Spades&#xD;
Test&#xD;
Test&#xD;
Player Test1 won trick with Ace of Spades&#xD;
Test&#xD;
Test&#xD;
Player Test4 won trick with King of Clubs&#xD;
Test&#xD;
Player Test3 won trick with King of Diamonds&#xD;
Test&#xD;
Test&#xD;
Player Test1 won trick with Ten of Clubs&#xD;
Test&#xD;
Test&#xD;
Player Test4 won trick with Ace of Spades&#xD;
Test&#xD;
Test&#xD;
Test&#xD;
Player Test1 won trick with Seven of Spades&#xD;
Test&#xD;
Test&#xD;
Test&#xD;
Test&#xD;
Player Test1 won trick with Four of Hearts&#xD;
Test&#xD;
Test&#xD;
Test&#xD;
Test&#xD;
Player Test1 won trick with Jack of Hearts&#xD;
Test&#xD;
Test&#xD;
Player Test1 won trick with Four of Diamonds&#xD;
Test&#xD;
Test&#xD;
Player Test2 won trick with Ten of Diamonds&#xD;
Test&#xD;
Test&#xD;
Test&#xD;
Player Test1 won trick with Five of Spades&#xD;
Test&#xD;
Test&#xD;
Player Test1 won trick with Jack of Diamonds&#xD;
Test&#xD;
Test&#xD;
Test&#xD;
Player Test1 won trick with Ten of Diamonds&#xD;
Test&#xD;
Test&#xD;
Player Test1 won trick with Nine of Clubs&#xD;
Test&#xD;
Player Test2 won trick with Queen of Diamonds&#xD;
Test&#xD;
Test&#xD;
Player Test1 won trick with Seven of Diamonds&#xD;
Test&#xD;
Test&#xD;
Player Test1 won trick with Two of Diamonds&#xD;
Test&#xD;
Test&#xD;
Player Test3 won trick with Jack of Diamonds&#xD;
Test&#xD;
Test&#xD;
Test&#xD;
Player Test4 won trick with Queen of Hearts&#xD;
Test&#xD;
Test&#xD;
Test&#xD;
Player Test1 won trick with Jack of Clubs&#xD;
Test&#xD;
Test&#xD;
Test&#xD;
Player Test1 won trick with Six of Spades&#xD;
Test&#xD;
Player Test1 won trick with King of Hearts&#xD;
Test&#xD;
Test&#xD;
Player Test1 won trick with Ace of Diamonds&#xD;
Test&#xD;
Player Test1 won trick with Ten of Clubs&#xD;
Test&#xD;
Test&#xD;
Player Test3 won trick with Five of Spades&#xD;
Test&#xD;
Test&#xD;
Player Test4 won trick with Queen of Spades&#xD;
Test&#xD;
Test&#xD;
Test&#xD;
Player Test1 won trick with Nine of Spades&#xD;
Test&#xD;
Test&#xD;
Test&#xD;
Player Test4 won trick with Queen of Hearts&#xD;
Test&#xD;
Test&#xD;
Player Test1 won trick with Ace of Diamonds&#xD;
Test&#xD;
Test&#xD;
Test&#xD;
Test&#xD;
Player Test1 won trick with Six of Hearts&#xD;
Test&#xD;
Test&#xD;
Player Test1 won trick with King of Diamonds&#xD;
Test&#xD;
Test&#xD;
Test&#xD;
Player Test1 won trick with Seven of Spades&#xD;
Test&#xD;
Test&#xD;
Test&#xD;
Player Test1 won trick with King of Spades&#xD;
Player Test2 won trick with Ace of Clubs&#xD;
Test&#xD;
Test&#xD;
Test&#xD;
Test&#xD;
Player Test1 won trick with Ace of Hearts&#xD;
Test&#xD;
Test&#xD;
Player Test1 won trick with Four of Diamonds&#xD;
Test&#xD;
Test&#xD;
Test&#xD;
Player Test3 won trick with Seven of Hearts&#xD;
Test&#xD;
Test&#xD;
Test&#xD;
Test&#xD;
Player Test1 won trick with Queen of Hearts&#xD;
Test&#xD;
Test&#xD;
Test&#xD;
Player Test1 won trick with Ten of Hearts&#xD;
Test&#xD;
Test&#xD;
Player Test3 won trick with Eight of Diamonds&#xD;
Test&#xD;
Test&#xD;
Test&#xD;
Test&#xD;
Player Test1 won trick with Three of Clubs&#xD;
Test&#xD;
Player Test2 won trick with King of Hearts&#xD;
Test&#xD;
Test&#xD;
Test&#xD;
Player Test1 won trick with Ten of Clubs&#xD;
Test&#xD;
Player Test3 won trick with Seven of Spades&#xD;
Test&#xD;
Test&#xD;
Test&#xD;
Player Test1 won trick with Nine of Clubs&#xD;
Test&#xD;
Test&#xD;
Player Test1 won trick with Nine of Clubs&#xD;
Test&#xD;
Player Test1 won trick with Ace of Clubs&#xD;
Test&#xD;
Test&#xD;
Test&#xD;
Test&#xD;
Player Test1 won trick with Jack of Hearts&#xD;
Test&#xD;
Test&#xD;
Player Test4 won trick with King of Hearts&#xD;
Test&#xD;
Test&#xD;
Test&#xD;
Test&#xD;
Player Test1 won trick with Six of Hearts&#xD;
Test&#xD;
Test&#xD;
Player Test3 won trick with King of Spades&#xD;
Test&#xD;
Test&#xD;
Test&#xD;
Player Test1 won trick with Six of Spades&#xD;
Test&#xD;
Test&#xD;
Test&#xD;
Player Test1 won trick with Ten of Spades&#xD;
Test&#xD;
Test&#xD;
Test&#xD;
Player Test1 won trick with Ten of Clubs&#xD;
Test&#xD;
Test&#xD;
Test&#xD;
Player Test1 won trick with Queen of Diamonds&#xD;
Test&#xD;
Test&#xD;
Player Test4 won trick with Four of Diamonds&#xD;
Test&#xD;
Test&#xD;
Test&#xD;
Player Test1 won trick with Ten of Clubs&#xD;
Test&#xD;
Test&#xD;
Test&#xD;
Player Test1 won trick with Seven of Hearts&#xD;
Test&#xD;
Test&#xD;
Test&#xD;
Test&#xD;
Player Test1 won trick with Two of Hearts&#xD;
Test&#xD;
Test&#xD;
Test&#xD;
Player Test1 won trick with Ace of Spades&#xD;
Test&#xD;
Test&#xD;
Test&#xD;
Player Test1 won trick with Two of Clubs&#xD;
Test&#xD;
Test&#xD;
Test&#xD;
Player Test1 won trick with Three of Hearts&#xD;
Test&#xD;
Test&#xD;
Test&#xD;
Player Test2 won trick with Six of Diamonds&#xD;
Test&#xD;
Test&#xD;
Test&#xD;
Test&#xD;
Player Test1 won trick with Seven of Hearts&#xD;
Test&#xD;
Player Test2 won trick with King of Clubs&#xD;
Test&#xD;
Test&#xD;
Player Test1 won trick with Ten of Diamonds&#xD;
Test&#xD;
Test&#xD;
Player Test1 won trick with Ten of Clubs&#xD;
Test&#xD;
Player Test4 won trick with Ace of Diamonds&#xD;
Player Test4 won trick with Ace of Spades&#xD;
Test&#xD;
Test&#xD;
Player Test4 won trick with King of Clubs&#xD;
Test&#xD;
Player Test2 won trick with Seven of Diamonds&#xD;
Test&#xD;
Test&#xD;
Test&#xD;
Player Test1 won trick with Ace of Diamonds&#xD;
Test&#xD;
Test&#xD;
Test&#xD;
Player Test1 won trick with King of Hearts&#xD;
Test&#xD;
Test&#xD;
Player Test2 won trick with King of Diamonds&#xD;
Test&#xD;
Test&#xD;
Test&#xD;
Test&#xD;
Player Test1 won trick with Queen of Hearts&#xD;
Test&#xD;
Test&#xD;
Test&#xD;
Player Test4 won trick with Ten of Hearts&#xD;
Test&#xD;
Test&#xD;
Test&#xD;
Player Test1 won trick with Queen of Spades&#xD;
Test&#xD;
Test&#xD;
Player Test1 won trick with Queen of Diamonds&#xD;
Test&#xD;
Test&#xD;
Test&#xD;
Player Test1 won trick with Eight of Diamonds&#xD;
Test&#xD;
Test&#xD;
Player Test1 won trick with Nine of Spades&#xD;
Test&#xD;
Test&#xD;
Test&#xD;
Player Test1 won trick with Seven of Diamonds&#xD;
Test&#xD;
Test&#xD;
Test&#xD;
Test&#xD;
Player Test1 won trick with Queen of Hearts&#xD;
Test&#xD;
Test&#xD;
Test&#xD;
Player Test1 won trick with Three of Clubs&#xD;
Test&#xD;
Test&#xD;
Test&#xD;
Player Test1 won trick with Five of Diamonds&#xD;
Test&#xD;
Test&#xD;
Test&#xD;
Player Test1 won trick with Ten of Hearts&#xD;
Test&#xD;
Test&#xD;
Test&#xD;
Player Test1 won trick with Ten of Clubs&#xD;
Test&#xD;
Test&#xD;
Test&#xD;
Player Test1 won trick with Eight of Hearts&#xD;
Test&#xD;
Test&#xD;
Test&#xD;
Player Test1 won trick with Two of Clubs&#xD;
Test&#xD;
Test&#xD;
Test&#xD;
Player Test1 won trick with Queen of Hearts&#xD;
Test&#xD;
Test&#xD;
Test&#xD;
Player Test1 won trick with Eight of Hearts&#xD;
Player Test4 won trick with King of Diamonds&#xD;
Test&#xD;
Test&#xD;
Player Test1 won trick with Ten of Spades&#xD;
Test&#xD;
Test&#xD;
Player Test4 won trick with Eight of Clubs&#xD;
Test&#xD;
Test&#xD;
Player Test1 won trick with Eight of Clubs&#xD;
Test&#xD;
Test&#xD;
Test&#xD;
Test&#xD;
Player Test1 won trick with Four of Hearts&#xD;
Test&#xD;
Test&#xD;
Test&#xD;
Player Test1 won trick with Seven of Clubs&#xD;
Test&#xD;
Test&#xD;
Player Test1 won trick with Five of Diamonds&#xD;
Test&#xD;
Test&#xD;
Player Test1 won trick with Six of Clubs&#xD;
Test&#xD;
Test&#xD;
Player Test1 won trick with Jack of Hearts&#xD;
Test&#xD;
Test&#xD;
Test&#xD;
Test&#xD;
Player Test1 won trick with Jack of Hearts&#xD;
Player Test2 won trick with Ace of Clubs&#xD;
Test&#xD;
Test&#xD;
Player Test2 won trick with King of Diamonds&#xD;
Test&#xD;
Test&#xD;
Player Test1 won trick with King of Diamonds&#xD;
Test&#xD;
Test&#xD;
Test&#xD;
Player Test3 won trick with Ace of Hearts&#xD;
Test&#xD;
Test&#xD;
Player Test1 won trick with Seven of Diamonds&#xD;
Test&#xD;
Test&#xD;
Test&#xD;
Player Test1 won trick with Nine of Clubs&#xD;
Test&#xD;
Player Test3 won trick with King of Diamonds&#xD;
Test&#xD;
Test&#xD;
Test&#xD;
Player Test1 won trick with Five of Diamonds&#xD;
Test&#xD;
Test&#xD;
Test&#xD;
Test&#xD;
Player Test1 won trick with Six of Hearts&#xD;
Test&#xD;
Test&#xD;
Test&#xD;
Player Test2 won trick with Ace of Hearts&#xD;
Test&#xD;
Test&#xD;
Player Test1 won trick with Ace of Clubs&#xD;
Test&#xD;
Player Test4 won trick with Queen of Diamonds&#xD;
Test&#xD;
Player Test3 won trick with Nine of Spades&#xD;
Test&#xD;
Test&#xD;
Test&#xD;
Player Test1 won trick with Queen of Spades&#xD;
Test&#xD;
Test&#xD;
Test&#xD;
Player Test1 won trick with Four of Diamonds&#xD;
Test&#xD;
Test&#xD;
Player Test1 won trick with Seven of Clubs&#xD;
Test&#xD;
Test&#xD;
Test&#xD;
Player Test1 won trick with Six of Diamonds&#xD;
Test&#xD;
Test&#xD;
Player Test4 won trick with Queen of Hearts&#xD;
Test&#xD;
Test&#xD;
Test&#xD;
Player Test1 won trick with Six of Clubs&#xD;
Test&#xD;
Test&#xD;
Test&#xD;
Test&#xD;
Player Test1 won trick with Two of Hearts&#xD;
Test&#xD;
Test&#xD;
Test&#xD;
Player Test1 won trick with Nine of Diamonds&#xD;
Test&#xD;
Player Test4 won trick with Ace of Clubs&#xD;
Test&#xD;
Test&#xD;
Player Test4 won trick with Ace of Clubs&#xD;
Test&#xD;
Test&#xD;
Test&#xD;
Player Test1 won trick with Six of Spades&#xD;
Test&#xD;
Test&#xD;
Player Test1 won trick with Five of Diamonds&#xD;
Test&#xD;
Player Test1 won trick with Ace of Spades&#xD;
Test&#xD;
Test&#xD;
Player Test1 won trick with Ace of Clubs&#xD;
Player Test4 won trick with Queen of Diamonds&#xD;
Test&#xD;
Test&#xD;
Test&#xD;
Player Test1 won trick with Queen of Clubs&#xD;
Test&#xD;
Test&#xD;
Player Test4 won trick with Queen of Diamonds&#xD;
Test&#xD;
Test&#xD;
Test&#xD;
Test&#xD;
Player Test1 won trick with King of Hearts&#xD;
Test&#xD;
Test&#xD;
Player Test1 won trick with King of Clubs&#xD;
Test&#xD;
Test&#xD;
Test&#xD;
Test&#xD;
Player Test1 won trick with King of Hearts&#xD;
Test&#xD;
Test&#xD;
Player Test4 won trick with Ten of Diamonds&#xD;
Test&#xD;
Test&#xD;
Player Test4 won trick with Ten of Clubs&#xD;
Test&#xD;
Test&#xD;
Player Test3 won trick with Ten of Diamonds&#xD;
Test&#xD;
Test&#xD;
Test&#xD;
Player Test1 won trick with Six of Spades&#xD;
Test&#xD;
Test&#xD;
Test&#xD;
Player Test1 won trick with Five of Spades&#xD;
Test&#xD;
Test&#xD;
Player Test2 won trick with Eight of Diamonds&#xD;
Test&#xD;
Test&#xD;
Test&#xD;
Player Test1 won trick with Ace of Hearts&#xD;
Test&#xD;
Test&#xD;
Player Test1 won trick with Ace of Clubs&#xD;
Test&#xD;
Test&#xD;
Test&#xD;
Player Test1 won trick with Ace of Spades&#xD;
Test&#xD;
Test&#xD;
Player Test1 won trick with Five of Clubs&#xD;
Test&#xD;
Test&#xD;
Test&#xD;
Player Test1 won trick with Four of Clubs&#xD;
Test&#xD;
Test&#xD;
Player Test3 won trick with Ace of Diamonds&#xD;
Test&#xD;
Test&#xD;
Player Test1 won trick with Ace of Clubs&#xD;
Test&#xD;
Test&#xD;
Player Test1 won trick with Six of Spades&#xD;
Test&#xD;
Test&#xD;
Player Test4 won trick with Queen of Clubs&#xD;
Test&#xD;
Player Test3 won trick with Ace of Spades&#xD;
Test&#xD;
Test&#xD;
Player Test1 won trick with Queen of Hearts&#xD;
Test&#xD;
Test&#xD;
Test&#xD;
Test&#xD;
Player Test1 won trick with King of Hearts&#xD;
Test&#xD;
Test&#xD;
Test&#xD;
Player Test1 won trick with King of Hearts&#xD;
Test&#xD;
Test&#xD;
Player Test1 won trick with Jack of Diamonds&#xD;
Test&#xD;
Test&#xD;
Test&#xD;
Test&#xD;
Player Test1 won trick with Seven of Clubs&#xD;
Test&#xD;
Test&#xD;
Test&#xD;
Test&#xD;
Player Test1 won trick with Ace of Hearts&#xD;
Test&#xD;
Test&#xD;
Test&#xD;
Player Test1 won trick with Jack of Hearts&#xD;
Test&#xD;
Test&#xD;
Player Test1 won trick with Ace of Diamonds&#xD;
Test&#xD;
Test&#xD;
Test&#xD;
Test&#xD;
Player Test1 won trick with Five of Hearts&#xD;
Test&#xD;
Test&#xD;
Test&#xD;
Player Test1 won trick with Queen of Clubs&#xD;
Test&#xD;
Test&#xD;
Test&#xD;
Player Test4 won trick with Eight of Hearts&#xD;
Test&#xD;
Test&#xD;
Player Test2 won trick with King of Clubs&#xD;
Test&#xD;
Test&#xD;
Player Test3 won trick with Three of Clubs&#xD;
Test&#xD;
Test&#xD;
Player Test2 won trick with Queen of Diamonds&#xD;
Test&#xD;
Test&#xD;
Test&#xD;
Player Test1 won trick with Two of Diamonds&#xD;
Test&#xD;
Test&#xD;
Test&#xD;
Player Test1 won trick with Seven of Clubs&#xD;
Test&#xD;
Player Test4 won trick with Eight of Spades&#xD;
Test&#xD;
Test&#xD;
Player Test3 won trick with Jack of Clubs&#xD;
Test&#xD;
Test&#xD;
Test&#xD;
Player Test1 won trick with Seven of Spades&#xD;
Test&#xD;
Test&#xD;
Test&#xD;
Player Test1 won trick with Ace of Diamonds&#xD;
Test&#xD;
Test&#xD;
Test&#xD;
Test&#xD;
Player Test1 won trick with Five of Hearts&#xD;
Test&#xD;
Test&#xD;
Test&#xD;
Player Test1 won trick with King of Clubs&#xD;
Test&#xD;
Test&#xD;
Player Test1 won trick with Ace of Clubs&#xD;
Test&#xD;
Test&#xD;
Test&#xD;
Test&#xD;
Player Test1 won trick with Eight of Hearts&#xD;
Test&#xD;
Test&#xD;
Player Test1 won trick with King of Diamonds&#xD;
Test&#xD;
Test&#xD;
Player Test4 won trick with Jack of Spades&#xD;
Test&#xD;
Test&#xD;
Test&#xD;
Player Test1 won trick with Queen of Clubs&#xD;
Test&#xD;
Test&#xD;
Player Test3 won trick with Queen of Clubs&#xD;
Test&#xD;
Player Test1 won trick with Queen of Diamonds&#xD;
Test&#xD;
Test&#xD;
Test&#xD;
Player Test1 won trick with Five of Spades&#xD;
Test&#xD;
Test&#xD;
Test&#xD;
Player Test1 won trick with Eight of Hearts&#xD;
Test&#xD;
Test&#xD;
Test&#xD;
Test&#xD;
Player Test1 won trick with Nine of Hearts&#xD;
Test&#xD;
Test&#xD;
Test&#xD;
Player Test1 won trick with Ten of Clubs&#xD;
Test&#xD;
Test&#xD;
Test&#xD;
Player Test1 won trick with Three of Clubs&#xD;
Test&#xD;
Test&#xD;
Test&#xD;
Test&#xD;
Player Test1 won trick with Four of Hearts&#xD;
Test&#xD;
Test&#xD;
Test&#xD;
Player Test1 won trick with King of Clubs&#xD;
Test&#xD;
Test&#xD;
Test&#xD;
Player Test1 won trick with Seven of Spades&#xD;
Test&#xD;
Test&#xD;
Player Test1 won trick with Ace of Diamonds&#xD;
Test&#xD;
Test&#xD;
Test&#xD;
Test&#xD;
Player Test1 won trick with Five of Hearts&#xD;
Test&#xD;
Test&#xD;
Test&#xD;
Test&#xD;
Player Test1 won trick with Eight of Hearts&#xD;
Test&#xD;
Test&#xD;
Player Test4 won trick with Queen of Clubs&#xD;
Test&#xD;
Test&#xD;
Player Test1 won trick with Ace of Diamonds&#xD;
Test&#xD;
Test&#xD;
Player Test1 won trick with King of Diamonds&#xD;
Test&#xD;
Test&#xD;
Player Test4 won trick with Seven of Spades&#xD;
Test&#xD;
Test&#xD;
Test&#xD;
Player Test2 won trick with Ten of Hearts&#xD;
Test&#xD;
Test&#xD;
Test&#xD;
Test&#xD;
Player Test1 won trick with Seven of Diamonds&#xD;
Test&#xD;
Test&#xD;
Player Test1 won trick with Queen of Hearts&#xD;
Test&#xD;
Test&#xD;
Test&#xD;
Player Test1 won trick with Five of Spades&#xD;
Test&#xD;
Test&#xD;
Test&#xD;
Test&#xD;
Player Test1 won trick with Three of Hearts&#xD;
Test&#xD;
Test&#xD;
Test&#xD;
Player Test1 won trick with Seven of Spades&#xD;
Test&#xD;
Test&#xD;
Player Test4 won trick with Seven of Clubs&#xD;
Test&#xD;
Player Test1 won trick with Eight of Clubs&#xD;
Test&#xD;
Test&#xD;
Test&#xD;
Test&#xD;
Player Test1 won trick with Six of Hearts&#xD;
Test&#xD;
Test&#xD;
Player Test1 won trick with Ace of Diamonds&#xD;
Test&#xD;
Player Test2 won trick with King of Spades&#xD;
Test&#xD;
Test&#xD;
Test&#xD;
Test&#xD;
Player Test1 won trick with Six of Spades&#xD;
Test&#xD;
Test&#xD;
Test&#xD;
Test&#xD;
Player Test1 won trick with Ten of Spades&#xD;
Test&#xD;
Test&#xD;
Player Test3 won trick with Four of Spades&#xD;
Test&#xD;
Test&#xD;
Test&#xD;
Player Test1 won trick with Jack of Diamonds&#xD;
Test&#xD;
Player Test3 won trick with Eight of Diamonds&#xD;
Test&#xD;
Test&#xD;
Player Test1 won trick with Four of Hearts&#xD;
Test&#xD;
Test&#xD;
Player Test2 won trick with Jack of Diamonds&#xD;
Test&#xD;
Test&#xD;
Test&#xD;
Player Test1 won trick with Queen of Diamonds&#xD;
Test&#xD;
Test&#xD;
Player Test1 won trick with Ten of Clubs&#xD;
Test&#xD;
Test&#xD;
Test&#xD;
Player Test3 won trick with Queen of Spades&#xD;
Test&#xD;
Test&#xD;
Test&#xD;
Player Test2 won trick with Six of Hearts&#xD;
Test&#xD;
Test&#xD;
Test&#xD;
Player Test1 won trick with Ace of Diamonds&#xD;
Test&#xD;
Test&#xD;
Test&#xD;
Player Test4 won trick with Ace of Hearts&#xD;
Test&#xD;
Test&#xD;
Test&#xD;
Player Test1 won trick with Eight of Diamonds&#xD;
Test&#xD;
Test&#xD;
Test&#xD;
Player Test3 won trick with Jack of Hearts&#xD;
Test&#xD;
Test&#xD;
Test&#xD;
Test&#xD;
Player Test1 won trick with Eight of Hearts&#xD;
Test&#xD;
Player Test1 won trick with Nine of Diamonds&#xD;
Test&#xD;
Test&#xD;
Test&#xD;
Player Test1 won trick with King of Hearts&#xD;
Test&#xD;
Test&#xD;
Test&#xD;
Player Test1 won trick with Queen of Diamonds&#xD;
Test&#xD;
Test&#xD;
Test&#xD;
Player Test3 won trick with Jack of Hearts&#xD;
Test&#xD;
Test&#xD;
Test&#xD;
Player Test1 won trick with Ace of Diamonds&#xD;
Test&#xD;
Test&#xD;
Test&#xD;
Player Test1 won trick with Seven of Spades&#xD;
Test&#xD;
Test&#xD;
Player Test1 won trick with Ten of Diamonds&#xD;
Test&#xD;
Test&#xD;
Test&#xD;
Test&#xD;
Player Test1 won trick with Jack of Hearts&#xD;
Test&#xD;
Test&#xD;
Player Test4 won trick with Three of Clubs&#xD;
Test&#xD;
Test&#xD;
Test&#xD;
Player Test1 won trick with Jack of Spades&#xD;
Test&#xD;
Test&#xD;
Test&#xD;
Player Test1 won trick with Ten of Spades&#xD;
Test&#xD;
Test&#xD;
Player Test1 won trick with Ace of Clubs&#xD;
Test&#xD;
Test&#xD;
Test&#xD;
Player Test1 won trick with King of Spades&#xD;
Test&#xD;
Test&#xD;
Test&#xD;
Player Test1 won trick with Ace of Spades&#xD;
Test&#xD;
Test&#xD;
Test&#xD;
Player Test1 won trick with Seven of Diamonds&#xD;
Test&#xD;
Test&#xD;
Test&#xD;
Player Test1 won trick with Six of Diamonds&#xD;
Test&#xD;
Player Test1 won trick with King of Diamonds&#xD;
Test&#xD;
Test&#xD;
Player Test1 won trick with King of Clubs&#xD;
Test&#xD;
Player Test1 won trick with Eight of Spades&#xD;
Test&#xD;
Test&#xD;
Player Test2 won trick with King of Diamonds&#xD;
Test&#xD;
Test&#xD;
Player Test3 won trick with Queen of Hearts&#xD;
Test&#xD;
Test&#xD;
Test&#xD;
Player Test3 won trick with King of Hearts&#xD;
Test&#xD;
Test&#xD;
Test&#xD;
Player Test1 won trick with Ace of Spades&#xD;
Test&#xD;
Player Test3 won trick with King of Diamonds&#xD;
Test&#xD;
Player Test1 won trick with Queen of Diamonds&#xD;
Test&#xD;
Test&#xD;
Test&#xD;
Player Test1 won trick with Ace of Diamonds&#xD;
Test&#xD;
Test&#xD;
Test&#xD;
Player Test1 won trick with Jack of Spades&#xD;
Test&#xD;
Test&#xD;
Test&#xD;
Player Test1 won trick with Jack of Clubs&#xD;
Test&#xD;
Test&#xD;
Player Test1 won trick with Eight of Diamonds&#xD;
Test&#xD;
Test&#xD;
Test&#xD;
Player Test1 won trick with Jack of Clubs&#xD;
Test&#xD;
Test&#xD;
Test&#xD;
Player Test1 won trick with Ace of Hearts&#xD;
Test&#xD;
Test&#xD;
Test&#xD;
Player Test1 won trick with Ace of Hearts&#xD;
Test&#xD;
Player Test4 won trick with Jack of Spades&#xD;
Test&#xD;
Test&#xD;
Test&#xD;
Player Test1 won trick with Queen of Hearts&#xD;
Test&#xD;
Player Test4 won trick with Ace of Clubs&#xD;
Test&#xD;
Test&#xD;
Test&#xD;
Player Test1 won trick with Ten of Diamonds&#xD;
Test&#xD;
Test&#xD;
Player Test1 won trick with Ace of Hearts&#xD;
Test&#xD;
Test&#xD;
Test&#xD;
Player Test1 won trick with Five of Clubs&#xD;
Test&#xD;
Test&#xD;
Player Test1 won trick with Seven of Diamonds&#xD;
Test&#xD;
Test&#xD;
Player Test1 won trick with Six of Diamonds&#xD;
Test&#xD;
Test&#xD;
Player Test1 won trick with Ace of Clubs&#xD;
Test&#xD;
Test&#xD;
Test&#xD;
Player Test1 won trick with Three of Hearts&#xD;
Test&#xD;
Test&#xD;
Test&#xD;
Test&#xD;
Player Test1 won trick with Two of Hearts&#xD;
Test&#xD;
Player Test3 won trick with Six of Diamonds&#xD;
Test&#xD;
Test&#xD;
Test&#xD;
Player Test1 won trick with Three of Diamonds&#xD;
Test&#xD;
Test&#xD;
Player Test4 won trick with Eight of Diamonds&#xD;
Test&#xD;
Test&#xD;
Test&#xD;
Player Test1 won trick with Queen of Clubs&#xD;
Test&#xD;
Player Test4 won trick with King of Clubs&#xD;
Test&#xD;
Test&#xD;
Player Test1 won trick with Five of Spades&#xD;
Test&#xD;
Test&#xD;
Player Test3 won trick with Nine of Diamonds&#xD;
Test&#xD;
Test&#xD;
Test&#xD;
Test&#xD;
Player Test1 won trick with Six of Hearts&#xD;
Test&#xD;
Test&#xD;
Player Test1 won trick with Ace of Diamonds&#xD;
Test&#xD;
Test&#xD;
Test&#xD;
Player Test1 won trick with Jack of Hearts&#xD;
Test&#xD;
Test&#xD;
Player Test1 won trick with Eight of Spades&#xD;
Test&#xD;
Test&#xD;
Player Test1 won trick with Queen of Spades&#xD;
Test&#xD;
Test&#xD;
Test&#xD;
Player Test1 won trick with King of Clubs&#xD;
Player Test3 won trick with King of Clubs&#xD;
Test&#xD;
Test&#xD;
Test&#xD;
Player Test1 won trick with Four of Spades&#xD;
Test&#xD;
Test&#xD;
Test&#xD;
Player Test1 won trick with Queen of Spades&#xD;
Test&#xD;
Test&#xD;
Player Test2 won trick with Five of Clubs&#xD;
Test&#xD;
Test&#xD;
Test&#xD;
Test&#xD;
Player Test1 won trick with Eight of Clubs&#xD;
Test&#xD;
Test&#xD;
Player Test1 won trick with Nine of Spades&#xD;
Test&#xD;
Test&#xD;
Test&#xD;
Player Test1 won trick with Seven of Clubs&#xD;
Test&#xD;
Test&#xD;
Player Test2 won trick with Six of Diamonds&#xD;
Test&#xD;
Player Test1 won trick with Nine of Clubs&#xD;
Test&#xD;
Player Test2 won trick with Ace of Diamonds&#xD;
Test&#xD;
Test&#xD;
Test&#xD;
Test&#xD;
Player Test1 won trick with King of Clubs&#xD;
Test&#xD;
Test&#xD;
Test&#xD;
Player Test1 won trick with Five of Diamonds&#xD;
Test&#xD;
Test&#xD;
Player Test3 won trick with Seven of Diamonds&#xD;
Test&#xD;
Test&#xD;
Test&#xD;
Test&#xD;
Player Test1 won trick with Six of Hearts&#xD;
Test&#xD;
Test&#xD;
Player Test2 won trick with King of Diamonds&#xD;
Test&#xD;
Test&#xD;
Test&#xD;
Player Test1 won trick with Ten of Diamonds&#xD;
Test&#xD;
Test&#xD;
Player Test1 won trick with King of Spades&#xD;
Test&#xD;
Test&#xD;
Test&#xD;
Player Test2 won trick with Nine of Spades&#xD;
Test&#xD;
Test&#xD;
Player Test3 won trick with Four of Diamonds&#xD;
Test&#xD;
Test&#xD;
Test&#xD;
Test&#xD;
Player Test1 won trick with King of Hearts&#xD;
Test&#xD;
Player Test3 won trick with Queen of Clubs&#xD;
Test&#xD;
Test&#xD;
Test&#xD;
Test&#xD;
Player Test1 won trick with Three of Spades&#xD;
Test&#xD;
Test&#xD;
Test&#xD;
Player Test1 won trick with Six of Diamonds&#xD;
Test&#xD;
Test&#xD;
Player Test1 won trick with Ten of Clubs&#xD;
Test&#xD;
Player Test1 won trick with Ace of Clubs&#xD;
Test&#xD;
Test&#xD;
Player Test1 won trick with Eight of Clubs&#xD;
Test&#xD;
Test&#xD;
Player Test3 won trick with Four of Spades&#xD;
Test&#xD;
Test&#xD;
Test&#xD;
Player Test1 won trick with Six of Diamonds&#xD;
Test&#xD;
Test&#xD;
Test&#xD;
Player Test1 won trick with Ten of Diamonds&#xD;
Test&#xD;
Test&#xD;
Test&#xD;
Test&#xD;
Player Test1 won trick with Four of Hearts&#xD;
Test&#xD;
Test&#xD;
Player Test1 won trick with King of Diamonds&#xD;
Test&#xD;
Test&#xD;
Player Test1 won trick with Ace of Spades&#xD;
Test&#xD;
Test&#xD;
Player Test1 won trick with King of Clubs&#xD;
Test&#xD;
Test&#xD;
Player Test4 won trick with Seven of Clubs&#xD;
Test&#xD;
Test&#xD;
Player Test2 won trick with Jack of Spades&#xD;
Test&#xD;
Player Test2 won trick with King of Diamonds&#xD;
Test&#xD;
Test&#xD;
Player Test1 won trick with King of Hearts&#xD;
Test&#xD;
Test&#xD;
Test&#xD;
Player Test1 won trick with Four of Spades&#xD;
Test&#xD;
Test&#xD;
Test&#xD;
Player Test1 won trick with Jack of Spades&#xD;
Test&#xD;
Test&#xD;
Test&#xD;
Player Test1 won trick with Seven of Hearts&#xD;
Test&#xD;
Test&#xD;
Test&#xD;
Player Test1 won trick with Ace of Diamonds&#xD;
Test&#xD;
Test&#xD;
Test&#xD;
Test&#xD;
Player Test1 won trick with Two of Hearts&#xD;
Test&#xD;
Test&#xD;
Test&#xD;
Test&#xD;
Player Test1 won trick with Eight of Hearts&#xD;
Test&#xD;
Player Test3 won trick with Nine of Clubs&#xD;
Test&#xD;
Test&#xD;
Player Test1 won trick with Eight of Clubs&#xD;
Test&#xD;
Test&#xD;
Test&#xD;
Player Test1 won trick with Seven of Clubs&#xD;
Test&#xD;
Player Test2 won trick with Ace of Diamonds&#xD;
Player Test2 won trick with Ace of Clubs&#xD;
Test&#xD;
Test&#xD;
Test&#xD;
Player Test1 won trick with Ace of Spades&#xD;
Test&#xD;
Test&#xD;
Player Test4 won trick with Seven of Diamonds&#xD;
Test&#xD;
Test&#xD;
Player Test1 won trick with Nine of Spades&#xD;
Test&#xD;
Test&#xD;
Player Test4 won trick with Ten of Diamonds&#xD;
Test&#xD;
Player Test3 won trick with Ace of Spades&#xD;
Test&#xD;
Test&#xD;
Player Test3 won trick with Queen of Hearts&#xD;
Test&#xD;
Test&#xD;
Test&#xD;
Player Test1 won trick with Five of Diamonds&#xD;
Test&#xD;
Test&#xD;
Test&#xD;
Player Test4 won trick with Six of Hearts&#xD;
Test&#xD;
Test&#xD;
Test&#xD;
Player Test1 won trick with Nine of Clubs&#xD;
Test&#xD;
Test&#xD;
Player Test1 won trick with Jack of Hearts&#xD;
Test&#xD;
Test&#xD;
Test&#xD;
Player Test1 won trick with Ace of Diamonds&#xD;
Test&#xD;
Test&#xD;
Test&#xD;
Player Test1 won trick with Ten of Diamonds&#xD;
Test&#xD;
Test&#xD;
Test&#xD;
Test&#xD;
Player Test1 won trick with Jack of Diamonds&#xD;
Test&#xD;
Test&#xD;
Player Test1 won trick with Ace of Spades&#xD;
Test&#xD;
Player Test3 won trick with Queen of Diamonds&#xD;
Test&#xD;
Player Test1 won trick with King of Diamonds&#xD;
Test&#xD;
Test&#xD;
Player Test1 won trick with Nine of Spades&#xD;
Test&#xD;
Test&#xD;
Test&#xD;
Player Test1 won trick with Five of Hearts&#xD;
Test&#xD;
Test&#xD;
Player Test3 won trick with King of Hearts&#xD;
Test&#xD;
Test&#xD;
Player Test1 won trick with King of Spades&#xD;
Test&#xD;
Test&#xD;
Test&#xD;
Player Test1 won trick with Queen of Diamonds&#xD;
Test&#xD;
Test&#xD;
Test&#xD;
Player Test1 won trick with Eight of Diamonds&#xD;
Test&#xD;
Test&#xD;
Test&#xD;
Test&#xD;
Player Test1 won trick with Four of Hearts&#xD;
Test&#xD;
Test&#xD;
Test&#xD;
Player Test1 won trick with Nine of Spades&#xD;
Test&#xD;
Test&#xD;
Test&#xD;
Test&#xD;
Player Test1 won trick with Seven of Hearts&#xD;
Test&#xD;
Test&#xD;
Player Test1 won trick with Nine of Spades&#xD;
Test&#xD;
Test&#xD;
Player Test3 won trick with Nine of Diamonds&#xD;
Test&#xD;
Test&#xD;
Test&#xD;
Player Test4 won trick with Five of Hearts&#xD;
Test&#xD;
Test&#xD;
Player Test1 won trick with King of Diamonds&#xD;
Test&#xD;
Test&#xD;
Test&#xD;
Player Test1 won trick with Seven of Diamonds&#xD;
Test&#xD;
Test&#xD;
Test&#xD;
Player Test3 won trick with Seven of Hearts&#xD;
Test&#xD;
Test&#xD;
Test&#xD;
Player Test1 won trick with Queen of Hearts&#xD;
Player Test3 won trick with Ten of Clubs&#xD;
Test&#xD;
Player Test1 won trick with Eight of Diamonds&#xD;
Test&#xD;
Test&#xD;
Test&#xD;
Player Test1 won trick with Five of Spades&#xD;
Test&#xD;
Test&#xD;
Test&#xD;
Player Test1 won trick with Nine of Clubs&#xD;
Test&#xD;
Test&#xD;
Test&#xD;
Player Test1 won trick with Four of Clubs&#xD;
Test&#xD;
Test&#xD;
Player Test1 won trick with Six of Diamonds&#xD;
Test&#xD;
Test&#xD;
Player Test1 won trick with King of Hearts&#xD;
Test&#xD;
Player Test3 won trick with Jack of Spades&#xD;
Test&#xD;
Test&#xD;
Player Test1 won trick with Eight of Clubs&#xD;
Test&#xD;
Test&#xD;
Player Test3 won trick with King of Clubs&#xD;
Test&#xD;
Test&#xD;
Test&#xD;
Test&#xD;
Player Test1 won trick with Five of Hearts&#xD;
Test&#xD;
Test&#xD;
Test&#xD;
Test&#xD;
Player Test1 won trick with Six of Hearts&#xD;
Test&#xD;
Test&#xD;
Test&#xD;
Player Test1 won trick with Three of Spades&#xD;
Test&#xD;
Test&#xD;
Test&#xD;
Player Test1 won trick with Nine of Diamonds&#xD;
Test&#xD;
Test&#xD;
Player Test1 won trick with Queen of Hearts&#xD;
Test&#xD;
Test&#xD;
Player Test3 won trick with Jack of Spades&#xD;
Test&#xD;
Test&#xD;
Test&#xD;
Player Test1 won trick with Ten of Spades&#xD;
Test&#xD;
Test&#xD;
Test&#xD;
Player Test1 won trick with Ace of Hearts&#xD;
Test&#xD;
Test&#xD;
Test&#xD;
Player Test1 won trick with Nine of Spades&#xD;
Test&#xD;
Test&#xD;
Test&#xD;
Test&#xD;
Player Test1 won trick with Eight of Spades&#xD;
Test&#xD;
Test&#xD;
Player Test1 won trick with King of Clubs&#xD;
Test&#xD;
Test&#xD;
Test&#xD;
Player Test1 won trick with Eight of Spades&#xD;
Test&#xD;
Test&#xD;
Player Test1 won trick with Jack of Diamonds&#xD;
Test&#xD;
Test&#xD;
Player Test1 won trick with Jack of Spades&#xD;
Test&#xD;
Test&#xD;
Player Test2 won trick with Ten of Hearts&#xD;
Test&#xD;
Test&#xD;
Player Test4 won trick with Nine of Clubs&#xD;
Test&#xD;
Test&#xD;
Test&#xD;
Test&#xD;
Player Test1 won trick with Five of Hearts&#xD;
Test&#xD;
Test&#xD;
Player Test1 won trick with Jack of Hearts&#xD;
Test&#xD;
Test&#xD;
Test&#xD;
Test&#xD;
Player Test1 won trick with Two of Hearts&#xD;
Test&#xD;
Test&#xD;
Player Test1 won trick with Queen of Spades&#xD;
Test&#xD;
Test&#xD;
Player Test3 won trick with Jack of Hearts&#xD;
Test&#xD;
Test&#xD;
Player Test1 won trick with Eight of Hearts&#xD;
Test&#xD;
Test&#xD;
Player Test4 won trick with Nine of Clubs&#xD;
Test&#xD;
Test&#xD;
Player Test2 won trick with King of Diamonds&#xD;
Test&#xD;
Test&#xD;
Test&#xD;
Player Test1 won trick with Nine of Spades&#xD;
Test&#xD;
Test&#xD;
Player Test1 won trick with Five of Spades&#xD;
Test&#xD;
Test&#xD;
Player Test1 won trick with Four of Diamonds&#xD;
Test&#xD;
Player Test2 won trick with Eight of Diamonds&#xD;
Test&#xD;
Test&#xD;
Player Test3 won trick with Eight of Diamonds&#xD;
Test&#xD;
Test&#xD;
Player Test4 won trick with Ace of Spades&#xD;
Test&#xD;
Test&#xD;
Test&#xD;
Player Test1 won trick with Ace of Spades&#xD;
Test&#xD;
Test&#xD;
Test&#xD;
Player Test1 won trick with Six of Spades&#xD;
Test&#xD;
Test&#xD;
Test&#xD;
Player Test1 won trick with King of Hearts&#xD;
Test&#xD;
Test&#xD;
Test&#xD;
Player Test1 won trick with Jack of Spades&#xD;
Test&#xD;
Test&#xD;
Test&#xD;
Test&#xD;
Player Test1 won trick with Ace of Hearts&#xD;
Test&#xD;
Test&#xD;
Test&#xD;
Test&#xD;
Player Test1 won trick with Seven of Spades&#xD;
Test&#xD;
Test&#xD;
Test&#xD;
Player Test1 won trick with Seven of Spades&#xD;
Test&#xD;
Test&#xD;
Test&#xD;
Test&#xD;
Player Test1 won trick with Two of Hearts&#xD;
Test&#xD;
Test&#xD;
Player Test1 won trick with Eight of Spades&#xD;
Test&#xD;
Test&#xD;
Player Test1 won trick with Seven of Spades&#xD;
Test&#xD;
Test&#xD;
Player Test1 won trick with Ace of Clubs&#xD;
Test&#xD;
Test&#xD;
Player Test1 won trick with Eight of Clubs&#xD;
Test&#xD;
Test&#xD;
Test&#xD;
Player Test1 won trick with Queen of Spades&#xD;
Test&#xD;
Player Test2 won trick with King of Spades&#xD;
Test&#xD;
Test&#xD;
Player Test4 won trick with Nine of Spades&#xD;
Test&#xD;
Test&#xD;
Player Test1 won trick with Five of Spades&#xD;
Test&#xD;
Test&#xD;
Test&#xD;
Player Test1 won trick with Seven of Diamonds&#xD;
Test&#xD;
Player Test1 won trick with King of Clubs&#xD;
Test&#xD;
Test&#xD;
Test&#xD;
Player Test1 won trick with Queen of Spades&#xD;
Test&#xD;
Test&#xD;
Test&#xD;
Player Test1 won trick with Queen of Diamonds&#xD;
Test&#xD;
Test&#xD;
Test&#xD;
Player Test1 won trick with Seven of Clubs&#xD;
Test&#xD;
Test&#xD;
Test&#xD;
Player Test1 won trick with Ace of Hearts&#xD;
Test&#xD;
Test&#xD;
Player Test3 won trick with Ten of Spades&#xD;
Test&#xD;
Test&#xD;
Test&#xD;
Player Test1 won trick with Queen of Clubs&#xD;
Test&#xD;
Test&#xD;
Test&#xD;
Player Test1 won trick with Nine of Diamonds&#xD;
Test&#xD;
Test&#xD;
Player Test1 won trick with Ten of Clubs&#xD;
Test&#xD;
Test&#xD;
Player Test2 won trick with Ace of Spades&#xD;
Test&#xD;
Test&#xD;
Player Test1 won trick with Ace of Spades&#xD;
Test&#xD;
Test&#xD;
Player Test1 won trick with Seven of Diamonds&#xD;
Test&#xD;
Test&#xD;
Test&#xD;
Test&#xD;
Player Test1 won trick with Nine of Diamonds&#xD;
Test&#xD;
Test&#xD;
Test&#xD;
Player Test1 won trick with Eight of Diamonds&#xD;
Test&#xD;
Test&#xD;
Test&#xD;
Test&#xD;
Player Test1 won trick with Queen of Hearts&#xD;
Test&#xD;
Test&#xD;
Player Test1 won trick with Nine of Diamonds&#xD;
Test&#xD;
Test&#xD;
Test&#xD;
Player Test1 won trick with Nine of Spades&#xD;
Test&#xD;
Test&#xD;
Test&#xD;
Player Test1 won trick with Six of Spades&#xD;
Test&#xD;
Test&#xD;
Test&#xD;
Player Test2 won trick with Ace of Hearts&#xD;
Test&#xD;
Test&#xD;
Test&#xD;
Player Test1 won trick with Four of Diamonds&#xD;
Test&#xD;
Test&#xD;
Test&#xD;
Player Test4 won trick with Six of Diamonds&#xD;
Test&#xD;
Test&#xD;
Test&#xD;
Player Test1 won trick with Six of Diamonds&#xD;
Test&#xD;
Test&#xD;
Test&#xD;
Player Test1 won trick with Five of Clubs&#xD;
Test&#xD;
Test&#xD;
Test&#xD;
Player Test1 won trick with Six of Spades&#xD;
Test&#xD;
Test&#xD;
Test&#xD;
Test&#xD;
Player Test1 won trick with Ace of Hearts&#xD;
Test&#xD;
Test&#xD;
Test&#xD;
Player Test1 won trick with King of Hearts&#xD;
Test&#xD;
Test&#xD;
Test&#xD;
Player Test1 won trick with Ten of Spades&#xD;
Test&#xD;
Test&#xD;
Test&#xD;
Player Test1 won trick with Jack of Hearts&#xD;
Test&#xD;
Player Test2 won trick with Five of Spades&#xD;
Test&#xD;
Test&#xD;
Test&#xD;
Player Test1 won trick with Three of Diamonds&#xD;
Test&#xD;
Test&#xD;
Test&#xD;
Player Test1 won trick with Two of Spades&#xD;
Test&#xD;
Test&#xD;
Player Test1 won trick with Three of Spades&#xD;
Test&#xD;
Test&#xD;
Test&#xD;
Player Test1 won trick with Ten of Spades&#xD;
Test&#xD;
Test&#xD;
Test&#xD;
Player Test1 won trick with Jack of Clubs&#xD;
Test&#xD;
Test&#xD;
Test&#xD;
Player Test1 won trick with Ace of Diamonds&#xD;
Test&#xD;
Test&#xD;
Player Test1 won trick with Queen of Hearts&#xD;
Test&#xD;
Test&#xD;
Test&#xD;
Player Test1 won trick with Jack of Spades&#xD;
Test&#xD;
Test&#xD;
Test&#xD;
Player Test1 won trick with Ten of Spades&#xD;
Test&#xD;
Test&#xD;
Test&#xD;
Player Test2 won trick with Jack of Hearts&#xD;
Test&#xD;
Test&#xD;
Test&#xD;
Player Test1 won trick with Seven of Diamonds&#xD;
Test&#xD;
Test&#xD;
Test&#xD;
Player Test4 won trick with Three of Hearts&#xD;
Test&#xD;
Test&#xD;
Test&#xD;
Player Test2 won trick with Queen of Hearts&#xD;
Test&#xD;
Test&#xD;
Test&#xD;
Player Test1 won trick with Seven of Diamonds&#xD;
Test&#xD;
Test&#xD;
Test&#xD;
Player Test4 won trick with Ten of Hearts&#xD;
Test&#xD;
Test&#xD;
Test&#xD;
Player Test1 won trick with Six of Clubs&#xD;
Test&#xD;
Test&#xD;
Test&#xD;
Player Test2 won trick with King of Hearts&#xD;
Test&#xD;
Test&#xD;
Test&#xD;
Test&#xD;
Player Test1 won trick with Six of Hearts&#xD;
Test&#xD;
Test&#xD;
Player Test4 won trick with Queen of Diamonds&#xD;
Test&#xD;
Test&#xD;
Test&#xD;
Player Test1 won trick with Eight of Spades&#xD;
Test&#xD;
Test&#xD;
Test&#xD;
Player Test1 won trick with Nine of Clubs&#xD;
Test&#xD;
Test&#xD;
Test&#xD;
Player Test1 won trick with Two of Clubs&#xD;
Test&#xD;
Test&#xD;
Test&#xD;
Player Test1 won trick with Eight of Spades&#xD;
Test&#xD;
Test&#xD;
Player Test1 won trick with Queen of Diamonds&#xD;
Test&#xD;
Test&#xD;
Test&#xD;
Player Test1 won trick with Ten of Clubs&#xD;
Test&#xD;
Test&#xD;
Player Test2 won trick with King of Hearts&#xD;
Test&#xD;
Test&#xD;
Test&#xD;
Test&#xD;
Player Test1 won trick with Two of Hearts&#xD;
Test&#xD;
Player Test4 won trick with King of Diamonds&#xD;
Test&#xD;
Test&#xD;
Test&#xD;
Test&#xD;
Player Test1 won trick with Ten of Hearts&#xD;
Test&#xD;
Test&#xD;
Player Test3 won trick with Eight of Clubs&#xD;
Test&#xD;
Player Test3 won trick with Nine of Spades&#xD;
Test&#xD;
Test&#xD;
Test&#xD;
Player Test1 won trick with Two of Spades&#xD;
Test&#xD;
Test&#xD;
Player Test1 won trick with King of Diamonds&#xD;
Test&#xD;
Test&#xD;
Test&#xD;
Player Test1 won trick with Nine of Clubs&#xD;
Test&#xD;
Test&#xD;
Test&#xD;
Player Test4 won trick with Jack of Hearts&#xD;
Test&#xD;
Test&#xD;
Test&#xD;
Test&#xD;
Player Test1 won trick with Jack of Hearts&#xD;
Test&#xD;
Test&#xD;
Test&#xD;
Player Test1 won trick with Three of Spades&#xD;
Test&#xD;
Test&#xD;
Test&#xD;
Test&#xD;
Player Test1 won trick with Ten of Hearts&#xD;
Test&#xD;
Test&#xD;
Test&#xD;
Player Test1 won trick with Seven of Hearts&#xD;
Test&#xD;
Test&#xD;
Test&#xD;
Player Test1 won trick with Three of Spades&#xD;
Test&#xD;
Test&#xD;
Test&#xD;
Player Test3 won trick with King of Hearts&#xD;
Test&#xD;
Test&#xD;
Test&#xD;
Test&#xD;
Player Test1 won trick with Three of Spades&#xD;
Test&#xD;
Test&#xD;
Test&#xD;
Player Test1 won trick with Ten of Hearts&#xD;
Test&#xD;
Test&#xD;
Test&#xD;
Test&#xD;
Player Test1 won trick with Queen of Hearts&#xD;
Test&#xD;
Test&#xD;
Player Test1 won trick with King of Clubs&#xD;
Test&#xD;
Player Test2 won trick with Jack of Clubs&#xD;
Test&#xD;
Test&#xD;
Player Test1 won trick with Ace of Diamonds&#xD;
Test&#xD;
Test&#xD;
Test&#xD;
Player Test1 won trick with Ace of Diamonds&#xD;
Test&#xD;
Test&#xD;
Test&#xD;
Test&#xD;
Player Test1 won trick with Ace of Hearts&#xD;
Test&#xD;
Test&#xD;
Test&#xD;
Player Test1 won trick with Ten of Clubs&#xD;
Test&#xD;
Test&#xD;
Test&#xD;
Player Test1 won trick with Nine of Diamonds&#xD;
Test&#xD;
Test&#xD;
Player Test4 won trick with Six of Diamonds&#xD;
Test&#xD;
Test&#xD;
Test&#xD;
Player Test1 won trick with Eight of Diamonds&#xD;
Test&#xD;
Test&#xD;
Test&#xD;
Player Test3 won trick with Eight of Hearts&#xD;
Test&#xD;
Test&#xD;
Test&#xD;
Player Test1 won trick with Four of Clubs&#xD;
Test&#xD;
Test&#xD;
Player Test1 won trick with Ten of Clubs&#xD;
Test&#xD;
Test&#xD;
Test&#xD;
Player Test3 won trick with Jack of Hearts&#xD;
Test&#xD;
Test&#xD;
Test&#xD;
Player Test1 won trick with Ten of Clubs&#xD;
Test&#xD;
Test&#xD;
Player Test1 won trick with Five of Diamonds&#xD;
Test&#xD;
Player Test2 won trick with Ace of Clubs&#xD;
Test&#xD;
Test&#xD;
Test&#xD;
Player Test1 won trick with Queen of Spades&#xD;
Test&#xD;
Test&#xD;
Player Test2 won trick with Seven of Diamonds&#xD;
Test&#xD;
Test&#xD;
Test&#xD;
Player Test3 won trick with Ace of Spades&#xD;
Test&#xD;
Test&#xD;
Test&#xD;
Player Test1 won trick with Three of Clubs&#xD;
Test&#xD;
Test&#xD;
Test&#xD;
Player Test2 won trick with Jack of Hearts&#xD;
Test&#xD;
Test&#xD;
Player Test2 won trick with Seven of Diamonds&#xD;
Test&#xD;
Test&#xD;
Player Test1 won trick with Nine of Diamonds&#xD;
Test&#xD;
Test&#xD;
Test&#xD;
Test&#xD;
Player Test1 won trick with Four of Hearts&#xD;
Test&#xD;
Test&#xD;
Test&#xD;
Test&#xD;
Player Test1 won trick with Two of Hearts&#xD;
Test&#xD;
Test&#xD;
Test&#xD;
Player Test1 won trick with Four of Diamonds&#xD;
Test&#xD;
Test&#xD;
Test&#xD;
Player Test1 won trick with Eight of Clubs&#xD;
Test&#xD;
Test&#xD;
Test&#xD;
Player Test1 won trick with Six of Spades&#xD;
Test&#xD;
Test&#xD;
Player Test1 won trick with Ten of Clubs&#xD;
Test&#xD;
Test&#xD;
Test&#xD;
Player Test1 won trick with Ten of Hearts&#xD;
Test&#xD;
Test&#xD;
Player Test1 won trick with Five of Diamonds&#xD;
Test&#xD;
Test&#xD;
Test&#xD;
Player Test1 won trick with Eight of Spades&#xD;
Test&#xD;
Player Test3 won trick with Ace of Spades&#xD;
Test&#xD;
Player Test1 won trick with Jack of Clubs&#xD;
Test&#xD;
Test&#xD;
Player Test1 won trick with Nine of Spades&#xD;
Test&#xD;
Test&#xD;
Test&#xD;
Player Test1 won trick with Four of Spades&#xD;
Test&#xD;
Test&#xD;
Test&#xD;
Test&#xD;
Player Test1 won trick with Two of Hearts&#xD;
Test&#xD;
Test&#xD;
Test&#xD;
Test&#xD;
Player Test1 won trick with Three of Hearts&#xD;
Player Test4 won trick with Ace of Spades&#xD;
Test&#xD;
Test&#xD;
Test&#xD;
Test&#xD;
Player Test1 won trick with Ten of Hearts&#xD;
Test&#xD;
Test&#xD;
Player Test2 won trick with Ace of Diamonds&#xD;
Test&#xD;
Test&#xD;
Test&#xD;
Player Test1 won trick with Queen of Spades&#xD;
Test&#xD;
Test&#xD;
Player Test2 won trick with Jack of Hearts&#xD;
Test&#xD;
Test&#xD;
Test&#xD;
Test&#xD;
Player Test1 won trick with Jack of Hearts&#xD;
Test&#xD;
Test&#xD;
Test&#xD;
Player Test1 won trick with Eight of Diamonds&#xD;
Test&#xD;
Test&#xD;
Player Test3 won trick with Ace of Hearts&#xD;
Test&#xD;
Test&#xD;
Test&#xD;
Test&#xD;
Player Test1 won trick with King of Spades&#xD;
Test&#xD;
Test&#xD;
Player Test3 won trick with Jack of Clubs&#xD;
Test&#xD;
Test&#xD;
Test&#xD;
Player Test1 won trick with King of Hearts&#xD;
Test&#xD;
Test&#xD;
Test&#xD;
Player Test1 won trick with Queen of Diamonds&#xD;
Test&#xD;
Test&#xD;
Test&#xD;
Player Test2 won trick with Eight of Hearts&#xD;
Test&#xD;
Test&#xD;
Test&#xD;
Player Test1 won trick with King of Hearts&#xD;
Test&#xD;
Test&#xD;
Player Test4 won trick with Seven of Spades&#xD;
Test&#xD;
Test&#xD;
Test&#xD;
Test&#xD;
Player Test1 won trick with Ten of Hearts&#xD;
Test&#xD;
Test&#xD;
Player Test1 won trick with Nine of Diamonds&#xD;
Test&#xD;
Player Test1 won trick with Ace of Diamonds&#xD;
Test&#xD;
Test&#xD;
Player Test4 won trick with Queen of Spades&#xD;
Test&#xD;
Test&#xD;
Player Test1 won trick with Jack of Hearts&#xD;
Test&#xD;
Test&#xD;
Player Test1 won trick with Ace of Diamonds&#xD;
Test&#xD;
Test&#xD;
Test&#xD;
Player Test2 won trick with Ace of Spades&#xD;
Test&#xD;
Test&#xD;
Test&#xD;
Test&#xD;
Player Test1 won trick with Jack of Clubs&#xD;
Test&#xD;
Player Test3 won trick with Queen of Diamonds&#xD;
Test&#xD;
Test&#xD;
Player Test4 won trick with Seven of Clubs&#xD;
Test&#xD;
Test&#xD;
Test&#xD;
Player Test1 won trick with Three of Clubs&#xD;
Test&#xD;
Test&#xD;
Test&#xD;
Player Test1 won trick with Eight of Hearts&#xD;
Test&#xD;
Player Test4 won trick with Ace of Spades&#xD;
Test&#xD;
Test&#xD;
Test&#xD;
Test&#xD;
Player Test1 won trick with Three of Hearts&#xD;
Test&#xD;
Test&#xD;
Player Test4 won trick with Queen of Clubs&#xD;
Test&#xD;
Player Test3 won trick with Jack of Clubs&#xD;
Test&#xD;
Test&#xD;
Test&#xD;
Test&#xD;
Player Test1 won trick with Four of Hearts&#xD;
Test&#xD;
Test&#xD;
Test&#xD;
Test&#xD;
Player Test1 won trick with Seven of Hearts&#xD;
Test&#xD;
Test&#xD;
Player Test1 won trick with Ace of Spades&#xD;
Test&#xD;
Test&#xD;
Player Test2 won trick with Ace of Spades&#xD;
Test&#xD;
Player Test2 won trick with King of Spades&#xD;
Test&#xD;
Test&#xD;
Test&#xD;
Test&#xD;
Player Test1 won trick with King of Hearts&#xD;
Test&#xD;
Player Test2 won trick with Ten of Clubs&#xD;
Test&#xD;
Test&#xD;
Test&#xD;
Player Test1 won trick with King of Spades&#xD;
Test&#xD;
Test&#xD;
Player Test3 won trick with Ten of Hearts&#xD;
Test&#xD;
Test&#xD;
Player Test1 won trick with Ten of Diamonds&#xD;
Test&#xD;
Test&#xD;
Test&#xD;
Player Test2 won trick with Six of Hearts&#xD;
Test&#xD;
Test&#xD;
Player Test1 won trick with Ace of Spades&#xD;
Test&#xD;
Test&#xD;
Player Test1 won trick with King of Clubs&#xD;
Test&#xD;
Test&#xD;
Test&#xD;
Test&#xD;
Player Test1 won trick with Eight of Hearts&#xD;
Test&#xD;
Test&#xD;
Test&#xD;
Player Test1 won trick with Four of Spades&#xD;
Test&#xD;
Test&#xD;
Player Test3 won trick with Queen of Hearts&#xD;
Test&#xD;
Test&#xD;
Player Test3 won trick with Seven of Diamonds&#xD;
Test&#xD;
Player Test2 won trick with Ace of Spades&#xD;
Test&#xD;
Test&#xD;
Player Test1 won trick with Ten of Spades&#xD;
Test&#xD;
Test&#xD;
Player Test3 won trick with Six of Spades&#xD;
Test&#xD;
Test&#xD;
Test&#xD;
Test&#xD;
Player Test1 won trick with Jack of Hearts&#xD;
Test&#xD;
Test&#xD;
Player Test1 won trick with Queen of Spades&#xD;
Test&#xD;
Test&#xD;
Test&#xD;
Player Test1 won trick with Nine of Spades&#xD;
Test&#xD;
Test&#xD;
Test&#xD;
Test&#xD;
Player Test1 won trick with Ten of Hearts&#xD;
Test&#xD;
Test&#xD;
Player Test1 won trick with King of Diamonds&#xD;
Test&#xD;
Test&#xD;
Test&#xD;
Player Test1 won trick with Eight of Spades&#xD;
Test&#xD;
Test&#xD;
Test&#xD;
Player Test1 won trick with King of Clubs&#xD;
Test&#xD;
Test&#xD;
Test&#xD;
Test&#xD;
Player Test1 won trick with Four of Diamonds&#xD;
Test&#xD;
Test&#xD;
Player Test1 won trick with King of Clubs&#xD;
Test&#xD;
Test&#xD;
Player Test4 won trick with Eight of Spades&#xD;
Test&#xD;
Test&#xD;
Player Test1 won trick with Ten of Diamonds&#xD;
Test&#xD;
Test&#xD;
Test&#xD;
Test&#xD;
Player Test1 won trick with Jack of Hearts&#xD;
Test&#xD;
Test&#xD;
Player Test1 won trick with King of Spades&#xD;
Test&#xD;
Test&#xD;
Test&#xD;
Test&#xD;
Player Test1 won trick with Seven of Hearts&#xD;
Test&#xD;
Test&#xD;
Test&#xD;
Player Test1 won trick with Eight of Clubs&#xD;
Test&#xD;
Player Test1 won trick with Nine of Diamonds&#xD;
Test&#xD;
Player Test2 won trick with Queen of Hearts&#xD;
Test&#xD;
Test&#xD;
Player Test1 won trick with Three of Spades&#xD;
Test&#xD;
Test&#xD;
Test&#xD;
Player Test1 won trick with Nine of Spades&#xD;
Test&#xD;
Test&#xD;
Test&#xD;
Player Test2 won trick with Ten of Hearts&#xD;
Test&#xD;
Test&#xD;
Test&#xD;
Player Test1 won trick with Two of Diamonds&#xD;
Test&#xD;
Test&#xD;
Test&#xD;
Test&#xD;
Player Test1 won trick with Six of Hearts&#xD;
Test&#xD;
Test&#xD;
Test&#xD;
Test&#xD;
Player Test1 won trick with Two of Hearts&#xD;
Test&#xD;
Test&#xD;
Test&#xD;
Player Test1 won trick with Ten of Clubs&#xD;
Test&#xD;
Test&#xD;
Test&#xD;
Test&#xD;
Player Test1 won trick with Eight of Hearts&#xD;
Test&#xD;
Test&#xD;
Player Test2 won trick with Six of Clubs&#xD;
Test&#xD;
Test&#xD;
Player Test2 won trick with Nine of Spades&#xD;
Test&#xD;
Test&#xD;
Test&#xD;
Test&#xD;
Player Test1 won trick with Ten of Clubs&#xD;
Test&#xD;
Test&#xD;
Player Test1 won trick with Ace of Clubs&#xD;
Test&#xD;
Test&#xD;
Test&#xD;
Player Test4 won trick with Ten of Hearts&#xD;
Test&#xD;
Player Test3 won trick with Seven of Hearts&#xD;
Test&#xD;
Player Test3 won trick with King of Diamonds&#xD;
Test&#xD;
Test&#xD;
Player Test1 won trick with Seven of Clubs&#xD;
Test&#xD;
Test&#xD;
Test&#xD;
Player Test1 won trick with Ace of Spades&#xD;
Test&#xD;
Player Test4 won trick with King of Diamonds&#xD;
Test&#xD;
Test&#xD;
Test&#xD;
Player Test1 won trick with Ten of Clubs&#xD;
Test&#xD;
Test&#xD;
Player Test3 won trick with Queen of Clubs&#xD;
Test&#xD;
Test&#xD;
Player Test1 won trick with King of Clubs&#xD;
Test&#xD;
Test&#xD;
Test&#xD;
Player Test1 won trick with Six of Clubs&#xD;
Test&#xD;
Test&#xD;
Player Test1 won trick with King of Diamonds&#xD;
Test&#xD;
Test&#xD;
Test&#xD;
Player Test1 won trick with Nine of Diamonds&#xD;
Test&#xD;
Test&#xD;
Test&#xD;
Test&#xD;
Player Test1 won trick with Four of Hearts&#xD;
Test&#xD;
Test&#xD;
Player Test2 won trick with Seven of Diamonds&#xD;
Test&#xD;
Player Test4 won trick with Ten of Diamonds&#xD;
Test&#xD;
Test&#xD;
Test&#xD;
Player Test1 won trick with Nine of Diamonds&#xD;
Test&#xD;
Test&#xD;
Test&#xD;
Player Test1 won trick with Queen of Clubs&#xD;
Test&#xD;
Test&#xD;
Player Test3 won trick with Jack of Clubs&#xD;
Test&#xD;
Player Test1 won trick with Jack of Diamonds&#xD;
Test&#xD;
Test&#xD;
Test&#xD;
Player Test1 won trick with Two of Spades&#xD;
Test&#xD;
Test&#xD;
Player Test2 won trick with Ace of Spades&#xD;
Test&#xD;
Test&#xD;
Test&#xD;
Player Test1 won trick with Four of Diamonds&#xD;
Test&#xD;
Test&#xD;
Player Test1 won trick with Queen of Spades&#xD;
Test&#xD;
Test&#xD;
Test&#xD;
Player Test4 won trick with Ten of Hearts&#xD;
Test&#xD;
Test&#xD;
Player Test1 won trick with Jack of Spades&#xD;
Test&#xD;
Test&#xD;
Test&#xD;
Player Test1 won trick with Six of Diamonds&#xD;
Test&#xD;
Test&#xD;
Test&#xD;
Test&#xD;
Player Test1 won trick with Eight of Hearts&#xD;
Test&#xD;
Test&#xD;
Test&#xD;
Test&#xD;
Player Test1 won trick with Ace of Hearts&#xD;
Test&#xD;
Test&#xD;
Test&#xD;
Player Test1 won trick with Jack of Diamonds&#xD;
Test&#xD;
Player Test4 won trick with King of Clubs&#xD;
Test&#xD;
Test&#xD;
Test&#xD;
Player Test1 won trick with Eight of Clubs&#xD;
Test&#xD;
Test&#xD;
Player Test1 won trick with Seven of Spades&#xD;
Test&#xD;
Test&#xD;
Player Test3 won trick with Ten of Diamonds&#xD;
Test&#xD;
Test&#xD;
Player Test4 won trick with Queen of Diamonds&#xD;
Test&#xD;
Test&#xD;
Player Test1 won trick with Eight of Diamonds&#xD;
Test&#xD;
Test&#xD;
Test&#xD;
Player Test1 won trick with Five of Spades&#xD;
Test&#xD;
Test&#xD;
Test&#xD;
Player Test1 won trick with Six of Clubs&#xD;
Test&#xD;
Test&#xD;
Player Test1 won trick with Ace of Clubs&#xD;
Test&#xD;
Test&#xD;
Test&#xD;
Player Test1 won trick with King of Clubs&#xD;
Test&#xD;
Test&#xD;
Test&#xD;
Player Test1 won trick with Queen of Diamonds&#xD;
Test&#xD;
Test&#xD;
Player Test1 won trick with Seven of Spades&#xD;
Test&#xD;
Test&#xD;
Test&#xD;
Player Test4 won trick with Ten of Hearts&#xD;
Test&#xD;
Test&#xD;
Player Test3 won trick with Nine of Diamonds&#xD;
Test&#xD;
Test&#xD;
Test&#xD;
Player Test1 won trick with Seven of Diamonds&#xD;
Test&#xD;
Test&#xD;
Player Test4 won trick with King of Diamonds&#xD;
Test&#xD;
Test&#xD;
Player Test1 won trick with King of Hearts&#xD;
Test&#xD;
Test&#xD;
Test&#xD;
Player Test1 won trick with Ten of Clubs&#xD;
Test&#xD;
Test&#xD;
Player Test2 won trick with Jack of Spades&#xD;
Test&#xD;
Test&#xD;
Player Test1 won trick with Ace of Diamonds&#xD;
Test&#xD;
Player Test4 won trick with Ten of Diamonds&#xD;
Test&#xD;
Player Test1 won trick with Ace of Diamonds&#xD;
Test&#xD;
Test&#xD;
Test&#xD;
Player Test1 won trick with Three of Diamonds&#xD;
Test&#xD;
Test&#xD;
Test&#xD;
Test&#xD;
Player Test1 won trick with Ten of Hearts&#xD;
Test&#xD;
Test&#xD;
Test&#xD;
Test&#xD;
Player Test1 won trick with Queen of Hearts&#xD;
Test&#xD;
Test&#xD;
Player Test1 won trick with Jack of Diamonds&#xD;
Test&#xD;
Player Test2 won trick with Seven of Diamonds&#xD;
Test&#xD;
Test&#xD;
Player Test4 won trick with Jack of Clubs&#xD;
Test&#xD;
Test&#xD;
Test&#xD;
Player Test1 won trick with King of Clubs&#xD;
Test&#xD;
Test&#xD;
Player Test3 won trick with Jack of Clubs&#xD;
Test&#xD;
Test&#xD;
Player Test2 won trick with Ten of Spades&#xD;
Test&#xD;
Test&#xD;
Test&#xD;
Test&#xD;
Player Test1 won trick with Jack of Clubs&#xD;
Test&#xD;
Test&#xD;
Test&#xD;
Player Test3 won trick with Six of Hearts&#xD;
Test&#xD;
Test&#xD;
Test&#xD;
Player Test1 won trick with Five of Clubs&#xD;
Test&#xD;
Test&#xD;
Player Test1 won trick with Eight of Diamonds&#xD;
Test&#xD;
Test&#xD;
Test&#xD;
Test&#xD;
Player Test1 won trick with Two of Hearts&#xD;
Test&#xD;
Test&#xD;
Test&#xD;
Player Test1 won trick with Jack of Diamonds&#xD;
Test&#xD;
Test&#xD;
Player Test1 won trick with Seven of Clubs&#xD;
Test&#xD;
Test&#xD;
Test&#xD;
Player Test1 won trick with Five of Clubs&#xD;
Test&#xD;
Player Test1 won trick with Ace of Clubs&#xD;
Test&#xD;
Player Test2 won trick with Queen of Diamonds&#xD;
Test&#xD;
Player Test1 won trick with Ace of Spades&#xD;
Test&#xD;
Test&#xD;
Test&#xD;
Player Test1 won trick with Ten of Clubs&#xD;
Test&#xD;
Player Test3 won trick with Ten of Diamonds&#xD;
Test&#xD;
Test&#xD;
Player Test1 won trick with Queen of Clubs&#xD;
Test&#xD;
Test&#xD;
Test&#xD;
Test&#xD;
Player Test1 won trick with Nine of Spades&#xD;
Test&#xD;
Test&#xD;
Test&#xD;
Player Test2 won trick with Ten of Spades&#xD;
Test&#xD;
Test&#xD;
Test&#xD;
Player Test1 won trick with Jack of Clubs&#xD;
Test&#xD;
Test&#xD;
Player Test1 won trick with Ten of Clubs&#xD;
Test&#xD;
Test&#xD;
Player Test2 won trick with Ten of Clubs&#xD;
Test&#xD;
Test&#xD;
Test&#xD;
Test&#xD;
Player Test1 won trick with Three of Hearts&#xD;
Test&#xD;
Test&#xD;
Test&#xD;
Player Test1 won trick with Eight of Clubs&#xD;
Test&#xD;
Test&#xD;
Player Test4 won trick with Eight of Clubs&#xD;
Test&#xD;
Test&#xD;
Test&#xD;
Player Test1 won trick with Five of Clubs&#xD;
Test&#xD;
Test&#xD;
Test&#xD;
Player Test1 won trick with King of Clubs&#xD;
Test&#xD;
Test&#xD;
Test&#xD;
Test&#xD;
Player Test1 won trick with Ace of Hearts&#xD;
Test&#xD;
Test&#xD;
Test&#xD;
Player Test3 won trick with Eight of Hearts&#xD;
Test&#xD;
Test&#xD;
Test&#xD;
Test&#xD;
Player Test1 won trick with Eight of Clubs&#xD;
Test&#xD;
Test&#xD;
Test&#xD;
Player Test1 won trick with Five of Diamonds&#xD;
Test&#xD;
Test&#xD;
Player Test1 won trick with Eight of Spades&#xD;
Test&#xD;
Test&#xD;
Player Test1 won trick with Nine of Clubs&#xD;
Test&#xD;
Test&#xD;
Test&#xD;
Player Test1 won trick with Nine of Spades&#xD;
Test&#xD;
Test&#xD;
Test&#xD;
Player Test1 won trick with Eight of Diamonds&#xD;
Test&#xD;
Test&#xD;
Test&#xD;
Player Test1 won trick with Ace of Diamonds&#xD;
Test&#xD;
Test&#xD;
Test&#xD;
Player Test1 won trick with Eight of Clubs&#xD;
Test&#xD;
Test&#xD;
Test&#xD;
Player Test4 won trick with Ace of Hearts&#xD;
Test&#xD;
Test&#xD;
Test&#xD;
Player Test1 won trick with Queen of Spades&#xD;
Test&#xD;
Test&#xD;
Test&#xD;
Test&#xD;
Player Test1 won trick with Eight of Diamonds&#xD;
Test&#xD;
Test&#xD;
Test&#xD;
Player Test1 won trick with Nine of Hearts&#xD;
Test&#xD;
Test&#xD;
Test&#xD;
Test&#xD;
Player Test1 won trick with King of Hearts&#xD;
Test&#xD;
Test&#xD;
Player Test1 won trick with Jack of Spades&#xD;
Test&#xD;
Test&#xD;
Test&#xD;
Player Test1 won trick with Jack of Diamonds&#xD;
Test&#xD;
Test&#xD;
Test&#xD;
Test&#xD;
Player Test1 won trick with Three of Hearts&#xD;
Test&#xD;
Test&#xD;
Test&#xD;
Player Test3 won trick with Queen of Hearts&#xD;
Test&#xD;
Test&#xD;
Test&#xD;
Player Test1 won trick with Five of Diamonds&#xD;
Test&#xD;
Test&#xD;
Test&#xD;
Player Test1 won trick with Queen of Hearts&#xD;
Test&#xD;
Test&#xD;
Test&#xD;
Player Test1 won trick with Three of Diamonds&#xD;
Test&#xD;
Test&#xD;
Test&#xD;
Player Test1 won trick with Ten of Spades&#xD;
Test&#xD;
Test&#xD;
Player Test1 won trick with Ace of Clubs&#xD;
Test&#xD;
Test&#xD;
Test&#xD;
Player Test1 won trick with Six of Hearts&#xD;
Test&#xD;
Test&#xD;
Test&#xD;
Player Test1 won trick with Ten of Hearts&#xD;
Test&#xD;
Test&#xD;
Test&#xD;
Player Test1 won trick with Jack of Hearts&#xD;
Test&#xD;
Test&#xD;
Player Test2 won trick with Nine of Spades&#xD;
Test&#xD;
Test&#xD;
Player Test1 won trick with Queen of Diamonds&#xD;
Test&#xD;
Test&#xD;
Test&#xD;
Player Test1 won trick with Queen of Diamonds&#xD;
Test&#xD;
Test&#xD;
Test&#xD;
Player Test1 won trick with Five of Clubs&#xD;
Test&#xD;
Test&#xD;
Test&#xD;
Player Test1 won trick with Three of Diamonds&#xD;
Test&#xD;
Test&#xD;
Player Test4 won trick with Ten of Spades&#xD;
Test&#xD;
Test&#xD;
Player Test2 won trick with Nine of Clubs&#xD;
Test&#xD;
Test&#xD;
Player Test2 won trick with King of Clubs&#xD;
Test&#xD;
Test&#xD;
Test&#xD;
Test&#xD;
Player Test1 won trick with Ten of Diamonds&#xD;
Test&#xD;
Test&#xD;
Test&#xD;
Player Test1 won trick with Five of Hearts&#xD;
Test&#xD;
Test&#xD;
Player Test1 won trick with Ace of Diamonds&#xD;
Test&#xD;
Test&#xD;
Player Test1 won trick with Ten of Clubs&#xD;
Test&#xD;
Player Test3 won trick with Ten of Spades&#xD;
Test&#xD;
Test&#xD;
Player Test1 won trick with Jack of Hearts&#xD;
Test&#xD;
Test&#xD;
Player Test3 won trick with Jack of Clubs&#xD;
Test&#xD;
Player Test2 won trick with Queen of Diamonds&#xD;
Test&#xD;
Test&#xD;
Test&#xD;
Test&#xD;
Player Test1 won trick with Three of Spades&#xD;
Test&#xD;
Player Test1 won trick with King of Clubs&#xD;
Test&#xD;
Test&#xD;
Test&#xD;
Test&#xD;
Player Test1 won trick with Queen of Diamonds&#xD;
Test&#xD;
Test&#xD;
Test&#xD;
Player Test1 won trick with Two of Diamonds&#xD;
Test&#xD;
Test&#xD;
Player Test4 won trick with Six of Diamonds&#xD;
Test&#xD;
Test&#xD;
Player Test1 won trick with King of Clubs&#xD;
Test&#xD;
Test&#xD;
Test&#xD;
Player Test1 won trick with Six of Clubs&#xD;
Test&#xD;
Test&#xD;
Test&#xD;
Player Test1 won trick with Queen of Hearts&#xD;
Test&#xD;
Player Test3 won trick with King of Diamonds&#xD;
Test&#xD;
Test&#xD;
Player Test1 won trick with King of Clubs&#xD;
Test&#xD;
Test&#xD;
Player Test2 won trick with Nine of Spades&#xD;
Test&#xD;
Test&#xD;
Test&#xD;
Player Test1 won trick with King of Hearts&#xD;
Test&#xD;
Test&#xD;
Test&#xD;
Player Test1 won trick with Nine of Clubs&#xD;
Test&#xD;
Test&#xD;
Test&#xD;
Test&#xD;
Player Test1 won trick with Seven of Hearts&#xD;
Test&#xD;
Test&#xD;
Test&#xD;
Player Test1 won trick with Ten of Hearts&#xD;
Test&#xD;
Test&#xD;
Player Test1 won trick with Queen of Spades&#xD;
Test&#xD;
Test&#xD;
Test&#xD;
Player Test1 won trick with Ace of Spades&#xD;
Test&#xD;
Test&#xD;
Test&#xD;
Player Test1 won trick with Queen of Spades&#xD;
Test&#xD;
Test&#xD;
Player Test1 won trick with King of Hearts&#xD;
Test&#xD;
Player Test4 won trick with Eight of Diamonds&#xD;
Test&#xD;
Player Test3 won trick with Ace of Clubs&#xD;
Test&#xD;
Test&#xD;
Test&#xD;
Player Test1 won trick with Queen of Diamonds&#xD;
Test&#xD;
Test&#xD;
Player Test1 won trick with Ace of Spades&#xD;
Test&#xD;
Test&#xD;
Test&#xD;
Player Test1 won trick with King of Spades&#xD;
Test&#xD;
Test&#xD;
Player Test4 won trick with King of Diamonds&#xD;
Test&#xD;
Test&#xD;
Test&#xD;
Test&#xD;
Player Test1 won trick with Queen of Hearts&#xD;
Test&#xD;
Test&#xD;
Player Test1 won trick with Jack of Diamonds&#xD;
Test&#xD;
Test&#xD;
Player Test1 won trick with Seven of Clubs&#xD;
Test&#xD;
Test&#xD;
Test&#xD;
Player Test1 won trick with Three of Diamonds&#xD;
Test&#xD;
Test&#xD;
Test&#xD;
Player Test1 won trick with Nine of Diamonds&#xD;
Test&#xD;
Test&#xD;
Test&#xD;
Player Test1 won trick with Ace of Spades&#xD;
Test&#xD;
Test&#xD;
Player Test2 won trick with Four of Clubs&#xD;
Test&#xD;
Test&#xD;
Player Test1 won trick with Jack of Diamonds&#xD;
Test&#xD;
Player Test2 won trick with King of Clubs&#xD;
Test&#xD;
Player Test1 won trick with Seven of Clubs&#xD;
Test&#xD;
Test&#xD;
Test&#xD;
Player Test1 won trick with Eight of Diamonds&#xD;
Test&#xD;
Player Test4 won trick with Ace of Diamonds&#xD;
Test&#xD;
Test&#xD;
Test&#xD;
Test&#xD;
Player Test1 won trick with Nine of Hearts&#xD;
Test&#xD;
Test&#xD;
Test&#xD;
Player Test1 won trick with King of Diamonds&#xD;
Test&#xD;
Test&#xD;
Player Test3 won trick with Queen of Spades&#xD;
Test&#xD;
Test&#xD;
Test&#xD;
Test&#xD;
Player Test1 won trick with King of Hearts&#xD;
Test&#xD;
Test&#xD;
Test&#xD;
Test&#xD;
Player Test1 won trick with Seven of Hearts&#xD;
Test&#xD;
Test&#xD;
Test&#xD;
Player Test1 won trick with Nine of Diamonds&#xD;
Test&#xD;
Test&#xD;
Test&#xD;
Player Test1 won trick with King of Diamonds&#xD;
Test&#xD;
Test&#xD;
Player Test1 won trick with Ten of Spades&#xD;
Test&#xD;
Test&#xD;
Player Test1 won trick with Eight of Clubs&#xD;
Test&#xD;
Test&#xD;
Test&#xD;
Test&#xD;
Player Test1 won trick with Seven of Hearts&#xD;
Test&#xD;
Test&#xD;
Player Test1 won trick with Ace of Clubs&#xD;
Test&#xD;
Test&#xD;
Player Test2 won trick with Jack of Diamonds&#xD;
Test&#xD;
Test&#xD;
Test&#xD;
Player Test1 won trick with Eight of Diamonds&#xD;
Test&#xD;
Test&#xD;
Test&#xD;
Test&#xD;
Player Test1 won trick with Four of Hearts&#xD;
Test&#xD;
Test&#xD;
Test&#xD;
Test&#xD;
Player Test1 won trick with Queen of Hearts&#xD;
Test&#xD;
Player Test2 won trick with Ace of Clubs&#xD;
Test&#xD;
Test&#xD;
Test&#xD;
Player Test1 won trick with Eight of Spades&#xD;
Test&#xD;
Test&#xD;
Test&#xD;
Player Test1 won trick with Two of Clubs&#xD;
Test&#xD;
Test&#xD;
Player Test1 won trick with King of Diamonds&#xD;
Test&#xD;
Test&#xD;
Player Test2 won trick with Queen of Clubs&#xD;
Test&#xD;
Test&#xD;
Player Test2 won trick with Nine of Spades&#xD;
Test&#xD;
Test&#xD;
Player Test1 won trick with Eight of Spades&#xD;
Test&#xD;
Test&#xD;
Test&#xD;
Test&#xD;
Player Test1 won trick with Queen of Hearts&#xD;
Test&#xD;
Test&#xD;
Player Test1 won trick with King of Diamonds&#xD;
Test&#xD;
Test&#xD;
Test&#xD;
Player Test4 won trick with King of Hearts&#xD;
Test&#xD;
Test&#xD;
Test&#xD;
Player Test1 won trick with Six of Spades&#xD;
Test&#xD;
Test&#xD;
Test&#xD;
Player Test1 won trick with Queen of Clubs&#xD;
Test&#xD;
Test&#xD;
Test&#xD;
Player Test1 won trick with Two of Clubs&#xD;
Test&#xD;
Player Test2 won trick with Nine of Clubs&#xD;
Test&#xD;
Test&#xD;
Player Test3 won trick with Five of Spades&#xD;
Test&#xD;
Test&#xD;
Test&#xD;
Player Test1 won trick with Jack of Spades&#xD;
Test&#xD;
Test&#xD;
Player Test2 won trick with Queen of Hearts&#xD;
Test&#xD;
Test&#xD;
Test&#xD;
Player Test1 won trick with Seven of Diamonds&#xD;
Test&#xD;
Test&#xD;
Test&#xD;
Player Test1 won trick with Two of Clubs&#xD;
Test&#xD;
Player Test1 won trick with Queen of Spades&#xD;
Test&#xD;
Test&#xD;
Player Test3 won trick with Ace of Diamonds&#xD;
Test&#xD;
Test&#xD;
Player Test1 won trick with Queen of Clubs&#xD;
Test&#xD;
Test&#xD;
Player Test1 won trick with Queen of Clubs&#xD;
Test&#xD;
Player Test2 won trick with Ace of Spades&#xD;
Test&#xD;
Player Test2 won trick with Ace of Clubs&#xD;
Test&#xD;
Test&#xD;
Test&#xD;
Player Test1 won trick with Five of Spades&#xD;
Test&#xD;
Test&#xD;
Test&#xD;
Player Test1 won trick with Nine of Hearts&#xD;
Test&#xD;
Player Test3 won trick with Nine of Spades&#xD;
Test&#xD;
Test&#xD;
Test&#xD;
Player Test1 won trick with Ten of Diamonds&#xD;
Test&#xD;
Test&#xD;
Test&#xD;
Test&#xD;
Player Test1 won trick with Queen of Hearts&#xD;
Test&#xD;
Test&#xD;
Test&#xD;
Player Test1 won trick with Two of Clubs&#xD;
Test&#xD;
Test&#xD;
Test&#xD;
Player Test1 won trick with Queen of Diamonds&#xD;
Test&#xD;
Test&#xD;
Player Test4 won trick with King of Diamonds&#xD;
Test&#xD;
Test&#xD;
Test&#xD;
Player Test4 won trick with Eight of Hearts&#xD;
Test&#xD;
Test&#xD;
Player Test1 won trick with Ace of Diamonds&#xD;
Test&#xD;
Test&#xD;
Test&#xD;
Player Test1 won trick with Five of Diamonds&#xD;
Test&#xD;
Test&#xD;
Player Test4 won trick with Ace of Clubs&#xD;
Test&#xD;
Test&#xD;
Test&#xD;
Player Test1 won trick with Nine of Hearts&#xD;
Test&#xD;
Test&#xD;
Player Test3 won trick with Nine of Diamonds&#xD;
Test&#xD;
Test&#xD;
Test&#xD;
Player Test1 won trick with Two of Clubs&#xD;
Test&#xD;
Test&#xD;
Player Test1 won trick with Seven of Clubs&#xD;
Test&#xD;
Test&#xD;
Test&#xD;
Player Test1 won trick with Ten of Hearts&#xD;
Test&#xD;
Test&#xD;
Player Test3 won trick with Jack of Clubs&#xD;
Player Test3 won trick with Seven of Diamonds&#xD;
Test&#xD;
Player Test4 won trick with Ten of Clubs&#xD;
Test&#xD;
Test&#xD;
Player Test1 won trick with Five of Clubs&#xD;
Test&#xD;
Test&#xD;
Player Test1 won trick with Ace of Spades&#xD;
Test&#xD;
Test&#xD;
Player Test2 won trick with King of Spades&#xD;
Test&#xD;
Test&#xD;
Test&#xD;
Player Test1 won trick with Queen of Diamonds&#xD;
Test&#xD;
Test&#xD;
Player Test1 won trick with Seven of Diamonds&#xD;
Test&#xD;
Test&#xD;
Player Test1 won trick with Jack of Hearts&#xD;
Test&#xD;
Player Test1 won trick with Ace of Spades&#xD;
Test&#xD;
Test&#xD;
Player Test1 won trick with Nine of Spades&#xD;
Test&#xD;
Player Test4 won trick with Ten of Clubs&#xD;
Test&#xD;
Test&#xD;
Test&#xD;
Player Test4 won trick with Seven of Diamonds&#xD;
Test&#xD;
Test&#xD;
Test&#xD;
Player Test1 won trick with Two of Diamonds&#xD;
Test&#xD;
Test&#xD;
Player Test2 won trick with Jack of Clubs&#xD;
Test&#xD;
Test&#xD;
Player Test1 won trick with Queen of Spades&#xD;
Test&#xD;
Test&#xD;
Player Test2 won trick with Ace of Hearts&#xD;
Test&#xD;
Player Test3 won trick with Seven of Spades&#xD;
Test&#xD;
Test&#xD;
Test&#xD;
Player Test1 won trick with Queen of Spades&#xD;
Test&#xD;
Test&#xD;
Player Test1 won trick with Nine of Diamonds&#xD;
Test&#xD;
Test&#xD;
Player Test2 won trick with Jack of Hearts&#xD;
Test&#xD;
Test&#xD;
Test&#xD;
Player Test1 won trick with Five of Clubs&#xD;
Test&#xD;
Test&#xD;
Player Test1 won trick with Five of Spades&#xD;
Test&#xD;
Test&#xD;
Player Test1 won trick with Four of Clubs&#xD;
Test&#xD;
Test&#xD;
Test&#xD;
Test&#xD;
Player Test1 won trick with Two of Hearts&#xD;
Test&#xD;
Test&#xD;
Player Test1 won trick with King of Clubs&#xD;
Test&#xD;
Player Test1 won trick with Ace of Diamonds&#xD;
Player Test2 won trick with Queen of Diamonds&#xD;
Test&#xD;
Test&#xD;
Test&#xD;
Player Test1 won trick with Two of Spades&#xD;
Test&#xD;
Test&#xD;
Test&#xD;
Player Test1 won trick with Three of Spades&#xD;
Test&#xD;
Player Test2 won trick with Ace of Spades&#xD;
Test&#xD;
Test&#xD;
Test&#xD;
Test&#xD;
Player Test1 won trick with King of Hearts&#xD;
Test&#xD;
Test&#xD;
Player Test1 won trick with Four of Diamonds&#xD;
Test&#xD;
Test&#xD;
Test&#xD;
Test&#xD;
Player Test1 won trick with Two of Hearts&#xD;
Test&#xD;
Test&#xD;
Test&#xD;
Player Test1 won trick with Jack of Spades&#xD;
Test&#xD;
Test&#xD;
Test&#xD;
Player Test1 won trick with Four of Clubs&#xD;
Test&#xD;
Test&#xD;
Test&#xD;
Player Test1 won trick with Eight of Clubs&#xD;
Test&#xD;
Test&#xD;
Player Test4 won trick with King of Clubs&#xD;
Test&#xD;
Test&#xD;
Player Test3 won trick with Seven of Clubs&#xD;
Test&#xD;
Test&#xD;
Player Test1 won trick with Ace of Spades&#xD;
Test&#xD;
Test&#xD;
Test&#xD;
Test&#xD;
Player Test1 won trick with Four of Hearts&#xD;
Test&#xD;
Test&#xD;
Test&#xD;
Player Test1 won trick with Nine of Clubs&#xD;
Test&#xD;
Test&#xD;
Test&#xD;
Player Test4 won trick with Five of Hearts&#xD;
Test&#xD;
Test&#xD;
Test&#xD;
Player Test1 won trick with Eight of Diamonds&#xD;
Test&#xD;
Test&#xD;
Test&#xD;
Player Test1 won trick with Five of Clubs&#xD;
Test&#xD;
Test&#xD;
Test&#xD;
Test&#xD;
Player Test1 won trick with Ace of Hearts&#xD;
Test&#xD;
Test&#xD;
Test&#xD;
Test&#xD;
Player Test1 won trick with Ace of Hearts&#xD;
Test&#xD;
Test&#xD;
Test&#xD;
Test&#xD;
Player Test1 won trick with Four of Hearts&#xD;
Test&#xD;
Test&#xD;
Player Test2 won trick with Ace of Spades&#xD;
Test&#xD;
Test&#xD;
Test&#xD;
Player Test1 won trick with Eight of Hearts&#xD;
Test&#xD;
Test&#xD;
Test&#xD;
Player Test1 won trick with Ten of Hearts&#xD;
Test&#xD;
Test&#xD;
Test&#xD;
Player Test1 won trick with Jack of Spades&#xD;
Test&#xD;
Test&#xD;
Player Test3 won trick with Queen of Clubs&#xD;
Test&#xD;
Test&#xD;
Test&#xD;
Player Test1 won trick with Three of Diamonds&#xD;
Test&#xD;
Test&#xD;
Player Test1 won trick with Nine of Hearts&#xD;
Test&#xD;
Test&#xD;
Test&#xD;
Player Test1 won trick with Queen of Clubs&#xD;
Test&#xD;
Test&#xD;
Player Test4 won trick with King of Clubs&#xD;
Test&#xD;
Test&#xD;
Test&#xD;
Player Test1 won trick with King of Diamonds&#xD;
Test&#xD;
Test&#xD;
Test&#xD;
Player Test1 won trick with Three of Spades&#xD;
Test&#xD;
Player Test3 won trick with King of Diamonds&#xD;
Test&#xD;
Test&#xD;
Player Test1 won trick with King of Clubs&#xD;
Test&#xD;
Test&#xD;
Player Test1 won trick with Ace of Spades&#xD;
Test&#xD;
Test&#xD;
Player Test1 won trick with Queen of Clubs&#xD;
Test&#xD;
Test&#xD;
Test&#xD;
Test&#xD;
Player Test1 won trick with Three of Diamonds&#xD;
Test&#xD;
Test&#xD;
Player Test4 won trick with King of Spades&#xD;
Test&#xD;
Test&#xD;
Test&#xD;
Player Test1 won trick with Eight of Diamonds&#xD;
Test&#xD;
Test&#xD;
Test&#xD;
Player Test1 won trick with Four of Spades&#xD;
Test&#xD;
Test&#xD;
Player Test1 won trick with Eight of Diamonds&#xD;
Test&#xD;
Test&#xD;
Player Test4 won trick with King of Diamonds&#xD;
Test&#xD;
Test&#xD;
Test&#xD;
Player Test1 won trick with Ten of Spades&#xD;
Test&#xD;
Test&#xD;
Test&#xD;
Player Test1 won trick with Jack of Diamonds&#xD;
Test&#xD;
Test&#xD;
Test&#xD;
Test&#xD;
Player Test1 won trick with Six of Hearts&#xD;
Test&#xD;
Test&#xD;
Test&#xD;
Player Test1 won trick with Three of Clubs&#xD;
Test&#xD;
Test&#xD;
Test&#xD;
Player Test1 won trick with Six of Hearts&#xD;
Test&#xD;
Test&#xD;
Test&#xD;
Test&#xD;
Player Test1 won trick with Five of Hearts&#xD;
Test&#xD;
Test&#xD;
Test&#xD;
Player Test1 won trick with Queen of Diamonds&#xD;
Test&#xD;
Test&#xD;
Test&#xD;
Test&#xD;
Player Test1 won trick with Eight of Hearts&#xD;
Test&#xD;
Test&#xD;
Test&#xD;
Player Test1 won trick with Two of Clubs&#xD;
Test&#xD;
Test&#xD;
Test&#xD;
Player Test1 won trick with Four of Clubs&#xD;
Test&#xD;
Test&#xD;
Player Test1 won trick with King of Diamonds&#xD;
Test&#xD;
Test&#xD;
Test&#xD;
Player Test1 won trick with Jack of Clubs&#xD;
Test&#xD;
Test&#xD;
Test&#xD;
Test&#xD;
Player Test1 won trick with Three of Hearts&#xD;
Test&#xD;
Test&#xD;
Test&#xD;
Player Test1 won trick with Nine of Spades&#xD;
Test&#xD;
Test&#xD;
Test&#xD;
Player Test1 won trick with King of Diamonds&#xD;
Test&#xD;
Player Test1 won trick with Ten of Hearts&#xD;
Test&#xD;
Player Test1 won trick with Nine of Diamonds&#xD;
Test&#xD;
Player Test2 won trick with Eight of Diamonds&#xD;
Test&#xD;
Test&#xD;
Test&#xD;
Player Test1 won trick with Six of Diamonds&#xD;
Test&#xD;
Test&#xD;
Test&#xD;
Player Test1 won trick with King of Clubs&#xD;
Test&#xD;
Player Test2 won trick with King of Diamonds&#xD;
Test&#xD;
Test&#xD;
Test&#xD;
Player Test1 won trick with King of Spades&#xD;
Test&#xD;
Test&#xD;
Test&#xD;
Test&#xD;
Player Test1 won trick with Five of Hearts&#xD;
Test&#xD;
Test&#xD;
Test&#xD;
Player Test1 won trick with Six of Diamonds&#xD;
Test&#xD;
Test&#xD;
Test&#xD;
Player Test1 won trick with Two of Spades&#xD;
Test&#xD;
Test&#xD;
Test&#xD;
Test&#xD;
Player Test1 won trick with Jack of Hearts&#xD;
Test&#xD;
Test&#xD;
Player Test4 won trick with Nine of Clubs&#xD;
Test&#xD;
Test&#xD;
Player Test1 won trick with King of Clubs&#xD;
Test&#xD;
Test&#xD;
Player Test1 won trick with Ten of Diamonds&#xD;
Test&#xD;
Player Test1 won trick with Ace of Diamonds&#xD;
Test&#xD;
Test&#xD;
Player Test2 won trick with Queen of Diamonds&#xD;
Test&#xD;
Test&#xD;
Player Test1 won trick with Ace of Clubs&#xD;
Test&#xD;
Test&#xD;
Player Test1 won trick with Ten of Diamonds&#xD;
Test&#xD;
Test&#xD;
Test&#xD;
Test&#xD;
Player Test1 won trick with Jack of Hearts&#xD;
Test&#xD;
Test&#xD;
Player Test1 won trick with Eight of Diamonds&#xD;
Test&#xD;
Player Test1 won trick with Six of Spades&#xD;
Test&#xD;
Test&#xD;
Player Test1 won trick with Nine of Hearts&#xD;
Test&#xD;
Player Test1 won trick with Jack of Diamonds&#xD;
Test&#xD;
Test&#xD;
Test&#xD;
Player Test1 won trick with Four of Clubs&#xD;
Test&#xD;
Test&#xD;
Test&#xD;
Player Test1 won trick with Seven of Clubs&#xD;
Test&#xD;
Test&#xD;
Test&#xD;
Player Test4 won trick with Ace of Hearts&#xD;
Test&#xD;
Test&#xD;
Test&#xD;
Player Test1 won trick with Jack of Clubs&#xD;
Test&#xD;
Test&#xD;
Test&#xD;
Player Test1 won trick with Queen of Spades&#xD;
Test&#xD;
Test&#xD;
Test&#xD;
Player Test1 won trick with King of Spades&#xD;
Test&#xD;
Test&#xD;
Test&#xD;
Player Test1 won trick with King of Diamonds&#xD;
Test&#xD;
Test&#xD;
Test&#xD;
Player Test1 won trick with King of Diamonds&#xD;
Test&#xD;
Test&#xD;
Test&#xD;
Player Test1 won trick with Two of Spades&#xD;
Test&#xD;
Test&#xD;
Player Test1 won trick with Nine of Diamonds&#xD;
Test&#xD;
Test&#xD;
Test&#xD;
Player Test1 won trick with Ace of Hearts&#xD;
Test&#xD;
Test&#xD;
Test&#xD;
Player Test2 won trick with Nine of Hearts&#xD;
Test&#xD;
Test&#xD;
Player Test4 won trick with Ace of Hearts&#xD;
Test&#xD;
Test&#xD;
Player Test1 won trick with King of Diamonds&#xD;
Test&#xD;
Player Test1 won trick with Jack of Spades&#xD;
Test&#xD;
Test&#xD;
Player Test1 won trick with Jack of Clubs&#xD;
Test&#xD;
Test&#xD;
Test&#xD;
Player Test2 won trick with King of Hearts&#xD;
Test&#xD;
Test&#xD;
Test&#xD;
Player Test1 won trick with Nine of Spades&#xD;
Test&#xD;
Test&#xD;
Test&#xD;
Player Test1 won trick with Ten of Diamonds&#xD;
Test&#xD;
Test&#xD;
Player Test2 won trick with Ace of Diamonds&#xD;
Test&#xD;
Test&#xD;
Player Test1 won trick with Jack of Spades&#xD;
Test&#xD;
Test&#xD;
Player Test1 won trick with Queen of Clubs&#xD;
Test&#xD;
Test&#xD;
Player Test1 won trick with Eight of Clubs&#xD;
Test&#xD;
Test&#xD;
Test&#xD;
Player Test1 won trick with Queen of Clubs&#xD;
Test&#xD;
Test&#xD;
Player Test4 won trick with King of Diamonds&#xD;
Test&#xD;
Test&#xD;
Test&#xD;
Player Test1 won trick with Queen of Hearts&#xD;
Test&#xD;
Test&#xD;
Test&#xD;
Player Test1 won trick with Six of Spades&#xD;
Player Test3 won trick with Jack of Diamonds&#xD;
Test&#xD;
Test&#xD;
Test&#xD;
Player Test1 won trick with King of Diamonds&#xD;
Test&#xD;
Test&#xD;
Test&#xD;
Player Test1 won trick with Two of Clubs&#xD;
Test&#xD;
Test&#xD;
Test&#xD;
Player Test1 won trick with Four of Diamonds&#xD;
Test&#xD;
Test&#xD;
Test&#xD;
Test&#xD;
Player Test1 won trick with Ten of Hearts&#xD;
Test&#xD;
Test&#xD;
Player Test3 won trick with Ten of Spades&#xD;
Test&#xD;
Test&#xD;
Test&#xD;
Player Test4 won trick with King of Hearts&#xD;
Test&#xD;
Test&#xD;
Test&#xD;
Player Test1 won trick with Eight of Spades&#xD;
Test&#xD;
Test&#xD;
Test&#xD;
Player Test3 won trick with King of Hearts&#xD;
Test&#xD;
Test&#xD;
Player Test4 won trick with Seven of Hearts&#xD;
Test&#xD;
Test&#xD;
Player Test1 won trick with Jack of Clubs&#xD;
Test&#xD;
Test&#xD;
Test&#xD;
Test&#xD;
Player Test1 won trick with Jack of Hearts&#xD;
Test&#xD;
Test&#xD;
Test&#xD;
Test&#xD;
Player Test1 won trick with King of Hearts&#xD;
Test&#xD;
Test&#xD;
Player Test3 won trick with Nine of Spades&#xD;
Test&#xD;
Test&#xD;
Test&#xD;
Player Test1 won trick with Jack of Hearts&#xD;
Test&#xD;
Test&#xD;
Test&#xD;
Player Test2 won trick with Seven of Hearts&#xD;
Test&#xD;
Test&#xD;
Player Test2 won trick with Queen of Hearts&#xD;
Test&#xD;
Test&#xD;
Player Test1 won trick with Nine of Clubs&#xD;
Test&#xD;
Test&#xD;
Player Test3 won trick with Queen of Spades&#xD;
Test&#xD;
Test&#xD;
Test&#xD;
Player Test1 won trick with Eight of Clubs&#xD;
Test&#xD;
Test&#xD;
Player Test1 won trick with Queen of Clubs&#xD;
Test&#xD;
Test&#xD;
Test&#xD;
Player Test1 won trick with Eight of Spades&#xD;
Test&#xD;
Test&#xD;
Test&#xD;
Player Test1 won trick with Queen of Clubs&#xD;
Test&#xD;
Test&#xD;
Player Test4 won trick with Ten of Clubs&#xD;
Test&#xD;
Test&#xD;
Player Test2 won trick with Four of Diamonds&#xD;
Test&#xD;
Test&#xD;
Player Test2 won trick with Jack of Hearts&#xD;
Test&#xD;
Test&#xD;
Player Test1 won trick with Eight of Clubs&#xD;
Test&#xD;
Player Test3 won trick with King of Diamonds&#xD;
Test&#xD;
Player Test3 won trick with King of Clubs&#xD;
Test&#xD;
Test&#xD;
Test&#xD;
Player Test1 won trick with Jack of Clubs&#xD;
Test&#xD;
Test&#xD;
Player Test4 won trick with Ace of Spades&#xD;
Test&#xD;
Test&#xD;
Test&#xD;
Test&#xD;
Player Test1 won trick with Eight of Spades&#xD;
Test&#xD;
Test&#xD;
Test&#xD;
Test&#xD;
Player Test1 won trick with Four of Hearts&#xD;
Test&#xD;
Test&#xD;
Player Test2 won trick with Jack of Clubs&#xD;
Test&#xD;
Player Test4 won trick with Ten of Spades&#xD;
Test&#xD;
Test&#xD;
Player Test4 won trick with King of Spades&#xD;
Test&#xD;
Test&#xD;
Test&#xD;
Player Test1 won trick with Nine of Clubs&#xD;
Test&#xD;
Test&#xD;
Test&#xD;
Player Test1 won trick with Eight of Diamonds&#xD;
Test&#xD;
Test&#xD;
Test&#xD;
Player Test1 won trick with Nine of Spades&#xD;
Test&#xD;
Test&#xD;
Player Test2 won trick with King of Diamonds&#xD;
Test&#xD;
Test&#xD;
Player Test2 won trick with Nine of Clubs&#xD;
Test&#xD;
Player Test1 won trick with Ten of Diamonds&#xD;
Test&#xD;
Test&#xD;
Player Test1 won trick with Ace of Diamonds&#xD;
Test&#xD;
Test&#xD;
Player Test1 won trick with Ten of Diamonds&#xD;
Test&#xD;
Test&#xD;
Player Test3 won trick with King of Diamonds&#xD;
Test&#xD;
Test&#xD;
Player Test1 won trick with Seven of Diamonds&#xD;
Test&#xD;
Test&#xD;
Test&#xD;
Player Test1 won trick with Nine of Clubs&#xD;
Test&#xD;
Test&#xD;
Player Test3 won trick with Six of Clubs&#xD;
Test&#xD;
Test&#xD;
Player Test1 won trick with Ten of Diamonds&#xD;
Test&#xD;
Test&#xD;
Test&#xD;
Test&#xD;
Player Test1 won trick with King of Hearts&#xD;
Test&#xD;
Test&#xD;
Player Test1 won trick with Seven of Diamonds&#xD;
Test&#xD;
Player Test4 won trick with King of Clubs&#xD;
Test&#xD;
Test&#xD;
Player Test1 won trick with Queen of Diamonds&#xD;
Test&#xD;
Test&#xD;
Test&#xD;
Player Test1 won trick with Jack of Clubs&#xD;
Test&#xD;
Test&#xD;
Player Test3 won trick with King of Spades&#xD;
Test&#xD;
Test&#xD;
Player Test2 won trick with Nine of Hearts&#xD;
Test&#xD;
Test&#xD;
Test&#xD;
Test&#xD;
Player Test1 won trick with Seven of Hearts&#xD;
Test&#xD;
Test&#xD;
Test&#xD;
Test&#xD;
Player Test1 won trick with Queen of Hearts&#xD;
Test&#xD;
Test&#xD;
Test&#xD;
Player Test1 won trick with Ace of Hearts&#xD;
Test&#xD;
Test&#xD;
Player Test1 won trick with King of Clubs&#xD;
Test&#xD;
Test&#xD;
Player Test1 won trick with Jack of Diamonds&#xD;
Test&#xD;
Test&#xD;
Test&#xD;
Player Test1 won trick with Six of Spades&#xD;
Test&#xD;
Test&#xD;
Test&#xD;
Player Test1 won trick with Ten of Diamonds&#xD;
Test&#xD;
Test&#xD;
Player Test1 won trick with Nine of Diamonds&#xD;
Test&#xD;
Test&#xD;
Test&#xD;
Test&#xD;
Player Test1 won trick with Three of Hearts&#xD;
Test&#xD;
Player Test1 won trick with Nine of Diamonds&#xD;
Test&#xD;
Test&#xD;
Test&#xD;
Player Test1 won trick with Five of Clubs&#xD;
Test&#xD;
Test&#xD;
Player Test2 won trick with Jack of Clubs&#xD;
Test&#xD;
Test&#xD;
Test&#xD;
Player Test1 won trick with Queen of Diamonds&#xD;
Test&#xD;
Player Test4 won trick with Jack of Diamonds&#xD;
Test&#xD;
Test&#xD;
Player Test4 won trick with Ten of Clubs&#xD;
Test&#xD;
Test&#xD;
Test&#xD;
Player Test1 won trick with Jack of Hearts&#xD;
Test&#xD;
Test&#xD;
Player Test1 won trick with Ace of Diamonds&#xD;
Test&#xD;
Test&#xD;
Player Test1 won trick with Ace of Clubs&#xD;
Test&#xD;
Test&#xD;
Player Test1 won trick with Six of Clubs&#xD;
Test&#xD;
Test&#xD;
Test&#xD;
Player Test1 won trick with Seven of Spades&#xD;
Test&#xD;
Test&#xD;
Player Test2 won trick with Jack of Spades&#xD;
Test&#xD;
Test&#xD;
Player Test2 won trick with Ace of Hearts&#xD;
Test&#xD;
Test&#xD;
Test&#xD;
Player Test1 won trick with Ten of Clubs&#xD;
Test&#xD;
Test&#xD;
Test&#xD;
Player Test3 won trick with Nine of Hearts&#xD;
Test&#xD;
Test&#xD;
Test&#xD;
Player Test1 won trick with Queen of Spades&#xD;
Test&#xD;
Test&#xD;
Test&#xD;
Test&#xD;
Player Test1 won trick with Jack of Spades&#xD;
Test&#xD;
Test&#xD;
Test&#xD;
Player Test1 won trick with Nine of Hearts&#xD;
Test&#xD;
Player Test1 won trick with Nine of Diamonds&#xD;
Test&#xD;
Test&#xD;
Player Test2 won trick with Ace of Spades&#xD;
Test&#xD;
Test&#xD;
Player Test1 won trick with Six of Spades&#xD;
Test&#xD;
Test&#xD;
Player Test4 won trick with Ace of Clubs&#xD;
Test&#xD;
Test&#xD;
Player Test2 won trick with Ace of Diamonds&#xD;
Test&#xD;
Test&#xD;
Player Test4 won trick with Three of Clubs&#xD;
Test&#xD;
Test&#xD;
Test&#xD;
Player Test1 won trick with Six of Clubs&#xD;
Test&#xD;
Test&#xD;
Test&#xD;
Player Test1 won trick with King of Clubs&#xD;
Test&#xD;
Test&#xD;
Test&#xD;
Player Test1 won trick with Ace of Diamonds&#xD;
Test&#xD;
Test&#xD;
Player Test1 won trick with Six of Diamonds&#xD;
Test&#xD;
Test&#xD;
Player Test1 won trick with Five of Clubs&#xD;
Test&#xD;
Test&#xD;
Player Test1 won trick with Jack of Hearts&#xD;
Test&#xD;
Test&#xD;
Test&#xD;
Player Test1 won trick with King of Hearts&#xD;
Test&#xD;
Player Test3 won trick with Ten of Clubs&#xD;
Test&#xD;
Test&#xD;
Test&#xD;
Test&#xD;
Player Test1 won trick with Seven of Spades&#xD;
Test&#xD;
Test&#xD;
Player Test2 won trick with Five of Spades&#xD;
Test&#xD;
Test&#xD;
Test&#xD;
Player Test1 won trick with Nine of Spades&#xD;
Test&#xD;
Test&#xD;
Test&#xD;
Player Test1 won trick with Ten of Hearts&#xD;
Test&#xD;
Test&#xD;
Test&#xD;
Player Test2 won trick with Six of Clubs&#xD;
Test&#xD;
Test&#xD;
Test&#xD;
Test&#xD;
Player Test1 won trick with Eight of Hearts&#xD;
Test&#xD;
Player Test1 won trick with Ace of Spades&#xD;
Test&#xD;
Test&#xD;
Test&#xD;
Player Test1 won trick with Eight of Spades&#xD;
Test&#xD;
Test&#xD;
Player Test1 won trick with Ace of Hearts&#xD;
Test&#xD;
Test&#xD;
Test&#xD;
Test&#xD;
Player Test1 won trick with Eight of Hearts&#xD;
Test&#xD;
Test&#xD;
Player Test3 won trick with Seven of Clubs&#xD;
Test&#xD;
Test&#xD;
Test&#xD;
Player Test1 won trick with Queen of Spades&#xD;
Test&#xD;
Test&#xD;
Test&#xD;
Player Test1 won trick with Ace of Hearts&#xD;
Test&#xD;
Test&#xD;
Test&#xD;
Player Test1 won trick with Ace of Diamonds&#xD;
Test&#xD;
Test&#xD;
Player Test2 won trick with Jack of Hearts&#xD;
Test&#xD;
Test&#xD;
Player Test1 won trick with King of Hearts&#xD;
Test&#xD;
Test&#xD;
Test&#xD;
Player Test1 won trick with Six of Spades&#xD;
Test&#xD;
Test&#xD;
Test&#xD;
Player Test1 won trick with Six of Hearts&#xD;
Test&#xD;
Player Test1 won trick with Jack of Spades&#xD;
Test&#xD;
Test&#xD;
Test&#xD;
Player Test1 won trick with Three of Spades&#xD;
Test&#xD;
Test&#xD;
Player Test1 won trick with Seven of Clubs&#xD;
Test&#xD;
Test&#xD;
Test&#xD;
Test&#xD;
Player Test1 won trick with Eight of Clubs&#xD;
Test&#xD;
Test&#xD;
Player Test1 won trick with Jack of Diamonds&#xD;
Test&#xD;
Test&#xD;
Test&#xD;
Player Test1 won trick with Five of Diamonds&#xD;
Test&#xD;
Test&#xD;
Player Test1 won trick with Jack of Spades&#xD;
Test&#xD;
Test&#xD;
Player Test4 won trick with Five of Clubs&#xD;
Test&#xD;
Test&#xD;
Test&#xD;
Test&#xD;
Player Test1 won trick with Queen of Hearts&#xD;
Test&#xD;
Test&#xD;
Player Test4 won trick with Ten of Clubs&#xD;
Test&#xD;
Test&#xD;
Test&#xD;
Player Test1 won trick with Two of Clubs&#xD;
Test&#xD;
Test&#xD;
Test&#xD;
Player Test1 won trick with Ace of Hearts&#xD;
Test&#xD;
Test&#xD;
Test&#xD;
Test&#xD;
Player Test1 won trick with Seven of Diamonds&#xD;
Test&#xD;
Test&#xD;
Player Test3 won trick with Jack of Hearts&#xD;
Test&#xD;
Test&#xD;
Test&#xD;
Player Test1 won trick with Six of Clubs&#xD;
Test&#xD;
Test&#xD;
Test&#xD;
Player Test1 won trick with Eight of Diamonds&#xD;
Test&#xD;
Test&#xD;
Test&#xD;
Player Test1 won trick with Three of Clubs&#xD;
Test&#xD;
Test&#xD;
Test&#xD;
Player Test1 won trick with King of Spades&#xD;
Test&#xD;
Test&#xD;
Test&#xD;
Test&#xD;
Player Test1 won trick with Ace of Diamonds&#xD;
Test&#xD;
Test&#xD;
Test&#xD;
Test&#xD;
Player Test1 won trick with Five of Hearts&#xD;
Test&#xD;
Test&#xD;
Test&#xD;
Player Test1 won trick with Five of Clubs&#xD;
Test&#xD;
Test&#xD;
Test&#xD;
Test&#xD;
Player Test1 won trick with Eight of Spades&#xD;
Test&#xD;
Test&#xD;
Player Test1 won trick with Four of Clubs&#xD;
Test&#xD;
Test&#xD;
Test&#xD;
Player Test1 won trick with Five of Spades&#xD;
Test&#xD;
Test&#xD;
Player Test2 won trick with Nine of Spades&#xD;
Test&#xD;
Test&#xD;
Test&#xD;
Player Test4 won trick with Six of Spades&#xD;
Test&#xD;
Test&#xD;
Test&#xD;
Player Test1 won trick with Seven of Spades&#xD;
Test&#xD;
Player Test4 won trick with Ace of Spades&#xD;
Test&#xD;
Test&#xD;
Test&#xD;
Player Test4 won trick with Queen of Hearts&#xD;
Test&#xD;
Test&#xD;
Player Test2 won trick with Ten of Diamonds&#xD;
Test&#xD;
Test&#xD;
Test&#xD;
Player Test1 won trick with Ace of Spades&#xD;
Test&#xD;
Player Test3 won trick with Ten of Diamonds&#xD;
Test&#xD;
Test&#xD;
Player Test1 won trick with King of Clubs&#xD;
Test&#xD;
Test&#xD;
Player Test4 won trick with Seven of Diamonds&#xD;
Test&#xD;
Test&#xD;
Player Test2 won trick with Six of Clubs&#xD;
Test&#xD;
Test&#xD;
Player Test4 won trick with Ten of Diamonds&#xD;
Test&#xD;
Test&#xD;
Test&#xD;
Player Test1 won trick with King of Hearts&#xD;
Test&#xD;
Test&#xD;
Test&#xD;
Test&#xD;
Player Test1 won trick with Seven of Hearts&#xD;
Test&#xD;
Test&#xD;
Test&#xD;
Test&#xD;
Player Test1 won trick with Seven of Hearts&#xD;
Test&#xD;
Test&#xD;
Test&#xD;
Player Test1 won trick with Nine of Clubs&#xD;
Test&#xD;
Test&#xD;
Test&#xD;
Player Test1 won trick with Three of Clubs&#xD;
Test&#xD;
Test&#xD;
Player Test1 won trick with Ace of Spades&#xD;
Test&#xD;
Test&#xD;
Test&#xD;
Player Test3 won trick with Ace of Hearts&#xD;
Test&#xD;
Test&#xD;
Test&#xD;
Player Test1 won trick with Queen of Spades&#xD;
Test&#xD;
Test&#xD;
Player Test1 won trick with Seven of Clubs&#xD;
Test&#xD;
Test&#xD;
Player Test2 won trick with Ace of Diamonds&#xD;
Test&#xD;
Test&#xD;
Test&#xD;
Test&#xD;
Player Test1 won trick with Jack of Hearts&#xD;
Test&#xD;
Player Test2 won trick with Ace of Spades&#xD;
Test&#xD;
Test&#xD;
Test&#xD;
Player Test1 won trick with Two of Diamonds&#xD;
Test&#xD;
Player Test1 won trick with Nine of Diamonds&#xD;
Test&#xD;
Test&#xD;
Player Test1 won trick with Queen of Hearts&#xD;
Test&#xD;
Player Test1 won trick with Jack of Spades&#xD;
Test&#xD;
Test&#xD;
Test&#xD;
Test&#xD;
Player Test1 won trick with Two of Hearts&#xD;
Test&#xD;
Test&#xD;
Player Test1 won trick with Ace of Spades&#xD;
Test&#xD;
Test&#xD;
Player Test1 won trick with Ace of Clubs&#xD;
Test&#xD;
Test&#xD;
Player Test1 won trick with King of Spades&#xD;
Test&#xD;
Player Test1 won trick with Ace of Spades&#xD;
Test&#xD;
Test&#xD;
Test&#xD;
Player Test1 won trick with Three of Spades&#xD;
Test&#xD;
Test&#xD;
Test&#xD;
Player Test4 won trick with King of Hearts&#xD;
Test&#xD;
Test&#xD;
Player Test3 won trick with Ten of Diamonds&#xD;
Test&#xD;
Test&#xD;
Test&#xD;
Player Test1 won trick with King of Clubs&#xD;
Test&#xD;
Test&#xD;
Test&#xD;
Player Test1 won trick with Three of Clubs&#xD;
Test&#xD;
Test&#xD;
Test&#xD;
Player Test1 won trick with Jack of Hearts&#xD;
Test&#xD;
Test&#xD;
Test&#xD;
Player Test1 won trick with Ace of Diamonds&#xD;
Test&#xD;
Test&#xD;
Test&#xD;
Player Test1 won trick with Queen of Spades&#xD;
Test&#xD;
Test&#xD;
Test&#xD;
Player Test1 won trick with Two of Clubs&#xD;
Test&#xD;
Test&#xD;
Test&#xD;
Player Test1 won trick with Nine of Clubs&#xD;
Test&#xD;
Test&#xD;
Test&#xD;
Player Test1 won trick with Six of Spades&#xD;
Test&#xD;
Test&#xD;
Player Test1 won trick with Queen of Spades&#xD;
Test&#xD;
Test&#xD;
Test&#xD;
Player Test1 won trick with Ace of Diamonds&#xD;
Test&#xD;
Test&#xD;
Test&#xD;
Test&#xD;
Player Test1 won trick with Jack of Hearts&#xD;
Test&#xD;
Test&#xD;
Test&#xD;
Test&#xD;
Player Test1 won trick with Six of Hearts&#xD;
Test&#xD;
Test&#xD;
Player Test3 won trick with Ace of Spades&#xD;
Test&#xD;
Test&#xD;
Test&#xD;
Player Test1 won trick with Eight of Clubs&#xD;
Test&#xD;
Test&#xD;
Test&#xD;
Player Test1 won trick with Four of Clubs&#xD;
Test&#xD;
Test&#xD;
Test&#xD;
Test&#xD;
Player Test1 won trick with Eight of Hearts&#xD;
Test&#xD;
Test&#xD;
Player Test1 won trick with King of Spades&#xD;
Test&#xD;
Test&#xD;
Test&#xD;
Player Test1 won trick with Queen of Hearts&#xD;
Test&#xD;
Test&#xD;
Player Test1 won trick with Seven of Diamonds&#xD;
Test&#xD;
Test&#xD;
Test&#xD;
Player Test1 won trick with Eight of Spades&#xD;
Test&#xD;
Test&#xD;
Test&#xD;
Test&#xD;
Player Test1 won trick with Eight of Hearts&#xD;
Test&#xD;
Test&#xD;
Test&#xD;
Test&#xD;
Player Test1 won trick with Queen of Diamonds&#xD;
Test&#xD;
Test&#xD;
Test&#xD;
Player Test1 won trick with Eight of Hearts&#xD;
Test&#xD;
Test&#xD;
Test&#xD;
Player Test1 won trick with Four of Spades&#xD;
Test&#xD;
Test&#xD;
Test&#xD;
Player Test4 won trick with King of Hearts&#xD;
Test&#xD;
Test&#xD;
Test&#xD;
Player Test4 won trick with Eight of Hearts&#xD;
Test&#xD;
Test&#xD;
Player Test2 won trick with Ten of Clubs&#xD;
Test&#xD;
Test&#xD;
Test&#xD;
Test&#xD;
Player Test1 won trick with Four of Hearts&#xD;
Test&#xD;
Test&#xD;
Test&#xD;
Player Test1 won trick with Two of Diamonds&#xD;
Test&#xD;
Test&#xD;
Test&#xD;
Player Test1 won trick with Jack of Spades&#xD;
Test&#xD;
Player Test1 won trick with Queen of Diamonds&#xD;
Test&#xD;
Test&#xD;
Player Test1 won trick with Six of Spades&#xD;
Test&#xD;
Test&#xD;
Player Test1 won trick with Nine of Clubs&#xD;
Test&#xD;
Test&#xD;
Test&#xD;
Player Test1 won trick with Seven of Diamonds&#xD;
Test&#xD;
Test&#xD;
Player Test2 won trick with Seven of Clubs&#xD;
Test&#xD;
Player Test2 won trick with Jack of Spades&#xD;
Test&#xD;
Player Test3 won trick with Ace of Clubs&#xD;
Test&#xD;
Player Test3 won trick with Queen of Spades&#xD;
Test&#xD;
Test&#xD;
Player Test1 won trick with Ace of Diamonds&#xD;
Test&#xD;
Test&#xD;
Test&#xD;
Player Test1 won trick with Ace of Spades&#xD;
Test&#xD;
Test&#xD;
Test&#xD;
Test&#xD;
Player Test1 won trick with Four of Hearts&#xD;
Test&#xD;
Player Test2 won trick with King of Clubs&#xD;
Test&#xD;
Test&#xD;
Test&#xD;
Player Test1 won trick with Six of Diamonds&#xD;
Test&#xD;
Test&#xD;
Player Test1 won trick with Ace of Clubs&#xD;
Test&#xD;
Test&#xD;
Test&#xD;
Player Test1 won trick with Seven of Spades&#xD;
Test&#xD;
Test&#xD;
Test&#xD;
Player Test1 won trick with Eight of Diamonds&#xD;
Test&#xD;
Test&#xD;
Player Test1 won trick with Jack of Diamonds&#xD;
Test&#xD;
Test&#xD;
Player Test1 won trick with Nine of Spades&#xD;
Test&#xD;
Test&#xD;
Test&#xD;
Player Test3 won trick with Nine of Hearts&#xD;
Test&#xD;
Test&#xD;
Test&#xD;
Player Test1 won trick with Ten of Clubs&#xD;
Test&#xD;
Test&#xD;
Test&#xD;
Test&#xD;
Player Test1 won trick with Five of Diamonds&#xD;
Test&#xD;
Test&#xD;
Test&#xD;
Player Test1 won trick with Queen of Diamonds&#xD;
Test&#xD;
Test&#xD;
Player Test2 won trick with Ten of Spades&#xD;
Test&#xD;
Test&#xD;
Test&#xD;
Player Test1 won trick with Jack of Hearts&#xD;
Test&#xD;
Test&#xD;
Test&#xD;
Test&#xD;
Player Test1 won trick with Three of Hearts&#xD;
Test&#xD;
Test&#xD;
Test&#xD;
Player Test1 won trick with Six of Clubs&#xD;
Test&#xD;
Player Test4 won trick with Nine of Clubs&#xD;
Test&#xD;
Player Test1 won trick with Queen of Clubs&#xD;
Test&#xD;
Player Test1 won trick with King of Clubs&#xD;
Test&#xD;
Test&#xD;
Player Test1 won trick with King of Spades&#xD;
Test&#xD;
Test&#xD;
Player Test1 won trick with Nine of Spades&#xD;
Test&#xD;
Test&#xD;
Player Test3 won trick with Ace of Spades&#xD;
Test&#xD;
Test&#xD;
Test&#xD;
Player Test1 won trick with King of Diamonds&#xD;
Test&#xD;
Test&#xD;
Player Test1 won trick with Nine of Spades&#xD;
Test&#xD;
Test&#xD;
Player Test1 won trick with King of Spades&#xD;
Test&#xD;
Test&#xD;
Test&#xD;
Player Test1 won trick with Jack of Clubs&#xD;
Test&#xD;
Test&#xD;
Player Test1 won trick with Six of Clubs&#xD;
Test&#xD;
Test&#xD;
Test&#xD;
Test&#xD;
Player Test1 won trick with Seven of Hearts&#xD;
Test&#xD;
Test&#xD;
Test&#xD;
Player Test1 won trick with Two of Clubs&#xD;
Test&#xD;
Test&#xD;
Player Test1 won trick with Queen of Hearts&#xD;
Test&#xD;
Test&#xD;
Test&#xD;
Player Test1 won trick with Three of Clubs&#xD;
Test&#xD;
Test&#xD;
Player Test2 won trick with Five of Clubs&#xD;
Test&#xD;
Test&#xD;
Test&#xD;
Player Test1 won trick with Four of Diamonds&#xD;
Test&#xD;
Test&#xD;
Player Test4 won trick with King of Clubs&#xD;
Test&#xD;
Test&#xD;
Test&#xD;
Player Test1 won trick with Two of Clubs&#xD;
Test&#xD;
Test&#xD;
Test&#xD;
Player Test1 won trick with Three of Clubs&#xD;
Test&#xD;
Test&#xD;
Test&#xD;
Player Test1 won trick with King of Hearts&#xD;
Test&#xD;
Test&#xD;
Test&#xD;
Player Test1 won trick with Eight of Spades&#xD;
Test&#xD;
Test&#xD;
Test&#xD;
Test&#xD;
Player Test1 won trick with Six of Hearts&#xD;
Test&#xD;
Test&#xD;
Test&#xD;
Player Test1 won trick with Jack of Diamonds&#xD;
Player Test3 won trick with Queen of Spades&#xD;
Test&#xD;
Test&#xD;
Player Test2 won trick with Three of Clubs&#xD;
Test&#xD;
Test&#xD;
Test&#xD;
Player Test1 won trick with Six of Spades&#xD;
Test&#xD;
Test&#xD;
Test&#xD;
Player Test1 won trick with King of Diamonds&#xD;
Test&#xD;
Test&#xD;
Test&#xD;
Player Test1 won trick with Three of Spades&#xD;
Test&#xD;
Test&#xD;
Test&#xD;
Player Test1 won trick with Eight of Spades&#xD;
Test&#xD;
Test&#xD;
Test&#xD;
Player Test1 won trick with Ace of Spades&#xD;
Player Test4 won trick with Ace of Clubs&#xD;
Test&#xD;
Test&#xD;
Player Test2 won trick with Nine of Spades&#xD;
Test&#xD;
Player Test2 won trick with Ace of Spades&#xD;
Test&#xD;
Player Test4 won trick with Seven of Clubs&#xD;
Test&#xD;
Test&#xD;
Test&#xD;
Test&#xD;
Player Test1 won trick with Ten of Hearts&#xD;
Test&#xD;
Test&#xD;
Test&#xD;
Player Test1 won trick with Nine of Clubs&#xD;
Test&#xD;
Test&#xD;
Test&#xD;
Test&#xD;
Player Test1 won trick with Ten of Diamonds&#xD;
Test&#xD;
Test&#xD;
Test&#xD;
Player Test1 won trick with Ten of Spades&#xD;
Test&#xD;
Test&#xD;
Player Test3 won trick with Jack of Clubs&#xD;
Test&#xD;
Test&#xD;
Test&#xD;
Player Test1 won trick with King of Spades&#xD;
Test&#xD;
Test&#xD;
Player Test4 won trick with Six of Spades&#xD;
Test&#xD;
Test&#xD;
Test&#xD;
Player Test1 won trick with Six of Diamonds&#xD;
Test&#xD;
Test&#xD;
Player Test1 won trick with Ten of Clubs&#xD;
Test&#xD;
Test&#xD;
Player Test1 won trick with Seven of Diamonds&#xD;
Test&#xD;
Test&#xD;
Player Test3 won trick with Queen of Hearts&#xD;
Test&#xD;
Test&#xD;
Player Test2 won trick with Ten of Diamonds&#xD;
Test&#xD;
Test&#xD;
Test&#xD;
Player Test1 won trick with Eight of Clubs&#xD;
Test&#xD;
Player Test1 won trick with King of Clubs&#xD;
Test&#xD;
Test&#xD;
Test&#xD;
Test&#xD;
Player Test1 won trick with Nine of Hearts&#xD;
Test&#xD;
Test&#xD;
Player Test3 won trick with King of Diamonds&#xD;
Test&#xD;
Player Test2 won trick with Eight of Spades&#xD;
Test&#xD;
Test&#xD;
Player Test2 won trick with Seven of Hearts&#xD;
Test&#xD;
Test&#xD;
Player Test4 won trick with Eight of Spades&#xD;
Test&#xD;
Test&#xD;
Player Test1 won trick with Ten of Diamonds&#xD;
Test&#xD;
Test&#xD;
Test&#xD;
Player Test1 won trick with Ace of Clubs&#xD;
Test&#xD;
Test&#xD;
Player Test1 won trick with Eight of Clubs&#xD;
Test&#xD;
Player Test3 won trick with King of Spades&#xD;
Test&#xD;
Player Test4 won trick with Jack of Diamonds&#xD;
Test&#xD;
Test&#xD;
Test&#xD;
Player Test1 won trick with Jack of Clubs&#xD;
Player Test1 won trick with Jack of Clubs&#xD;
Test&#xD;
Test&#xD;
Player Test1 won trick with Seven of Spades&#xD;
Test&#xD;
Player Test4 won trick with Jack of Spades&#xD;
Test&#xD;
Test&#xD;
Test&#xD;
Player Test1 won trick with Ten of Diamonds&#xD;
Test&#xD;
Test&#xD;
Test&#xD;
Player Test1 won trick with Seven of Spades&#xD;
Test&#xD;
Test&#xD;
Test&#xD;
Player Test1 won trick with Seven of Spades&#xD;
Test&#xD;
Test&#xD;
Test&#xD;
Test&#xD;
Player Test1 won trick with King of Hearts&#xD;
Test&#xD;
Player Test4 won trick with King of Diamonds&#xD;
Test&#xD;
Test&#xD;
Player Test1 won trick with Ace of Diamonds&#xD;
Test&#xD;
Test&#xD;
Player Test2 won trick with Queen of Hearts&#xD;
Test&#xD;
Test&#xD;
Test&#xD;
Player Test1 won trick with Queen of Hearts&#xD;
Test&#xD;
Test&#xD;
Test&#xD;
Player Test2 won trick with King of Hearts&#xD;
Test&#xD;
Test&#xD;
Test&#xD;
Player Test1 won trick with Four of Spades&#xD;
Test&#xD;
Test&#xD;
Test&#xD;
Player Test1 won trick with Queen of Spades&#xD;
Test&#xD;
Test&#xD;
Player Test4 won trick with Jack of Clubs&#xD;
Test&#xD;
Test&#xD;
Test&#xD;
Test&#xD;
Player Test1 won trick with Three of Hearts&#xD;
Test&#xD;
Test&#xD;
Player Test4 won trick with Ace of Diamonds&#xD;
Test&#xD;
Test&#xD;
Test&#xD;
Player Test1 won trick with Three of Spades&#xD;
Test&#xD;
Test&#xD;
Player Test3 won trick with Queen of Clubs&#xD;
Test&#xD;
Test&#xD;
Test&#xD;
Test&#xD;
Player Test1 won trick with Ace of Hearts&#xD;
Test&#xD;
Test&#xD;
Player Test1 won trick with King of Diamonds&#xD;
Test&#xD;
Test&#xD;
Test&#xD;
Player Test1 won trick with Five of Diamonds&#xD;
Test&#xD;
Test&#xD;
Test&#xD;
Player Test1 won trick with Seven of Clubs&#xD;
Test&#xD;
Test&#xD;
Player Test1 won trick with Eight of Diamonds&#xD;
Test&#xD;
Test&#xD;
Test&#xD;
Test&#xD;
Player Test1 won trick with Four of Hearts&#xD;
Test&#xD;
Test&#xD;
Player Test3 won trick with Queen of Diamonds&#xD;
Test&#xD;
Test&#xD;
Test&#xD;
Player Test3 won trick with Eight of Spades&#xD;
Test&#xD;
Test&#xD;
Test&#xD;
Test&#xD;
Player Test1 won trick with Six of Clubs&#xD;
Test&#xD;
Test&#xD;
Test&#xD;
Player Test1 won trick with King of Spades&#xD;
Test&#xD;
Player Test4 won trick with Queen of Diamonds&#xD;
Test&#xD;
Test&#xD;
Player Test4 won trick with Ten of Diamonds&#xD;
Test&#xD;
Test&#xD;
Player Test2 won trick with Ten of Clubs&#xD;
Test&#xD;
Test&#xD;
Player Test3 won trick with King of Clubs&#xD;
Test&#xD;
Test&#xD;
Test&#xD;
Player Test1 won trick with Three of Clubs&#xD;
Test&#xD;
Test&#xD;
Test&#xD;
Player Test1 won trick with Six of Hearts&#xD;
Test&#xD;
Test&#xD;
Player Test1 won trick with King of Hearts&#xD;
Test&#xD;
Test&#xD;
Test&#xD;
Player Test2 won trick with Five of Hearts&#xD;
Test&#xD;
Test&#xD;
Test&#xD;
Player Test1 won trick with Queen of Diamonds&#xD;
Test&#xD;
Test&#xD;
Player Test4 won trick with Ace of Spades&#xD;
Test&#xD;
Test&#xD;
Player Test1 won trick with Eight of Diamonds&#xD;
Test&#xD;
Test&#xD;
Test&#xD;
Player Test3 won trick with Ace of Hearts&#xD;
Test&#xD;
Test&#xD;
Player Test1 won trick with Jack of Clubs&#xD;
Test&#xD;
Test&#xD;
Test&#xD;
Player Test1 won trick with Six of Diamonds&#xD;
Test&#xD;
Test&#xD;
Player Test1 won trick with King of Clubs&#xD;
Test&#xD;
Test&#xD;
Test&#xD;
Player Test4 won trick with Three of Hearts&#xD;
Test&#xD;
Test&#xD;
Test&#xD;
Player Test1 won trick with Eight of Clubs&#xD;
Test&#xD;
Test&#xD;
Player Test1 won trick with Ace of Spades&#xD;
Test&#xD;
Player Test4 won trick with King of Clubs&#xD;
Test&#xD;
Player Test1 won trick with Seven of Spades&#xD;
Test&#xD;
Test&#xD;
Player Test1 won trick with Queen of Diamonds&#xD;
Test&#xD;
Test&#xD;
Test&#xD;
Player Test1 won trick with Jack of Hearts&#xD;
Test&#xD;
Test&#xD;
Test&#xD;
Test&#xD;
Player Test1 won trick with Six of Hearts&#xD;
Test&#xD;
Test&#xD;
Test&#xD;
Player Test1 won trick with Two of Diamonds&#xD;
Test&#xD;
Player Test2 won trick with King of Spades&#xD;
Test&#xD;
Test&#xD;
Test&#xD;
Test&#xD;
Player Test1 won trick with Two of Hearts&#xD;
Test&#xD;
Test&#xD;
Player Test4 won trick with Ten of Diamonds&#xD;
Test&#xD;
Test&#xD;
Test&#xD;
Player Test3 won trick with Ten of Hearts&#xD;
Test&#xD;
Test&#xD;
Test&#xD;
Player Test1 won trick with Jack of Diamonds&#xD;
Test&#xD;
Test&#xD;
Test&#xD;
Player Test1 won trick with Ten of Diamonds&#xD;
Test&#xD;
Test&#xD;
Test&#xD;
Player Test1 won trick with Three of Clubs&#xD;
Test&#xD;
Test&#xD;
Player Test3 won trick with King of Hearts&#xD;
Test&#xD;
Test&#xD;
Player Test4 won trick with King of Hearts&#xD;
Test&#xD;
Test&#xD;
Player Test1 won trick with Ace of Diamonds&#xD;
Test&#xD;
Test&#xD;
Test&#xD;
Player Test4 won trick with King of Hearts&#xD;
Test&#xD;
Test&#xD;
Player Test2 won trick with King of Spades&#xD;
Test&#xD;
Test&#xD;
Test&#xD;
Player Test1 won trick with Queen of Clubs&#xD;
Test&#xD;
Test&#xD;
Player Test3 won trick with Nine of Spades&#xD;
Test&#xD;
Test&#xD;
Player Test1 won trick with Ten of Diamonds&#xD;
Test&#xD;
Test&#xD;
Test&#xD;
Player Test1 won trick with Seven of Diamonds&#xD;
Test&#xD;
Test&#xD;
Player Test2 won trick with Ten of Spades&#xD;
Test&#xD;
Test&#xD;
Player Test3 won trick with King of Clubs&#xD;
Player Test2 won trick with Ten of Spades&#xD;
Test&#xD;
Test&#xD;
Player Test2 won trick with Nine of Diamonds&#xD;
Test&#xD;
Test&#xD;
Test&#xD;
Player Test1 won trick with Eight of Clubs&#xD;
Test&#xD;
Test&#xD;
Test&#xD;
Player Test4 won trick with Seven of Clubs&#xD;
Test&#xD;
Test&#xD;
Player Test1 won trick with Jack of Diamonds&#xD;
Test&#xD;
Test&#xD;
Player Test1 won trick with Eight of Diamonds&#xD;
Test&#xD;
Test&#xD;
Player Test1 won trick with Nine of Spades&#xD;
Test&#xD;
Test&#xD;
Test&#xD;
Player Test4 won trick with Eight of Hearts&#xD;
Test&#xD;
Test&#xD;
Test&#xD;
Player Test1 won trick with Five of Clubs&#xD;
Test&#xD;
Player Test2 won trick with Jack of Diamonds&#xD;
Test&#xD;
Test&#xD;
Test&#xD;
Player Test1 won trick with Ten of Hearts&#xD;
Test&#xD;
Test&#xD;
Player Test1 won trick with King of Spades&#xD;
Test&#xD;
Test&#xD;
Test&#xD;
Player Test1 won trick with Queen of Diamonds&#xD;
Test&#xD;
Test&#xD;
Player Test1 won trick with Ten of Clubs&#xD;
Test&#xD;
Test&#xD;
Player Test4 won trick with Nine of Diamonds&#xD;
Test&#xD;
Player Test4 won trick with Ace of Clubs&#xD;
Test&#xD;
Test&#xD;
Test&#xD;
Player Test1 won trick with Two of Diamonds&#xD;
Test&#xD;
Test&#xD;
Player Test1 won trick with Seven of Clubs&#xD;
Test&#xD;
Test&#xD;
Player Test4 won trick with King of Hearts&#xD;
Test&#xD;
Test&#xD;
Test&#xD;
Player Test1 won trick with Two of Hearts&#xD;
Test&#xD;
Test&#xD;
Test&#xD;
Player Test1 won trick with Jack of Diamonds&#xD;
Test&#xD;
Test&#xD;
Test&#xD;
Test&#xD;
Player Test1 won trick with King of Hearts&#xD;
Test&#xD;
Test&#xD;
Player Test1 won trick with Queen of Clubs&#xD;
Test&#xD;
Test&#xD;
Test&#xD;
Player Test1 won trick with Seven of Spades&#xD;
Test&#xD;
Test&#xD;
Player Test1 won trick with Ten of Clubs&#xD;
Test&#xD;
Test&#xD;
Test&#xD;
Player Test1 won trick with Nine of Spades&#xD;
Test&#xD;
Test&#xD;
Player Test1 won trick with King of Diamonds&#xD;
Test&#xD;
Test&#xD;
Player Test1 won trick with King of Clubs&#xD;
Test&#xD;
Test&#xD;
Player Test3 won trick with Ace of Clubs&#xD;
Test&#xD;
Test&#xD;
Test&#xD;
Player Test1 won trick with Six of Diamonds&#xD;
Test&#xD;
Test&#xD;
Player Test4 won trick with Eight of Spades&#xD;
Test&#xD;
Test&#xD;
Test&#xD;
Player Test1 won trick with King of Spades&#xD;
Test&#xD;
Test&#xD;
Test&#xD;
Player Test1 won trick with Eight of Spades&#xD;
Test&#xD;
Player Test4 won trick with Six of Spades&#xD;
Test&#xD;
Test&#xD;
Test&#xD;
Player Test3 won trick with King of Hearts&#xD;
Test&#xD;
Player Test3 won trick with King of Clubs&#xD;
Test&#xD;
Test&#xD;
Test&#xD;
Player Test1 won trick with Two of Diamonds&#xD;
Test&#xD;
Player Test3 won trick with Queen of Spades&#xD;
Test&#xD;
Test&#xD;
Test&#xD;
Player Test1 won trick with Nine of Diamonds&#xD;
Test&#xD;
Test&#xD;
Test&#xD;
Player Test1 won trick with Eight of Hearts&#xD;
Test&#xD;
Test&#xD;
Test&#xD;
Player Test1 won trick with Seven of Spades&#xD;
Test&#xD;
Test&#xD;
Player Test1 won trick with Two of Clubs&#xD;
Test&#xD;
Test&#xD;
Test&#xD;
Player Test1 won trick with Six of Spades&#xD;
Test&#xD;
Test&#xD;
Player Test1 won trick with Eight of Clubs&#xD;
Test&#xD;
Test&#xD;
Player Test3 won trick with King of Diamonds&#xD;
Test&#xD;
Player Test1 won trick with Jack of Spades&#xD;
Test&#xD;
Test&#xD;
Test&#xD;
Player Test1 won trick with Two of Diamonds&#xD;
Test&#xD;
Test&#xD;
Test&#xD;
Test&#xD;
Player Test1 won trick with Six of Clubs&#xD;
Test&#xD;
Test&#xD;
Test&#xD;
Player Test1 won trick with Jack of Spades&#xD;
Test&#xD;
Test&#xD;
Test&#xD;
Player Test4 won trick with Seven of Spades&#xD;
Test&#xD;
Test&#xD;
Test&#xD;
Test&#xD;
Player Test1 won trick with Nine of Hearts&#xD;
Test&#xD;
Test&#xD;
Test&#xD;
Player Test1 won trick with Seven of Hearts&#xD;
Test&#xD;
Test&#xD;
Player Test4 won trick with Nine of Hearts&#xD;
Test&#xD;
Test&#xD;
Test&#xD;
Test&#xD;
Player Test1 won trick with Five of Hearts&#xD;
Test&#xD;
Test&#xD;
Test&#xD;
Player Test3 won trick with Queen of Hearts&#xD;
Test&#xD;
Test&#xD;
Test&#xD;
Player Test1 won trick with Eight of Diamonds&#xD;
Test&#xD;
Test&#xD;
Test&#xD;
Player Test1 won trick with Ace of Diamonds&#xD;
Test&#xD;
Player Test2 won trick with Seven of Diamonds&#xD;
Test&#xD;
Test&#xD;
Player Test1 won trick with King of Spades&#xD;
Test&#xD;
Test&#xD;
Player Test2 won trick with Ten of Diamonds&#xD;
Test&#xD;
Test&#xD;
Test&#xD;
Player Test1 won trick with Four of Spades&#xD;
Test&#xD;
Test&#xD;
Test&#xD;
Test&#xD;
Player Test1 won trick with Three of Hearts&#xD;
Test&#xD;
Test&#xD;
Test&#xD;
Test&#xD;
Player Test1 won trick with King of Diamonds&#xD;
Test&#xD;
Test&#xD;
Test&#xD;
Player Test1 won trick with King of Spades&#xD;
Test&#xD;
Player Test1 won trick with Ace of Spades&#xD;
Test&#xD;
Test&#xD;
Player Test4 won trick with Jack of Clubs&#xD;
Test&#xD;
Test&#xD;
Player Test1 won trick with Ten of Spades&#xD;
Test&#xD;
Test&#xD;
Player Test1 won trick with Jack of Spades&#xD;
Test&#xD;
Test&#xD;
Player Test1 won trick with Jack of Spades&#xD;
Test&#xD;
Player Test4 won trick with Eight of Clubs&#xD;
Test&#xD;
Player Test2 won trick with King of Clubs&#xD;
Test&#xD;
Test&#xD;
Player Test2 won trick with Nine of Diamonds&#xD;
Test&#xD;
Test&#xD;
Test&#xD;
Test&#xD;
Player Test1 won trick with Three of Hearts&#xD;
Test&#xD;
Test&#xD;
Player Test1 won trick with Queen of Diamonds&#xD;
Test&#xD;
Test&#xD;
Player Test4 won trick with Ace of Spades&#xD;
Test&#xD;
Test&#xD;
Test&#xD;
Player Test4 won trick with Queen of Hearts&#xD;
Test&#xD;
Test&#xD;
Player Test3 won trick with Ten of Clubs&#xD;
Test&#xD;
Player Test1 won trick with King of Clubs&#xD;
Test&#xD;
Test&#xD;
Test&#xD;
Player Test3 won trick with Ace of Hearts&#xD;
Test&#xD;
Test&#xD;
Player Test1 won trick with Nine of Spades&#xD;
Test&#xD;
Test&#xD;
Player Test4 won trick with Jack of Clubs&#xD;
Test&#xD;
Test&#xD;
Test&#xD;
Player Test1 won trick with Five of Clubs&#xD;
Test&#xD;
Test&#xD;
Player Test3 won trick with Four of Hearts&#xD;
Test&#xD;
Player Test1 won trick with Eight of Spades&#xD;
Test&#xD;
Test&#xD;
Test&#xD;
Player Test3 won trick with Five of Diamonds&#xD;
Test&#xD;
Test&#xD;
Test&#xD;
Player Test1 won trick with Four of Clubs&#xD;
Test&#xD;
Test&#xD;
Player Test1 won trick with Four of Diamonds&#xD;
Test&#xD;
Test&#xD;
Test&#xD;
Test&#xD;
Player Test1 won trick with Six of Hearts&#xD;
Test&#xD;
Test&#xD;
Player Test1 won trick with Five of Clubs&#xD;
Test&#xD;
Test&#xD;
Player Test1 won trick with Six of Diamonds&#xD;
Test&#xD;
Test&#xD;
Player Test4 won trick with Jack of Clubs&#xD;
Test&#xD;
Test&#xD;
Player Test2 won trick with Queen of Diamonds&#xD;
Test&#xD;
Test&#xD;
Player Test3 won trick with Seven of Clubs&#xD;
Test&#xD;
Test&#xD;
Test&#xD;
Player Test1 won trick with King of Diamonds&#xD;
Test&#xD;
Test&#xD;
Player Test1 won trick with Ace of Diamonds&#xD;
Test&#xD;
Test&#xD;
Player Test1 won trick with Ace of Spades&#xD;
Test&#xD;
Test&#xD;
Test&#xD;
Player Test1 won trick with Three of Spades&#xD;
Test&#xD;
Test&#xD;
Test&#xD;
Player Test1 won trick with Seven of Spades&#xD;
Player Test4 won trick with Ace of Spades&#xD;
Test&#xD;
Test&#xD;
Test&#xD;
Player Test2 won trick with Jack of Hearts&#xD;
Test&#xD;
Test&#xD;
Test&#xD;
Test&#xD;
Player Test1 won trick with Seven of Clubs&#xD;
Test&#xD;
Test&#xD;
Player Test4 won trick with Jack of Diamonds&#xD;
Test&#xD;
Test&#xD;
Player Test1 won trick with Ace of Diamonds&#xD;
Test&#xD;
Test&#xD;
Test&#xD;
Test&#xD;
Player Test1 won trick with Ace of Hearts&#xD;
Test&#xD;
Test&#xD;
Player Test2 won trick with Nine of Clubs&#xD;
Test&#xD;
Test&#xD;
Test&#xD;
Player Test1 won trick with Ace of Diamonds&#xD;
Test&#xD;
Player Test3 won trick with Queen of Diamonds&#xD;
Test&#xD;
Test&#xD;
Player Test4 won trick with Eight of Clubs&#xD;
Test&#xD;
Test&#xD;
Test&#xD;
Test&#xD;
Player Test1 won trick with Four of Hearts&#xD;
Test&#xD;
Test&#xD;
Test&#xD;
Player Test3 won trick with King of Hearts&#xD;
Test&#xD;
Test&#xD;
Player Test1 won trick with Four of Hearts&#xD;
Test&#xD;
Test&#xD;
Player Test2 won trick with Ace of Diamonds&#xD;
Test&#xD;
Test&#xD;
Player Test2 won trick with King of Clubs&#xD;
Test&#xD;
Test&#xD;
Test&#xD;
Player Test1 won trick with King of Hearts&#xD;
Test&#xD;
Test&#xD;
Player Test2 won trick with King of Hearts&#xD;
Test&#xD;
Test&#xD;
Player Test1 won trick with Nine of Spades&#xD;
Test&#xD;
Test&#xD;
Test&#xD;
Player Test1 won trick with Ace of Diamonds&#xD;
Test&#xD;
Test&#xD;
Test&#xD;
Player Test2 won trick with Ten of Hearts&#xD;
Test&#xD;
Test&#xD;
Player Test1 won trick with Ten of Hearts&#xD;
Test&#xD;
Test&#xD;
Test&#xD;
Player Test1 won trick with Eight of Clubs&#xD;
Test&#xD;
Test&#xD;
Test&#xD;
Test&#xD;
Player Test1 won trick with Nine of Hearts&#xD;
Test&#xD;
Player Test1 won trick with Queen of Hearts&#xD;
Test&#xD;
Test&#xD;
Player Test1 won trick with Ace of Spades&#xD;
Test&#xD;
Test&#xD;
Player Test1 won trick with Six of Spades&#xD;
Test&#xD;
Test&#xD;
Test&#xD;
Player Test1 won trick with Five of Clubs&#xD;
Test&#xD;
Test&#xD;
Test&#xD;
Test&#xD;
Player Test1 won trick with Five of Hearts&#xD;
Test&#xD;
Test&#xD;
Test&#xD;
Player Test1 won trick with King of Diamonds&#xD;
Test&#xD;
Player Test1 won trick with King of Clubs&#xD;
Test&#xD;
Test&#xD;
Player Test2 won trick with King of Diamonds&#xD;
Test&#xD;
Test&#xD;
Test&#xD;
Player Test1 won trick with Ten of Hearts&#xD;
Test&#xD;
Test&#xD;
Player Test4 won trick with Eight of Clubs&#xD;
Test&#xD;
Test&#xD;
Test&#xD;
Player Test2 won trick with Ace of Hearts&#xD;
Test&#xD;
Test&#xD;
Player Test1 won trick with Seven of Spades&#xD;
Test&#xD;
Test&#xD;
Test&#xD;
Player Test1 won trick with Two of Spades&#xD;
Player Test4 won trick with Jack of Diamonds&#xD;
Test&#xD;
Test&#xD;
Test&#xD;
Test&#xD;
Player Test1 won trick with Queen of Clubs&#xD;
Test&#xD;
Test&#xD;
Player Test1 won trick with Ace of Diamonds&#xD;
Test&#xD;
Player Test3 won trick with Ace of Diamonds&#xD;
Test&#xD;
Test&#xD;
Test&#xD;
Player Test1 won trick with Ace of Diamonds&#xD;
Test&#xD;
Test&#xD;
Player Test1 won trick with Six of Spades&#xD;
Test&#xD;
Test&#xD;
Test&#xD;
Player Test1 won trick with Jack of Hearts&#xD;
Test&#xD;
Test&#xD;
Player Test1 won trick with Queen of Spades&#xD;
Test&#xD;
Player Test3 won trick with Nine of Diamonds&#xD;
Test&#xD;
Test&#xD;
Test&#xD;
Test&#xD;
Player Test1 won trick with Ten of Hearts&#xD;
Test&#xD;
Test&#xD;
Test&#xD;
Test&#xD;
Player Test1 won trick with Queen of Diamonds&#xD;
Test&#xD;
Test&#xD;
Player Test1 won trick with Seven of Clubs&#xD;
Test&#xD;
Test&#xD;
Test&#xD;
Test&#xD;
Player Test1 won trick with Two of Hearts&#xD;
Test&#xD;
Test&#xD;
Player Test3 won trick with Ace of Spades&#xD;
Test&#xD;
Test&#xD;
Test&#xD;
Player Test1 won trick with Seven of Clubs&#xD;
Test&#xD;
Test&#xD;
Test&#xD;
Player Test1 won trick with Six of Clubs&#xD;
Test&#xD;
Test&#xD;
Test&#xD;
Player Test1 won trick with Five of Spades&#xD;
Test&#xD;
Player Test2 won trick with King of Diamonds&#xD;
Test&#xD;
Test&#xD;
Player Test1 won trick with Ten of Clubs&#xD;
Test&#xD;
Test&#xD;
Player Test4 won trick with Queen of Spades&#xD;
Test&#xD;
Player Test1 won trick with Ace of Spades&#xD;
Test&#xD;
Test&#xD;
Player Test2 won trick with Seven of Diamonds&#xD;
Test&#xD;
Test&#xD;
Test&#xD;
Test&#xD;
Player Test1 won trick with Ten of Hearts&#xD;
Test&#xD;
Test&#xD;
Player Test1 won trick with Ace of Diamonds&#xD;
Test&#xD;
Test&#xD;
Test&#xD;
Test&#xD;
Player Test1 won trick with Ten of Hearts&#xD;
Test&#xD;
Test&#xD;
Test&#xD;
Test&#xD;
Player Test1 won trick with Queen of Hearts&#xD;
Test&#xD;
Test&#xD;
Player Test1 won trick with Jack of Clubs&#xD;
Test&#xD;
Test&#xD;
Test&#xD;
Test&#xD;
Player Test1 won trick with Two of Hearts&#xD;
Test&#xD;
Player Test4 won trick with Jack of Spades&#xD;
Test&#xD;
Test&#xD;
Test&#xD;
Test&#xD;
Player Test1 won trick with Three of Clubs&#xD;
Test&#xD;
Test&#xD;
Test&#xD;
Player Test3 won trick with Jack of Hearts&#xD;
Test&#xD;
Test&#xD;
Test&#xD;
Player Test1 won trick with Ten of Diamonds&#xD;
Test&#xD;
Test&#xD;
Test&#xD;
Player Test1 won trick with Eight of Clubs&#xD;
Test&#xD;
Test&#xD;
Player Test2 won trick with Nine of Clubs&#xD;
Test&#xD;
Test&#xD;
Player Test1 won trick with Five of Clubs&#xD;
Test&#xD;
Test&#xD;
Player Test1 won trick with Ace of Diamonds&#xD;
Test&#xD;
Test&#xD;
Test&#xD;
Player Test4 won trick with Nine of Hearts&#xD;
Test&#xD;
Test&#xD;
Test&#xD;
Player Test1 won trick with King of Spades&#xD;
Test&#xD;
Test&#xD;
Test&#xD;
Player Test1 won trick with Two of Hearts&#xD;
Test&#xD;
Test&#xD;
Test&#xD;
Test&#xD;
Player Test1 won trick with Eight of Hearts&#xD;
Test&#xD;
Test&#xD;
Test&#xD;
Player Test1 won trick with Nine of Clubs&#xD;
Test&#xD;
Test&#xD;
Player Test3 won trick with Queen of Spades&#xD;
Test&#xD;
Test&#xD;
Test&#xD;
Test&#xD;
Player Test1 won trick with Ten of Clubs&#xD;
Test&#xD;
Player Test2 won trick with Queen of Spades&#xD;
Test&#xD;
Test&#xD;
Player Test1 won trick with Five of Diamonds&#xD;
Test&#xD;
Test&#xD;
Test&#xD;
Player Test1 won trick with Nine of Clubs&#xD;
Test&#xD;
Test&#xD;
Test&#xD;
Player Test1 won trick with Ace of Hearts&#xD;
Test&#xD;
Test&#xD;
Player Test2 won trick with Ten of Spades&#xD;
Test&#xD;
Test&#xD;
Test&#xD;
Player Test1 won trick with Queen of Spades&#xD;
Test&#xD;
Test&#xD;
Player Test3 won trick with King of Spades&#xD;
Test&#xD;
Test&#xD;
Test&#xD;
Test&#xD;
Player Test1 won trick with Ten of Hearts&#xD;
Test&#xD;
Test&#xD;
Test&#xD;
Player Test1 won trick with Ten of Diamonds&#xD;
Test&#xD;
Test&#xD;
Player Test1 won trick with Ace of Clubs&#xD;
Test&#xD;
Test&#xD;
Test&#xD;
Player Test1 won trick with Two of Diamonds&#xD;
Test&#xD;
Test&#xD;
Player Test1 won trick with Jack of Spades&#xD;
Test&#xD;
Test&#xD;
Player Test1 won trick with Queen of Hearts&#xD;
Test&#xD;
Player Test2 won trick with King of Spades&#xD;
Test&#xD;
Test&#xD;
Test&#xD;
Player Test1 won trick with Two of Diamonds&#xD;
Test&#xD;
Test&#xD;
Test&#xD;
Player Test1 won trick with Four of Clubs&#xD;
Test&#xD;
Test&#xD;
Test&#xD;
Player Test1 won trick with Six of Spades&#xD;
Test&#xD;
Test&#xD;
Test&#xD;
Test&#xD;
Player Test1 won trick with King of Hearts&#xD;
Test&#xD;
Test&#xD;
Test&#xD;
Player Test1 won trick with King of Hearts&#xD;
Test&#xD;
Test&#xD;
Test&#xD;
Player Test1 won trick with Eight of Diamonds&#xD;
Test&#xD;
Test&#xD;
Test&#xD;
Player Test4 won trick with Ace of Diamonds&#xD;
Test&#xD;
Test&#xD;
Test&#xD;
Player Test1 won trick with Ten of Diamonds&#xD;
Test&#xD;
Test&#xD;
Test&#xD;
Player Test1 won trick with Four of Spades&#xD;
Test&#xD;
Test&#xD;
Test&#xD;
Player Test1 won trick with Queen of Clubs&#xD;
Test&#xD;
Test&#xD;
Test&#xD;
Player Test3 won trick with Six of Hearts&#xD;
Test&#xD;
Test&#xD;
Player Test4 won trick with Queen of Hearts&#xD;
Test&#xD;
Test&#xD;
Test&#xD;
Test&#xD;
Player Test1 won trick with King of Hearts&#xD;
Test&#xD;
Test&#xD;
Test&#xD;
Player Test1 won trick with Two of Clubs&#xD;
Test&#xD;
Test&#xD;
Test&#xD;
Player Test1 won trick with Queen of Diamonds&#xD;
Test&#xD;
Test&#xD;
Test&#xD;
Test&#xD;
Player Test1 won trick with King of Hearts&#xD;
Test&#xD;
Test&#xD;
Player Test3 won trick with King of Diamonds&#xD;
Test&#xD;
Test&#xD;
Test&#xD;
Player Test1 won trick with King of Hearts&#xD;
Test&#xD;
Test&#xD;
Player Test1 won trick with Six of Spades&#xD;
Test&#xD;
Test&#xD;
Player Test4 won trick with Queen of Clubs&#xD;
Test&#xD;
Test&#xD;
Test&#xD;
Player Test1 won trick with Nine of Diamonds&#xD;
Test&#xD;
Test&#xD;
Player Test4 won trick with Ace of Spades&#xD;
Test&#xD;
Test&#xD;
Test&#xD;
Player Test1 won trick with Eight of Hearts&#xD;
Test&#xD;
Test&#xD;
Player Test1 won trick with Eight of Clubs&#xD;
Test&#xD;
Test&#xD;
Player Test1 won trick with Queen of Clubs&#xD;
Test&#xD;
Test&#xD;
Test&#xD;
Player Test1 won trick with Four of Spades&#xD;
Test&#xD;
Test&#xD;
Test&#xD;
Test&#xD;
Player Test1 won trick with Jack of Hearts&#xD;
Test&#xD;
Test&#xD;
Test&#xD;
Player Test1 won trick with King of Clubs&#xD;
Test&#xD;
Test&#xD;
Test&#xD;
Player Test1 won trick with Two of Diamonds&#xD;
Test&#xD;
Test&#xD;
Test&#xD;
Test&#xD;
Player Test1 won trick with Ten of Hearts&#xD;
Test&#xD;
Test&#xD;
Test&#xD;
Player Test1 won trick with Jack of Diamonds&#xD;
Test&#xD;
Test&#xD;
Test&#xD;
Player Test1 won trick with Five of Spades&#xD;
Test&#xD;
Test&#xD;
Player Test1 won trick with Seven of Clubs&#xD;
Test&#xD;
Test&#xD;
Test&#xD;
Player Test4 won trick with Ace of Hearts&#xD;
Test&#xD;
Test&#xD;
Player Test1 won trick with Ten of Clubs&#xD;
Test&#xD;
Test&#xD;
Player Test4 won trick with Five of Diamonds&#xD;
Test&#xD;
Test&#xD;
Player Test1 won trick with Queen of Spades&#xD;
Test&#xD;
Test&#xD;
Test&#xD;
Player Test1 won trick with Two of Spades&#xD;
Test&#xD;
Player Test3 won trick with Queen of Diamonds&#xD;
Test&#xD;
Test&#xD;
Player Test2 won trick with Ace of Spades&#xD;
Test&#xD;
Test&#xD;
Test&#xD;
Player Test2 won trick with Ten of Hearts&#xD;
Test&#xD;
Test&#xD;
Player Test1 won trick with Ace of Spades&#xD;
Test&#xD;
Test&#xD;
Test&#xD;
Test&#xD;
Player Test1 won trick with Ten of Hearts&#xD;
Test&#xD;
Test&#xD;
Player Test1 won trick with Nine of Diamonds&#xD;
Test&#xD;
Test&#xD;
Test&#xD;
Test&#xD;
Player Test1 won trick with Ten of Hearts&#xD;
Test&#xD;
Test&#xD;
Test&#xD;
Player Test1 won trick with Three of Spades&#xD;
Test&#xD;
Test&#xD;
Player Test2 won trick with Ace of Spades&#xD;
Test&#xD;
Test&#xD;
Test&#xD;
Test&#xD;
Player Test1 won trick with Ten of Hearts&#xD;
Test&#xD;
Test&#xD;
Player Test1 won trick with Nine of Diamonds&#xD;
Test&#xD;
Test&#xD;
Test&#xD;
Player Test1 won trick with Six of Clubs&#xD;
Test&#xD;
Test&#xD;
Test&#xD;
Test&#xD;
Player Test1 won trick with Seven of Hearts&#xD;
Test&#xD;
Player Test1 won trick with Jack of Diamonds&#xD;
Test&#xD;
Test&#xD;
Test&#xD;
Player Test1 won trick with Three of Clubs&#xD;
Test&#xD;
Test&#xD;
Test&#xD;
Player Test1 won trick with Three of Diamonds&#xD;
Test&#xD;
Test&#xD;
Test&#xD;
Player Test1 won trick with Queen of Spades&#xD;
Test&#xD;
Test&#xD;
Test&#xD;
Player Test1 won trick with King of Hearts&#xD;
Test&#xD;
Test&#xD;
Player Test1 won trick with Nine of Spades&#xD;
Test&#xD;
Test&#xD;
Player Test3 won trick with Nine of Diamonds&#xD;
Test&#xD;
Test&#xD;
Test&#xD;
Player Test1 won trick with Jack of Diamonds&#xD;
Test&#xD;
Test&#xD;
Test&#xD;
Player Test1 won trick with Five of Clubs&#xD;
Test&#xD;
Test&#xD;
Test&#xD;
Player Test1 won trick with Seven of Spades&#xD;
Test&#xD;
Test&#xD;
Player Test1 won trick with Queen of Spades&#xD;
Test&#xD;
Test&#xD;
Test&#xD;
Test&#xD;
Player Test1 won trick with Eight of Hearts&#xD;
Test&#xD;
Test&#xD;
Player Test1 won trick with Eight of Clubs&#xD;
Test&#xD;
Test&#xD;
Test&#xD;
Player Test1 won trick with Four of Spades&#xD;
Test&#xD;
Player Test1 won trick with Six of Hearts&#xD;
Test&#xD;
Test&#xD;
Player Test4 won trick with King of Diamonds&#xD;
Test&#xD;
Test&#xD;
Test&#xD;
Player Test1 won trick with Four of Clubs&#xD;
Test&#xD;
Test&#xD;
Test&#xD;
Player Test1 won trick with Six of Diamonds&#xD;
Test&#xD;
Test&#xD;
Player Test4 won trick with Nine of Diamonds&#xD;
Test&#xD;
Test&#xD;
Test&#xD;
Test&#xD;
Player Test1 won trick with Ace of Hearts&#xD;
Test&#xD;
Test&#xD;
Test&#xD;
Player Test1 won trick with Queen of Hearts&#xD;
Test&#xD;
Test&#xD;
Player Test1 won trick with Jack of Clubs&#xD;
Test&#xD;
Test&#xD;
Player Test1 won trick with King of Spades&#xD;
Test&#xD;
Test&#xD;
Test&#xD;
Player Test1 won trick with Ten of Clubs&#xD;
Test&#xD;
Test&#xD;
Test&#xD;
Player Test1 won trick with Six of Clubs&#xD;
Test&#xD;
Test&#xD;
Test&#xD;
Test&#xD;
Player Test1 won trick with Ten of Clubs&#xD;
Player Test1 won trick with Jack of Clubs&#xD;
Test&#xD;
Test&#xD;
Player Test2 won trick with Eight of Spades&#xD;
Test&#xD;
Test&#xD;
Player Test4 won trick with Ten of Diamonds&#xD;
Test&#xD;
Test&#xD;
Test&#xD;
Player Test3 won trick with Nine of Hearts&#xD;
Test&#xD;
Test&#xD;
Player Test1 won trick with Nine of Hearts&#xD;
Test&#xD;
Test&#xD;
Test&#xD;
Player Test1 won trick with King of Clubs&#xD;
Test&#xD;
Test&#xD;
Test&#xD;
Player Test1 won trick with Five of Spades&#xD;
Test&#xD;
Player Test3 won trick with Jack of Spades&#xD;
Test&#xD;
Test&#xD;
Test&#xD;
Player Test1 won trick with Ten of Clubs&#xD;
Test&#xD;
Test&#xD;
Player Test2 won trick with Seven of Diamonds&#xD;
Test&#xD;
Test&#xD;
Test&#xD;
Player Test1 won trick with Six of Spades&#xD;
Test&#xD;
Test&#xD;
Player Test1 won trick with Three of Spades&#xD;
Test&#xD;
Test&#xD;
Test&#xD;
Test&#xD;
Player Test1 won trick with King of Hearts&#xD;
Test&#xD;
Test&#xD;
Test&#xD;
Player Test2 won trick with Six of Hearts&#xD;
Test&#xD;
Test&#xD;
Player Test1 won trick with Nine of Clubs&#xD;
Test&#xD;
Test&#xD;
Player Test1 won trick with Ace of Clubs&#xD;
Test&#xD;
Player Test2 won trick with Ace of Clubs&#xD;
Test&#xD;
Test&#xD;
Test&#xD;
Player Test1 won trick with Four of Spades&#xD;
Test&#xD;
Player Test2 won trick with Seven of Spades&#xD;
Test&#xD;
Test&#xD;
Test&#xD;
Player Test1 won trick with King of Diamonds&#xD;
Test&#xD;
Test&#xD;
Test&#xD;
Test&#xD;
Player Test1 won trick with King of Hearts&#xD;
Test&#xD;
Test&#xD;
Test&#xD;
Player Test1 won trick with Jack of Spades&#xD;
Test&#xD;
Test&#xD;
Player Test1 won trick with Eight of Diamonds&#xD;
Test&#xD;
Test&#xD;
Test&#xD;
Player Test1 won trick with Three of Spades&#xD;
Test&#xD;
Test&#xD;
Test&#xD;
Player Test1 won trick with Ace of Clubs&#xD;
Test&#xD;
Test&#xD;
Test&#xD;
Player Test1 won trick with Four of Spades&#xD;
Test&#xD;
Test&#xD;
Test&#xD;
Player Test1 won trick with Ace of Clubs&#xD;
Test&#xD;
Player Test3 won trick with Ace of Spades&#xD;
Test&#xD;
Test&#xD;
Player Test1 won trick with Six of Diamonds&#xD;
Test&#xD;
Test&#xD;
Player Test1 won trick with Ten of Clubs&#xD;
Test&#xD;
Test&#xD;
Player Test4 won trick with Jack of Clubs&#xD;
Test&#xD;
Test&#xD;
Test&#xD;
Player Test3 won trick with Queen of Spades&#xD;
Test&#xD;
Player Test1 won trick with Ten of Diamonds&#xD;
Test&#xD;
Test&#xD;
Player Test4 won trick with Nine of Hearts&#xD;
Test&#xD;
Test&#xD;
Test&#xD;
Player Test1 won trick with Five of Clubs&#xD;
Test&#xD;
Test&#xD;
Test&#xD;
Player Test1 won trick with Four of Diamonds&#xD;
Test&#xD;
Test&#xD;
Player Test1 won trick with Seven of Clubs&#xD;
Test&#xD;
Test&#xD;
Test&#xD;
Player Test1 won trick with Eight of Hearts&#xD;
Player Test1 won trick with King of Diamonds&#xD;
Test&#xD;
Test&#xD;
Test&#xD;
Player Test1 won trick with Ace of Spades&#xD;
Test&#xD;
Test&#xD;
Test&#xD;
Player Test1 won trick with Four of Spades&#xD;
Test&#xD;
Test&#xD;
Test&#xD;
Test&#xD;
Player Test1 won trick with Four of Hearts&#xD;
Test&#xD;
Test&#xD;
Player Test3 won trick with King of Hearts&#xD;
Test&#xD;
Test&#xD;
Test&#xD;
Player Test3 won trick with Seven of Hearts&#xD;
Player Test1 won trick with Queen of Clubs&#xD;
Test&#xD;
Test&#xD;
Player Test4 won trick with Seven of Spades&#xD;
Test&#xD;
Test&#xD;
Test&#xD;
Player Test1 won trick with Jack of Clubs&#xD;
Test&#xD;
Test&#xD;
Test&#xD;
Player Test1 won trick with Jack of Clubs&#xD;
Test&#xD;
Test&#xD;
Test&#xD;
Player Test1 won trick with Ace of Diamonds&#xD;
Test&#xD;
Test&#xD;
Test&#xD;
Test&#xD;
Player Test1 won trick with Two of Diamonds&#xD;
Test&#xD;
Test&#xD;
Test&#xD;
Player Test1 won trick with King of Spades&#xD;
Test&#xD;
Test&#xD;
Test&#xD;
Player Test1 won trick with Ace of Hearts&#xD;
Test&#xD;
Test&#xD;
Test&#xD;
Player Test1 won trick with Queen of Clubs&#xD;
Test&#xD;
Test&#xD;
Test&#xD;
Player Test1 won trick with Two of Clubs&#xD;
Test&#xD;
Test&#xD;
Test&#xD;
Player Test1 won trick with Six of Clubs&#xD;
Test&#xD;
Player Test4 won trick with Ace of Diamonds&#xD;
Test&#xD;
Test&#xD;
Test&#xD;
Player Test1 won trick with Jack of Spades&#xD;
Test&#xD;
Test&#xD;
Player Test2 won trick with Ace of Clubs&#xD;
Test&#xD;
Test&#xD;
Test&#xD;
Player Test3 won trick with Jack of Spades&#xD;
Test&#xD;
Player Test4 won trick with Ace of Spades&#xD;
Test&#xD;
Test&#xD;
Test&#xD;
Player Test1 won trick with Two of Diamonds&#xD;
Test&#xD;
Test&#xD;
Test&#xD;
Player Test1 won trick with Four of Clubs&#xD;
Test&#xD;
Test&#xD;
Player Test1 won trick with Queen of Spades&#xD;
Test&#xD;
Test&#xD;
Test&#xD;
Player Test1 won trick with Four of Clubs&#xD;
Test&#xD;
Test&#xD;
Test&#xD;
Player Test1 won trick with Four of Diamonds&#xD;
Test&#xD;
Test&#xD;
Test&#xD;
Player Test3 won trick with Five of Hearts&#xD;
Test&#xD;
Test&#xD;
Player Test1 won trick with Nine of Diamonds&#xD;
Test&#xD;
Test&#xD;
Player Test3 won trick with Eight of Diamonds&#xD;
Test&#xD;
Test&#xD;
Test&#xD;
Player Test1 won trick with Ace of Clubs&#xD;
Test&#xD;
Test&#xD;
Test&#xD;
Player Test1 won trick with Two of Spades&#xD;
Test&#xD;
Test&#xD;
Test&#xD;
Player Test2 won trick with Three of Hearts&#xD;
Test&#xD;
Test&#xD;
Player Test1 won trick with King of Spades&#xD;
Player Test3 won trick with Ace of Diamonds&#xD;
Player Test1 won trick with Jack of Diamonds&#xD;
Test&#xD;
Test&#xD;
Test&#xD;
Player Test1 won trick with Seven of Clubs&#xD;
Test&#xD;
Test&#xD;
Test&#xD;
Player Test1 won trick with Eight of Clubs&#xD;
Test&#xD;
Test&#xD;
Player Test1 won trick with Ace of Diamonds&#xD;
Test&#xD;
Test&#xD;
Test&#xD;
Test&#xD;
Player Test1 won trick with Four of Hearts&#xD;
Test&#xD;
Player Test1 won trick with Queen of Clubs&#xD;
Test&#xD;
Test&#xD;
Test&#xD;
Test&#xD;
Player Test1 won trick with King of Hearts&#xD;
Test&#xD;
Test&#xD;
Test&#xD;
Player Test1 won trick with Ten of Spades&#xD;
Test&#xD;
Test&#xD;
Test&#xD;
Test&#xD;
Player Test1 won trick with Queen of Hearts&#xD;
Test&#xD;
Test&#xD;
Player Test1 won trick with King of Clubs&#xD;
Test&#xD;
Test&#xD;
Player Test1 won trick with Jack of Spades&#xD;
Test&#xD;
Player Test3 won trick with Ace of Spades&#xD;
Test&#xD;
Test&#xD;
Test&#xD;
Player Test1 won trick with Jack of Diamonds&#xD;
Test&#xD;
Test&#xD;
Test&#xD;
Player Test1 won trick with Ten of Spades&#xD;
Test&#xD;
Test&#xD;
Test&#xD;
Player Test1 won trick with Ace of Hearts&#xD;
Test&#xD;
Test&#xD;
Player Test1 won trick with Eight of Spades&#xD;
Test&#xD;
Test&#xD;
Test&#xD;
Player Test1 won trick with King of Spades&#xD;
Test&#xD;
Test&#xD;
Player Test3 won trick with Ten of Diamonds&#xD;
Test&#xD;
Test&#xD;
Test&#xD;
Player Test1 won trick with Ten of Diamonds&#xD;
Test&#xD;
Player Test2 won trick with Ace of Clubs&#xD;
Test&#xD;
Test&#xD;
Test&#xD;
Player Test1 won trick with Five of Clubs&#xD;
Test&#xD;
Test&#xD;
Player Test1 won trick with Eight of Clubs&#xD;
Test&#xD;
Test&#xD;
Player Test2 won trick with Ace of Clubs&#xD;
Test&#xD;
Test&#xD;
Test&#xD;
Test&#xD;
Player Test1 won trick with Ten of Hearts&#xD;
Player Test3 won trick with Nine of Diamonds&#xD;
Test&#xD;
Player Test3 won trick with Ace of Diamonds&#xD;
Test&#xD;
Test&#xD;
Player Test2 won trick with Ace of Clubs&#xD;
Test&#xD;
Test&#xD;
Test&#xD;
Player Test1 won trick with Ten of Hearts&#xD;
Test&#xD;
Test&#xD;
Player Test1 won trick with Four of Clubs&#xD;
Test&#xD;
Test&#xD;
Test&#xD;
Player Test1 won trick with Five of Diamonds&#xD;
Test&#xD;
Test&#xD;
Test&#xD;
Player Test1 won trick with Ten of Spades&#xD;
Test&#xD;
Test&#xD;
Test&#xD;
Player Test1 won trick with Two of Diamonds&#xD;
Test&#xD;
Test&#xD;
Test&#xD;
Player Test1 won trick with Five of Spades&#xD;
Test&#xD;
Test&#xD;
Player Test1 won trick with Jack of Diamonds&#xD;
Test&#xD;
Player Test1 won trick with King of Diamonds&#xD;
Test&#xD;
Test&#xD;
Test&#xD;
Player Test3 won trick with Queen of Hearts&#xD;
Test&#xD;
Test&#xD;
Test&#xD;
Player Test1 won trick with Six of Spades&#xD;
Test&#xD;
Test&#xD;
Test&#xD;
Test&#xD;
Player Test1 won trick with Queen of Hearts&#xD;
Test&#xD;
Test&#xD;
Player Test1 won trick with King of Hearts&#xD;
Test&#xD;
Test&#xD;
Test&#xD;
Player Test1 won trick with Queen of Hearts&#xD;
Test&#xD;
Test&#xD;
Test&#xD;
Player Test1 won trick with King of Spades&#xD;
Test&#xD;
Test&#xD;
Test&#xD;
Player Test1 won trick with Queen of Spades&#xD;
Test&#xD;
Test&#xD;
Test&#xD;
Player Test2 won trick with Seven of Hearts&#xD;
Test&#xD;
Test&#xD;
Player Test1 won trick with Six of Clubs&#xD;
Test&#xD;
Test&#xD;
Player Test1 won trick with Ace of Diamonds&#xD;
Test&#xD;
Test&#xD;
Test&#xD;
Player Test1 won trick with Nine of Diamonds&#xD;
Test&#xD;
Test&#xD;
Test&#xD;
Player Test1 won trick with Jack of Spades&#xD;
Test&#xD;
Test&#xD;
Test&#xD;
Player Test1 won trick with Three of Clubs&#xD;
Test&#xD;
Test&#xD;
Test&#xD;
Player Test1 won trick with Two of Diamonds&#xD;
Test&#xD;
Test&#xD;
Test&#xD;
Player Test1 won trick with Four of Spades&#xD;
Test&#xD;
Test&#xD;
Player Test3 won trick with Ace of Diamonds&#xD;
Test&#xD;
Test&#xD;
Player Test2 won trick with Nine of Diamonds&#xD;
Test&#xD;
Test&#xD;
Test&#xD;
Test&#xD;
Player Test1 won trick with Six of Spades&#xD;
Test&#xD;
Player Test4 won trick with Ten of Spades&#xD;
Test&#xD;
Test&#xD;
Test&#xD;
Player Test3 won trick with Jack of Hearts&#xD;
Test&#xD;
Test&#xD;
Player Test4 won trick with Queen of Clubs&#xD;
Test&#xD;
Player Test1 won trick with Ace of Diamonds&#xD;
Test&#xD;
Test&#xD;
Player Test1 won trick with Four of Spades&#xD;
Test&#xD;
Test&#xD;
Test&#xD;
Player Test1 won trick with Nine of Spades&#xD;
Test&#xD;
Test&#xD;
Test&#xD;
Test&#xD;
Player Test1 won trick with Two of Hearts&#xD;
Test&#xD;
Test&#xD;
Player Test1 won trick with Queen of Diamonds&#xD;
Test&#xD;
Test&#xD;
Test&#xD;
Player Test1 won trick with Queen of Spades&#xD;
Test&#xD;
Test&#xD;
Test&#xD;
Player Test1 won trick with Seven of Spades&#xD;
Test&#xD;
Test&#xD;
Test&#xD;
Player Test1 won trick with Seven of Hearts&#xD;
Test&#xD;
Test&#xD;
Test&#xD;
Test&#xD;
Player Test1 won trick with Three of Hearts&#xD;
Test&#xD;
Test&#xD;
Test&#xD;
Player Test1 won trick with Four of Spades&#xD;
Test&#xD;
Test&#xD;
Test&#xD;
Player Test3 won trick with King of Hearts&#xD;
Test&#xD;
Test&#xD;
Test&#xD;
Player Test1 won trick with Six of Spades&#xD;
Test&#xD;
Test&#xD;
Test&#xD;
Player Test1 won trick with Eight of Diamonds&#xD;
Test&#xD;
Test&#xD;
Test&#xD;
Player Test1 won trick with Two of Clubs&#xD;
Test&#xD;
Test&#xD;
Player Test1 won trick with Six of Diamonds&#xD;
Test&#xD;
Test&#xD;
Player Test1 won trick with Jack of Spades&#xD;
Test&#xD;
Player Test2 won trick with King of Diamonds&#xD;
Test&#xD;
Test&#xD;
Test&#xD;
Player Test1 won trick with Seven of Spades&#xD;
Test&#xD;
Test&#xD;
Test&#xD;
Player Test1 won trick with King of Spades&#xD;
Test&#xD;
Test&#xD;
Test&#xD;
Test&#xD;
Player Test1 won trick with Two of Spades&#xD;
Test&#xD;
Test&#xD;
Test&#xD;
Player Test4 won trick with Ace of Clubs&#xD;
Test&#xD;
Test&#xD;
Test&#xD;
Test&#xD;
Player Test1 won trick with Queen of Hearts&#xD;
Test&#xD;
Test&#xD;
Test&#xD;
Player Test1 won trick with Ten of Diamonds&#xD;
Test&#xD;
Test&#xD;
Player Test2 won trick with King of Clubs&#xD;
Test&#xD;
Test&#xD;
Test&#xD;
Player Test1 won trick with Ten of Clubs&#xD;
Test&#xD;
Test&#xD;
Test&#xD;
Player Test1 won trick with Ace of Spades&#xD;
Test&#xD;
Test&#xD;
Player Test1 won trick with Seven of Diamonds&#xD;
Test&#xD;
Test&#xD;
Test&#xD;
Player Test1 won trick with King of Clubs&#xD;
Test&#xD;
Test&#xD;
Test&#xD;
Player Test1 won trick with Six of Diamonds&#xD;
Test&#xD;
Test&#xD;
Player Test1 won trick with Eight of Clubs&#xD;
Test&#xD;
Player Test4 won trick with King of Clubs&#xD;
Test&#xD;
Test&#xD;
Player Test4 won trick with Eight of Clubs&#xD;
Test&#xD;
Test&#xD;
Player Test4 won trick with Ten of Diamonds&#xD;
Test&#xD;
Test&#xD;
Test&#xD;
Test&#xD;
Player Test1 won trick with Ace of Hearts&#xD;
Test&#xD;
Test&#xD;
Test&#xD;
Player Test1 won trick with Six of Clubs&#xD;
Test&#xD;
Test&#xD;
Test&#xD;
Player Test1 won trick with Queen of Diamonds&#xD;
Test&#xD;
Test&#xD;
Test&#xD;
Player Test1 won trick with Eight of Diamonds&#xD;
Test&#xD;
Test&#xD;
Test&#xD;
Player Test1 won trick with Three of Clubs&#xD;
Test&#xD;
Test&#xD;
Player Test4 won trick with Jack of Spades&#xD;
Test&#xD;
Test&#xD;
Player Test1 won trick with Queen of Diamonds&#xD;
Test&#xD;
Test&#xD;
Player Test1 won trick with Jack of Spades&#xD;
Test&#xD;
Test&#xD;
Test&#xD;
Test&#xD;
Player Test1 won trick with Queen of Hearts&#xD;
Test&#xD;
Test&#xD;
Test&#xD;
Player Test1 won trick with Two of Diamonds&#xD;
Test&#xD;
Test&#xD;
Player Test1 won trick with Six of Diamonds&#xD;
Test&#xD;
Test&#xD;
Player Test3 won trick with Ten of Hearts&#xD;
Test&#xD;
Test&#xD;
Player Test4 won trick with Queen of Diamonds&#xD;
Test&#xD;
Test&#xD;
Test&#xD;
Player Test1 won trick with Five of Diamonds&#xD;
Test&#xD;
Test&#xD;
Test&#xD;
Player Test1 won trick with Jack of Hearts&#xD;
Test&#xD;
Test&#xD;
Player Test1 won trick with Jack of Diamonds&#xD;
Test&#xD;
Test&#xD;
Test&#xD;
Player Test1 won trick with Four of Spades&#xD;
Test&#xD;
Test&#xD;
Test&#xD;
Player Test1 won trick with King of Diamonds&#xD;
Test&#xD;
Test&#xD;
Test&#xD;
Player Test3 won trick with King of Hearts&#xD;
Test&#xD;
Test&#xD;
Test&#xD;
Player Test1 won trick with Four of Clubs&#xD;
Test&#xD;
Test&#xD;
Player Test1 won trick with Ace of Clubs&#xD;
Test&#xD;
Test&#xD;
Test&#xD;
Player Test1 won trick with Five of Clubs&#xD;
Test&#xD;
Test&#xD;
Test&#xD;
Test&#xD;
Player Test1 won trick with Ten of Hearts&#xD;
Player Test3 won trick with King of Spades&#xD;
Test&#xD;
Test&#xD;
Test&#xD;
Test&#xD;
Player Test1 won trick with Nine of Clubs&#xD;
Test&#xD;
Test&#xD;
Test&#xD;
Player Test1 won trick with Two of Clubs&#xD;
Test&#xD;
Test&#xD;
Test&#xD;
Player Test1 won trick with King of Clubs&#xD;
Test&#xD;
Test&#xD;
Test&#xD;
Test&#xD;
Player Test1 won trick with Two of Hearts&#xD;
Test&#xD;
Test&#xD;
Test&#xD;
Test&#xD;
Player Test1 won trick with Eight of Hearts&#xD;
Test&#xD;
Test&#xD;
Player Test3 won trick with Seven of Clubs&#xD;
Test&#xD;
Test&#xD;
Test&#xD;
Test&#xD;
Player Test1 won trick with Jack of Hearts&#xD;
Test&#xD;
Test&#xD;
Player Test1 won trick with Queen of Diamonds&#xD;
Test&#xD;
Test&#xD;
Test&#xD;
Player Test1 won trick with Seven of Spades&#xD;
Test&#xD;
Test&#xD;
Player Test2 won trick with Jack of Hearts&#xD;
Test&#xD;
Test&#xD;
Player Test4 won trick with Nine of Spades&#xD;
Test&#xD;
Player Test1 won trick with Seven of Diamonds&#xD;
Test&#xD;
Player Test1 won trick with King of Clubs&#xD;
Test&#xD;
Test&#xD;
Test&#xD;
Player Test1 won trick with Queen of Hearts&#xD;
Test&#xD;
Test&#xD;
Test&#xD;
Player Test1 won trick with King of Hearts&#xD;
Test&#xD;
Player Test1 won trick with Six of Diamonds&#xD;
Test&#xD;
Test&#xD;
Player Test1 won trick with Ace of Clubs&#xD;
Test&#xD;
Test&#xD;
Test&#xD;
Test&#xD;
Player Test1 won trick with Ten of Hearts&#xD;
Test&#xD;
Test&#xD;
Test&#xD;
Player Test1 won trick with Three of Clubs&#xD;
Test&#xD;
Test&#xD;
Test&#xD;
Test&#xD;
Player Test1 won trick with Queen of Spades&#xD;
Test&#xD;
Test&#xD;
Test&#xD;
Player Test1 won trick with Seven of Spades&#xD;
Test&#xD;
Test&#xD;
Test&#xD;
Player Test1 won trick with Ten of Clubs&#xD;
Test&#xD;
Test&#xD;
Player Test3 won trick with Nine of Spades&#xD;
Test&#xD;
Test&#xD;
Player Test1 won trick with King of Diamonds&#xD;
Test&#xD;
Player Test4 won trick with King of Clubs&#xD;
Test&#xD;
Test&#xD;
Test&#xD;
Player Test1 won trick with King of Clubs&#xD;
Test&#xD;
Test&#xD;
Test&#xD;
Player Test1 won trick with King of Diamonds&#xD;
Test&#xD;
Test&#xD;
Test&#xD;
Player Test1 won trick with Four of Spades&#xD;
Test&#xD;
Test&#xD;
Player Test3 won trick with Jack of Spades&#xD;
Test&#xD;
Test&#xD;
Test&#xD;
Player Test1 won trick with Six of Hearts&#xD;
Test&#xD;
Test&#xD;
Player Test1 won trick with Queen of Clubs&#xD;
Test&#xD;
Test&#xD;
Test&#xD;
Test&#xD;
Player Test1 won trick with Seven of Hearts&#xD;
Test&#xD;
Test&#xD;
Player Test1 won trick with Nine of Clubs&#xD;
Test&#xD;
Test&#xD;
Player Test4 won trick with Nine of Clubs&#xD;
Test&#xD;
Test&#xD;
Test&#xD;
Player Test1 won trick with Ace of Spades&#xD;
Test&#xD;
Test&#xD;
Player Test1 won trick with Queen of Diamonds&#xD;
Test&#xD;
Test&#xD;
Player Test1 won trick with Eight of Diamonds&#xD;
Test&#xD;
Test&#xD;
Test&#xD;
Player Test3 won trick with Jack of Hearts&#xD;
Test&#xD;
Test&#xD;
Player Test1 won trick with Seven of Clubs&#xD;
Test&#xD;
Player Test3 won trick with King of Hearts&#xD;
Test&#xD;
Test&#xD;
Player Test4 won trick with Ten of Clubs&#xD;
Test&#xD;
Test&#xD;
Player Test3 won trick with Jack of Diamonds&#xD;
Test&#xD;
Test&#xD;
Test&#xD;
Player Test1 won trick with Six of Diamonds&#xD;
Test&#xD;
Test&#xD;
Test&#xD;
Test&#xD;
Player Test1 won trick with Nine of Hearts&#xD;
Test&#xD;
Test&#xD;
Test&#xD;
Player Test2 won trick with Six of Hearts&#xD;
Test&#xD;
Test&#xD;
Test&#xD;
Player Test1 won trick with Jack of Hearts&#xD;
Test&#xD;
Player Test1 won trick with Jack of Diamonds&#xD;
Test&#xD;
Test&#xD;
Player Test1 won trick with Nine of Spades&#xD;
Test&#xD;
Test&#xD;
Test&#xD;
Player Test1 won trick with Four of Spades&#xD;
Test&#xD;
Test&#xD;
Test&#xD;
Player Test1 won trick with Nine of Hearts&#xD;
Test&#xD;
Test&#xD;
Player Test1 won trick with King of Clubs&#xD;
Test&#xD;
Test&#xD;
Test&#xD;
Player Test1 won trick with Nine of Clubs&#xD;
Test&#xD;
Test&#xD;
Test&#xD;
Test&#xD;
Player Test1 won trick with Nine of Hearts&#xD;
Test&#xD;
Test&#xD;
Player Test2 won trick with Eight of Clubs&#xD;
Test&#xD;
Test&#xD;
Player Test3 won trick with King of Spades&#xD;
Test&#xD;
Test&#xD;
Player Test1 won trick with Ten of Spades&#xD;
Test&#xD;
Test&#xD;
Test&#xD;
Player Test1 won trick with Jack of Hearts&#xD;
Test&#xD;
Test&#xD;
Test&#xD;
Player Test4 won trick with King of Hearts&#xD;
Test&#xD;
Test&#xD;
Test&#xD;
Test&#xD;
Player Test1 won trick with Jack of Diamonds&#xD;
Test&#xD;
Test&#xD;
Player Test1 won trick with Eight of Clubs&#xD;
Test&#xD;
Test&#xD;
Player Test4 won trick with Queen of Spades&#xD;
Test&#xD;
Player Test3 won trick with King of Spades&#xD;
Test&#xD;
Test&#xD;
Test&#xD;
Player Test1 won trick with Jack of Clubs&#xD;
Test&#xD;
Test&#xD;
Test&#xD;
Test&#xD;
Player Test1 won trick with Two of Spades&#xD;
Test&#xD;
Test&#xD;
Player Test1 won trick with Six of Diamonds&#xD;
Test&#xD;
Player Test2 won trick with Nine of Clubs&#xD;
Test&#xD;
Test&#xD;
Test&#xD;
Player Test1 won trick with Seven of Spades&#xD;
Test&#xD;
Test&#xD;
Test&#xD;
Player Test1 won trick with Jack of Hearts&#xD;
Test&#xD;
Test&#xD;
Test&#xD;
Player Test1 won trick with Nine of Diamonds&#xD;
Test&#xD;
Test&#xD;
Test&#xD;
Player Test2 won trick with Ten of Clubs&#xD;
Test&#xD;
Test&#xD;
Test&#xD;
Player Test1 won trick with Three of Spades&#xD;
Test&#xD;
Test&#xD;
Player Test2 won trick with Ace of Clubs&#xD;
Test&#xD;
Test&#xD;
Player Test2 won trick with Three of Diamonds&#xD;
Test&#xD;
Test&#xD;
Player Test1 won trick with Seven of Clubs&#xD;
Test&#xD;
Player Test1 won trick with Six of Clubs&#xD;
Test&#xD;
Test&#xD;
Player Test3 won trick with Ten of Spades&#xD;
Test&#xD;
Test&#xD;
Test&#xD;
Player Test3 won trick with Queen of Hearts&#xD;
Test&#xD;
Test&#xD;
Player Test1 won trick with Jack of Clubs&#xD;
Test&#xD;
Test&#xD;
Player Test3 won trick with Ace of Spades&#xD;
Test&#xD;
Player Test1 won trick with Eight of Clubs&#xD;
Test&#xD;
Player Test4 won trick with Ace of Diamonds&#xD;
Test&#xD;
Test&#xD;
Player Test3 won trick with Seven of Diamonds&#xD;
Test&#xD;
Test&#xD;
Test&#xD;
Player Test1 won trick with Ace of Clubs&#xD;
Test&#xD;
Test&#xD;
Test&#xD;
Player Test1 won trick with Eight of Spades&#xD;
Test&#xD;
Test&#xD;
Test&#xD;
Player Test1 won trick with King of Spades&#xD;
Test&#xD;
Test&#xD;
Player Test1 won trick with Four of Spades&#xD;
Test&#xD;
Test&#xD;
Player Test4 won trick with Nine of Spades&#xD;
Test&#xD;
Test&#xD;
Player Test4 won trick with Ten of Spades&#xD;
Test&#xD;
Player Test2 won trick with Queen of Spades&#xD;
Test&#xD;
Test&#xD;
Test&#xD;
Test&#xD;
Player Test1 won trick with Queen of Hearts&#xD;
Test&#xD;
Test&#xD;
Test&#xD;
Player Test1 won trick with Three of Diamonds&#xD;
Test&#xD;
Test&#xD;
Test&#xD;
Player Test1 won trick with Eight of Clubs&#xD;
Test&#xD;
Test&#xD;
Test&#xD;
Test&#xD;
Player Test1 won trick with King of Hearts&#xD;
Test&#xD;
Test&#xD;
Test&#xD;
Player Test3 won trick with Nine of Spades&#xD;
Test&#xD;
Test&#xD;
Player Test1 won trick with Queen of Spades&#xD;
Test&#xD;
Test&#xD;
Player Test1 won trick with Seven of Diamonds&#xD;
Test&#xD;
Test&#xD;
Player Test4 won trick with Seven of Diamonds&#xD;
Test&#xD;
Test&#xD;
Player Test1 won trick with Jack of Spades&#xD;
Test&#xD;
Test&#xD;
Test&#xD;
Player Test1 won trick with Seven of Diamonds&#xD;
Test&#xD;
Test&#xD;
Player Test1 won trick with Eight of Diamonds&#xD;
Test&#xD;
Test&#xD;
Test&#xD;
Player Test1 won trick with Two of Diamonds&#xD;
Test&#xD;
Test&#xD;
Test&#xD;
Player Test1 won trick with Seven of Hearts&#xD;
Test&#xD;
Test&#xD;
Test&#xD;
Player Test1 won trick with Nine of Hearts&#xD;
Test&#xD;
Test&#xD;
Test&#xD;
Player Test2 won trick with Ace of Diamonds&#xD;
Test&#xD;
Test&#xD;
Test&#xD;
Player Test1 won trick with Three of Spades&#xD;
Test&#xD;
Test&#xD;
Test&#xD;
Player Test1 won trick with Four of Clubs&#xD;
Test&#xD;
Test&#xD;
Player Test1 won trick with Ace of Diamonds&#xD;
Test&#xD;
Test&#xD;
Test&#xD;
Player Test1 won trick with Four of Diamonds&#xD;
Test&#xD;
Player Test4 won trick with Nine of Spades&#xD;
Test&#xD;
Test&#xD;
Player Test1 won trick with Ace of Diamonds&#xD;
Test&#xD;
Test&#xD;
Test&#xD;
Player Test1 won trick with Eight of Diamonds&#xD;
Test&#xD;
Player Test1 won trick with Ace of Clubs&#xD;
Test&#xD;
Test&#xD;
Player Test1 won trick with Eight of Clubs&#xD;
Test&#xD;
Test&#xD;
Test&#xD;
Player Test1 won trick with Ace of Diamonds&#xD;
Test&#xD;
Test&#xD;
Player Test1 won trick with Jack of Spades&#xD;
Test&#xD;
Test&#xD;
Test&#xD;
Player Test1 won trick with Jack of Diamonds&#xD;
Test&#xD;
Player Test1 won trick with Seven of Spades&#xD;
Test&#xD;
Test&#xD;
Test&#xD;
Player Test1 won trick with Seven of Hearts&#xD;
Test&#xD;
Test&#xD;
Player Test1 won trick with Eight of Spades&#xD;
Test&#xD;
Test&#xD;
Player Test2 won trick with Nine of Diamonds&#xD;
Test&#xD;
Test&#xD;
Test&#xD;
Player Test1 won trick with Three of Diamonds&#xD;
Test&#xD;
Test&#xD;
Test&#xD;
Test&#xD;
Player Test1 won trick with Six of Hearts&#xD;
Test&#xD;
Test&#xD;
Test&#xD;
Test&#xD;
Player Test1 won trick with Nine of Hearts&#xD;
Test&#xD;
Test&#xD;
Player Test1 won trick with Ace of Hearts&#xD;
Test&#xD;
Test&#xD;
Player Test2 won trick with Jack of Hearts&#xD;
Test&#xD;
Test&#xD;
Test&#xD;
Player Test1 won trick with Four of Spades&#xD;
Test&#xD;
Test&#xD;
Test&#xD;
Player Test1 won trick with Two of Clubs&#xD;
Test&#xD;
Test&#xD;
Test&#xD;
Player Test1 won trick with Five of Clubs&#xD;
Test&#xD;
Test&#xD;
Test&#xD;
Test&#xD;
Player Test1 won trick with Ten of Hearts&#xD;
Test&#xD;
Test&#xD;
Test&#xD;
Player Test1 won trick with Five of Spades&#xD;
Test&#xD;
Player Test2 won trick with Ten of Spades&#xD;
Test&#xD;
Test&#xD;
Test&#xD;
Test&#xD;
Player Test1 won trick with Jack of Hearts&#xD;
Test&#xD;
Player Test3 won trick with King of Spades&#xD;
Test&#xD;
Test&#xD;
Test&#xD;
Test&#xD;
Player Test1 won trick with Two of Hearts&#xD;
Test&#xD;
Test&#xD;
Player Test1 won trick with Nine of Diamonds&#xD;
Test&#xD;
Test&#xD;
Player Test3 won trick with Six of Spades&#xD;
Test&#xD;
Test&#xD;
Player Test4 won trick with Jack of Clubs&#xD;
Test&#xD;
Player Test1 won trick with Queen of Clubs&#xD;
Test&#xD;
Test&#xD;
Player Test4 won trick with Seven of Clubs&#xD;
Test&#xD;
Test&#xD;
Player Test4 won trick with Jack of Diamonds&#xD;
Test&#xD;
Test&#xD;
Player Test2 won trick with Queen of Hearts&#xD;
Test&#xD;
Test&#xD;
Test&#xD;
Test&#xD;
Player Test1 won trick with Two of Hearts&#xD;
Test&#xD;
Test&#xD;
Test&#xD;
Test&#xD;
Player Test1 won trick with Two of Hearts&#xD;
Test&#xD;
Test&#xD;
Player Test1 won trick with Queen of Diamonds&#xD;
Test&#xD;
Test&#xD;
Player Test1 won trick with Ace of Spades&#xD;
Test&#xD;
Player Test4 won trick with King of Diamonds&#xD;
Test&#xD;
Test&#xD;
Test&#xD;
Player Test1 won trick with Three of Diamonds&#xD;
Test&#xD;
Test&#xD;
Test&#xD;
Player Test1 won trick with Queen of Diamonds&#xD;
Test&#xD;
Player Test1 won trick with Ten of Spades&#xD;
Test&#xD;
Test&#xD;
Test&#xD;
Player Test1 won trick with Seven of Diamonds&#xD;
Test&#xD;
Test&#xD;
Player Test1 won trick with Seven of Diamonds&#xD;
Test&#xD;
Test&#xD;
Test&#xD;
Player Test2 won trick with Queen of Hearts&#xD;
Test&#xD;
Test&#xD;
Player Test3 won trick with Ten of Clubs&#xD;
Test&#xD;
Test&#xD;
Test&#xD;
Player Test1 won trick with Nine of Clubs&#xD;
Test&#xD;
Test&#xD;
Test&#xD;
Test&#xD;
Player Test1 won trick with Five of Hearts&#xD;
Test&#xD;
Test&#xD;
Test&#xD;
Player Test1 won trick with Ace of Hearts&#xD;
Test&#xD;
Test&#xD;
Test&#xD;
Test&#xD;
Player Test1 won trick with Two of Hearts&#xD;
Test&#xD;
Test&#xD;
Player Test4 won trick with Queen of Diamonds&#xD;
Test&#xD;
Test&#xD;
Test&#xD;
Player Test1 won trick with Queen of Clubs&#xD;
Test&#xD;
Test&#xD;
Player Test1 won trick with Nine of Clubs&#xD;
Test&#xD;
Test&#xD;
Test&#xD;
Player Test1 won trick with Three of Diamonds&#xD;
Test&#xD;
Test&#xD;
Player Test1 won trick with Jack of Clubs&#xD;
Test&#xD;
Test&#xD;
Test&#xD;
Player Test1 won trick with Three of Diamonds&#xD;
Test&#xD;
Player Test4 won trick with Ace of Clubs&#xD;
Test&#xD;
Test&#xD;
Test&#xD;
Player Test1 won trick with Nine of Spades&#xD;
Test&#xD;
Test&#xD;
Test&#xD;
Player Test1 won trick with Ten of Clubs&#xD;
Test&#xD;
Player Test4 won trick with Ace of Diamonds&#xD;
Test&#xD;
Test&#xD;
Test&#xD;
Player Test1 won trick with Jack of Hearts&#xD;
Test&#xD;
Test&#xD;
Test&#xD;
Player Test1 won trick with Ace of Clubs&#xD;
Test&#xD;
Test&#xD;
Player Test2 won trick with King of Hearts&#xD;
Test&#xD;
Test&#xD;
Test&#xD;
Player Test1 won trick with King of Clubs&#xD;
Test&#xD;
Test&#xD;
Player Test2 won trick with King of Spades&#xD;
Player Test4 won trick with Ten of Spades&#xD;
Test&#xD;
Test&#xD;
Player Test1 won trick with King of Spades&#xD;
Test&#xD;
Test&#xD;
Player Test4 won trick with Nine of Diamonds&#xD;
Test&#xD;
Test&#xD;
Player Test1 won trick with Six of Clubs&#xD;
Test&#xD;
Test&#xD;
Player Test1 won trick with Nine of Spades&#xD;
Test&#xD;
Test&#xD;
Player Test2 won trick with Queen of Diamonds&#xD;
Test&#xD;
Test&#xD;
Player Test1 won trick with Eight of Diamonds&#xD;
Test&#xD;
Test&#xD;
Test&#xD;
Test&#xD;
Player Test1 won trick with Three of Hearts&#xD;
Test&#xD;
Test&#xD;
Test&#xD;
Player Test1 won trick with Four of Clubs&#xD;
Test&#xD;
Test&#xD;
Player Test1 won trick with King of Spades&#xD;
Test&#xD;
Test&#xD;
Player Test1 won trick with Queen of Diamonds&#xD;
Test&#xD;
Test&#xD;
Test&#xD;
Player Test1 won trick with Queen of Clubs&#xD;
Test&#xD;
Test&#xD;
Test&#xD;
Player Test1 won trick with Three of Clubs&#xD;
Test&#xD;
Test&#xD;
Player Test3 won trick with Queen of Spades&#xD;
Test&#xD;
Test&#xD;
Player Test1 won trick with Ten of Spades&#xD;
Test&#xD;
Test&#xD;
Player Test1 won trick with King of Diamonds&#xD;
Test&#xD;
Test&#xD;
Test&#xD;
Player Test1 won trick with Six of Diamonds&#xD;
Test&#xD;
Test&#xD;
Test&#xD;
Player Test1 won trick with Eight of Clubs&#xD;
Test&#xD;
Test&#xD;
Test&#xD;
Test&#xD;
Player Test1 won trick with Ace of Hearts&#xD;
Test&#xD;
Test&#xD;
Player Test3 won trick with Queen of Clubs&#xD;
Test&#xD;
Test&#xD;
Test&#xD;
Player Test4 won trick with King of Hearts&#xD;
Test&#xD;
Test&#xD;
Test&#xD;
Player Test1 won trick with King of Hearts&#xD;
Test&#xD;
Test&#xD;
Player Test1 won trick with King of Diamonds&#xD;
Test&#xD;
Test&#xD;
Test&#xD;
Player Test1 won trick with Queen of Hearts&#xD;
Test&#xD;
Test&#xD;
Test&#xD;
Player Test1 won trick with Jack of Spades&#xD;
Test&#xD;
Test&#xD;
Player Test4 won trick with Jack of Diamonds&#xD;
Test&#xD;
Test&#xD;
Test&#xD;
Player Test1 won trick with Eight of Diamonds&#xD;
Test&#xD;
Test&#xD;
Player Test1 won trick with Jack of Diamonds&#xD;
Test&#xD;
Test&#xD;
Test&#xD;
Player Test1 won trick with Queen of Diamonds&#xD;
Test&#xD;
Test&#xD;
Test&#xD;
Player Test1 won trick with Six of Clubs&#xD;
Test&#xD;
Test&#xD;
Player Test4 won trick with Three of Spades&#xD;
Test&#xD;
Test&#xD;
Player Test2 won trick with Queen of Spades&#xD;
Test&#xD;
Test&#xD;
Test&#xD;
Player Test1 won trick with Ace of Clubs&#xD;
Test&#xD;
Test&#xD;
Test&#xD;
Player Test1 won trick with Ace of Hearts&#xD;
Test&#xD;
Test&#xD;
Test&#xD;
Test&#xD;
Player Test1 won trick with Ace of Hearts&#xD;
Test&#xD;
Player Test3 won trick with Ace of Spades&#xD;
Test&#xD;
Test&#xD;
Player Test1 won trick with Seven of Spades&#xD;
Test&#xD;
Test&#xD;
Player Test1 won trick with Four of Diamonds&#xD;
Test&#xD;
Test&#xD;
Player Test4 won trick with Ace of Diamonds&#xD;
Test&#xD;
Test&#xD;
Test&#xD;
Player Test1 won trick with Ace of Clubs&#xD;
Test&#xD;
Test&#xD;
Test&#xD;
Player Test1 won trick with King of Hearts&#xD;
Test&#xD;
Test&#xD;
Player Test1 won trick with Eight of Diamonds&#xD;
Test&#xD;
Test&#xD;
Test&#xD;
Player Test1 won trick with Ace of Hearts&#xD;
Test&#xD;
Test&#xD;
Test&#xD;
Player Test1 won trick with Seven of Spades&#xD;
Test&#xD;
Test&#xD;
Test&#xD;
Player Test1 won trick with King of Clubs&#xD;
Test&#xD;
Test&#xD;
Test&#xD;
Player Test1 won trick with Eight of Diamonds&#xD;
Test&#xD;
Test&#xD;
Test&#xD;
Player Test1 won trick with Queen of Diamonds&#xD;
Test&#xD;
Test&#xD;
Test&#xD;
Player Test1 won trick with Six of Diamonds&#xD;
Test&#xD;
Test&#xD;
Player Test1 won trick with Four of Clubs&#xD;
Test&#xD;
Test&#xD;
Test&#xD;
Player Test1 won trick with King of Clubs&#xD;
Test&#xD;
Test&#xD;
Test&#xD;
Player Test3 won trick with Four of Hearts&#xD;
Test&#xD;
Test&#xD;
Test&#xD;
Test&#xD;
Player Test1 won trick with Four of Hearts&#xD;
Test&#xD;
Test&#xD;
Player Test1 won trick with Jack of Diamonds&#xD;
Test&#xD;
Test&#xD;
Test&#xD;
Player Test1 won trick with Nine of Diamonds&#xD;
Test&#xD;
Test&#xD;
Test&#xD;
Test&#xD;
Player Test1 won trick with Ace of Hearts&#xD;
Test&#xD;
Player Test1 won trick with Jack of Spades&#xD;
Test&#xD;
Test&#xD;
Test&#xD;
Player Test1 won trick with Ten of Hearts&#xD;
Test&#xD;
Test&#xD;
Test&#xD;
Player Test1 won trick with Six of Spades&#xD;
Test&#xD;
Test&#xD;
Test&#xD;
Test&#xD;
Player Test1 won trick with Four of Hearts&#xD;
Test&#xD;
Test&#xD;
Test&#xD;
Player Test1 won trick with Queen of Diamonds&#xD;
Test&#xD;
Player Test3 won trick with Ace of Diamonds&#xD;
Test&#xD;
Test&#xD;
Test&#xD;
Test&#xD;
Player Test1 won trick with Six of Clubs&#xD;
Test&#xD;
Test&#xD;
Test&#xD;
Player Test1 won trick with Six of Spades&#xD;
Test&#xD;
Test&#xD;
Player Test1 won trick with Ten of Hearts&#xD;
Test&#xD;
Test&#xD;
Player Test1 won trick with Ten of Diamonds&#xD;
Test&#xD;
Test&#xD;
Test&#xD;
Test&#xD;
Player Test1 won trick with Queen of Hearts&#xD;
Test&#xD;
Test&#xD;
Test&#xD;
Player Test1 won trick with Jack of Clubs&#xD;
Test&#xD;
Test&#xD;
Test&#xD;
Test&#xD;
Player Test1 won trick with Seven of Hearts&#xD;
Test&#xD;
Test&#xD;
Test&#xD;
Player Test1 won trick with Queen of Clubs&#xD;
Test&#xD;
Test&#xD;
Test&#xD;
Player Test1 won trick with Jack of Hearts&#xD;
Test&#xD;
Test&#xD;
Player Test1 won trick with Nine of Clubs&#xD;
Test&#xD;
Test&#xD;
Player Test1 won trick with Five of Clubs&#xD;
Test&#xD;
Player Test3 won trick with Ten of Spades&#xD;
Test&#xD;
Test&#xD;
Test&#xD;
Player Test1 won trick with Five of Spades&#xD;
Test&#xD;
Test&#xD;
Test&#xD;
Player Test4 won trick with Nine of Clubs&#xD;
Test&#xD;
Test&#xD;
Player Test4 won trick with Ace of Spades&#xD;
Test&#xD;
Test&#xD;
Player Test3 won trick with King of Hearts&#xD;
Test&#xD;
Test&#xD;
Test&#xD;
Test&#xD;
Player Test1 won trick with Jack of Hearts&#xD;
Test&#xD;
Test&#xD;
Player Test1 won trick with Jack of Diamonds&#xD;
Test&#xD;
Test&#xD;
Player Test4 won trick with Queen of Diamonds&#xD;
Test&#xD;
Test&#xD;
Player Test4 won trick with Eight of Spades&#xD;
Test&#xD;
Test&#xD;
Player Test2 won trick with Ace of Spades&#xD;
Test&#xD;
Test&#xD;
Player Test1 won trick with Ace of Spades&#xD;
Test&#xD;
Test&#xD;
Player Test1 won trick with King of Diamonds&#xD;
Test&#xD;
Test&#xD;
Player Test4 won trick with Seven of Clubs&#xD;
Test&#xD;
Test&#xD;
Player Test2 won trick with King of Hearts&#xD;
Test&#xD;
Test&#xD;
Player Test1 won trick with Jack of Diamonds&#xD;
Test&#xD;
Test&#xD;
Player Test1 won trick with Eight of Spades&#xD;
Test&#xD;
Test&#xD;
Test&#xD;
Test&#xD;
Player Test1 won trick with Nine of Diamonds&#xD;
Test&#xD;
Test&#xD;
Player Test1 won trick with Ace of Spades&#xD;
Test&#xD;
Test&#xD;
Test&#xD;
Test&#xD;
Player Test1 won trick with Four of Hearts&#xD;
Test&#xD;
Player Test3 won trick with King of Diamonds&#xD;
Test&#xD;
Test&#xD;
Player Test1 won trick with Queen of Spades&#xD;
Test&#xD;
Test&#xD;
Player Test2 won trick with Seven of Spades&#xD;
Test&#xD;
Test&#xD;
Test&#xD;
Player Test1 won trick with Ace of Spades&#xD;
Test&#xD;
Test&#xD;
Test&#xD;
Player Test1 won trick with Four of Clubs&#xD;
Test&#xD;
Test&#xD;
Player Test2 won trick with Eight of Diamonds&#xD;
Test&#xD;
Test&#xD;
Test&#xD;
Player Test1 won trick with Queen of Hearts&#xD;
Test&#xD;
Test&#xD;
Player Test3 won trick with Six of Clubs&#xD;
Test&#xD;
Player Test4 won trick with Nine of Spades&#xD;
Test&#xD;
Test&#xD;
Test&#xD;
Test&#xD;
Player Test1 won trick with Eight of Hearts&#xD;
Test&#xD;
Player Test4 won trick with Ten of Spades&#xD;
Test&#xD;
Test&#xD;
Test&#xD;
Player Test1 won trick with Four of Clubs&#xD;
Test&#xD;
Test&#xD;
Test&#xD;
Player Test1 won trick with Queen of Clubs&#xD;
Test&#xD;
Test&#xD;
Test&#xD;
Player Test1 won trick with Five of Hearts&#xD;
Test&#xD;
Test&#xD;
Test&#xD;
Test&#xD;
Player Test1 won trick with Three of Spades&#xD;
Test&#xD;
Test&#xD;
Test&#xD;
Player Test3 won trick with Eight of Hearts&#xD;
Test&#xD;
Test&#xD;
Test&#xD;
Player Test1 won trick with Ace of Spades&#xD;
Test&#xD;
Test&#xD;
Test&#xD;
Test&#xD;
Player Test1 won trick with Four of Hearts&#xD;
Test&#xD;
Test&#xD;
Test&#xD;
Player Test1 won trick with Queen of Clubs&#xD;
Test&#xD;
Test&#xD;
Player Test3 won trick with Ace of Spades&#xD;
Test&#xD;
Test&#xD;
Test&#xD;
Player Test1 won trick with Jack of Hearts&#xD;
Test&#xD;
Test&#xD;
Test&#xD;
Player Test1 won trick with Ace of Clubs&#xD;
Test&#xD;
Test&#xD;
Player Test1 won trick with Ace of Clubs&#xD;
Test&#xD;
Test&#xD;
Test&#xD;
Player Test1 won trick with Nine of Diamonds&#xD;
Test&#xD;
Test&#xD;
Test&#xD;
Player Test1 won trick with Six of Clubs&#xD;
Test&#xD;
Test&#xD;
Player Test1 won trick with Nine of Clubs&#xD;
Test&#xD;
Test&#xD;
Test&#xD;
Test&#xD;
Player Test1 won trick with Nine of Clubs&#xD;
Test&#xD;
Test&#xD;
Test&#xD;
Player Test1 won trick with Nine of Diamonds&#xD;
Test&#xD;
Test&#xD;
Test&#xD;
Player Test1 won trick with King of Diamonds&#xD;
Player Test2 won trick with Queen of Spades&#xD;
Test&#xD;
Test&#xD;
Test&#xD;
Player Test1 won trick with Ace of Spades&#xD;
Test&#xD;
Test&#xD;
Test&#xD;
Player Test1 won trick with Eight of Diamonds&#xD;
Test&#xD;
Test&#xD;
Player Test1 won trick with Seven of Diamonds&#xD;
Test&#xD;
Test&#xD;
Player Test4 won trick with King of Diamonds&#xD;
Test&#xD;
Test&#xD;
Test&#xD;
Player Test1 won trick with Eight of Hearts&#xD;
Test&#xD;
Test&#xD;
Test&#xD;
Player Test1 won trick with Eight of Diamonds&#xD;
Test&#xD;
Test&#xD;
Test&#xD;
Player Test3 won trick with Six of Hearts&#xD;
Test&#xD;
Test&#xD;
Test&#xD;
Player Test1 won trick with Ten of Spades&#xD;
Test&#xD;
Test&#xD;
Player Test3 won trick with Jack of Spades&#xD;
Test&#xD;
Test&#xD;
Test&#xD;
Player Test4 won trick with Ten of Hearts&#xD;
Test&#xD;
Test&#xD;
Player Test1 won trick with Jack of Diamonds&#xD;
Test&#xD;
Test&#xD;
Player Test1 won trick with Ace of Diamonds&#xD;
Test&#xD;
Player Test1 won trick with King of Hearts&#xD;
Test&#xD;
Test&#xD;
Test&#xD;
Player Test1 won trick with Four of Clubs&#xD;
Test&#xD;
Test&#xD;
Player Test4 won trick with Eight of Diamonds&#xD;
Test&#xD;
Test&#xD;
Test&#xD;
Player Test1 won trick with Ace of Clubs&#xD;
Test&#xD;
Test&#xD;
Test&#xD;
Test&#xD;
Player Test1 won trick with Four of Hearts&#xD;
Test&#xD;
Test&#xD;
Test&#xD;
Player Test1 won trick with Queen of Diamonds&#xD;
Test&#xD;
Test&#xD;
Test&#xD;
Test&#xD;
Player Test1 won trick with King of Hearts&#xD;
Test&#xD;
Test&#xD;
Player Test3 won trick with Seven of Diamonds&#xD;
Test&#xD;
Test&#xD;
Test&#xD;
Player Test2 won trick with Eight of Diamonds&#xD;
Test&#xD;
Test&#xD;
Player Test2 won trick with Four of Spades&#xD;
Test&#xD;
Test&#xD;
Player Test2 won trick with Six of Diamonds&#xD;
Test&#xD;
Test&#xD;
Player Test4 won trick with Jack of Spades&#xD;
Test&#xD;
Test&#xD;
Test&#xD;
Player Test1 won trick with Eight of Clubs&#xD;
Test&#xD;
Test&#xD;
Test&#xD;
Player Test2 won trick with Queen of Hearts&#xD;
Test&#xD;
Player Test3 won trick with Five of Diamonds&#xD;
Test&#xD;
Test&#xD;
Test&#xD;
Player Test1 won trick with King of Hearts&#xD;
Test&#xD;
Test&#xD;
Test&#xD;
Player Test1 won trick with Four of Spades&#xD;
Test&#xD;
Player Test2 won trick with Ace of Spades&#xD;
Test&#xD;
Test&#xD;
Test&#xD;
Player Test1 won trick with Ace of Spades&#xD;
Test&#xD;
Test&#xD;
Test&#xD;
Player Test1 won trick with Jack of Spades&#xD;
Test&#xD;
Test&#xD;
Test&#xD;
Player Test1 won trick with Seven of Diamonds&#xD;
Test&#xD;
Test&#xD;
Test&#xD;
Player Test3 won trick with Queen of Hearts&#xD;
Test&#xD;
Test&#xD;
Test&#xD;
Test&#xD;
Player Test1 won trick with Six of Hearts&#xD;
Test&#xD;
Player Test3 won trick with Jack of Spades&#xD;
Test&#xD;
Test&#xD;
Test&#xD;
Test&#xD;
Player Test1 won trick with Eight of Hearts&#xD;
Test&#xD;
Test&#xD;
Test&#xD;
Player Test1 won trick with Seven of Clubs&#xD;
Test&#xD;
Test&#xD;
Player Test3 won trick with Queen of Clubs&#xD;
Test&#xD;
Test&#xD;
Test&#xD;
Test&#xD;
Player Test1 won trick with Two of Spades&#xD;
Test&#xD;
Test&#xD;
Test&#xD;
Player Test1 won trick with Ten of Hearts&#xD;
Test&#xD;
Test&#xD;
Test&#xD;
Player Test1 won trick with Ten of Spades&#xD;
Test&#xD;
Test&#xD;
Test&#xD;
Player Test1 won trick with Four of Diamonds&#xD;
Test&#xD;
Test&#xD;
Player Test1 won trick with King of Clubs&#xD;
Test&#xD;
Test&#xD;
Test&#xD;
Test&#xD;
Player Test1 won trick with King of Hearts&#xD;
Test&#xD;
Test&#xD;
Player Test1 won trick with Nine of Spades&#xD;
Test&#xD;
Test&#xD;
Test&#xD;
Player Test1 won trick with Three of Diamonds&#xD;
Test&#xD;
Test&#xD;
Player Test4 won trick with Eight of Diamonds&#xD;
Test&#xD;
Test&#xD;
Test&#xD;
Test&#xD;
Player Test1 won trick with King of Hearts&#xD;
Test&#xD;
Test&#xD;
Test&#xD;
Test&#xD;
Player Test1 won trick with Eight of Hearts&#xD;
Test&#xD;
Player Test1 won trick with King of Diamonds&#xD;
Test&#xD;
Test&#xD;
Player Test1 won trick with Queen of Diamonds&#xD;
Test&#xD;
Test&#xD;
Test&#xD;
Player Test1 won trick with Six of Diamonds&#xD;
Test&#xD;
Test&#xD;
Test&#xD;
Player Test1 won trick with Five of Spades&#xD;
Test&#xD;
Test&#xD;
Test&#xD;
Player Test1 won trick with Ten of Hearts&#xD;
Test&#xD;
Player Test2 won trick with Queen of Clubs&#xD;
Test&#xD;
Test&#xD;
Test&#xD;
Player Test3 won trick with Jack of Diamonds&#xD;
Test&#xD;
Test&#xD;
Test&#xD;
Test&#xD;
Player Test1 won trick with Ten of Hearts&#xD;
Test&#xD;
Test&#xD;
Test&#xD;
Player Test1 won trick with Two of Diamonds&#xD;
Test&#xD;
Test&#xD;
Player Test3 won trick with Four of Spades&#xD;
Test&#xD;
Test&#xD;
Test&#xD;
Player Test1 won trick with King of Diamonds&#xD;
Test&#xD;
Test&#xD;
Player Test1 won trick with Ten of Spades&#xD;
Test&#xD;
Test&#xD;
Test&#xD;
Player Test1 won trick with Six of Spades&#xD;
Test&#xD;
Test&#xD;
Test&#xD;
Test&#xD;
Player Test1 won trick with Nine of Hearts&#xD;
Test&#xD;
Test&#xD;
Test&#xD;
Test&#xD;
Player Test1 won trick with Six of Hearts&#xD;
Test&#xD;
Test&#xD;
Test&#xD;
Player Test1 won trick with King of Diamonds&#xD;
Test&#xD;
Test&#xD;
Test&#xD;
Test&#xD;
Player Test1 won trick with Jack of Hearts&#xD;
Test&#xD;
Player Test4 won trick with King of Diamonds&#xD;
Test&#xD;
Player Test2 won trick with Queen of Diamonds&#xD;
Test&#xD;
Test&#xD;
Test&#xD;
Test&#xD;
Player Test1 won trick with Five of Hearts&#xD;
Test&#xD;
Test&#xD;
Test&#xD;
Test&#xD;
Player Test1 won trick with Three of Hearts&#xD;
Test&#xD;
Test&#xD;
Player Test4 won trick with Ace of Spades&#xD;
Test&#xD;
Test&#xD;
Test&#xD;
Test&#xD;
Player Test1 won trick with Two of Hearts&#xD;
Test&#xD;
Test&#xD;
Player Test1 won trick with Ace of Spades&#xD;
Test&#xD;
Test&#xD;
Test&#xD;
Player Test1 won trick with Seven of Spades&#xD;
Test&#xD;
Test&#xD;
Test&#xD;
Player Test1 won trick with Ten of Spades&#xD;
Test&#xD;
Test&#xD;
Test&#xD;
Player Test1 won trick with Eight of Clubs&#xD;
Test&#xD;
Test&#xD;
Test&#xD;
Test&#xD;
Player Test1 won trick with Ace of Spades&#xD;
Test&#xD;
Test&#xD;
Player Test4 won trick with Queen of Spades&#xD;
Test&#xD;
Test&#xD;
Test&#xD;
Player Test1 won trick with Eight of Clubs&#xD;
Test&#xD;
Player Test4 won trick with Eight of Diamonds&#xD;
Test&#xD;
Test&#xD;
Player Test1 won trick with Jack of Spades&#xD;
Test&#xD;
Test&#xD;
Test&#xD;
Player Test1 won trick with Ten of Clubs&#xD;
Test&#xD;
Test&#xD;
Player Test2 won trick with Jack of Diamonds&#xD;
Test&#xD;
Test&#xD;
Player Test1 won trick with Seven of Diamonds&#xD;
Test&#xD;
Test&#xD;
Test&#xD;
Player Test1 won trick with Two of Clubs&#xD;
Test&#xD;
Test&#xD;
Test&#xD;
Player Test1 won trick with Ace of Diamonds&#xD;
Test&#xD;
Player Test3 won trick with King of Spades&#xD;
Test&#xD;
Test&#xD;
Test&#xD;
Player Test1 won trick with Ace of Clubs&#xD;
Test&#xD;
Test&#xD;
Test&#xD;
Player Test1 won trick with Jack of Clubs&#xD;
Test&#xD;
Test&#xD;
Test&#xD;
Player Test1 won trick with Six of Clubs&#xD;
Test&#xD;
Test&#xD;
Test&#xD;
Player Test1 won trick with Ace of Hearts&#xD;
Test&#xD;
Test&#xD;
Test&#xD;
Test&#xD;
Player Test1 won trick with Jack of Hearts&#xD;
Test&#xD;
Test&#xD;
Player Test1 won trick with Ten of Diamonds&#xD;
Test&#xD;
Test&#xD;
Test&#xD;
Player Test1 won trick with Nine of Hearts&#xD;
Test&#xD;
Player Test2 won trick with Ten of Diamonds&#xD;
Test&#xD;
Test&#xD;
Test&#xD;
Player Test1 won trick with Ten of Clubs&#xD;
Test&#xD;
Test&#xD;
Test&#xD;
Test&#xD;
Player Test1 won trick with Seven of Hearts&#xD;
Test&#xD;
Test&#xD;
Test&#xD;
Player Test1 won trick with Six of Spades&#xD;
Test&#xD;
Test&#xD;
Test&#xD;
Player Test1 won trick with Four of Spades&#xD;
Test&#xD;
Test&#xD;
Test&#xD;
Test&#xD;
Player Test1 won trick with Four of Hearts&#xD;
Test&#xD;
Test&#xD;
Player Test1 won trick with Six of Spades&#xD;
Test&#xD;
Test&#xD;
Player Test1 won trick with Nine of Clubs&#xD;
Test&#xD;
Player Test2 won trick with Ace of Spades&#xD;
Test&#xD;
Player Test1 won trick with Queen of Clubs&#xD;
Test&#xD;
Player Test4 won trick with Ten of Spades&#xD;
Test&#xD;
Test&#xD;
Player Test1 won trick with King of Spades&#xD;
Test&#xD;
Test&#xD;
Test&#xD;
Test&#xD;
Player Test1 won trick with Jack of Hearts&#xD;
Test&#xD;
Test&#xD;
Test&#xD;
Player Test1 won trick with Two of Clubs&#xD;
Test&#xD;
Test&#xD;
Player Test1 won trick with Queen of Clubs&#xD;
Test&#xD;
Test&#xD;
Player Test4 won trick with Queen of Hearts&#xD;
Test&#xD;
Test&#xD;
Test&#xD;
Player Test1 won trick with Seven of Spades&#xD;
Test&#xD;
Test&#xD;
Player Test2 won trick with King of Diamonds&#xD;
Test&#xD;
Test&#xD;
Test&#xD;
Player Test1 won trick with Nine of Diamonds&#xD;
Test&#xD;
Player Test1 won trick with Ten of Spades&#xD;
Test&#xD;
Test&#xD;
Test&#xD;
Player Test1 won trick with Ace of Hearts&#xD;
Test&#xD;
Test&#xD;
Test&#xD;
Test&#xD;
Player Test1 won trick with Four of Diamonds&#xD;
Test&#xD;
Test&#xD;
Player Test4 won trick with Seven of Clubs&#xD;
Test&#xD;
Player Test3 won trick with Queen of Diamonds&#xD;
Test&#xD;
Test&#xD;
Player Test2 won trick with Six of Spades&#xD;
Test&#xD;
Test&#xD;
Player Test1 won trick with Six of Diamonds&#xD;
Test&#xD;
Test&#xD;
Test&#xD;
Player Test1 won trick with Nine of Clubs&#xD;
Test&#xD;
Test&#xD;
Player Test1 won trick with Seven of Spades&#xD;
Test&#xD;
Player Test3 won trick with Ace of Hearts&#xD;
Test&#xD;
Test&#xD;
Player Test1 won trick with Seven of Spades&#xD;
Test&#xD;
Player Test1 won trick with Eight of Spades&#xD;
Test&#xD;
Test&#xD;
Test&#xD;
Player Test1 won trick with Eight of Clubs&#xD;
Test&#xD;
Test&#xD;
Test&#xD;
Player Test1 won trick with King of Clubs&#xD;
Test&#xD;
Test&#xD;
Player Test2 won trick with Six of Spades&#xD;
Test&#xD;
Test&#xD;
Test&#xD;
Test&#xD;
Player Test1 won trick with Six of Hearts&#xD;
Test&#xD;
Test&#xD;
Test&#xD;
Player Test1 won trick with Two of Clubs&#xD;
Test&#xD;
Test&#xD;
Player Test3 won trick with Nine of Clubs&#xD;
Test&#xD;
Test&#xD;
Player Test2 won trick with Ace of Spades&#xD;
Test&#xD;
Test&#xD;
Test&#xD;
Player Test2 won trick with Eight of Hearts&#xD;
Test&#xD;
Test&#xD;
Player Test3 won trick with King of Clubs&#xD;
Test&#xD;
Test&#xD;
Player Test3 won trick with Six of Clubs&#xD;
Test&#xD;
Player Test1 won trick with Queen of Diamonds&#xD;
Test&#xD;
Player Test2 won trick with Ace of Spades&#xD;
Test&#xD;
Test&#xD;
Test&#xD;
Player Test1 won trick with Seven of Spades&#xD;
Test&#xD;
Test&#xD;
Player Test2 won trick with Five of Diamonds&#xD;
Test&#xD;
Test&#xD;
Test&#xD;
Player Test1 won trick with Four of Clubs&#xD;
Test&#xD;
Test&#xD;
Player Test1 won trick with Seven of Spades&#xD;
Test&#xD;
Test&#xD;
Player Test1 won trick with King of Diamonds&#xD;
Test&#xD;
Test&#xD;
Test&#xD;
Player Test1 won trick with Nine of Diamonds&#xD;
Test&#xD;
Test&#xD;
Test&#xD;
Player Test4 won trick with Seven of Diamonds&#xD;
Test&#xD;
Test&#xD;
Player Test1 won trick with Ace of Hearts&#xD;
Test&#xD;
Test&#xD;
Test&#xD;
Player Test1 won trick with Six of Clubs&#xD;
Test&#xD;
Test&#xD;
Test&#xD;
Player Test1 won trick with Five of Spades&#xD;
Test&#xD;
Test&#xD;
Test&#xD;
Player Test1 won trick with Two of Diamonds&#xD;
Test&#xD;
Player Test3 won trick with Queen of Spades&#xD;
Test&#xD;
Test&#xD;
Test&#xD;
Test&#xD;
Player Test1 won trick with Five of Hearts&#xD;
Test&#xD;
Test&#xD;
Player Test1 won trick with Queen of Diamonds&#xD;
Test&#xD;
Test&#xD;
Player Test1 won trick with Ten of Clubs&#xD;
Test&#xD;
Test&#xD;
Test&#xD;
Player Test1 won trick with Nine of Clubs&#xD;
Test&#xD;
Test&#xD;
Test&#xD;
Test&#xD;
Player Test1 won trick with Nine of Hearts&#xD;
Test&#xD;
Test&#xD;
Player Test1 won trick with King of Clubs&#xD;
Test&#xD;
Test&#xD;
Player Test1 won trick with Three of Diamonds&#xD;
Test&#xD;
Test&#xD;
Test&#xD;
Player Test1 won trick with Jack of Hearts&#xD;
Test&#xD;
Test&#xD;
Test&#xD;
Player Test1 won trick with Six of Spades&#xD;
Test&#xD;
Test&#xD;
Test&#xD;
Test&#xD;
Player Test1 won trick with Ten of Hearts&#xD;
Test&#xD;
Test&#xD;
Player Test1 won trick with King of Clubs&#xD;
Test&#xD;
Test&#xD;
Test&#xD;
Player Test1 won trick with Ten of Clubs&#xD;
Player Test1 won trick with King of Clubs&#xD;
Test&#xD;
Player Test4 won trick with Ace of Diamonds&#xD;
Test&#xD;
Player Test1 won trick with Nine of Clubs&#xD;
Test&#xD;
Test&#xD;
Test&#xD;
Player Test1 won trick with Seven of Spades&#xD;
Test&#xD;
Test&#xD;
Player Test2 won trick with Five of Spades&#xD;
Test&#xD;
Test&#xD;
Test&#xD;
Test&#xD;
Player Test1 won trick with Six of Hearts&#xD;
Test&#xD;
Test&#xD;
Player Test1 won trick with Four of Spades&#xD;
Test&#xD;
Test&#xD;
Test&#xD;
Player Test1 won trick with Ten of Clubs&#xD;
Test&#xD;
Test&#xD;
Test&#xD;
Player Test1 won trick with Nine of Diamonds&#xD;
Test&#xD;
Test&#xD;
Test&#xD;
Test&#xD;
Player Test1 won trick with Seven of Hearts&#xD;
Test&#xD;
Test&#xD;
Player Test3 won trick with Jack of Diamonds&#xD;
Test&#xD;
Test&#xD;
Player Test1 won trick with Five of Diamonds&#xD;
Test&#xD;
Player Test1 won trick with Ace of Hearts&#xD;
Test&#xD;
Test&#xD;
Test&#xD;
Player Test1 won trick with Jack of Diamonds&#xD;
Test&#xD;
Test&#xD;
Test&#xD;
Player Test1 won trick with Ace of Clubs&#xD;
Test&#xD;
Test&#xD;
Test&#xD;
Test&#xD;
Player Test1 won trick with Two of Hearts&#xD;
Test&#xD;
Test&#xD;
Test&#xD;
Test&#xD;
Player Test1 won trick with Three of Hearts&#xD;
Test&#xD;
Test&#xD;
Test&#xD;
Player Test1 won trick with Nine of Spades&#xD;
Test&#xD;
Player Test2 won trick with Ace of Clubs&#xD;
Test&#xD;
Player Test2 won trick with Ace of Clubs&#xD;
Test&#xD;
Test&#xD;
Test&#xD;
Player Test3 won trick with Ace of Hearts&#xD;
Test&#xD;
Test&#xD;
Test&#xD;
Player Test3 won trick with Jack of Hearts&#xD;
Test&#xD;
Test&#xD;
Player Test3 won trick with Nine of Diamonds&#xD;
Test&#xD;
Test&#xD;
Test&#xD;
Player Test1 won trick with Three of Diamonds&#xD;
Test&#xD;
Test&#xD;
Player Test1 won trick with Eight of Diamonds&#xD;
Test&#xD;
Player Test3 won trick with Ace of Spades&#xD;
Test&#xD;
Test&#xD;
Player Test2 won trick with Nine of Clubs&#xD;
Test&#xD;
Test&#xD;
Player Test1 won trick with Eight of Spades&#xD;
Test&#xD;
Test&#xD;
Test&#xD;
Test&#xD;
Player Test1 won trick with Seven of Hearts&#xD;
Test&#xD;
Test&#xD;
Player Test3 won trick with Ace of Diamonds&#xD;
Test&#xD;
Test&#xD;
Test&#xD;
Player Test1 won trick with Seven of Diamonds&#xD;
Test&#xD;
Player Test1 won trick with Ten of Diamonds&#xD;
Test&#xD;
Test&#xD;
Test&#xD;
Player Test1 won trick with Eight of Clubs&#xD;
Test&#xD;
Test&#xD;
Test&#xD;
Test&#xD;
Player Test1 won trick with Ten of Spades&#xD;
Test&#xD;
Test&#xD;
Test&#xD;
Player Test1 won trick with Ten of Hearts&#xD;
Test&#xD;
Test&#xD;
Test&#xD;
Player Test1 won trick with King of Spades&#xD;
Test&#xD;
Test&#xD;
Test&#xD;
Player Test3 won trick with King of Hearts&#xD;
Test&#xD;
Test&#xD;
Test&#xD;
Player Test1 won trick with Ten of Diamonds&#xD;
Test&#xD;
Test&#xD;
Player Test2 won trick with Ace of Hearts&#xD;
Test&#xD;
Test&#xD;
Test&#xD;
Player Test1 won trick with Jack of Spades&#xD;
Test&#xD;
Test&#xD;
Test&#xD;
Player Test1 won trick with Ace of Hearts&#xD;
Test&#xD;
Test&#xD;
Player Test4 won trick with King of Hearts&#xD;
Test&#xD;
Test&#xD;
Player Test1 won trick with Eight of Spades&#xD;
Test&#xD;
Test&#xD;
Test&#xD;
Player Test1 won trick with Jack of Diamonds&#xD;
Test&#xD;
Test&#xD;
Player Test2 won trick with Queen of Hearts&#xD;
Test&#xD;
Test&#xD;
Player Test4 won trick with Nine of Diamonds&#xD;
Test&#xD;
Test&#xD;
Test&#xD;
Test&#xD;
Player Test1 won trick with Five of Hearts&#xD;
Test&#xD;
Test&#xD;
Test&#xD;
Test&#xD;
Player Test1 won trick with Seven of Hearts&#xD;
Test&#xD;
Test&#xD;
Test&#xD;
Player Test1 won trick with Six of Clubs&#xD;
Test&#xD;
Test&#xD;
Test&#xD;
Test&#xD;
Player Test1 won trick with Nine of Spades&#xD;
Test&#xD;
Test&#xD;
Player Test3 won trick with Eight of Spades&#xD;
Test&#xD;
Test&#xD;
Test&#xD;
Player Test3 won trick with Nine of Hearts&#xD;
Test&#xD;
Test&#xD;
Player Test1 won trick with Ten of Clubs&#xD;
Test&#xD;
Test&#xD;
Player Test1 won trick with Jack of Clubs&#xD;
Test&#xD;
Test&#xD;
Test&#xD;
Player Test1 won trick with Jack of Diamonds&#xD;
Player Test2 won trick with Jack of Spades&#xD;
Test&#xD;
Test&#xD;
Test&#xD;
Player Test1 won trick with Queen of Hearts&#xD;
Test&#xD;
Test&#xD;
Test&#xD;
Player Test1 won trick with King of Spades&#xD;
Test&#xD;
Test&#xD;
Test&#xD;
Player Test1 won trick with Jack of Hearts&#xD;
Test&#xD;
Test&#xD;
Player Test2 won trick with Six of Clubs&#xD;
Test&#xD;
Test&#xD;
Player Test2 won trick with Ace of Spades&#xD;
Test&#xD;
Test&#xD;
Player Test1 won trick with Queen of Clubs&#xD;
Test&#xD;
Test&#xD;
Player Test1 won trick with King of Spades&#xD;
Test&#xD;
Test&#xD;
Player Test1 won trick with King of Hearts&#xD;
Test&#xD;
Test&#xD;
Test&#xD;
Player Test1 won trick with Four of Clubs&#xD;
Test&#xD;
Test&#xD;
Test&#xD;
Test&#xD;
Player Test1 won trick with Seven of Hearts&#xD;
Test&#xD;
Test&#xD;
Test&#xD;
Test&#xD;
Player Test1 won trick with Three of Clubs&#xD;
Test&#xD;
Test&#xD;
Player Test2 won trick with Ace of Hearts&#xD;
Test&#xD;
Test&#xD;
Player Test2 won trick with King of Diamonds&#xD;
Test&#xD;
Test&#xD;
Test&#xD;
Test&#xD;
Player Test1 won trick with Eight of Diamonds&#xD;
Test&#xD;
Test&#xD;
Test&#xD;
Test&#xD;
Player Test1 won trick with Ten of Hearts&#xD;
Test&#xD;
Test&#xD;
Player Test1 won trick with Eight of Diamonds&#xD;
Test&#xD;
Test&#xD;
Test&#xD;
Player Test1 won trick with Queen of Diamonds&#xD;
Test&#xD;
Test&#xD;
Test&#xD;
Player Test1 won trick with King of Hearts&#xD;
Test&#xD;
Player Test1 won trick with Ace of Clubs&#xD;
Test&#xD;
Test&#xD;
Player Test2 won trick with Ten of Clubs&#xD;
Test&#xD;
Test&#xD;
Test&#xD;
Test&#xD;
Player Test1 won trick with Seven of Hearts&#xD;
Test&#xD;
Test&#xD;
Test&#xD;
Player Test1 won trick with Seven of Diamonds&#xD;
Test&#xD;
Test&#xD;
Test&#xD;
Player Test4 won trick with Eight of Hearts&#xD;
Test&#xD;
Test&#xD;
Test&#xD;
Player Test1 won trick with Seven of Spades&#xD;
Test&#xD;
Test&#xD;
Test&#xD;
Player Test1 won trick with Seven of Hearts&#xD;
Test&#xD;
Test&#xD;
Test&#xD;
Test&#xD;
Player Test1 won trick with Seven of Hearts&#xD;
Test&#xD;
Test&#xD;
Player Test4 won trick with Ace of Clubs&#xD;
Test&#xD;
Test&#xD;
Player Test4 won trick with Ace of Spades&#xD;
Test&#xD;
Test&#xD;
Test&#xD;
Player Test4 won trick with Ace of Clubs&#xD;
Test&#xD;
Test&#xD;
Test&#xD;
Player Test1 won trick with Queen of Clubs&#xD;
Test&#xD;
Player Test3 won trick with Eight of Clubs&#xD;
Test&#xD;
Test&#xD;
Player Test2 won trick with King of Diamonds&#xD;
Test&#xD;
Test&#xD;
Test&#xD;
Player Test1 won trick with Four of Spades&#xD;
Test&#xD;
Test&#xD;
Test&#xD;
Test&#xD;
Player Test1 won trick with Ten of Hearts&#xD;
Test&#xD;
Test&#xD;
Player Test3 won trick with Ten of Spades&#xD;
Test&#xD;
Test&#xD;
Test&#xD;
Player Test1 won trick with King of Spades&#xD;
Test&#xD;
Test&#xD;
Test&#xD;
Test&#xD;
Player Test1 won trick with Seven of Hearts&#xD;
Test&#xD;
Test&#xD;
Test&#xD;
Player Test1 won trick with Five of Diamonds&#xD;
Test&#xD;
Player Test2 won trick with Queen of Spades&#xD;
Test&#xD;
Test&#xD;
Test&#xD;
Player Test1 won trick with Eight of Clubs&#xD;
Test&#xD;
Test&#xD;
Player Test1 won trick with Seven of Diamonds&#xD;
Test&#xD;
Test&#xD;
Player Test1 won trick with Ten of Clubs&#xD;
Test&#xD;
Test&#xD;
Test&#xD;
Player Test1 won trick with King of Clubs&#xD;
Test&#xD;
Test&#xD;
Player Test4 won trick with Seven of Spades&#xD;
Test&#xD;
Test&#xD;
Player Test3 won trick with King of Hearts&#xD;
Test&#xD;
Test&#xD;
Test&#xD;
Player Test1 won trick with Seven of Hearts&#xD;
Test&#xD;
Test&#xD;
Player Test1 won trick with Jack of Spades&#xD;
Test&#xD;
Test&#xD;
Test&#xD;
Test&#xD;
Player Test1 won trick with Eight of Clubs&#xD;
Test&#xD;
Test&#xD;
Player Test1 won trick with Nine of Clubs&#xD;
Test&#xD;
Player Test2 won trick with Jack of Clubs&#xD;
Test&#xD;
Test&#xD;
Test&#xD;
Player Test1 won trick with King of Diamonds&#xD;
Test&#xD;
Player Test2 won trick with Queen of Diamonds&#xD;
Test&#xD;
Test&#xD;
Test&#xD;
Player Test1 won trick with Six of Clubs&#xD;
Test&#xD;
Test&#xD;
Player Test1 won trick with Eight of Clubs&#xD;
Test&#xD;
Test&#xD;
Player Test4 won trick with Ace of Spades&#xD;
Test&#xD;
Player Test1 won trick with King of Clubs&#xD;
Test&#xD;
Test&#xD;
Test&#xD;
Player Test1 won trick with Five of Diamonds&#xD;
Test&#xD;
Test&#xD;
Test&#xD;
Player Test1 won trick with Ace of Diamonds&#xD;
Test&#xD;
Player Test3 won trick with Queen of Diamonds&#xD;
Test&#xD;
Player Test1 won trick with Jack of Diamonds&#xD;
Test&#xD;
Test&#xD;
Test&#xD;
Player Test1 won trick with Nine of Spades&#xD;
Test&#xD;
Test&#xD;
Player Test1 won trick with Ace of Hearts&#xD;
Test&#xD;
Test&#xD;
Player Test1 won trick with Ten of Diamonds&#xD;
Test&#xD;
Test&#xD;
Test&#xD;
Player Test1 won trick with Jack of Clubs&#xD;
Test&#xD;
Test&#xD;
Test&#xD;
Test&#xD;
Player Test1 won trick with Four of Hearts&#xD;
Test&#xD;
Test&#xD;
Test&#xD;
Player Test4 won trick with Jack of Hearts&#xD;
Test&#xD;
Test&#xD;
Player Test2 won trick with Ace of Hearts&#xD;
Test&#xD;
Test&#xD;
Test&#xD;
Test&#xD;
Player Test1 won trick with Seven of Hearts&#xD;
Test&#xD;
Test&#xD;
Test&#xD;
Test&#xD;
Player Test1 won trick with Six of Hearts&#xD;
Test&#xD;
Test&#xD;
Test&#xD;
Player Test1 won trick with Queen of Diamonds&#xD;
Test&#xD;
Test&#xD;
Player Test3 won trick with Seven of Clubs&#xD;
Test&#xD;
Test&#xD;
Player Test2 won trick with Nine of Diamonds&#xD;
Test&#xD;
Test&#xD;
Player Test1 won trick with Jack of Spades&#xD;
Test&#xD;
Test&#xD;
Player Test4 won trick with Ten of Diamonds&#xD;
Test&#xD;
Test&#xD;
Test&#xD;
Player Test1 won trick with Nine of Clubs&#xD;
Test&#xD;
Test&#xD;
Test&#xD;
Player Test1 won trick with Five of Spades&#xD;
Test&#xD;
Test&#xD;
Test&#xD;
Player Test1 won trick with Queen of Diamonds&#xD;
Test&#xD;
Test&#xD;
Test&#xD;
Test&#xD;
Player Test1 won trick with Five of Hearts&#xD;
Test&#xD;
Test&#xD;
Player Test3 won trick with Ace of Spades&#xD;
Test&#xD;
Test&#xD;
Player Test1 won trick with Ace of Hearts&#xD;
Test&#xD;
Test&#xD;
Player Test1 won trick with Jack of Diamonds&#xD;
Test&#xD;
Player Test2 won trick with King of Diamonds&#xD;
Test&#xD;
Test&#xD;
Test&#xD;
Player Test1 won trick with Seven of Clubs&#xD;
Test&#xD;
Test&#xD;
Test&#xD;
Player Test1 won trick with Jack of Hearts&#xD;
Test&#xD;
Test&#xD;
Test&#xD;
Test&#xD;
Player Test1 won trick with Four of Spades&#xD;
Test&#xD;
Test&#xD;
Player Test4 won trick with Three of Diamonds&#xD;
Test&#xD;
Test&#xD;
Player Test1 won trick with Ace of Clubs&#xD;
Test&#xD;
Test&#xD;
Player Test1 won trick with Queen of Diamonds&#xD;
Test&#xD;
Player Test1 won trick with Eight of Clubs&#xD;
Test&#xD;
Test&#xD;
Test&#xD;
Test&#xD;
Player Test1 won trick with Ten of Hearts&#xD;
Test&#xD;
Test&#xD;
Test&#xD;
Player Test2 won trick with Ace of Hearts&#xD;
Test&#xD;
Test&#xD;
Test&#xD;
Player Test1 won trick with Two of Spades&#xD;
Test&#xD;
Test&#xD;
Test&#xD;
Player Test1 won trick with Ten of Clubs&#xD;
Test&#xD;
Test&#xD;
Player Test1 won trick with Queen of Clubs&#xD;
Test&#xD;
Test&#xD;
Test&#xD;
Player Test1 won trick with King of Clubs&#xD;
Test&#xD;
Test&#xD;
Player Test1 won trick with Six of Clubs&#xD;
Test&#xD;
Test&#xD;
Test&#xD;
Player Test1 won trick with Five of Diamonds&#xD;
Test&#xD;
Test&#xD;
Test&#xD;
Player Test1 won trick with Six of Hearts&#xD;
Test&#xD;
Test&#xD;
Player Test1 won trick with Eight of Diamonds&#xD;
Test&#xD;
Test&#xD;
Test&#xD;
Player Test2 won trick with Jack of Diamonds&#xD;
Test&#xD;
Test&#xD;
Player Test4 won trick with Ten of Spades&#xD;
Test&#xD;
Test&#xD;
Test&#xD;
Player Test4 won trick with Ace of Spades&#xD;
Test&#xD;
Test&#xD;
Player Test3 won trick with Six of Spades&#xD;
Test&#xD;
Player Test4 won trick with King of Spades&#xD;
Test&#xD;
Test&#xD;
Player Test4 won trick with King of Diamonds&#xD;
Test&#xD;
Test&#xD;
Test&#xD;
Player Test1 won trick with Six of Diamonds&#xD;
Test&#xD;
Test&#xD;
Player Test1 won trick with Three of Diamonds&#xD;
Test&#xD;
Test&#xD;
Player Test1 won trick with Three of Diamonds&#xD;
Test&#xD;
Test&#xD;
Test&#xD;
Player Test1 won trick with Ten of Clubs&#xD;
Test&#xD;
Test&#xD;
Test&#xD;
Player Test1 won trick with Ace of Spades&#xD;
Test&#xD;
Test&#xD;
Player Test1 won trick with Jack of Clubs&#xD;
Test&#xD;
Player Test4 won trick with Ace of Clubs&#xD;
Test&#xD;
Test&#xD;
Test&#xD;
Player Test1 won trick with Queen of Spades&#xD;
Test&#xD;
Test&#xD;
Player Test1 won trick with Eight of Spades&#xD;
Test&#xD;
Test&#xD;
Test&#xD;
Player Test1 won trick with Seven of Diamonds&#xD;
Test&#xD;
Test&#xD;
Test&#xD;
Player Test1 won trick with Three of Diamonds&#xD;
Test&#xD;
Test&#xD;
Test&#xD;
Player Test1 won trick with Two of Clubs&#xD;
Test&#xD;
Test&#xD;
Player Test1 won trick with Ten of Clubs&#xD;
Test&#xD;
Test&#xD;
Player Test1 won trick with Nine of Diamonds&#xD;
Test&#xD;
Test&#xD;
Player Test1 won trick with Eight of Spades&#xD;
Test&#xD;
Test&#xD;
Test&#xD;
Player Test1 won trick with Eight of Diamonds&#xD;
Test&#xD;
Test&#xD;
Test&#xD;
Test&#xD;
Player Test1 won trick with Jack of Hearts&#xD;
Test&#xD;
Test&#xD;
Test&#xD;
Test&#xD;
Player Test1 won trick with Five of Hearts&#xD;
Test&#xD;
Test&#xD;
Player Test1 won trick with Queen of Spades&#xD;
Test&#xD;
Test&#xD;
Player Test3 won trick with Seven of Spades&#xD;
Test&#xD;
Test&#xD;
Player Test1 won trick with Three of Diamonds&#xD;
Test&#xD;
Test&#xD;
Test&#xD;
Test&#xD;
Player Test1 won trick with Five of Hearts&#xD;
Player Test4 won trick with King of Diamonds&#xD;
Test&#xD;
Player Test4 won trick with Ten of Clubs&#xD;
Test&#xD;
Test&#xD;
Test&#xD;
Player Test1 won trick with Ten of Spades&#xD;
Test&#xD;
Test&#xD;
Player Test3 won trick with Eight of Spades&#xD;
Test&#xD;
Test&#xD;
Test&#xD;
Player Test1 won trick with Five of Clubs&#xD;
Test&#xD;
Test&#xD;
Test&#xD;
Player Test1 won trick with Seven of Diamonds&#xD;
Test&#xD;
Test&#xD;
Player Test1 won trick with Ace of Clubs&#xD;
Test&#xD;
Test&#xD;
Player Test2 won trick with King of Diamonds&#xD;
Test&#xD;
Test&#xD;
Test&#xD;
Player Test1 won trick with Six of Clubs&#xD;
Test&#xD;
Test&#xD;
Test&#xD;
Test&#xD;
Player Test1 won trick with Eight of Hearts&#xD;
Test&#xD;
Player Test4 won trick with King of Hearts&#xD;
Test&#xD;
Test&#xD;
Test&#xD;
Player Test1 won trick with Jack of Clubs&#xD;
Test&#xD;
Test&#xD;
Test&#xD;
Player Test1 won trick with Nine of Diamonds&#xD;
Test&#xD;
Test&#xD;
Test&#xD;
Player Test1 won trick with Five of Diamonds&#xD;
Test&#xD;
Test&#xD;
Player Test1 won trick with Eight of Spades&#xD;
Test&#xD;
Test&#xD;
Player Test1 won trick with Seven of Diamonds&#xD;
Test&#xD;
Test&#xD;
Player Test1 won trick with Eight of Spades&#xD;
Test&#xD;
Test&#xD;
Test&#xD;
Player Test1 won trick with Ten of Spades&#xD;
Test&#xD;
Player Test3 won trick with King of Clubs&#xD;
Test&#xD;
Test&#xD;
Test&#xD;
Player Test1 won trick with Three of Spades&#xD;
Test&#xD;
Test&#xD;
Test&#xD;
Player Test1 won trick with Ten of Clubs&#xD;
Test&#xD;
Test&#xD;
Test&#xD;
Player Test1 won trick with Two of Diamonds&#xD;
Test&#xD;
Test&#xD;
Test&#xD;
Test&#xD;
Player Test1 won trick with Nine of Hearts&#xD;
Test&#xD;
Test&#xD;
Test&#xD;
Player Test1 won trick with Jack of Spades&#xD;
Test&#xD;
Test&#xD;
Test&#xD;
Player Test1 won trick with Nine of Clubs&#xD;
Test&#xD;
Test&#xD;
Test&#xD;
Test&#xD;
Player Test1 won trick with Queen of Hearts&#xD;
Test&#xD;
Test&#xD;
Test&#xD;
Player Test1 won trick with Eight of Clubs&#xD;
Test&#xD;
Test&#xD;
Test&#xD;
Test&#xD;
Player Test1 won trick with Queen of Hearts&#xD;
Test&#xD;
Test&#xD;
Player Test1 won trick with Ten of Clubs&#xD;
Test&#xD;
Test&#xD;
Player Test1 won trick with King of Clubs&#xD;
Test&#xD;
Player Test4 won trick with Ten of Diamonds&#xD;
Test&#xD;
Test&#xD;
Test&#xD;
Player Test1 won trick with Jack of Diamonds&#xD;
Test&#xD;
Test&#xD;
Test&#xD;
Player Test1 won trick with King of Hearts&#xD;
Test&#xD;
Test&#xD;
Test&#xD;
Player Test1 won trick with Ten of Hearts&#xD;
Test&#xD;
Test&#xD;
Test&#xD;
Player Test1 won trick with King of Hearts&#xD;
Test&#xD;
Player Test3 won trick with Nine of Diamonds&#xD;
Test&#xD;
Test&#xD;
Test&#xD;
Player Test1 won trick with Nine of Spades&#xD;
Test&#xD;
Test&#xD;
Test&#xD;
Player Test1 won trick with Three of Clubs&#xD;
Test&#xD;
Test&#xD;
Player Test1 won trick with Ace of Diamonds&#xD;
Test&#xD;
Test&#xD;
Player Test3 won trick with Ace of Diamonds&#xD;
Test&#xD;
Test&#xD;
Player Test2 won trick with Seven of Diamonds&#xD;
Test&#xD;
Test&#xD;
Player Test1 won trick with Queen of Clubs&#xD;
Test&#xD;
Player Test4 won trick with Ace of Diamonds&#xD;
Test&#xD;
Test&#xD;
Player Test1 won trick with Three of Diamonds&#xD;
Test&#xD;
Player Test3 won trick with Ace of Diamonds&#xD;
Test&#xD;
Test&#xD;
Test&#xD;
Player Test1 won trick with Six of Clubs&#xD;
Test&#xD;
Test&#xD;
Test&#xD;
Player Test1 won trick with Eight of Clubs&#xD;
Test&#xD;
Test&#xD;
Test&#xD;
Test&#xD;
Player Test1 won trick with Eight of Hearts&#xD;
Test&#xD;
Test&#xD;
Test&#xD;
Player Test1 won trick with Ace of Hearts&#xD;
Test&#xD;
Test&#xD;
Player Test1 won trick with Jack of Spades&#xD;
Test&#xD;
Test&#xD;
Test&#xD;
Player Test1 won trick with Ace of Spades&#xD;
Test&#xD;
Test&#xD;
Test&#xD;
Player Test1 won trick with King of Spades&#xD;
Test&#xD;
Test&#xD;
Test&#xD;
Player Test1 won trick with Six of Spades&#xD;
Test&#xD;
Test&#xD;
Test&#xD;
Test&#xD;
Player Test1 won trick with Ten of Hearts&#xD;
Test&#xD;
Test&#xD;
Player Test2 won trick with King of Spades&#xD;
Test&#xD;
Test&#xD;
Test&#xD;
Player Test1 won trick with Ten of Diamonds&#xD;
Test&#xD;
Player Test1 won trick with Nine of Clubs&#xD;
Test&#xD;
Test&#xD;
Test&#xD;
Test&#xD;
Player Test1 won trick with Ace of Hearts&#xD;
Test&#xD;
Test&#xD;
Test&#xD;
Player Test1 won trick with Four of Spades&#xD;
Test&#xD;
Test&#xD;
Test&#xD;
Player Test1 won trick with Ace of Hearts&#xD;
Test&#xD;
Player Test2 won trick with King of Spades&#xD;
Test&#xD;
Test&#xD;
Player Test1 won trick with King of Spades&#xD;
Test&#xD;
Test&#xD;
Player Test3 won trick with Ace of Spades&#xD;
Test&#xD;
Test&#xD;
Test&#xD;
Test&#xD;
Player Test1 won trick with Five of Hearts&#xD;
Test&#xD;
Test&#xD;
Test&#xD;
Player Test1 won trick with Six of Diamonds&#xD;
Test&#xD;
Test&#xD;
Test&#xD;
Test&#xD;
Player Test1 won trick with Seven of Hearts&#xD;
Test&#xD;
Test&#xD;
Player Test1 won trick with King of Clubs&#xD;
Test&#xD;
Player Test4 won trick with Jack of Spades&#xD;
Test&#xD;
Test&#xD;
Test&#xD;
Player Test1 won trick with Nine of Diamonds&#xD;
Test&#xD;
Test&#xD;
Test&#xD;
Player Test1 won trick with Eight of Spades&#xD;
Test&#xD;
Test&#xD;
Player Test1 won trick with Six of Spades&#xD;
Test&#xD;
Test&#xD;
Test&#xD;
Player Test1 won trick with Jack of Spades&#xD;
Test&#xD;
Test&#xD;
Test&#xD;
Player Test2 won trick with King of Hearts&#xD;
Test&#xD;
Test&#xD;
Player Test1 won trick with Ace of Hearts&#xD;
Test&#xD;
Test&#xD;
Player Test3 won trick with King of Diamonds&#xD;
Test&#xD;
Player Test1 won trick with Queen of Clubs&#xD;
Test&#xD;
Test&#xD;
Player Test1 won trick with Jack of Diamonds&#xD;
Test&#xD;
Test&#xD;
Player Test1 won trick with Ace of Spades&#xD;
Test&#xD;
Test&#xD;
Test&#xD;
Test&#xD;
Player Test1 won trick with Eight of Hearts&#xD;
Test&#xD;
Test&#xD;
Test&#xD;
Test&#xD;
Player Test1 won trick with Three of Hearts&#xD;
Test&#xD;
Test&#xD;
Test&#xD;
Player Test1 won trick with King of Clubs&#xD;
Test&#xD;
Test&#xD;
Player Test1 won trick with Seven of Spades&#xD;
Test&#xD;
Player Test1 won trick with Queen of Spades&#xD;
Test&#xD;
Test&#xD;
Test&#xD;
Player Test1 won trick with Queen of Hearts&#xD;
Test&#xD;
Test&#xD;
Player Test1 won trick with Queen of Diamonds&#xD;
Test&#xD;
Test&#xD;
Player Test1 won trick with Ace of Spades&#xD;
Test&#xD;
Test&#xD;
Test&#xD;
Player Test1 won trick with Four of Spades&#xD;
Test&#xD;
Test&#xD;
Test&#xD;
Player Test1 won trick with Jack of Clubs&#xD;
Test&#xD;
Test&#xD;
Player Test4 won trick with King of Clubs&#xD;
Test&#xD;
Test&#xD;
Player Test4 won trick with Ace of Diamonds&#xD;
Test&#xD;
Test&#xD;
Player Test3 won trick with Ten of Spades&#xD;
Test&#xD;
Test&#xD;
Test&#xD;
Player Test1 won trick with Six of Diamonds&#xD;
Test&#xD;
Test&#xD;
Test&#xD;
Player Test1 won trick with Seven of Spades&#xD;
Test&#xD;
Test&#xD;
Player Test4 won trick with Jack of Diamonds&#xD;
Test&#xD;
Test&#xD;
Test&#xD;
Test&#xD;
Player Test1 won trick with Nine of Hearts&#xD;
Test&#xD;
Test&#xD;
Test&#xD;
Test&#xD;
Player Test1 won trick with Ten of Hearts&#xD;
Test&#xD;
Test&#xD;
Test&#xD;
Player Test1 won trick with King of Clubs&#xD;
Test&#xD;
Test&#xD;
Player Test4 won trick with King of Clubs&#xD;
Test&#xD;
Test&#xD;
Player Test2 won trick with Six of Clubs&#xD;
Test&#xD;
Test&#xD;
Test&#xD;
Test&#xD;
Player Test1 won trick with Nine of Hearts&#xD;
Test&#xD;
Test&#xD;
Player Test1 won trick with Nine of Clubs&#xD;
Test&#xD;
Test&#xD;
Test&#xD;
Player Test1 won trick with Ten of Clubs&#xD;
Test&#xD;
Test&#xD;
Test&#xD;
Player Test1 won trick with Three of Diamonds&#xD;
Test&#xD;
Test&#xD;
Player Test4 won trick with Ace of Hearts&#xD;
Test&#xD;
Test&#xD;
Test&#xD;
Player Test1 won trick with Ace of Diamonds&#xD;
Test&#xD;
Test&#xD;
Test&#xD;
Player Test1 won trick with Queen of Clubs&#xD;
Test&#xD;
Test&#xD;
Test&#xD;
Player Test4 won trick with Eight of Hearts&#xD;
Test&#xD;
Test&#xD;
Player Test1 won trick with King of Clubs&#xD;
Test&#xD;
Test&#xD;
Test&#xD;
Player Test4 won trick with Ten of Hearts&#xD;
Test&#xD;
Test&#xD;
Test&#xD;
Test&#xD;
Player Test1 won trick with Ten of Hearts&#xD;
Test&#xD;
Test&#xD;
Player Test3 won trick with Nine of Clubs&#xD;
Test&#xD;
Test&#xD;
Test&#xD;
Player Test1 won trick with King of Clubs&#xD;
Test&#xD;
Test&#xD;
Test&#xD;
Player Test1 won trick with Ten of Spades&#xD;
Test&#xD;
Test&#xD;
Player Test3 won trick with King of Diamonds&#xD;
Test&#xD;
Player Test4 won trick with Nine of Spades&#xD;
Test&#xD;
Test&#xD;
Player Test3 won trick with Eight of Clubs&#xD;
Test&#xD;
Test&#xD;
Player Test3 won trick with Six of Spades&#xD;
Test&#xD;
Test&#xD;
Test&#xD;
Player Test1 won trick with Eight of Clubs&#xD;
Test&#xD;
Test&#xD;
Player Test4 won trick with King of Hearts&#xD;
Test&#xD;
Player Test4 won trick with Queen of Diamonds&#xD;
Test&#xD;
Player Test4 won trick with King of Diamonds&#xD;
Test&#xD;
Test&#xD;
Test&#xD;
Test&#xD;
Player Test1 won trick with Seven of Hearts&#xD;
Test&#xD;
Test&#xD;
Test&#xD;
Test&#xD;
Player Test1 won trick with Eight of Hearts&#xD;
Test&#xD;
Test&#xD;
Test&#xD;
Test&#xD;
Player Test1 won trick with Two of Hearts&#xD;
Test&#xD;
Test&#xD;
Player Test1 won trick with Jack of Diamonds&#xD;
Test&#xD;
Test&#xD;
Player Test4 won trick with Seven of Spades&#xD;
Test&#xD;
Test&#xD;
Test&#xD;
Test&#xD;
Player Test1 won trick with Nine of Hearts&#xD;
Test&#xD;
Test&#xD;
Player Test1 won trick with Six of Diamonds&#xD;
Test&#xD;
Test&#xD;
Test&#xD;
Test&#xD;
Player Test1 won trick with Nine of Hearts&#xD;
Test&#xD;
Test&#xD;
Test&#xD;
Test&#xD;
Player Test1 won trick with Five of Hearts&#xD;
Test&#xD;
Test&#xD;
Test&#xD;
Test&#xD;
Player Test1 won trick with Four of Hearts&#xD;
Player Test2 won trick with Jack of Diamonds&#xD;
Test&#xD;
Test&#xD;
Test&#xD;
Player Test4 won trick with Jack of Hearts&#xD;
Test&#xD;
Test&#xD;
Test&#xD;
Test&#xD;
Player Test1 won trick with Four of Hearts&#xD;
Test&#xD;
Test&#xD;
Player Test2 won trick with Ace of Clubs&#xD;
Test&#xD;
Test&#xD;
Player Test3 won trick with Ten of Spades&#xD;
Test&#xD;
Test&#xD;
Test&#xD;
Player Test1 won trick with Six of Clubs&#xD;
Test&#xD;
Test&#xD;
Test&#xD;
Player Test1 won trick with Five of Spades&#xD;
Test&#xD;
Test&#xD;
Test&#xD;
Player Test3 won trick with Ace of Spades&#xD;
Test&#xD;
Test&#xD;
Test&#xD;
Test&#xD;
Player Test1 won trick with Four of Hearts&#xD;
Test&#xD;
Test&#xD;
Test&#xD;
Test&#xD;
Player Test1 won trick with Three of Hearts&#xD;
Test&#xD;
Player Test4 won trick with Ten of Clubs&#xD;
Test&#xD;
Test&#xD;
Test&#xD;
Test&#xD;
Player Test1 won trick with Seven of Hearts&#xD;
Test&#xD;
Test&#xD;
Player Test3 won trick with Queen of Diamonds&#xD;
Test&#xD;
Test&#xD;
Player Test1 won trick with Queen of Spades&#xD;
Test&#xD;
Test&#xD;
Test&#xD;
Player Test1 won trick with Seven of Hearts&#xD;
Test&#xD;
Test&#xD;
Test&#xD;
Player Test1 won trick with Six of Spades&#xD;
Test&#xD;
Test&#xD;
Player Test1 won trick with Jack of Spades&#xD;
Test&#xD;
Player Test1 won trick with King of Diamonds&#xD;
Test&#xD;
Test&#xD;
Player Test1 won trick with Seven of Clubs&#xD;
Test&#xD;
Test&#xD;
Player Test1 won trick with Ten of Diamonds&#xD;
Test&#xD;
Test&#xD;
Test&#xD;
Test&#xD;
Player Test1 won trick with King of Hearts&#xD;
Test&#xD;
Test&#xD;
Player Test1 won trick with Queen of Spades&#xD;
Test&#xD;
Test&#xD;
Player Test4 won trick with King of Clubs&#xD;
Test&#xD;
Player Test2 won trick with Nine of Clubs&#xD;
Test&#xD;
Test&#xD;
Test&#xD;
Test&#xD;
Player Test1 won trick with Six of Hearts&#xD;
Test&#xD;
Test&#xD;
Player Test3 won trick with Jack of Diamonds&#xD;
Test&#xD;
Test&#xD;
Player Test1 won trick with Ten of Diamonds&#xD;
Test&#xD;
Test&#xD;
Test&#xD;
Player Test1 won trick with Queen of Spades&#xD;
Test&#xD;
Test&#xD;
Test&#xD;
Player Test1 won trick with Three of Clubs&#xD;
Test&#xD;
Test&#xD;
Test&#xD;
Player Test1 won trick with Six of Spades&#xD;
Test&#xD;
Test&#xD;
Test&#xD;
Player Test1 won trick with Ten of Hearts&#xD;
Test&#xD;
Test&#xD;
Player Test3 won trick with Nine of Spades&#xD;
Test&#xD;
Player Test4 won trick with Queen of Clubs&#xD;
Test&#xD;
Player Test4 won trick with Queen of Clubs&#xD;
Test&#xD;
Test&#xD;
Test&#xD;
Player Test2 won trick with Ace of Diamonds&#xD;
Test&#xD;
Test&#xD;
Test&#xD;
Player Test1 won trick with Ten of Diamonds&#xD;
Test&#xD;
Test&#xD;
Test&#xD;
Player Test1 won trick with Ace of Diamonds&#xD;
Test&#xD;
Test&#xD;
Test&#xD;
Player Test1 won trick with Three of Spades&#xD;
Test&#xD;
Test&#xD;
Player Test4 won trick with Ten of Clubs&#xD;
Player Test2 won trick with King of Diamonds&#xD;
Test&#xD;
Player Test4 won trick with Five of Diamonds&#xD;
Test&#xD;
Test&#xD;
Player Test1 won trick with Seven of Diamonds&#xD;
Test&#xD;
Player Test2 won trick with King of Spades&#xD;
Test&#xD;
Test&#xD;
Player Test1 won trick with Three of Diamonds&#xD;
Test&#xD;
Test&#xD;
Player Test2 won trick with Ace of Clubs&#xD;
Test&#xD;
Test&#xD;
Test&#xD;
Player Test1 won trick with Eight of Spades&#xD;
Test&#xD;
Player Test1 won trick with Jack of Diamonds&#xD;
Test&#xD;
Test&#xD;
Player Test3 won trick with Seven of Spades&#xD;
Test&#xD;
Player Test1 won trick with King of Spades&#xD;
Test&#xD;
Test&#xD;
Player Test2 won trick with Five of Clubs&#xD;
Player Test4 won trick with Ace of Spades&#xD;
Test&#xD;
Test&#xD;
Test&#xD;
Player Test1 won trick with Six of Spades&#xD;
Test&#xD;
Test&#xD;
Player Test1 won trick with Ten of Diamonds&#xD;
Test&#xD;
Test&#xD;
Test&#xD;
Player Test4 won trick with Jack of Hearts&#xD;
Test&#xD;
Player Test1 won trick with King of Diamonds&#xD;
Test&#xD;
Test&#xD;
Test&#xD;
Player Test1 won trick with Seven of Clubs&#xD;
Test&#xD;
Test&#xD;
Test&#xD;
Test&#xD;
Player Test1 won trick with Three of Hearts&#xD;
Test&#xD;
Test&#xD;
Player Test3 won trick with Eight of Spades&#xD;
Test&#xD;
Test&#xD;
Player Test1 won trick with Seven of Clubs&#xD;
Test&#xD;
Test&#xD;
Test&#xD;
Test&#xD;
Player Test1 won trick with Two of Hearts&#xD;
Test&#xD;
Test&#xD;
Test&#xD;
Player Test1 won trick with Three of Clubs&#xD;
Test&#xD;
Test&#xD;
Test&#xD;
Player Test1 won trick with Seven of Clubs&#xD;
Test&#xD;
Test&#xD;
Player Test4 won trick with Six of Diamonds&#xD;
Test&#xD;
Player Test1 won trick with Jack of Spades&#xD;
Test&#xD;
Test&#xD;
Test&#xD;
Player Test1 won trick with Nine of Clubs&#xD;
Test&#xD;
Test&#xD;
Player Test2 won trick with Queen of Hearts&#xD;
Test&#xD;
Test&#xD;
Test&#xD;
Test&#xD;
Player Test1 won trick with King of Spades&#xD;
Test&#xD;
Test&#xD;
Test&#xD;
Player Test1 won trick with Five of Spades&#xD;
Test&#xD;
Test&#xD;
Test&#xD;
Player Test1 won trick with Queen of Clubs&#xD;
Test&#xD;
Test&#xD;
Player Test2 won trick with Seven of Spades&#xD;
Test&#xD;
Test&#xD;
Test&#xD;
Player Test1 won trick with Seven of Diamonds&#xD;
Test&#xD;
Test&#xD;
Player Test3 won trick with Jack of Clubs&#xD;
Test&#xD;
Player Test4 won trick with Ace of Clubs&#xD;
Test&#xD;
Test&#xD;
Player Test3 won trick with Ten of Diamonds&#xD;
Test&#xD;
Player Test3 won trick with Nine of Spades&#xD;
Test&#xD;
Test&#xD;
Player Test1 won trick with King of Spades&#xD;
Test&#xD;
Test&#xD;
Test&#xD;
Test&#xD;
Player Test1 won trick with Five of Diamonds&#xD;
Test&#xD;
Test&#xD;
Test&#xD;
Player Test1 won trick with Nine of Spades&#xD;
Test&#xD;
Test&#xD;
Test&#xD;
Player Test1 won trick with King of Diamonds&#xD;
Test&#xD;
Test&#xD;
Test&#xD;
Player Test1 won trick with Three of Clubs&#xD;
Test&#xD;
Player Test3 won trick with Queen of Diamonds&#xD;
Test&#xD;
Test&#xD;
Player Test4 won trick with Eight of Clubs&#xD;
Test&#xD;
Test&#xD;
Test&#xD;
Player Test1 won trick with Four of Spades&#xD;
Player Test4 won trick with Queen of Clubs&#xD;
Test&#xD;
Test&#xD;
Player Test2 won trick with Queen of Clubs&#xD;
Test&#xD;
Test&#xD;
Test&#xD;
Player Test1 won trick with Ace of Hearts&#xD;
Player Test1 won trick with Eight of Clubs&#xD;
Test&#xD;
Test&#xD;
Test&#xD;
Player Test1 won trick with Three of Clubs&#xD;
Test&#xD;
Test&#xD;
Test&#xD;
Player Test1 won trick with Seven of Diamonds&#xD;
Test&#xD;
Test&#xD;
Test&#xD;
Test&#xD;
Player Test1 won trick with Four of Hearts&#xD;
Test&#xD;
Test&#xD;
Test&#xD;
Player Test2 won trick with Six of Hearts&#xD;
Test&#xD;
Test&#xD;
Test&#xD;
Player Test1 won trick with Five of Hearts&#xD;
Test&#xD;
Test&#xD;
Player Test2 won trick with Queen of Spades&#xD;
Test&#xD;
Player Test4 won trick with Nine of Spades&#xD;
Test&#xD;
Test&#xD;
Test&#xD;
Test&#xD;
Player Test1 won trick with Nine of Hearts&#xD;
Test&#xD;
Player Test1 won trick with King of Spades&#xD;
Test&#xD;
Test&#xD;
Player Test1 won trick with Queen of Spades&#xD;
Test&#xD;
Test&#xD;
Player Test1 won trick with Jack of Clubs&#xD;
Test&#xD;
Test&#xD;
Test&#xD;
Player Test1 won trick with Jack of Hearts&#xD;
Test&#xD;
Test&#xD;
Player Test1 won trick with Five of Spades&#xD;
Test&#xD;
Test&#xD;
Test&#xD;
Test&#xD;
Player Test1 won trick with Three of Hearts&#xD;
Test&#xD;
Test&#xD;
Test&#xD;
Player Test1 won trick with Three of Diamonds&#xD;
Test&#xD;
Test&#xD;
Player Test1 won trick with Nine of Diamonds&#xD;
Test&#xD;
Test&#xD;
Test&#xD;
Player Test1 won trick with Queen of Clubs&#xD;
Test&#xD;
Test&#xD;
Test&#xD;
Player Test1 won trick with Three of Spades&#xD;
Test&#xD;
Test&#xD;
Player Test1 won trick with Eight of Spades&#xD;
Test&#xD;
Test&#xD;
Test&#xD;
Player Test4 won trick with Six of Spades&#xD;
Test&#xD;
Test&#xD;
Player Test4 won trick with Ace of Diamonds&#xD;
Test&#xD;
Test&#xD;
Test&#xD;
Player Test1 won trick with Seven of Clubs&#xD;
Test&#xD;
Test&#xD;
Test&#xD;
Test&#xD;
Player Test1 won trick with Three of Spades&#xD;
Test&#xD;
Test&#xD;
Player Test4 won trick with Queen of Diamonds&#xD;
Test&#xD;
Test&#xD;
Test&#xD;
Player Test3 won trick with Ace of Hearts&#xD;
Test&#xD;
Test&#xD;
Player Test4 won trick with King of Clubs&#xD;
Test&#xD;
Test&#xD;
Player Test2 won trick with Seven of Spades&#xD;
Test&#xD;
Test&#xD;
Test&#xD;
Player Test4 won trick with Queen of Diamonds&#xD;
Test&#xD;
Test&#xD;
Player Test1 won trick with Ace of Hearts&#xD;
Test&#xD;
Test&#xD;
Test&#xD;
Player Test2 won trick with Ace of Hearts&#xD;
Test&#xD;
Test&#xD;
Player Test4 won trick with King of Hearts&#xD;
Test&#xD;
Test&#xD;
Test&#xD;
Player Test1 won trick with King of Spades&#xD;
Test&#xD;
Test&#xD;
Player Test4 won trick with King of Spades&#xD;
Test&#xD;
Test&#xD;
Test&#xD;
Player Test1 won trick with Five of Spades&#xD;
Test&#xD;
Test&#xD;
Player Test2 won trick with Jack of Spades</StdOut>
      </Output>
    </UnitTestResult>
    <UnitTestResult executionId="eefd1522-a208-485e-bb93-921215fdb0db" testId="cec56d4f-22cd-c6bc-77b3-9b7d9b2993f4" testName="CreateTestGame(0)" computerName="BTOMBLINSON" duration="00:00:00.0101150" startTime="2023-09-18T22:47:02.0705239-06:00" endTime="2023-09-18T22:47:02.0805704-06:00" testType="13cdc9d9-ddb5-4fa4-a97d-d965ccfc6d4b" outcome="Passed" testListId="8c84fa94-04c1-424b-9868-57a2d4851a1d" relativeResultsDirectory="eefd1522-a208-485e-bb93-921215fdb0db" />
  </Results>
  <TestDefinitions>
    <UnitTest name="CreateTestGame(2)" storage="d:\githubsources\btomblinson\heartsexample\heartsexampletest\bin\debug\net7.0\heartsexampletest.dll" id="f0548b92-c117-be5c-abd0-bf70ca684f72">
      <Execution id="80a2475c-9007-4536-a0a6-9cecf768807f" />
      <TestMethod codeBase="D:\GithubSources\btomblinson\HeartsExample\HeartsExampleTest\bin\Debug\net7.0\HeartsExampleTest.dll" adapterTypeName="executor://nunit3testexecutor/" className="HeartsExampleTest.Game.HeartsExampleGameTests" name="CreateTestGame(2)" />
    </UnitTest>
    <UnitTest name="CreateTestGame(4)" storage="d:\githubsources\btomblinson\heartsexample\heartsexampletest\bin\debug\net7.0\heartsexampletest.dll" id="5c15beb4-8fb4-ad76-45d7-7f24d4c60a1c">
      <Execution id="e26462f3-ac8f-4415-ac02-139bb42ad566" />
      <TestMethod codeBase="D:\GithubSources\btomblinson\HeartsExample\HeartsExampleTest\bin\Debug\net7.0\HeartsExampleTest.dll" adapterTypeName="executor://nunit3testexecutor/" className="HeartsExampleTest.Game.HeartsExampleGameTests" name="CreateTestGame(4)" />
    </UnitTest>
    <UnitTest name="CreateTestGame(1)" storage="d:\githubsources\btomblinson\heartsexample\heartsexampletest\bin\debug\net7.0\heartsexampletest.dll" id="a4eb7655-8287-efa8-9e70-8a4d3f00e88c">
      <Execution id="0049341a-ca53-4de8-b744-8d70266ef272" />
      <TestMethod codeBase="D:\GithubSources\btomblinson\HeartsExample\HeartsExampleTest\bin\Debug\net7.0\HeartsExampleTest.dll" adapterTypeName="executor://nunit3testexecutor/" className="HeartsExampleTest.Game.HeartsExampleGameTests" name="CreateTestGame(1)" />
    </UnitTest>
    <UnitTest name="TestRandomFirstHand" storage="d:\githubsources\btomblinson\heartsexample\heartsexampletest\bin\debug\net7.0\heartsexampletest.dll" id="dc54afb5-920b-1118-fd16-a0712d8758fb">
      <Execution id="b5094e6a-78c6-4b0c-a580-9af5ead8a2ed" />
      <TestMethod codeBase="D:\GithubSources\btomblinson\HeartsExample\HeartsExampleTest\bin\Debug\net7.0\HeartsExampleTest.dll" adapterTypeName="executor://nunit3testexecutor/" className="HeartsExampleTest.Game.HeartsExampleHandTests" name="TestRandomFirstHand" />
    </UnitTest>
    <UnitTest name="TestMustPlayTwoOfClubsForFirstTrick" storage="d:\githubsources\btomblinson\heartsexample\heartsexampletest\bin\debug\net7.0\heartsexampletest.dll" id="6c8b5a9e-8828-3fd1-736e-ea92a98ddfbd">
      <Execution id="b91e359e-8fe7-4dd8-be9d-f454aaf28495" />
      <TestMethod codeBase="D:\GithubSources\btomblinson\HeartsExample\HeartsExampleTest\bin\Debug\net7.0\HeartsExampleTest.dll" adapterTypeName="executor://nunit3testexecutor/" className="HeartsExampleTest.Game.HeartsExampleHandTests" name="TestMustPlayTwoOfClubsForFirstTrick" />
    </UnitTest>
    <UnitTest name="CreateTestGame(0)" storage="d:\githubsources\btomblinson\heartsexample\heartsexampletest\bin\debug\net7.0\heartsexampletest.dll" id="cec56d4f-22cd-c6bc-77b3-9b7d9b2993f4">
      <Execution id="eefd1522-a208-485e-bb93-921215fdb0db" />
      <TestMethod codeBase="D:\GithubSources\btomblinson\HeartsExample\HeartsExampleTest\bin\Debug\net7.0\HeartsExampleTest.dll" adapterTypeName="executor://nunit3testexecutor/" className="HeartsExampleTest.Game.HeartsExampleGameTests" name="CreateTestGame(0)" />
    </UnitTest>
    <UnitTest name="CreateTestGame(5)" storage="d:\githubsources\btomblinson\heartsexample\heartsexampletest\bin\debug\net7.0\heartsexampletest.dll" id="c09f3df2-c012-2ad3-2994-259f5d8b9f29">
      <Execution id="efcb359e-9937-4220-90a5-b18eb6c48df1" />
      <TestMethod codeBase="D:\GithubSources\btomblinson\HeartsExample\HeartsExampleTest\bin\Debug\net7.0\HeartsExampleTest.dll" adapterTypeName="executor://nunit3testexecutor/" className="HeartsExampleTest.Game.HeartsExampleGameTests" name="CreateTestGame(5)" />
    </UnitTest>
    <UnitTest name="TestDetermineStartingPlayer" storage="d:\githubsources\btomblinson\heartsexample\heartsexampletest\bin\debug\net7.0\heartsexampletest.dll" id="dc0f2425-ebf9-bfa1-95e7-4077bc33b9c9">
      <Execution id="8940b8bd-b62a-4845-be16-b65098a30733" />
      <TestMethod codeBase="D:\GithubSources\btomblinson\HeartsExample\HeartsExampleTest\bin\Debug\net7.0\HeartsExampleTest.dll" adapterTypeName="executor://nunit3testexecutor/" className="HeartsExampleTest.Game.HeartsExampleHandTests" name="TestDetermineStartingPlayer" />
    </UnitTest>
    <UnitTest name="TestMoonshotHandNoPassing" storage="d:\githubsources\btomblinson\heartsexample\heartsexampletest\bin\debug\net7.0\heartsexampletest.dll" id="86ce5bb6-ddb3-96ab-105f-e07d6c7f8b99">
      <Execution id="6bbf20fe-5e05-4a8c-a3cc-c6375585fdb5" />
      <TestMethod codeBase="D:\GithubSources\btomblinson\HeartsExample\HeartsExampleTest\bin\Debug\net7.0\HeartsExampleTest.dll" adapterTypeName="executor://nunit3testexecutor/" className="HeartsExampleTest.Game.HeartsExampleHandTests" name="TestMoonshotHandNoPassing" />
    </UnitTest>
    <UnitTest name="TestDetermineTrickWinnerRandomHands" storage="d:\githubsources\btomblinson\heartsexample\heartsexampletest\bin\debug\net7.0\heartsexampletest.dll" id="cf4ea359-5b57-4406-39c9-ba18457ce416">
      <Execution id="32790dd1-07fe-4949-b8a0-5075b54a2635" />
      <TestMethod codeBase="D:\GithubSources\btomblinson\HeartsExample\HeartsExampleTest\bin\Debug\net7.0\HeartsExampleTest.dll" adapterTypeName="executor://nunit3testexecutor/" className="HeartsExampleTest.Game.HeartsExampleTrickTests" name="TestDetermineTrickWinnerRandomHands" />
    </UnitTest>
    <UnitTest name="CreateTestGame(3)" storage="d:\githubsources\btomblinson\heartsexample\heartsexampletest\bin\debug\net7.0\heartsexampletest.dll" id="4cdde98c-a79d-8f4a-5624-41b8bcfc181f">
      <Execution id="28c2a7fc-276c-4be6-982c-a72520e659b9" />
      <TestMethod codeBase="D:\GithubSources\btomblinson\HeartsExample\HeartsExampleTest\bin\Debug\net7.0\HeartsExampleTest.dll" adapterTypeName="executor://nunit3testexecutor/" className="HeartsExampleTest.Game.HeartsExampleGameTests" name="CreateTestGame(3)" />
    </UnitTest>
    <UnitTest name="TestPlayFirstTrick" storage="d:\githubsources\btomblinson\heartsexample\heartsexampletest\bin\debug\net7.0\heartsexampletest.dll" id="92e1e64a-b705-8dca-65a9-d65d481198fa">
      <Execution id="49464216-b516-4b1c-aa00-87940f906a70" />
      <TestMethod codeBase="D:\GithubSources\btomblinson\HeartsExample\HeartsExampleTest\bin\Debug\net7.0\HeartsExampleTest.dll" adapterTypeName="executor://nunit3testexecutor/" className="HeartsExampleTest.Game.HeartsExampleTrickTests" name="TestPlayFirstTrick" />
    </UnitTest>
    <UnitTest name="TestHandlePreHandCardPassingLeft" storage="d:\githubsources\btomblinson\heartsexample\heartsexampletest\bin\debug\net7.0\heartsexampletest.dll" id="0c26f4f2-b142-0967-b339-29010fb48f65">
      <Execution id="d09b4684-7aa6-4984-aae0-b3aaeceab931" />
      <TestMethod codeBase="D:\GithubSources\btomblinson\HeartsExample\HeartsExampleTest\bin\Debug\net7.0\HeartsExampleTest.dll" adapterTypeName="executor://nunit3testexecutor/" className="HeartsExampleTest.Game.HeartsExampleHandTests" name="TestHandlePreHandCardPassingLeft" />
    </UnitTest>
  </TestDefinitions>
  <TestEntries>
    <TestEntry testId="f0548b92-c117-be5c-abd0-bf70ca684f72" executionId="80a2475c-9007-4536-a0a6-9cecf768807f" testListId="8c84fa94-04c1-424b-9868-57a2d4851a1d" />
    <TestEntry testId="4cdde98c-a79d-8f4a-5624-41b8bcfc181f" executionId="28c2a7fc-276c-4be6-982c-a72520e659b9" testListId="8c84fa94-04c1-424b-9868-57a2d4851a1d" />
    <TestEntry testId="dc0f2425-ebf9-bfa1-95e7-4077bc33b9c9" executionId="8940b8bd-b62a-4845-be16-b65098a30733" testListId="8c84fa94-04c1-424b-9868-57a2d4851a1d" />
    <TestEntry testId="86ce5bb6-ddb3-96ab-105f-e07d6c7f8b99" executionId="6bbf20fe-5e05-4a8c-a3cc-c6375585fdb5" testListId="8c84fa94-04c1-424b-9868-57a2d4851a1d" />
    <TestEntry testId="dc54afb5-920b-1118-fd16-a0712d8758fb" executionId="b5094e6a-78c6-4b0c-a580-9af5ead8a2ed" testListId="8c84fa94-04c1-424b-9868-57a2d4851a1d" />
    <TestEntry testId="5c15beb4-8fb4-ad76-45d7-7f24d4c60a1c" executionId="e26462f3-ac8f-4415-ac02-139bb42ad566" testListId="8c84fa94-04c1-424b-9868-57a2d4851a1d" />
    <TestEntry testId="92e1e64a-b705-8dca-65a9-d65d481198fa" executionId="49464216-b516-4b1c-aa00-87940f906a70" testListId="8c84fa94-04c1-424b-9868-57a2d4851a1d" />
    <TestEntry testId="0c26f4f2-b142-0967-b339-29010fb48f65" executionId="d09b4684-7aa6-4984-aae0-b3aaeceab931" testListId="8c84fa94-04c1-424b-9868-57a2d4851a1d" />
    <TestEntry testId="6c8b5a9e-8828-3fd1-736e-ea92a98ddfbd" executionId="b91e359e-8fe7-4dd8-be9d-f454aaf28495" testListId="8c84fa94-04c1-424b-9868-57a2d4851a1d" />
    <TestEntry testId="c09f3df2-c012-2ad3-2994-259f5d8b9f29" executionId="efcb359e-9937-4220-90a5-b18eb6c48df1" testListId="8c84fa94-04c1-424b-9868-57a2d4851a1d" />
    <TestEntry testId="a4eb7655-8287-efa8-9e70-8a4d3f00e88c" executionId="0049341a-ca53-4de8-b744-8d70266ef272" testListId="8c84fa94-04c1-424b-9868-57a2d4851a1d" />
    <TestEntry testId="cf4ea359-5b57-4406-39c9-ba18457ce416" executionId="32790dd1-07fe-4949-b8a0-5075b54a2635" testListId="8c84fa94-04c1-424b-9868-57a2d4851a1d" />
    <TestEntry testId="cec56d4f-22cd-c6bc-77b3-9b7d9b2993f4" executionId="eefd1522-a208-485e-bb93-921215fdb0db" testListId="8c84fa94-04c1-424b-9868-57a2d4851a1d" />
  </TestEntries>
  <TestLists>
    <TestList name="Results Not in a List" id="8c84fa94-04c1-424b-9868-57a2d4851a1d" />
    <TestList name="All Loaded Results" id="19431567-8539-422a-85d7-44ee4e166bda" />
  </TestLists>
  <ResultSummary outcome="Completed">
    <Counters total="13" executed="13" passed="13" failed="0" error="0" timeout="0" aborted="0" inconclusive="0" passedButRunAborted="0" notRunnable="0" notExecuted="0" disconnected="0" warning="0" completed="0" inProgress="0" pending="0" />
    <Output>
      <StdOut>NUnit Adapter 4.4.0.0: Test execution started&#xD;
Running all tests in D:\GithubSources\btomblinson\HeartsExample\HeartsExampleTest\bin\Debug\net7.0\HeartsExampleTest.dll&#xD;
   NUnit3TestExecutor discovered 13 of 13 NUnit test cases using Current Discovery mode, Non-Explicit run&#xD;
NUnit Adapter 4.4.0.0: Test execution complete&#xD;
</StdOut>
    </Output>
    <RunInfos>
      <RunInfo computerName="BTOMBLINSON" outcome="Warning" timestamp="2023-09-18T22:47:02.1031089-06:00">
        <Text>Player Test4 has 2 of clubs and is starting the hand&#xD;
</Text>
      </RunInfo>
      <RunInfo computerName="BTOMBLINSON" outcome="Warning" timestamp="2023-09-18T22:47:02.1038135-06:00">
        <Text>Player Test3 has 2 of clubs and is starting the hand&#xD;
</Text>
      </RunInfo>
      <RunInfo computerName="BTOMBLINSON" outcome="Warning" timestamp="2023-09-18T22:47:02.1763582-06:00">
        <Text>Player Test4 has 2 of clubs and is starting the hand&#xD;
Player Test4 played Two of Clubs&#xD;
Player Test1 played Eight of Clubs&#xD;
Player Test2 played King of Clubs&#xD;
Player Test3 played Ten of Clubs&#xD;
Player Test2 won trick with King of Clubs&#xD;
Player Test2 played Nine of Clubs&#xD;
Player Test3 played Four of Clubs&#xD;
Player Test4 played Ace of Clubs&#xD;
Player Test1 played Seven of Clubs&#xD;
Player Test4 won trick with Ace of Clubs&#xD;
Player Test4 played Queen of Clubs&#xD;
Player Test1 played Queen of Spades&#xD;
Player Test2 played Five of Clubs&#xD;
Player Test3 played King of Hearts&#xD;
Player Test4 won trick with Queen of Clubs&#xD;
Player Test4 played Jack of Clubs&#xD;
Player Test1 played Ten of Hearts&#xD;
Player Test2 played Ace of Hearts&#xD;
Player Test3 played Jack of Hearts&#xD;
Player Test4 won trick with Jack of Clubs&#xD;
Player Test4 played Six of Clubs&#xD;
Player Test1 played Nine of Hearts&#xD;
Player Test2 played Queen of Hearts&#xD;
Player Test3 played Three of Hearts&#xD;
Player Test4 won trick with Six of Clubs&#xD;
Player Test4 played Three of Clubs&#xD;
Player Test1 played Eight of Hearts&#xD;
Player Test2 played Seven of Hearts&#xD;
Player Test3 played Ace of Diamonds&#xD;
Player Test4 won trick with Three of Clubs&#xD;
Player Test4 played Jack of Spades&#xD;
Player Test1 played Ace of Spades&#xD;
Player Test2 played Eight of Spades&#xD;
Player Test3 played Ten of Spades&#xD;
Player Test1 won trick with Ace of Spades&#xD;
Player Test1 played King of Spades&#xD;
Player Test2 played Three of Spades&#xD;
Player Test3 played Nine of Spades&#xD;
Player Test4 played Seven of Spades&#xD;
Player Test1 won trick with King of Spades&#xD;
Player Test1 played Six of Spades&#xD;
Player Test2 played Six of Hearts&#xD;
Player Test3 played Five of Spades&#xD;
Player Test4 played Nine of Diamonds&#xD;
Player Test1 won trick with Six of Spades&#xD;
Player Test1 played Two of Hearts&#xD;
Player Test2 played Four of Hearts&#xD;
Player Test3 played King of Diamonds&#xD;
Player Test4 played Eight of Diamonds&#xD;
Player Test2 won trick with Four of Hearts&#xD;
Player Test2 played Five of Hearts&#xD;
Player Test3 played Seven of Diamonds&#xD;
Player Test4 played Five of Diamonds&#xD;
Player Test1 played Ten of Diamonds&#xD;
Player Test2 won trick with Five of Hearts&#xD;
Player Test2 played Queen of Diamonds&#xD;
Player Test3 played Four of Spades&#xD;
Player Test4 played Three of Diamonds&#xD;
Player Test1 played Six of Diamonds&#xD;
Player Test2 won trick with Queen of Diamonds&#xD;
Player Test2 played Jack of Diamonds&#xD;
Player Test3 played Two of Spades&#xD;
Player Test4 played Two of Diamonds&#xD;
Player Test1 played Four of Diamonds&#xD;
Player Test2 won trick with Jack of Diamonds&#xD;
</Text>
      </RunInfo>
      <RunInfo computerName="BTOMBLINSON" outcome="Warning" timestamp="2023-09-18T22:47:02.1795934-06:00">
        <Text>Player Test4 has 2 of clubs and is starting the hand&#xD;
Player Test4 played Two of Clubs&#xD;
Player Test1 played Ace of Clubs&#xD;
Player Test2 played Ace of Diamonds&#xD;
Player Test3 played Ten of Diamonds&#xD;
Player Test1 won trick with Ace of Clubs&#xD;
Player Test1 played King of Clubs&#xD;
Player Test2 played King of Hearts&#xD;
Player Test3 played Queen of Spades&#xD;
Player Test4 played Ten of Hearts&#xD;
Player Test1 won trick with King of Clubs&#xD;
Player Test1 played Queen of Clubs&#xD;
Player Test2 played Nine of Hearts&#xD;
Player Test3 played Queen of Hearts&#xD;
Player Test4 played Seven of Hearts&#xD;
Player Test1 won trick with Queen of Clubs&#xD;
Player Test1 played Jack of Clubs&#xD;
Player Test2 played Eight of Hearts&#xD;
Player Test3 played Jack of Hearts&#xD;
Player Test4 played Five of Hearts&#xD;
Player Test1 won trick with Jack of Clubs&#xD;
Player Test1 played Ten of Clubs&#xD;
Player Test2 played Six of Hearts&#xD;
Player Test3 played Queen of Diamonds&#xD;
Player Test4 played Three of Hearts&#xD;
Player Test1 won trick with Ten of Clubs&#xD;
Player Test1 played Nine of Clubs&#xD;
Player Test2 played Four of Hearts&#xD;
Player Test3 played Jack of Spades&#xD;
Player Test4 played King of Diamonds&#xD;
Player Test1 won trick with Nine of Clubs&#xD;
Player Test1 played Eight of Clubs&#xD;
Player Test2 played Two of Hearts&#xD;
Player Test3 played Ten of Spades&#xD;
Player Test4 played Jack of Diamonds&#xD;
Player Test1 won trick with Eight of Clubs&#xD;
Player Test1 played Seven of Clubs&#xD;
Player Test2 played Ace of Spades&#xD;
Player Test3 played Nine of Spades&#xD;
Player Test4 played Six of Spades&#xD;
Player Test1 won trick with Seven of Clubs&#xD;
Player Test1 played Six of Clubs&#xD;
Player Test2 played King of Spades&#xD;
Player Test3 played Nine of Diamonds&#xD;
Player Test4 played Five of Spades&#xD;
Player Test1 won trick with Six of Clubs&#xD;
Player Test1 played Five of Clubs&#xD;
Player Test2 played Eight of Diamonds&#xD;
Player Test3 played Eight of Spades&#xD;
Player Test4 played Four of Spades&#xD;
Player Test1 won trick with Five of Clubs&#xD;
Player Test1 played Four of Clubs&#xD;
Player Test2 played Seven of Spades&#xD;
Player Test3 played Seven of Diamonds&#xD;
Player Test4 played Four of Diamonds&#xD;
Player Test1 won trick with Four of Clubs&#xD;
Player Test1 played Three of Clubs&#xD;
Player Test2 played Five of Diamonds&#xD;
Player Test3 played Six of Diamonds&#xD;
Player Test4 played Three of Spades&#xD;
Player Test1 won trick with Three of Clubs&#xD;
Player Test1 played Ace of Hearts&#xD;
Player Test2 played Three of Diamonds&#xD;
Player Test3 played Two of Spades&#xD;
Player Test4 played Two of Diamonds&#xD;
Player Test1 won trick with Ace of Hearts&#xD;
</Text>
      </RunInfo>
      <RunInfo computerName="BTOMBLINSON" outcome="Warning" timestamp="2023-09-18T22:47:02.7807294-06:00">
        <Text>Test&#xD;
Test&#xD;
Test&#xD;
Test&#xD;
Player Test1 won trick with Seven of Spades&#xD;
Test&#xD;
Test&#xD;
Test&#xD;
Player Test1 won trick with Ten of Spades&#xD;
Test&#xD;
Test&#xD;
Test&#xD;
Player Test1 won trick with Ace of Hearts&#xD;
Test&#xD;
Test&#xD;
Player Test1 won trick with Ten of Clubs&#xD;
Test&#xD;
Test&#xD;
Player Test1 won trick with Four of Spades&#xD;
Test&#xD;
Player Test1 won trick with King of Spades&#xD;
Test&#xD;
Player Test1 won trick with Ten of Spades&#xD;
Test&#xD;
Test&#xD;
Test&#xD;
Player Test1 won trick with Eight of Hearts&#xD;
Test&#xD;
Test&#xD;
Player Test4 won trick with Queen of Hearts&#xD;
Test&#xD;
Test&#xD;
Player Test2 won trick with King of Diamonds&#xD;
Test&#xD;
Test&#xD;
Player Test3 won trick with King of Spades&#xD;
Test&#xD;
Test&#xD;
Test&#xD;
Test&#xD;
Player Test1 won trick with Three of Diamonds&#xD;
Test&#xD;
Test&#xD;
Test&#xD;
Player Test1 won trick with Three of Diamonds&#xD;
Test&#xD;
Test&#xD;
Test&#xD;
Player Test1 won trick with Jack of Hearts&#xD;
Test&#xD;
Test&#xD;
Test&#xD;
Player Test1 won trick with Four of Diamonds&#xD;
Test&#xD;
Player Test3 won trick with King of Clubs&#xD;
Test&#xD;
Test&#xD;
Test&#xD;
Test&#xD;
Player Test1 won trick with Ten of Clubs&#xD;
Test&#xD;
Test&#xD;
Test&#xD;
Player Test4 won trick with Jack of Diamonds&#xD;
Test&#xD;
Test&#xD;
Test&#xD;
Player Test1 won trick with Eight of Spades&#xD;
Test&#xD;
Test&#xD;
Test&#xD;
Player Test1 won trick with Six of Clubs&#xD;
Test&#xD;
Test&#xD;
Test&#xD;
Player Test1 won trick with Six of Diamonds&#xD;
Test&#xD;
Test&#xD;
Test&#xD;
Test&#xD;
Player Test1 won trick with Ten of Hearts&#xD;
Test&#xD;
Test&#xD;
Player Test1 won trick with Nine of Clubs&#xD;
Test&#xD;
Test&#xD;
Player Test1 won trick with Queen of Clubs&#xD;
Test&#xD;
Player Test1 won trick with Ace of Clubs&#xD;
Test&#xD;
Test&#xD;
Player Test1 won trick with Jack of Diamonds&#xD;
Test&#xD;
Test&#xD;
Player Test2 won trick with Queen of Clubs&#xD;
Test&#xD;
Test&#xD;
Player Test4 won trick with Jack of Clubs&#xD;
Test&#xD;
Test&#xD;
Test&#xD;
Player Test1 won trick with Queen of Diamonds&#xD;
Test&#xD;
Test&#xD;
Test&#xD;
Player Test2 won trick with Ace of Hearts&#xD;
Test&#xD;
Player Test1 won trick with King of Diamonds&#xD;
Test&#xD;
Test&#xD;
Test&#xD;
Player Test1 won trick with Queen of Clubs&#xD;
Test&#xD;
Test&#xD;
Test&#xD;
Player Test1 won trick with Four of Spades&#xD;
Test&#xD;
Test&#xD;
Test&#xD;
Player Test1 won trick with Two of Clubs&#xD;
Test&#xD;
Test&#xD;
Test&#xD;
Player Test1 won trick with King of Hearts&#xD;
Test&#xD;
Test&#xD;
Player Test1 won trick with Seven of Spades&#xD;
Test&#xD;
Player Test1 won trick with Nine of Diamonds&#xD;
Test&#xD;
Test&#xD;
Player Test4 won trick with Ten of Spades&#xD;
Test&#xD;
Test&#xD;
Player Test1 won trick with Queen of Diamonds&#xD;
Test&#xD;
Test&#xD;
Test&#xD;
Player Test1 won trick with Seven of Spades&#xD;
Test&#xD;
Player Test3 won trick with Ace of Diamonds&#xD;
Test&#xD;
Test&#xD;
Test&#xD;
Player Test3 won trick with Eight of Hearts&#xD;
Test&#xD;
Test&#xD;
Player Test2 won trick with King of Spades&#xD;
Test&#xD;
Test&#xD;
Player Test4 won trick with Queen of Diamonds&#xD;
Test&#xD;
Test&#xD;
Player Test4 won trick with Seven of Spades&#xD;
Test&#xD;
Test&#xD;
Test&#xD;
Player Test1 won trick with Jack of Spades&#xD;
Test&#xD;
Test&#xD;
Test&#xD;
Test&#xD;
Player Test1 won trick with Ten of Hearts&#xD;
Test&#xD;
Test&#xD;
Test&#xD;
Test&#xD;
Player Test1 won trick with Five of Hearts&#xD;
Test&#xD;
Test&#xD;
Player Test2 won trick with Four of Diamonds&#xD;
Test&#xD;
Test&#xD;
Player Test3 won trick with Ace of Diamonds&#xD;
Test&#xD;
Test&#xD;
Test&#xD;
Test&#xD;
Player Test1 won trick with King of Hearts&#xD;
Test&#xD;
Test&#xD;
Test&#xD;
Player Test1 won trick with Jack of Clubs&#xD;
Test&#xD;
Test&#xD;
Player Test1 won trick with Queen of Spades&#xD;
Test&#xD;
Test&#xD;
Test&#xD;
Player Test1 won trick with Ten of Diamonds&#xD;
Test&#xD;
Test&#xD;
Player Test1 won trick with Ace of Spades&#xD;
Test&#xD;
Test&#xD;
Test&#xD;
Test&#xD;
Player Test1 won trick with Jack of Diamonds&#xD;
Test&#xD;
Test&#xD;
Test&#xD;
Player Test1 won trick with King of Hearts&#xD;
Test&#xD;
Test&#xD;
Test&#xD;
Player Test1 won trick with Jack of Clubs&#xD;
Test&#xD;
Player Test1 won trick with Jack of Spades&#xD;
Test&#xD;
Test&#xD;
Test&#xD;
Player Test1 won trick with Six of Diamonds&#xD;
Test&#xD;
Test&#xD;
Test&#xD;
Player Test1 won trick with Seven of Diamonds&#xD;
Test&#xD;
Test&#xD;
Player Test1 won trick with Ace of Clubs&#xD;
Test&#xD;
Test&#xD;
Player Test4 won trick with Ten of Diamonds&#xD;
Test&#xD;
Test&#xD;
Player Test1 won trick with Nine of Diamonds&#xD;
Test&#xD;
Test&#xD;
Test&#xD;
Player Test1 won trick with Seven of Clubs&#xD;
Test&#xD;
Test&#xD;
Test&#xD;
Player Test2 won trick with King of Hearts&#xD;
Test&#xD;
Test&#xD;
Player Test1 won trick with King of Diamonds&#xD;
Test&#xD;
Test&#xD;
Player Test2 won trick with Eight of Hearts&#xD;
Test&#xD;
Test&#xD;
Player Test3 won trick with Jack of Spades&#xD;
Test&#xD;
Test&#xD;
Test&#xD;
Player Test1 won trick with Five of Spades&#xD;
Test&#xD;
Test&#xD;
Player Test1 won trick with King of Diamonds&#xD;
Test&#xD;
Test&#xD;
Player Test1 won trick with Ace of Diamonds&#xD;
Test&#xD;
Test&#xD;
Player Test4 won trick with Four of Spades&#xD;
Test&#xD;
Test&#xD;
Player Test1 won trick with Jack of Spades&#xD;
Test&#xD;
Test&#xD;
Player Test2 won trick with King of Clubs&#xD;
Test&#xD;
Test&#xD;
Test&#xD;
Player Test2 won trick with Jack of Hearts&#xD;
Test&#xD;
Test&#xD;
Test&#xD;
Player Test1 won trick with Seven of Diamonds&#xD;
Test&#xD;
Test&#xD;
Test&#xD;
Player Test1 won trick with Eight of Diamonds&#xD;
Test&#xD;
Test&#xD;
Player Test1 won trick with King of Clubs&#xD;
Test&#xD;
Test&#xD;
Player Test1 won trick with Nine of Clubs&#xD;
Test&#xD;
Test&#xD;
Test&#xD;
Test&#xD;
Player Test1 won trick with Ace of Hearts&#xD;
Test&#xD;
Test&#xD;
Player Test1 won trick with Ace of Diamonds&#xD;
Test&#xD;
Test&#xD;
Test&#xD;
Player Test1 won trick with Eight of Spades&#xD;
Test&#xD;
Test&#xD;
Test&#xD;
Player Test1 won trick with Seven of Hearts&#xD;
Test&#xD;
Test&#xD;
Test&#xD;
Test&#xD;
Player Test1 won trick with Eight of Hearts&#xD;
Test&#xD;
Test&#xD;
Player Test1 won trick with Seven of Spades&#xD;
Test&#xD;
Test&#xD;
Test&#xD;
Player Test3 won trick with King of Hearts&#xD;
Test&#xD;
Test&#xD;
Test&#xD;
Player Test1 won trick with Two of Clubs&#xD;
Test&#xD;
Test&#xD;
Test&#xD;
Player Test1 won trick with Four of Clubs&#xD;
Test&#xD;
Test&#xD;
Test&#xD;
Player Test3 won trick with Five of Hearts&#xD;
Test&#xD;
Test&#xD;
Test&#xD;
Player Test1 won trick with Queen of Hearts&#xD;
Player Test2 won trick with Ace of Spades&#xD;
Test&#xD;
Test&#xD;
Player Test3 won trick with Ace of Hearts&#xD;
Test&#xD;
Test&#xD;
Player Test1 won trick with Eight of Diamonds&#xD;
Test&#xD;
Test&#xD;
Player Test1 won trick with Ten of Spades&#xD;
Test&#xD;
Test&#xD;
Test&#xD;
Test&#xD;
Player Test1 won trick with Four of Hearts&#xD;
Test&#xD;
Test&#xD;
Player Test2 won trick with Jack of Spades&#xD;
Test&#xD;
Test&#xD;
Test&#xD;
Player Test1 won trick with Six of Hearts&#xD;
Test&#xD;
Test&#xD;
Test&#xD;
Player Test1 won trick with Ace of Diamonds&#xD;
Test&#xD;
Test&#xD;
Test&#xD;
Player Test4 won trick with Ten of Hearts&#xD;
Test&#xD;
Test&#xD;
Test&#xD;
Player Test1 won trick with Jack of Hearts&#xD;
Test&#xD;
Test&#xD;
Test&#xD;
Player Test1 won trick with Ten of Diamonds&#xD;
Test&#xD;
Test&#xD;
Test&#xD;
Player Test1 won trick with Ten of Spades&#xD;
Test&#xD;
Test&#xD;
Player Test4 won trick with Three of Diamonds&#xD;
Test&#xD;
Test&#xD;
Test&#xD;
Player Test1 won trick with Jack of Diamonds&#xD;
Test&#xD;
Player Test4 won trick with Ten of Spades&#xD;
Test&#xD;
Player Test4 won trick with Nine of Clubs&#xD;
Test&#xD;
Test&#xD;
Player Test1 won trick with Ace of Diamonds&#xD;
Test&#xD;
Test&#xD;
Test&#xD;
Test&#xD;
Player Test1 won trick with Nine of Hearts&#xD;
Test&#xD;
Test&#xD;
Player Test3 won trick with Queen of Clubs&#xD;
Test&#xD;
Test&#xD;
Player Test1 won trick with Eight of Clubs&#xD;
Test&#xD;
Test&#xD;
Player Test3 won trick with Ace of Hearts&#xD;
Test&#xD;
Test&#xD;
Player Test3 won trick with Eight of Hearts&#xD;
Test&#xD;
Test&#xD;
Test&#xD;
Test&#xD;
Player Test1 won trick with Five of Hearts&#xD;
Test&#xD;
Test&#xD;
Test&#xD;
Test&#xD;
Player Test1 won trick with Jack of Clubs&#xD;
Test&#xD;
Test&#xD;
Test&#xD;
Player Test1 won trick with Ten of Clubs&#xD;
Test&#xD;
Test&#xD;
Player Test1 won trick with Seven of Clubs&#xD;
Test&#xD;
Test&#xD;
Test&#xD;
Player Test1 won trick with Jack of Clubs&#xD;
Test&#xD;
Test&#xD;
Test&#xD;
Player Test1 won trick with Ace of Diamonds&#xD;
Test&#xD;
Test&#xD;
Test&#xD;
Player Test1 won trick with Four of Diamonds&#xD;
Test&#xD;
Test&#xD;
Player Test1 won trick with Ace of Diamonds&#xD;
Test&#xD;
Player Test1 won trick with Ace of Spades&#xD;
Test&#xD;
Test&#xD;
Player Test1 won trick with Ace of Clubs&#xD;
Test&#xD;
Test&#xD;
Player Test4 won trick with Ace of Spades&#xD;
Test&#xD;
Test&#xD;
Test&#xD;
Test&#xD;
Player Test1 won trick with Eight of Clubs&#xD;
Test&#xD;
Player Test1 won trick with Ace of Diamonds&#xD;
Test&#xD;
Test&#xD;
Player Test1 won trick with Ten of Clubs&#xD;
Test&#xD;
Test&#xD;
Test&#xD;
Player Test1 won trick with Queen of Clubs&#xD;
Test&#xD;
Test&#xD;
Player Test4 won trick with Six of Hearts&#xD;
Test&#xD;
Test&#xD;
Player Test1 won trick with Five of Clubs&#xD;
Test&#xD;
Player Test1 won trick with Queen of Clubs&#xD;
Test&#xD;
Test&#xD;
Player Test4 won trick with Queen of Spades&#xD;
Test&#xD;
Test&#xD;
Player Test1 won trick with Nine of Clubs&#xD;
Test&#xD;
Test&#xD;
Player Test4 won trick with Eight of Diamonds&#xD;
Test&#xD;
Test&#xD;
Player Test2 won trick with Ace of Spades&#xD;
Test&#xD;
Test&#xD;
Player Test1 won trick with Two of Spades&#xD;
Test&#xD;
Test&#xD;
Player Test4 won trick with Ace of Diamonds&#xD;
Test&#xD;
Player Test4 won trick with King of Diamonds&#xD;
Test&#xD;
Test&#xD;
Test&#xD;
Player Test1 won trick with Four of Hearts&#xD;
Test&#xD;
Test&#xD;
Test&#xD;
Test&#xD;
Player Test1 won trick with Jack of Hearts&#xD;
Test&#xD;
Test&#xD;
Test&#xD;
Player Test1 won trick with Ace of Spades&#xD;
Test&#xD;
Player Test1 won trick with Ace of Diamonds&#xD;
Test&#xD;
Test&#xD;
Player Test3 won trick with King of Spades&#xD;
Test&#xD;
Test&#xD;
Player Test3 won trick with Ten of Diamonds&#xD;
Test&#xD;
Test&#xD;
Player Test1 won trick with Ten of Clubs&#xD;
Test&#xD;
Test&#xD;
Player Test1 won trick with Jack of Clubs&#xD;
Test&#xD;
Test&#xD;
Player Test4 won trick with Ten of Spades&#xD;
Test&#xD;
Test&#xD;
Test&#xD;
Player Test1 won trick with Four of Spades&#xD;
Test&#xD;
Test&#xD;
Test&#xD;
Player Test2 won trick with King of Hearts&#xD;
Test&#xD;
Player Test3 won trick with Ace of Clubs&#xD;
Test&#xD;
Test&#xD;
Player Test4 won trick with Five of Diamonds&#xD;
Test&#xD;
Test&#xD;
Test&#xD;
Test&#xD;
Player Test1 won trick with Jack of Hearts&#xD;
Test&#xD;
Test&#xD;
Player Test1 won trick with Ten of Spades&#xD;
Test&#xD;
Test&#xD;
Player Test2 won trick with Five of Diamonds&#xD;
Test&#xD;
Test&#xD;
Test&#xD;
Test&#xD;
Player Test1 won trick with Five of Hearts&#xD;
Test&#xD;
Test&#xD;
Test&#xD;
Test&#xD;
Player Test1 won trick with Eight of Hearts&#xD;
Test&#xD;
Test&#xD;
Test&#xD;
Player Test4 won trick with Jack of Hearts&#xD;
Test&#xD;
Test&#xD;
Test&#xD;
Test&#xD;
Player Test1 won trick with Three of Hearts&#xD;
Test&#xD;
Test&#xD;
Player Test2 won trick with Five of Clubs&#xD;
Test&#xD;
Test&#xD;
Test&#xD;
Player Test3 won trick with Ten of Hearts&#xD;
Test&#xD;
Test&#xD;
Player Test1 won trick with King of Clubs&#xD;
Test&#xD;
Test&#xD;
Test&#xD;
Player Test1 won trick with Ace of Diamonds&#xD;
Test&#xD;
Test&#xD;
Player Test1 won trick with Ace of Spades&#xD;
Test&#xD;
Test&#xD;
Test&#xD;
Test&#xD;
Player Test1 won trick with Nine of Hearts&#xD;
Test&#xD;
Test&#xD;
Test&#xD;
Player Test1 won trick with Ace of Hearts&#xD;
Test&#xD;
Player Test4 won trick with Ace of Diamonds&#xD;
Test&#xD;
Test&#xD;
Test&#xD;
Test&#xD;
Player Test1 won trick with Ten of Diamonds&#xD;
Test&#xD;
Test&#xD;
Player Test1 won trick with Five of Diamonds&#xD;
Test&#xD;
Test&#xD;
Test&#xD;
Test&#xD;
Player Test1 won trick with King of Hearts&#xD;
Test&#xD;
Test&#xD;
Player Test4 won trick with Eight of Spades&#xD;
Test&#xD;
Test&#xD;
Player Test4 won trick with Ace of Spades&#xD;
Test&#xD;
Test&#xD;
Test&#xD;
Player Test3 won trick with Ten of Hearts&#xD;
Test&#xD;
Test&#xD;
Test&#xD;
Player Test1 won trick with Four of Diamonds&#xD;
Test&#xD;
Test&#xD;
Player Test3 won trick with Ace of Diamonds&#xD;
Test&#xD;
Test&#xD;
Test&#xD;
Test&#xD;
Player Test1 won trick with Queen of Hearts&#xD;
Test&#xD;
Test&#xD;
Test&#xD;
Player Test1 won trick with Six of Diamonds&#xD;
Test&#xD;
Test&#xD;
Test&#xD;
Player Test4 won trick with Queen of Hearts&#xD;
Test&#xD;
Test&#xD;
Player Test1 won trick with King of Spades&#xD;
Test&#xD;
Test&#xD;
Player Test1 won trick with King of Diamonds&#xD;
Test&#xD;
Test&#xD;
Test&#xD;
Player Test1 won trick with Four of Spades&#xD;
Test&#xD;
Test&#xD;
Player Test1 won trick with Jack of Diamonds&#xD;
Test&#xD;
Test&#xD;
Test&#xD;
Test&#xD;
Player Test1 won trick with Ten of Hearts&#xD;
Test&#xD;
Test&#xD;
Test&#xD;
Player Test1 won trick with Jack of Clubs&#xD;
Test&#xD;
Test&#xD;
Player Test3 won trick with King of Clubs&#xD;
Test&#xD;
Test&#xD;
Test&#xD;
Player Test1 won trick with Ace of Diamonds&#xD;
Test&#xD;
Test&#xD;
Test&#xD;
Player Test1 won trick with Three of Clubs&#xD;
Test&#xD;
Test&#xD;
Player Test1 won trick with Ten of Diamonds&#xD;
Test&#xD;
Player Test1 won trick with Jack of Spades&#xD;
Test&#xD;
Test&#xD;
Test&#xD;
Player Test1 won trick with Ten of Diamonds&#xD;
Test&#xD;
Test&#xD;
Player Test1 won trick with Nine of Hearts&#xD;
Test&#xD;
Test&#xD;
Player Test1 won trick with Ace of Diamonds&#xD;
Test&#xD;
Test&#xD;
Test&#xD;
Player Test1 won trick with Three of Diamonds&#xD;
Test&#xD;
Test&#xD;
Test&#xD;
Player Test1 won trick with Jack of Clubs&#xD;
Test&#xD;
Test&#xD;
Player Test3 won trick with Jack of Spades&#xD;
Test&#xD;
Test&#xD;
Test&#xD;
Player Test1 won trick with Two of Clubs&#xD;
Test&#xD;
Test&#xD;
Test&#xD;
Player Test1 won trick with King of Clubs&#xD;
Player Test3 won trick with Ace of Clubs&#xD;
Test&#xD;
Test&#xD;
Test&#xD;
Player Test1 won trick with Ten of Hearts&#xD;
Test&#xD;
Test&#xD;
Test&#xD;
Player Test1 won trick with Four of Clubs&#xD;
Test&#xD;
Test&#xD;
Test&#xD;
Test&#xD;
Player Test1 won trick with Queen of Hearts&#xD;
Test&#xD;
Test&#xD;
Test&#xD;
Player Test1 won trick with Seven of Clubs&#xD;
Test&#xD;
Test&#xD;
Test&#xD;
Player Test1 won trick with Queen of Hearts&#xD;
Test&#xD;
Test&#xD;
Player Test1 won trick with Seven of Diamonds&#xD;
Test&#xD;
Test&#xD;
Test&#xD;
Player Test1 won trick with Queen of Diamonds&#xD;
Test&#xD;
Test&#xD;
Test&#xD;
Player Test3 won trick with Ace of Hearts&#xD;
Test&#xD;
Test&#xD;
Player Test1 won trick with Ace of Hearts&#xD;
Test&#xD;
Test&#xD;
Test&#xD;
Player Test2 won trick with Ace of Hearts&#xD;
Test&#xD;
Test&#xD;
Player Test3 won trick with Nine of Clubs&#xD;
Test&#xD;
Test&#xD;
Test&#xD;
Player Test1 won trick with Queen of Clubs&#xD;
Test&#xD;
Test&#xD;
Test&#xD;
Player Test1 won trick with Five of Clubs&#xD;
Test&#xD;
Test&#xD;
Test&#xD;
Player Test2 won trick with Seven of Hearts&#xD;
Test&#xD;
Test&#xD;
Test&#xD;
Player Test2 won trick with Ace of Hearts&#xD;
Test&#xD;
Test&#xD;
Test&#xD;
Player Test4 won trick with Seven of Hearts&#xD;
Test&#xD;
Test&#xD;
Test&#xD;
Player Test1 won trick with Eight of Hearts&#xD;
Test&#xD;
Test&#xD;
Test&#xD;
Player Test1 won trick with Nine of Clubs&#xD;
Test&#xD;
Test&#xD;
Test&#xD;
Player Test1 won trick with Six of Clubs&#xD;
Test&#xD;
Test&#xD;
Test&#xD;
Player Test1 won trick with Queen of Spades&#xD;
Test&#xD;
Test&#xD;
Test&#xD;
Player Test1 won trick with Six of Hearts&#xD;
Test&#xD;
Player Test2 won trick with King of Spades&#xD;
Test&#xD;
Test&#xD;
Player Test4 won trick with Ten of Clubs&#xD;
Test&#xD;
Player Test1 won trick with Ace of Spades&#xD;
Test&#xD;
Test&#xD;
Test&#xD;
Player Test1 won trick with Seven of Clubs&#xD;
Test&#xD;
Test&#xD;
Player Test4 won trick with Eight of Clubs&#xD;
Test&#xD;
Test&#xD;
Test&#xD;
Player Test1 won trick with Ten of Spades&#xD;
Test&#xD;
Test&#xD;
Player Test3 won trick with Six of Clubs&#xD;
Test&#xD;
Test&#xD;
Test&#xD;
Player Test2 won trick with Queen of Hearts&#xD;
Test&#xD;
Test&#xD;
Test&#xD;
Test&#xD;
Player Test1 won trick with Queen of Hearts&#xD;
Test&#xD;
Test&#xD;
Test&#xD;
Test&#xD;
Player Test1 won trick with Jack of Hearts&#xD;
Test&#xD;
Test&#xD;
Player Test2 won trick with Queen of Diamonds&#xD;
Test&#xD;
Test&#xD;
Test&#xD;
Test&#xD;
Player Test1 won trick with Three of Hearts&#xD;
Test&#xD;
Test&#xD;
Player Test3 won trick with Five of Spades&#xD;
Test&#xD;
Test&#xD;
Test&#xD;
Player Test1 won trick with Seven of Diamonds&#xD;
Test&#xD;
Test&#xD;
Test&#xD;
Test&#xD;
Player Test1 won trick with Six of Hearts&#xD;
Test&#xD;
Test&#xD;
Test&#xD;
Player Test1 won trick with Queen of Hearts&#xD;
Test&#xD;
Test&#xD;
Test&#xD;
Test&#xD;
Player Test1 won trick with Eight of Clubs&#xD;
Test&#xD;
Test&#xD;
Test&#xD;
Player Test1 won trick with Queen of Spades&#xD;
Test&#xD;
Player Test1 won trick with King of Hearts&#xD;
Test&#xD;
Test&#xD;
Test&#xD;
Player Test1 won trick with Three of Spades&#xD;
Test&#xD;
Test&#xD;
Player Test1 won trick with King of Spades&#xD;
Test&#xD;
Test&#xD;
Test&#xD;
Player Test4 won trick with Four of Hearts&#xD;
Test&#xD;
Player Test4 won trick with Jack of Diamonds&#xD;
Test&#xD;
Test&#xD;
Test&#xD;
Test&#xD;
Player Test1 won trick with Six of Hearts&#xD;
Test&#xD;
Test&#xD;
Player Test3 won trick with King of Spades&#xD;
Test&#xD;
Test&#xD;
Player Test3 won trick with King of Diamonds&#xD;
Test&#xD;
Test&#xD;
Test&#xD;
Test&#xD;
Player Test1 won trick with Seven of Hearts&#xD;
Test&#xD;
Test&#xD;
Player Test3 won trick with Nine of Diamonds&#xD;
Test&#xD;
Test&#xD;
Test&#xD;
Player Test3 won trick with Seven of Hearts&#xD;
Test&#xD;
Test&#xD;
Test&#xD;
Test&#xD;
Player Test1 won trick with Five of Hearts&#xD;
Test&#xD;
Test&#xD;
Test&#xD;
Player Test1 won trick with King of Hearts&#xD;
Test&#xD;
Test&#xD;
Test&#xD;
Player Test1 won trick with Nine of Spades&#xD;
Test&#xD;
Test&#xD;
Player Test4 won trick with Ace of Clubs&#xD;
Test&#xD;
Test&#xD;
Player Test1 won trick with Six of Spades&#xD;
Test&#xD;
Test&#xD;
Test&#xD;
Player Test1 won trick with Nine of Diamonds&#xD;
Test&#xD;
Test&#xD;
Test&#xD;
Player Test3 won trick with Six of Hearts&#xD;
Test&#xD;
Test&#xD;
Player Test1 won trick with Jack of Clubs&#xD;
Test&#xD;
Test&#xD;
Test&#xD;
Player Test1 won trick with Seven of Clubs&#xD;
Test&#xD;
Test&#xD;
Test&#xD;
Player Test1 won trick with Two of Diamonds&#xD;
Test&#xD;
Test&#xD;
Test&#xD;
Player Test1 won trick with Five of Diamonds&#xD;
Test&#xD;
Test&#xD;
Player Test1 won trick with Eight of Diamonds&#xD;
Test&#xD;
Test&#xD;
Test&#xD;
Player Test1 won trick with Five of Clubs&#xD;
Test&#xD;
Test&#xD;
Test&#xD;
Player Test4 won trick with Jack of Hearts&#xD;
Test&#xD;
Player Test4 won trick with Ten of Diamonds&#xD;
Test&#xD;
Test&#xD;
Player Test3 won trick with King of Diamonds&#xD;
Test&#xD;
Test&#xD;
Player Test1 won trick with Ace of Clubs&#xD;
Test&#xD;
Test&#xD;
Player Test4 won trick with Ace of Diamonds&#xD;
Test&#xD;
Player Test3 won trick with Ten of Hearts&#xD;
Test&#xD;
Test&#xD;
Player Test1 won trick with King of Clubs&#xD;
Test&#xD;
Test&#xD;
Player Test1 won trick with Seven of Spades&#xD;
Test&#xD;
Test&#xD;
Player Test2 won trick with Jack of Diamonds&#xD;
Test&#xD;
Test&#xD;
Player Test3 won trick with Jack of Clubs&#xD;
Test&#xD;
Test&#xD;
Test&#xD;
Player Test1 won trick with Six of Diamonds&#xD;
Test&#xD;
Test&#xD;
Test&#xD;
Player Test1 won trick with King of Clubs&#xD;
Test&#xD;
Test&#xD;
Player Test4 won trick with King of Diamonds&#xD;
Test&#xD;
Test&#xD;
Player Test3 won trick with Six of Clubs&#xD;
Test&#xD;
Test&#xD;
Player Test1 won trick with Nine of Diamonds&#xD;
Test&#xD;
Test&#xD;
Player Test1 won trick with Queen of Spades&#xD;
Test&#xD;
Test&#xD;
Player Test1 won trick with Ace of Diamonds&#xD;
Test&#xD;
Player Test1 won trick with Ace of Diamonds&#xD;
Test&#xD;
Test&#xD;
Test&#xD;
Player Test1 won trick with Jack of Spades&#xD;
Test&#xD;
Player Test3 won trick with Ace of Diamonds&#xD;
Test&#xD;
Test&#xD;
Test&#xD;
Test&#xD;
Player Test1 won trick with Two of Hearts&#xD;
Test&#xD;
Test&#xD;
Test&#xD;
Test&#xD;
Player Test1 won trick with Seven of Hearts&#xD;
Test&#xD;
Test&#xD;
Test&#xD;
Test&#xD;
Player Test1 won trick with Nine of Hearts&#xD;
Test&#xD;
Test&#xD;
Test&#xD;
Test&#xD;
Player Test1 won trick with Queen of Clubs&#xD;
Test&#xD;
Test&#xD;
Player Test1 won trick with Jack of Spades&#xD;
Test&#xD;
Test&#xD;
Test&#xD;
Player Test1 won trick with Six of Clubs&#xD;
Test&#xD;
Test&#xD;
Player Test4 won trick with King of Hearts&#xD;
Test&#xD;
Test&#xD;
Test&#xD;
Player Test1 won trick with Five of Hearts&#xD;
Test&#xD;
Test&#xD;
Player Test2 won trick with Ace of Spades&#xD;
Test&#xD;
Test&#xD;
Player Test4 won trick with Six of Spades&#xD;
Test&#xD;
Test&#xD;
Test&#xD;
Test&#xD;
Player Test1 won trick with Nine of Hearts&#xD;
Test&#xD;
Test&#xD;
Test&#xD;
Player Test1 won trick with Three of Clubs&#xD;
Test&#xD;
Test&#xD;
Player Test1 won trick with Ace of Clubs&#xD;
Test&#xD;
Test&#xD;
Player Test2 won trick with Jack of Clubs&#xD;
Test&#xD;
Test&#xD;
Test&#xD;
Player Test1 won trick with Seven of Clubs&#xD;
Test&#xD;
Player Test3 won trick with Nine of Diamonds&#xD;
Test&#xD;
Test&#xD;
Test&#xD;
Test&#xD;
Player Test1 won trick with Nine of Hearts&#xD;
Test&#xD;
Test&#xD;
Player Test1 won trick with Ace of Clubs&#xD;
Test&#xD;
Test&#xD;
Test&#xD;
Test&#xD;
Player Test1 won trick with Four of Hearts&#xD;
Test&#xD;
Player Test4 won trick with Nine of Clubs&#xD;
Test&#xD;
Test&#xD;
Player Test1 won trick with Four of Clubs&#xD;
Test&#xD;
Test&#xD;
Test&#xD;
Player Test1 won trick with Queen of Hearts&#xD;
Test&#xD;
Test&#xD;
Test&#xD;
Test&#xD;
Player Test1 won trick with Queen of Hearts&#xD;
Test&#xD;
Player Test1 won trick with Nine of Clubs&#xD;
Test&#xD;
Test&#xD;
Player Test1 won trick with Five of Diamonds&#xD;
Test&#xD;
Test&#xD;
Test&#xD;
Player Test1 won trick with Six of Spades&#xD;
Test&#xD;
Test&#xD;
Test&#xD;
Player Test1 won trick with Five of Hearts&#xD;
Test&#xD;
Test&#xD;
Test&#xD;
Test&#xD;
Player Test1 won trick with Five of Hearts&#xD;
Player Test4 won trick with Ten of Spades&#xD;
Test&#xD;
Test&#xD;
Test&#xD;
Test&#xD;
Player Test1 won trick with Five of Hearts&#xD;
Test&#xD;
Test&#xD;
Player Test1 won trick with King of Clubs&#xD;
Test&#xD;
Test&#xD;
Test&#xD;
Player Test4 won trick with King of Hearts&#xD;
Test&#xD;
Test&#xD;
Test&#xD;
Test&#xD;
Player Test1 won trick with Four of Hearts&#xD;
Test&#xD;
Test&#xD;
Player Test1 won trick with King of Hearts&#xD;
Test&#xD;
Test&#xD;
Player Test3 won trick with Ten of Clubs&#xD;
Player Test2 won trick with Ace of Diamonds&#xD;
Test&#xD;
Test&#xD;
Test&#xD;
Player Test1 won trick with Ten of Diamonds&#xD;
Test&#xD;
Test&#xD;
Test&#xD;
Test&#xD;
Player Test1 won trick with Six of Hearts&#xD;
Test&#xD;
Player Test1 won trick with Ace of Diamonds&#xD;
Test&#xD;
Player Test2 won trick with Nine of Spades&#xD;
Test&#xD;
Test&#xD;
Test&#xD;
Player Test1 won trick with Ten of Diamonds&#xD;
Test&#xD;
Test&#xD;
Test&#xD;
Test&#xD;
Player Test1 won trick with Five of Diamonds&#xD;
Test&#xD;
Test&#xD;
Test&#xD;
Player Test1 won trick with Nine of Clubs&#xD;
Test&#xD;
Test&#xD;
Test&#xD;
Player Test1 won trick with King of Spades&#xD;
Test&#xD;
Test&#xD;
Test&#xD;
Player Test1 won trick with Five of Hearts&#xD;
Test&#xD;
Test&#xD;
Test&#xD;
Player Test1 won trick with Ten of Diamonds&#xD;
Test&#xD;
Test&#xD;
Test&#xD;
Player Test1 won trick with Ten of Clubs&#xD;
Test&#xD;
Player Test3 won trick with Seven of Diamonds&#xD;
Test&#xD;
Test&#xD;
Player Test1 won trick with Four of Diamonds&#xD;
Test&#xD;
Player Test2 won trick with Ten of Spades&#xD;
Test&#xD;
Test&#xD;
Player Test3 won trick with Ten of Diamonds&#xD;
Test&#xD;
Test&#xD;
Player Test4 won trick with Ace of Diamonds&#xD;
Test&#xD;
Test&#xD;
Test&#xD;
Player Test1 won trick with Nine of Diamonds&#xD;
Test&#xD;
Player Test1 won trick with Ten of Spades&#xD;
Test&#xD;
Test&#xD;
Test&#xD;
Player Test1 won trick with Ace of Hearts&#xD;
Test&#xD;
Test&#xD;
Test&#xD;
Test&#xD;
Player Test1 won trick with Two of Hearts&#xD;
Test&#xD;
Test&#xD;
Test&#xD;
Test&#xD;
Player Test1 won trick with Ace of Hearts&#xD;
Test&#xD;
Test&#xD;
Player Test1 won trick with Queen of Spades&#xD;
Test&#xD;
Test&#xD;
Test&#xD;
Player Test1 won trick with Ace of Diamonds&#xD;
Test&#xD;
Test&#xD;
Player Test1 won trick with Nine of Diamonds&#xD;
Test&#xD;
Test&#xD;
Test&#xD;
Test&#xD;
Player Test1 won trick with Eight of Hearts&#xD;
Test&#xD;
Test&#xD;
Test&#xD;
Test&#xD;
Player Test1 won trick with King of Hearts&#xD;
Test&#xD;
Test&#xD;
Test&#xD;
Player Test1 won trick with Ace of Clubs&#xD;
Test&#xD;
Test&#xD;
Test&#xD;
Test&#xD;
Player Test1 won trick with Jack of Hearts&#xD;
Test&#xD;
Test&#xD;
Test&#xD;
Player Test1 won trick with Two of Clubs&#xD;
Test&#xD;
Test&#xD;
Player Test1 won trick with Ten of Clubs&#xD;
Test&#xD;
Player Test3 won trick with Queen of Spades&#xD;
Test&#xD;
Test&#xD;
Player Test1 won trick with Jack of Diamonds&#xD;
Test&#xD;
Test&#xD;
Player Test4 won trick with Ace of Spades&#xD;
Test&#xD;
Test&#xD;
Player Test3 won trick with Ten of Clubs&#xD;
Test&#xD;
Test&#xD;
Player Test1 won trick with Ten of Clubs&#xD;
Test&#xD;
Test&#xD;
Player Test1 won trick with Nine of Spades&#xD;
Test&#xD;
Test&#xD;
Player Test1 won trick with Queen of Spades&#xD;
Test&#xD;
Test&#xD;
Test&#xD;
Player Test1 won trick with Ten of Clubs&#xD;
Test&#xD;
Player Test1 won trick with King of Diamonds&#xD;
Test&#xD;
Test&#xD;
Test&#xD;
Player Test1 won trick with Nine of Hearts&#xD;
Test&#xD;
Test&#xD;
Test&#xD;
Player Test1 won trick with Nine of Clubs&#xD;
Test&#xD;
Test&#xD;
Player Test3 won trick with King of Hearts&#xD;
Test&#xD;
Test&#xD;
Test&#xD;
Test&#xD;
Player Test1 won trick with Jack of Hearts&#xD;
Test&#xD;
Test&#xD;
Player Test1 won trick with Six of Clubs&#xD;
Test&#xD;
Test&#xD;
Test&#xD;
Test&#xD;
Player Test1 won trick with Four of Diamonds&#xD;
Test&#xD;
Test&#xD;
Player Test3 won trick with Queen of Clubs&#xD;
Test&#xD;
Test&#xD;
Player Test4 won trick with King of Spades&#xD;
Test&#xD;
Test&#xD;
Test&#xD;
Test&#xD;
Player Test1 won trick with Jack of Hearts&#xD;
Test&#xD;
Test&#xD;
Test&#xD;
Player Test1 won trick with Ace of Hearts&#xD;
Test&#xD;
Test&#xD;
Player Test4 won trick with Queen of Spades&#xD;
Test&#xD;
Test&#xD;
Player Test1 won trick with Queen of Clubs&#xD;
Test&#xD;
Test&#xD;
Test&#xD;
Test&#xD;
Player Test1 won trick with Queen of Hearts&#xD;
Test&#xD;
Test&#xD;
Player Test2 won trick with Jack of Diamonds&#xD;
Test&#xD;
Test&#xD;
Test&#xD;
Player Test1 won trick with Jack of Hearts&#xD;
Test&#xD;
Test&#xD;
Test&#xD;
Player Test1 won trick with Six of Clubs&#xD;
Test&#xD;
Test&#xD;
Test&#xD;
Player Test1 won trick with Ace of Hearts&#xD;
Test&#xD;
Test&#xD;
Player Test1 won trick with Queen of Clubs&#xD;
Test&#xD;
Player Test1 won trick with Jack of Diamonds&#xD;
Test&#xD;
Test&#xD;
Player Test1 won trick with Ten of Diamonds&#xD;
Test&#xD;
Test&#xD;
Test&#xD;
Player Test1 won trick with Queen of Clubs&#xD;
Test&#xD;
Test&#xD;
Test&#xD;
Player Test1 won trick with Ace of Spades&#xD;
Test&#xD;
Test&#xD;
Test&#xD;
Player Test1 won trick with Seven of Spades&#xD;
Test&#xD;
Test&#xD;
Player Test2 won trick with Eight of Spades&#xD;
Test&#xD;
Test&#xD;
Test&#xD;
Player Test1 won trick with Jack of Diamonds&#xD;
Test&#xD;
Test&#xD;
Player Test3 won trick with Nine of Clubs&#xD;
Test&#xD;
Test&#xD;
Test&#xD;
Test&#xD;
Player Test1 won trick with Nine of Hearts&#xD;
Test&#xD;
Test&#xD;
Test&#xD;
Test&#xD;
Player Test1 won trick with Jack of Diamonds&#xD;
Test&#xD;
Player Test4 won trick with Ten of Spades&#xD;
Test&#xD;
Test&#xD;
Test&#xD;
Player Test1 won trick with Queen of Spades&#xD;
Test&#xD;
Player Test3 won trick with Jack of Spades&#xD;
Test&#xD;
Test&#xD;
Test&#xD;
Player Test1 won trick with Nine of Hearts&#xD;
Test&#xD;
Test&#xD;
Test&#xD;
Player Test1 won trick with Eight of Clubs&#xD;
Test&#xD;
Player Test2 won trick with Queen of Spades&#xD;
Test&#xD;
Test&#xD;
Test&#xD;
Player Test1 won trick with Nine of Diamonds&#xD;
Test&#xD;
Test&#xD;
Test&#xD;
Test&#xD;
Player Test1 won trick with Five of Hearts&#xD;
Test&#xD;
Test&#xD;
Player Test2 won trick with Seven of Hearts&#xD;
Test&#xD;
Test&#xD;
Test&#xD;
Player Test4 won trick with Four of Hearts&#xD;
Test&#xD;
Test&#xD;
Test&#xD;
Test&#xD;
Player Test1 won trick with Four of Hearts&#xD;
Test&#xD;
Test&#xD;
Test&#xD;
Player Test2 won trick with Ten of Hearts&#xD;
Test&#xD;
Test&#xD;
Player Test1 won trick with Nine of Clubs&#xD;
Test&#xD;
Test&#xD;
Test&#xD;
Player Test3 won trick with Nine of Hearts&#xD;
Test&#xD;
Test&#xD;
Test&#xD;
Player Test1 won trick with King of Diamonds&#xD;
Test&#xD;
Test&#xD;
Test&#xD;
Test&#xD;
Player Test1 won trick with Jack of Hearts&#xD;
Test&#xD;
Test&#xD;
Test&#xD;
Test&#xD;
Player Test1 won trick with Six of Hearts&#xD;
Test&#xD;
Test&#xD;
Test&#xD;
Test&#xD;
Player Test1 won trick with Six of Diamonds&#xD;
Test&#xD;
Test&#xD;
Test&#xD;
Test&#xD;
Player Test1 won trick with Ten of Hearts&#xD;
Test&#xD;
Test&#xD;
Player Test3 won trick with Five of Clubs&#xD;
Test&#xD;
Player Test4 won trick with Ace of Clubs&#xD;
Test&#xD;
Test&#xD;
Test&#xD;
Player Test1 won trick with Four of Spades&#xD;
Test&#xD;
Test&#xD;
Test&#xD;
Player Test1 won trick with Jack of Clubs&#xD;
Test&#xD;
Test&#xD;
Test&#xD;
Player Test1 won trick with Eight of Spades&#xD;
Test&#xD;
Test&#xD;
Test&#xD;
Player Test2 won trick with Queen of Hearts&#xD;
Test&#xD;
Test&#xD;
Player Test4 won trick with Eight of Spades&#xD;
Test&#xD;
Test&#xD;
Test&#xD;
Player Test1 won trick with Three of Diamonds&#xD;
Test&#xD;
Test&#xD;
Test&#xD;
Player Test1 won trick with Five of Hearts&#xD;
Test&#xD;
Test&#xD;
Test&#xD;
Player Test1 won trick with Seven of Clubs&#xD;
Test&#xD;
Test&#xD;
Test&#xD;
Player Test4 won trick with King of Hearts&#xD;
Test&#xD;
Test&#xD;
Player Test1 won trick with Queen of Diamonds&#xD;
Test&#xD;
Test&#xD;
Test&#xD;
Player Test1 won trick with Four of Diamonds&#xD;
Test&#xD;
Test&#xD;
Test&#xD;
Player Test1 won trick with Jack of Clubs&#xD;
Test&#xD;
Test&#xD;
Test&#xD;
Test&#xD;
Player Test1 won trick with Five of Hearts&#xD;
Test&#xD;
Test&#xD;
Test&#xD;
Player Test1 won trick with Eight of Spades&#xD;
Test&#xD;
Test&#xD;
Test&#xD;
Player Test1 won trick with Seven of Diamonds&#xD;
Test&#xD;
Test&#xD;
Test&#xD;
Test&#xD;
Player Test1 won trick with Queen of Hearts&#xD;
Test&#xD;
Test&#xD;
Player Test1 won trick with Nine of Spades&#xD;
Test&#xD;
Test&#xD;
Test&#xD;
Player Test1 won trick with Three of Diamonds&#xD;
Test&#xD;
Test&#xD;
Test&#xD;
Player Test3 won trick with Ten of Hearts&#xD;
Test&#xD;
Player Test4 won trick with King of Clubs&#xD;
Test&#xD;
Test&#xD;
Player Test1 won trick with King of Diamonds&#xD;
Test&#xD;
Test&#xD;
Test&#xD;
Player Test1 won trick with Three of Diamonds&#xD;
Test&#xD;
Test&#xD;
Test&#xD;
Player Test4 won trick with Jack of Hearts&#xD;
Test&#xD;
Test&#xD;
Player Test2 won trick with Ace of Diamonds&#xD;
Test&#xD;
Test&#xD;
Player Test3 won trick with Nine of Clubs&#xD;
Test&#xD;
Test&#xD;
Player Test1 won trick with Jack of Spades&#xD;
Test&#xD;
Test&#xD;
Player Test1 won trick with King of Diamonds&#xD;
Test&#xD;
Test&#xD;
Test&#xD;
Test&#xD;
Player Test1 won trick with Eight of Hearts&#xD;
Test&#xD;
Test&#xD;
Test&#xD;
Player Test1 won trick with Queen of Diamonds&#xD;
Test&#xD;
Player Test1 won trick with Queen of Spades&#xD;
Test&#xD;
Test&#xD;
Test&#xD;
Player Test4 won trick with Three of Hearts&#xD;
Test&#xD;
Test&#xD;
Test&#xD;
Player Test1 won trick with Two of Diamonds&#xD;
Test&#xD;
Test&#xD;
Test&#xD;
Test&#xD;
Player Test1 won trick with Three of Hearts&#xD;
Test&#xD;
Test&#xD;
Player Test3 won trick with Six of Diamonds&#xD;
Test&#xD;
Test&#xD;
Player Test1 won trick with Four of Spades&#xD;
Test&#xD;
Test&#xD;
Player Test1 won trick with Queen of Clubs&#xD;
Test&#xD;
Test&#xD;
Test&#xD;
Player Test1 won trick with King of Clubs&#xD;
Test&#xD;
Test&#xD;
Player Test1 won trick with Seven of Diamonds&#xD;
Test&#xD;
Test&#xD;
Player Test1 won trick with Nine of Clubs&#xD;
Test&#xD;
Test&#xD;
Test&#xD;
Player Test1 won trick with Four of Hearts&#xD;
Test&#xD;
Test&#xD;
Test&#xD;
Player Test1 won trick with King of Hearts&#xD;
Test&#xD;
Test&#xD;
Player Test3 won trick with King of Spades&#xD;
Test&#xD;
Test&#xD;
Test&#xD;
Test&#xD;
Player Test1 won trick with Two of Hearts&#xD;
Test&#xD;
Test&#xD;
Test&#xD;
Player Test1 won trick with Six of Spades&#xD;
Test&#xD;
Test&#xD;
Player Test1 won trick with King of Clubs&#xD;
Test&#xD;
Test&#xD;
Test&#xD;
Player Test1 won trick with Jack of Spades&#xD;
Test&#xD;
Test&#xD;
Test&#xD;
Player Test1 won trick with Two of Spades&#xD;
Test&#xD;
Test&#xD;
Test&#xD;
Player Test4 won trick with Six of Hearts&#xD;
Test&#xD;
Test&#xD;
Test&#xD;
Test&#xD;
Player Test1 won trick with Nine of Hearts&#xD;
Test&#xD;
Test&#xD;
Test&#xD;
Player Test1 won trick with Four of Clubs&#xD;
Test&#xD;
Test&#xD;
Test&#xD;
Test&#xD;
Player Test1 won trick with Three of Hearts&#xD;
Test&#xD;
Test&#xD;
Player Test1 won trick with Six of Hearts&#xD;
Test&#xD;
Test&#xD;
Test&#xD;
Player Test1 won trick with Jack of Diamonds&#xD;
Test&#xD;
Test&#xD;
Test&#xD;
Test&#xD;
Player Test1 won trick with Six of Hearts&#xD;
Test&#xD;
Test&#xD;
Test&#xD;
Player Test1 won trick with King of Clubs&#xD;
Test&#xD;
Test&#xD;
Test&#xD;
Player Test1 won trick with Jack of Hearts&#xD;
Test&#xD;
Test&#xD;
Test&#xD;
Player Test1 won trick with Five of Clubs&#xD;
Test&#xD;
Test&#xD;
Test&#xD;
Player Test2 won trick with Ten of Spades&#xD;
Test&#xD;
Test&#xD;
Test&#xD;
Player Test3 won trick with Ace of Hearts&#xD;
Test&#xD;
Test&#xD;
Player Test4 won trick with Seven of Hearts&#xD;
Test&#xD;
Test&#xD;
Test&#xD;
Test&#xD;
Player Test1 won trick with Eight of Hearts&#xD;
Test&#xD;
Test&#xD;
Test&#xD;
Player Test1 won trick with Seven of Spades&#xD;
Test&#xD;
Test&#xD;
Player Test1 won trick with Ten of Clubs&#xD;
Test&#xD;
Test&#xD;
Test&#xD;
Player Test1 won trick with Jack of Clubs&#xD;
Test&#xD;
Test&#xD;
Test&#xD;
Player Test1 won trick with King of Diamonds&#xD;
Test&#xD;
Test&#xD;
Player Test1 won trick with Ten of Spades&#xD;
Test&#xD;
Test&#xD;
Test&#xD;
Test&#xD;
Player Test1 won trick with Three of Diamonds&#xD;
Test&#xD;
Test&#xD;
Player Test2 won trick with King of Spades&#xD;
Test&#xD;
Test&#xD;
Test&#xD;
Player Test1 won trick with Two of Diamonds&#xD;
Test&#xD;
Test&#xD;
Test&#xD;
Player Test1 won trick with Five of Clubs&#xD;
Test&#xD;
Test&#xD;
Player Test2 won trick with Ten of Spades&#xD;
Test&#xD;
Test&#xD;
Test&#xD;
Player Test1 won trick with Six of Clubs&#xD;
Test&#xD;
Test&#xD;
Test&#xD;
Test&#xD;
Player Test1 won trick with Six of Hearts&#xD;
Test&#xD;
Test&#xD;
Player Test4 won trick with Nine of Spades&#xD;
Test&#xD;
Test&#xD;
Test&#xD;
Player Test4 won trick with King of Hearts&#xD;
Test&#xD;
Test&#xD;
Test&#xD;
Player Test3 won trick with Six of Hearts&#xD;
Test&#xD;
Test&#xD;
Test&#xD;
Player Test4 won trick with Four of Hearts&#xD;
Test&#xD;
Test&#xD;
Test&#xD;
Player Test1 won trick with Ten of Spades&#xD;
Test&#xD;
Test&#xD;
Test&#xD;
Player Test1 won trick with Jack of Diamonds&#xD;
Test&#xD;
Test&#xD;
Test&#xD;
Player Test1 won trick with Three of Diamonds&#xD;
Test&#xD;
Player Test1 won trick with Ace of Spades&#xD;
Test&#xD;
Test&#xD;
Player Test4 won trick with Ace of Hearts&#xD;
Test&#xD;
Test&#xD;
Test&#xD;
Player Test1 won trick with Ten of Spades&#xD;
Test&#xD;
Test&#xD;
Player Test3 won trick with King of Diamonds&#xD;
Test&#xD;
Test&#xD;
Test&#xD;
Player Test1 won trick with Queen of Clubs&#xD;
Test&#xD;
Test&#xD;
Player Test2 won trick with Eight of Clubs&#xD;
Test&#xD;
Test&#xD;
Test&#xD;
Player Test1 won trick with Four of Spades&#xD;
Test&#xD;
Test&#xD;
Test&#xD;
Player Test1 won trick with Seven of Clubs&#xD;
Test&#xD;
Test&#xD;
Test&#xD;
Player Test1 won trick with Five of Hearts&#xD;
Test&#xD;
Test&#xD;
Test&#xD;
Test&#xD;
Player Test1 won trick with Two of Hearts&#xD;
Test&#xD;
Test&#xD;
Test&#xD;
Player Test1 won trick with Six of Hearts&#xD;
Test&#xD;
Test&#xD;
Player Test1 won trick with Ace of Spades&#xD;
Test&#xD;
Test&#xD;
Player Test1 won trick with Jack of Diamonds&#xD;
Test&#xD;
Player Test1 won trick with Jack of Spades&#xD;
Test&#xD;
Test&#xD;
Test&#xD;
Player Test1 won trick with Three of Diamonds&#xD;
Test&#xD;
Test&#xD;
Player Test3 won trick with Queen of Spades&#xD;
Test&#xD;
Test&#xD;
Test&#xD;
Player Test2 won trick with King of Hearts&#xD;
Test&#xD;
Test&#xD;
Player Test1 won trick with King of Hearts&#xD;
Test&#xD;
Test&#xD;
Test&#xD;
Player Test1 won trick with Queen of Clubs&#xD;
Test&#xD;
Test&#xD;
Test&#xD;
Player Test1 won trick with Ten of Clubs&#xD;
Test&#xD;
Test&#xD;
Test&#xD;
Player Test1 won trick with Eight of Spades&#xD;
Test&#xD;
Test&#xD;
Test&#xD;
Test&#xD;
Player Test1 won trick with Four of Hearts&#xD;
Test&#xD;
Test&#xD;
Player Test2 won trick with Ten of Clubs&#xD;
Test&#xD;
Test&#xD;
Test&#xD;
Player Test1 won trick with Seven of Diamonds&#xD;
Test&#xD;
Test&#xD;
Test&#xD;
Player Test3 won trick with Six of Clubs&#xD;
Test&#xD;
Test&#xD;
Player Test1 won trick with Nine of Clubs&#xD;
Test&#xD;
Test&#xD;
Test&#xD;
Player Test1 won trick with Six of Spades&#xD;
Test&#xD;
Test&#xD;
Test&#xD;
Player Test1 won trick with Nine of Diamonds&#xD;
Test&#xD;
Test&#xD;
Player Test1 won trick with King of Diamonds&#xD;
Test&#xD;
Test&#xD;
Test&#xD;
Player Test3 won trick with Ace of Diamonds&#xD;
Test&#xD;
Test&#xD;
Test&#xD;
Player Test1 won trick with Nine of Clubs&#xD;
Test&#xD;
Player Test3 won trick with Queen of Spades&#xD;
Test&#xD;
Test&#xD;
Test&#xD;
Player Test1 won trick with Seven of Diamonds&#xD;
Test&#xD;
Player Test2 won trick with Queen of Spades&#xD;
Test&#xD;
Test&#xD;
Player Test2 won trick with Queen of Spades&#xD;
Test&#xD;
Test&#xD;
Test&#xD;
Player Test1 won trick with Two of Spades&#xD;
Test&#xD;
Test&#xD;
Test&#xD;
Player Test1 won trick with Eight of Diamonds&#xD;
Test&#xD;
Test&#xD;
Test&#xD;
Test&#xD;
Player Test1 won trick with Jack of Clubs&#xD;
Test&#xD;
Test&#xD;
Test&#xD;
Player Test1 won trick with Ace of Spades&#xD;
Test&#xD;
Test&#xD;
Test&#xD;
Player Test1 won trick with Two of Spades&#xD;
Test&#xD;
Test&#xD;
Test&#xD;
Player Test4 won trick with Ten of Hearts&#xD;
Test&#xD;
Test&#xD;
Player Test3 won trick with King of Diamonds&#xD;
Test&#xD;
Test&#xD;
Test&#xD;
Player Test1 won trick with Ten of Diamonds&#xD;
Test&#xD;
Test&#xD;
Test&#xD;
Player Test1 won trick with Ten of Hearts&#xD;
Test&#xD;
Test&#xD;
Player Test4 won trick with Ten of Spades&#xD;
Test&#xD;
Test&#xD;
Test&#xD;
Test&#xD;
Player Test1 won trick with Seven of Hearts&#xD;
Test&#xD;
Test&#xD;
Test&#xD;
Player Test1 won trick with Four of Diamonds&#xD;
Test&#xD;
Player Test4 won trick with Jack of Diamonds&#xD;
Test&#xD;
Test&#xD;
Test&#xD;
Player Test1 won trick with Four of Diamonds&#xD;
Test&#xD;
Test&#xD;
Test&#xD;
Player Test1 won trick with Six of Hearts&#xD;
Test&#xD;
Test&#xD;
Test&#xD;
Player Test1 won trick with Ace of Diamonds&#xD;
Test&#xD;
Test&#xD;
Test&#xD;
Player Test1 won trick with Ace of Spades&#xD;
Test&#xD;
Test&#xD;
Player Test4 won trick with King of Clubs&#xD;
Test&#xD;
Test&#xD;
Player Test4 won trick with Queen of Hearts&#xD;
Test&#xD;
Test&#xD;
Player Test1 won trick with Ten of Clubs&#xD;
Test&#xD;
Test&#xD;
Test&#xD;
Player Test1 won trick with Seven of Diamonds&#xD;
Test&#xD;
Test&#xD;
Test&#xD;
Player Test1 won trick with Three of Hearts&#xD;
Player Test3 won trick with Nine of Diamonds&#xD;
Test&#xD;
Test&#xD;
Player Test1 won trick with Ace of Clubs&#xD;
Test&#xD;
Test&#xD;
Player Test1 won trick with Jack of Clubs&#xD;
Test&#xD;
Player Test2 won trick with Jack of Clubs&#xD;
Test&#xD;
Test&#xD;
Test&#xD;
Player Test1 won trick with Three of Diamonds&#xD;
Test&#xD;
Test&#xD;
Test&#xD;
Player Test1 won trick with Jack of Clubs&#xD;
Test&#xD;
Test&#xD;
Player Test1 won trick with Queen of Diamonds&#xD;
Test&#xD;
Test&#xD;
Test&#xD;
Player Test1 won trick with Two of Diamonds&#xD;
Test&#xD;
Test&#xD;
Test&#xD;
Player Test1 won trick with Queen of Clubs&#xD;
Test&#xD;
Test&#xD;
Player Test2 won trick with Eight of Spades&#xD;
Test&#xD;
Test&#xD;
Test&#xD;
Player Test1 won trick with Ten of Clubs&#xD;
Test&#xD;
Test&#xD;
Player Test1 won trick with Queen of Spades&#xD;
Test&#xD;
Test&#xD;
Player Test1 won trick with Ace of Spades&#xD;
Test&#xD;
Test&#xD;
Test&#xD;
Player Test1 won trick with Queen of Diamonds&#xD;
Test&#xD;
Test&#xD;
Test&#xD;
Player Test1 won trick with Queen of Spades&#xD;
Test&#xD;
Player Test2 won trick with King of Diamonds&#xD;
Test&#xD;
Test&#xD;
Player Test4 won trick with Queen of Spades&#xD;
Test&#xD;
Test&#xD;
Test&#xD;
Test&#xD;
Player Test1 won trick with Queen of Spades&#xD;
Test&#xD;
Test&#xD;
Player Test1 won trick with Eight of Spades&#xD;
Test&#xD;
Test&#xD;
Player Test1 won trick with Nine of Clubs&#xD;
Test&#xD;
Test&#xD;
Player Test1 won trick with Jack of Spades&#xD;
Test&#xD;
Test&#xD;
Player Test1 won trick with King of Spades&#xD;
Test&#xD;
Test&#xD;
Player Test1 won trick with Queen of Hearts&#xD;
Test&#xD;
Player Test2 won trick with Jack of Clubs&#xD;
Test&#xD;
Test&#xD;
Player Test1 won trick with Jack of Spades&#xD;
Test&#xD;
Test&#xD;
Test&#xD;
Player Test1 won trick with Ace of Hearts&#xD;
Test&#xD;
Test&#xD;
Test&#xD;
Test&#xD;
Player Test1 won trick with Eight of Clubs&#xD;
Test&#xD;
Player Test4 won trick with Nine of Diamonds&#xD;
Test&#xD;
Test&#xD;
Test&#xD;
Test&#xD;
Player Test1 won trick with Seven of Hearts&#xD;
Test&#xD;
Test&#xD;
Test&#xD;
Player Test4 won trick with Eight of Spades&#xD;
Test&#xD;
Player Test1 won trick with King of Spades&#xD;
Test&#xD;
Test&#xD;
Player Test1 won trick with Ten of Clubs&#xD;
Test&#xD;
Player Test4 won trick with Eight of Clubs&#xD;
Test&#xD;
Test&#xD;
Test&#xD;
Player Test1 won trick with Nine of Diamonds&#xD;
Test&#xD;
Test&#xD;
Test&#xD;
Test&#xD;
Player Test1 won trick with King of Hearts&#xD;
Test&#xD;
Test&#xD;
Player Test2 won trick with Queen of Spades&#xD;
Test&#xD;
Test&#xD;
Test&#xD;
Player Test1 won trick with Eight of Hearts&#xD;
Test&#xD;
Test&#xD;
Test&#xD;
Test&#xD;
Player Test1 won trick with King of Clubs&#xD;
Test&#xD;
Test&#xD;
Player Test1 won trick with Four of Diamonds&#xD;
Test&#xD;
Test&#xD;
Player Test1 won trick with Jack of Clubs&#xD;
Test&#xD;
Test&#xD;
Player Test2 won trick with Ten of Hearts&#xD;
Test&#xD;
Test&#xD;
Test&#xD;
Player Test1 won trick with Six of Spades&#xD;
Test&#xD;
Test&#xD;
Player Test1 won trick with Seven of Spades&#xD;
Test&#xD;
Test&#xD;
Test&#xD;
Player Test1 won trick with Eight of Clubs&#xD;
Test&#xD;
Test&#xD;
Test&#xD;
Player Test1 won trick with Two of Spades&#xD;
Test&#xD;
Test&#xD;
Test&#xD;
Test&#xD;
Player Test1 won trick with Two of Hearts&#xD;
Test&#xD;
Test&#xD;
Player Test4 won trick with Jack of Clubs&#xD;
Test&#xD;
Test&#xD;
Test&#xD;
Player Test1 won trick with Six of Hearts&#xD;
Test&#xD;
Test&#xD;
Test&#xD;
Player Test1 won trick with Six of Spades&#xD;
Test&#xD;
Test&#xD;
Player Test4 won trick with Queen of Clubs&#xD;
Test&#xD;
Test&#xD;
Test&#xD;
Player Test1 won trick with Seven of Clubs&#xD;
Test&#xD;
Test&#xD;
Player Test1 won trick with Jack of Spades&#xD;
Test&#xD;
Test&#xD;
Player Test1 won trick with Six of Diamonds&#xD;
Test&#xD;
Test&#xD;
Player Test1 won trick with Ten of Spades&#xD;
Test&#xD;
Player Test4 won trick with Five of Spades&#xD;
Test&#xD;
Test&#xD;
Player Test1 won trick with Jack of Diamonds&#xD;
Test&#xD;
Test&#xD;
Test&#xD;
Player Test1 won trick with Jack of Spades&#xD;
Test&#xD;
Test&#xD;
Player Test1 won trick with Queen of Clubs&#xD;
Test&#xD;
Test&#xD;
Test&#xD;
Player Test1 won trick with Four of Diamonds&#xD;
Test&#xD;
Test&#xD;
Test&#xD;
Player Test1 won trick with Ace of Spades&#xD;
Test&#xD;
Test&#xD;
Test&#xD;
Player Test1 won trick with Five of Diamonds&#xD;
Test&#xD;
Test&#xD;
Test&#xD;
Player Test1 won trick with Queen of Spades&#xD;
Test&#xD;
Test&#xD;
Test&#xD;
Player Test1 won trick with Queen of Diamonds&#xD;
Test&#xD;
Test&#xD;
Test&#xD;
Player Test1 won trick with Two of Diamonds&#xD;
Test&#xD;
Test&#xD;
Test&#xD;
Player Test1 won trick with Queen of Clubs&#xD;
Test&#xD;
Test&#xD;
Test&#xD;
Player Test1 won trick with Queen of Hearts&#xD;
Test&#xD;
Test&#xD;
Test&#xD;
Test&#xD;
Player Test1 won trick with Three of Hearts&#xD;
Test&#xD;
Test&#xD;
Test&#xD;
Player Test1 won trick with Three of Clubs&#xD;
Test&#xD;
Test&#xD;
Test&#xD;
Player Test1 won trick with Ten of Hearts&#xD;
Test&#xD;
Test&#xD;
Test&#xD;
Test&#xD;
Player Test1 won trick with Queen of Hearts&#xD;
Test&#xD;
Test&#xD;
Player Test2 won trick with Four of Diamonds&#xD;
Test&#xD;
Player Test3 won trick with Jack of Clubs&#xD;
Test&#xD;
Test&#xD;
Test&#xD;
Test&#xD;
Player Test1 won trick with Six of Hearts&#xD;
Test&#xD;
Test&#xD;
Test&#xD;
Player Test2 won trick with Queen of Hearts&#xD;
Test&#xD;
Test&#xD;
Player Test1 won trick with Ace of Spades&#xD;
Test&#xD;
Test&#xD;
Test&#xD;
Player Test1 won trick with Ten of Spades&#xD;
Test&#xD;
Test&#xD;
Player Test3 won trick with Queen of Clubs&#xD;
Test&#xD;
Test&#xD;
Test&#xD;
Player Test1 won trick with Ace of Spades&#xD;
Test&#xD;
Test&#xD;
Player Test1 won trick with Queen of Spades&#xD;
Test&#xD;
Player Test1 won trick with Nine of Clubs&#xD;
Test&#xD;
Test&#xD;
Test&#xD;
Test&#xD;
Player Test1 won trick with Five of Spades&#xD;
Test&#xD;
Test&#xD;
Test&#xD;
Player Test1 won trick with Five of Spades&#xD;
Test&#xD;
Test&#xD;
Player Test4 won trick with Three of Clubs&#xD;
Test&#xD;
Player Test1 won trick with Eight of Spades&#xD;
Test&#xD;
Test&#xD;
Test&#xD;
Test&#xD;
Player Test1 won trick with Five of Hearts&#xD;
Test&#xD;
Test&#xD;
Player Test1 won trick with Seven of Clubs&#xD;
Test&#xD;
Player Test4 won trick with Ace of Clubs&#xD;
Test&#xD;
Test&#xD;
Player Test4 won trick with Ten of Diamonds&#xD;
Test&#xD;
Test&#xD;
Player Test3 won trick with Nine of Clubs&#xD;
Test&#xD;
Player Test2 won trick with Queen of Diamonds&#xD;
Test&#xD;
Player Test1 won trick with Jack of Hearts&#xD;
Test&#xD;
Player Test3 won trick with Jack of Diamonds&#xD;
Test&#xD;
Test&#xD;
Player Test1 won trick with Jack of Diamonds&#xD;
Test&#xD;
Test&#xD;
Test&#xD;
Player Test1 won trick with Five of Hearts&#xD;
Test&#xD;
Test&#xD;
Test&#xD;
Player Test1 won trick with Three of Diamonds&#xD;
Test&#xD;
Test&#xD;
Test&#xD;
Test&#xD;
Player Test1 won trick with King of Hearts&#xD;
Test&#xD;
Test&#xD;
Player Test4 won trick with Nine of Spades&#xD;
Test&#xD;
Test&#xD;
Test&#xD;
Player Test1 won trick with Nine of Diamonds&#xD;
Test&#xD;
Test&#xD;
Test&#xD;
Test&#xD;
Player Test1 won trick with Ten of Hearts&#xD;
Test&#xD;
Test&#xD;
Test&#xD;
Test&#xD;
Player Test1 won trick with Queen of Hearts&#xD;
Test&#xD;
Test&#xD;
Test&#xD;
Player Test1 won trick with Two of Diamonds&#xD;
Test&#xD;
Test&#xD;
Test&#xD;
Test&#xD;
Player Test1 won trick with Two of Diamonds&#xD;
Test&#xD;
Test&#xD;
Test&#xD;
Player Test2 won trick with Jack of Hearts&#xD;
Test&#xD;
Test&#xD;
Test&#xD;
Test&#xD;
Player Test1 won trick with Seven of Hearts&#xD;
Test&#xD;
Test&#xD;
Test&#xD;
Player Test1 won trick with Four of Spades&#xD;
Test&#xD;
Test&#xD;
Test&#xD;
Player Test2 won trick with Ace of Hearts&#xD;
Test&#xD;
Test&#xD;
Test&#xD;
Player Test1 won trick with Four of Clubs&#xD;
Test&#xD;
Test&#xD;
Test&#xD;
Player Test1 won trick with King of Diamonds&#xD;
Test&#xD;
Test&#xD;
Test&#xD;
Player Test1 won trick with Six of Clubs&#xD;
Test&#xD;
Test&#xD;
Test&#xD;
Player Test1 won trick with Four of Diamonds&#xD;
Test&#xD;
Test&#xD;
Player Test4 won trick with Ten of Spades&#xD;
Test&#xD;
Test&#xD;
Test&#xD;
Player Test1 won trick with Jack of Clubs&#xD;
Test&#xD;
Test&#xD;
Test&#xD;
Player Test1 won trick with Ace of Diamonds&#xD;
Test&#xD;
Test&#xD;
Player Test3 won trick with King of Hearts&#xD;
Test&#xD;
Test&#xD;
Test&#xD;
Test&#xD;
Player Test1 won trick with King of Hearts&#xD;
Test&#xD;
Test&#xD;
Player Test1 won trick with Queen of Diamonds&#xD;
Test&#xD;
Test&#xD;
Player Test1 won trick with Six of Clubs&#xD;
Test&#xD;
Test&#xD;
Test&#xD;
Player Test4 won trick with King of Hearts&#xD;
Test&#xD;
Test&#xD;
Test&#xD;
Player Test1 won trick with Ace of Hearts&#xD;
Test&#xD;
Player Test4 won trick with Queen of Clubs&#xD;
Test&#xD;
Test&#xD;
Test&#xD;
Player Test1 won trick with Four of Spades&#xD;
Test&#xD;
Test&#xD;
Test&#xD;
Player Test1 won trick with Eight of Diamonds&#xD;
Test&#xD;
Test&#xD;
Test&#xD;
Player Test1 won trick with Nine of Diamonds&#xD;
Test&#xD;
Test&#xD;
Test&#xD;
Test&#xD;
Player Test1 won trick with Nine of Hearts&#xD;
Test&#xD;
Player Test2 won trick with Seven of Clubs&#xD;
Test&#xD;
Test&#xD;
Test&#xD;
Test&#xD;
Player Test1 won trick with Four of Hearts&#xD;
Player Test2 won trick with Six of Clubs&#xD;
Test&#xD;
Test&#xD;
Test&#xD;
Player Test1 won trick with Three of Clubs&#xD;
Test&#xD;
Player Test3 won trick with King of Diamonds&#xD;
Test&#xD;
Test&#xD;
Player Test1 won trick with Ten of Spades&#xD;
Test&#xD;
Test&#xD;
Test&#xD;
Player Test1 won trick with Nine of Hearts&#xD;
Test&#xD;
Test&#xD;
Test&#xD;
Test&#xD;
Player Test1 won trick with Three of Hearts&#xD;
Test&#xD;
Test&#xD;
Player Test1 won trick with Two of Clubs&#xD;
Test&#xD;
Test&#xD;
Player Test3 won trick with Ten of Hearts&#xD;
Test&#xD;
Test&#xD;
Test&#xD;
Player Test1 won trick with Six of Diamonds&#xD;
Test&#xD;
Test&#xD;
Test&#xD;
Player Test1 won trick with Nine of Spades&#xD;
Test&#xD;
Test&#xD;
Test&#xD;
Test&#xD;
Player Test1 won trick with Six of Hearts&#xD;
Test&#xD;
Test&#xD;
Test&#xD;
Player Test1 won trick with Nine of Clubs&#xD;
Test&#xD;
Test&#xD;
Test&#xD;
Player Test1 won trick with Ace of Hearts&#xD;
Test&#xD;
Test&#xD;
Player Test4 won trick with King of Clubs&#xD;
Test&#xD;
Player Test4 won trick with Nine of Spades&#xD;
Test&#xD;
Player Test2 won trick with Nine of Spades&#xD;
Test&#xD;
Test&#xD;
Test&#xD;
Player Test3 won trick with Queen of Spades&#xD;
Test&#xD;
Test&#xD;
Test&#xD;
Player Test1 won trick with Ten of Clubs&#xD;
Test&#xD;
Test&#xD;
Test&#xD;
Player Test1 won trick with Seven of Clubs&#xD;
Test&#xD;
Test&#xD;
Test&#xD;
Player Test1 won trick with Three of Diamonds&#xD;
Test&#xD;
Test&#xD;
Test&#xD;
Test&#xD;
Player Test1 won trick with King of Hearts&#xD;
Test&#xD;
Test&#xD;
Test&#xD;
Test&#xD;
Player Test1 won trick with Ten of Hearts&#xD;
Test&#xD;
Player Test2 won trick with Eight of Clubs&#xD;
Test&#xD;
Test&#xD;
Test&#xD;
Player Test1 won trick with Ten of Spades&#xD;
Test&#xD;
Test&#xD;
Test&#xD;
Player Test1 won trick with Ten of Clubs&#xD;
Test&#xD;
Test&#xD;
Test&#xD;
Test&#xD;
Player Test1 won trick with King of Hearts&#xD;
Test&#xD;
Test&#xD;
Test&#xD;
Test&#xD;
Player Test1 won trick with Ten of Diamonds&#xD;
Test&#xD;
Test&#xD;
Test&#xD;
Player Test3 won trick with Jack of Hearts&#xD;
Test&#xD;
Test&#xD;
Test&#xD;
Player Test1 won trick with Six of Spades&#xD;
Test&#xD;
Test&#xD;
Test&#xD;
Player Test1 won trick with Ace of Diamonds&#xD;
Test&#xD;
Test&#xD;
Test&#xD;
Player Test1 won trick with Ten of Clubs&#xD;
Test&#xD;
Player Test3 won trick with Queen of Diamonds&#xD;
Test&#xD;
Test&#xD;
Test&#xD;
Player Test1 won trick with Jack of Diamonds&#xD;
Test&#xD;
Test&#xD;
Player Test1 won trick with Eight of Diamonds&#xD;
Test&#xD;
Test&#xD;
Test&#xD;
Player Test1 won trick with Five of Clubs&#xD;
Test&#xD;
Test&#xD;
Test&#xD;
Player Test1 won trick with Ace of Clubs&#xD;
Test&#xD;
Player Test1 won trick with Eight of Clubs&#xD;
Test&#xD;
Test&#xD;
Test&#xD;
Player Test1 won trick with Seven of Clubs&#xD;
Test&#xD;
Player Test4 won trick with Jack of Clubs&#xD;
Test&#xD;
Test&#xD;
Player Test1 won trick with Six of Clubs&#xD;
Test&#xD;
Player Test2 won trick with Ten of Hearts&#xD;
Test&#xD;
Test&#xD;
Test&#xD;
Player Test3 won trick with Six of Hearts&#xD;
Test&#xD;
Test&#xD;
Test&#xD;
Test&#xD;
Player Test1 won trick with Nine of Hearts&#xD;
Test&#xD;
Player Test1 won trick with Nine of Diamonds&#xD;
Test&#xD;
Test&#xD;
Test&#xD;
Player Test1 won trick with Jack of Spades&#xD;
Test&#xD;
Test&#xD;
Test&#xD;
Player Test1 won trick with Ten of Spades&#xD;
Test&#xD;
Test&#xD;
Test&#xD;
Player Test1 won trick with Queen of Hearts&#xD;
Test&#xD;
Player Test4 won trick with King of Hearts&#xD;
Test&#xD;
Test&#xD;
Test&#xD;
Player Test1 won trick with Two of Clubs&#xD;
Test&#xD;
Test&#xD;
Player Test1 won trick with Three of Spades&#xD;
Test&#xD;
Test&#xD;
Player Test1 won trick with Queen of Spades&#xD;
Test&#xD;
Test&#xD;
Test&#xD;
Player Test1 won trick with Nine of Diamonds&#xD;
Test&#xD;
Test&#xD;
Test&#xD;
Player Test1 won trick with Eight of Spades&#xD;
Test&#xD;
Player Test4 won trick with Ace of Diamonds&#xD;
Test&#xD;
Test&#xD;
Test&#xD;
Test&#xD;
Player Test1 won trick with Ten of Hearts&#xD;
Test&#xD;
Test&#xD;
Player Test4 won trick with Eight of Diamonds&#xD;
Test&#xD;
Test&#xD;
Test&#xD;
Test&#xD;
Player Test1 won trick with Jack of Hearts&#xD;
Test&#xD;
Test&#xD;
Test&#xD;
Player Test1 won trick with Eight of Spades&#xD;
Test&#xD;
Test&#xD;
Test&#xD;
Player Test1 won trick with Five of Diamonds&#xD;
Test&#xD;
Test&#xD;
Test&#xD;
Player Test1 won trick with Nine of Hearts&#xD;
Test&#xD;
Test&#xD;
Test&#xD;
Test&#xD;
Player Test1 won trick with Ten of Clubs&#xD;
Test&#xD;
Test&#xD;
Player Test4 won trick with Eight of Spades&#xD;
Player Test1 won trick with Ace of Clubs&#xD;
Test&#xD;
Test&#xD;
Test&#xD;
Test&#xD;
Player Test1 won trick with Nine of Hearts&#xD;
Test&#xD;
Test&#xD;
Player Test4 won trick with Ace of Clubs&#xD;
Test&#xD;
Test&#xD;
Test&#xD;
Test&#xD;
Player Test1 won trick with Ace of Hearts&#xD;
Test&#xD;
Test&#xD;
Test&#xD;
Test&#xD;
Player Test1 won trick with Six of Spades&#xD;
Test&#xD;
Test&#xD;
Test&#xD;
Test&#xD;
Player Test1 won trick with Six of Hearts&#xD;
Test&#xD;
Player Test2 won trick with King of Diamonds&#xD;
Test&#xD;
Test&#xD;
Test&#xD;
Test&#xD;
Player Test1 won trick with Two of Hearts&#xD;
Test&#xD;
Test&#xD;
Test&#xD;
Player Test1 won trick with Six of Diamonds&#xD;
Test&#xD;
Test&#xD;
Test&#xD;
Player Test1 won trick with Nine of Diamonds&#xD;
Test&#xD;
Test&#xD;
Test&#xD;
Player Test1 won trick with Jack of Hearts&#xD;
Test&#xD;
Test&#xD;
Test&#xD;
Player Test1 won trick with Ten of Clubs&#xD;
Test&#xD;
Test&#xD;
Player Test2 won trick with Queen of Clubs&#xD;
Test&#xD;
Test&#xD;
Test&#xD;
Player Test1 won trick with Eight of Spades&#xD;
Test&#xD;
Test&#xD;
Player Test2 won trick with Seven of Clubs&#xD;
Test&#xD;
Test&#xD;
Test&#xD;
Player Test1 won trick with Nine of Spades&#xD;
Test&#xD;
Test&#xD;
Test&#xD;
Player Test1 won trick with Ten of Diamonds&#xD;
Test&#xD;
Test&#xD;
Test&#xD;
Player Test1 won trick with Ten of Hearts&#xD;
Test&#xD;
Test&#xD;
Test&#xD;
Test&#xD;
Player Test1 won trick with Four of Diamonds&#xD;
Test&#xD;
Test&#xD;
Test&#xD;
Player Test1 won trick with Ten of Diamonds&#xD;
Test&#xD;
Test&#xD;
Test&#xD;
Player Test3 won trick with Queen of Hearts&#xD;
Test&#xD;
Test&#xD;
Player Test1 won trick with King of Clubs&#xD;
Test&#xD;
Test&#xD;
Player Test2 won trick with Ten of Diamonds&#xD;
Test&#xD;
Test&#xD;
Player Test1 won trick with Ten of Clubs&#xD;
Test&#xD;
Test&#xD;
Player Test1 won trick with Ace of Spades&#xD;
Test&#xD;
Test&#xD;
Test&#xD;
Player Test1 won trick with Jack of Diamonds&#xD;
Test&#xD;
Test&#xD;
Test&#xD;
Test&#xD;
Player Test1 won trick with Five of Hearts&#xD;
Test&#xD;
Test&#xD;
Test&#xD;
Player Test3 won trick with Jack of Hearts&#xD;
Test&#xD;
Test&#xD;
Test&#xD;
Test&#xD;
Player Test1 won trick with Ace of Hearts&#xD;
Test&#xD;
Test&#xD;
Player Test3 won trick with Ace of Spades&#xD;
Test&#xD;
Test&#xD;
Test&#xD;
Player Test1 won trick with Ten of Diamonds&#xD;
Test&#xD;
Test&#xD;
Test&#xD;
Player Test1 won trick with Six of Diamonds&#xD;
Test&#xD;
Test&#xD;
Test&#xD;
Player Test1 won trick with Ace of Clubs&#xD;
Test&#xD;
Test&#xD;
Test&#xD;
Test&#xD;
Player Test1 won trick with Seven of Hearts&#xD;
Test&#xD;
Test&#xD;
Player Test1 won trick with Six of Clubs&#xD;
Test&#xD;
Test&#xD;
Test&#xD;
Player Test1 won trick with Nine of Diamonds&#xD;
Test&#xD;
Test&#xD;
Player Test4 won trick with King of Clubs&#xD;
Test&#xD;
Test&#xD;
Test&#xD;
Player Test1 won trick with Jack of Diamonds&#xD;
Test&#xD;
Test&#xD;
Test&#xD;
Player Test1 won trick with Seven of Clubs&#xD;
Test&#xD;
Test&#xD;
Test&#xD;
Player Test1 won trick with Queen of Spades&#xD;
Test&#xD;
Test&#xD;
Test&#xD;
Player Test1 won trick with Two of Clubs&#xD;
Test&#xD;
Test&#xD;
Player Test1 won trick with Ten of Spades&#xD;
Test&#xD;
Test&#xD;
Test&#xD;
Player Test2 won trick with Jack of Hearts&#xD;
Test&#xD;
Test&#xD;
Test&#xD;
Player Test4 won trick with Jack of Hearts&#xD;
Test&#xD;
Test&#xD;
Test&#xD;
Test&#xD;
Player Test1 won trick with Four of Hearts&#xD;
Test&#xD;
Test&#xD;
Player Test1 won trick with King of Spades&#xD;
Test&#xD;
Test&#xD;
Test&#xD;
Player Test1 won trick with Five of Hearts&#xD;
Test&#xD;
Test&#xD;
Test&#xD;
Test&#xD;
Player Test1 won trick with Ten of Clubs&#xD;
Test&#xD;
Test&#xD;
Test&#xD;
Player Test1 won trick with Seven of Diamonds&#xD;
Test&#xD;
Test&#xD;
Player Test1 won trick with Ace of Clubs&#xD;
Test&#xD;
Test&#xD;
Test&#xD;
Player Test4 won trick with Ace of Hearts&#xD;
Test&#xD;
Test&#xD;
Test&#xD;
Player Test1 won trick with Four of Clubs&#xD;
Test&#xD;
Test&#xD;
Test&#xD;
Player Test1 won trick with Queen of Diamonds&#xD;
Test&#xD;
Player Test4 won trick with Nine of Spades&#xD;
Test&#xD;
Test&#xD;
Test&#xD;
Player Test1 won trick with Eight of Spades&#xD;
Test&#xD;
Test&#xD;
Test&#xD;
Test&#xD;
Player Test1 won trick with Six of Hearts&#xD;
Test&#xD;
Test&#xD;
Player Test1 won trick with Ace of Spades&#xD;
Test&#xD;
Test&#xD;
Test&#xD;
Test&#xD;
Player Test1 won trick with King of Hearts&#xD;
Test&#xD;
Test&#xD;
Test&#xD;
Player Test1 won trick with Jack of Diamonds&#xD;
Test&#xD;
Test&#xD;
Test&#xD;
Player Test1 won trick with Three of Diamonds&#xD;
Test&#xD;
Test&#xD;
Player Test1 won trick with King of Clubs&#xD;
Test&#xD;
Test&#xD;
Player Test2 won trick with Jack of Diamonds&#xD;
Test&#xD;
Test&#xD;
Player Test1 won trick with Jack of Diamonds&#xD;
Test&#xD;
Player Test4 won trick with Nine of Diamonds&#xD;
Test&#xD;
Player Test2 won trick with Ace of Spades&#xD;
Test&#xD;
Player Test3 won trick with Queen of Clubs&#xD;
Test&#xD;
Test&#xD;
Test&#xD;
Player Test1 won trick with Nine of Clubs&#xD;
Test&#xD;
Test&#xD;
Test&#xD;
Test&#xD;
Player Test1 won trick with Seven of Hearts&#xD;
Test&#xD;
Player Test2 won trick with Jack of Clubs&#xD;
Test&#xD;
Test&#xD;
Player Test2 won trick with Jack of Clubs&#xD;
Test&#xD;
Test&#xD;
Test&#xD;
Player Test1 won trick with Seven of Hearts&#xD;
Test&#xD;
Test&#xD;
Test&#xD;
Test&#xD;
Player Test1 won trick with King of Clubs&#xD;
Test&#xD;
Test&#xD;
Test&#xD;
Player Test1 won trick with Queen of Clubs&#xD;
Test&#xD;
Player Test3 won trick with Eight of Clubs&#xD;
Test&#xD;
Test&#xD;
Test&#xD;
Player Test1 won trick with Jack of Clubs&#xD;
Test&#xD;
Test&#xD;
Test&#xD;
Test&#xD;
Player Test1 won trick with Ace of Hearts&#xD;
Test&#xD;
Test&#xD;
Test&#xD;
Player Test1 won trick with Ten of Diamonds&#xD;
Test&#xD;
Player Test4 won trick with King of Clubs&#xD;
Test&#xD;
Test&#xD;
Player Test3 won trick with Ace of Clubs&#xD;
Test&#xD;
Test&#xD;
Test&#xD;
Test&#xD;
Player Test1 won trick with Queen of Clubs&#xD;
Test&#xD;
Test&#xD;
Test&#xD;
Test&#xD;
Player Test1 won trick with Nine of Hearts&#xD;
Test&#xD;
Test&#xD;
Test&#xD;
Player Test3 won trick with Ace of Hearts&#xD;
Test&#xD;
Test&#xD;
Player Test4 won trick with Ace of Diamonds&#xD;
Test&#xD;
Test&#xD;
Player Test4 won trick with Eight of Spades&#xD;
Test&#xD;
Test&#xD;
Player Test4 won trick with Ace of Hearts&#xD;
Test&#xD;
Test&#xD;
Test&#xD;
Test&#xD;
Player Test1 won trick with Two of Hearts&#xD;
Test&#xD;
Test&#xD;
Player Test1 won trick with Ace of Diamonds&#xD;
Test&#xD;
Test&#xD;
Player Test1 won trick with Queen of Clubs&#xD;
Test&#xD;
Test&#xD;
Player Test1 won trick with Four of Hearts&#xD;
Test&#xD;
Test&#xD;
Test&#xD;
Player Test1 won trick with Eight of Clubs&#xD;
Test&#xD;
Test&#xD;
Test&#xD;
Test&#xD;
Player Test1 won trick with King of Hearts&#xD;
Test&#xD;
Test&#xD;
Test&#xD;
Player Test3 won trick with Ten of Hearts&#xD;
Test&#xD;
Test&#xD;
Test&#xD;
Player Test2 won trick with King of Hearts&#xD;
Test&#xD;
Player Test2 won trick with Queen of Clubs&#xD;
Test&#xD;
Test&#xD;
Test&#xD;
Player Test1 won trick with Queen of Hearts&#xD;
Test&#xD;
Test&#xD;
Test&#xD;
Player Test1 won trick with Ace of Clubs&#xD;
Test&#xD;
Test&#xD;
Test&#xD;
Player Test1 won trick with Eight of Diamonds&#xD;
Test&#xD;
Test&#xD;
Player Test1 won trick with Nine of Diamonds&#xD;
Test&#xD;
Test&#xD;
Test&#xD;
Test&#xD;
Player Test1 won trick with Eight of Spades&#xD;
Test&#xD;
Test&#xD;
Player Test2 won trick with Ten of Clubs&#xD;
Test&#xD;
Test&#xD;
Player Test1 won trick with Jack of Hearts&#xD;
Test&#xD;
Test&#xD;
Test&#xD;
Player Test1 won trick with Five of Diamonds&#xD;
Test&#xD;
Test&#xD;
Test&#xD;
Player Test1 won trick with King of Clubs&#xD;
Player Test2 won trick with Queen of Spades&#xD;
Test&#xD;
Test&#xD;
Test&#xD;
Player Test1 won trick with Jack of Clubs&#xD;
Test&#xD;
Player Test1 won trick with Nine of Diamonds&#xD;
Test&#xD;
Test&#xD;
Test&#xD;
Player Test1 won trick with Seven of Hearts&#xD;
Test&#xD;
Test&#xD;
Test&#xD;
Test&#xD;
Player Test1 won trick with Jack of Hearts&#xD;
Test&#xD;
Test&#xD;
Test&#xD;
Player Test1 won trick with Three of Diamonds&#xD;
Test&#xD;
Test&#xD;
Test&#xD;
Test&#xD;
Player Test1 won trick with Seven of Hearts&#xD;
Test&#xD;
Test&#xD;
Test&#xD;
Player Test1 won trick with King of Diamonds&#xD;
Test&#xD;
Test&#xD;
Test&#xD;
Test&#xD;
Player Test1 won trick with Ace of Hearts&#xD;
Test&#xD;
Test&#xD;
Test&#xD;
Player Test1 won trick with Jack of Diamonds&#xD;
Test&#xD;
Test&#xD;
Test&#xD;
Player Test1 won trick with Six of Clubs&#xD;
Test&#xD;
Test&#xD;
Test&#xD;
Player Test1 won trick with Seven of Diamonds&#xD;
Test&#xD;
Test&#xD;
Player Test4 won trick with Ten of Hearts&#xD;
Test&#xD;
Test&#xD;
Test&#xD;
Player Test1 won trick with Two of Clubs&#xD;
Test&#xD;
Test&#xD;
Test&#xD;
Player Test1 won trick with Seven of Spades&#xD;
Test&#xD;
Test&#xD;
Test&#xD;
Player Test1 won trick with Jack of Diamonds&#xD;
Test&#xD;
Test&#xD;
Test&#xD;
Player Test1 won trick with Four of Hearts&#xD;
Test&#xD;
Player Test1 won trick with King of Spades&#xD;
Test&#xD;
Test&#xD;
Player Test1 won trick with King of Diamonds&#xD;
Test&#xD;
Player Test1 won trick with Ace of Diamonds&#xD;
Test&#xD;
Test&#xD;
Test&#xD;
Player Test1 won trick with Nine of Spades&#xD;
Test&#xD;
Player Test1 won trick with Four of Clubs&#xD;
Test&#xD;
Test&#xD;
Player Test1 won trick with Ace of Diamonds&#xD;
Test&#xD;
Test&#xD;
Player Test1 won trick with Five of Clubs&#xD;
Test&#xD;
Test&#xD;
Test&#xD;
Player Test1 won trick with Jack of Spades&#xD;
Test&#xD;
Test&#xD;
Test&#xD;
Player Test1 won trick with Two of Clubs&#xD;
Test&#xD;
Test&#xD;
Player Test4 won trick with King of Hearts&#xD;
Test&#xD;
Test&#xD;
Test&#xD;
Player Test1 won trick with Ten of Clubs&#xD;
Test&#xD;
Test&#xD;
Test&#xD;
Player Test1 won trick with King of Diamonds&#xD;
Test&#xD;
Test&#xD;
Test&#xD;
Player Test1 won trick with Seven of Diamonds&#xD;
Test&#xD;
Test&#xD;
Player Test4 won trick with Queen of Spades&#xD;
Test&#xD;
Player Test4 won trick with Ten of Clubs&#xD;
Test&#xD;
Player Test1 won trick with Nine of Clubs&#xD;
Test&#xD;
Test&#xD;
Test&#xD;
Player Test1 won trick with Five of Spades&#xD;
Test&#xD;
Test&#xD;
Player Test1 won trick with Nine of Clubs&#xD;
Test&#xD;
Test&#xD;
Test&#xD;
Player Test1 won trick with Seven of Clubs&#xD;
Test&#xD;
Test&#xD;
Test&#xD;
Player Test3 won trick with Nine of Hearts&#xD;
Test&#xD;
Test&#xD;
Test&#xD;
Player Test1 won trick with Three of Diamonds&#xD;
Test&#xD;
Test&#xD;
Player Test3 won trick with Ace of Hearts&#xD;
Test&#xD;
Test&#xD;
Player Test3 won trick with Nine of Diamonds&#xD;
Test&#xD;
Test&#xD;
Test&#xD;
Player Test1 won trick with Ten of Diamonds&#xD;
Test&#xD;
Test&#xD;
Test&#xD;
Test&#xD;
Player Test1 won trick with King of Hearts&#xD;
Test&#xD;
Test&#xD;
Test&#xD;
Test&#xD;
Player Test1 won trick with Nine of Hearts&#xD;
Test&#xD;
Test&#xD;
Test&#xD;
Player Test1 won trick with Queen of Diamonds&#xD;
Test&#xD;
Test&#xD;
Test&#xD;
Player Test1 won trick with Seven of Diamonds&#xD;
Test&#xD;
Test&#xD;
Test&#xD;
Player Test1 won trick with King of Spades&#xD;
Test&#xD;
Test&#xD;
Test&#xD;
Player Test1 won trick with Nine of Spades&#xD;
Test&#xD;
Test&#xD;
Test&#xD;
Player Test1 won trick with Jack of Hearts&#xD;
Test&#xD;
Test&#xD;
Test&#xD;
Player Test1 won trick with Nine of Spades&#xD;
Test&#xD;
Test&#xD;
Player Test2 won trick with Eight of Diamonds&#xD;
Test&#xD;
Test&#xD;
Player Test2 won trick with Eight of Diamonds&#xD;
Test&#xD;
Test&#xD;
Player Test1 won trick with King of Clubs&#xD;
Test&#xD;
Test&#xD;
Test&#xD;
Player Test1 won trick with King of Hearts&#xD;
Test&#xD;
Test&#xD;
Player Test1 won trick with Seven of Diamonds&#xD;
Test&#xD;
Player Test3 won trick with Ace of Clubs&#xD;
Test&#xD;
Test&#xD;
Player Test1 won trick with Ace of Diamonds&#xD;
Test&#xD;
Test&#xD;
Player Test1 won trick with King of Clubs&#xD;
Test&#xD;
Test&#xD;
Player Test1 won trick with Eight of Diamonds&#xD;
Test&#xD;
Test&#xD;
Player Test2 won trick with Jack of Clubs&#xD;
Test&#xD;
Test&#xD;
Test&#xD;
Test&#xD;
Player Test1 won trick with Three of Hearts&#xD;
Test&#xD;
Test&#xD;
Test&#xD;
Player Test1 won trick with Eight of Spades&#xD;
Test&#xD;
Test&#xD;
Test&#xD;
Test&#xD;
Player Test1 won trick with Seven of Hearts&#xD;
Test&#xD;
Test&#xD;
Player Test1 won trick with Nine of Clubs&#xD;
Test&#xD;
Test&#xD;
Test&#xD;
Player Test1 won trick with Ace of Diamonds&#xD;
Test&#xD;
Test&#xD;
Test&#xD;
Player Test1 won trick with Nine of Diamonds&#xD;
Test&#xD;
Test&#xD;
Test&#xD;
Test&#xD;
Player Test1 won trick with King of Spades&#xD;
Test&#xD;
Player Test3 won trick with King of Spades&#xD;
Test&#xD;
Test&#xD;
Test&#xD;
Player Test1 won trick with Three of Spades&#xD;
Test&#xD;
Test&#xD;
Player Test1 won trick with King of Clubs&#xD;
Test&#xD;
Test&#xD;
Test&#xD;
Player Test4 won trick with Five of Hearts&#xD;
Test&#xD;
Test&#xD;
Player Test1 won trick with Seven of Diamonds&#xD;
Test&#xD;
Player Test3 won trick with Jack of Diamonds&#xD;
Test&#xD;
Player Test3 won trick with Eight of Clubs&#xD;
Test&#xD;
Test&#xD;
Test&#xD;
Player Test2 won trick with King of Hearts&#xD;
Test&#xD;
Test&#xD;
Player Test1 won trick with Nine of Diamonds&#xD;
Test&#xD;
Test&#xD;
Test&#xD;
Player Test1 won trick with Eight of Diamonds&#xD;
Test&#xD;
Test&#xD;
Test&#xD;
Player Test1 won trick with Five of Clubs&#xD;
Test&#xD;
Test&#xD;
Player Test1 won trick with Six of Diamonds&#xD;
Test&#xD;
Test&#xD;
Test&#xD;
Player Test1 won trick with Jack of Diamonds&#xD;
Test&#xD;
Test&#xD;
Test&#xD;
Player Test1 won trick with Eight of Clubs&#xD;
Test&#xD;
Test&#xD;
Test&#xD;
Player Test1 won trick with King of Hearts&#xD;
Test&#xD;
Test&#xD;
Player Test2 won trick with King of Diamonds&#xD;
Test&#xD;
Test&#xD;
Player Test1 won trick with Seven of Spades&#xD;
Test&#xD;
Test&#xD;
Player Test3 won trick with Ace of Clubs&#xD;
Test&#xD;
Player Test1 won trick with Ten of Spades&#xD;
Test&#xD;
Test&#xD;
Test&#xD;
Player Test1 won trick with Nine of Diamonds&#xD;
Test&#xD;
Player Test4 won trick with Ace of Diamonds&#xD;
Test&#xD;
Test&#xD;
Player Test1 won trick with King of Clubs&#xD;
Test&#xD;
Test&#xD;
Test&#xD;
Test&#xD;
Player Test1 won trick with Ten of Hearts&#xD;
Test&#xD;
Player Test3 won trick with Eight of Hearts&#xD;
Test&#xD;
Test&#xD;
Test&#xD;
Player Test1 won trick with Three of Diamonds&#xD;
Test&#xD;
Test&#xD;
Player Test1 won trick with Nine of Clubs&#xD;
Test&#xD;
Test&#xD;
Test&#xD;
Player Test1 won trick with Six of Diamonds&#xD;
Test&#xD;
Test&#xD;
Test&#xD;
Player Test1 won trick with Seven of Spades&#xD;
Test&#xD;
Player Test2 won trick with Seven of Clubs&#xD;
Test&#xD;
Player Test1 won trick with Seven of Hearts&#xD;
Test&#xD;
Player Test1 won trick with Ace of Clubs&#xD;
Test&#xD;
Test&#xD;
Test&#xD;
Test&#xD;
Player Test1 won trick with Four of Hearts&#xD;
Test&#xD;
Test&#xD;
Player Test1 won trick with Jack of Spades&#xD;
Test&#xD;
Test&#xD;
Test&#xD;
Test&#xD;
Player Test1 won trick with Ten of Hearts&#xD;
Test&#xD;
Test&#xD;
Test&#xD;
Player Test1 won trick with Seven of Spades&#xD;
Test&#xD;
Test&#xD;
Player Test1 won trick with Ace of Clubs&#xD;
Test&#xD;
Test&#xD;
Player Test1 won trick with Seven of Diamonds&#xD;
Test&#xD;
Test&#xD;
Player Test3 won trick with Seven of Diamonds&#xD;
Test&#xD;
Test&#xD;
Player Test3 won trick with Ten of Hearts&#xD;
Test&#xD;
Test&#xD;
Player Test3 won trick with Ten of Clubs&#xD;
Test&#xD;
Test&#xD;
Player Test1 won trick with Ace of Clubs&#xD;
Test&#xD;
Test&#xD;
Test&#xD;
Test&#xD;
Player Test1 won trick with Eight of Clubs&#xD;
Test&#xD;
Test&#xD;
Test&#xD;
Player Test1 won trick with Four of Spades&#xD;
Test&#xD;
Test&#xD;
Test&#xD;
Player Test3 won trick with Three of Diamonds&#xD;
Test&#xD;
Player Test4 won trick with Eight of Diamonds&#xD;
Test&#xD;
Test&#xD;
Test&#xD;
Player Test1 won trick with Ace of Diamonds&#xD;
Test&#xD;
Test&#xD;
Test&#xD;
Player Test1 won trick with Eight of Hearts&#xD;
Test&#xD;
Player Test4 won trick with Eight of Diamonds&#xD;
Test&#xD;
Test&#xD;
Test&#xD;
Player Test1 won trick with Seven of Spades&#xD;
Test&#xD;
Test&#xD;
Test&#xD;
Test&#xD;
Player Test1 won trick with Queen of Hearts&#xD;
Test&#xD;
Test&#xD;
Test&#xD;
Player Test1 won trick with Eight of Diamonds&#xD;
Test&#xD;
Test&#xD;
Test&#xD;
Player Test1 won trick with Eight of Clubs&#xD;
Test&#xD;
Test&#xD;
Test&#xD;
Test&#xD;
Player Test1 won trick with Ten of Hearts&#xD;
Test&#xD;
Test&#xD;
Player Test1 won trick with Eight of Clubs&#xD;
Test&#xD;
Test&#xD;
Test&#xD;
Player Test1 won trick with Queen of Spades&#xD;
Test&#xD;
Player Test2 won trick with Jack of Spades&#xD;
Test&#xD;
Test&#xD;
Test&#xD;
Player Test1 won trick with Jack of Spades&#xD;
Test&#xD;
Test&#xD;
Test&#xD;
Player Test1 won trick with Two of Hearts&#xD;
Test&#xD;
Test&#xD;
Test&#xD;
Player Test1 won trick with Two of Clubs&#xD;
Test&#xD;
Test&#xD;
Test&#xD;
Player Test1 won trick with Three of Diamonds&#xD;
Test&#xD;
Player Test1 won trick with Four of Diamonds&#xD;
Test&#xD;
Test&#xD;
Test&#xD;
Player Test1 won trick with King of Spades&#xD;
Test&#xD;
Test&#xD;
Test&#xD;
Player Test1 won trick with Four of Spades&#xD;
Test&#xD;
Test&#xD;
Player Test1 won trick with King of Spades&#xD;
Test&#xD;
Test&#xD;
Player Test1 won trick with Ace of Clubs&#xD;
Test&#xD;
Player Test2 won trick with King of Diamonds&#xD;
Test&#xD;
Test&#xD;
Player Test1 won trick with Eight of Spades&#xD;
Test&#xD;
Test&#xD;
Player Test1 won trick with King of Spades&#xD;
Test&#xD;
Test&#xD;
Player Test3 won trick with Ace of Diamonds&#xD;
Test&#xD;
Test&#xD;
Test&#xD;
Player Test1 won trick with Ace of Clubs&#xD;
Test&#xD;
Test&#xD;
Test&#xD;
Player Test1 won trick with Ten of Diamonds&#xD;
Test&#xD;
Test&#xD;
Player Test4 won trick with Jack of Clubs&#xD;
Test&#xD;
Test&#xD;
Player Test1 won trick with Ace of Clubs&#xD;
Test&#xD;
Test&#xD;
Test&#xD;
Player Test1 won trick with Nine of Clubs&#xD;
Test&#xD;
Player Test1 won trick with King of Diamonds&#xD;
Player Test3 won trick with King of Clubs&#xD;
Test&#xD;
Test&#xD;
Test&#xD;
Test&#xD;
Player Test1 won trick with King of Hearts&#xD;
Test&#xD;
Test&#xD;
Test&#xD;
Player Test1 won trick with Five of Diamonds&#xD;
Test&#xD;
Test&#xD;
Test&#xD;
Test&#xD;
Player Test1 won trick with Nine of Hearts&#xD;
Test&#xD;
Test&#xD;
Test&#xD;
Player Test2 won trick with King of Clubs&#xD;
Test&#xD;
Test&#xD;
Player Test4 won trick with Queen of Clubs&#xD;
Test&#xD;
Player Test4 won trick with Ace of Diamonds&#xD;
Test&#xD;
Test&#xD;
Player Test1 won trick with Ten of Hearts&#xD;
Test&#xD;
Test&#xD;
Test&#xD;
Player Test1 won trick with Seven of Diamonds&#xD;
Test&#xD;
Test&#xD;
Test&#xD;
Player Test1 won trick with Ace of Hearts&#xD;
Test&#xD;
Test&#xD;
Test&#xD;
Test&#xD;
Player Test1 won trick with King of Hearts&#xD;
Test&#xD;
Test&#xD;
Player Test1 won trick with Ten of Spades&#xD;
Test&#xD;
Test&#xD;
Player Test4 won trick with Ace of Hearts&#xD;
Test&#xD;
Test&#xD;
Test&#xD;
Test&#xD;
Player Test1 won trick with Nine of Hearts&#xD;
Test&#xD;
Test&#xD;
Test&#xD;
Player Test1 won trick with Nine of Spades&#xD;
Test&#xD;
Player Test4 won trick with Ten of Spades&#xD;
Test&#xD;
Test&#xD;
Player Test1 won trick with King of Spades&#xD;
Test&#xD;
Test&#xD;
Test&#xD;
Player Test1 won trick with Ten of Hearts&#xD;
Test&#xD;
Test&#xD;
Test&#xD;
Player Test1 won trick with Ten of Diamonds&#xD;
Test&#xD;
Test&#xD;
Test&#xD;
Player Test3 won trick with Nine of Hearts&#xD;
Test&#xD;
Test&#xD;
Test&#xD;
Player Test1 won trick with Seven of Spades&#xD;
Test&#xD;
Test&#xD;
Player Test2 won trick with Jack of Diamonds&#xD;
Test&#xD;
Test&#xD;
Player Test1 won trick with Ace of Diamonds&#xD;
Test&#xD;
Test&#xD;
Player Test1 won trick with Ten of Spades&#xD;
Test&#xD;
Test&#xD;
Test&#xD;
Player Test4 won trick with Six of Hearts&#xD;
Test&#xD;
Test&#xD;
Test&#xD;
Player Test1 won trick with Seven of Diamonds&#xD;
Test&#xD;
Test&#xD;
Test&#xD;
Test&#xD;
Player Test1 won trick with Ten of Hearts&#xD;
Test&#xD;
Test&#xD;
Test&#xD;
Player Test1 won trick with Eight of Hearts&#xD;
Test&#xD;
Test&#xD;
Test&#xD;
Player Test1 won trick with Queen of Clubs&#xD;
Test&#xD;
Test&#xD;
Test&#xD;
Player Test1 won trick with Six of Clubs&#xD;
Test&#xD;
Test&#xD;
Test&#xD;
Player Test3 won trick with King of Hearts&#xD;
Test&#xD;
Test&#xD;
Test&#xD;
Player Test1 won trick with Jack of Spades&#xD;
Test&#xD;
Test&#xD;
Test&#xD;
Player Test1 won trick with Queen of Hearts&#xD;
Test&#xD;
Test&#xD;
Test&#xD;
Player Test1 won trick with Four of Diamonds&#xD;
Test&#xD;
Player Test1 won trick with Ten of Spades&#xD;
Test&#xD;
Test&#xD;
Test&#xD;
Player Test1 won trick with Two of Clubs&#xD;
Test&#xD;
Test&#xD;
Player Test1 won trick with Seven of Spades&#xD;
Test&#xD;
Test&#xD;
Player Test3 won trick with Jack of Clubs&#xD;
Test&#xD;
Test&#xD;
Test&#xD;
Player Test4 won trick with Nine of Hearts&#xD;
Test&#xD;
Test&#xD;
Test&#xD;
Player Test1 won trick with Two of Clubs&#xD;
Test&#xD;
Test&#xD;
Test&#xD;
Player Test1 won trick with Eight of Diamonds&#xD;
Test&#xD;
Test&#xD;
Test&#xD;
Player Test1 won trick with Three of Clubs&#xD;
Test&#xD;
Test&#xD;
Test&#xD;
Player Test2 won trick with King of Hearts&#xD;
Test&#xD;
Test&#xD;
Player Test2 won trick with Nine of Hearts&#xD;
Test&#xD;
Test&#xD;
Player Test1 won trick with Nine of Diamonds&#xD;
Test&#xD;
Test&#xD;
Test&#xD;
Test&#xD;
Player Test1 won trick with Seven of Hearts&#xD;
Test&#xD;
Player Test4 won trick with Eight of Diamonds&#xD;
Test&#xD;
Test&#xD;
Player Test1 won trick with Jack of Clubs&#xD;
Test&#xD;
Test&#xD;
Player Test3 won trick with Seven of Spades&#xD;
Test&#xD;
Test&#xD;
Player Test1 won trick with Three of Spades&#xD;
Test&#xD;
Player Test2 won trick with Queen of Diamonds&#xD;
Test&#xD;
Test&#xD;
Player Test4 won trick with Five of Spades&#xD;
Test&#xD;
Test&#xD;
Player Test3 won trick with Nine of Clubs&#xD;
Test&#xD;
Test&#xD;
Player Test1 won trick with Queen of Diamonds&#xD;
Test&#xD;
Test&#xD;
Test&#xD;
Player Test1 won trick with King of Spades&#xD;
Test&#xD;
Test&#xD;
Test&#xD;
Player Test1 won trick with Nine of Spades&#xD;
Test&#xD;
Test&#xD;
Test&#xD;
Player Test1 won trick with Seven of Diamonds&#xD;
Test&#xD;
Test&#xD;
Player Test1 won trick with Nine of Diamonds&#xD;
Test&#xD;
Test&#xD;
Test&#xD;
Player Test1 won trick with Ten of Spades&#xD;
Test&#xD;
Test&#xD;
Test&#xD;
Player Test1 won trick with Nine of Hearts&#xD;
Test&#xD;
Test&#xD;
Player Test4 won trick with Queen of Diamonds&#xD;
Test&#xD;
Test&#xD;
Test&#xD;
Player Test1 won trick with Two of Clubs&#xD;
Test&#xD;
Test&#xD;
Test&#xD;
Player Test1 won trick with Jack of Spades&#xD;
Test&#xD;
Test&#xD;
Player Test3 won trick with Jack of Spades&#xD;
Test&#xD;
Test&#xD;
Player Test2 won trick with Ace of Diamonds&#xD;
Test&#xD;
Test&#xD;
Player Test1 won trick with Seven of Spades&#xD;
Test&#xD;
Test&#xD;
Player Test1 won trick with Ten of Clubs&#xD;
Test&#xD;
Player Test1 won trick with Jack of Diamonds&#xD;
Test&#xD;
Player Test3 won trick with Ace of Clubs&#xD;
Test&#xD;
Test&#xD;
Player Test1 won trick with Ten of Spades&#xD;
Test&#xD;
Test&#xD;
Test&#xD;
Player Test1 won trick with Eight of Clubs&#xD;
Test&#xD;
Test&#xD;
Test&#xD;
Player Test3 won trick with Eight of Hearts&#xD;
Test&#xD;
Test&#xD;
Test&#xD;
Test&#xD;
Player Test1 won trick with Queen of Hearts&#xD;
Test&#xD;
Test&#xD;
Player Test1 won trick with Nine of Diamonds&#xD;
Test&#xD;
Test&#xD;
Test&#xD;
Player Test1 won trick with Four of Spades&#xD;
Test&#xD;
Test&#xD;
Test&#xD;
Player Test1 won trick with Five of Diamonds&#xD;
Test&#xD;
Test&#xD;
Test&#xD;
Player Test1 won trick with Two of Clubs&#xD;
Test&#xD;
Player Test2 won trick with King of Clubs&#xD;
Test&#xD;
Test&#xD;
Test&#xD;
Player Test1 won trick with Six of Diamonds&#xD;
Test&#xD;
Player Test4 won trick with Queen of Spades&#xD;
Test&#xD;
Test&#xD;
Test&#xD;
Player Test1 won trick with Jack of Diamonds&#xD;
Test&#xD;
Player Test3 won trick with Ace of Hearts&#xD;
Test&#xD;
Test&#xD;
Player Test3 won trick with Ten of Clubs&#xD;
Test&#xD;
Test&#xD;
Test&#xD;
Test&#xD;
Player Test1 won trick with Ten of Hearts&#xD;
Test&#xD;
Test&#xD;
Test&#xD;
Player Test1 won trick with Queen of Hearts&#xD;
Test&#xD;
Test&#xD;
Test&#xD;
Test&#xD;
Player Test1 won trick with Five of Hearts&#xD;
Test&#xD;
Player Test2 won trick with Seven of Diamonds&#xD;
Test&#xD;
Test&#xD;
Test&#xD;
Player Test1 won trick with Ace of Spades&#xD;
Test&#xD;
Test&#xD;
Test&#xD;
Test&#xD;
Player Test1 won trick with Seven of Hearts&#xD;
Test&#xD;
Test&#xD;
Player Test4 won trick with King of Spades&#xD;
Test&#xD;
Test&#xD;
Player Test2 won trick with Queen of Clubs&#xD;
Test&#xD;
Test&#xD;
Player Test4 won trick with Six of Spades&#xD;
Test&#xD;
Test&#xD;
Test&#xD;
Player Test1 won trick with Four of Spades&#xD;
Test&#xD;
Test&#xD;
Player Test1 won trick with Jack of Clubs&#xD;
Test&#xD;
Test&#xD;
Test&#xD;
Player Test1 won trick with Seven of Spades&#xD;
Test&#xD;
Test&#xD;
Test&#xD;
Test&#xD;
Player Test1 won trick with Six of Hearts&#xD;
Test&#xD;
Test&#xD;
Test&#xD;
Player Test1 won trick with Nine of Diamonds&#xD;
Test&#xD;
Test&#xD;
Player Test2 won trick with Eight of Diamonds&#xD;
Test&#xD;
Test&#xD;
Test&#xD;
Player Test3 won trick with Nine of Hearts&#xD;
Test&#xD;
Test&#xD;
Test&#xD;
Player Test1 won trick with Seven of Diamonds&#xD;
Test&#xD;
Test&#xD;
Test&#xD;
Player Test1 won trick with King of Spades&#xD;
Test&#xD;
Test&#xD;
Test&#xD;
Player Test1 won trick with Jack of Hearts&#xD;
Test&#xD;
Player Test3 won trick with Five of Diamonds&#xD;
Test&#xD;
Test&#xD;
Test&#xD;
Player Test1 won trick with Four of Diamonds&#xD;
Test&#xD;
Test&#xD;
Test&#xD;
Test&#xD;
Player Test1 won trick with Jack of Hearts&#xD;
Test&#xD;
Test&#xD;
Test&#xD;
Player Test1 won trick with Two of Spades&#xD;
Test&#xD;
Test&#xD;
Test&#xD;
Player Test2 won trick with Eight of Clubs&#xD;
Test&#xD;
Test&#xD;
Player Test1 won trick with King of Clubs&#xD;
Test&#xD;
Test&#xD;
Test&#xD;
Player Test2 won trick with Nine of Hearts&#xD;
Test&#xD;
Test&#xD;
Player Test1 won trick with Ace of Spades&#xD;
Test&#xD;
Test&#xD;
Test&#xD;
Player Test1 won trick with Jack of Spades&#xD;
Test&#xD;
Test&#xD;
Test&#xD;
Test&#xD;
Player Test1 won trick with Jack of Hearts&#xD;
Test&#xD;
Test&#xD;
Test&#xD;
Player Test1 won trick with Two of Clubs&#xD;
Test&#xD;
Test&#xD;
Player Test1 won trick with King of Spades&#xD;
Test&#xD;
Test&#xD;
Player Test1 won trick with Nine of Spades&#xD;
Test&#xD;
Test&#xD;
Test&#xD;
Test&#xD;
Player Test1 won trick with Jack of Hearts&#xD;
Test&#xD;
Test&#xD;
Test&#xD;
Player Test1 won trick with Six of Spades&#xD;
Test&#xD;
Test&#xD;
Test&#xD;
Player Test1 won trick with Six of Spades&#xD;
Test&#xD;
Player Test1 won trick with Ten of Diamonds&#xD;
Test&#xD;
Test&#xD;
Player Test1 won trick with Queen of Diamonds&#xD;
Test&#xD;
Test&#xD;
Test&#xD;
Player Test1 won trick with Seven of Spades&#xD;
Test&#xD;
Test&#xD;
Player Test1 won trick with Nine of Spades&#xD;
Test&#xD;
Test&#xD;
Player Test1 won trick with King of Clubs&#xD;
Test&#xD;
Test&#xD;
Test&#xD;
Player Test1 won trick with Ten of Clubs&#xD;
Test&#xD;
Test&#xD;
Test&#xD;
Test&#xD;
Player Test1 won trick with Jack of Hearts&#xD;
Test&#xD;
Test&#xD;
Test&#xD;
Test&#xD;
Player Test1 won trick with Eight of Spades&#xD;
Test&#xD;
Player Test1 won trick with Ace of Clubs&#xD;
Test&#xD;
Test&#xD;
Player Test2 won trick with Jack of Diamonds&#xD;
Test&#xD;
Test&#xD;
Test&#xD;
Test&#xD;
Player Test1 won trick with Seven of Hearts&#xD;
Test&#xD;
Player Test3 won trick with Eight of Diamonds&#xD;
Test&#xD;
Test&#xD;
Test&#xD;
Player Test3 won trick with Jack of Hearts&#xD;
Test&#xD;
Test&#xD;
Player Test2 won trick with Seven of Hearts&#xD;
Test&#xD;
Test&#xD;
Player Test2 won trick with Jack of Diamonds&#xD;
Test&#xD;
Test&#xD;
Player Test2 won trick with Nine of Clubs&#xD;
Test&#xD;
Test&#xD;
Test&#xD;
Test&#xD;
Player Test1 won trick with Four of Clubs&#xD;
Test&#xD;
Player Test4 won trick with King of Clubs&#xD;
Test&#xD;
Player Test4 won trick with King of Spades&#xD;
Test&#xD;
Player Test1 won trick with Ace of Spades&#xD;
Test&#xD;
Test&#xD;
Test&#xD;
Test&#xD;
Player Test1 won trick with Four of Hearts&#xD;
Test&#xD;
Test&#xD;
Player Test3 won trick with Queen of Spades&#xD;
Test&#xD;
Test&#xD;
Test&#xD;
Player Test1 won trick with Six of Diamonds&#xD;
Test&#xD;
Test&#xD;
Test&#xD;
Player Test1 won trick with Three of Clubs&#xD;
Test&#xD;
Test&#xD;
Player Test1 won trick with Six of Diamonds&#xD;
Test&#xD;
Test&#xD;
Test&#xD;
Player Test3 won trick with King of Hearts&#xD;
Test&#xD;
Test&#xD;
Test&#xD;
Player Test1 won trick with Five of Spades&#xD;
Test&#xD;
Player Test4 won trick with Ace of Spades&#xD;
Test&#xD;
Test&#xD;
Player Test1 won trick with Jack of Spades&#xD;
Test&#xD;
Test&#xD;
Player Test2 won trick with King of Clubs&#xD;
Test&#xD;
Test&#xD;
Test&#xD;
Player Test1 won trick with Eight of Clubs&#xD;
Test&#xD;
Test&#xD;
Player Test1 won trick with Ace of Clubs&#xD;
Test&#xD;
Test&#xD;
Player Test1 won trick with King of Diamonds&#xD;
Test&#xD;
Test&#xD;
Test&#xD;
Test&#xD;
Player Test1 won trick with Ten of Hearts&#xD;
Test&#xD;
Test&#xD;
Test&#xD;
Player Test1 won trick with Two of Diamonds&#xD;
Test&#xD;
Test&#xD;
Test&#xD;
Player Test1 won trick with Five of Hearts&#xD;
Test&#xD;
Test&#xD;
Player Test3 won trick with Queen of Clubs&#xD;
Test&#xD;
Test&#xD;
Test&#xD;
Player Test1 won trick with Five of Clubs&#xD;
Test&#xD;
Test&#xD;
Player Test4 won trick with Nine of Spades&#xD;
Test&#xD;
Test&#xD;
Player Test3 won trick with Eight of Diamonds&#xD;
Test&#xD;
Test&#xD;
Test&#xD;
Test&#xD;
Player Test1 won trick with Four of Hearts&#xD;
Test&#xD;
Test&#xD;
Test&#xD;
Player Test1 won trick with Ten of Spades&#xD;
Test&#xD;
Test&#xD;
Test&#xD;
Player Test1 won trick with Two of Diamonds&#xD;
Test&#xD;
Test&#xD;
Player Test1 won trick with Ten of Spades&#xD;
Test&#xD;
Test&#xD;
Test&#xD;
Player Test1 won trick with Queen of Spades&#xD;
Test&#xD;
Test&#xD;
Test&#xD;
Player Test1 won trick with Four of Clubs&#xD;
Test&#xD;
Test&#xD;
Test&#xD;
Player Test1 won trick with Ace of Clubs&#xD;
Test&#xD;
Test&#xD;
Test&#xD;
Test&#xD;
Player Test1 won trick with Ten of Hearts&#xD;
Test&#xD;
Test&#xD;
Player Test2 won trick with Ace of Hearts&#xD;
Test&#xD;
Test&#xD;
Player Test4 won trick with Ace of Spades&#xD;
Test&#xD;
Player Test2 won trick with Queen of Clubs&#xD;
Test&#xD;
Test&#xD;
Test&#xD;
Player Test1 won trick with Nine of Clubs&#xD;
Test&#xD;
Test&#xD;
Test&#xD;
Player Test1 won trick with Jack of Spades&#xD;
Test&#xD;
Test&#xD;
Player Test1 won trick with Ace of Spades&#xD;
Test&#xD;
Test&#xD;
Player Test4 won trick with Jack of Hearts&#xD;
Test&#xD;
Test&#xD;
Player Test2 won trick with King of Hearts&#xD;
Test&#xD;
Test&#xD;
Player Test3 won trick with Nine of Spades&#xD;
Player Test4 won trick with Jack of Spades&#xD;
Test&#xD;
Test&#xD;
Player Test4 won trick with Eight of Spades&#xD;
Test&#xD;
Test&#xD;
Player Test2 won trick with Three of Spades&#xD;
Test&#xD;
Test&#xD;
Test&#xD;
Test&#xD;
Player Test1 won trick with Nine of Hearts&#xD;
Test&#xD;
Test&#xD;
Player Test3 won trick with Four of Spades&#xD;
Test&#xD;
Test&#xD;
Player Test1 won trick with Eight of Clubs&#xD;
Test&#xD;
Player Test4 won trick with Queen of Clubs&#xD;
Test&#xD;
Test&#xD;
Test&#xD;
Player Test1 won trick with Jack of Diamonds&#xD;
Test&#xD;
Test&#xD;
Test&#xD;
Player Test1 won trick with Eight of Diamonds&#xD;
Test&#xD;
Test&#xD;
Test&#xD;
Player Test1 won trick with Three of Hearts&#xD;
Test&#xD;
Player Test3 won trick with Ace of Diamonds&#xD;
Test&#xD;
Test&#xD;
Test&#xD;
Player Test3 won trick with Ace of Hearts&#xD;
Test&#xD;
Test&#xD;
Player Test1 won trick with Jack of Hearts&#xD;
Test&#xD;
Test&#xD;
Player Test4 won trick with Ace of Spades&#xD;
Test&#xD;
Test&#xD;
Player Test4 won trick with Ten of Clubs&#xD;
Test&#xD;
Test&#xD;
Player Test2 won trick with Jack of Spades&#xD;
Test&#xD;
Test&#xD;
Test&#xD;
Player Test1 won trick with Two of Diamonds&#xD;
Test&#xD;
Test&#xD;
Player Test3 won trick with Queen of Clubs&#xD;
Test&#xD;
Test&#xD;
Test&#xD;
Player Test1 won trick with Five of Spades&#xD;
Test&#xD;
Test&#xD;
Test&#xD;
Player Test1 won trick with Queen of Clubs&#xD;
Test&#xD;
Test&#xD;
Test&#xD;
Player Test4 won trick with King of Hearts&#xD;
Test&#xD;
Test&#xD;
Test&#xD;
Player Test1 won trick with Ace of Diamonds&#xD;
Test&#xD;
Player Test2 won trick with King of Clubs&#xD;
Test&#xD;
Test&#xD;
Player Test1 won trick with Queen of Diamonds&#xD;
Test&#xD;
Player Test4 won trick with Ten of Diamonds&#xD;
Test&#xD;
Test&#xD;
Player Test3 won trick with Eight of Spades&#xD;
Test&#xD;
Test&#xD;
Test&#xD;
Player Test3 won trick with Ace of Hearts&#xD;
Test&#xD;
Test&#xD;
Test&#xD;
Player Test4 won trick with Four of Hearts&#xD;
Test&#xD;
Test&#xD;
Test&#xD;
Player Test1 won trick with Two of Clubs&#xD;
Test&#xD;
Test&#xD;
Test&#xD;
Player Test1 won trick with Ace of Clubs&#xD;
Test&#xD;
Test&#xD;
Player Test4 won trick with Ace of Hearts&#xD;
Test&#xD;
Test&#xD;
Test&#xD;
Player Test1 won trick with Jack of Hearts&#xD;
Test&#xD;
Test&#xD;
Test&#xD;
Test&#xD;
Player Test1 won trick with Four of Hearts&#xD;
Test&#xD;
Test&#xD;
Test&#xD;
Test&#xD;
Player Test1 won trick with Ace of Hearts&#xD;
Test&#xD;
Test&#xD;
Player Test1 won trick with Ten of Clubs&#xD;
Test&#xD;
Test&#xD;
Player Test1 won trick with Six of Spades&#xD;
Test&#xD;
Test&#xD;
Test&#xD;
Test&#xD;
Player Test1 won trick with Six of Hearts&#xD;
Test&#xD;
Test&#xD;
Test&#xD;
Player Test1 won trick with Eight of Spades&#xD;
Test&#xD;
Test&#xD;
Test&#xD;
Player Test1 won trick with Three of Clubs&#xD;
Test&#xD;
Test&#xD;
Player Test3 won trick with Nine of Diamonds&#xD;
Test&#xD;
Test&#xD;
Player Test3 won trick with Queen of Diamonds&#xD;
Test&#xD;
Test&#xD;
Player Test1 won trick with Ace of Clubs&#xD;
Test&#xD;
Test&#xD;
Player Test1 won trick with King of Clubs&#xD;
Test&#xD;
Test&#xD;
Player Test4 won trick with Nine of Diamonds&#xD;
Test&#xD;
Test&#xD;
Test&#xD;
Test&#xD;
Player Test1 won trick with Five of Spades&#xD;
Test&#xD;
Test&#xD;
Test&#xD;
Player Test1 won trick with Nine of Clubs&#xD;
Test&#xD;
Player Test2 won trick with Ace of Clubs&#xD;
Test&#xD;
Test&#xD;
Test&#xD;
Player Test1 won trick with Seven of Diamonds&#xD;
Test&#xD;
Test&#xD;
Player Test3 won trick with Ace of Spades&#xD;
Test&#xD;
Player Test2 won trick with Ace of Clubs&#xD;
Test&#xD;
Test&#xD;
Player Test1 won trick with Ace of Spades&#xD;
Test&#xD;
Player Test4 won trick with Seven of Diamonds&#xD;
Test&#xD;
Player Test1 won trick with Nine of Clubs&#xD;
Test&#xD;
Test&#xD;
Test&#xD;
Test&#xD;
Player Test1 won trick with King of Spades&#xD;
Test&#xD;
Test&#xD;
Test&#xD;
Player Test1 won trick with Eight of Spades&#xD;
Test&#xD;
Test&#xD;
Test&#xD;
Player Test2 won trick with Five of Hearts&#xD;
Test&#xD;
Test&#xD;
Player Test3 won trick with Ten of Spades&#xD;
Test&#xD;
Test&#xD;
Test&#xD;
Player Test1 won trick with Two of Diamonds&#xD;
Test&#xD;
Test&#xD;
Test&#xD;
Test&#xD;
Player Test1 won trick with Jack of Hearts&#xD;
Test&#xD;
Test&#xD;
Test&#xD;
Player Test1 won trick with King of Spades&#xD;
Test&#xD;
Test&#xD;
Player Test4 won trick with Ace of Diamonds&#xD;
Test&#xD;
Test&#xD;
Player Test1 won trick with Nine of Diamonds&#xD;
Test&#xD;
Test&#xD;
Player Test4 won trick with Nine of Spades&#xD;
Test&#xD;
Test&#xD;
Player Test2 won trick with Six of Spades&#xD;
Test&#xD;
Test&#xD;
Test&#xD;
Player Test1 won trick with Ten of Clubs&#xD;
Test&#xD;
Test&#xD;
Test&#xD;
Player Test1 won trick with Jack of Diamonds&#xD;
Test&#xD;
Test&#xD;
Test&#xD;
Test&#xD;
Player Test1 won trick with Nine of Diamonds&#xD;
Test&#xD;
Test&#xD;
Test&#xD;
Player Test1 won trick with Ten of Spades&#xD;
Test&#xD;
Test&#xD;
Player Test4 won trick with Nine of Spades&#xD;
Test&#xD;
Test&#xD;
Player Test3 won trick with Jack of Spades&#xD;
Test&#xD;
Test&#xD;
Test&#xD;
Test&#xD;
Player Test1 won trick with Two of Diamonds&#xD;
Test&#xD;
Test&#xD;
Player Test1 won trick with Ace of Diamonds&#xD;
Test&#xD;
Test&#xD;
Test&#xD;
Player Test1 won trick with King of Hearts&#xD;
Test&#xD;
Test&#xD;
Test&#xD;
Test&#xD;
Player Test1 won trick with Two of Hearts&#xD;
Test&#xD;
Test&#xD;
Test&#xD;
Player Test1 won trick with Six of Diamonds&#xD;
Test&#xD;
Test&#xD;
Test&#xD;
Player Test2 won trick with King of Hearts&#xD;
Test&#xD;
Test&#xD;
Player Test4 won trick with Nine of Diamonds&#xD;
Test&#xD;
Test&#xD;
Test&#xD;
Player Test1 won trick with Queen of Clubs&#xD;
Test&#xD;
Test&#xD;
Player Test2 won trick with Ten of Diamonds&#xD;
Test&#xD;
Test&#xD;
Player Test1 won trick with Ace of Diamonds&#xD;
Test&#xD;
Test&#xD;
Test&#xD;
Player Test1 won trick with Eight of Clubs&#xD;
Test&#xD;
Test&#xD;
Test&#xD;
Test&#xD;
Player Test1 won trick with Ten of Diamonds&#xD;
Test&#xD;
Test&#xD;
Test&#xD;
Test&#xD;
Player Test1 won trick with Queen of Hearts&#xD;
Test&#xD;
Test&#xD;
Player Test1 won trick with Five of Spades&#xD;
Test&#xD;
Test&#xD;
Test&#xD;
Player Test2 won trick with Eight of Hearts&#xD;
Test&#xD;
Test&#xD;
Player Test4 won trick with Jack of Diamonds&#xD;
Test&#xD;
Test&#xD;
Player Test1 won trick with Jack of Clubs&#xD;
Test&#xD;
Test&#xD;
Player Test3 won trick with Nine of Spades&#xD;
Test&#xD;
Test&#xD;
Test&#xD;
Player Test1 won trick with Four of Spades&#xD;
Test&#xD;
Test&#xD;
Test&#xD;
Player Test1 won trick with Ten of Hearts&#xD;
Test&#xD;
Test&#xD;
Test&#xD;
Player Test1 won trick with Seven of Diamonds&#xD;
Test&#xD;
Test&#xD;
Test&#xD;
Player Test4 won trick with Ace of Hearts&#xD;
Test&#xD;
Test&#xD;
Player Test1 won trick with Ace of Clubs&#xD;
Test&#xD;
Test&#xD;
Test&#xD;
Player Test1 won trick with Queen of Clubs&#xD;
Test&#xD;
Player Test1 won trick with Queen of Diamonds&#xD;
Test&#xD;
Test&#xD;
Player Test1 won trick with Queen of Diamonds&#xD;
Test&#xD;
Test&#xD;
Test&#xD;
Player Test1 won trick with Six of Spades&#xD;
Test&#xD;
Test&#xD;
Player Test1 won trick with Six of Clubs&#xD;
Test&#xD;
Test&#xD;
Test&#xD;
Player Test3 won trick with Queen of Diamonds&#xD;
Test&#xD;
Test&#xD;
Player Test4 won trick with Ten of Clubs&#xD;
Test&#xD;
Player Test2 won trick with Seven of Diamonds&#xD;
Test&#xD;
Test&#xD;
Player Test3 won trick with Queen of Diamonds&#xD;
Test&#xD;
Test&#xD;
Test&#xD;
Player Test1 won trick with King of Hearts&#xD;
Test&#xD;
Test&#xD;
Test&#xD;
Player Test1 won trick with Ace of Diamonds&#xD;
Test&#xD;
Player Test4 won trick with Ace of Clubs&#xD;
Test&#xD;
Test&#xD;
Test&#xD;
Player Test1 won trick with Seven of Hearts&#xD;
Test&#xD;
Test&#xD;
Player Test1 won trick with Nine of Diamonds&#xD;
Test&#xD;
Test&#xD;
Player Test3 won trick with Eight of Clubs&#xD;
Test&#xD;
Test&#xD;
Test&#xD;
Player Test1 won trick with Six of Diamonds&#xD;
Test&#xD;
Test&#xD;
Test&#xD;
Player Test1 won trick with Ten of Spades&#xD;
Test&#xD;
Test&#xD;
Player Test1 won trick with King of Hearts&#xD;
Test&#xD;
Test&#xD;
Test&#xD;
Player Test1 won trick with Seven of Spades&#xD;
Test&#xD;
Test&#xD;
Player Test4 won trick with Five of Diamonds&#xD;
Test&#xD;
Test&#xD;
Player Test2 won trick with Ten of Spades&#xD;
Test&#xD;
Test&#xD;
Test&#xD;
Player Test1 won trick with Two of Clubs&#xD;
Test&#xD;
Test&#xD;
Test&#xD;
Player Test1 won trick with Eight of Spades&#xD;
Test&#xD;
Test&#xD;
Test&#xD;
Test&#xD;
Player Test1 won trick with Ten of Hearts&#xD;
Test&#xD;
Test&#xD;
Test&#xD;
Player Test2 won trick with Six of Hearts&#xD;
Test&#xD;
Test&#xD;
Player Test2 won trick with Ten of Diamonds&#xD;
Test&#xD;
Test&#xD;
Player Test4 won trick with King of Hearts&#xD;
Test&#xD;
Test&#xD;
Player Test2 won trick with Ace of Diamonds&#xD;
Test&#xD;
Test&#xD;
Player Test1 won trick with Three of Diamonds&#xD;
Test&#xD;
Test&#xD;
Test&#xD;
Player Test1 won trick with Four of Diamonds&#xD;
Test&#xD;
Test&#xD;
Test&#xD;
Player Test1 won trick with Three of Diamonds&#xD;
Test&#xD;
Test&#xD;
Test&#xD;
Test&#xD;
Player Test1 won trick with King of Hearts&#xD;
Test&#xD;
Test&#xD;
Test&#xD;
Test&#xD;
Player Test1 won trick with Five of Hearts&#xD;
Test&#xD;
Test&#xD;
Test&#xD;
Test&#xD;
Player Test1 won trick with Five of Clubs&#xD;
Test&#xD;
Player Test1 won trick with King of Spades&#xD;
Test&#xD;
Test&#xD;
Test&#xD;
Player Test1 won trick with King of Spades&#xD;
Test&#xD;
Player Test1 won trick with Jack of Spades&#xD;
Test&#xD;
Player Test1 won trick with Queen of Diamonds&#xD;
Test&#xD;
Player Test4 won trick with Eight of Clubs&#xD;
Test&#xD;
Test&#xD;
Player Test4 won trick with King of Spades&#xD;
Test&#xD;
Test&#xD;
Player Test2 won trick with Queen of Spades&#xD;
Test&#xD;
Test&#xD;
Player Test1 won trick with Six of Diamonds&#xD;
Test&#xD;
Test&#xD;
Test&#xD;
Player Test1 won trick with Nine of Clubs&#xD;
Test&#xD;
Test&#xD;
Test&#xD;
Test&#xD;
Player Test1 won trick with Six of Hearts&#xD;
Test&#xD;
Test&#xD;
Player Test2 won trick with Ace of Hearts&#xD;
Test&#xD;
Test&#xD;
Test&#xD;
Player Test1 won trick with Six of Clubs&#xD;
Player Test4 won trick with Ten of Diamonds&#xD;
Test&#xD;
Test&#xD;
Player Test1 won trick with Ace of Clubs&#xD;
Test&#xD;
Test&#xD;
Player Test3 won trick with Five of Hearts&#xD;
Test&#xD;
Player Test2 won trick with Ace of Diamonds&#xD;
Test&#xD;
Test&#xD;
Player Test1 won trick with Four of Clubs&#xD;
Test&#xD;
Test&#xD;
Test&#xD;
Player Test4 won trick with Three of Hearts&#xD;
Test&#xD;
Test&#xD;
Test&#xD;
Player Test1 won trick with Nine of Hearts&#xD;
Test&#xD;
Test&#xD;
Player Test1 won trick with King of Spades&#xD;
Test&#xD;
Test&#xD;
Test&#xD;
Player Test3 won trick with Ten of Hearts&#xD;
Test&#xD;
Test&#xD;
Test&#xD;
Player Test1 won trick with King of Clubs&#xD;
Test&#xD;
Test&#xD;
Player Test1 won trick with Nine of Clubs&#xD;
Test&#xD;
Test&#xD;
Test&#xD;
Player Test1 won trick with Three of Clubs&#xD;
Test&#xD;
Test&#xD;
Player Test1 won trick with Queen of Clubs&#xD;
Test&#xD;
Test&#xD;
Test&#xD;
Player Test1 won trick with Ten of Spades&#xD;
Test&#xD;
Test&#xD;
Test&#xD;
Player Test1 won trick with Ace of Diamonds&#xD;
Test&#xD;
Test&#xD;
Player Test3 won trick with Ace of Spades&#xD;
Test&#xD;
Test&#xD;
Test&#xD;
Player Test1 won trick with Two of Spades&#xD;
Test&#xD;
Test&#xD;
Test&#xD;
Player Test1 won trick with Nine of Hearts&#xD;
Test&#xD;
Test&#xD;
Test&#xD;
Player Test1 won trick with Six of Hearts&#xD;
Test&#xD;
Test&#xD;
Test&#xD;
Player Test1 won trick with Eight of Spades&#xD;
Test&#xD;
Test&#xD;
Test&#xD;
Test&#xD;
Player Test1 won trick with Ace of Hearts&#xD;
Test&#xD;
Test&#xD;
Test&#xD;
Player Test1 won trick with Three of Diamonds&#xD;
Test&#xD;
Test&#xD;
Player Test2 won trick with Ten of Diamonds&#xD;
Test&#xD;
Test&#xD;
Player Test2 won trick with Ace of Hearts&#xD;
Test&#xD;
Test&#xD;
Player Test1 won trick with Jack of Diamonds&#xD;
Test&#xD;
Test&#xD;
Test&#xD;
Player Test1 won trick with Eight of Clubs&#xD;
Player Test4 won trick with Ace of Clubs&#xD;
Test&#xD;
Test&#xD;
Test&#xD;
Player Test1 won trick with Ten of Clubs&#xD;
Test&#xD;
Test&#xD;
Test&#xD;
Test&#xD;
Player Test1 won trick with Nine of Clubs&#xD;
Test&#xD;
Test&#xD;
Player Test4 won trick with Queen of Spades&#xD;
Test&#xD;
Test&#xD;
Player Test1 won trick with Nine of Spades&#xD;
Test&#xD;
Test&#xD;
Player Test2 won trick with Jack of Clubs&#xD;
Test&#xD;
Test&#xD;
Test&#xD;
Test&#xD;
Player Test1 won trick with Ace of Hearts&#xD;
Test&#xD;
Test&#xD;
Test&#xD;
Player Test1 won trick with Six of Clubs&#xD;
Test&#xD;
Test&#xD;
Test&#xD;
Test&#xD;
Player Test1 won trick with Ten of Hearts&#xD;
Test&#xD;
Test&#xD;
Player Test2 won trick with Queen of Clubs&#xD;
Test&#xD;
Test&#xD;
Test&#xD;
Test&#xD;
Player Test1 won trick with Queen of Hearts&#xD;
Test&#xD;
Test&#xD;
Player Test1 won trick with Six of Diamonds&#xD;
Test&#xD;
Test&#xD;
Test&#xD;
Player Test1 won trick with Five of Hearts&#xD;
Test&#xD;
Test&#xD;
Test&#xD;
Test&#xD;
Player Test1 won trick with Ace of Clubs&#xD;
Test&#xD;
Test&#xD;
Test&#xD;
Player Test1 won trick with Queen of Spades&#xD;
Test&#xD;
Test&#xD;
Test&#xD;
Player Test1 won trick with Eight of Clubs&#xD;
Test&#xD;
Test&#xD;
Player Test1 won trick with Eight of Hearts&#xD;
Test&#xD;
Test&#xD;
Test&#xD;
Player Test1 won trick with Nine of Clubs&#xD;
Test&#xD;
Test&#xD;
Test&#xD;
Player Test1 won trick with Two of Diamonds&#xD;
Test&#xD;
Test&#xD;
Test&#xD;
Test&#xD;
Player Test1 won trick with Seven of Hearts&#xD;
Test&#xD;
Test&#xD;
Test&#xD;
Player Test1 won trick with Ten of Clubs&#xD;
Test&#xD;
Test&#xD;
Player Test3 won trick with Queen of Spades&#xD;
Test&#xD;
Test&#xD;
Player Test2 won trick with Ace of Spades&#xD;
Test&#xD;
Test&#xD;
Test&#xD;
Player Test4 won trick with Queen of Hearts&#xD;
Test&#xD;
Test&#xD;
Test&#xD;
Player Test1 won trick with Eight of Diamonds&#xD;
Test&#xD;
Test&#xD;
Player Test4 won trick with King of Diamonds&#xD;
Test&#xD;
Test&#xD;
Test&#xD;
Player Test1 won trick with Six of Clubs&#xD;
Test&#xD;
Test&#xD;
Player Test4 won trick with Six of Diamonds&#xD;
Test&#xD;
Test&#xD;
Player Test2 won trick with Queen of Clubs&#xD;
Test&#xD;
Test&#xD;
Player Test1 won trick with Jack of Clubs&#xD;
Test&#xD;
Player Test2 won trick with Queen of Spades&#xD;
Test&#xD;
Test&#xD;
Player Test1 won trick with Seven of Clubs&#xD;
Test&#xD;
Test&#xD;
Test&#xD;
Player Test1 won trick with Nine of Diamonds&#xD;
Test&#xD;
Player Test1 won trick with Ten of Diamonds&#xD;
Test&#xD;
Test&#xD;
Player Test4 won trick with King of Diamonds&#xD;
Test&#xD;
Test&#xD;
Player Test1 won trick with Six of Diamonds&#xD;
Test&#xD;
Test&#xD;
Player Test4 won trick with Eight of Clubs&#xD;
Test&#xD;
Test&#xD;
Player Test1 won trick with Nine of Diamonds&#xD;
Test&#xD;
Test&#xD;
Test&#xD;
Player Test1 won trick with Six of Diamonds&#xD;
Test&#xD;
Test&#xD;
Test&#xD;
Player Test1 won trick with Nine of Clubs&#xD;
Test&#xD;
Test&#xD;
Test&#xD;
Test&#xD;
Player Test1 won trick with Three of Diamonds&#xD;
Test&#xD;
Test&#xD;
Test&#xD;
Player Test1 won trick with Ten of Spades&#xD;
Test&#xD;
Test&#xD;
Test&#xD;
Player Test1 won trick with Three of Clubs&#xD;
Test&#xD;
Test&#xD;
Test&#xD;
Player Test1 won trick with Two of Clubs&#xD;
Test&#xD;
Player Test2 won trick with Nine of Hearts&#xD;
Test&#xD;
Test&#xD;
Player Test3 won trick with Ace of Clubs&#xD;
Test&#xD;
Test&#xD;
Player Test1 won trick with Nine of Diamonds&#xD;
Test&#xD;
Test&#xD;
Test&#xD;
Player Test1 won trick with Nine of Diamonds&#xD;
Test&#xD;
Player Test1 won trick with King of Clubs&#xD;
Test&#xD;
Test&#xD;
Player Test4 won trick with King of Spades&#xD;
Test&#xD;
Test&#xD;
Player Test1 won trick with Jack of Spades&#xD;
Test&#xD;
Test&#xD;
Test&#xD;
Test&#xD;
Player Test1 won trick with Seven of Hearts&#xD;
Test&#xD;
Test&#xD;
Test&#xD;
Player Test1 won trick with Five of Diamonds&#xD;
Test&#xD;
Test&#xD;
Test&#xD;
Player Test1 won trick with Seven of Spades&#xD;
Test&#xD;
Test&#xD;
Test&#xD;
Player Test1 won trick with Six of Spades&#xD;
Test&#xD;
Test&#xD;
Test&#xD;
Player Test1 won trick with Eight of Diamonds&#xD;
Test&#xD;
Test&#xD;
Test&#xD;
Player Test1 won trick with Eight of Hearts&#xD;
Player Test3 won trick with Ten of Clubs&#xD;
Test&#xD;
Test&#xD;
Test&#xD;
Player Test1 won trick with Ace of Diamonds&#xD;
Test&#xD;
Test&#xD;
Test&#xD;
Player Test1 won trick with Six of Clubs&#xD;
Test&#xD;
Test&#xD;
Test&#xD;
Player Test1 won trick with Six of Clubs&#xD;
Test&#xD;
Test&#xD;
Test&#xD;
Player Test1 won trick with Seven of Clubs&#xD;
Test&#xD;
Test&#xD;
Test&#xD;
Player Test1 won trick with Seven of Hearts&#xD;
Test&#xD;
Test&#xD;
Player Test3 won trick with Queen of Clubs&#xD;
Test&#xD;
Test&#xD;
Test&#xD;
Player Test3 won trick with Ten of Hearts&#xD;
Test&#xD;
Test&#xD;
Test&#xD;
Player Test1 won trick with Ten of Spades&#xD;
Test&#xD;
Test&#xD;
Test&#xD;
Player Test1 won trick with Jack of Hearts&#xD;
Test&#xD;
Test&#xD;
Player Test2 won trick with Ace of Spades&#xD;
Test&#xD;
Test&#xD;
Player Test1 won trick with Ace of Spades&#xD;
Test&#xD;
Test&#xD;
Player Test3 won trick with Jack of Diamonds&#xD;
Test&#xD;
Test&#xD;
Test&#xD;
Player Test1 won trick with Five of Spades&#xD;
Test&#xD;
Player Test3 won trick with Jack of Spades&#xD;
Test&#xD;
Test&#xD;
Test&#xD;
Player Test1 won trick with Three of Diamonds&#xD;
Test&#xD;
Test&#xD;
Test&#xD;
Player Test1 won trick with Seven of Diamonds&#xD;
Test&#xD;
Test&#xD;
Test&#xD;
Player Test1 won trick with Ace of Spades&#xD;
Test&#xD;
Test&#xD;
Player Test2 won trick with Nine of Diamonds&#xD;
Test&#xD;
Test&#xD;
Player Test1 won trick with Jack of Clubs&#xD;
Test&#xD;
Test&#xD;
Test&#xD;
Test&#xD;
Player Test1 won trick with Six of Spades&#xD;
Test&#xD;
Player Test4 won trick with King of Clubs&#xD;
Test&#xD;
Test&#xD;
Player Test3 won trick with King of Hearts&#xD;
Test&#xD;
Test&#xD;
Test&#xD;
Player Test1 won trick with Ace of Hearts&#xD;
Test&#xD;
Test&#xD;
Test&#xD;
Player Test1 won trick with Seven of Spades&#xD;
Test&#xD;
Test&#xD;
Player Test1 won trick with Ace of Spades&#xD;
Test&#xD;
Test&#xD;
Player Test1 won trick with Ace of Diamonds&#xD;
Test&#xD;
Test&#xD;
Test&#xD;
Test&#xD;
Player Test1 won trick with Seven of Hearts&#xD;
Test&#xD;
Test&#xD;
Test&#xD;
Player Test1 won trick with Ten of Hearts&#xD;
Test&#xD;
Test&#xD;
Player Test1 won trick with King of Spades&#xD;
Test&#xD;
Test&#xD;
Test&#xD;
Player Test2 won trick with Ten of Hearts&#xD;
Test&#xD;
Test&#xD;
Test&#xD;
Player Test1 won trick with Seven of Spades&#xD;
Test&#xD;
Test&#xD;
Player Test1 won trick with Ace of Diamonds&#xD;
Test&#xD;
Test&#xD;
Test&#xD;
Player Test1 won trick with Jack of Clubs&#xD;
Test&#xD;
Test&#xD;
Player Test3 won trick with Ace of Spades&#xD;
Test&#xD;
Test&#xD;
Player Test2 won trick with Ten of Hearts&#xD;
Test&#xD;
Player Test1 won trick with Ten of Clubs&#xD;
Test&#xD;
Test&#xD;
Test&#xD;
Player Test1 won trick with Queen of Diamonds&#xD;
Test&#xD;
Test&#xD;
Test&#xD;
Player Test1 won trick with Jack of Clubs&#xD;
Test&#xD;
Test&#xD;
Player Test1 won trick with Six of Spades&#xD;
Test&#xD;
Test&#xD;
Player Test1 won trick with Ten of Spades&#xD;
Test&#xD;
Test&#xD;
Test&#xD;
Test&#xD;
Player Test1 won trick with King of Hearts&#xD;
Test&#xD;
Test&#xD;
Test&#xD;
Test&#xD;
Player Test1 won trick with Six of Spades&#xD;
Test&#xD;
Test&#xD;
Player Test1 won trick with Seven of Spades&#xD;
Test&#xD;
Test&#xD;
Test&#xD;
Test&#xD;
Player Test1 won trick with Three of Hearts&#xD;
Test&#xD;
Test&#xD;
Player Test2 won trick with Seven of Clubs&#xD;
Test&#xD;
Test&#xD;
Player Test1 won trick with Queen of Clubs&#xD;
Test&#xD;
Test&#xD;
Test&#xD;
Player Test1 won trick with Nine of Clubs&#xD;
Test&#xD;
Test&#xD;
Test&#xD;
Player Test1 won trick with Six of Spades&#xD;
Test&#xD;
Test&#xD;
Player Test3 won trick with Ten of Diamonds&#xD;
Test&#xD;
Test&#xD;
Test&#xD;
Player Test1 won trick with Six of Spades&#xD;
Test&#xD;
Test&#xD;
Test&#xD;
Player Test1 won trick with Eight of Hearts&#xD;
Test&#xD;
Test&#xD;
Test&#xD;
Player Test1 won trick with Jack of Spades&#xD;
Test&#xD;
Test&#xD;
Test&#xD;
Player Test4 won trick with Ten of Hearts&#xD;
Test&#xD;
Test&#xD;
Player Test1 won trick with Three of Clubs&#xD;
Test&#xD;
Test&#xD;
Player Test1 won trick with Ace of Clubs&#xD;
Test&#xD;
Test&#xD;
Player Test3 won trick with King of Diamonds&#xD;
Test&#xD;
Test&#xD;
Player Test4 won trick with Eight of Clubs&#xD;
Test&#xD;
Test&#xD;
Test&#xD;
Test&#xD;
Player Test1 won trick with Ace of Hearts&#xD;
Test&#xD;
Test&#xD;
Test&#xD;
Player Test1 won trick with King of Hearts&#xD;
Test&#xD;
Test&#xD;
Test&#xD;
Player Test2 won trick with King of Diamonds&#xD;
Test&#xD;
Test&#xD;
Test&#xD;
Player Test4 won trick with Eight of Hearts&#xD;
Test&#xD;
Test&#xD;
Test&#xD;
Player Test1 won trick with Five of Spades&#xD;
Test&#xD;
Player Test1 won trick with Six of Diamonds&#xD;
Test&#xD;
Test&#xD;
Test&#xD;
Player Test1 won trick with Four of Clubs&#xD;
Test&#xD;
Test&#xD;
Player Test1 won trick with Ace of Diamonds&#xD;
Test&#xD;
Test&#xD;
Player Test4 won trick with King of Clubs&#xD;
Test&#xD;
Test&#xD;
Test&#xD;
Player Test3 won trick with Ten of Hearts&#xD;
Test&#xD;
Test&#xD;
Player Test1 won trick with Ten of Spades&#xD;
Test&#xD;
Test&#xD;
Player Test4 won trick with Ace of Spades&#xD;
Test&#xD;
Test&#xD;
Test&#xD;
Player Test1 won trick with Four of Clubs&#xD;
Test&#xD;
Test&#xD;
Test&#xD;
Player Test4 won trick with Jack of Spades&#xD;
Test&#xD;
Test&#xD;
Player Test2 won trick with Queen of Spades&#xD;
Test&#xD;
Test&#xD;
Player Test4 won trick with Ace of Clubs&#xD;
Test&#xD;
Test&#xD;
Test&#xD;
Player Test1 won trick with Ten of Hearts&#xD;
Test&#xD;
Test&#xD;
Test&#xD;
Test&#xD;
Player Test1 won trick with Nine of Hearts&#xD;
Test&#xD;
Test&#xD;
Test&#xD;
Player Test1 won trick with Five of Diamonds&#xD;
Test&#xD;
Test&#xD;
Test&#xD;
Test&#xD;
Player Test1 won trick with Seven of Hearts&#xD;
Test&#xD;
Test&#xD;
Player Test3 won trick with Seven of Spades&#xD;
Test&#xD;
Test&#xD;
Test&#xD;
Player Test1 won trick with Five of Clubs&#xD;
Test&#xD;
Test&#xD;
Test&#xD;
Player Test1 won trick with Nine of Diamonds&#xD;
Test&#xD;
Test&#xD;
Test&#xD;
Test&#xD;
Player Test1 won trick with Nine of Hearts&#xD;
Test&#xD;
Test&#xD;
Player Test3 won trick with Queen of Hearts&#xD;
Test&#xD;
Test&#xD;
Test&#xD;
Test&#xD;
Player Test1 won trick with Four of Hearts&#xD;
Test&#xD;
Test&#xD;
Player Test1 won trick with King of Hearts&#xD;
Test&#xD;
Test&#xD;
Player Test1 won trick with Queen of Diamonds&#xD;
Test&#xD;
Test&#xD;
Test&#xD;
Player Test1 won trick with Five of Spades&#xD;
Test&#xD;
Test&#xD;
Test&#xD;
Test&#xD;
Player Test1 won trick with Eight of Hearts&#xD;
Test&#xD;
Test&#xD;
Test&#xD;
Player Test1 won trick with Seven of Spades&#xD;
Test&#xD;
Test&#xD;
Test&#xD;
Player Test1 won trick with Seven of Clubs&#xD;
Test&#xD;
Player Test3 won trick with Ace of Diamonds&#xD;
Test&#xD;
Test&#xD;
Player Test1 won trick with Ace of Spades&#xD;
Test&#xD;
Test&#xD;
Player Test2 won trick with Queen of Diamonds&#xD;
Test&#xD;
Test&#xD;
Test&#xD;
Player Test1 won trick with Eight of Clubs&#xD;
Test&#xD;
Test&#xD;
Test&#xD;
Player Test1 won trick with Queen of Spades&#xD;
Test&#xD;
Test&#xD;
Test&#xD;
Test&#xD;
Player Test1 won trick with Five of Hearts&#xD;
Test&#xD;
Test&#xD;
Test&#xD;
Test&#xD;
Player Test1 won trick with Five of Hearts&#xD;
Test&#xD;
Test&#xD;
Player Test1 won trick with Seven of Diamonds&#xD;
Test&#xD;
Test&#xD;
Player Test3 won trick with Queen of Clubs&#xD;
Test&#xD;
Test&#xD;
Test&#xD;
Player Test4 won trick with Jack of Spades&#xD;
Test&#xD;
Test&#xD;
Test&#xD;
Player Test1 won trick with Seven of Hearts&#xD;
Test&#xD;
Test&#xD;
Test&#xD;
Player Test1 won trick with Two of Hearts&#xD;
Test&#xD;
Test&#xD;
Player Test1 won trick with Seven of Diamonds&#xD;
Test&#xD;
Test&#xD;
Test&#xD;
Player Test3 won trick with Ace of Hearts&#xD;
Test&#xD;
Test&#xD;
Player Test2 won trick with Seven of Clubs&#xD;
Test&#xD;
Test&#xD;
Test&#xD;
Test&#xD;
Player Test1 won trick with Four of Hearts&#xD;
Test&#xD;
Test&#xD;
Test&#xD;
Test&#xD;
Player Test1 won trick with Ten of Hearts&#xD;
Test&#xD;
Test&#xD;
Test&#xD;
Player Test1 won trick with Six of Diamonds&#xD;
Test&#xD;
Test&#xD;
Test&#xD;
Player Test1 won trick with Five of Spades&#xD;
Test&#xD;
Test&#xD;
Test&#xD;
Player Test1 won trick with Two of Clubs&#xD;
Test&#xD;
Test&#xD;
Test&#xD;
Player Test1 won trick with Eight of Spades&#xD;
Test&#xD;
Test&#xD;
Test&#xD;
Player Test1 won trick with Jack of Hearts&#xD;
Test&#xD;
Test&#xD;
Test&#xD;
Player Test1 won trick with Nine of Diamonds&#xD;
Test&#xD;
Test&#xD;
Test&#xD;
Player Test1 won trick with Three of Clubs&#xD;
Test&#xD;
Test&#xD;
Player Test4 won trick with Five of Diamonds&#xD;
Test&#xD;
Player Test4 won trick with Nine of Spades&#xD;
Test&#xD;
Test&#xD;
Player Test1 won trick with Jack of Spades&#xD;
Test&#xD;
Test&#xD;
Player Test1 won trick with Seven of Clubs&#xD;
Test&#xD;
Test&#xD;
Player Test1 won trick with Three of Diamonds&#xD;
Test&#xD;
Test&#xD;
Test&#xD;
Test&#xD;
Player Test1 won trick with Four of Hearts&#xD;
Test&#xD;
Test&#xD;
Test&#xD;
Player Test1 won trick with Five of Diamonds&#xD;
Test&#xD;
Test&#xD;
Test&#xD;
Player Test3 won trick with Six of Hearts&#xD;
Test&#xD;
Test&#xD;
Player Test1 won trick with Ten of Spades&#xD;
Test&#xD;
Player Test1 won trick with King of Spades&#xD;
Test&#xD;
Test&#xD;
Test&#xD;
Player Test1 won trick with Five of Clubs&#xD;
Test&#xD;
Test&#xD;
Player Test1 won trick with Queen of Diamonds&#xD;
Test&#xD;
Test&#xD;
Test&#xD;
Player Test1 won trick with Five of Clubs&#xD;
Test&#xD;
Test&#xD;
Player Test2 won trick with Six of Hearts&#xD;
Test&#xD;
Test&#xD;
Test&#xD;
Player Test1 won trick with Eight of Spades&#xD;
Test&#xD;
Test&#xD;
Test&#xD;
Player Test1 won trick with Ace of Clubs&#xD;
Test&#xD;
Test&#xD;
Test&#xD;
Player Test1 won trick with Nine of Clubs&#xD;
Test&#xD;
Test&#xD;
Player Test1 won trick with Nine of Clubs&#xD;
Test&#xD;
Test&#xD;
Player Test1 won trick with Six of Spades&#xD;
Test&#xD;
Test&#xD;
Player Test1 won trick with Queen of Clubs&#xD;
Test&#xD;
Test&#xD;
Player Test2 won trick with Ace of Diamonds&#xD;
Test&#xD;
Test&#xD;
Test&#xD;
Player Test1 won trick with Nine of Hearts&#xD;
Test&#xD;
Test&#xD;
Test&#xD;
Player Test2 won trick with Queen of Hearts&#xD;
Test&#xD;
Test&#xD;
Test&#xD;
Player Test1 won trick with Ace of Hearts&#xD;
Test&#xD;
Test&#xD;
Player Test4 won trick with Jack of Clubs&#xD;
Test&#xD;
Test&#xD;
Player Test3 won trick with Eight of Diamonds&#xD;
Test&#xD;
Test&#xD;
Player Test4 won trick with Ace of Diamonds&#xD;
Test&#xD;
Test&#xD;
Player Test4 won trick with King of Diamonds&#xD;
Test&#xD;
Test&#xD;
Test&#xD;
Player Test1 won trick with Queen of Diamonds&#xD;
Test&#xD;
Test&#xD;
Test&#xD;
Player Test1 won trick with King of Hearts&#xD;
Test&#xD;
Test&#xD;
Test&#xD;
Player Test1 won trick with Eight of Clubs&#xD;
Test&#xD;
Test&#xD;
Test&#xD;
Test&#xD;
Player Test1 won trick with Seven of Hearts&#xD;
Test&#xD;
Test&#xD;
Test&#xD;
Player Test1 won trick with Eight of Clubs&#xD;
Test&#xD;
Player Test1 won trick with Queen of Spades&#xD;
Test&#xD;
Test&#xD;
Test&#xD;
Test&#xD;
Player Test1 won trick with Three of Hearts&#xD;
Test&#xD;
Test&#xD;
Test&#xD;
Test&#xD;
Player Test1 won trick with Four of Hearts&#xD;
Test&#xD;
Test&#xD;
Test&#xD;
Player Test1 won trick with Seven of Diamonds&#xD;
Test&#xD;
Test&#xD;
Test&#xD;
Player Test1 won trick with Eight of Clubs&#xD;
Test&#xD;
Test&#xD;
Player Test2 won trick with Ten of Spades&#xD;
Test&#xD;
Player Test1 won trick with King of Clubs&#xD;
Test&#xD;
Test&#xD;
Test&#xD;
Test&#xD;
Player Test1 won trick with Six of Hearts&#xD;
Test&#xD;
Test&#xD;
Player Test1 won trick with Jack of Spades&#xD;
Test&#xD;
Player Test1 won trick with Ace of Hearts&#xD;
Test&#xD;
Test&#xD;
Player Test1 won trick with Ten of Spades&#xD;
Test&#xD;
Test&#xD;
Player Test1 won trick with Six of Clubs&#xD;
Test&#xD;
Test&#xD;
Test&#xD;
Test&#xD;
Player Test1 won trick with Ace of Hearts&#xD;
Test&#xD;
Player Test4 won trick with Queen of Clubs&#xD;
Test&#xD;
Test&#xD;
Player Test1 won trick with Six of Hearts&#xD;
Test&#xD;
Player Test2 won trick with Nine of Spades&#xD;
Test&#xD;
Test&#xD;
Player Test1 won trick with Queen of Spades&#xD;
Test&#xD;
Player Test1 won trick with Ace of Clubs&#xD;
Test&#xD;
Test&#xD;
Player Test4 won trick with King of Spades&#xD;
Test&#xD;
Test&#xD;
Player Test1 won trick with Jack of Diamonds&#xD;
Test&#xD;
Test&#xD;
Player Test3 won trick with Jack of Spades&#xD;
Test&#xD;
Test&#xD;
Test&#xD;
Player Test1 won trick with Queen of Spades&#xD;
Test&#xD;
Test&#xD;
Test&#xD;
Player Test1 won trick with Four of Spades&#xD;
Test&#xD;
Test&#xD;
Test&#xD;
Player Test1 won trick with King of Hearts&#xD;
Test&#xD;
Test&#xD;
Test&#xD;
Player Test2 won trick with Queen of Hearts&#xD;
Test&#xD;
Test&#xD;
Player Test1 won trick with Jack of Clubs&#xD;
Test&#xD;
Player Test1 won trick with King of Spades&#xD;
Test&#xD;
Test&#xD;
Test&#xD;
Player Test3 won trick with Six of Hearts&#xD;
Test&#xD;
Player Test1 won trick with Queen of Spades&#xD;
Test&#xD;
Test&#xD;
Player Test4 won trick with Seven of Diamonds&#xD;
Test&#xD;
Test&#xD;
Test&#xD;
Test&#xD;
Player Test1 won trick with Four of Diamonds&#xD;
Test&#xD;
Test&#xD;
Test&#xD;
Player Test1 won trick with Five of Spades&#xD;
Test&#xD;
Test&#xD;
Test&#xD;
Player Test1 won trick with Seven of Clubs&#xD;
Test&#xD;
Test&#xD;
Player Test3 won trick with Seven of Clubs&#xD;
Test&#xD;
Test&#xD;
Test&#xD;
Test&#xD;
Player Test1 won trick with King of Diamonds&#xD;
Test&#xD;
Test&#xD;
Test&#xD;
Test&#xD;
Player Test1 won trick with Six of Hearts&#xD;
Test&#xD;
Test&#xD;
Test&#xD;
Player Test3 won trick with Ace of Spades&#xD;
Test&#xD;
Test&#xD;
Player Test4 won trick with Eight of Clubs&#xD;
Test&#xD;
Test&#xD;
Test&#xD;
Player Test3 won trick with Queen of Hearts&#xD;
Test&#xD;
Test&#xD;
Test&#xD;
Test&#xD;
Player Test1 won trick with Queen of Hearts&#xD;
Test&#xD;
Test&#xD;
Player Test2 won trick with Queen of Hearts&#xD;
Test&#xD;
Test&#xD;
Player Test1 won trick with Nine of Clubs&#xD;
Test&#xD;
Test&#xD;
Test&#xD;
Player Test1 won trick with Queen of Hearts&#xD;
Test&#xD;
Test&#xD;
Player Test4 won trick with Queen of Hearts&#xD;
Test&#xD;
Player Test2 won trick with Ten of Spades&#xD;
Test&#xD;
Test&#xD;
Test&#xD;
Player Test1 won trick with Ten of Clubs&#xD;
Test&#xD;
Test&#xD;
Test&#xD;
Player Test1 won trick with Six of Clubs&#xD;
Test&#xD;
Test&#xD;
Test&#xD;
Test&#xD;
Player Test1 won trick with Seven of Spades&#xD;
Test&#xD;
Test&#xD;
Test&#xD;
Player Test1 won trick with Seven of Spades&#xD;
Test&#xD;
Player Test2 won trick with Eight of Spades&#xD;
Test&#xD;
Test&#xD;
Test&#xD;
Player Test1 won trick with Queen of Hearts&#xD;
Test&#xD;
Player Test1 won trick with Ten of Spades&#xD;
Test&#xD;
Test&#xD;
Test&#xD;
Player Test1 won trick with Nine of Clubs&#xD;
Test&#xD;
Test&#xD;
Test&#xD;
Test&#xD;
Player Test1 won trick with Four of Hearts&#xD;
Test&#xD;
Test&#xD;
Player Test1 won trick with Ace of Clubs&#xD;
Test&#xD;
Test&#xD;
Test&#xD;
Player Test1 won trick with Six of Spades&#xD;
Test&#xD;
Player Test3 won trick with Ten of Diamonds&#xD;
Test&#xD;
Test&#xD;
Player Test1 won trick with Nine of Diamonds&#xD;
Test&#xD;
Test&#xD;
Player Test2 won trick with King of Diamonds&#xD;
Test&#xD;
Test&#xD;
Test&#xD;
Player Test1 won trick with Ten of Spades&#xD;
Test&#xD;
Test&#xD;
Test&#xD;
Player Test1 won trick with Nine of Spades&#xD;
Test&#xD;
Test&#xD;
Test&#xD;
Player Test4 won trick with Jack of Hearts&#xD;
Test&#xD;
Test&#xD;
Player Test3 won trick with Nine of Spades&#xD;
Test&#xD;
Test&#xD;
Test&#xD;
Test&#xD;
Player Test1 won trick with Seven of Hearts&#xD;
Test&#xD;
Test&#xD;
Test&#xD;
Player Test3 won trick with Ace of Hearts&#xD;
Test&#xD;
Test&#xD;
Player Test1 won trick with Eight of Hearts&#xD;
Test&#xD;
Test&#xD;
Test&#xD;
Player Test1 won trick with Four of Spades&#xD;
Test&#xD;
Test&#xD;
Player Test4 won trick with Four of Clubs&#xD;
Test&#xD;
Player Test2 won trick with Ace of Spades&#xD;
Test&#xD;
Test&#xD;
Player Test1 won trick with Seven of Diamonds&#xD;
Test&#xD;
Test&#xD;
Test&#xD;
Player Test3 won trick with King of Hearts&#xD;
Test&#xD;
Test&#xD;
Test&#xD;
Player Test1 won trick with Four of Hearts&#xD;
Test&#xD;
Player Test1 won trick with King of Clubs&#xD;
Test&#xD;
Player Test4 won trick with Ace of Diamonds&#xD;
Test&#xD;
Test&#xD;
Test&#xD;
Player Test1 won trick with Five of Diamonds&#xD;
Test&#xD;
Test&#xD;
Test&#xD;
Player Test1 won trick with King of Hearts&#xD;
Test&#xD;
Test&#xD;
Test&#xD;
Player Test1 won trick with Nine of Diamonds&#xD;
Test&#xD;
Test&#xD;
Player Test3 won trick with King of Diamonds&#xD;
Test&#xD;
Player Test2 won trick with Jack of Spades&#xD;
Test&#xD;
Test&#xD;
Player Test4 won trick with Queen of Hearts&#xD;
Test&#xD;
Test&#xD;
Player Test2 won trick with Seven of Diamonds&#xD;
Test&#xD;
Test&#xD;
Test&#xD;
Player Test1 won trick with Three of Clubs&#xD;
Test&#xD;
Test&#xD;
Player Test1 won trick with King of Spades&#xD;
Test&#xD;
Test&#xD;
Test&#xD;
Test&#xD;
Player Test1 won trick with Three of Hearts&#xD;
Test&#xD;
Test&#xD;
Test&#xD;
Test&#xD;
Player Test1 won trick with Two of Hearts&#xD;
Test&#xD;
Test&#xD;
Test&#xD;
Player Test1 won trick with King of Spades&#xD;
Test&#xD;
Test&#xD;
Player Test2 won trick with Ace of Clubs&#xD;
Test&#xD;
Player Test1 won trick with Jack of Diamonds&#xD;
Test&#xD;
Test&#xD;
Player Test1 won trick with Jack of Clubs&#xD;
Test&#xD;
Test&#xD;
Test&#xD;
Player Test1 won trick with Ace of Hearts&#xD;
Test&#xD;
Test&#xD;
Test&#xD;
Player Test3 won trick with Jack of Hearts&#xD;
Test&#xD;
Test&#xD;
Test&#xD;
Test&#xD;
Player Test1 won trick with Three of Hearts&#xD;
Test&#xD;
Player Test1 won trick with Jack of Clubs&#xD;
Test&#xD;
Test&#xD;
Test&#xD;
Player Test1 won trick with Four of Spades&#xD;
Test&#xD;
Test&#xD;
Test&#xD;
Player Test1 won trick with Six of Clubs&#xD;
Test&#xD;
Test&#xD;
Test&#xD;
Player Test1 won trick with King of Clubs&#xD;
Test&#xD;
Test&#xD;
Test&#xD;
Player Test1 won trick with King of Clubs&#xD;
Test&#xD;
Test&#xD;
Test&#xD;
Player Test1 won trick with Six of Spades&#xD;
Test&#xD;
Player Test4 won trick with Eight of Diamonds&#xD;
Test&#xD;
Player Test1 won trick with King of Clubs&#xD;
Test&#xD;
Test&#xD;
Test&#xD;
Player Test1 won trick with Ten of Diamonds&#xD;
Test&#xD;
Test&#xD;
Test&#xD;
Player Test1 won trick with Four of Diamonds&#xD;
Test&#xD;
Test&#xD;
Test&#xD;
Player Test1 won trick with Queen of Diamonds&#xD;
Test&#xD;
Test&#xD;
Player Test4 won trick with Three of Spades&#xD;
Test&#xD;
Player Test2 won trick with Nine of Clubs&#xD;
Test&#xD;
Test&#xD;
Player Test3 won trick with Jack of Spades&#xD;
Test&#xD;
Test&#xD;
Player Test1 won trick with Jack of Diamonds&#xD;
Test&#xD;
Test&#xD;
Test&#xD;
Player Test1 won trick with Ten of Hearts&#xD;
Test&#xD;
Test&#xD;
Player Test1 won trick with Ten of Diamonds&#xD;
Test&#xD;
Test&#xD;
Player Test1 won trick with Ace of Clubs&#xD;
Test&#xD;
Test&#xD;
Test&#xD;
Player Test1 won trick with Ace of Spades&#xD;
Test&#xD;
Test&#xD;
Player Test1 won trick with Jack of Diamonds&#xD;
Test&#xD;
Test&#xD;
Test&#xD;
Player Test1 won trick with Three of Diamonds&#xD;
Test&#xD;
Test&#xD;
Test&#xD;
Player Test1 won trick with Seven of Spades&#xD;
Test&#xD;
Test&#xD;
Player Test1 won trick with Ace of Clubs&#xD;
Test&#xD;
Test&#xD;
Test&#xD;
Player Test1 won trick with Jack of Spades&#xD;
Test&#xD;
Test&#xD;
Test&#xD;
Player Test2 won trick with King of Hearts&#xD;
Test&#xD;
Test&#xD;
Player Test3 won trick with Seven of Spades&#xD;
Test&#xD;
Test&#xD;
Test&#xD;
Player Test1 won trick with Eight of Clubs&#xD;
Test&#xD;
Test&#xD;
Test&#xD;
Test&#xD;
Player Test1 won trick with Nine of Hearts&#xD;
Test&#xD;
Test&#xD;
Test&#xD;
Test&#xD;
Player Test1 won trick with Five of Hearts&#xD;
Test&#xD;
Test&#xD;
Player Test1 won trick with Seven of Diamonds&#xD;
Test&#xD;
Test&#xD;
Test&#xD;
Player Test3 won trick with Five of Hearts&#xD;
Test&#xD;
Test&#xD;
Player Test1 won trick with Seven of Spades&#xD;
Test&#xD;
Test&#xD;
Player Test1 won trick with Jack of Clubs&#xD;
Test&#xD;
Test&#xD;
Test&#xD;
Player Test1 won trick with Six of Spades&#xD;
Test&#xD;
Test&#xD;
Player Test3 won trick with Ace of Diamonds&#xD;
Test&#xD;
Test&#xD;
Test&#xD;
Player Test1 won trick with Nine of Diamonds&#xD;
Test&#xD;
Test&#xD;
Player Test2 won trick with Jack of Spades&#xD;
Test&#xD;
Test&#xD;
Test&#xD;
Player Test4 won trick with Nine of Spades&#xD;
Test&#xD;
Test&#xD;
Player Test4 won trick with Ace of Diamonds&#xD;
Test&#xD;
Test&#xD;
Test&#xD;
Player Test1 won trick with Three of Clubs&#xD;
Test&#xD;
Test&#xD;
Test&#xD;
Player Test1 won trick with Six of Diamonds&#xD;
Test&#xD;
Test&#xD;
Test&#xD;
Test&#xD;
Player Test1 won trick with Seven of Hearts&#xD;
Test&#xD;
Test&#xD;
Player Test3 won trick with Eight of Diamonds&#xD;
Test&#xD;
Test&#xD;
Test&#xD;
Test&#xD;
Player Test1 won trick with Seven of Hearts&#xD;
Test&#xD;
Test&#xD;
Test&#xD;
Player Test3 won trick with Six of Diamonds&#xD;
Test&#xD;
Test&#xD;
Test&#xD;
Player Test1 won trick with Jack of Clubs&#xD;
Test&#xD;
Test&#xD;
Player Test1 won trick with Eight of Clubs&#xD;
Test&#xD;
Test&#xD;
Player Test2 won trick with Ace of Diamonds&#xD;
Test&#xD;
Test&#xD;
Test&#xD;
Test&#xD;
Player Test1 won trick with Two of Hearts&#xD;
Test&#xD;
Test&#xD;
Player Test1 won trick with Jack of Diamonds&#xD;
Test&#xD;
Test&#xD;
Player Test3 won trick with Nine of Spades&#xD;
Test&#xD;
Test&#xD;
Test&#xD;
Player Test1 won trick with Nine of Spades&#xD;
Test&#xD;
Test&#xD;
Player Test4 won trick with Nine of Spades&#xD;
Test&#xD;
Player Test4 won trick with Queen of Diamonds&#xD;
Test&#xD;
Test&#xD;
Player Test2 won trick with Three of Spades&#xD;
Test&#xD;
Test&#xD;
Player Test1 won trick with Jack of Diamonds&#xD;
Test&#xD;
Test&#xD;
Test&#xD;
Player Test1 won trick with Queen of Hearts&#xD;
Player Test2 won trick with Ace of Clubs&#xD;
Test&#xD;
Test&#xD;
Test&#xD;
Player Test1 won trick with Six of Spades&#xD;
Test&#xD;
Test&#xD;
Player Test1 won trick with Jack of Spades&#xD;
Test&#xD;
Test&#xD;
Test&#xD;
Player Test1 won trick with Eight of Diamonds&#xD;
Test&#xD;
Test&#xD;
Test&#xD;
Test&#xD;
Player Test1 won trick with Three of Hearts&#xD;
Test&#xD;
Test&#xD;
Test&#xD;
Test&#xD;
Player Test1 won trick with Five of Hearts&#xD;
Test&#xD;
Test&#xD;
Test&#xD;
Player Test2 won trick with Ten of Hearts&#xD;
Test&#xD;
Test&#xD;
Player Test3 won trick with Nine of Spades&#xD;
Test&#xD;
Player Test1 won trick with Ace of Diamonds&#xD;
Test&#xD;
Test&#xD;
Player Test1 won trick with Eight of Diamonds&#xD;
Test&#xD;
Test&#xD;
Player Test1 won trick with King of Diamonds&#xD;
Test&#xD;
Test&#xD;
Player Test2 won trick with King of Diamonds&#xD;
Test&#xD;
Test&#xD;
Player Test1 won trick with Nine of Spades&#xD;
Test&#xD;
Test&#xD;
Test&#xD;
Player Test2 won trick with Five of Hearts&#xD;
Test&#xD;
Test&#xD;
Player Test1 won trick with Ace of Diamonds&#xD;
Test&#xD;
Test&#xD;
Player Test1 won trick with Queen of Diamonds&#xD;
Test&#xD;
Test&#xD;
Test&#xD;
Player Test4 won trick with Four of Hearts&#xD;
Test&#xD;
Test&#xD;
Player Test4 won trick with Seven of Diamonds&#xD;
Test&#xD;
Test&#xD;
Test&#xD;
Player Test1 won trick with King of Spades&#xD;
Test&#xD;
Test&#xD;
Player Test1 won trick with Eight of Diamonds&#xD;
Test&#xD;
Test&#xD;
Player Test4 won trick with Ace of Hearts&#xD;
Test&#xD;
Test&#xD;
Test&#xD;
Test&#xD;
Player Test1 won trick with Queen of Hearts&#xD;
Test&#xD;
Test&#xD;
Player Test1 won trick with Queen of Spades&#xD;
Test&#xD;
Test&#xD;
Player Test1 won trick with Jack of Diamonds&#xD;
Test&#xD;
Player Test4 won trick with Nine of Spades&#xD;
Test&#xD;
Test&#xD;
Player Test1 won trick with Queen of Hearts&#xD;
Test&#xD;
Test&#xD;
Player Test1 won trick with Seven of Diamonds&#xD;
Test&#xD;
Test&#xD;
Player Test1 won trick with Ten of Clubs&#xD;
Test&#xD;
Test&#xD;
Player Test2 won trick with Ace of Diamonds&#xD;
Test&#xD;
Test&#xD;
Test&#xD;
Test&#xD;
Player Test1 won trick with Eight of Hearts&#xD;
Test&#xD;
Test&#xD;
Player Test1 won trick with Six of Spades&#xD;
Test&#xD;
Test&#xD;
Test&#xD;
Player Test1 won trick with Three of Clubs&#xD;
Test&#xD;
Test&#xD;
Test&#xD;
Player Test1 won trick with Nine of Hearts&#xD;
Test&#xD;
Test&#xD;
Test&#xD;
Player Test1 won trick with Ten of Clubs&#xD;
Test&#xD;
Test&#xD;
Player Test3 won trick with Three of Clubs&#xD;
Test&#xD;
Test&#xD;
Test&#xD;
Player Test1 won trick with Queen of Clubs&#xD;
Test&#xD;
Test&#xD;
Test&#xD;
Player Test1 won trick with Four of Clubs&#xD;
Test&#xD;
Test&#xD;
Test&#xD;
Player Test1 won trick with Two of Clubs&#xD;
Test&#xD;
Test&#xD;
Player Test3 won trick with Eight of Clubs&#xD;
Test&#xD;
Test&#xD;
Player Test2 won trick with Nine of Clubs&#xD;
Test&#xD;
Test&#xD;
Test&#xD;
Player Test1 won trick with Seven of Spades&#xD;
Test&#xD;
Player Test3 won trick with King of Spades&#xD;
Test&#xD;
Test&#xD;
Test&#xD;
Test&#xD;
Player Test1 won trick with Two of Spades&#xD;
Test&#xD;
Test&#xD;
Player Test4 won trick with King of Hearts&#xD;
Test&#xD;
Test&#xD;
Test&#xD;
Player Test2 won trick with Eight of Hearts&#xD;
Test&#xD;
Test&#xD;
Player Test4 won trick with Ace of Diamonds&#xD;
Test&#xD;
Test&#xD;
Player Test1 won trick with Four of Spades&#xD;
Test&#xD;
Test&#xD;
Player Test2 won trick with Six of Clubs&#xD;
Test&#xD;
Test&#xD;
Test&#xD;
Player Test1 won trick with Ten of Hearts&#xD;
Test&#xD;
Test&#xD;
Player Test3 won trick with Ten of Clubs&#xD;
Test&#xD;
Test&#xD;
Test&#xD;
Test&#xD;
Player Test1 won trick with Jack of Hearts&#xD;
Test&#xD;
Test&#xD;
Test&#xD;
Player Test1 won trick with Eight of Spades&#xD;
Test&#xD;
Test&#xD;
Player Test1 won trick with Ace of Hearts&#xD;
Test&#xD;
Test&#xD;
Test&#xD;
Player Test1 won trick with Seven of Hearts&#xD;
Test&#xD;
Test&#xD;
Test&#xD;
Player Test1 won trick with Seven of Diamonds&#xD;
Test&#xD;
Test&#xD;
Test&#xD;
Player Test1 won trick with Queen of Spades&#xD;
Test&#xD;
Test&#xD;
Player Test2 won trick with King of Diamonds&#xD;
Test&#xD;
Test&#xD;
Test&#xD;
Player Test1 won trick with Five of Hearts&#xD;
Test&#xD;
Test&#xD;
Test&#xD;
Test&#xD;
Player Test1 won trick with Ace of Hearts&#xD;
Test&#xD;
Test&#xD;
Player Test1 won trick with Eight of Diamonds&#xD;
Test&#xD;
Test&#xD;
Player Test2 won trick with King of Clubs&#xD;
Test&#xD;
Test&#xD;
Test&#xD;
Player Test1 won trick with Six of Hearts&#xD;
Test&#xD;
Test&#xD;
Test&#xD;
Test&#xD;
Player Test1 won trick with Eight of Clubs&#xD;
Test&#xD;
Test&#xD;
Player Test1 won trick with Six of Spades&#xD;
Test&#xD;
Player Test2 won trick with Jack of Clubs&#xD;
Test&#xD;
Test&#xD;
Test&#xD;
Test&#xD;
Player Test1 won trick with Two of Hearts&#xD;
Test&#xD;
Test&#xD;
Player Test1 won trick with Jack of Clubs&#xD;
Test&#xD;
Player Test4 won trick with Queen of Diamonds&#xD;
Test&#xD;
Test&#xD;
Player Test1 won trick with Four of Spades&#xD;
Test&#xD;
Test&#xD;
Test&#xD;
Player Test1 won trick with Ten of Diamonds&#xD;
Test&#xD;
Test&#xD;
Test&#xD;
Player Test1 won trick with Two of Diamonds&#xD;
Test&#xD;
Test&#xD;
Test&#xD;
Player Test1 won trick with Three of Clubs&#xD;
Test&#xD;
Test&#xD;
Test&#xD;
Player Test1 won trick with Jack of Diamonds&#xD;
Test&#xD;
Test&#xD;
Test&#xD;
Test&#xD;
Player Test1 won trick with Queen of Hearts&#xD;
Test&#xD;
Test&#xD;
Player Test1 won trick with Seven of Clubs&#xD;
Test&#xD;
Test&#xD;
Test&#xD;
Player Test1 won trick with Eight of Diamonds&#xD;
Test&#xD;
Player Test1 won trick with Queen of Clubs&#xD;
Test&#xD;
Test&#xD;
Player Test3 won trick with Eight of Diamonds&#xD;
Test&#xD;
Test&#xD;
Test&#xD;
Test&#xD;
Player Test1 won trick with Ace of Diamonds&#xD;
Test&#xD;
Test&#xD;
Test&#xD;
Player Test1 won trick with Two of Diamonds&#xD;
Test&#xD;
Test&#xD;
Test&#xD;
Test&#xD;
Player Test1 won trick with Five of Hearts&#xD;
Test&#xD;
Test&#xD;
Test&#xD;
Player Test1 won trick with Six of Clubs&#xD;
Test&#xD;
Test&#xD;
Test&#xD;
Player Test1 won trick with Nine of Diamonds&#xD;
Test&#xD;
Test&#xD;
Player Test1 won trick with Jack of Diamonds&#xD;
Test&#xD;
Test&#xD;
Player Test1 won trick with Ace of Clubs&#xD;
Test&#xD;
Test&#xD;
Player Test1 won trick with Jack of Spades&#xD;
Test&#xD;
Test&#xD;
Test&#xD;
Test&#xD;
Player Test1 won trick with Jack of Hearts&#xD;
Test&#xD;
Test&#xD;
Test&#xD;
Player Test4 won trick with Ace of Diamonds&#xD;
Test&#xD;
Test&#xD;
Player Test1 won trick with King of Diamonds&#xD;
Test&#xD;
Test&#xD;
Test&#xD;
Player Test1 won trick with Nine of Hearts&#xD;
Test&#xD;
Test&#xD;
Player Test4 won trick with Queen of Hearts&#xD;
Test&#xD;
Test&#xD;
Test&#xD;
Player Test1 won trick with Ace of Spades&#xD;
Test&#xD;
Test&#xD;
Test&#xD;
Test&#xD;
Player Test1 won trick with Five of Hearts&#xD;
Test&#xD;
Player Test2 won trick with King of Hearts&#xD;
Test&#xD;
Test&#xD;
Test&#xD;
Player Test1 won trick with Nine of Clubs&#xD;
Test&#xD;
Test&#xD;
Test&#xD;
Player Test1 won trick with Eight of Clubs&#xD;
Test&#xD;
Player Test1 won trick with King of Spades&#xD;
Test&#xD;
Test&#xD;
Test&#xD;
Player Test1 won trick with Ace of Spades&#xD;
Test&#xD;
Test&#xD;
Player Test2 won trick with Jack of Hearts&#xD;
Test&#xD;
Test&#xD;
Player Test1 won trick with Ace of Spades&#xD;
Test&#xD;
Test&#xD;
Player Test3 won trick with Eight of Hearts&#xD;
Test&#xD;
Test&#xD;
Player Test4 won trick with Ten of Diamonds&#xD;
Test&#xD;
Test&#xD;
Player Test4 won trick with Ten of Diamonds&#xD;
Test&#xD;
Test&#xD;
Player Test2 won trick with Queen of Hearts&#xD;
Test&#xD;
Test&#xD;
Test&#xD;
Player Test3 won trick with Queen of Hearts&#xD;
Test&#xD;
Test&#xD;
Test&#xD;
Test&#xD;
Player Test1 won trick with Five of Hearts&#xD;
Test&#xD;
Player Test1 won trick with Ace of Spades&#xD;
Test&#xD;
Test&#xD;
Test&#xD;
Test&#xD;
Player Test1 won trick with Queen of Diamonds&#xD;
Test&#xD;
Test&#xD;
Test&#xD;
Player Test1 won trick with King of Spades&#xD;
Test&#xD;
Test&#xD;
Player Test2 won trick with King of Clubs&#xD;
Test&#xD;
Test&#xD;
Player Test2 won trick with Queen of Clubs&#xD;
Test&#xD;
Test&#xD;
Player Test4 won trick with King of Diamonds&#xD;
Test&#xD;
Test&#xD;
Player Test2 won trick with Seven of Clubs&#xD;
Test&#xD;
Test&#xD;
Test&#xD;
Player Test1 won trick with Nine of Clubs&#xD;
Test&#xD;
Test&#xD;
Test&#xD;
Player Test1 won trick with Five of Spades&#xD;
Test&#xD;
Test&#xD;
Test&#xD;
Player Test1 won trick with Six of Clubs&#xD;
Test&#xD;
Test&#xD;
Test&#xD;
Player Test1 won trick with Ten of Clubs&#xD;
Test&#xD;
Test&#xD;
Player Test1 won trick with Ten of Spades&#xD;
Test&#xD;
Test&#xD;
Player Test1 won trick with Jack of Diamonds&#xD;
Test&#xD;
Test&#xD;
Test&#xD;
Player Test2 won trick with Five of Hearts&#xD;
Test&#xD;
Test&#xD;
Test&#xD;
Player Test1 won trick with Ace of Spades&#xD;
Test&#xD;
Test&#xD;
Player Test3 won trick with King of Clubs&#xD;
Player Test2 won trick with Ten of Diamonds&#xD;
Test&#xD;
Test&#xD;
Test&#xD;
Player Test4 won trick with Queen of Hearts&#xD;
Test&#xD;
Test&#xD;
Player Test4 won trick with Six of Diamonds&#xD;
Test&#xD;
Test&#xD;
Player Test1 won trick with King of Clubs&#xD;
Test&#xD;
Test&#xD;
Test&#xD;
Player Test1 won trick with Four of Spades&#xD;
Test&#xD;
Player Test4 won trick with Queen of Diamonds&#xD;
Test&#xD;
Test&#xD;
Test&#xD;
Player Test1 won trick with Queen of Diamonds&#xD;
Test&#xD;
Player Test4 won trick with Ace of Clubs&#xD;
Test&#xD;
Test&#xD;
Player Test4 won trick with Ten of Hearts&#xD;
Test&#xD;
Test&#xD;
Player Test1 won trick with Ten of Diamonds&#xD;
Test&#xD;
Test&#xD;
Test&#xD;
Player Test1 won trick with Nine of Spades&#xD;
Test&#xD;
Test&#xD;
Player Test2 won trick with Six of Spades&#xD;
Test&#xD;
Test&#xD;
Test&#xD;
Player Test1 won trick with Ace of Diamonds&#xD;
Test&#xD;
Test&#xD;
Test&#xD;
Player Test3 won trick with Queen of Hearts&#xD;
Test&#xD;
Test&#xD;
Player Test3 won trick with Queen of Spades&#xD;
Test&#xD;
Test&#xD;
Test&#xD;
Player Test1 won trick with Eight of Hearts&#xD;
Test&#xD;
Test&#xD;
Test&#xD;
Player Test1 won trick with Six of Diamonds&#xD;
Test&#xD;
Player Test3 won trick with Ace of Hearts&#xD;
Test&#xD;
Test&#xD;
Test&#xD;
Test&#xD;
Player Test1 won trick with Jack of Hearts&#xD;
Test&#xD;
Test&#xD;
Player Test1 won trick with Ten of Clubs&#xD;
Test&#xD;
Test&#xD;
Test&#xD;
Player Test1 won trick with King of Diamonds&#xD;
Test&#xD;
Test&#xD;
Test&#xD;
Player Test1 won trick with Queen of Hearts&#xD;
Test&#xD;
Test&#xD;
Player Test3 won trick with Nine of Spades&#xD;
Test&#xD;
Test&#xD;
Player Test1 won trick with Queen of Spades&#xD;
Test&#xD;
Test&#xD;
Test&#xD;
Test&#xD;
Player Test1 won trick with King of Diamonds&#xD;
Test&#xD;
Test&#xD;
Test&#xD;
Test&#xD;
Player Test1 won trick with Six of Hearts&#xD;
Test&#xD;
Test&#xD;
Test&#xD;
Player Test1 won trick with Six of Diamonds&#xD;
Test&#xD;
Test&#xD;
Player Test1 won trick with Jack of Diamonds&#xD;
Player Test2 won trick with King of Diamonds&#xD;
Test&#xD;
Test&#xD;
Test&#xD;
Player Test1 won trick with Ten of Spades&#xD;
Test&#xD;
Test&#xD;
Test&#xD;
Test&#xD;
Player Test1 won trick with Two of Hearts&#xD;
Test&#xD;
Player Test1 won trick with King of Clubs&#xD;
Test&#xD;
Player Test2 won trick with King of Spades&#xD;
Test&#xD;
Test&#xD;
Player Test1 won trick with Nine of Diamonds&#xD;
Test&#xD;
Test&#xD;
Test&#xD;
Player Test1 won trick with King of Clubs&#xD;
Test&#xD;
Test&#xD;
Test&#xD;
Player Test1 won trick with Ace of Clubs&#xD;
Test&#xD;
Test&#xD;
Test&#xD;
Test&#xD;
Player Test1 won trick with Eight of Hearts&#xD;
Test&#xD;
Player Test1 won trick with Ace of Clubs&#xD;
Test&#xD;
Test&#xD;
Player Test1 won trick with Nine of Hearts&#xD;
Test&#xD;
Test&#xD;
Test&#xD;
Player Test1 won trick with Ten of Hearts&#xD;
Test&#xD;
Test&#xD;
Test&#xD;
Player Test1 won trick with Queen of Hearts&#xD;
Test&#xD;
Player Test1 won trick with Ten of Spades&#xD;
Test&#xD;
Test&#xD;
Test&#xD;
Player Test1 won trick with Three of Spades&#xD;
Test&#xD;
Test&#xD;
Player Test1 won trick with Eight of Clubs&#xD;
Test&#xD;
Test&#xD;
Test&#xD;
Player Test1 won trick with Seven of Diamonds&#xD;
Test&#xD;
Test&#xD;
Player Test4 won trick with Jack of Clubs&#xD;
Test&#xD;
Test&#xD;
Player Test2 won trick with Jack of Spades&#xD;
Test&#xD;
Test&#xD;
Test&#xD;
Player Test1 won trick with Five of Diamonds&#xD;
Test&#xD;
Test&#xD;
Test&#xD;
Player Test1 won trick with Ten of Diamonds&#xD;
Test&#xD;
Test&#xD;
Player Test3 won trick with Ten of Hearts&#xD;
Test&#xD;
Test&#xD;
Player Test2 won trick with Jack of Clubs&#xD;
Test&#xD;
Test&#xD;
Test&#xD;
Player Test1 won trick with Nine of Diamonds&#xD;
Test&#xD;
Test&#xD;
Test&#xD;
Test&#xD;
Player Test1 won trick with Ace of Spades&#xD;
Test&#xD;
Test&#xD;
Player Test1 won trick with Jack of Diamonds&#xD;
Player Test4 won trick with Jack of Clubs&#xD;
Test&#xD;
Test&#xD;
Test&#xD;
Player Test1 won trick with Five of Diamonds&#xD;
Test&#xD;
Test&#xD;
Test&#xD;
Test&#xD;
Player Test1 won trick with Eight of Hearts&#xD;
Test&#xD;
Test&#xD;
Test&#xD;
Player Test4 won trick with King of Hearts&#xD;
Test&#xD;
Test&#xD;
Player Test3 won trick with Six of Spades&#xD;
Test&#xD;
Test&#xD;
Player Test2 won trick with Jack of Spades&#xD;
Test&#xD;
Test&#xD;
Test&#xD;
Player Test1 won trick with Three of Spades&#xD;
Test&#xD;
Test&#xD;
Test&#xD;
Player Test1 won trick with Three of Diamonds&#xD;
Test&#xD;
Test&#xD;
Test&#xD;
Player Test1 won trick with Ace of Spades&#xD;
Test&#xD;
Test&#xD;
Test&#xD;
Player Test1 won trick with Six of Clubs&#xD;
Test&#xD;
Test&#xD;
Test&#xD;
Test&#xD;
Player Test1 won trick with Five of Clubs&#xD;
Test&#xD;
Test&#xD;
Player Test1 won trick with King of Diamonds&#xD;
Test&#xD;
Test&#xD;
Test&#xD;
Test&#xD;
Player Test1 won trick with Ace of Spades&#xD;
Test&#xD;
Test&#xD;
Player Test4 won trick with Six of Diamonds&#xD;
Test&#xD;
Player Test2 won trick with Queen of Diamonds&#xD;
Test&#xD;
Test&#xD;
Player Test4 won trick with Seven of Spades&#xD;
Test&#xD;
Test&#xD;
Test&#xD;
Player Test1 won trick with Nine of Diamonds&#xD;
Test&#xD;
Test&#xD;
Test&#xD;
Test&#xD;
Player Test1 won trick with Jack of Hearts&#xD;
Test&#xD;
Test&#xD;
Test&#xD;
Player Test1 won trick with Six of Diamonds&#xD;
Test&#xD;
Test&#xD;
Player Test1 won trick with King of Hearts&#xD;
Test&#xD;
Test&#xD;
Test&#xD;
Player Test1 won trick with Seven of Clubs&#xD;
Test&#xD;
Test&#xD;
Player Test1 won trick with Jack of Hearts&#xD;
Test&#xD;
Test&#xD;
Player Test4 won trick with Ace of Hearts&#xD;
Test&#xD;
Test&#xD;
Test&#xD;
Player Test1 won trick with Jack of Diamonds&#xD;
Test&#xD;
Test&#xD;
Test&#xD;
Player Test1 won trick with Ten of Clubs&#xD;
Player Test4 won trick with King of Diamonds&#xD;
Test&#xD;
Test&#xD;
Player Test3 won trick with Seven of Clubs&#xD;
Test&#xD;
Test&#xD;
Test&#xD;
Player Test1 won trick with Seven of Clubs&#xD;
Test&#xD;
Test&#xD;
Player Test1 won trick with Nine of Diamonds&#xD;
Test&#xD;
Test&#xD;
Player Test1 won trick with Six of Diamonds&#xD;
Test&#xD;
Test&#xD;
Test&#xD;
Player Test1 won trick with Nine of Diamonds&#xD;
Test&#xD;
Test&#xD;
Test&#xD;
Player Test1 won trick with Ace of Clubs&#xD;
Test&#xD;
Test&#xD;
Test&#xD;
Test&#xD;
Player Test1 won trick with Seven of Hearts&#xD;
Test&#xD;
Test&#xD;
Test&#xD;
Player Test1 won trick with Five of Diamonds&#xD;
Test&#xD;
Test&#xD;
Test&#xD;
Player Test1 won trick with Four of Spades&#xD;
Test&#xD;
Test&#xD;
Test&#xD;
Test&#xD;
Player Test1 won trick with Jack of Spades&#xD;
Test&#xD;
Test&#xD;
Test&#xD;
Player Test1 won trick with King of Spades&#xD;
Test&#xD;
Test&#xD;
Player Test1 won trick with Four of Spades&#xD;
Test&#xD;
Test&#xD;
Test&#xD;
Player Test1 won trick with Four of Spades&#xD;
Test&#xD;
Test&#xD;
Test&#xD;
Player Test1 won trick with King of Diamonds&#xD;
Test&#xD;
Test&#xD;
Test&#xD;
Player Test3 won trick with King of Hearts&#xD;
Test&#xD;
Test&#xD;
Test&#xD;
Player Test1 won trick with King of Diamonds&#xD;
Test&#xD;
Test&#xD;
Test&#xD;
Test&#xD;
Player Test1 won trick with Eight of Hearts&#xD;
Test&#xD;
Player Test3 won trick with Ace of Clubs&#xD;
Test&#xD;
Test&#xD;
Player Test1 won trick with King of Spades&#xD;
Test&#xD;
Test&#xD;
Test&#xD;
Player Test1 won trick with Four of Clubs&#xD;
Test&#xD;
Test&#xD;
Player Test3 won trick with Jack of Diamonds&#xD;
Test&#xD;
Test&#xD;
Test&#xD;
Test&#xD;
Player Test1 won trick with Two of Hearts&#xD;
Test&#xD;
Test&#xD;
Player Test1 won trick with Ten of Clubs&#xD;
Test&#xD;
Test&#xD;
Test&#xD;
Player Test1 won trick with Eight of Diamonds&#xD;
Test&#xD;
Test&#xD;
Player Test1 won trick with Ten of Diamonds&#xD;
Test&#xD;
Test&#xD;
Test&#xD;
Player Test1 won trick with Ace of Clubs&#xD;
Test&#xD;
Test&#xD;
Test&#xD;
Player Test1 won trick with Three of Diamonds&#xD;
Test&#xD;
Test&#xD;
Test&#xD;
Player Test1 won trick with Queen of Diamonds&#xD;
Test&#xD;
Test&#xD;
Test&#xD;
Player Test1 won trick with Nine of Clubs&#xD;
Test&#xD;
Test&#xD;
Player Test4 won trick with Ace of Diamonds&#xD;
Test&#xD;
Test&#xD;
Player Test1 won trick with Ace of Diamonds&#xD;
Test&#xD;
Test&#xD;
Test&#xD;
Test&#xD;
Player Test1 won trick with Three of Hearts&#xD;
Test&#xD;
Test&#xD;
Test&#xD;
Test&#xD;
Player Test1 won trick with Two of Hearts&#xD;
Test&#xD;
Test&#xD;
Player Test2 won trick with Jack of Spades&#xD;
Test&#xD;
Player Test1 won trick with Nine of Clubs&#xD;
Test&#xD;
Test&#xD;
Player Test1 won trick with Jack of Clubs&#xD;
Test&#xD;
Test&#xD;
Test&#xD;
Player Test1 won trick with Two of Spades&#xD;
Test&#xD;
Test&#xD;
Test&#xD;
Test&#xD;
Player Test1 won trick with Ace of Spades&#xD;
Test&#xD;
Test&#xD;
Test&#xD;
Player Test1 won trick with Nine of Clubs&#xD;
Test&#xD;
Test&#xD;
Test&#xD;
Player Test1 won trick with Eight of Spades&#xD;
Test&#xD;
Test&#xD;
Test&#xD;
Test&#xD;
Player Test1 won trick with Three of Hearts&#xD;
Test&#xD;
Test&#xD;
Player Test2 won trick with Seven of Diamonds&#xD;
Test&#xD;
Test&#xD;
Test&#xD;
Player Test2 won trick with Ace of Hearts&#xD;
Test&#xD;
Test&#xD;
Test&#xD;
Player Test1 won trick with Eight of Diamonds&#xD;
Test&#xD;
Test&#xD;
Test&#xD;
Player Test1 won trick with Jack of Clubs&#xD;
Test&#xD;
Test&#xD;
Player Test1 won trick with Queen of Clubs&#xD;
Test&#xD;
Test&#xD;
Test&#xD;
Player Test1 won trick with Jack of Spades&#xD;
Test&#xD;
Player Test1 won trick with King of Diamonds&#xD;
Test&#xD;
Test&#xD;
Test&#xD;
Player Test1 won trick with Jack of Clubs&#xD;
Test&#xD;
Test&#xD;
Player Test1 won trick with Queen of Clubs&#xD;
Test&#xD;
Test&#xD;
Test&#xD;
Player Test4 won trick with Queen of Hearts&#xD;
Test&#xD;
Test&#xD;
Test&#xD;
Player Test1 won trick with Nine of Diamonds&#xD;
Test&#xD;
Test&#xD;
Test&#xD;
Player Test1 won trick with Ace of Clubs&#xD;
Test&#xD;
Test&#xD;
Player Test1 won trick with Seven of Spades&#xD;
Test&#xD;
Test&#xD;
Player Test4 won trick with King of Diamonds&#xD;
Test&#xD;
Test&#xD;
Test&#xD;
Player Test3 won trick with Five of Hearts&#xD;
Test&#xD;
Test&#xD;
Test&#xD;
Player Test1 won trick with Nine of Spades&#xD;
Test&#xD;
Test&#xD;
Test&#xD;
Test&#xD;
Player Test1 won trick with Four of Hearts&#xD;
Test&#xD;
Test&#xD;
Test&#xD;
Test&#xD;
Player Test1 won trick with Ten of Hearts&#xD;
Test&#xD;
Test&#xD;
Test&#xD;
Player Test2 won trick with King of Hearts&#xD;
Test&#xD;
Test&#xD;
Player Test1 won trick with Seven of Diamonds&#xD;
Test&#xD;
Test&#xD;
Test&#xD;
Test&#xD;
Player Test1 won trick with Four of Hearts&#xD;
Test&#xD;
Test&#xD;
Test&#xD;
Player Test1 won trick with King of Clubs&#xD;
Test&#xD;
Test&#xD;
Test&#xD;
Player Test1 won trick with Jack of Spades&#xD;
Test&#xD;
Test&#xD;
Test&#xD;
Player Test1 won trick with Ace of Hearts&#xD;
Test&#xD;
Test&#xD;
Player Test1 won trick with King of Diamonds&#xD;
Test&#xD;
Test&#xD;
Player Test1 won trick with Eight of Spades&#xD;
Test&#xD;
Test&#xD;
Test&#xD;
Test&#xD;
Player Test1 won trick with Ace of Hearts&#xD;
Test&#xD;
Test&#xD;
Test&#xD;
Player Test1 won trick with Nine of Hearts&#xD;
Test&#xD;
Test&#xD;
Player Test1 won trick with Eight of Hearts&#xD;
Test&#xD;
Player Test3 won trick with King of Spades&#xD;
Test&#xD;
Test&#xD;
Player Test1 won trick with Five of Diamonds&#xD;
Test&#xD;
Test&#xD;
Player Test1 won trick with Queen of Spades&#xD;
Test&#xD;
Player Test3 won trick with Seven of Diamonds&#xD;
Test&#xD;
Test&#xD;
Test&#xD;
Player Test1 won trick with Two of Spades&#xD;
Test&#xD;
Test&#xD;
Test&#xD;
Player Test1 won trick with Jack of Diamonds&#xD;
Test&#xD;
Player Test3 won trick with King of Diamonds&#xD;
Test&#xD;
Test&#xD;
Test&#xD;
Player Test1 won trick with Three of Diamonds&#xD;
Test&#xD;
Test&#xD;
Test&#xD;
Player Test2 won trick with Eight of Hearts&#xD;
Test&#xD;
Test&#xD;
Test&#xD;
Player Test1 won trick with Ten of Spades&#xD;
Test&#xD;
Test&#xD;
Test&#xD;
Player Test1 won trick with Three of Clubs&#xD;
Test&#xD;
Test&#xD;
Player Test3 won trick with Jack of Spades&#xD;
Test&#xD;
Test&#xD;
Player Test1 won trick with Eight of Spades&#xD;
Test&#xD;
Test&#xD;
Test&#xD;
Player Test1 won trick with Jack of Hearts&#xD;
Test&#xD;
Test&#xD;
Test&#xD;
Test&#xD;
Player Test1 won trick with Nine of Hearts&#xD;
Test&#xD;
Test&#xD;
Test&#xD;
Player Test1 won trick with Ace of Clubs&#xD;
Test&#xD;
Test&#xD;
Test&#xD;
Player Test1 won trick with Ten of Spades&#xD;
Test&#xD;
Test&#xD;
Player Test1 won trick with Jack of Diamonds&#xD;
Test&#xD;
Test&#xD;
Player Test3 won trick with Eight of Diamonds&#xD;
Test&#xD;
Test&#xD;
Player Test1 won trick with Nine of Clubs&#xD;
Test&#xD;
Test&#xD;
Test&#xD;
Test&#xD;
Player Test1 won trick with Nine of Hearts&#xD;
Test&#xD;
Test&#xD;
Player Test4 won trick with King of Spades&#xD;
Test&#xD;
Test&#xD;
Test&#xD;
Player Test1 won trick with Seven of Spades&#xD;
Test&#xD;
Test&#xD;
Test&#xD;
Player Test1 won trick with Six of Diamonds&#xD;
Test&#xD;
Test&#xD;
Player Test3 won trick with King of Diamonds&#xD;
Test&#xD;
Test&#xD;
Test&#xD;
Player Test1 won trick with Queen of Clubs&#xD;
Test&#xD;
Test&#xD;
Test&#xD;
Player Test1 won trick with Five of Spades&#xD;
Test&#xD;
Test&#xD;
Player Test3 won trick with Eight of Diamonds&#xD;
Test&#xD;
Test&#xD;
Player Test1 won trick with Jack of Spades&#xD;
Test&#xD;
Test&#xD;
Player Test1 won trick with Eight of Spades&#xD;
Test&#xD;
Test&#xD;
Test&#xD;
Player Test1 won trick with King of Clubs&#xD;
Test&#xD;
Test&#xD;
Test&#xD;
Test&#xD;
Player Test1 won trick with Eight of Hearts&#xD;
Test&#xD;
Test&#xD;
Player Test1 won trick with Eight of Clubs&#xD;
Test&#xD;
Test&#xD;
Test&#xD;
Test&#xD;
Player Test1 won trick with Three of Hearts&#xD;
Test&#xD;
Test&#xD;
Test&#xD;
Player Test1 won trick with Jack of Clubs&#xD;
Test&#xD;
Test&#xD;
Test&#xD;
Test&#xD;
Player Test1 won trick with Seven of Diamonds&#xD;
Test&#xD;
Test&#xD;
Test&#xD;
Test&#xD;
Player Test1 won trick with Ten of Hearts&#xD;
Test&#xD;
Test&#xD;
Test&#xD;
Player Test1 won trick with Jack of Spades&#xD;
Test&#xD;
Test&#xD;
Player Test4 won trick with Ace of Diamonds&#xD;
Test&#xD;
Test&#xD;
Player Test1 won trick with Jack of Clubs&#xD;
Test&#xD;
Test&#xD;
Test&#xD;
Test&#xD;
Player Test1 won trick with Eight of Hearts&#xD;
Test&#xD;
Test&#xD;
Test&#xD;
Player Test1 won trick with Queen of Hearts&#xD;
Test&#xD;
Test&#xD;
Player Test1 won trick with Nine of Clubs&#xD;
Test&#xD;
Test&#xD;
Test&#xD;
Player Test1 won trick with Eight of Clubs&#xD;
Test&#xD;
Player Test3 won trick with Jack of Clubs&#xD;
Test&#xD;
Test&#xD;
Test&#xD;
Player Test1 won trick with Jack of Hearts&#xD;
Test&#xD;
Test&#xD;
Player Test3 won trick with Queen of Diamonds&#xD;
Test&#xD;
Test&#xD;
Player Test2 won trick with Jack of Clubs&#xD;
Test&#xD;
Test&#xD;
Player Test2 won trick with Six of Clubs&#xD;
Test&#xD;
Test&#xD;
Test&#xD;
Player Test1 won trick with Ace of Spades&#xD;
Test&#xD;
Test&#xD;
Test&#xD;
Player Test3 won trick with Ten of Hearts&#xD;
Test&#xD;
Test&#xD;
Player Test1 won trick with Nine of Spades&#xD;
Test&#xD;
Test&#xD;
Player Test2 won trick with Eight of Clubs&#xD;
Test&#xD;
Test&#xD;
Player Test1 won trick with Queen of Clubs&#xD;
Test&#xD;
Test&#xD;
Player Test1 won trick with Ten of Clubs&#xD;
Test&#xD;
Test&#xD;
Player Test4 won trick with King of Spades&#xD;
Test&#xD;
Test&#xD;
Test&#xD;
Test&#xD;
Player Test1 won trick with Seven of Hearts&#xD;
Test&#xD;
Test&#xD;
Player Test4 won trick with Ten of Clubs&#xD;
Test&#xD;
Test&#xD;
Test&#xD;
Test&#xD;
Player Test1 won trick with Two of Hearts&#xD;
Test&#xD;
Test&#xD;
Test&#xD;
Player Test1 won trick with Queen of Spades&#xD;
Test&#xD;
Test&#xD;
Player Test3 won trick with King of Diamonds&#xD;
Test&#xD;
Test&#xD;
Test&#xD;
Player Test1 won trick with Seven of Spades&#xD;
Test&#xD;
Test&#xD;
Test&#xD;
Player Test2 won trick with Ten of Hearts&#xD;
Test&#xD;
Test&#xD;
Player Test2 won trick with Six of Spades&#xD;
Test&#xD;
Test&#xD;
Player Test4 won trick with Ten of Clubs&#xD;
Test&#xD;
Test&#xD;
Test&#xD;
Player Test1 won trick with Ace of Diamonds&#xD;
Test&#xD;
Test&#xD;
Player Test4 won trick with Eight of Clubs&#xD;
Test&#xD;
Test&#xD;
Player Test1 won trick with Nine of Spades&#xD;
Test&#xD;
Test&#xD;
Test&#xD;
Player Test4 won trick with Six of Hearts&#xD;
Test&#xD;
Test&#xD;
Test&#xD;
Player Test1 won trick with Five of Spades&#xD;
Test&#xD;
Test&#xD;
Player Test3 won trick with Five of Clubs&#xD;
Test&#xD;
Test&#xD;
Player Test1 won trick with Jack of Spades&#xD;
Test&#xD;
Test&#xD;
Test&#xD;
Player Test1 won trick with Ace of Clubs&#xD;
Test&#xD;
Player Test4 won trick with Ten of Spades&#xD;
Test&#xD;
Test&#xD;
Player Test1 won trick with Seven of Diamonds&#xD;
Test&#xD;
Test&#xD;
Test&#xD;
Player Test1 won trick with Queen of Diamonds&#xD;
Test&#xD;
Test&#xD;
Test&#xD;
Player Test1 won trick with Eight of Clubs&#xD;
Test&#xD;
Player Test1 won trick with Ace of Clubs&#xD;
Test&#xD;
Test&#xD;
Test&#xD;
Player Test1 won trick with Queen of Spades&#xD;
Test&#xD;
Test&#xD;
Test&#xD;
Test&#xD;
Player Test1 won trick with Seven of Hearts&#xD;
Test&#xD;
Test&#xD;
Test&#xD;
Player Test1 won trick with Eight of Clubs&#xD;
Test&#xD;
Test&#xD;
Test&#xD;
Player Test1 won trick with Three of Spades&#xD;
Test&#xD;
Test&#xD;
Player Test2 won trick with Nine of Diamonds&#xD;
Test&#xD;
Test&#xD;
Player Test1 won trick with Nine of Clubs&#xD;
Test&#xD;
Test&#xD;
Test&#xD;
Player Test1 won trick with Two of Spades&#xD;
Test&#xD;
Test&#xD;
Test&#xD;
Player Test1 won trick with Ace of Diamonds&#xD;
Test&#xD;
Test&#xD;
Test&#xD;
Player Test1 won trick with Queen of Diamonds&#xD;
Test&#xD;
Test&#xD;
Player Test1 won trick with Queen of Diamonds&#xD;
Test&#xD;
Test&#xD;
Player Test1 won trick with Jack of Diamonds&#xD;
Test&#xD;
Test&#xD;
Test&#xD;
Player Test1 won trick with Four of Clubs&#xD;
Test&#xD;
Test&#xD;
Test&#xD;
Player Test1 won trick with Eight of Clubs&#xD;
Test&#xD;
Test&#xD;
Test&#xD;
Player Test1 won trick with Five of Spades&#xD;
Test&#xD;
Test&#xD;
Player Test2 won trick with King of Diamonds&#xD;
Test&#xD;
Test&#xD;
Player Test1 won trick with Queen of Clubs&#xD;
Test&#xD;
Test&#xD;
Player Test2 won trick with Three of Spades&#xD;
Test&#xD;
Test&#xD;
Test&#xD;
Player Test1 won trick with Five of Clubs&#xD;
Test&#xD;
Test&#xD;
Player Test3 won trick with Nine of Clubs&#xD;
Test&#xD;
Test&#xD;
Player Test2 won trick with Ace of Spades&#xD;
Test&#xD;
Player Test4 won trick with Ace of Spades&#xD;
Test&#xD;
Test&#xD;
Test&#xD;
Player Test1 won trick with Queen of Clubs&#xD;
Test&#xD;
Player Test2 won trick with King of Diamonds&#xD;
Test&#xD;
Test&#xD;
Test&#xD;
Player Test1 won trick with Five of Clubs&#xD;
Test&#xD;
Test&#xD;
Player Test1 won trick with Eight of Diamonds&#xD;
Test&#xD;
Test&#xD;
Player Test1 won trick with Ten of Spades&#xD;
Test&#xD;
Test&#xD;
Player Test1 won trick with Ace of Diamonds&#xD;
Test&#xD;
Test&#xD;
Test&#xD;
Player Test1 won trick with Three of Spades&#xD;
Test&#xD;
Test&#xD;
Player Test4 won trick with Nine of Diamonds&#xD;
Test&#xD;
Test&#xD;
Test&#xD;
Player Test1 won trick with Seven of Diamonds&#xD;
Test&#xD;
Test&#xD;
Player Test1 won trick with Five of Diamonds&#xD;
Test&#xD;
Test&#xD;
Test&#xD;
Player Test1 won trick with Ten of Spades&#xD;
Test&#xD;
Test&#xD;
Test&#xD;
Player Test1 won trick with King of Hearts&#xD;
Test&#xD;
Test&#xD;
Player Test1 won trick with Seven of Spades&#xD;
Test&#xD;
Test&#xD;
Player Test1 won trick with Queen of Diamonds&#xD;
Test&#xD;
Test&#xD;
Player Test3 won trick with Jack of Spades&#xD;
Test&#xD;
Test&#xD;
Test&#xD;
Player Test1 won trick with Jack of Spades&#xD;
Test&#xD;
Player Test1 won trick with Six of Spades&#xD;
Test&#xD;
Player Test4 won trick with Six of Clubs&#xD;
Test&#xD;
Test&#xD;
Player Test3 won trick with Queen of Spades&#xD;
Test&#xD;
Test&#xD;
Test&#xD;
Test&#xD;
Player Test1 won trick with Ace of Hearts&#xD;
Test&#xD;
Test&#xD;
Player Test1 won trick with Nine of Clubs&#xD;
Test&#xD;
Test&#xD;
Player Test1 won trick with Ten of Clubs&#xD;
Test&#xD;
Test&#xD;
Player Test3 won trick with Jack of Diamonds&#xD;
Test&#xD;
Test&#xD;
Player Test1 won trick with Ace of Spades&#xD;
Test&#xD;
Test&#xD;
Player Test1 won trick with King of Spades&#xD;
Test&#xD;
Test&#xD;
Test&#xD;
Player Test4 won trick with Queen of Diamonds&#xD;
Test&#xD;
Test&#xD;
Test&#xD;
Player Test1 won trick with Ten of Spades&#xD;
Test&#xD;
Test&#xD;
Test&#xD;
Player Test1 won trick with Four of Spades&#xD;
Test&#xD;
Test&#xD;
Test&#xD;
Player Test1 won trick with Queen of Clubs&#xD;
Test&#xD;
Test&#xD;
Test&#xD;
Player Test1 won trick with Three of Clubs&#xD;
Test&#xD;
Test&#xD;
Player Test4 won trick with Ten of Spades&#xD;
Test&#xD;
Test&#xD;
Test&#xD;
Player Test1 won trick with Eight of Diamonds&#xD;
Test&#xD;
Test&#xD;
Test&#xD;
Test&#xD;
Player Test1 won trick with Nine of Hearts&#xD;
Test&#xD;
Test&#xD;
Test&#xD;
Player Test1 won trick with Six of Diamonds&#xD;
Test&#xD;
Test&#xD;
Test&#xD;
Player Test1 won trick with Seven of Clubs&#xD;
Test&#xD;
Test&#xD;
Player Test4 won trick with Seven of Clubs&#xD;
Test&#xD;
Test&#xD;
Test&#xD;
Player Test2 won trick with King of Hearts&#xD;
Test&#xD;
Test&#xD;
Test&#xD;
Player Test1 won trick with Nine of Diamonds&#xD;
Test&#xD;
Test&#xD;
Test&#xD;
Player Test1 won trick with Jack of Hearts&#xD;
Test&#xD;
Test&#xD;
Player Test3 won trick with King of Clubs&#xD;
Test&#xD;
Test&#xD;
Test&#xD;
Player Test1 won trick with King of Clubs&#xD;
Test&#xD;
Test&#xD;
Test&#xD;
Player Test1 won trick with Nine of Clubs&#xD;
Test&#xD;
Test&#xD;
Test&#xD;
Player Test1 won trick with Ace of Diamonds&#xD;
Test&#xD;
Test&#xD;
Test&#xD;
Player Test1 won trick with King of Clubs&#xD;
Test&#xD;
Test&#xD;
Test&#xD;
Test&#xD;
Player Test1 won trick with Jack of Hearts&#xD;
Test&#xD;
Test&#xD;
Test&#xD;
Player Test1 won trick with Eight of Diamonds&#xD;
Test&#xD;
Player Test1 won trick with Ace of Spades&#xD;
Test&#xD;
Test&#xD;
Test&#xD;
Test&#xD;
Player Test1 won trick with Five of Hearts&#xD;
Test&#xD;
Test&#xD;
Test&#xD;
Player Test1 won trick with Five of Spades&#xD;
Test&#xD;
Player Test4 won trick with King of Spades&#xD;
Test&#xD;
Player Test3 won trick with Ten of Spades&#xD;
Test&#xD;
Test&#xD;
Player Test2 won trick with Jack of Clubs&#xD;
Test&#xD;
Test&#xD;
Test&#xD;
Test&#xD;
Player Test1 won trick with Two of Hearts&#xD;
Test&#xD;
Test&#xD;
Test&#xD;
Test&#xD;
Player Test1 won trick with Ten of Hearts&#xD;
Player Test2 won trick with Ace of Spades&#xD;
Test&#xD;
Player Test1 won trick with Jack of Spades&#xD;
Test&#xD;
Test&#xD;
Test&#xD;
Player Test1 won trick with King of Hearts&#xD;
Test&#xD;
Test&#xD;
Test&#xD;
Player Test4 won trick with Eight of Hearts&#xD;
Test&#xD;
Test&#xD;
Test&#xD;
Test&#xD;
Player Test1 won trick with Five of Hearts&#xD;
Test&#xD;
Test&#xD;
Test&#xD;
Player Test2 won trick with Five of Hearts&#xD;
Test&#xD;
Test&#xD;
Test&#xD;
Test&#xD;
Player Test1 won trick with Six of Hearts&#xD;
Test&#xD;
Test&#xD;
Test&#xD;
Test&#xD;
Player Test1 won trick with Ace of Clubs&#xD;
Test&#xD;
Test&#xD;
Player Test1 won trick with Jack of Diamonds&#xD;
Test&#xD;
Test&#xD;
Player Test2 won trick with Jack of Spades&#xD;
Test&#xD;
Test&#xD;
Test&#xD;
Test&#xD;
Player Test1 won trick with Eight of Hearts&#xD;
Test&#xD;
Test&#xD;
Player Test1 won trick with Ace of Diamonds&#xD;
Test&#xD;
Test&#xD;
Test&#xD;
Player Test1 won trick with Nine of Clubs&#xD;
Test&#xD;
Test&#xD;
Test&#xD;
Player Test1 won trick with Jack of Hearts&#xD;
Test&#xD;
Test&#xD;
Test&#xD;
Player Test1 won trick with Five of Clubs&#xD;
Test&#xD;
Player Test4 won trick with King of Diamonds&#xD;
Test&#xD;
Player Test4 won trick with King of Clubs&#xD;
Test&#xD;
Test&#xD;
Test&#xD;
Test&#xD;
Player Test1 won trick with Queen of Spades&#xD;
Test&#xD;
Test&#xD;
Test&#xD;
Player Test1 won trick with Ace of Diamonds&#xD;
Test&#xD;
Test&#xD;
Player Test1 won trick with Ten of Diamonds&#xD;
Test&#xD;
Test&#xD;
Test&#xD;
Player Test1 won trick with Four of Diamonds&#xD;
Test&#xD;
Test&#xD;
Test&#xD;
Test&#xD;
Player Test1 won trick with Three of Hearts&#xD;
Test&#xD;
Test&#xD;
Test&#xD;
Player Test1 won trick with Five of Spades&#xD;
Test&#xD;
Test&#xD;
Player Test4 won trick with King of Clubs&#xD;
Test&#xD;
Test&#xD;
Test&#xD;
Player Test1 won trick with Ace of Hearts&#xD;
Test&#xD;
Player Test2 won trick with Nine of Hearts&#xD;
Test&#xD;
Test&#xD;
Test&#xD;
Test&#xD;
Player Test1 won trick with Four of Hearts&#xD;
Test&#xD;
Test&#xD;
Test&#xD;
Player Test1 won trick with King of Diamonds&#xD;
Test&#xD;
Test&#xD;
Test&#xD;
Test&#xD;
Player Test1 won trick with Two of Hearts&#xD;
Test&#xD;
Test&#xD;
Player Test1 won trick with Ten of Spades&#xD;
Test&#xD;
Test&#xD;
Test&#xD;
Player Test1 won trick with Ten of Hearts&#xD;
Test&#xD;
Test&#xD;
Test&#xD;
Player Test1 won trick with Three of Spades&#xD;
Test&#xD;
Player Test2 won trick with Ace of Clubs&#xD;
Test&#xD;
Test&#xD;
Test&#xD;
Player Test1 won trick with Seven of Clubs&#xD;
Test&#xD;
Test&#xD;
Player Test1 won trick with Six of Hearts&#xD;
Test&#xD;
Test&#xD;
Player Test1 won trick with Ace of Clubs&#xD;
Test&#xD;
Test&#xD;
Player Test2 won trick with Ace of Diamonds&#xD;
Test&#xD;
Test&#xD;
Test&#xD;
Test&#xD;
Player Test1 won trick with Ten of Hearts&#xD;
Test&#xD;
Test&#xD;
Test&#xD;
Player Test1 won trick with Jack of Spades&#xD;
Test&#xD;
Test&#xD;
Test&#xD;
Player Test1 won trick with Nine of Clubs&#xD;
Test&#xD;
Test&#xD;
Test&#xD;
Player Test4 won trick with Five of Hearts&#xD;
Test&#xD;
Test&#xD;
Test&#xD;
Player Test1 won trick with Three of Clubs&#xD;
Test&#xD;
Test&#xD;
Player Test2 won trick with Ace of Hearts&#xD;
Test&#xD;
Test&#xD;
Test&#xD;
Player Test1 won trick with Seven of Diamonds&#xD;
Test&#xD;
Test&#xD;
Test&#xD;
Player Test4 won trick with Jack of Hearts&#xD;
Test&#xD;
Player Test3 won trick with Ten of Spades&#xD;
Test&#xD;
Test&#xD;
Test&#xD;
Player Test1 won trick with Ten of Clubs&#xD;
Test&#xD;
Test&#xD;
Test&#xD;
Test&#xD;
Player Test1 won trick with Three of Hearts&#xD;
Test&#xD;
Test&#xD;
Player Test1 won trick with Nine of Diamonds&#xD;
Test&#xD;
Test&#xD;
Test&#xD;
Player Test1 won trick with Seven of Clubs&#xD;
Test&#xD;
Test&#xD;
Test&#xD;
Player Test1 won trick with Five of Clubs&#xD;
Test&#xD;
Test&#xD;
Player Test1 won trick with Ten of Clubs&#xD;
Test&#xD;
Test&#xD;
Test&#xD;
Player Test1 won trick with King of Diamonds&#xD;
Test&#xD;
Test&#xD;
Test&#xD;
Player Test1 won trick with Jack of Hearts&#xD;
Test&#xD;
Test&#xD;
Test&#xD;
Test&#xD;
Player Test1 won trick with Three of Hearts&#xD;
Test&#xD;
Test&#xD;
Player Test1 won trick with Four of Clubs&#xD;
Test&#xD;
Test&#xD;
Player Test2 won trick with Ace of Diamonds&#xD;
Test&#xD;
Test&#xD;
Test&#xD;
Player Test3 won trick with Eight of Hearts&#xD;
Test&#xD;
Test&#xD;
Player Test1 won trick with Ten of Diamonds&#xD;
Test&#xD;
Test&#xD;
Player Test3 won trick with Ace of Clubs&#xD;
Test&#xD;
Test&#xD;
Player Test1 won trick with King of Diamonds&#xD;
Test&#xD;
Test&#xD;
Player Test1 won trick with Ten of Spades&#xD;
Test&#xD;
Test&#xD;
Player Test1 won trick with King of Spades&#xD;
Test&#xD;
Test&#xD;
Test&#xD;
Player Test1 won trick with Six of Diamonds&#xD;
Test&#xD;
Test&#xD;
Test&#xD;
Player Test1 won trick with King of Diamonds&#xD;
Test&#xD;
Test&#xD;
Test&#xD;
Test&#xD;
Player Test1 won trick with Queen of Hearts&#xD;
Test&#xD;
Test&#xD;
Test&#xD;
Player Test4 won trick with Ten of Hearts&#xD;
Test&#xD;
Test&#xD;
Test&#xD;
Player Test2 won trick with Nine of Hearts&#xD;
Test&#xD;
Test&#xD;
Test&#xD;
Test&#xD;
Player Test1 won trick with Four of Clubs&#xD;
Test&#xD;
Test&#xD;
Test&#xD;
Player Test1 won trick with Nine of Spades&#xD;
Test&#xD;
Test&#xD;
Test&#xD;
Player Test1 won trick with King of Diamonds&#xD;
Test&#xD;
Test&#xD;
Test&#xD;
Player Test2 won trick with King of Hearts&#xD;
Test&#xD;
Test&#xD;
Player Test1 won trick with Queen of Diamonds&#xD;
Test&#xD;
Test&#xD;
Player Test1 won trick with Queen of Hearts&#xD;
Test&#xD;
Test&#xD;
Test&#xD;
Player Test2 won trick with Ten of Hearts&#xD;
Test&#xD;
Test&#xD;
Player Test2 won trick with Ace of Clubs&#xD;
Test&#xD;
Test&#xD;
Test&#xD;
Player Test1 won trick with Jack of Spades&#xD;
Test&#xD;
Test&#xD;
Test&#xD;
Player Test1 won trick with Ace of Diamonds&#xD;
Test&#xD;
Test&#xD;
Player Test2 won trick with Ten of Spades&#xD;
Test&#xD;
Player Test2 won trick with Queen of Diamonds&#xD;
Test&#xD;
Test&#xD;
Test&#xD;
Player Test1 won trick with Nine of Diamonds&#xD;
Test&#xD;
Player Test4 won trick with King of Clubs&#xD;
Test&#xD;
Test&#xD;
Player Test1 won trick with Nine of Clubs&#xD;
Test&#xD;
Test&#xD;
Test&#xD;
Player Test1 won trick with Five of Diamonds&#xD;
Test&#xD;
Test&#xD;
Player Test3 won trick with King of Clubs&#xD;
Test&#xD;
Test&#xD;
Test&#xD;
Player Test1 won trick with Ten of Clubs&#xD;
Test&#xD;
Test&#xD;
Player Test1 won trick with Queen of Hearts&#xD;
Test&#xD;
Test&#xD;
Test&#xD;
Test&#xD;
Player Test1 won trick with Five of Hearts&#xD;
Test&#xD;
Test&#xD;
Test&#xD;
Player Test1 won trick with Nine of Clubs&#xD;
Test&#xD;
Test&#xD;
Test&#xD;
Player Test1 won trick with Three of Diamonds&#xD;
Test&#xD;
Test&#xD;
Player Test1 won trick with King of Clubs&#xD;
Test&#xD;
Test&#xD;
Test&#xD;
Test&#xD;
Player Test1 won trick with Three of Hearts&#xD;
Test&#xD;
Test&#xD;
Test&#xD;
Player Test1 won trick with Two of Clubs&#xD;
Test&#xD;
Test&#xD;
Test&#xD;
Player Test1 won trick with Nine of Spades&#xD;
Test&#xD;
Test&#xD;
Test&#xD;
Player Test1 won trick with Five of Spades&#xD;
Test&#xD;
Test&#xD;
Player Test1 won trick with Five of Diamonds&#xD;
Test&#xD;
Test&#xD;
Player Test1 won trick with Ace of Diamonds&#xD;
Test&#xD;
Player Test4 won trick with Ace of Spades&#xD;
Test&#xD;
Test&#xD;
Test&#xD;
Player Test1 won trick with Four of Diamonds&#xD;
Test&#xD;
Test&#xD;
Player Test4 won trick with Eight of Spades&#xD;
Test&#xD;
Test&#xD;
Test&#xD;
Player Test1 won trick with Two of Diamonds&#xD;
Test&#xD;
Test&#xD;
Player Test1 won trick with King of Clubs&#xD;
Test&#xD;
Test&#xD;
Test&#xD;
Player Test1 won trick with Five of Hearts&#xD;
Test&#xD;
Test&#xD;
Test&#xD;
Test&#xD;
Player Test1 won trick with Seven of Spades&#xD;
Test&#xD;
Test&#xD;
Player Test1 won trick with King of Clubs&#xD;
Test&#xD;
Test&#xD;
Player Test1 won trick with King of Diamonds&#xD;
Test&#xD;
Test&#xD;
Player Test1 won trick with Queen of Clubs&#xD;
Test&#xD;
Test&#xD;
Test&#xD;
Test&#xD;
Player Test1 won trick with Eight of Hearts&#xD;
Test&#xD;
Player Test3 won trick with Queen of Diamonds&#xD;
Test&#xD;
Test&#xD;
Test&#xD;
Player Test1 won trick with Two of Spades&#xD;
Test&#xD;
Test&#xD;
Player Test1 won trick with Ten of Spades&#xD;
Test&#xD;
Test&#xD;
Test&#xD;
Player Test1 won trick with Two of Clubs&#xD;
Test&#xD;
Test&#xD;
Player Test1 won trick with Ace of Hearts&#xD;
Test&#xD;
Player Test2 won trick with Queen of Diamonds&#xD;
Test&#xD;
Test&#xD;
Test&#xD;
Player Test1 won trick with Two of Clubs&#xD;
Test&#xD;
Test&#xD;
Player Test2 won trick with Queen of Clubs&#xD;
Test&#xD;
Test&#xD;
Test&#xD;
Player Test2 won trick with Four of Hearts&#xD;
Test&#xD;
Test&#xD;
Test&#xD;
Player Test1 won trick with Seven of Diamonds&#xD;
Test&#xD;
Test&#xD;
Test&#xD;
Player Test1 won trick with Nine of Diamonds&#xD;
Test&#xD;
Test&#xD;
Player Test2 won trick with Nine of Spades&#xD;
Test&#xD;
Test&#xD;
Player Test3 won trick with Jack of Spades&#xD;
Test&#xD;
Test&#xD;
Player Test1 won trick with Queen of Spades&#xD;
Test&#xD;
Test&#xD;
Player Test1 won trick with Jack of Spades&#xD;
Test&#xD;
Player Test4 won trick with Ace of Diamonds&#xD;
Test&#xD;
Test&#xD;
Player Test1 won trick with Four of Diamonds&#xD;
Test&#xD;
Test&#xD;
Test&#xD;
Player Test1 won trick with Six of Spades&#xD;
Test&#xD;
Test&#xD;
Player Test2 won trick with Jack of Clubs&#xD;
Test&#xD;
Player Test1 won trick with Nine of Diamonds&#xD;
Test&#xD;
Test&#xD;
Player Test1 won trick with King of Hearts&#xD;
Test&#xD;
Test&#xD;
Test&#xD;
Player Test1 won trick with Seven of Diamonds&#xD;
Test&#xD;
Test&#xD;
Test&#xD;
Test&#xD;
Player Test1 won trick with Seven of Hearts&#xD;
Test&#xD;
Test&#xD;
Test&#xD;
Player Test3 won trick with Jack of Hearts&#xD;
Test&#xD;
Test&#xD;
Player Test1 won trick with Jack of Spades&#xD;
Test&#xD;
Test&#xD;
Test&#xD;
Player Test1 won trick with Nine of Hearts&#xD;
Test&#xD;
Player Test1 won trick with Ace of Spades&#xD;
Test&#xD;
Test&#xD;
Test&#xD;
Player Test1 won trick with Seven of Spades&#xD;
Test&#xD;
Test&#xD;
Player Test4 won trick with Ace of Spades&#xD;
Test&#xD;
Test&#xD;
Test&#xD;
Test&#xD;
Player Test1 won trick with Ten of Hearts&#xD;
Test&#xD;
Test&#xD;
Test&#xD;
Player Test1 won trick with Queen of Clubs&#xD;
Test&#xD;
Test&#xD;
Player Test3 won trick with Ten of Diamonds&#xD;
Test&#xD;
Test&#xD;
Player Test4 won trick with Six of Clubs&#xD;
Test&#xD;
Test&#xD;
Test&#xD;
Player Test3 won trick with Jack of Clubs&#xD;
Test&#xD;
Test&#xD;
Player Test3 won trick with Nine of Spades&#xD;
Test&#xD;
Test&#xD;
Player Test1 won trick with Ten of Clubs&#xD;
Test&#xD;
Test&#xD;
Test&#xD;
Player Test1 won trick with Six of Hearts&#xD;
Test&#xD;
Test&#xD;
Test&#xD;
Player Test1 won trick with Two of Diamonds&#xD;
Test&#xD;
Test&#xD;
Player Test1 won trick with King of Diamonds&#xD;
Test&#xD;
Player Test2 won trick with Five of Spades&#xD;
Test&#xD;
Test&#xD;
Player Test4 won trick with Queen of Clubs&#xD;
Test&#xD;
Test&#xD;
Player Test2 won trick with Ten of Diamonds&#xD;
Test&#xD;
Player Test4 won trick with Eight of Clubs&#xD;
Test&#xD;
Test&#xD;
Test&#xD;
Test&#xD;
Player Test1 won trick with Eight of Hearts&#xD;
Test&#xD;
Test&#xD;
Test&#xD;
Player Test1 won trick with Eight of Hearts&#xD;
Test&#xD;
Test&#xD;
Test&#xD;
Test&#xD;
Player Test1 won trick with Jack of Hearts&#xD;
Test&#xD;
Test&#xD;
Player Test4 won trick with Eight of Clubs&#xD;
Test&#xD;
Test&#xD;
Test&#xD;
Player Test1 won trick with Ten of Hearts&#xD;
Test&#xD;
Test&#xD;
Player Test4 won trick with Ace of Clubs&#xD;
Test&#xD;
Test&#xD;
Player Test1 won trick with Three of Clubs&#xD;
Test&#xD;
Test&#xD;
Player Test4 won trick with Nine of Clubs&#xD;
Test&#xD;
Test&#xD;
Test&#xD;
Player Test1 won trick with Ten of Clubs&#xD;
Test&#xD;
Test&#xD;
Player Test3 won trick with Ace of Clubs&#xD;
Test&#xD;
Test&#xD;
Test&#xD;
Player Test1 won trick with Queen of Spades&#xD;
Test&#xD;
Test&#xD;
Player Test1 won trick with Eight of Spades&#xD;
Test&#xD;
Test&#xD;
Test&#xD;
Test&#xD;
Player Test1 won trick with Three of Hearts&#xD;
Test&#xD;
Player Test4 won trick with King of Diamonds&#xD;
Test&#xD;
Test&#xD;
Test&#xD;
Player Test1 won trick with Nine of Clubs&#xD;
Test&#xD;
Test&#xD;
Player Test1 won trick with Jack of Clubs&#xD;
Test&#xD;
Test&#xD;
Test&#xD;
Player Test2 won trick with Ten of Hearts&#xD;
Test&#xD;
Test&#xD;
Player Test2 won trick with Ten of Spades&#xD;
Test&#xD;
Test&#xD;
Test&#xD;
Test&#xD;
Player Test1 won trick with Jack of Hearts&#xD;
Test&#xD;
Test&#xD;
Player Test1 won trick with Nine of Spades&#xD;
Test&#xD;
Test&#xD;
Test&#xD;
Player Test1 won trick with Five of Diamonds&#xD;
Test&#xD;
Test&#xD;
Test&#xD;
Player Test1 won trick with Seven of Diamonds&#xD;
Test&#xD;
Test&#xD;
Player Test2 won trick with King of Hearts&#xD;
Test&#xD;
Test&#xD;
Player Test1 won trick with Ace of Spades&#xD;
Test&#xD;
Test&#xD;
Test&#xD;
Player Test1 won trick with Ace of Hearts&#xD;
Test&#xD;
Test&#xD;
Test&#xD;
Player Test1 won trick with Two of Clubs&#xD;
Test&#xD;
Test&#xD;
Test&#xD;
Player Test1 won trick with Two of Hearts&#xD;
Test&#xD;
Test&#xD;
Player Test3 won trick with Queen of Clubs&#xD;
Test&#xD;
Test&#xD;
Player Test3 won trick with Jack of Spades&#xD;
Test&#xD;
Test&#xD;
Player Test1 won trick with Eight of Clubs&#xD;
Test&#xD;
Test&#xD;
Player Test1 won trick with Ace of Clubs&#xD;
Test&#xD;
Test&#xD;
Test&#xD;
Player Test1 won trick with Ace of Hearts&#xD;
Test&#xD;
Player Test1 won trick with Ace of Spades&#xD;
Test&#xD;
Test&#xD;
Player Test1 won trick with Nine of Spades&#xD;
Test&#xD;
Test&#xD;
Test&#xD;
Player Test1 won trick with Nine of Hearts&#xD;
Test&#xD;
Test&#xD;
Player Test1 won trick with Jack of Diamonds&#xD;
Test&#xD;
Test&#xD;
Test&#xD;
Test&#xD;
Player Test1 won trick with Queen of Hearts&#xD;
Test&#xD;
Test&#xD;
Test&#xD;
Player Test1 won trick with Seven of Diamonds&#xD;
Test&#xD;
Player Test4 won trick with King of Diamonds&#xD;
Test&#xD;
Test&#xD;
Test&#xD;
Player Test2 won trick with Ace of Diamonds&#xD;
Test&#xD;
Test&#xD;
Player Test2 won trick with Ten of Diamonds&#xD;
Test&#xD;
Test&#xD;
Test&#xD;
Test&#xD;
Player Test1 won trick with Three of Hearts&#xD;
Test&#xD;
Test&#xD;
Test&#xD;
Player Test1 won trick with Eight of Diamonds&#xD;
Test&#xD;
Test&#xD;
Player Test2 won trick with Eight of Spades&#xD;
Test&#xD;
Player Test4 won trick with King of Diamonds&#xD;
Test&#xD;
Test&#xD;
Test&#xD;
Player Test1 won trick with Eight of Spades&#xD;
Test&#xD;
Test&#xD;
Player Test1 won trick with Nine of Spades&#xD;
Test&#xD;
Test&#xD;
Player Test1 won trick with Queen of Clubs&#xD;
Test&#xD;
Test&#xD;
Test&#xD;
Player Test1 won trick with Three of Spades&#xD;
Test&#xD;
Player Test1 won trick with Ace of Clubs&#xD;
Test&#xD;
Player Test1 won trick with King of Clubs&#xD;
Test&#xD;
Test&#xD;
Test&#xD;
Test&#xD;
Player Test1 won trick with Nine of Diamonds&#xD;
Test&#xD;
Test&#xD;
Test&#xD;
Player Test1 won trick with Ace of Hearts&#xD;
Test&#xD;
Test&#xD;
Player Test4 won trick with Nine of Spades&#xD;
Test&#xD;
Player Test4 won trick with Queen of Clubs&#xD;
Test&#xD;
Test&#xD;
Test&#xD;
Player Test1 won trick with Three of Spades&#xD;
Test&#xD;
Test&#xD;
Test&#xD;
Player Test1 won trick with Jack of Diamonds&#xD;
Test&#xD;
Test&#xD;
Test&#xD;
Test&#xD;
Player Test1 won trick with Three of Hearts&#xD;
Test&#xD;
Player Test4 won trick with Seven of Clubs&#xD;
Test&#xD;
Test&#xD;
Player Test1 won trick with Queen of Spades&#xD;
Test&#xD;
Test&#xD;
Player Test1 won trick with Ten of Clubs&#xD;
Test&#xD;
Test&#xD;
Player Test1 won trick with Jack of Spades&#xD;
Test&#xD;
Test&#xD;
Test&#xD;
Player Test1 won trick with Ace of Clubs&#xD;
Test&#xD;
Test&#xD;
Test&#xD;
Player Test1 won trick with Seven of Spades&#xD;
Test&#xD;
Test&#xD;
Player Test1 won trick with Eight of Spades&#xD;
Test&#xD;
Test&#xD;
Test&#xD;
Player Test4 won trick with King of Hearts&#xD;
Test&#xD;
Test&#xD;
Player Test3 won trick with Eight of Clubs&#xD;
Test&#xD;
Test&#xD;
Test&#xD;
Player Test1 won trick with King of Spades&#xD;
Test&#xD;
Test&#xD;
Test&#xD;
Player Test1 won trick with Seven of Clubs&#xD;
Test&#xD;
Test&#xD;
Test&#xD;
Player Test2 won trick with Ten of Spades&#xD;
Test&#xD;
Test&#xD;
Test&#xD;
Player Test1 won trick with Three of Diamonds&#xD;
Test&#xD;
Test&#xD;
Player Test3 won trick with Seven of Spades&#xD;
Test&#xD;
Test&#xD;
Test&#xD;
Test&#xD;
Player Test1 won trick with Six of Hearts&#xD;
Test&#xD;
Test&#xD;
Player Test1 won trick with Ace of Clubs&#xD;
Test&#xD;
Player Test1 won trick with Seven of Diamonds&#xD;
Test&#xD;
Player Test2 won trick with Ten of Clubs&#xD;
Test&#xD;
Test&#xD;
Test&#xD;
Player Test1 won trick with King of Hearts&#xD;
Test&#xD;
Test&#xD;
Player Test1 won trick with Ace of Clubs&#xD;
Test&#xD;
Test&#xD;
Player Test1 won trick with Five of Diamonds&#xD;
Test&#xD;
Test&#xD;
Player Test1 won trick with Ace of Clubs&#xD;
Test&#xD;
Test&#xD;
Player Test2 won trick with King of Spades&#xD;
Test&#xD;
Test&#xD;
Test&#xD;
Player Test4 won trick with Ten of Diamonds&#xD;
Test&#xD;
Test&#xD;
Test&#xD;
Player Test1 won trick with Jack of Spades&#xD;
Test&#xD;
Test&#xD;
Player Test2 won trick with Ace of Hearts&#xD;
Test&#xD;
Test&#xD;
Player Test1 won trick with Six of Spades&#xD;
Test&#xD;
Test&#xD;
Test&#xD;
Player Test1 won trick with Six of Spades&#xD;
Test&#xD;
Test&#xD;
Test&#xD;
Player Test1 won trick with Five of Hearts&#xD;
Test&#xD;
Test&#xD;
Test&#xD;
Player Test4 won trick with Ace of Hearts&#xD;
Test&#xD;
Test&#xD;
Test&#xD;
Player Test4 won trick with King of Hearts&#xD;
Test&#xD;
Test&#xD;
Test&#xD;
Player Test1 won trick with Eight of Clubs&#xD;
Player Test4 won trick with Ace of Diamonds&#xD;
Test&#xD;
Test&#xD;
Test&#xD;
Player Test1 won trick with Three of Spades&#xD;
Test&#xD;
Test&#xD;
Test&#xD;
Test&#xD;
Player Test1 won trick with Five of Hearts&#xD;
Test&#xD;
Test&#xD;
Test&#xD;
Test&#xD;
Player Test1 won trick with Six of Hearts&#xD;
Test&#xD;
Player Test1 won trick with Ace of Spades&#xD;
Test&#xD;
Test&#xD;
Player Test4 won trick with King of Diamonds&#xD;
Test&#xD;
Test&#xD;
Test&#xD;
Player Test1 won trick with Queen of Diamonds&#xD;
Test&#xD;
Test&#xD;
Test&#xD;
Player Test1 won trick with Eight of Hearts&#xD;
Test&#xD;
Test&#xD;
Test&#xD;
Player Test3 won trick with Queen of Hearts&#xD;
Test&#xD;
Test&#xD;
Test&#xD;
Player Test1 won trick with Eight of Diamonds&#xD;
Test&#xD;
Test&#xD;
Test&#xD;
Player Test1 won trick with Eight of Diamonds&#xD;
Test&#xD;
Test&#xD;
Test&#xD;
Player Test1 won trick with Jack of Hearts&#xD;
Test&#xD;
Test&#xD;
Player Test1 won trick with Queen of Diamonds&#xD;
Test&#xD;
Test&#xD;
Test&#xD;
Player Test1 won trick with Ace of Spades&#xD;
Test&#xD;
Test&#xD;
Player Test2 won trick with Nine of Spades&#xD;
Test&#xD;
Test&#xD;
Player Test1 won trick with Jack of Spades&#xD;
Test&#xD;
Test&#xD;
Test&#xD;
Player Test1 won trick with Four of Clubs&#xD;
Test&#xD;
Test&#xD;
Player Test1 won trick with Queen of Spades&#xD;
Test&#xD;
Test&#xD;
Player Test2 won trick with Ace of Clubs&#xD;
Test&#xD;
Test&#xD;
Test&#xD;
Test&#xD;
Player Test1 won trick with Nine of Hearts&#xD;
Test&#xD;
Test&#xD;
Test&#xD;
Player Test1 won trick with Six of Clubs&#xD;
Test&#xD;
Player Test1 won trick with Jack of Clubs&#xD;
Test&#xD;
Test&#xD;
Test&#xD;
Player Test1 won trick with Queen of Diamonds&#xD;
Test&#xD;
Test&#xD;
Test&#xD;
Player Test2 won trick with Seven of Diamonds&#xD;
Test&#xD;
Test&#xD;
Test&#xD;
Player Test2 won trick with Ace of Hearts&#xD;
Test&#xD;
Test&#xD;
Test&#xD;
Test&#xD;
Player Test1 won trick with Eight of Hearts&#xD;
Test&#xD;
Test&#xD;
Test&#xD;
Test&#xD;
Player Test1 won trick with Ace of Hearts&#xD;
Test&#xD;
Test&#xD;
Player Test1 won trick with Ace of Hearts&#xD;
Test&#xD;
Test&#xD;
Test&#xD;
Test&#xD;
Player Test1 won trick with Nine of Clubs&#xD;
Test&#xD;
Test&#xD;
Test&#xD;
Player Test1 won trick with Nine of Diamonds&#xD;
Test&#xD;
Test&#xD;
Test&#xD;
Player Test4 won trick with Seven of Hearts&#xD;
Test&#xD;
Test&#xD;
Player Test1 won trick with Five of Diamonds&#xD;
Test&#xD;
Test&#xD;
Test&#xD;
Player Test1 won trick with King of Clubs&#xD;
Test&#xD;
Test&#xD;
Test&#xD;
Player Test1 won trick with Ten of Clubs&#xD;
Test&#xD;
Test&#xD;
Player Test1 won trick with Queen of Clubs&#xD;
Test&#xD;
Test&#xD;
Player Test4 won trick with Queen of Hearts&#xD;
Test&#xD;
Test&#xD;
Player Test4 won trick with Ten of Diamonds&#xD;
Test&#xD;
Test&#xD;
Test&#xD;
Player Test1 won trick with Ace of Diamonds&#xD;
Test&#xD;
Test&#xD;
Player Test1 won trick with Four of Diamonds&#xD;
Test&#xD;
Test&#xD;
Test&#xD;
Player Test4 won trick with Four of Hearts&#xD;
Test&#xD;
Test&#xD;
Test&#xD;
Player Test1 won trick with Seven of Hearts&#xD;
Test&#xD;
Player Test3 won trick with Jack of Diamonds&#xD;
Test&#xD;
Test&#xD;
Player Test1 won trick with King of Clubs&#xD;
Test&#xD;
Test&#xD;
Test&#xD;
Test&#xD;
Player Test1 won trick with Eight of Hearts&#xD;
Test&#xD;
Test&#xD;
Player Test3 won trick with Ten of Spades&#xD;
Test&#xD;
Test&#xD;
Player Test1 won trick with Six of Spades&#xD;
Test&#xD;
Test&#xD;
Test&#xD;
Player Test1 won trick with Five of Diamonds&#xD;
Test&#xD;
Test&#xD;
Test&#xD;
Player Test1 won trick with Seven of Clubs&#xD;
Test&#xD;
Test&#xD;
Test&#xD;
Player Test1 won trick with Nine of Spades&#xD;
Test&#xD;
Test&#xD;
Player Test1 won trick with Ten of Spades&#xD;
Test&#xD;
Test&#xD;
Test&#xD;
Player Test1 won trick with Jack of Spades&#xD;
Test&#xD;
Test&#xD;
Player Test4 won trick with Ace of Diamonds&#xD;
Test&#xD;
Test&#xD;
Player Test1 won trick with Ace of Clubs&#xD;
Test&#xD;
Test&#xD;
Test&#xD;
Player Test4 won trick with Five of Hearts&#xD;
Test&#xD;
Test&#xD;
Test&#xD;
Player Test4 won trick with Nine of Hearts&#xD;
Test&#xD;
Test&#xD;
Test&#xD;
Player Test1 won trick with Six of Diamonds&#xD;
Test&#xD;
Test&#xD;
Player Test3 won trick with Eight of Diamonds&#xD;
Test&#xD;
Player Test2 won trick with Queen of Spades&#xD;
Test&#xD;
Test&#xD;
Test&#xD;
Player Test1 won trick with Nine of Clubs&#xD;
Test&#xD;
Player Test1 won trick with Nine of Spades&#xD;
Test&#xD;
Test&#xD;
Test&#xD;
Player Test1 won trick with Ace of Clubs&#xD;
Test&#xD;
Test&#xD;
Player Test1 won trick with King of Diamonds&#xD;
Test&#xD;
Test&#xD;
Player Test3 won trick with Ace of Clubs&#xD;
Test&#xD;
Test&#xD;
Test&#xD;
Player Test1 won trick with Nine of Spades&#xD;
Test&#xD;
Test&#xD;
Test&#xD;
Player Test1 won trick with Nine of Clubs&#xD;
Test&#xD;
Test&#xD;
Test&#xD;
Player Test1 won trick with Four of Spades&#xD;
Test&#xD;
Test&#xD;
Test&#xD;
Player Test1 won trick with Queen of Spades&#xD;
Test&#xD;
Test&#xD;
Test&#xD;
Player Test1 won trick with Four of Spades&#xD;
Test&#xD;
Player Test1 won trick with Jack of Spades&#xD;
Test&#xD;
Test&#xD;
Player Test1 won trick with King of Hearts&#xD;
Test&#xD;
Test&#xD;
Player Test1 won trick with Nine of Diamonds&#xD;
Test&#xD;
Test&#xD;
Test&#xD;
Player Test1 won trick with King of Clubs&#xD;
Test&#xD;
Test&#xD;
Player Test3 won trick with King of Spades&#xD;
Test&#xD;
Test&#xD;
Player Test3 won trick with Ten of Spades&#xD;
Test&#xD;
Test&#xD;
Player Test1 won trick with Five of Spades&#xD;
Test&#xD;
Test&#xD;
Test&#xD;
Player Test1 won trick with Eight of Hearts&#xD;
Test&#xD;
Player Test2 won trick with Queen of Diamonds&#xD;
Test&#xD;
Test&#xD;
Player Test4 won trick with Eight of Spades&#xD;
Test&#xD;
Test&#xD;
Test&#xD;
Player Test1 won trick with Seven of Diamonds&#xD;
Test&#xD;
Test&#xD;
Test&#xD;
Test&#xD;
Player Test1 won trick with Two of Hearts&#xD;
Test&#xD;
Test&#xD;
Player Test1 won trick with Ten of Diamonds&#xD;
Test&#xD;
Test&#xD;
Test&#xD;
Player Test1 won trick with Five of Hearts&#xD;
Test&#xD;
Test&#xD;
Test&#xD;
Player Test1 won trick with Jack of Clubs&#xD;
Test&#xD;
Test&#xD;
Test&#xD;
Player Test1 won trick with Ten of Hearts&#xD;
Test&#xD;
Test&#xD;
Player Test1 won trick with Ten of Spades&#xD;
Test&#xD;
Test&#xD;
Test&#xD;
Player Test1 won trick with Eight of Clubs&#xD;
Test&#xD;
Test&#xD;
Player Test3 won trick with Jack of Clubs&#xD;
Test&#xD;
Test&#xD;
Player Test4 won trick with Ace of Spades&#xD;
Test&#xD;
Test&#xD;
Test&#xD;
Test&#xD;
Player Test1 won trick with Two of Hearts&#xD;
Test&#xD;
Test&#xD;
Test&#xD;
Test&#xD;
Player Test1 won trick with Six of Diamonds&#xD;
Test&#xD;
Test&#xD;
Player Test3 won trick with Ace of Clubs&#xD;
Test&#xD;
Test&#xD;
Test&#xD;
Player Test1 won trick with Seven of Clubs&#xD;
Test&#xD;
Test&#xD;
Test&#xD;
Player Test1 won trick with Three of Clubs&#xD;
Test&#xD;
Test&#xD;
Test&#xD;
Player Test1 won trick with Four of Spades&#xD;
Test&#xD;
Test&#xD;
Test&#xD;
Player Test1 won trick with King of Diamonds&#xD;
Test&#xD;
Test&#xD;
Test&#xD;
Player Test1 won trick with Two of Clubs&#xD;
Test&#xD;
Test&#xD;
Player Test1 won trick with Nine of Clubs&#xD;
Test&#xD;
Test&#xD;
Test&#xD;
Player Test1 won trick with Eight of Hearts&#xD;
Test&#xD;
Test&#xD;
Test&#xD;
Player Test1 won trick with Nine of Diamonds&#xD;
Test&#xD;
Test&#xD;
Test&#xD;
Player Test1 won trick with Seven of Diamonds&#xD;
Test&#xD;
Player Test1 won trick with King of Clubs&#xD;
Test&#xD;
Player Test1 won trick with Queen of Clubs&#xD;
Test&#xD;
Test&#xD;
Test&#xD;
Player Test1 won trick with Eight of Spades&#xD;
Test&#xD;
Test&#xD;
Player Test4 won trick with King of Spades&#xD;
Test&#xD;
Test&#xD;
Player Test2 won trick with Ace of Diamonds&#xD;
Test&#xD;
Test&#xD;
Player Test2 won trick with Jack of Spades&#xD;
Test&#xD;
Test&#xD;
Player Test4 won trick with Ten of Diamonds&#xD;
Test&#xD;
Player Test3 won trick with Eight of Diamonds&#xD;
Test&#xD;
Test&#xD;
Test&#xD;
Player Test1 won trick with Jack of Hearts&#xD;
Test&#xD;
Test&#xD;
Test&#xD;
Test&#xD;
Player Test1 won trick with Ace of Hearts&#xD;
Test&#xD;
Player Test2 won trick with Nine of Clubs&#xD;
Test&#xD;
Test&#xD;
Test&#xD;
Player Test1 won trick with Queen of Spades&#xD;
Test&#xD;
Test&#xD;
Test&#xD;
Player Test1 won trick with Jack of Clubs&#xD;
Test&#xD;
Test&#xD;
Test&#xD;
Test&#xD;
Player Test1 won trick with Jack of Hearts&#xD;
Test&#xD;
Test&#xD;
Player Test1 won trick with Ten of Clubs&#xD;
Test&#xD;
Test&#xD;
Player Test4 won trick with Queen of Diamonds&#xD;
Test&#xD;
Test&#xD;
Test&#xD;
Player Test1 won trick with Queen of Spades&#xD;
Test&#xD;
Test&#xD;
Player Test1 won trick with Ace of Clubs&#xD;
Test&#xD;
Test&#xD;
Test&#xD;
Test&#xD;
Player Test1 won trick with Queen of Diamonds&#xD;
Test&#xD;
Test&#xD;
Test&#xD;
Player Test1 won trick with Queen of Spades&#xD;
Test&#xD;
Test&#xD;
Test&#xD;
Player Test1 won trick with Three of Spades&#xD;
Test&#xD;
Test&#xD;
Test&#xD;
Player Test4 won trick with Queen of Hearts&#xD;
Test&#xD;
Player Test2 won trick with Ace of Spades&#xD;
Test&#xD;
Test&#xD;
Player Test2 won trick with Ace of Clubs&#xD;
Test&#xD;
Player Test2 won trick with Ace of Diamonds&#xD;
Test&#xD;
Test&#xD;
Test&#xD;
Player Test1 won trick with Five of Spades&#xD;
Test&#xD;
Test&#xD;
Player Test1 won trick with Ten of Clubs&#xD;
Test&#xD;
Test&#xD;
Test&#xD;
Player Test1 won trick with King of Hearts&#xD;
Test&#xD;
Test&#xD;
Test&#xD;
Player Test1 won trick with Two of Diamonds&#xD;
Test&#xD;
Test&#xD;
Test&#xD;
Player Test1 won trick with Ace of Diamonds&#xD;
Test&#xD;
Test&#xD;
Test&#xD;
Player Test1 won trick with King of Hearts&#xD;
Test&#xD;
Test&#xD;
Test&#xD;
Player Test1 won trick with Jack of Diamonds&#xD;
Test&#xD;
Test&#xD;
Test&#xD;
Test&#xD;
Player Test1 won trick with Ten of Diamonds&#xD;
Test&#xD;
Test&#xD;
Test&#xD;
Player Test4 won trick with Ace of Hearts&#xD;
Test&#xD;
Test&#xD;
Test&#xD;
Player Test1 won trick with King of Clubs&#xD;
Test&#xD;
Test&#xD;
Test&#xD;
Player Test1 won trick with Ten of Clubs&#xD;
Test&#xD;
Test&#xD;
Test&#xD;
Player Test2 won trick with Eight of Hearts&#xD;
Test&#xD;
Test&#xD;
Test&#xD;
Player Test4 won trick with King of Spades&#xD;
Test&#xD;
Test&#xD;
Test&#xD;
Player Test1 won trick with Ace of Clubs&#xD;
Test&#xD;
Test&#xD;
Test&#xD;
Test&#xD;
Player Test1 won trick with Ten of Hearts&#xD;
Test&#xD;
Test&#xD;
Player Test1 won trick with Ace of Diamonds&#xD;
Test&#xD;
Test&#xD;
Test&#xD;
Test&#xD;
Player Test1 won trick with King of Diamonds&#xD;
Test&#xD;
Test&#xD;
Player Test3 won trick with Four of Clubs&#xD;
Test&#xD;
Test&#xD;
Test&#xD;
Test&#xD;
Player Test1 won trick with Six of Hearts&#xD;
Test&#xD;
Test&#xD;
Player Test2 won trick with Ace of Clubs&#xD;
Test&#xD;
Test&#xD;
Player Test1 won trick with Seven of Clubs&#xD;
Test&#xD;
Player Test3 won trick with King of Diamonds&#xD;
Test&#xD;
Player Test4 won trick with Ace of Hearts&#xD;
Test&#xD;
Test&#xD;
Player Test1 won trick with Eight of Diamonds&#xD;
Test&#xD;
Test&#xD;
Test&#xD;
Test&#xD;
Player Test1 won trick with Two of Hearts&#xD;
Test&#xD;
Test&#xD;
Player Test4 won trick with Ace of Hearts&#xD;
Test&#xD;
Test&#xD;
Test&#xD;
Player Test1 won trick with Four of Spades&#xD;
Test&#xD;
Test&#xD;
Test&#xD;
Player Test4 won trick with King of Hearts&#xD;
Test&#xD;
Test&#xD;
Test&#xD;
Test&#xD;
Player Test1 won trick with Two of Diamonds&#xD;
Test&#xD;
Test&#xD;
Player Test1 won trick with Ace of Clubs&#xD;
Test&#xD;
Test&#xD;
Test&#xD;
Player Test1 won trick with Jack of Spades&#xD;
Test&#xD;
Test&#xD;
Player Test2 won trick with King of Clubs&#xD;
Test&#xD;
Test&#xD;
Test&#xD;
Player Test1 won trick with King of Clubs&#xD;
Test&#xD;
Test&#xD;
Player Test1 won trick with Ten of Spades&#xD;
Test&#xD;
Test&#xD;
Test&#xD;
Test&#xD;
Player Test1 won trick with Nine of Hearts&#xD;
Test&#xD;
Test&#xD;
Test&#xD;
Player Test1 won trick with Jack of Spades&#xD;
Test&#xD;
Player Test3 won trick with Nine of Diamonds&#xD;
Test&#xD;
Test&#xD;
Test&#xD;
Player Test1 won trick with Six of Spades&#xD;
Test&#xD;
Test&#xD;
Player Test3 won trick with Ace of Hearts&#xD;
Test&#xD;
Test&#xD;
Test&#xD;
Test&#xD;
Player Test1 won trick with Five of Hearts&#xD;
Test&#xD;
Test&#xD;
Test&#xD;
Player Test1 won trick with Jack of Spades&#xD;
Test&#xD;
Player Test4 won trick with King of Clubs&#xD;
Player Test4 won trick with Ace of Diamonds&#xD;
Test&#xD;
Test&#xD;
Test&#xD;
Player Test1 won trick with King of Hearts&#xD;
Test&#xD;
Test&#xD;
Test&#xD;
Player Test3 won trick with Nine of Hearts&#xD;
Test&#xD;
Test&#xD;
Test&#xD;
Player Test1 won trick with Eight of Spades&#xD;
Test&#xD;
Test&#xD;
Player Test1 won trick with Nine of Spades&#xD;
Test&#xD;
Test&#xD;
Player Test2 won trick with Nine of Spades&#xD;
Test&#xD;
Player Test3 won trick with Seven of Clubs&#xD;
Test&#xD;
Test&#xD;
Test&#xD;
Player Test2 won trick with King of Hearts&#xD;
Test&#xD;
Test&#xD;
Player Test3 won trick with King of Diamonds&#xD;
Test&#xD;
Test&#xD;
Player Test4 won trick with Ace of Diamonds&#xD;
Test&#xD;
Test&#xD;
Player Test1 won trick with Jack of Hearts&#xD;
Test&#xD;
Test&#xD;
Test&#xD;
Player Test1 won trick with Ace of Diamonds&#xD;
Test&#xD;
Test&#xD;
Test&#xD;
Test&#xD;
Player Test1 won trick with Six of Spades&#xD;
Test&#xD;
Test&#xD;
Player Test4 won trick with Queen of Clubs&#xD;
Test&#xD;
Test&#xD;
Test&#xD;
Player Test4 won trick with Queen of Hearts&#xD;
Test&#xD;
Test&#xD;
Test&#xD;
Test&#xD;
Player Test1 won trick with King of Hearts&#xD;
Test&#xD;
Test&#xD;
Player Test3 won trick with King of Clubs&#xD;
Test&#xD;
Test&#xD;
Test&#xD;
Player Test1 won trick with Eight of Hearts&#xD;
Test&#xD;
Test&#xD;
Player Test3 won trick with King of Diamonds&#xD;
Test&#xD;
Test&#xD;
Test&#xD;
Test&#xD;
Player Test1 won trick with King of Hearts&#xD;
Test&#xD;
Test&#xD;
Test&#xD;
Player Test4 won trick with Ace of Hearts&#xD;
Test&#xD;
Test&#xD;
Test&#xD;
Test&#xD;
Player Test1 won trick with Six of Hearts&#xD;
Test&#xD;
Test&#xD;
Test&#xD;
Player Test1 won trick with Ten of Hearts&#xD;
Test&#xD;
Test&#xD;
Test&#xD;
Player Test1 won trick with Ace of Spades&#xD;
Test&#xD;
Test&#xD;
Test&#xD;
Player Test1 won trick with Ten of Clubs&#xD;
Test&#xD;
Test&#xD;
Test&#xD;
Player Test1 won trick with Seven of Diamonds&#xD;
Test&#xD;
Player Test2 won trick with Jack of Diamonds&#xD;
Test&#xD;
Test&#xD;
Test&#xD;
Player Test1 won trick with Ace of Spades&#xD;
Test&#xD;
Test&#xD;
Player Test1 won trick with Three of Spades&#xD;
Test&#xD;
Test&#xD;
Test&#xD;
Test&#xD;
Player Test1 won trick with Jack of Diamonds&#xD;
Test&#xD;
Test&#xD;
Player Test2 won trick with King of Diamonds&#xD;
Test&#xD;
Player Test1 won trick with Ten of Hearts&#xD;
Test&#xD;
Test&#xD;
Test&#xD;
Player Test1 won trick with Nine of Diamonds&#xD;
Test&#xD;
Player Test3 won trick with King of Spades&#xD;
Test&#xD;
Test&#xD;
Test&#xD;
Player Test1 won trick with Ace of Diamonds&#xD;
Test&#xD;
Test&#xD;
Player Test2 won trick with Seven of Clubs&#xD;
Player Test4 won trick with King of Diamonds&#xD;
Test&#xD;
Test&#xD;
Player Test1 won trick with Nine of Diamonds&#xD;
Test&#xD;
Test&#xD;
Player Test1 won trick with Eight of Clubs&#xD;
Test&#xD;
Test&#xD;
Test&#xD;
Player Test2 won trick with Ace of Hearts&#xD;
Test&#xD;
Test&#xD;
Player Test1 won trick with Nine of Diamonds&#xD;
Player Test1 won trick with Four of Clubs&#xD;
Test&#xD;
Test&#xD;
Player Test2 won trick with King of Spades&#xD;
Test&#xD;
Test&#xD;
Test&#xD;
Player Test1 won trick with Six of Spades&#xD;
Test&#xD;
Test&#xD;
Player Test1 won trick with Seven of Clubs&#xD;
Test&#xD;
Player Test2 won trick with Jack of Clubs&#xD;
Test&#xD;
Test&#xD;
Test&#xD;
Player Test1 won trick with Ace of Clubs&#xD;
Test&#xD;
Test&#xD;
Player Test1 won trick with Eight of Spades&#xD;
Test&#xD;
Player Test1 won trick with Jack of Diamonds&#xD;
Test&#xD;
Test&#xD;
Player Test1 won trick with Jack of Clubs&#xD;
Test&#xD;
Test&#xD;
Player Test1 won trick with Queen of Clubs&#xD;
Player Test3 won trick with King of Diamonds&#xD;
Test&#xD;
Test&#xD;
Player Test3 won trick with Queen of Spades&#xD;
Test&#xD;
Test&#xD;
Player Test4 won trick with King of Diamonds&#xD;
Test&#xD;
Player Test1 won trick with King of Diamonds&#xD;
Test&#xD;
Test&#xD;
Test&#xD;
Player Test1 won trick with Ten of Spades&#xD;
Test&#xD;
Test&#xD;
Player Test1 won trick with Seven of Diamonds&#xD;
Test&#xD;
Test&#xD;
Test&#xD;
Player Test1 won trick with Jack of Hearts&#xD;
Test&#xD;
Test&#xD;
Player Test1 won trick with Nine of Hearts&#xD;
Test&#xD;
Test&#xD;
Test&#xD;
Test&#xD;
Player Test1 won trick with Jack of Hearts&#xD;
Test&#xD;
Test&#xD;
Player Test1 won trick with King of Hearts&#xD;
Test&#xD;
Test&#xD;
Test&#xD;
Test&#xD;
Player Test1 won trick with Jack of Hearts&#xD;
Test&#xD;
Test&#xD;
Test&#xD;
Player Test2 won trick with Ten of Hearts&#xD;
Test&#xD;
Test&#xD;
Test&#xD;
Player Test1 won trick with Four of Diamonds&#xD;
Test&#xD;
Test&#xD;
Test&#xD;
Player Test2 won trick with Three of Hearts&#xD;
Test&#xD;
Test&#xD;
Test&#xD;
Player Test3 won trick with Nine of Hearts&#xD;
Test&#xD;
Test&#xD;
Test&#xD;
Player Test1 won trick with King of Clubs&#xD;
Test&#xD;
Test&#xD;
Test&#xD;
Player Test1 won trick with Two of Diamonds&#xD;
Test&#xD;
Test&#xD;
Player Test1 won trick with Jack of Clubs&#xD;
Test&#xD;
Player Test1 won trick with Eight of Diamonds&#xD;
Test&#xD;
Test&#xD;
Test&#xD;
Player Test1 won trick with Ten of Clubs&#xD;
Test&#xD;
Test&#xD;
Test&#xD;
Player Test1 won trick with Nine of Diamonds&#xD;
Test&#xD;
Test&#xD;
Player Test2 won trick with Ten of Spades&#xD;
Test&#xD;
Test&#xD;
Test&#xD;
Player Test1 won trick with King of Spades&#xD;
Test&#xD;
Test&#xD;
Test&#xD;
Player Test1 won trick with Eight of Hearts&#xD;
Test&#xD;
Test&#xD;
Test&#xD;
Player Test1 won trick with Ace of Hearts&#xD;
Test&#xD;
Test&#xD;
Player Test2 won trick with Eight of Spades&#xD;
Test&#xD;
Test&#xD;
Test&#xD;
Test&#xD;
Player Test1 won trick with Six of Hearts&#xD;
Test&#xD;
Test&#xD;
Test&#xD;
Player Test1 won trick with King of Diamonds&#xD;
Test&#xD;
Test&#xD;
Player Test2 won trick with Seven of Clubs&#xD;
Test&#xD;
Test&#xD;
Test&#xD;
Test&#xD;
Player Test1 won trick with Six of Hearts&#xD;
Test&#xD;
Test&#xD;
Test&#xD;
Player Test1 won trick with Ace of Diamonds&#xD;
Test&#xD;
Test&#xD;
Test&#xD;
Player Test1 won trick with Jack of Diamonds&#xD;
Test&#xD;
Test&#xD;
Test&#xD;
Player Test1 won trick with Seven of Diamonds&#xD;
Test&#xD;
Test&#xD;
Test&#xD;
Test&#xD;
Player Test1 won trick with Six of Hearts&#xD;
Test&#xD;
Test&#xD;
Player Test2 won trick with Four of Clubs&#xD;
Test&#xD;
Test&#xD;
Test&#xD;
Player Test1 won trick with Seven of Clubs&#xD;
Test&#xD;
Test&#xD;
Test&#xD;
Player Test1 won trick with Queen of Clubs&#xD;
Test&#xD;
Player Test3 won trick with Jack of Spades&#xD;
Test&#xD;
Test&#xD;
Test&#xD;
Player Test1 won trick with Four of Diamonds&#xD;
Test&#xD;
Test&#xD;
Player Test1 won trick with Nine of Spades&#xD;
Test&#xD;
Player Test1 won trick with Queen of Spades&#xD;
Test&#xD;
Test&#xD;
Test&#xD;
Player Test1 won trick with King of Hearts&#xD;
Test&#xD;
Test&#xD;
Test&#xD;
Player Test1 won trick with Three of Spades&#xD;
Test&#xD;
Test&#xD;
Player Test2 won trick with Queen of Diamonds&#xD;
Test&#xD;
Test&#xD;
Player Test1 won trick with Ace of Diamonds&#xD;
Test&#xD;
Test&#xD;
Player Test1 won trick with Queen of Clubs&#xD;
Test&#xD;
Test&#xD;
Test&#xD;
Test&#xD;
Player Test1 won trick with Six of Hearts&#xD;
Test&#xD;
Player Test4 won trick with Queen of Spades&#xD;
Test&#xD;
Player Test1 won trick with Ten of Spades&#xD;
Test&#xD;
Test&#xD;
Test&#xD;
Player Test2 won trick with Four of Hearts&#xD;
Test&#xD;
Test&#xD;
Test&#xD;
Player Test1 won trick with Five of Spades&#xD;
Test&#xD;
Test&#xD;
Test&#xD;
Player Test2 won trick with King of Hearts&#xD;
Test&#xD;
Test&#xD;
Test&#xD;
Player Test1 won trick with Seven of Clubs&#xD;
Test&#xD;
Test&#xD;
Player Test1 won trick with Jack of Spades&#xD;
Test&#xD;
Test&#xD;
Player Test3 won trick with Ace of Hearts&#xD;
Test&#xD;
Test&#xD;
Test&#xD;
Player Test1 won trick with Three of Diamonds&#xD;
Test&#xD;
Test&#xD;
Test&#xD;
Player Test1 won trick with Ace of Diamonds&#xD;
Test&#xD;
Test&#xD;
Player Test3 won trick with Nine of Diamonds&#xD;
Test&#xD;
Test&#xD;
Player Test2 won trick with Queen of Spades&#xD;
Test&#xD;
Test&#xD;
Player Test2 won trick with Eight of Clubs&#xD;
Test&#xD;
Test&#xD;
Test&#xD;
Player Test1 won trick with Ace of Spades&#xD;
Test&#xD;
Test&#xD;
Test&#xD;
Player Test1 won trick with Jack of Spades&#xD;
Test&#xD;
Test&#xD;
Player Test4 won trick with King of Spades&#xD;
Test&#xD;
Test&#xD;
Player Test1 won trick with Five of Diamonds&#xD;
Test&#xD;
Test&#xD;
Player Test1 won trick with Jack of Spades&#xD;
Test&#xD;
Test&#xD;
Test&#xD;
Player Test1 won trick with Ten of Clubs&#xD;
Test&#xD;
Test&#xD;
Test&#xD;
Player Test1 won trick with Seven of Diamonds&#xD;
Test&#xD;
Test&#xD;
Test&#xD;
Player Test3 won trick with Ten of Hearts&#xD;
Test&#xD;
Test&#xD;
Test&#xD;
Player Test1 won trick with Four of Diamonds&#xD;
Test&#xD;
Test&#xD;
Player Test3 won trick with Six of Clubs&#xD;
Test&#xD;
Test&#xD;
Player Test3 won trick with Ten of Hearts&#xD;
Test&#xD;
Test&#xD;
Test&#xD;
Player Test1 won trick with Jack of Diamonds&#xD;
Test&#xD;
Test&#xD;
Player Test1 won trick with Two of Diamonds&#xD;
Test&#xD;
Test&#xD;
Player Test1 won trick with Nine of Clubs&#xD;
Test&#xD;
Test&#xD;
Player Test4 won trick with Seven of Spades&#xD;
Test&#xD;
Test&#xD;
Player Test1 won trick with Eight of Diamonds&#xD;
Test&#xD;
Test&#xD;
Player Test1 won trick with King of Spades&#xD;
Test&#xD;
Test&#xD;
Test&#xD;
Player Test1 won trick with Eight of Hearts&#xD;
Test&#xD;
Test&#xD;
Test&#xD;
Player Test1 won trick with King of Diamonds&#xD;
Test&#xD;
Test&#xD;
Test&#xD;
Player Test1 won trick with Ten of Spades&#xD;
Test&#xD;
Player Test1 won trick with Ace of Diamonds&#xD;
Test&#xD;
Player Test3 won trick with Queen of Spades&#xD;
Test&#xD;
Test&#xD;
Player Test1 won trick with Ten of Clubs&#xD;
Test&#xD;
Test&#xD;
Test&#xD;
Player Test3 won trick with Five of Hearts&#xD;
Test&#xD;
Test&#xD;
Test&#xD;
Player Test1 won trick with Three of Clubs&#xD;
Test&#xD;
Test&#xD;
Test&#xD;
Test&#xD;
Player Test1 won trick with Nine of Hearts&#xD;
Test&#xD;
Test&#xD;
Player Test3 won trick with Ten of Diamonds&#xD;
Test&#xD;
Test&#xD;
Player Test4 won trick with Jack of Spades&#xD;
Test&#xD;
Test&#xD;
Test&#xD;
Player Test1 won trick with Queen of Spades&#xD;
Test&#xD;
Test&#xD;
Test&#xD;
Player Test1 won trick with Four of Clubs&#xD;
Test&#xD;
Test&#xD;
Player Test1 won trick with Queen of Diamonds&#xD;
Test&#xD;
Test&#xD;
Player Test1 won trick with Queen of Clubs&#xD;
Test&#xD;
Player Test3 won trick with Seven of Clubs&#xD;
Test&#xD;
Test&#xD;
Player Test2 won trick with Seven of Spades&#xD;
Test&#xD;
Test&#xD;
Test&#xD;
Player Test1 won trick with Six of Spades&#xD;
Test&#xD;
Test&#xD;
Test&#xD;
Player Test1 won trick with Jack of Diamonds&#xD;
Test&#xD;
Test&#xD;
Test&#xD;
Player Test1 won trick with Nine of Hearts&#xD;
Test&#xD;
Player Test4 won trick with Nine of Hearts&#xD;
Test&#xD;
Test&#xD;
Test&#xD;
Player Test1 won trick with Nine of Diamonds&#xD;
Test&#xD;
Test&#xD;
Test&#xD;
Player Test1 won trick with Queen of Clubs&#xD;
Test&#xD;
Test&#xD;
Player Test4 won trick with Eight of Spades&#xD;
Test&#xD;
Test&#xD;
Test&#xD;
Player Test1 won trick with Two of Spades&#xD;
Test&#xD;
Test&#xD;
Test&#xD;
Player Test1 won trick with Two of Spades&#xD;
Test&#xD;
Test&#xD;
Player Test1 won trick with Eight of Diamonds&#xD;
Test&#xD;
Test&#xD;
Test&#xD;
Player Test1 won trick with Four of Diamonds&#xD;
Test&#xD;
Test&#xD;
Player Test4 won trick with Seven of Spades&#xD;
Test&#xD;
Test&#xD;
Test&#xD;
Player Test1 won trick with Two of Diamonds&#xD;
Test&#xD;
Test&#xD;
Player Test1 won trick with Ace of Clubs&#xD;
Test&#xD;
Test&#xD;
Test&#xD;
Player Test3 won trick with Jack of Hearts&#xD;
Test&#xD;
Player Test1 won trick with Nine of Clubs&#xD;
Test&#xD;
Test&#xD;
Test&#xD;
Player Test4 won trick with Four of Hearts&#xD;
Test&#xD;
Test&#xD;
Test&#xD;
Player Test1 won trick with Ten of Clubs&#xD;
Test&#xD;
Test&#xD;
Test&#xD;
Test&#xD;
Player Test1 won trick with Nine of Hearts&#xD;
Test&#xD;
Test&#xD;
Player Test1 won trick with Jack of Clubs&#xD;
Test&#xD;
Test&#xD;
Player Test1 won trick with King of Spades&#xD;
Test&#xD;
Test&#xD;
Test&#xD;
Test&#xD;
Player Test1 won trick with Queen of Hearts&#xD;
Test&#xD;
Test&#xD;
Test&#xD;
Test&#xD;
Player Test1 won trick with Three of Clubs&#xD;
Test&#xD;
Test&#xD;
Test&#xD;
Test&#xD;
Player Test1 won trick with Seven of Spades&#xD;
Test&#xD;
Test&#xD;
Test&#xD;
Player Test1 won trick with Four of Diamonds&#xD;
Test&#xD;
Test&#xD;
Test&#xD;
Player Test1 won trick with Queen of Spades&#xD;
Test&#xD;
Test&#xD;
Test&#xD;
Test&#xD;
Player Test1 won trick with Seven of Hearts&#xD;
Test&#xD;
Test&#xD;
Test&#xD;
Player Test1 won trick with Six of Clubs&#xD;
Test&#xD;
Test&#xD;
Test&#xD;
Player Test1 won trick with Two of Spades&#xD;
Test&#xD;
Test&#xD;
Player Test1 won trick with Ten of Spades&#xD;
Test&#xD;
Test&#xD;
Test&#xD;
Player Test1 won trick with Six of Diamonds&#xD;
Test&#xD;
Player Test3 won trick with Queen of Clubs&#xD;
Test&#xD;
Test&#xD;
Player Test1 won trick with Nine of Clubs&#xD;
Test&#xD;
Test&#xD;
Test&#xD;
Player Test1 won trick with Seven of Clubs&#xD;
Test&#xD;
Test&#xD;
Test&#xD;
Player Test1 won trick with Two of Diamonds&#xD;
Test&#xD;
Player Test1 won trick with Ten of Clubs&#xD;
Test&#xD;
Test&#xD;
Test&#xD;
Player Test1 won trick with Eight of Hearts&#xD;
Test&#xD;
Test&#xD;
Player Test2 won trick with Ace of Clubs&#xD;
Test&#xD;
Test&#xD;
Player Test4 won trick with Ten of Diamonds&#xD;
Test&#xD;
Test&#xD;
Player Test2 won trick with Queen of Spades&#xD;
Test&#xD;
Test&#xD;
Test&#xD;
Player Test1 won trick with Ten of Spades&#xD;
Test&#xD;
Test&#xD;
Player Test3 won trick with Ten of Clubs&#xD;
Test&#xD;
Test&#xD;
Test&#xD;
Player Test1 won trick with Jack of Spades&#xD;
Test&#xD;
Test&#xD;
Test&#xD;
Player Test1 won trick with Eight of Clubs&#xD;
Test&#xD;
Player Test3 won trick with Ace of Spades&#xD;
Test&#xD;
Test&#xD;
Player Test3 won trick with Jack of Diamonds&#xD;
Test&#xD;
Test&#xD;
Player Test2 won trick with Ace of Clubs&#xD;
Test&#xD;
Test&#xD;
Test&#xD;
Player Test1 won trick with Nine of Diamonds&#xD;
Test&#xD;
Player Test1 won trick with Jack of Diamonds&#xD;
Test&#xD;
Player Test1 won trick with Nine of Clubs&#xD;
Test&#xD;
Test&#xD;
Test&#xD;
Test&#xD;
Player Test1 won trick with Ten of Diamonds&#xD;
Test&#xD;
Test&#xD;
Player Test1 won trick with Queen of Clubs&#xD;
Test&#xD;
Test&#xD;
Player Test1 won trick with Queen of Hearts&#xD;
Test&#xD;
Test&#xD;
Player Test2 won trick with Queen of Clubs&#xD;
Test&#xD;
Test&#xD;
Test&#xD;
Player Test1 won trick with Seven of Spades&#xD;
Test&#xD;
Test&#xD;
Test&#xD;
Player Test1 won trick with Seven of Clubs&#xD;
Test&#xD;
Test&#xD;
Player Test1 won trick with Queen of Diamonds&#xD;
Test&#xD;
Test&#xD;
Player Test2 won trick with Jack of Hearts&#xD;
Test&#xD;
Test&#xD;
Test&#xD;
Player Test1 won trick with Nine of Clubs&#xD;
Test&#xD;
Test&#xD;
Test&#xD;
Player Test1 won trick with Three of Diamonds&#xD;
Test&#xD;
Test&#xD;
Test&#xD;
Player Test1 won trick with Queen of Clubs&#xD;
Test&#xD;
Test&#xD;
Player Test1 won trick with Four of Diamonds&#xD;
Test&#xD;
Test&#xD;
Test&#xD;
Player Test1 won trick with Nine of Diamonds&#xD;
Test&#xD;
Test&#xD;
Test&#xD;
Player Test1 won trick with Four of Clubs&#xD;
Test&#xD;
Test&#xD;
Player Test4 won trick with Eight of Spades&#xD;
Test&#xD;
Test&#xD;
Test&#xD;
Test&#xD;
Player Test1 won trick with Jack of Hearts&#xD;
Test&#xD;
Test&#xD;
Player Test2 won trick with Ten of Spades&#xD;
Test&#xD;
Test&#xD;
Player Test3 won trick with Queen of Clubs&#xD;
Test&#xD;
Test&#xD;
Test&#xD;
Player Test1 won trick with Two of Clubs&#xD;
Test&#xD;
Test&#xD;
Test&#xD;
Player Test1 won trick with Seven of Diamonds&#xD;
Test&#xD;
Test&#xD;
Test&#xD;
Test&#xD;
Player Test1 won trick with Ace of Hearts&#xD;
Test&#xD;
Test&#xD;
Test&#xD;
Player Test1 won trick with Six of Diamonds&#xD;
Test&#xD;
Test&#xD;
Test&#xD;
Player Test1 won trick with Five of Spades&#xD;
Test&#xD;
Test&#xD;
Player Test1 won trick with Seven of Hearts&#xD;
Test&#xD;
Test&#xD;
Test&#xD;
Player Test1 won trick with Jack of Hearts&#xD;
Test&#xD;
Test&#xD;
Test&#xD;
Player Test1 won trick with Jack of Spades&#xD;
Test&#xD;
Test&#xD;
Player Test4 won trick with Four of Diamonds&#xD;
Test&#xD;
Test&#xD;
Test&#xD;
Test&#xD;
Player Test1 won trick with Ten of Hearts&#xD;
Test&#xD;
Test&#xD;
Test&#xD;
Player Test1 won trick with Five of Clubs&#xD;
Test&#xD;
Test&#xD;
Test&#xD;
Player Test4 won trick with Nine of Spades&#xD;
Test&#xD;
Player Test1 won trick with Ace of Diamonds&#xD;
Test&#xD;
Test&#xD;
Test&#xD;
Player Test4 won trick with Nine of Hearts&#xD;
Test&#xD;
Test&#xD;
Test&#xD;
Player Test1 won trick with Nine of Hearts&#xD;
Test&#xD;
Test&#xD;
Player Test1 won trick with Three of Clubs&#xD;
Test&#xD;
Test&#xD;
Test&#xD;
Player Test1 won trick with Queen of Diamonds&#xD;
Test&#xD;
Test&#xD;
Test&#xD;
Player Test2 won trick with Six of Hearts&#xD;
Test&#xD;
Test&#xD;
Player Test1 won trick with Ace of Hearts&#xD;
Test&#xD;
Test&#xD;
Test&#xD;
Player Test1 won trick with Ten of Clubs&#xD;
Test&#xD;
Test&#xD;
Test&#xD;
Player Test1 won trick with Ace of Diamonds&#xD;
Test&#xD;
Test&#xD;
Test&#xD;
Player Test1 won trick with Seven of Hearts&#xD;
Test&#xD;
Test&#xD;
Player Test4 won trick with Jack of Diamonds&#xD;
Test&#xD;
Test&#xD;
Test&#xD;
Player Test1 won trick with Ace of Spades&#xD;
Test&#xD;
Test&#xD;
Player Test4 won trick with King of Diamonds&#xD;
Test&#xD;
Test&#xD;
Player Test3 won trick with Eight of Diamonds&#xD;
Test&#xD;
Test&#xD;
Test&#xD;
Player Test1 won trick with Jack of Spades&#xD;
Test&#xD;
Test&#xD;
Test&#xD;
Player Test2 won trick with Three of Spades&#xD;
Test&#xD;
Test&#xD;
Player Test4 won trick with Eight of Spades&#xD;
Test&#xD;
Test&#xD;
Player Test1 won trick with Queen of Hearts&#xD;
Test&#xD;
Test&#xD;
Test&#xD;
Player Test4 won trick with Jack of Hearts&#xD;
Test&#xD;
Test&#xD;
Test&#xD;
Player Test1 won trick with Ace of Hearts&#xD;
Test&#xD;
Test&#xD;
Test&#xD;
Player Test1 won trick with Eight of Clubs&#xD;
Test&#xD;
Test&#xD;
Test&#xD;
Test&#xD;
Player Test1 won trick with Ace of Hearts&#xD;
Test&#xD;
Test&#xD;
Player Test2 won trick with King of Hearts&#xD;
Test&#xD;
Test&#xD;
Test&#xD;
Player Test1 won trick with Four of Clubs&#xD;
Test&#xD;
Test&#xD;
Test&#xD;
Test&#xD;
Player Test1 won trick with Three of Hearts&#xD;
Test&#xD;
Player Test1 won trick with Queen of Spades&#xD;
Test&#xD;
Test&#xD;
Test&#xD;
Player Test1 won trick with King of Diamonds&#xD;
Test&#xD;
Test&#xD;
Test&#xD;
Player Test1 won trick with Five of Spades&#xD;
Test&#xD;
Test&#xD;
Test&#xD;
Player Test1 won trick with Queen of Diamonds&#xD;
Test&#xD;
Test&#xD;
Test&#xD;
Player Test3 won trick with Five of Spades&#xD;
Test&#xD;
Player Test1 won trick with Queen of Clubs&#xD;
Test&#xD;
Test&#xD;
Test&#xD;
Player Test1 won trick with Six of Hearts&#xD;
Test&#xD;
Test&#xD;
Test&#xD;
Player Test1 won trick with Eight of Spades&#xD;
Test&#xD;
Test&#xD;
Test&#xD;
Player Test1 won trick with Nine of Diamonds&#xD;
Test&#xD;
Test&#xD;
Test&#xD;
Player Test1 won trick with Ace of Diamonds&#xD;
Test&#xD;
Test&#xD;
Player Test2 won trick with Ace of Clubs&#xD;
Test&#xD;
Test&#xD;
Player Test4 won trick with Ten of Clubs&#xD;
Test&#xD;
Test&#xD;
Test&#xD;
Player Test1 won trick with Five of Spades&#xD;
Test&#xD;
Test&#xD;
Player Test4 won trick with Ace of Diamonds&#xD;
Test&#xD;
Player Test1 won trick with Five of Clubs&#xD;
Test&#xD;
Test&#xD;
Player Test2 won trick with Ace of Diamonds&#xD;
Test&#xD;
Test&#xD;
Player Test1 won trick with Eight of Spades&#xD;
Test&#xD;
Test&#xD;
Player Test1 won trick with Eight of Clubs&#xD;
Test&#xD;
Test&#xD;
Test&#xD;
Player Test1 won trick with Four of Diamonds&#xD;
Test&#xD;
Test&#xD;
Test&#xD;
Test&#xD;
Player Test1 won trick with Nine of Diamonds&#xD;
Test&#xD;
Test&#xD;
Test&#xD;
Player Test1 won trick with Jack of Spades&#xD;
Test&#xD;
Test&#xD;
Player Test1 won trick with Ten of Spades&#xD;
Test&#xD;
Test&#xD;
Test&#xD;
Test&#xD;
Player Test1 won trick with Nine of Hearts&#xD;
Test&#xD;
Player Test2 won trick with Jack of Clubs&#xD;
Test&#xD;
Player Test3 won trick with Ten of Spades&#xD;
Test&#xD;
Test&#xD;
Test&#xD;
Test&#xD;
Player Test1 won trick with Five of Diamonds&#xD;
Test&#xD;
Test&#xD;
Player Test1 won trick with King of Diamonds&#xD;
Test&#xD;
Test&#xD;
Test&#xD;
Player Test1 won trick with King of Diamonds&#xD;
Test&#xD;
Test&#xD;
Player Test1 won trick with Ten of Spades&#xD;
Test&#xD;
Test&#xD;
Player Test2 won trick with King of Diamonds&#xD;
Test&#xD;
Test&#xD;
Test&#xD;
Player Test1 won trick with Two of Clubs&#xD;
Test&#xD;
Player Test2 won trick with Four of Clubs&#xD;
Test&#xD;
Test&#xD;
Player Test3 won trick with Ace of Hearts&#xD;
Test&#xD;
Player Test4 won trick with King of Spades&#xD;
Test&#xD;
Test&#xD;
Test&#xD;
Test&#xD;
Player Test1 won trick with Six of Hearts&#xD;
Test&#xD;
Test&#xD;
Test&#xD;
Player Test1 won trick with Six of Clubs&#xD;
Test&#xD;
Test&#xD;
Test&#xD;
Test&#xD;
Player Test1 won trick with Ten of Hearts&#xD;
Test&#xD;
Test&#xD;
Test&#xD;
Player Test1 won trick with Seven of Spades&#xD;
Test&#xD;
Test&#xD;
Test&#xD;
Player Test1 won trick with Two of Clubs&#xD;
Test&#xD;
Test&#xD;
Test&#xD;
Player Test1 won trick with Three of Clubs&#xD;
Test&#xD;
Test&#xD;
Test&#xD;
Player Test1 won trick with Queen of Hearts&#xD;
Test&#xD;
Test&#xD;
Test&#xD;
Player Test1 won trick with Six of Spades&#xD;
Test&#xD;
Test&#xD;
Player Test3 won trick with Queen of Hearts&#xD;
Test&#xD;
Test&#xD;
Test&#xD;
Player Test1 won trick with Queen of Diamonds&#xD;
Test&#xD;
Test&#xD;
Player Test1 won trick with Jack of Diamonds&#xD;
Test&#xD;
Test&#xD;
Test&#xD;
Player Test2 won trick with King of Hearts&#xD;
Test&#xD;
Test&#xD;
Test&#xD;
Test&#xD;
Player Test1 won trick with Eight of Hearts&#xD;
Test&#xD;
Test&#xD;
Player Test4 won trick with Seven of Spades&#xD;
Test&#xD;
Test&#xD;
Test&#xD;
Player Test2 won trick with Seven of Hearts&#xD;
Test&#xD;
Test&#xD;
Test&#xD;
Player Test1 won trick with Six of Clubs&#xD;
Test&#xD;
Test&#xD;
Test&#xD;
Player Test1 won trick with Queen of Spades&#xD;
Test&#xD;
Player Test1 won trick with Seven of Clubs&#xD;
Test&#xD;
Test&#xD;
Player Test1 won trick with Queen of Clubs&#xD;
Test&#xD;
Test&#xD;
Player Test1 won trick with Five of Hearts&#xD;
Test&#xD;
Test&#xD;
Test&#xD;
Player Test1 won trick with Three of Spades&#xD;
Test&#xD;
Test&#xD;
Player Test1 won trick with Eight of Spades&#xD;
Test&#xD;
Test&#xD;
Player Test1 won trick with King of Hearts&#xD;
Test&#xD;
Test&#xD;
Test&#xD;
Test&#xD;
Player Test1 won trick with Six of Hearts&#xD;
Test&#xD;
Test&#xD;
Test&#xD;
Test&#xD;
Player Test1 won trick with Jack of Diamonds&#xD;
Test&#xD;
Test&#xD;
Test&#xD;
Player Test1 won trick with Ace of Spades&#xD;
Test&#xD;
Test&#xD;
Test&#xD;
Player Test1 won trick with Ace of Hearts&#xD;
Test&#xD;
Player Test1 won trick with King of Diamonds&#xD;
Test&#xD;
Test&#xD;
Player Test1 won trick with Four of Spades&#xD;
Player Test2 won trick with Seven of Clubs&#xD;
Test&#xD;
Test&#xD;
Test&#xD;
Test&#xD;
Player Test1 won trick with Nine of Clubs&#xD;
Test&#xD;
Test&#xD;
Test&#xD;
Player Test1 won trick with Six of Diamonds&#xD;
Test&#xD;
Test&#xD;
Player Test4 won trick with Seven of Diamonds&#xD;
Test&#xD;
Test&#xD;
Player Test1 won trick with Queen of Spades&#xD;
Test&#xD;
Test&#xD;
Test&#xD;
Player Test1 won trick with Jack of Spades&#xD;
Test&#xD;
Test&#xD;
Test&#xD;
Player Test1 won trick with Jack of Hearts&#xD;
Test&#xD;
Test&#xD;
Player Test4 won trick with King of Spades&#xD;
Test&#xD;
Test&#xD;
Player Test1 won trick with Jack of Spades&#xD;
Test&#xD;
Player Test3 won trick with Ace of Hearts&#xD;
Test&#xD;
Test&#xD;
Test&#xD;
Player Test2 won trick with Jack of Hearts&#xD;
Test&#xD;
Player Test3 won trick with Ace of Spades&#xD;
Test&#xD;
Test&#xD;
Test&#xD;
Player Test2 won trick with Ten of Hearts&#xD;
Test&#xD;
Test&#xD;
Test&#xD;
Player Test2 won trick with Ace of Diamonds&#xD;
Test&#xD;
Test&#xD;
Test&#xD;
Test&#xD;
Player Test1 won trick with Queen of Diamonds&#xD;
Test&#xD;
Test&#xD;
Test&#xD;
Test&#xD;
Player Test1 won trick with Eight of Hearts&#xD;
Test&#xD;
Test&#xD;
Test&#xD;
Player Test1 won trick with Five of Spades&#xD;
Test&#xD;
Test&#xD;
Test&#xD;
Player Test1 won trick with King of Spades&#xD;
Test&#xD;
Test&#xD;
Player Test4 won trick with Nine of Spades&#xD;
Test&#xD;
Test&#xD;
Test&#xD;
Test&#xD;
Player Test1 won trick with Ace of Hearts&#xD;
Test&#xD;
Test&#xD;
Player Test2 won trick with Nine of Diamonds&#xD;
Test&#xD;
Test&#xD;
Player Test1 won trick with Ace of Clubs&#xD;
Test&#xD;
Test&#xD;
Test&#xD;
Player Test1 won trick with Ten of Clubs&#xD;
Test&#xD;
Test&#xD;
Player Test2 won trick with Ace of Clubs&#xD;
Test&#xD;
Test&#xD;
Player Test1 won trick with Eight of Diamonds&#xD;
Test&#xD;
Test&#xD;
Test&#xD;
Test&#xD;
Player Test1 won trick with Jack of Hearts&#xD;
Test&#xD;
Test&#xD;
Player Test2 won trick with King of Diamonds&#xD;
Test&#xD;
Test&#xD;
Player Test1 won trick with Queen of Diamonds&#xD;
Test&#xD;
Test&#xD;
Test&#xD;
Player Test1 won trick with Six of Spades&#xD;
Test&#xD;
Test&#xD;
Player Test2 won trick with King of Clubs&#xD;
Test&#xD;
Test&#xD;
Test&#xD;
Test&#xD;
Player Test1 won trick with Ace of Spades&#xD;
Test&#xD;
Test&#xD;
Player Test3 won trick with Ace of Clubs&#xD;
Test&#xD;
Test&#xD;
Player Test1 won trick with King of Diamonds&#xD;
Test&#xD;
Test&#xD;
Test&#xD;
Test&#xD;
Player Test1 won trick with Jack of Hearts&#xD;
Player Test2 won trick with Ace of Diamonds&#xD;
Test&#xD;
Player Test1 won trick with Ten of Diamonds&#xD;
Test&#xD;
Test&#xD;
Player Test1 won trick with Ace of Diamonds&#xD;
Test&#xD;
Test&#xD;
Test&#xD;
Player Test1 won trick with Jack of Hearts&#xD;
Test&#xD;
Test&#xD;
Player Test3 won trick with Jack of Clubs&#xD;
Test&#xD;
Test&#xD;
Test&#xD;
Player Test1 won trick with Three of Diamonds&#xD;
Test&#xD;
Test&#xD;
Player Test2 won trick with Ace of Diamonds&#xD;
Test&#xD;
Test&#xD;
Player Test3 won trick with Queen of Clubs&#xD;
Test&#xD;
Test&#xD;
Test&#xD;
Player Test1 won trick with Ace of Diamonds&#xD;
Test&#xD;
Test&#xD;
Player Test2 won trick with Jack of Diamonds&#xD;
Test&#xD;
Test&#xD;
Test&#xD;
Test&#xD;
Player Test1 won trick with Eight of Hearts&#xD;
Test&#xD;
Test&#xD;
Test&#xD;
Player Test1 won trick with Queen of Spades&#xD;
Test&#xD;
Test&#xD;
Test&#xD;
Player Test1 won trick with Six of Diamonds&#xD;
Test&#xD;
Test&#xD;
Test&#xD;
Player Test1 won trick with Two of Diamonds&#xD;
Test&#xD;
Test&#xD;
Player Test2 won trick with Six of Hearts&#xD;
Test&#xD;
Test&#xD;
Player Test1 won trick with Five of Diamonds&#xD;
Test&#xD;
Test&#xD;
Player Test1 won trick with Jack of Spades&#xD;
Test&#xD;
Test&#xD;
Test&#xD;
Player Test1 won trick with Eight of Hearts&#xD;
Test&#xD;
Test&#xD;
Test&#xD;
Player Test1 won trick with Six of Clubs&#xD;
Test&#xD;
Test&#xD;
Player Test1 won trick with Nine of Diamonds&#xD;
Test&#xD;
Test&#xD;
Player Test3 won trick with Ace of Hearts&#xD;
Test&#xD;
Player Test4 won trick with King of Diamonds&#xD;
Test&#xD;
Test&#xD;
Test&#xD;
Player Test2 won trick with Four of Hearts&#xD;
Test&#xD;
Test&#xD;
Player Test1 won trick with Nine of Diamonds&#xD;
Test&#xD;
Player Test4 won trick with Seven of Diamonds&#xD;
Test&#xD;
Test&#xD;
Test&#xD;
Player Test1 won trick with Three of Spades&#xD;
Test&#xD;
Test&#xD;
Test&#xD;
Test&#xD;
Player Test1 won trick with Three of Hearts&#xD;
Test&#xD;
Test&#xD;
Player Test1 won trick with Queen of Spades&#xD;
Test&#xD;
Test&#xD;
Player Test3 won trick with Six of Clubs&#xD;
Test&#xD;
Player Test2 won trick with Nine of Clubs&#xD;
Test&#xD;
Player Test3 won trick with Queen of Clubs&#xD;
Test&#xD;
Test&#xD;
Test&#xD;
Player Test1 won trick with Ace of Hearts&#xD;
Test&#xD;
Test&#xD;
Player Test1 won trick with Ten of Spades&#xD;
Test&#xD;
Test&#xD;
Test&#xD;
Player Test1 won trick with King of Diamonds&#xD;
Test&#xD;
Test&#xD;
Player Test2 won trick with King of Spades&#xD;
Test&#xD;
Test&#xD;
Test&#xD;
Player Test1 won trick with Ace of Spades&#xD;
Test&#xD;
Test&#xD;
Test&#xD;
Player Test4 won trick with Nine of Spades&#xD;
Test&#xD;
Player Test1 won trick with King of Clubs&#xD;
Test&#xD;
Test&#xD;
Test&#xD;
Player Test1 won trick with Queen of Diamonds&#xD;
Test&#xD;
Test&#xD;
Test&#xD;
Player Test1 won trick with Jack of Clubs&#xD;
Test&#xD;
Test&#xD;
Player Test4 won trick with Queen of Diamonds&#xD;
Test&#xD;
Test&#xD;
Player Test2 won trick with Nine of Diamonds&#xD;
Test&#xD;
Test&#xD;
Test&#xD;
Player Test1 won trick with Two of Clubs&#xD;
Test&#xD;
Test&#xD;
Player Test1 won trick with Ten of Spades&#xD;
Test&#xD;
Test&#xD;
Player Test4 won trick with Ace of Diamonds&#xD;
Test&#xD;
Test&#xD;
Test&#xD;
Player Test4 won trick with Eight of Hearts&#xD;
Test&#xD;
Test&#xD;
Player Test1 won trick with Six of Clubs&#xD;
Test&#xD;
Test&#xD;
Player Test1 won trick with Queen of Diamonds&#xD;
Test&#xD;
Test&#xD;
Test&#xD;
Player Test1 won trick with Ten of Clubs&#xD;
Test&#xD;
Test&#xD;
Test&#xD;
Player Test1 won trick with King of Diamonds&#xD;
Test&#xD;
Test&#xD;
Test&#xD;
Player Test1 won trick with Ace of Spades&#xD;
Test&#xD;
Test&#xD;
Test&#xD;
Player Test1 won trick with King of Diamonds&#xD;
Test&#xD;
Test&#xD;
Test&#xD;
Player Test1 won trick with Seven of Clubs&#xD;
Test&#xD;
Test&#xD;
Test&#xD;
Test&#xD;
Player Test1 won trick with Nine of Clubs&#xD;
Test&#xD;
Test&#xD;
Test&#xD;
Test&#xD;
Player Test1 won trick with Ten of Hearts&#xD;
Test&#xD;
Test&#xD;
Test&#xD;
Player Test1 won trick with Nine of Spades&#xD;
Test&#xD;
Player Test1 won trick with Ten of Spades&#xD;
Test&#xD;
Test&#xD;
Player Test1 won trick with King of Clubs&#xD;
Test&#xD;
Test&#xD;
Player Test1 won trick with Three of Clubs&#xD;
Test&#xD;
Test&#xD;
Test&#xD;
Player Test2 won trick with Six of Hearts&#xD;
Test&#xD;
Test&#xD;
Test&#xD;
Player Test1 won trick with Two of Clubs&#xD;
Test&#xD;
Test&#xD;
Player Test1 won trick with Ace of Spades&#xD;
Test&#xD;
Test&#xD;
Test&#xD;
Player Test1 won trick with Six of Clubs&#xD;
Test&#xD;
Test&#xD;
Test&#xD;
Test&#xD;
Player Test1 won trick with Nine of Clubs&#xD;
Test&#xD;
Test&#xD;
Test&#xD;
Player Test1 won trick with Two of Diamonds&#xD;
Test&#xD;
Test&#xD;
Player Test3 won trick with Eight of Spades&#xD;
Test&#xD;
Test&#xD;
Test&#xD;
Player Test1 won trick with Seven of Diamonds&#xD;
Test&#xD;
Test&#xD;
Test&#xD;
Test&#xD;
Player Test1 won trick with Ace of Hearts&#xD;
Test&#xD;
Test&#xD;
Test&#xD;
Test&#xD;
Player Test1 won trick with Two of Diamonds&#xD;
Test&#xD;
Player Test3 won trick with Ace of Clubs&#xD;
Test&#xD;
Test&#xD;
Test&#xD;
Player Test3 won trick with King of Hearts&#xD;
Test&#xD;
Test&#xD;
Test&#xD;
Player Test1 won trick with King of Clubs&#xD;
Test&#xD;
Test&#xD;
Test&#xD;
Player Test1 won trick with Five of Diamonds&#xD;
Test&#xD;
Test&#xD;
Test&#xD;
Player Test1 won trick with Two of Clubs&#xD;
Test&#xD;
Test&#xD;
Test&#xD;
Player Test1 won trick with Eight of Diamonds&#xD;
Test&#xD;
Player Test1 won trick with Ace of Diamonds&#xD;
Test&#xD;
Test&#xD;
Test&#xD;
Player Test1 won trick with King of Hearts&#xD;
Test&#xD;
Test&#xD;
Test&#xD;
Player Test1 won trick with Five of Diamonds&#xD;
Test&#xD;
Test&#xD;
Test&#xD;
Player Test1 won trick with Jack of Clubs&#xD;
Test&#xD;
Test&#xD;
Test&#xD;
Test&#xD;
Player Test1 won trick with Queen of Clubs&#xD;
Test&#xD;
Test&#xD;
Test&#xD;
Player Test1 won trick with Four of Spades&#xD;
Test&#xD;
Test&#xD;
Player Test1 won trick with Ace of Hearts&#xD;
Test&#xD;
Test&#xD;
Player Test1 won trick with Eight of Spades&#xD;
Player Test2 won trick with King of Spades&#xD;
Test&#xD;
Test&#xD;
Test&#xD;
Test&#xD;
Player Test1 won trick with Two of Spades&#xD;
Test&#xD;
Test&#xD;
Test&#xD;
Player Test1 won trick with King of Hearts&#xD;
Test&#xD;
Test&#xD;
Test&#xD;
Player Test1 won trick with Ten of Spades&#xD;
Test&#xD;
Test&#xD;
Player Test4 won trick with Ace of Clubs&#xD;
Test&#xD;
Test&#xD;
Test&#xD;
Player Test1 won trick with Five of Diamonds&#xD;
Test&#xD;
Test&#xD;
Test&#xD;
Player Test1 won trick with Seven of Diamonds&#xD;
Test&#xD;
Test&#xD;
Player Test2 won trick with Queen of Spades&#xD;
Test&#xD;
Test&#xD;
Test&#xD;
Test&#xD;
Player Test1 won trick with Nine of Hearts&#xD;
Test&#xD;
Test&#xD;
Player Test2 won trick with King of Diamonds&#xD;
Test&#xD;
Test&#xD;
Test&#xD;
Player Test1 won trick with Nine of Diamonds&#xD;
Test&#xD;
Test&#xD;
Player Test1 won trick with King of Clubs&#xD;
Test&#xD;
Test&#xD;
Test&#xD;
Test&#xD;
Player Test1 won trick with Eight of Hearts&#xD;
Test&#xD;
Test&#xD;
Player Test1 won trick with Queen of Diamonds&#xD;
Test&#xD;
Test&#xD;
Test&#xD;
Test&#xD;
Player Test1 won trick with Seven of Hearts&#xD;
Test&#xD;
Test&#xD;
Player Test3 won trick with Queen of Hearts&#xD;
Test&#xD;
Test&#xD;
Test&#xD;
Player Test1 won trick with Five of Diamonds&#xD;
Test&#xD;
Test&#xD;
Player Test1 won trick with Ten of Clubs&#xD;
Test&#xD;
Test&#xD;
Test&#xD;
Test&#xD;
Player Test1 won trick with Five of Hearts&#xD;
Test&#xD;
Test&#xD;
Test&#xD;
Test&#xD;
Player Test1 won trick with Two of Spades&#xD;
Test&#xD;
Test&#xD;
Player Test1 won trick with Six of Diamonds&#xD;
Test&#xD;
Player Test4 won trick with Jack of Diamonds&#xD;
Test&#xD;
Test&#xD;
Player Test1 won trick with Seven of Diamonds&#xD;
Test&#xD;
Test&#xD;
Test&#xD;
Player Test1 won trick with Five of Spades&#xD;
Test&#xD;
Test&#xD;
Test&#xD;
Player Test1 won trick with Six of Clubs&#xD;
Test&#xD;
Test&#xD;
Player Test2 won trick with Jack of Hearts&#xD;
Test&#xD;
Test&#xD;
Test&#xD;
Player Test1 won trick with Seven of Diamonds&#xD;
Test&#xD;
Test&#xD;
Player Test3 won trick with Five of Spades&#xD;
Test&#xD;
Test&#xD;
Test&#xD;
Test&#xD;
Player Test1 won trick with Ace of Spades&#xD;
Test&#xD;
Player Test3 won trick with Ace of Spades&#xD;
Test&#xD;
Test&#xD;
Test&#xD;
Test&#xD;
Player Test1 won trick with Seven of Clubs&#xD;
Test&#xD;
Test&#xD;
Test&#xD;
Player Test3 won trick with King of Hearts&#xD;
Test&#xD;
Test&#xD;
Test&#xD;
Player Test1 won trick with Queen of Diamonds&#xD;
Test&#xD;
Test&#xD;
Test&#xD;
Player Test1 won trick with Nine of Spades&#xD;
Test&#xD;
Test&#xD;
Player Test1 won trick with King of Diamonds&#xD;
Test&#xD;
Player Test1 won trick with Queen of Clubs&#xD;
Test&#xD;
Player Test4 won trick with Ace of Diamonds&#xD;
Test&#xD;
Test&#xD;
Test&#xD;
Player Test1 won trick with Jack of Clubs&#xD;
Test&#xD;
Test&#xD;
Test&#xD;
Test&#xD;
Player Test1 won trick with Queen of Clubs&#xD;
Test&#xD;
Test&#xD;
Test&#xD;
Player Test1 won trick with Ten of Clubs&#xD;
Test&#xD;
Player Test4 won trick with Seven of Spades&#xD;
Test&#xD;
Test&#xD;
Test&#xD;
Player Test1 won trick with King of Diamonds&#xD;
Test&#xD;
Test&#xD;
Test&#xD;
Test&#xD;
Player Test1 won trick with Six of Hearts&#xD;
Test&#xD;
Test&#xD;
Player Test1 won trick with Queen of Spades&#xD;
Test&#xD;
Test&#xD;
Player Test1 won trick with Ace of Hearts&#xD;
Test&#xD;
Test&#xD;
Test&#xD;
Test&#xD;
Player Test1 won trick with Eight of Hearts&#xD;
Test&#xD;
Test&#xD;
Test&#xD;
Test&#xD;
Player Test1 won trick with Four of Hearts&#xD;
Test&#xD;
Test&#xD;
Test&#xD;
Player Test1 won trick with Six of Hearts&#xD;
Test&#xD;
Test&#xD;
Test&#xD;
Player Test1 won trick with Three of Hearts&#xD;
Test&#xD;
Test&#xD;
Test&#xD;
Test&#xD;
Player Test1 won trick with Two of Hearts&#xD;
Test&#xD;
Test&#xD;
Test&#xD;
Player Test2 won trick with Jack of Hearts&#xD;
Test&#xD;
Test&#xD;
Test&#xD;
Player Test4 won trick with King of Hearts&#xD;
Test&#xD;
Test&#xD;
Player Test1 won trick with Seven of Diamonds&#xD;
Test&#xD;
Test&#xD;
Player Test2 won trick with Ace of Clubs&#xD;
Test&#xD;
Test&#xD;
Player Test2 won trick with Four of Clubs&#xD;
Test&#xD;
Test&#xD;
Test&#xD;
Test&#xD;
Player Test1 won trick with Ace of Diamonds&#xD;
Test&#xD;
Test&#xD;
Player Test1 won trick with Seven of Diamonds&#xD;
Test&#xD;
Test&#xD;
Player Test1 won trick with King of Hearts&#xD;
Test&#xD;
Player Test4 won trick with Jack of Diamonds&#xD;
Test&#xD;
Test&#xD;
Player Test1 won trick with Jack of Hearts&#xD;
Test&#xD;
Test&#xD;
Player Test2 won trick with Ten of Diamonds&#xD;
Test&#xD;
Test&#xD;
Test&#xD;
Player Test1 won trick with Jack of Spades&#xD;
Test&#xD;
Test&#xD;
Test&#xD;
Player Test1 won trick with Ten of Spades&#xD;
Test&#xD;
Test&#xD;
Test&#xD;
Player Test1 won trick with King of Spades&#xD;
Test&#xD;
Test&#xD;
Test&#xD;
Player Test1 won trick with Five of Clubs&#xD;
Test&#xD;
Test&#xD;
Player Test1 won trick with Jack of Spades&#xD;
Test&#xD;
Test&#xD;
Player Test1 won trick with Seven of Spades&#xD;
Test&#xD;
Test&#xD;
Player Test1 won trick with Queen of Clubs&#xD;
Test&#xD;
Test&#xD;
Test&#xD;
Player Test1 won trick with Ace of Clubs&#xD;
Test&#xD;
Test&#xD;
Test&#xD;
Test&#xD;
Player Test1 won trick with Seven of Hearts&#xD;
Test&#xD;
Test&#xD;
Player Test4 won trick with Queen of Spades&#xD;
Test&#xD;
Test&#xD;
Player Test4 won trick with Queen of Diamonds&#xD;
Test&#xD;
Test&#xD;
Player Test2 won trick with Jack of Diamonds&#xD;
Test&#xD;
Test&#xD;
Test&#xD;
Player Test1 won trick with Queen of Hearts&#xD;
Test&#xD;
Test&#xD;
Player Test3 won trick with Eight of Spades&#xD;
Test&#xD;
Test&#xD;
Test&#xD;
Test&#xD;
Player Test1 won trick with Queen of Diamonds&#xD;
Test&#xD;
Test&#xD;
Test&#xD;
Player Test1 won trick with Eight of Clubs&#xD;
Test&#xD;
Test&#xD;
Test&#xD;
Test&#xD;
Player Test1 won trick with Two of Hearts&#xD;
Test&#xD;
Test&#xD;
Test&#xD;
Player Test1 won trick with Eight of Hearts&#xD;
Test&#xD;
Test&#xD;
Test&#xD;
Player Test3 won trick with Queen of Spades&#xD;
Test&#xD;
Test&#xD;
Test&#xD;
Player Test1 won trick with Ace of Hearts&#xD;
Test&#xD;
Test&#xD;
Test&#xD;
Player Test1 won trick with King of Hearts&#xD;
Test&#xD;
Test&#xD;
Test&#xD;
Player Test1 won trick with Two of Spades&#xD;
Test&#xD;
Player Test1 won trick with Ace of Clubs&#xD;
Test&#xD;
Test&#xD;
Test&#xD;
Player Test1 won trick with Six of Spades&#xD;
Test&#xD;
Test&#xD;
Player Test3 won trick with Ace of Spades&#xD;
Test&#xD;
Test&#xD;
Player Test3 won trick with Nine of Clubs&#xD;
Test&#xD;
Test&#xD;
Test&#xD;
Player Test4 won trick with Seven of Hearts&#xD;
Test&#xD;
Test&#xD;
Test&#xD;
Player Test1 won trick with King of Diamonds&#xD;
Test&#xD;
Test&#xD;
Test&#xD;
Player Test1 won trick with Three of Diamonds&#xD;
Test&#xD;
Test&#xD;
Player Test3 won trick with Ace of Clubs&#xD;
Test&#xD;
Test&#xD;
Test&#xD;
Player Test1 won trick with Eight of Spades&#xD;
Test&#xD;
Test&#xD;
Test&#xD;
Player Test3 won trick with Ace of Hearts&#xD;
Test&#xD;
Test&#xD;
Test&#xD;
Player Test1 won trick with Eight of Diamonds&#xD;
Test&#xD;
Test&#xD;
Player Test4 won trick with Ace of Spades&#xD;
Test&#xD;
Test&#xD;
Player Test2 won trick with Jack of Hearts&#xD;
Test&#xD;
Player Test1 won trick with King of Clubs&#xD;
Test&#xD;
Test&#xD;
Player Test1 won trick with Nine of Clubs&#xD;
Test&#xD;
Test&#xD;
Test&#xD;
Player Test1 won trick with Four of Clubs&#xD;
Test&#xD;
Test&#xD;
Test&#xD;
Test&#xD;
Player Test1 won trick with Ace of Spades&#xD;
Test&#xD;
Test&#xD;
Player Test4 won trick with Ten of Spades&#xD;
Test&#xD;
Test&#xD;
Player Test1 won trick with Queen of Spades&#xD;
Test&#xD;
Test&#xD;
Test&#xD;
Player Test3 won trick with Jack of Diamonds&#xD;
Test&#xD;
Test&#xD;
Test&#xD;
Player Test1 won trick with Ace of Clubs&#xD;
Test&#xD;
Test&#xD;
Test&#xD;
Test&#xD;
Player Test1 won trick with Five of Hearts&#xD;
Test&#xD;
Test&#xD;
Test&#xD;
Player Test1 won trick with Five of Clubs&#xD;
Test&#xD;
Test&#xD;
Test&#xD;
Player Test4 won trick with King of Diamonds&#xD;
Test&#xD;
Test&#xD;
Player Test1 won trick with Seven of Diamonds&#xD;
Test&#xD;
Test&#xD;
Player Test2 won trick with Queen of Diamonds&#xD;
Test&#xD;
Test&#xD;
Test&#xD;
Player Test1 won trick with Ace of Clubs&#xD;
Test&#xD;
Test&#xD;
Player Test1 won trick with Queen of Clubs&#xD;
Test&#xD;
Test&#xD;
Test&#xD;
Player Test1 won trick with Six of Spades&#xD;
Test&#xD;
Test&#xD;
Test&#xD;
Test&#xD;
Player Test1 won trick with Two of Hearts&#xD;
Test&#xD;
Test&#xD;
Test&#xD;
Test&#xD;
Player Test1 won trick with Seven of Clubs&#xD;
Test&#xD;
Test&#xD;
Test&#xD;
Player Test1 won trick with Five of Diamonds&#xD;
Test&#xD;
Player Test4 won trick with Six of Spades&#xD;
Test&#xD;
Test&#xD;
Player Test2 won trick with Ace of Diamonds&#xD;
Test&#xD;
Test&#xD;
Player Test2 won trick with Ace of Spades&#xD;
Test&#xD;
Test&#xD;
Player Test1 won trick with Two of Spades&#xD;
Test&#xD;
Test&#xD;
Test&#xD;
Player Test1 won trick with King of Clubs&#xD;
Test&#xD;
Test&#xD;
Test&#xD;
Player Test4 won trick with Seven of Hearts&#xD;
Test&#xD;
Player Test1 won trick with Queen of Clubs&#xD;
Test&#xD;
Test&#xD;
Test&#xD;
Test&#xD;
Player Test1 won trick with Jack of Hearts&#xD;
Test&#xD;
Test&#xD;
Test&#xD;
Player Test1 won trick with Ace of Clubs&#xD;
Test&#xD;
Test&#xD;
Player Test1 won trick with Six of Diamonds&#xD;
Test&#xD;
Test&#xD;
Test&#xD;
Player Test1 won trick with Jack of Hearts&#xD;
Test&#xD;
Test&#xD;
Test&#xD;
Player Test1 won trick with Queen of Hearts&#xD;
Test&#xD;
Test&#xD;
Test&#xD;
Test&#xD;
Player Test1 won trick with Ten of Hearts&#xD;
Test&#xD;
Player Test1 won trick with King of Diamonds&#xD;
Test&#xD;
Test&#xD;
Test&#xD;
Player Test1 won trick with Seven of Clubs&#xD;
Test&#xD;
Test&#xD;
Test&#xD;
Player Test1 won trick with Five of Clubs&#xD;
Test&#xD;
Test&#xD;
Test&#xD;
Player Test1 won trick with Nine of Diamonds&#xD;
Test&#xD;
Test&#xD;
Player Test1 won trick with Ace of Spades&#xD;
Test&#xD;
Test&#xD;
Player Test1 won trick with Nine of Spades&#xD;
Test&#xD;
Test&#xD;
Test&#xD;
Test&#xD;
Player Test1 won trick with Three of Hearts&#xD;
Test&#xD;
Test&#xD;
Test&#xD;
Player Test1 won trick with Four of Spades&#xD;
Player Test1 won trick with Jack of Diamonds&#xD;
Test&#xD;
Test&#xD;
Test&#xD;
Test&#xD;
Player Test1 won trick with Five of Hearts&#xD;
Test&#xD;
Player Test1 won trick with Queen of Clubs&#xD;
Test&#xD;
Test&#xD;
Test&#xD;
Player Test1 won trick with Jack of Clubs&#xD;
Test&#xD;
Test&#xD;
Test&#xD;
Player Test1 won trick with Five of Clubs&#xD;
Test&#xD;
Test&#xD;
Test&#xD;
Player Test1 won trick with Three of Clubs&#xD;
Test&#xD;
Test&#xD;
Test&#xD;
Player Test1 won trick with Two of Diamonds&#xD;
Test&#xD;
Test&#xD;
Test&#xD;
Player Test1 won trick with King of Hearts&#xD;
Test&#xD;
Test&#xD;
Test&#xD;
Player Test1 won trick with Queen of Spades&#xD;
Test&#xD;
Test&#xD;
Test&#xD;
Player Test1 won trick with Seven of Diamonds&#xD;
Test&#xD;
Test&#xD;
Player Test2 won trick with Three of Spades&#xD;
Test&#xD;
Test&#xD;
Player Test1 won trick with Four of Clubs&#xD;
Test&#xD;
Test&#xD;
Player Test1 won trick with Seven of Diamonds&#xD;
Test&#xD;
Player Test4 won trick with Ace of Diamonds&#xD;
Test&#xD;
Test&#xD;
Player Test1 won trick with Jack of Spades&#xD;
Test&#xD;
Player Test1 won trick with Queen of Diamonds&#xD;
Test&#xD;
Test&#xD;
Player Test1 won trick with Seven of Diamonds&#xD;
Test&#xD;
Player Test3 won trick with King of Hearts&#xD;
Test&#xD;
Test&#xD;
Player Test1 won trick with Seven of Spades&#xD;
Test&#xD;
Test&#xD;
Test&#xD;
Test&#xD;
Player Test1 won trick with Eight of Hearts&#xD;
Test&#xD;
Test&#xD;
Test&#xD;
Player Test1 won trick with Ace of Spades&#xD;
Test&#xD;
Test&#xD;
Player Test4 won trick with Ace of Clubs&#xD;
Test&#xD;
Test&#xD;
Test&#xD;
Player Test1 won trick with Ten of Hearts&#xD;
Test&#xD;
Test&#xD;
Test&#xD;
Test&#xD;
Player Test1 won trick with King of Hearts&#xD;
Test&#xD;
Test&#xD;
Player Test1 won trick with Ten of Diamonds&#xD;
Test&#xD;
Test&#xD;
Test&#xD;
Player Test1 won trick with Ace of Spades&#xD;
Test&#xD;
Test&#xD;
Test&#xD;
Player Test1 won trick with Seven of Clubs&#xD;
Test&#xD;
Player Test1 won trick with King of Spades&#xD;
Test&#xD;
Test&#xD;
Test&#xD;
Player Test1 won trick with Queen of Hearts&#xD;
Test&#xD;
Test&#xD;
Test&#xD;
Test&#xD;
Player Test1 won trick with Jack of Hearts&#xD;
Test&#xD;
Test&#xD;
Player Test1 won trick with Jack of Diamonds&#xD;
Test&#xD;
Player Test3 won trick with Ace of Clubs&#xD;
Test&#xD;
Test&#xD;
Player Test4 won trick with Five of Spades&#xD;
Test&#xD;
Test&#xD;
Test&#xD;
Test&#xD;
Player Test1 won trick with Ace of Hearts&#xD;
Test&#xD;
Test&#xD;
Test&#xD;
Player Test1 won trick with Nine of Clubs&#xD;
Test&#xD;
Test&#xD;
Player Test1 won trick with Queen of Spades&#xD;
Test&#xD;
Test&#xD;
Player Test1 won trick with Jack of Clubs&#xD;
Test&#xD;
Test&#xD;
Test&#xD;
Player Test1 won trick with Three of Diamonds&#xD;
Test&#xD;
Test&#xD;
Test&#xD;
Player Test1 won trick with Five of Spades&#xD;
Test&#xD;
Test&#xD;
Player Test1 won trick with Four of Clubs&#xD;
Test&#xD;
Test&#xD;
Player Test1 won trick with Queen of Spades&#xD;
Test&#xD;
Test&#xD;
Test&#xD;
Test&#xD;
Player Test1 won trick with Ten of Hearts&#xD;
Test&#xD;
Player Test4 won trick with Ace of Diamonds&#xD;
Test&#xD;
Player Test2 won trick with Ace of Clubs&#xD;
Test&#xD;
Test&#xD;
Test&#xD;
Player Test1 won trick with Six of Clubs&#xD;
Test&#xD;
Test&#xD;
Test&#xD;
Player Test1 won trick with King of Diamonds&#xD;
Test&#xD;
Test&#xD;
Test&#xD;
Player Test1 won trick with Queen of Diamonds&#xD;
Test&#xD;
Test&#xD;
Test&#xD;
Test&#xD;
Player Test1 won trick with Four of Hearts&#xD;
Test&#xD;
Test&#xD;
Player Test4 won trick with Ten of Spades&#xD;
Test&#xD;
Test&#xD;
Test&#xD;
Test&#xD;
Player Test1 won trick with Eight of Hearts&#xD;
Test&#xD;
Test&#xD;
Test&#xD;
Player Test1 won trick with Six of Spades&#xD;
Test&#xD;
Test&#xD;
Player Test4 won trick with Seven of Diamonds&#xD;
Test&#xD;
Test&#xD;
Player Test2 won trick with King of Spades&#xD;
Test&#xD;
Test&#xD;
Player Test3 won trick with Ace of Clubs&#xD;
Player Test2 won trick with Ace of Spades&#xD;
Test&#xD;
Test&#xD;
Test&#xD;
Player Test1 won trick with Four of Spades&#xD;
Test&#xD;
Test&#xD;
Test&#xD;
Player Test1 won trick with Two of Clubs&#xD;
Test&#xD;
Test&#xD;
Test&#xD;
Player Test1 won trick with Nine of Diamonds&#xD;
Test&#xD;
Test&#xD;
Player Test1 won trick with Ace of Spades&#xD;
Test&#xD;
Test&#xD;
Player Test3 won trick with Five of Clubs&#xD;
Test&#xD;
Test&#xD;
Test&#xD;
Test&#xD;
Player Test1 won trick with Jack of Hearts&#xD;
Test&#xD;
Test&#xD;
Player Test4 won trick with Ten of Diamonds&#xD;
Test&#xD;
Test&#xD;
Test&#xD;
Player Test1 won trick with Eight of Diamonds&#xD;
Test&#xD;
Test&#xD;
Player Test4 won trick with King of Hearts&#xD;
Test&#xD;
Player Test2 won trick with Queen of Diamonds&#xD;
Test&#xD;
Player Test4 won trick with Seven of Diamonds&#xD;
Test&#xD;
Test&#xD;
Test&#xD;
Player Test1 won trick with Ten of Hearts&#xD;
Test&#xD;
Test&#xD;
Player Test1 won trick with Ten of Spades&#xD;
Test&#xD;
Test&#xD;
Player Test1 won trick with Jack of Diamonds&#xD;
Test&#xD;
Test&#xD;
Test&#xD;
Test&#xD;
Player Test1 won trick with Six of Hearts&#xD;
Test&#xD;
Test&#xD;
Test&#xD;
Player Test1 won trick with Nine of Spades&#xD;
Test&#xD;
Test&#xD;
Player Test2 won trick with Queen of Spades&#xD;
Test&#xD;
Player Test4 won trick with Ace of Spades&#xD;
Test&#xD;
Test&#xD;
Test&#xD;
Player Test4 won trick with King of Hearts&#xD;
Test&#xD;
Test&#xD;
Test&#xD;
Player Test1 won trick with Seven of Diamonds&#xD;
Test&#xD;
Test&#xD;
Test&#xD;
Player Test3 won trick with Seven of Hearts&#xD;
Test&#xD;
Test&#xD;
Player Test3 won trick with King of Spades&#xD;
Test&#xD;
Test&#xD;
Test&#xD;
Player Test1 won trick with Nine of Diamonds&#xD;
Test&#xD;
Test&#xD;
Player Test3 won trick with Queen of Spades&#xD;
Test&#xD;
Test&#xD;
Test&#xD;
Player Test1 won trick with Queen of Diamonds&#xD;
Test&#xD;
Test&#xD;
Test&#xD;
Player Test1 won trick with Nine of Hearts&#xD;
Test&#xD;
Test&#xD;
Test&#xD;
Player Test4 won trick with Jack of Hearts&#xD;
Test&#xD;
Test&#xD;
Test&#xD;
Player Test1 won trick with Ace of Spades&#xD;
Test&#xD;
Test&#xD;
Player Test2 won trick with Queen of Diamonds&#xD;
Test&#xD;
Test&#xD;
Test&#xD;
Player Test1 won trick with Six of Diamonds&#xD;
Test&#xD;
Test&#xD;
Test&#xD;
Player Test1 won trick with Four of Spades&#xD;
Test&#xD;
Test&#xD;
Test&#xD;
Player Test1 won trick with Seven of Spades&#xD;
Player Test1 won trick with Jack of Clubs&#xD;
Test&#xD;
Test&#xD;
Test&#xD;
Player Test1 won trick with Five of Diamonds&#xD;
Test&#xD;
Player Test2 won trick with Jack of Clubs&#xD;
Test&#xD;
Test&#xD;
Player Test4 won trick with King of Spades&#xD;
Test&#xD;
Test&#xD;
Test&#xD;
Player Test1 won trick with Six of Clubs&#xD;
Test&#xD;
Test&#xD;
Test&#xD;
Player Test1 won trick with Two of Diamonds&#xD;
Test&#xD;
Test&#xD;
Player Test2 won trick with Nine of Hearts&#xD;
Test&#xD;
Test&#xD;
Player Test1 won trick with Four of Diamonds&#xD;
Test&#xD;
Test&#xD;
Player Test4 won trick with Jack of Clubs&#xD;
Test&#xD;
Test&#xD;
Test&#xD;
Player Test1 won trick with Seven of Spades&#xD;
Player Test4 won trick with Jack of Diamonds&#xD;
Test&#xD;
Player Test1 won trick with Ace of Clubs&#xD;
Test&#xD;
Test&#xD;
Player Test2 won trick with Ace of Hearts&#xD;
Test&#xD;
Test&#xD;
Test&#xD;
Player Test4 won trick with Eight of Hearts&#xD;
Test&#xD;
Test&#xD;
Player Test4 won trick with Jack of Spades&#xD;
Test&#xD;
Test&#xD;
Test&#xD;
Player Test1 won trick with Ace of Clubs&#xD;
Test&#xD;
Test&#xD;
Test&#xD;
Player Test1 won trick with Three of Spades&#xD;
Test&#xD;
Test&#xD;
Test&#xD;
Player Test2 won trick with Ace of Hearts&#xD;
Test&#xD;
Player Test1 won trick with Ten of Spades&#xD;
Test&#xD;
Test&#xD;
Test&#xD;
Player Test1 won trick with Ten of Spades&#xD;
Test&#xD;
Test&#xD;
Test&#xD;
Test&#xD;
Player Test1 won trick with Jack of Hearts&#xD;
Test&#xD;
Test&#xD;
Player Test1 won trick with King of Spades&#xD;
Test&#xD;
Test&#xD;
Player Test1 won trick with Ace of Diamonds&#xD;
Test&#xD;
Test&#xD;
Test&#xD;
Player Test1 won trick with King of Hearts&#xD;
Test&#xD;
Test&#xD;
Test&#xD;
Player Test1 won trick with Three of Spades&#xD;
Test&#xD;
Test&#xD;
Player Test1 won trick with King of Clubs&#xD;
Test&#xD;
Test&#xD;
Test&#xD;
Player Test1 won trick with Nine of Hearts&#xD;
Test&#xD;
Test&#xD;
Player Test2 won trick with Seven of Spades&#xD;
Test&#xD;
Test&#xD;
Test&#xD;
Player Test1 won trick with Nine of Diamonds&#xD;
Test&#xD;
Test&#xD;
Test&#xD;
Player Test1 won trick with Jack of Spades&#xD;
Test&#xD;
Test&#xD;
Test&#xD;
Player Test1 won trick with Ace of Diamonds&#xD;
Test&#xD;
Test&#xD;
Player Test2 won trick with Queen of Diamonds&#xD;
Test&#xD;
Test&#xD;
Player Test1 won trick with Ten of Clubs&#xD;
Test&#xD;
Player Test2 won trick with Nine of Clubs&#xD;
Test&#xD;
Player Test1 won trick with Nine of Clubs&#xD;
Test&#xD;
Test&#xD;
Test&#xD;
Player Test1 won trick with Jack of Clubs&#xD;
Test&#xD;
Test&#xD;
Test&#xD;
Player Test1 won trick with Eight of Diamonds&#xD;
Test&#xD;
Player Test3 won trick with Queen of Clubs&#xD;
Test&#xD;
Test&#xD;
Test&#xD;
Player Test1 won trick with Nine of Diamonds&#xD;
Test&#xD;
Test&#xD;
Player Test1 won trick with Jack of Spades&#xD;
Test&#xD;
Test&#xD;
Test&#xD;
Test&#xD;
Player Test1 won trick with Ace of Hearts&#xD;
Test&#xD;
Test&#xD;
Player Test1 won trick with Ace of Diamonds&#xD;
Test&#xD;
Test&#xD;
Test&#xD;
Test&#xD;
Player Test1 won trick with Six of Hearts&#xD;
Test&#xD;
Test&#xD;
Test&#xD;
Player Test1 won trick with Five of Spades&#xD;
Test&#xD;
Test&#xD;
Player Test1 won trick with Ace of Diamonds&#xD;
Test&#xD;
Test&#xD;
Player Test1 won trick with Six of Spades&#xD;
Test&#xD;
Test&#xD;
Test&#xD;
Test&#xD;
Player Test1 won trick with King of Hearts&#xD;
Test&#xD;
Test&#xD;
Test&#xD;
Player Test1 won trick with Nine of Clubs&#xD;
Test&#xD;
Test&#xD;
Test&#xD;
Player Test4 won trick with Jack of Hearts&#xD;
Test&#xD;
Test&#xD;
Player Test2 won trick with King of Clubs&#xD;
Test&#xD;
Test&#xD;
Test&#xD;
Player Test1 won trick with King of Spades&#xD;
Test&#xD;
Test&#xD;
Test&#xD;
Player Test3 won trick with King of Hearts&#xD;
Test&#xD;
Test&#xD;
Test&#xD;
Player Test1 won trick with Four of Diamonds&#xD;
Test&#xD;
Test&#xD;
Test&#xD;
Player Test1 won trick with Ten of Clubs&#xD;
Test&#xD;
Test&#xD;
Test&#xD;
Player Test1 won trick with Seven of Clubs&#xD;
Test&#xD;
Player Test1 won trick with Nine of Clubs&#xD;
Test&#xD;
Player Test2 won trick with Queen of Clubs&#xD;
Test&#xD;
Player Test1 won trick with King of Diamonds&#xD;
Test&#xD;
Test&#xD;
Player Test1 won trick with Six of Diamonds&#xD;
Test&#xD;
Test&#xD;
Test&#xD;
Player Test1 won trick with King of Spades&#xD;
Test&#xD;
Test&#xD;
Test&#xD;
Player Test1 won trick with Queen of Spades&#xD;
Test&#xD;
Test&#xD;
Test&#xD;
Player Test1 won trick with Nine of Clubs&#xD;
Test&#xD;
Player Test1 won trick with Queen of Diamonds&#xD;
Test&#xD;
Test&#xD;
Player Test2 won trick with King of Clubs&#xD;
Test&#xD;
Test&#xD;
Test&#xD;
Test&#xD;
Player Test1 won trick with Six of Hearts&#xD;
Test&#xD;
Test&#xD;
Player Test2 won trick with Eight of Diamonds&#xD;
Test&#xD;
Test&#xD;
Player Test1 won trick with King of Spades&#xD;
Test&#xD;
Test&#xD;
Test&#xD;
Test&#xD;
Player Test1 won trick with Queen of Diamonds&#xD;
Test&#xD;
Test&#xD;
Test&#xD;
Test&#xD;
Player Test1 won trick with Three of Hearts&#xD;
Test&#xD;
Test&#xD;
Test&#xD;
Test&#xD;
Player Test1 won trick with Queen of Hearts&#xD;
Test&#xD;
Test&#xD;
Player Test2 won trick with Six of Diamonds&#xD;
Test&#xD;
Test&#xD;
Player Test4 won trick with Ten of Hearts&#xD;
Test&#xD;
Test&#xD;
Test&#xD;
Player Test1 won trick with Five of Spades&#xD;
Test&#xD;
Test&#xD;
Test&#xD;
Player Test3 won trick with Ace of Hearts&#xD;
Test&#xD;
Test&#xD;
Test&#xD;
Player Test2 won trick with King of Hearts&#xD;
Test&#xD;
Test&#xD;
Player Test3 won trick with King of Spades&#xD;
Test&#xD;
Test&#xD;
Test&#xD;
Player Test1 won trick with Nine of Diamonds&#xD;
Test&#xD;
Test&#xD;
Test&#xD;
Player Test1 won trick with Five of Spades&#xD;
Test&#xD;
Test&#xD;
Test&#xD;
Player Test1 won trick with King of Clubs&#xD;
Test&#xD;
Test&#xD;
Test&#xD;
Player Test1 won trick with Eight of Diamonds&#xD;
Test&#xD;
Test&#xD;
Test&#xD;
Player Test4 won trick with Queen of Hearts&#xD;
Test&#xD;
Test&#xD;
Player Test2 won trick with Ten of Clubs&#xD;
Test&#xD;
Test&#xD;
Test&#xD;
Player Test1 won trick with Five of Hearts&#xD;
Test&#xD;
Test&#xD;
Player Test2 won trick with Ace of Hearts&#xD;
Test&#xD;
Test&#xD;
Player Test2 won trick with King of Hearts&#xD;
Test&#xD;
Test&#xD;
Player Test1 won trick with Ace of Clubs&#xD;
Test&#xD;
Test&#xD;
Player Test2 won trick with Queen of Clubs&#xD;
Test&#xD;
Test&#xD;
Player Test2 won trick with King of Spades&#xD;
Test&#xD;
Test&#xD;
Player Test1 won trick with Three of Spades&#xD;
Test&#xD;
Test&#xD;
Test&#xD;
Test&#xD;
Player Test1 won trick with Queen of Hearts&#xD;
Test&#xD;
Test&#xD;
Player Test3 won trick with Seven of Spades&#xD;
Test&#xD;
Test&#xD;
Player Test1 won trick with Jack of Clubs&#xD;
Test&#xD;
Test&#xD;
Test&#xD;
Player Test1 won trick with Two of Diamonds&#xD;
Test&#xD;
Test&#xD;
Test&#xD;
Player Test1 won trick with Jack of Clubs&#xD;
Test&#xD;
Test&#xD;
Test&#xD;
Player Test3 won trick with Ace of Hearts&#xD;
Test&#xD;
Test&#xD;
Test&#xD;
Player Test2 won trick with Seven of Hearts&#xD;
Test&#xD;
Test&#xD;
Player Test3 won trick with King of Diamonds&#xD;
Test&#xD;
Test&#xD;
Test&#xD;
Player Test4 won trick with King of Clubs&#xD;
Test&#xD;
Test&#xD;
Player Test2 won trick with Ten of Hearts&#xD;
Test&#xD;
Test&#xD;
Test&#xD;
Player Test1 won trick with Five of Diamonds&#xD;
Test&#xD;
Test&#xD;
Player Test4 won trick with Nine of Diamonds&#xD;
Test&#xD;
Test&#xD;
Test&#xD;
Player Test1 won trick with Ten of Hearts&#xD;
Test&#xD;
Test&#xD;
Player Test1 won trick with Ace of Spades&#xD;
Test&#xD;
Test&#xD;
Player Test1 won trick with Nine of Diamonds&#xD;
Test&#xD;
Test&#xD;
Player Test1 won trick with Ten of Clubs&#xD;
Test&#xD;
Test&#xD;
Player Test3 won trick with Eight of Diamonds&#xD;
Test&#xD;
Test&#xD;
Test&#xD;
Player Test1 won trick with Ten of Clubs&#xD;
Test&#xD;
Test&#xD;
Test&#xD;
Player Test1 won trick with Six of Hearts&#xD;
Test&#xD;
Test&#xD;
Player Test1 won trick with Jack of Diamonds&#xD;
Test&#xD;
Test&#xD;
Test&#xD;
Player Test1 won trick with Jack of Spades&#xD;
Test&#xD;
Test&#xD;
Player Test4 won trick with Jack of Clubs&#xD;
Test&#xD;
Test&#xD;
Test&#xD;
Player Test1 won trick with Ten of Spades&#xD;
Test&#xD;
Test&#xD;
Test&#xD;
Player Test1 won trick with Five of Clubs&#xD;
Test&#xD;
Test&#xD;
Test&#xD;
Player Test1 won trick with Ace of Diamonds&#xD;
Test&#xD;
Test&#xD;
Player Test1 won trick with Queen of Diamonds&#xD;
Test&#xD;
Test&#xD;
Test&#xD;
Player Test1 won trick with Two of Clubs&#xD;
Test&#xD;
Test&#xD;
Test&#xD;
Player Test1 won trick with Eight of Clubs&#xD;
Test&#xD;
Test&#xD;
Test&#xD;
Player Test1 won trick with Eight of Spades&#xD;
Test&#xD;
Test&#xD;
Test&#xD;
Test&#xD;
Player Test1 won trick with Six of Hearts&#xD;
Test&#xD;
Player Test1 won trick with King of Diamonds&#xD;
Test&#xD;
Test&#xD;
Test&#xD;
Player Test1 won trick with Six of Spades&#xD;
Test&#xD;
Test&#xD;
Player Test1 won trick with Seven of Diamonds&#xD;
Test&#xD;
Test&#xD;
Player Test1 won trick with Queen of Diamonds&#xD;
Test&#xD;
Test&#xD;
Test&#xD;
Player Test4 won trick with Seven of Hearts&#xD;
Test&#xD;
Test&#xD;
Test&#xD;
Player Test1 won trick with Nine of Clubs&#xD;
Test&#xD;
Test&#xD;
Player Test4 won trick with Ten of Diamonds&#xD;
Test&#xD;
Test&#xD;
Test&#xD;
Player Test1 won trick with Five of Clubs&#xD;
Test&#xD;
Test&#xD;
Test&#xD;
Player Test1 won trick with Five of Spades&#xD;
Test&#xD;
Test&#xD;
Test&#xD;
Player Test1 won trick with Queen of Clubs&#xD;
Test&#xD;
Test&#xD;
Player Test1 won trick with King of Diamonds&#xD;
Test&#xD;
Test&#xD;
Player Test2 won trick with Ten of Clubs&#xD;
Test&#xD;
Test&#xD;
Test&#xD;
Player Test1 won trick with Ace of Diamonds&#xD;
Test&#xD;
Test&#xD;
Test&#xD;
Player Test1 won trick with Eight of Clubs&#xD;
Test&#xD;
Test&#xD;
Test&#xD;
Test&#xD;
Player Test1 won trick with Four of Hearts&#xD;
Test&#xD;
Test&#xD;
Player Test1 won trick with Ten of Diamonds&#xD;
Test&#xD;
Test&#xD;
Player Test2 won trick with King of Hearts&#xD;
Test&#xD;
Player Test2 won trick with Eight of Diamonds&#xD;
Test&#xD;
Test&#xD;
Test&#xD;
Player Test1 won trick with Three of Clubs&#xD;
Test&#xD;
Test&#xD;
Test&#xD;
Player Test1 won trick with Five of Spades&#xD;
Test&#xD;
Test&#xD;
Player Test1 won trick with King of Diamonds&#xD;
Test&#xD;
Test&#xD;
Test&#xD;
Player Test1 won trick with Nine of Clubs&#xD;
Test&#xD;
Player Test1 won trick with Ace of Spades&#xD;
Test&#xD;
Test&#xD;
Test&#xD;
Player Test1 won trick with Two of Spades&#xD;
Test&#xD;
Test&#xD;
Test&#xD;
Player Test1 won trick with Three of Diamonds&#xD;
Test&#xD;
Test&#xD;
Test&#xD;
Player Test1 won trick with Queen of Hearts&#xD;
Test&#xD;
Test&#xD;
Test&#xD;
Player Test3 won trick with Ten of Hearts&#xD;
Test&#xD;
Player Test3 won trick with Queen of Clubs&#xD;
Test&#xD;
Test&#xD;
Test&#xD;
Player Test2 won trick with Jack of Hearts&#xD;
Test&#xD;
Test&#xD;
Player Test1 won trick with Three of Clubs&#xD;
Test&#xD;
Test&#xD;
Test&#xD;
Test&#xD;
Player Test1 won trick with Six of Clubs&#xD;
Test&#xD;
Test&#xD;
Test&#xD;
Test&#xD;
Player Test1 won trick with Six of Hearts&#xD;
Test&#xD;
Test&#xD;
Test&#xD;
Player Test1 won trick with Ace of Hearts&#xD;
Test&#xD;
Test&#xD;
Test&#xD;
Player Test2 won trick with Six of Hearts&#xD;
Test&#xD;
Test&#xD;
Test&#xD;
Player Test1 won trick with King of Spades&#xD;
Test&#xD;
Test&#xD;
Player Test4 won trick with King of Spades&#xD;
Test&#xD;
Test&#xD;
Test&#xD;
Player Test1 won trick with Jack of Clubs&#xD;
Test&#xD;
Test&#xD;
Test&#xD;
Player Test1 won trick with Eight of Clubs&#xD;
Test&#xD;
Test&#xD;
Test&#xD;
Player Test1 won trick with Three of Spades&#xD;
Test&#xD;
Test&#xD;
Player Test1 won trick with Nine of Diamonds&#xD;
Test&#xD;
Test&#xD;
Test&#xD;
Player Test1 won trick with Seven of Spades&#xD;
Test&#xD;
Test&#xD;
Test&#xD;
Player Test1 won trick with Seven of Clubs&#xD;
Test&#xD;
Test&#xD;
Player Test2 won trick with Ten of Diamonds&#xD;
Test&#xD;
Test&#xD;
Test&#xD;
Player Test1 won trick with Ace of Diamonds&#xD;
Test&#xD;
Test&#xD;
Player Test1 won trick with Ace of Clubs&#xD;
Test&#xD;
Test&#xD;
Test&#xD;
Player Test1 won trick with Seven of Hearts&#xD;
Test&#xD;
Test&#xD;
Player Test1 won trick with Jack of Clubs&#xD;
Test&#xD;
Test&#xD;
Test&#xD;
Test&#xD;
Player Test1 won trick with Five of Hearts&#xD;
Test&#xD;
Player Test3 won trick with Seven of Clubs&#xD;
Test&#xD;
Test&#xD;
Test&#xD;
Test&#xD;
Player Test1 won trick with Six of Clubs&#xD;
Test&#xD;
Test&#xD;
Test&#xD;
Player Test1 won trick with Ace of Hearts&#xD;
Test&#xD;
Player Test2 won trick with Queen of Clubs&#xD;
Test&#xD;
Test&#xD;
Player Test3 won trick with Jack of Diamonds&#xD;
Test&#xD;
Test&#xD;
Test&#xD;
Player Test1 won trick with Four of Diamonds&#xD;
Test&#xD;
Test&#xD;
Player Test1 won trick with Ace of Clubs&#xD;
Test&#xD;
Test&#xD;
Test&#xD;
Player Test3 won trick with Six of Hearts&#xD;
Test&#xD;
Test&#xD;
Test&#xD;
Player Test3 won trick with Three of Hearts&#xD;
Test&#xD;
Test&#xD;
Player Test3 won trick with Nine of Clubs&#xD;
Test&#xD;
Test&#xD;
Test&#xD;
Player Test1 won trick with Eight of Clubs&#xD;
Test&#xD;
Test&#xD;
Test&#xD;
Test&#xD;
Player Test1 won trick with Queen of Hearts&#xD;
Test&#xD;
Test&#xD;
Player Test1 won trick with Ace of Clubs&#xD;
Test&#xD;
Test&#xD;
Test&#xD;
Player Test3 won trick with King of Hearts&#xD;
Test&#xD;
Test&#xD;
Test&#xD;
Test&#xD;
Player Test1 won trick with Queen of Hearts&#xD;
Test&#xD;
Test&#xD;
Test&#xD;
Test&#xD;
Player Test1 won trick with Jack of Hearts&#xD;
Test&#xD;
Test&#xD;
Test&#xD;
Player Test1 won trick with Seven of Diamonds&#xD;
Test&#xD;
Test&#xD;
Test&#xD;
Test&#xD;
Player Test1 won trick with Ten of Hearts&#xD;
Test&#xD;
Test&#xD;
Test&#xD;
Player Test1 won trick with Seven of Hearts&#xD;
Test&#xD;
Test&#xD;
Test&#xD;
Player Test2 won trick with Six of Hearts&#xD;
Test&#xD;
Player Test1 won trick with Queen of Spades&#xD;
Test&#xD;
Test&#xD;
Player Test3 won trick with Six of Clubs&#xD;
Test&#xD;
Test&#xD;
Test&#xD;
Player Test1 won trick with Five of Spades&#xD;
Test&#xD;
Test&#xD;
Test&#xD;
Test&#xD;
Player Test1 won trick with Seven of Hearts&#xD;
Test&#xD;
Test&#xD;
Player Test1 won trick with Jack of Spades&#xD;
Test&#xD;
Test&#xD;
Player Test4 won trick with Nine of Clubs&#xD;
Test&#xD;
Test&#xD;
Test&#xD;
Player Test4 won trick with King of Hearts&#xD;
Test&#xD;
Test&#xD;
Test&#xD;
Test&#xD;
Player Test1 won trick with Eight of Hearts&#xD;
Test&#xD;
Test&#xD;
Player Test3 won trick with Jack of Clubs&#xD;
Test&#xD;
Test&#xD;
Test&#xD;
Player Test1 won trick with Five of Diamonds&#xD;
Test&#xD;
Test&#xD;
Test&#xD;
Player Test1 won trick with Ace of Clubs&#xD;
Test&#xD;
Test&#xD;
Test&#xD;
Player Test1 won trick with Four of Clubs&#xD;
Test&#xD;
Test&#xD;
Test&#xD;
Test&#xD;
Player Test1 won trick with Ten of Hearts&#xD;
Test&#xD;
Test&#xD;
Player Test1 won trick with Jack of Clubs&#xD;
Test&#xD;
Test&#xD;
Player Test1 won trick with Nine of Diamonds&#xD;
Test&#xD;
Test&#xD;
Player Test1 won trick with Queen of Spades&#xD;
Test&#xD;
Test&#xD;
Test&#xD;
Test&#xD;
Player Test1 won trick with Ace of Hearts&#xD;
Test&#xD;
Test&#xD;
Player Test3 won trick with Ace of Clubs&#xD;
Test&#xD;
Test&#xD;
Test&#xD;
Player Test1 won trick with Ace of Spades&#xD;
Test&#xD;
Test&#xD;
Player Test4 won trick with Nine of Spades&#xD;
Test&#xD;
Test&#xD;
Player Test1 won trick with King of Spades&#xD;
Test&#xD;
Test&#xD;
Player Test1 won trick with King of Diamonds&#xD;
Test&#xD;
Player Test2 won trick with King of Diamonds&#xD;
Test&#xD;
Test&#xD;
Player Test1 won trick with Jack of Diamonds&#xD;
Test&#xD;
Test&#xD;
Player Test1 won trick with Jack of Clubs&#xD;
Test&#xD;
Test&#xD;
Test&#xD;
Player Test1 won trick with Six of Hearts&#xD;
Test&#xD;
Player Test4 won trick with Queen of Diamonds&#xD;
Test&#xD;
Player Test4 won trick with King of Spades&#xD;
Test&#xD;
Test&#xD;
Test&#xD;
Player Test2 won trick with Four of Hearts&#xD;
Test&#xD;
Test&#xD;
Test&#xD;
Player Test1 won trick with Jack of Diamonds&#xD;
Test&#xD;
Test&#xD;
Player Test1 won trick with Six of Clubs&#xD;
Test&#xD;
Test&#xD;
Test&#xD;
Test&#xD;
Player Test1 won trick with King of Hearts&#xD;
Test&#xD;
Test&#xD;
Test&#xD;
Player Test1 won trick with Seven of Spades&#xD;
Test&#xD;
Player Test2 won trick with Ten of Diamonds&#xD;
Test&#xD;
Player Test4 won trick with Ace of Clubs&#xD;
Test&#xD;
Player Test1 won trick with Jack of Spades&#xD;
Test&#xD;
Player Test2 won trick with Ace of Diamonds&#xD;
Test&#xD;
Test&#xD;
Test&#xD;
Test&#xD;
Player Test1 won trick with Nine of Spades&#xD;
Test&#xD;
Test&#xD;
Test&#xD;
Player Test1 won trick with Six of Diamonds&#xD;
Test&#xD;
Test&#xD;
Test&#xD;
Player Test1 won trick with Ace of Hearts&#xD;
Test&#xD;
Player Test3 won trick with Nine of Diamonds&#xD;
Test&#xD;
Test&#xD;
Player Test1 won trick with King of Spades&#xD;
Test&#xD;
Player Test1 won trick with King of Hearts&#xD;
Test&#xD;
Test&#xD;
Player Test1 won trick with Five of Clubs&#xD;
Test&#xD;
Test&#xD;
Player Test2 won trick with King of Diamonds&#xD;
Test&#xD;
Test&#xD;
Test&#xD;
Player Test1 won trick with Eight of Clubs&#xD;
Test&#xD;
Test&#xD;
Test&#xD;
Player Test1 won trick with Ace of Hearts&#xD;
Test&#xD;
Test&#xD;
Test&#xD;
Player Test1 won trick with King of Hearts&#xD;
Test&#xD;
Test&#xD;
Test&#xD;
Player Test1 won trick with Jack of Clubs&#xD;
Test&#xD;
Test&#xD;
Player Test4 won trick with Eight of Clubs&#xD;
Test&#xD;
Test&#xD;
Test&#xD;
Player Test1 won trick with King of Diamonds&#xD;
Test&#xD;
Test&#xD;
Player Test3 won trick with Ace of Spades&#xD;
Test&#xD;
Test&#xD;
Test&#xD;
Player Test1 won trick with Four of Clubs&#xD;
Test&#xD;
Test&#xD;
Test&#xD;
Player Test2 won trick with Eight of Hearts&#xD;
Test&#xD;
Test&#xD;
Test&#xD;
Player Test1 won trick with Jack of Spades&#xD;
Test&#xD;
Test&#xD;
Player Test1 won trick with Jack of Spades&#xD;
Test&#xD;
Player Test3 won trick with Ace of Diamonds&#xD;
Test&#xD;
Test&#xD;
Test&#xD;
Test&#xD;
Player Test1 won trick with Seven of Hearts&#xD;
Test&#xD;
Player Test4 won trick with Four of Diamonds&#xD;
Test&#xD;
Test&#xD;
Test&#xD;
Test&#xD;
Player Test1 won trick with Seven of Hearts&#xD;
Test&#xD;
Test&#xD;
Player Test2 won trick with Six of Diamonds&#xD;
Test&#xD;
Test&#xD;
Test&#xD;
Player Test1 won trick with Queen of Diamonds&#xD;
Test&#xD;
Test&#xD;
Test&#xD;
Player Test1 won trick with Eight of Clubs&#xD;
Test&#xD;
Test&#xD;
Test&#xD;
Player Test1 won trick with Eight of Clubs&#xD;
Test&#xD;
Test&#xD;
Test&#xD;
Player Test1 won trick with Six of Diamonds&#xD;
Test&#xD;
Test&#xD;
Test&#xD;
Player Test1 won trick with Ten of Clubs&#xD;
Player Test2 won trick with Jack of Spades&#xD;
Test&#xD;
Test&#xD;
Test&#xD;
Test&#xD;
Player Test1 won trick with Seven of Hearts&#xD;
Test&#xD;
Test&#xD;
Test&#xD;
Test&#xD;
Player Test1 won trick with Six of Spades&#xD;
Test&#xD;
Test&#xD;
Test&#xD;
Player Test1 won trick with Queen of Diamonds&#xD;
Test&#xD;
Test&#xD;
Test&#xD;
Player Test1 won trick with Five of Diamonds&#xD;
Test&#xD;
Test&#xD;
Player Test3 won trick with Ten of Clubs&#xD;
Test&#xD;
Test&#xD;
Test&#xD;
Player Test1 won trick with Eight of Diamonds&#xD;
Test&#xD;
Test&#xD;
Test&#xD;
Player Test2 won trick with Queen of Hearts&#xD;
Test&#xD;
Test&#xD;
Test&#xD;
Player Test3 won trick with Ten of Hearts&#xD;
Test&#xD;
Test&#xD;
Test&#xD;
Player Test1 won trick with Five of Diamonds&#xD;
Test&#xD;
Test&#xD;
Test&#xD;
Player Test1 won trick with Eight of Hearts&#xD;
Test&#xD;
Test&#xD;
Test&#xD;
Player Test1 won trick with Jack of Diamonds&#xD;
Test&#xD;
Player Test1 won trick with Six of Diamonds&#xD;
Test&#xD;
Player Test2 won trick with Ace of Diamonds&#xD;
Test&#xD;
Test&#xD;
Test&#xD;
Test&#xD;
Player Test1 won trick with Ace of Hearts&#xD;
Test&#xD;
Test&#xD;
Test&#xD;
Player Test1 won trick with Jack of Spades&#xD;
Test&#xD;
Player Test3 won trick with Seven of Hearts&#xD;
Test&#xD;
Test&#xD;
Test&#xD;
Test&#xD;
Player Test1 won trick with Queen of Hearts&#xD;
Test&#xD;
Test&#xD;
Player Test1 won trick with Ace of Diamonds&#xD;
Test&#xD;
Test&#xD;
Test&#xD;
Player Test1 won trick with Four of Spades&#xD;
Test&#xD;
Test&#xD;
Test&#xD;
Player Test4 won trick with Ace of Diamonds&#xD;
Test&#xD;
Test&#xD;
Test&#xD;
Player Test1 won trick with Queen of Spades&#xD;
Test&#xD;
Test&#xD;
Player Test4 won trick with Ten of Diamonds&#xD;
Test&#xD;
Test&#xD;
Test&#xD;
Test&#xD;
Player Test1 won trick with Six of Hearts&#xD;
Test&#xD;
Test&#xD;
Player Test3 won trick with Queen of Spades&#xD;
Test&#xD;
Test&#xD;
Test&#xD;
Player Test3 won trick with King of Hearts&#xD;
Test&#xD;
Test&#xD;
Player Test3 won trick with Three of Clubs&#xD;
Test&#xD;
Test&#xD;
Player Test1 won trick with Ten of Spades&#xD;
Test&#xD;
Test&#xD;
Player Test2 won trick with Eight of Spades&#xD;
Test&#xD;
Test&#xD;
Test&#xD;
Player Test1 won trick with Six of Spades&#xD;
Test&#xD;
Test&#xD;
Player Test4 won trick with Jack of Hearts&#xD;
Test&#xD;
Test&#xD;
Test&#xD;
Test&#xD;
Player Test1 won trick with Two of Hearts&#xD;
Test&#xD;
Test&#xD;
Test&#xD;
Test&#xD;
Player Test1 won trick with Jack of Hearts&#xD;
Test&#xD;
Test&#xD;
Player Test2 won trick with Ace of Hearts&#xD;
Test&#xD;
Test&#xD;
Player Test2 won trick with Seven of Diamonds&#xD;
Test&#xD;
Test&#xD;
Player Test1 won trick with Ace of Spades&#xD;
Test&#xD;
Test&#xD;
Test&#xD;
Test&#xD;
Player Test1 won trick with Six of Hearts&#xD;
Test&#xD;
Test&#xD;
Test&#xD;
Player Test1 won trick with Three of Spades&#xD;
Test&#xD;
Test&#xD;
Player Test2 won trick with Seven of Spades&#xD;
Test&#xD;
Test&#xD;
Test&#xD;
Test&#xD;
Player Test1 won trick with Ace of Diamonds&#xD;
Test&#xD;
Test&#xD;
Player Test4 won trick with King of Clubs&#xD;
Test&#xD;
Test&#xD;
Test&#xD;
Player Test1 won trick with Ace of Hearts&#xD;
Test&#xD;
Test&#xD;
Test&#xD;
Player Test1 won trick with Ten of Hearts&#xD;
Test&#xD;
Test&#xD;
Player Test2 won trick with Eight of Diamonds&#xD;
Test&#xD;
Test&#xD;
Test&#xD;
Test&#xD;
Player Test1 won trick with Four of Spades&#xD;
Test&#xD;
Test&#xD;
Test&#xD;
Player Test1 won trick with Ten of Hearts&#xD;
Test&#xD;
Player Test4 won trick with Ten of Clubs&#xD;
Test&#xD;
Player Test3 won trick with Eight of Spades&#xD;
Test&#xD;
Test&#xD;
Player Test1 won trick with Queen of Diamonds&#xD;
Test&#xD;
Test&#xD;
Test&#xD;
Player Test1 won trick with Nine of Diamonds&#xD;
Test&#xD;
Test&#xD;
Test&#xD;
Player Test1 won trick with King of Clubs&#xD;
Test&#xD;
Test&#xD;
Test&#xD;
Player Test2 won trick with Three of Hearts&#xD;
Test&#xD;
Test&#xD;
Test&#xD;
Player Test1 won trick with Ten of Spades&#xD;
Test&#xD;
Test&#xD;
Player Test4 won trick with Ten of Spades&#xD;
Test&#xD;
Test&#xD;
Player Test2 won trick with Queen of Spades&#xD;
Test&#xD;
Test&#xD;
Player Test1 won trick with Four of Diamonds&#xD;
Test&#xD;
Test&#xD;
Test&#xD;
Player Test1 won trick with Three of Diamonds&#xD;
Test&#xD;
Test&#xD;
Test&#xD;
Player Test1 won trick with Three of Spades&#xD;
Test&#xD;
Player Test3 won trick with Ace of Spades&#xD;
Test&#xD;
Test&#xD;
Test&#xD;
Player Test1 won trick with Six of Clubs&#xD;
Test&#xD;
Test&#xD;
Test&#xD;
Player Test1 won trick with Jack of Hearts&#xD;
Test&#xD;
Test&#xD;
Test&#xD;
Player Test1 won trick with Jack of Spades&#xD;
Test&#xD;
Test&#xD;
Player Test1 won trick with Ten of Clubs&#xD;
Test&#xD;
Test&#xD;
Test&#xD;
Test&#xD;
Player Test1 won trick with Two of Hearts&#xD;
Test&#xD;
Test&#xD;
Test&#xD;
Test&#xD;
Player Test1 won trick with Five of Hearts&#xD;
Test&#xD;
Test&#xD;
Player Test4 won trick with Jack of Clubs&#xD;
Test&#xD;
Test&#xD;
Player Test4 won trick with Three of Diamonds&#xD;
Test&#xD;
Player Test3 won trick with Jack of Spades&#xD;
Test&#xD;
Player Test1 won trick with Eight of Clubs&#xD;
Test&#xD;
Test&#xD;
Test&#xD;
Player Test1 won trick with Seven of Clubs&#xD;
Test&#xD;
Test&#xD;
Player Test3 won trick with Ace of Clubs&#xD;
Test&#xD;
Test&#xD;
Test&#xD;
Player Test1 won trick with King of Diamonds&#xD;
Test&#xD;
Test&#xD;
Test&#xD;
Test&#xD;
Player Test1 won trick with Six of Spades&#xD;
Test&#xD;
Test&#xD;
Player Test1 won trick with Eight of Diamonds&#xD;
Test&#xD;
Test&#xD;
Test&#xD;
Player Test1 won trick with Six of Clubs&#xD;
Test&#xD;
Test&#xD;
Player Test1 won trick with King of Diamonds&#xD;
Test&#xD;
Test&#xD;
Player Test3 won trick with King of Clubs&#xD;
Test&#xD;
Test&#xD;
Test&#xD;
Test&#xD;
Player Test1 won trick with Ten of Hearts&#xD;
Test&#xD;
Test&#xD;
Test&#xD;
Player Test1 won trick with Five of Clubs&#xD;
Test&#xD;
Test&#xD;
Player Test3 won trick with Ace of Clubs&#xD;
Test&#xD;
Test&#xD;
Test&#xD;
Player Test1 won trick with Three of Diamonds&#xD;
Test&#xD;
Test&#xD;
Test&#xD;
Player Test1 won trick with Ace of Clubs&#xD;
Test&#xD;
Test&#xD;
Player Test2 won trick with Jack of Diamonds&#xD;
Test&#xD;
Test&#xD;
Test&#xD;
Player Test1 won trick with Three of Clubs&#xD;
Test&#xD;
Test&#xD;
Test&#xD;
Player Test4 won trick with Queen of Diamonds&#xD;
Test&#xD;
Test&#xD;
Test&#xD;
Test&#xD;
Player Test1 won trick with Two of Hearts&#xD;
Test&#xD;
Test&#xD;
Test&#xD;
Player Test1 won trick with Nine of Clubs&#xD;
Test&#xD;
Test&#xD;
Player Test3 won trick with Seven of Diamonds&#xD;
Test&#xD;
Test&#xD;
Player Test3 won trick with Ace of Hearts&#xD;
Test&#xD;
Test&#xD;
Test&#xD;
Test&#xD;
Player Test1 won trick with Two of Hearts&#xD;
Test&#xD;
Test&#xD;
Player Test1 won trick with Nine of Hearts&#xD;
Test&#xD;
Test&#xD;
Player Test2 won trick with Jack of Diamonds&#xD;
Test&#xD;
Test&#xD;
Test&#xD;
Test&#xD;
Player Test1 won trick with Four of Hearts&#xD;
Test&#xD;
Test&#xD;
Test&#xD;
Player Test1 won trick with Nine of Spades&#xD;
Test&#xD;
Test&#xD;
Player Test3 won trick with Ace of Spades&#xD;
Test&#xD;
Test&#xD;
Test&#xD;
Player Test1 won trick with Eight of Spades&#xD;
Test&#xD;
Test&#xD;
Player Test1 won trick with Queen of Diamonds&#xD;
Test&#xD;
Test&#xD;
Player Test2 won trick with Nine of Clubs&#xD;
Test&#xD;
Test&#xD;
Player Test1 won trick with Ten of Diamonds&#xD;
Test&#xD;
Test&#xD;
Player Test1 won trick with Three of Clubs&#xD;
Player Test4 won trick with Ace of Clubs&#xD;
Test&#xD;
Test&#xD;
Test&#xD;
Player Test1 won trick with Seven of Diamonds&#xD;
Test&#xD;
Test&#xD;
Test&#xD;
Test&#xD;
Player Test1 won trick with Queen of Clubs&#xD;
Test&#xD;
Player Test3 won trick with Eight of Diamonds&#xD;
Test&#xD;
Player Test3 won trick with Jack of Spades&#xD;
Test&#xD;
Test&#xD;
Player Test1 won trick with Jack of Spades&#xD;
Test&#xD;
Test&#xD;
Player Test2 won trick with Jack of Spades&#xD;
Test&#xD;
Test&#xD;
Test&#xD;
Player Test3 won trick with Four of Hearts&#xD;
Test&#xD;
Test&#xD;
Player Test1 won trick with Jack of Diamonds&#xD;
Test&#xD;
Test&#xD;
Test&#xD;
Player Test1 won trick with Ace of Clubs&#xD;
Test&#xD;
Test&#xD;
Player Test1 won trick with Eight of Clubs&#xD;
Test&#xD;
Test&#xD;
Player Test1 won trick with Ten of Diamonds&#xD;
Test&#xD;
Test&#xD;
Player Test1 won trick with Jack of Diamonds&#xD;
Test&#xD;
Player Test3 won trick with Ace of Clubs&#xD;
Test&#xD;
Test&#xD;
Test&#xD;
Player Test1 won trick with Three of Clubs&#xD;
Test&#xD;
Test&#xD;
Test&#xD;
Test&#xD;
Player Test1 won trick with Five of Clubs&#xD;
Test&#xD;
Test&#xD;
Player Test3 won trick with King of Clubs&#xD;
Test&#xD;
Test&#xD;
Test&#xD;
Test&#xD;
Player Test1 won trick with Two of Hearts&#xD;
Test&#xD;
Test&#xD;
Test&#xD;
Player Test1 won trick with Queen of Clubs&#xD;
Test&#xD;
Test&#xD;
Player Test1 won trick with Ace of Clubs&#xD;
Test&#xD;
Test&#xD;
Player Test3 won trick with Eight of Spades&#xD;
Test&#xD;
Test&#xD;
Player Test1 won trick with King of Hearts&#xD;
Test&#xD;
Test&#xD;
Player Test3 won trick with Five of Clubs&#xD;
Test&#xD;
Test&#xD;
Player Test4 won trick with Six of Clubs&#xD;
Test&#xD;
Test&#xD;
Player Test2 won trick with Jack of Spades&#xD;
Test&#xD;
Test&#xD;
Test&#xD;
Test&#xD;
Player Test1 won trick with Six of Hearts&#xD;
Test&#xD;
Test&#xD;
Test&#xD;
Player Test1 won trick with King of Spades&#xD;
Test&#xD;
Player Test3 won trick with Nine of Clubs&#xD;
Test&#xD;
Test&#xD;
Test&#xD;
Test&#xD;
Player Test1 won trick with Five of Hearts&#xD;
Test&#xD;
Test&#xD;
Test&#xD;
Player Test1 won trick with Queen of Diamonds&#xD;
Test&#xD;
Test&#xD;
Player Test1 won trick with Eight of Spades&#xD;
Test&#xD;
Test&#xD;
Player Test1 won trick with Ace of Diamonds&#xD;
Test&#xD;
Test&#xD;
Player Test3 won trick with Nine of Diamonds&#xD;
Test&#xD;
Test&#xD;
Player Test1 won trick with Jack of Spades&#xD;
Test&#xD;
Test&#xD;
Test&#xD;
Player Test4 won trick with Nine of Diamonds&#xD;
Test&#xD;
Player Test1 won trick with Ace of Clubs&#xD;
Test&#xD;
Test&#xD;
Player Test1 won trick with Ten of Hearts&#xD;
Test&#xD;
Test&#xD;
Player Test1 won trick with Jack of Diamonds&#xD;
Test&#xD;
Test&#xD;
Test&#xD;
Test&#xD;
Player Test1 won trick with Queen of Hearts&#xD;
Test&#xD;
Test&#xD;
Test&#xD;
Test&#xD;
Player Test1 won trick with Ten of Hearts&#xD;
Test&#xD;
Test&#xD;
Test&#xD;
Test&#xD;
Player Test1 won trick with Seven of Hearts&#xD;
Test&#xD;
Test&#xD;
Test&#xD;
Player Test1 won trick with Nine of Hearts&#xD;
Test&#xD;
Test&#xD;
Player Test1 won trick with Ace of Diamonds&#xD;
Test&#xD;
Test&#xD;
Test&#xD;
Player Test1 won trick with Six of Clubs&#xD;
Test&#xD;
Test&#xD;
Test&#xD;
Player Test1 won trick with Five of Clubs&#xD;
Test&#xD;
Test&#xD;
Test&#xD;
Player Test4 won trick with Jack of Hearts&#xD;
Test&#xD;
Test&#xD;
Test&#xD;
Player Test1 won trick with Ten of Spades&#xD;
Test&#xD;
Test&#xD;
Test&#xD;
Test&#xD;
Player Test1 won trick with Jack of Hearts&#xD;
Test&#xD;
Test&#xD;
Test&#xD;
Test&#xD;
Player Test1 won trick with Eight of Diamonds&#xD;
Test&#xD;
Test&#xD;
Test&#xD;
Player Test3 won trick with King of Hearts&#xD;
Test&#xD;
Player Test4 won trick with Ace of Diamonds&#xD;
Test&#xD;
Test&#xD;
Player Test4 won trick with Ace of Clubs&#xD;
Test&#xD;
Test&#xD;
Test&#xD;
Player Test1 won trick with Two of Diamonds&#xD;
Test&#xD;
Test&#xD;
Test&#xD;
Player Test4 won trick with King of Hearts&#xD;
Test&#xD;
Player Test2 won trick with Jack of Spades&#xD;
Test&#xD;
Test&#xD;
Player Test1 won trick with Seven of Spades&#xD;
Player Test2 won trick with Queen of Spades&#xD;
Test&#xD;
Test&#xD;
Player Test4 won trick with Ace of Clubs&#xD;
Test&#xD;
Test&#xD;
Test&#xD;
Player Test1 won trick with Two of Diamonds&#xD;
Test&#xD;
Test&#xD;
Player Test4 won trick with King of Diamonds&#xD;
Test&#xD;
Test&#xD;
Player Test4 won trick with Ace of Spades&#xD;
Test&#xD;
Test&#xD;
Test&#xD;
Test&#xD;
Player Test1 won trick with Five of Hearts&#xD;
Test&#xD;
Test&#xD;
Player Test1 won trick with Queen of Hearts&#xD;
Test&#xD;
Test&#xD;
Player Test1 won trick with Three of Clubs&#xD;
Test&#xD;
Test&#xD;
Test&#xD;
Player Test1 won trick with Eight of Diamonds&#xD;
Test&#xD;
Test&#xD;
Test&#xD;
Test&#xD;
Player Test1 won trick with Two of Hearts&#xD;
Test&#xD;
Test&#xD;
Test&#xD;
Player Test1 won trick with Five of Diamonds&#xD;
Test&#xD;
Player Test3 won trick with Jack of Clubs&#xD;
Test&#xD;
Test&#xD;
Test&#xD;
Player Test1 won trick with Five of Spades&#xD;
Test&#xD;
Test&#xD;
Test&#xD;
Player Test1 won trick with Jack of Clubs&#xD;
Test&#xD;
Test&#xD;
Test&#xD;
Player Test1 won trick with Three of Diamonds&#xD;
Test&#xD;
Test&#xD;
Test&#xD;
Player Test1 won trick with King of Clubs&#xD;
Test&#xD;
Test&#xD;
Player Test3 won trick with Nine of Clubs&#xD;
Test&#xD;
Test&#xD;
Player Test3 won trick with Jack of Diamonds&#xD;
Test&#xD;
Test&#xD;
Test&#xD;
Player Test1 won trick with Ten of Diamonds&#xD;
Test&#xD;
Test&#xD;
Test&#xD;
Test&#xD;
Player Test1 won trick with Two of Hearts&#xD;
Test&#xD;
Test&#xD;
Test&#xD;
Player Test4 won trick with Queen of Hearts&#xD;
Test&#xD;
Test&#xD;
Player Test1 won trick with Ace of Hearts&#xD;
Test&#xD;
Test&#xD;
Player Test2 won trick with Queen of Clubs&#xD;
Test&#xD;
Test&#xD;
Test&#xD;
Player Test1 won trick with Five of Spades&#xD;
Test&#xD;
Test&#xD;
Test&#xD;
Player Test1 won trick with Seven of Clubs&#xD;
Test&#xD;
Test&#xD;
Test&#xD;
Player Test1 won trick with Eight of Clubs&#xD;
Test&#xD;
Test&#xD;
Test&#xD;
Player Test1 won trick with King of Clubs&#xD;
Test&#xD;
Test&#xD;
Test&#xD;
Player Test3 won trick with Ten of Hearts&#xD;
Test&#xD;
Test&#xD;
Test&#xD;
Test&#xD;
Player Test1 won trick with Three of Hearts&#xD;
Test&#xD;
Test&#xD;
Test&#xD;
Player Test1 won trick with Ace of Diamonds&#xD;
Test&#xD;
Test&#xD;
Player Test3 won trick with Ace of Hearts&#xD;
Test&#xD;
Test&#xD;
Player Test4 won trick with Eight of Clubs&#xD;
Test&#xD;
Test&#xD;
Test&#xD;
Player Test1 won trick with Seven of Spades&#xD;
Test&#xD;
Player Test1 won trick with Ten of Hearts&#xD;
Test&#xD;
Test&#xD;
Player Test3 won trick with Nine of Spades&#xD;
Test&#xD;
Test&#xD;
Test&#xD;
Player Test3 won trick with Ten of Hearts&#xD;
Test&#xD;
Test&#xD;
Test&#xD;
Test&#xD;
Player Test1 won trick with Ace of Clubs&#xD;
Test&#xD;
Test&#xD;
Test&#xD;
Player Test1 won trick with Jack of Clubs&#xD;
Test&#xD;
Test&#xD;
Test&#xD;
Player Test1 won trick with Nine of Spades&#xD;
Test&#xD;
Test&#xD;
Test&#xD;
Test&#xD;
Player Test1 won trick with Six of Hearts&#xD;
Test&#xD;
Player Test4 won trick with Jack of Diamonds&#xD;
Test&#xD;
Test&#xD;
Test&#xD;
Test&#xD;
Player Test1 won trick with Six of Hearts&#xD;
Test&#xD;
Test&#xD;
Player Test2 won trick with Ace of Clubs&#xD;
Test&#xD;
Test&#xD;
Test&#xD;
Player Test1 won trick with Nine of Hearts&#xD;
Test&#xD;
Test&#xD;
Test&#xD;
Player Test1 won trick with Nine of Spades&#xD;
Test&#xD;
Test&#xD;
Test&#xD;
Test&#xD;
Player Test1 won trick with Five of Spades&#xD;
Test&#xD;
Test&#xD;
Test&#xD;
Player Test1 won trick with Eight of Diamonds&#xD;
Test&#xD;
Player Test1 won trick with King of Spades&#xD;
Test&#xD;
Test&#xD;
Player Test1 won trick with Six of Spades&#xD;
Test&#xD;
Test&#xD;
Test&#xD;
Test&#xD;
Player Test1 won trick with Six of Diamonds&#xD;
Test&#xD;
Test&#xD;
Test&#xD;
Player Test1 won trick with Ten of Spades&#xD;
Test&#xD;
Test&#xD;
Test&#xD;
Player Test1 won trick with Ten of Spades&#xD;
Test&#xD;
Test&#xD;
Player Test1 won trick with Jack of Diamonds&#xD;
Test&#xD;
Test&#xD;
Test&#xD;
Test&#xD;
Player Test1 won trick with Queen of Hearts&#xD;
Test&#xD;
Test&#xD;
Player Test1 won trick with Jack of Hearts&#xD;
Test&#xD;
Test&#xD;
Test&#xD;
Player Test1 won trick with Four of Diamonds&#xD;
Test&#xD;
Test&#xD;
Test&#xD;
Player Test1 won trick with Queen of Diamonds&#xD;
Test&#xD;
Test&#xD;
Test&#xD;
Player Test1 won trick with King of Hearts&#xD;
Test&#xD;
Test&#xD;
Test&#xD;
Player Test1 won trick with Four of Clubs&#xD;
Test&#xD;
Test&#xD;
Player Test2 won trick with Ace of Diamonds&#xD;
Test&#xD;
Test&#xD;
Test&#xD;
Player Test1 won trick with Eight of Diamonds&#xD;
Test&#xD;
Test&#xD;
Player Test1 won trick with Seven of Clubs&#xD;
Test&#xD;
Test&#xD;
Player Test1 won trick with King of Diamonds&#xD;
Test&#xD;
Test&#xD;
Player Test4 won trick with Ace of Clubs&#xD;
Test&#xD;
Test&#xD;
Test&#xD;
Player Test4 won trick with King of Hearts&#xD;
Test&#xD;
Player Test3 won trick with Queen of Clubs&#xD;
Test&#xD;
Test&#xD;
Player Test3 won trick with Ace of Clubs&#xD;
Test&#xD;
Test&#xD;
Player Test1 won trick with Ten of Clubs&#xD;
Test&#xD;
Test&#xD;
Test&#xD;
Player Test1 won trick with Ace of Hearts&#xD;
Test&#xD;
Test&#xD;
Player Test4 won trick with Ten of Clubs&#xD;
Test&#xD;
Player Test1 won trick with Queen of Diamonds&#xD;
Test&#xD;
Test&#xD;
Test&#xD;
Player Test1 won trick with Ace of Hearts&#xD;
Test&#xD;
Player Test1 won trick with Queen of Clubs&#xD;
Test&#xD;
Test&#xD;
Player Test1 won trick with Ace of Diamonds&#xD;
Test&#xD;
Player Test4 won trick with King of Diamonds&#xD;
Test&#xD;
Test&#xD;
Test&#xD;
Player Test1 won trick with Ten of Diamonds&#xD;
Test&#xD;
Test&#xD;
Player Test2 won trick with Jack of Spades&#xD;
Test&#xD;
Test&#xD;
Player Test4 won trick with Jack of Spades&#xD;
Player Test2 won trick with Jack of Spades&#xD;
Test&#xD;
Test&#xD;
Test&#xD;
Player Test1 won trick with Two of Clubs&#xD;
Test&#xD;
Test&#xD;
Test&#xD;
Player Test1 won trick with Ten of Clubs&#xD;
Test&#xD;
Test&#xD;
Player Test1 won trick with King of Clubs&#xD;
Test&#xD;
Test&#xD;
Player Test1 won trick with Jack of Clubs&#xD;
Test&#xD;
Test&#xD;
Player Test1 won trick with Queen of Spades&#xD;
Test&#xD;
Test&#xD;
Player Test2 won trick with Nine of Clubs&#xD;
Test&#xD;
Test&#xD;
Test&#xD;
Player Test1 won trick with Ten of Diamonds&#xD;
Test&#xD;
Test&#xD;
Test&#xD;
Test&#xD;
Player Test1 won trick with Jack of Hearts&#xD;
Test&#xD;
Player Test3 won trick with Queen of Diamonds&#xD;
Test&#xD;
Test&#xD;
Test&#xD;
Player Test1 won trick with King of Spades&#xD;
Test&#xD;
Test&#xD;
Test&#xD;
Player Test1 won trick with Four of Spades&#xD;
Test&#xD;
Test&#xD;
Test&#xD;
Player Test1 won trick with Four of Spades&#xD;
Test&#xD;
Test&#xD;
Player Test2 won trick with Ace of Clubs&#xD;
Test&#xD;
Test&#xD;
Player Test1 won trick with King of Diamonds&#xD;
Test&#xD;
Test&#xD;
Player Test2 won trick with Four of Clubs&#xD;
Test&#xD;
Test&#xD;
Test&#xD;
Player Test1 won trick with Two of Diamonds&#xD;
Test&#xD;
Test&#xD;
Player Test2 won trick with Ace of Spades&#xD;
Player Test2 won trick with Ace of Diamonds&#xD;
Test&#xD;
Test&#xD;
Test&#xD;
Player Test1 won trick with Ace of Diamonds&#xD;
Test&#xD;
Test&#xD;
Test&#xD;
Player Test1 won trick with Queen of Clubs&#xD;
Test&#xD;
Player Test2 won trick with King of Diamonds&#xD;
Test&#xD;
Test&#xD;
Player Test3 won trick with Five of Diamonds&#xD;
Test&#xD;
Test&#xD;
Test&#xD;
Player Test1 won trick with Ten of Diamonds&#xD;
Test&#xD;
Test&#xD;
Player Test4 won trick with Ace of Clubs&#xD;
Test&#xD;
Test&#xD;
Test&#xD;
Player Test1 won trick with Nine of Diamonds&#xD;
Test&#xD;
Test&#xD;
Test&#xD;
Player Test1 won trick with King of Hearts&#xD;
Test&#xD;
Player Test1 won trick with Nine of Clubs&#xD;
Test&#xD;
Test&#xD;
Test&#xD;
Player Test4 won trick with Nine of Spades&#xD;
Test&#xD;
Test&#xD;
Test&#xD;
Player Test1 won trick with Seven of Spades&#xD;
Test&#xD;
Test&#xD;
Player Test1 won trick with King of Diamonds&#xD;
Test&#xD;
Test&#xD;
Test&#xD;
Player Test1 won trick with Three of Spades&#xD;
Test&#xD;
Test&#xD;
Test&#xD;
Player Test1 won trick with Two of Diamonds&#xD;
Test&#xD;
Test&#xD;
Test&#xD;
Player Test1 won trick with Seven of Spades&#xD;
Test&#xD;
Test&#xD;
Player Test1 won trick with Four of Spades&#xD;
Test&#xD;
Test&#xD;
Player Test1 won trick with Seven of Spades&#xD;
Test&#xD;
Test&#xD;
Test&#xD;
Player Test1 won trick with Nine of Diamonds&#xD;
Test&#xD;
Test&#xD;
Test&#xD;
Player Test1 won trick with Ace of Clubs&#xD;
Test&#xD;
Player Test1 won trick with Ace of Clubs&#xD;
Test&#xD;
Player Test4 won trick with Seven of Diamonds&#xD;
Test&#xD;
Test&#xD;
Test&#xD;
Player Test1 won trick with Two of Spades&#xD;
Test&#xD;
Test&#xD;
Test&#xD;
Test&#xD;
Player Test1 won trick with Nine of Hearts&#xD;
Test&#xD;
Test&#xD;
Player Test3 won trick with Ten of Diamonds&#xD;
Test&#xD;
Test&#xD;
Test&#xD;
Test&#xD;
Player Test1 won trick with Four of Hearts&#xD;
Test&#xD;
Test&#xD;
Test&#xD;
Test&#xD;
Player Test1 won trick with King of Hearts&#xD;
Test&#xD;
Test&#xD;
Test&#xD;
Player Test1 won trick with Six of Hearts&#xD;
Test&#xD;
Test&#xD;
Test&#xD;
Player Test2 won trick with Queen of Diamonds&#xD;
Test&#xD;
Test&#xD;
Player Test1 won trick with Ten of Hearts&#xD;
Test&#xD;
Test&#xD;
Player Test4 won trick with Nine of Diamonds&#xD;
Test&#xD;
Test&#xD;
Test&#xD;
Player Test1 won trick with Ace of Spades&#xD;
Test&#xD;
Test&#xD;
Player Test1 won trick with Jack of Clubs&#xD;
Test&#xD;
Player Test4 won trick with Queen of Diamonds&#xD;
Test&#xD;
Test&#xD;
Test&#xD;
Player Test1 won trick with Jack of Spades&#xD;
Test&#xD;
Test&#xD;
Player Test1 won trick with Seven of Clubs&#xD;
Test&#xD;
Test&#xD;
Player Test2 won trick with Nine of Clubs&#xD;
Test&#xD;
Test&#xD;
Player Test2 won trick with Jack of Diamonds&#xD;
Test&#xD;
Test&#xD;
Player Test3 won trick with Nine of Spades&#xD;
Test&#xD;
Test&#xD;
Test&#xD;
Test&#xD;
Player Test1 won trick with Four of Hearts&#xD;
Test&#xD;
Test&#xD;
Test&#xD;
Player Test1 won trick with Three of Diamonds&#xD;
Test&#xD;
Test&#xD;
Player Test4 won trick with Eight of Diamonds&#xD;
Test&#xD;
Test&#xD;
Player Test2 won trick with Ace of Clubs&#xD;
Test&#xD;
Test&#xD;
Player Test4 won trick with Seven of Clubs&#xD;
Test&#xD;
Test&#xD;
Test&#xD;
Player Test1 won trick with Seven of Clubs&#xD;
Test&#xD;
Test&#xD;
Test&#xD;
Test&#xD;
Player Test1 won trick with Six of Hearts&#xD;
Test&#xD;
Test&#xD;
Test&#xD;
Player Test1 won trick with Seven of Diamonds&#xD;
Test&#xD;
Test&#xD;
Test&#xD;
Player Test3 won trick with Five of Hearts&#xD;
Test&#xD;
Test&#xD;
Test&#xD;
Player Test1 won trick with Queen of Clubs&#xD;
Test&#xD;
Test&#xD;
Test&#xD;
Test&#xD;
Player Test1 won trick with Nine of Hearts&#xD;
Test&#xD;
Test&#xD;
Player Test1 won trick with Six of Spades&#xD;
Test&#xD;
Test&#xD;
Test&#xD;
Test&#xD;
Player Test1 won trick with Six of Hearts&#xD;
Test&#xD;
Player Test3 won trick with Jack of Clubs&#xD;
Test&#xD;
Player Test3 won trick with Ace of Diamonds&#xD;
Test&#xD;
Test&#xD;
Test&#xD;
Player Test4 won trick with Six of Hearts&#xD;
Test&#xD;
Test&#xD;
Player Test1 won trick with Three of Clubs&#xD;
Test&#xD;
Test&#xD;
Player Test1 won trick with King of Clubs&#xD;
Test&#xD;
Test&#xD;
Test&#xD;
Player Test4 won trick with Seven of Spades&#xD;
Test&#xD;
Test&#xD;
Test&#xD;
Player Test1 won trick with Ace of Clubs&#xD;
Test&#xD;
Test&#xD;
Test&#xD;
Player Test2 won trick with Jack of Hearts&#xD;
Test&#xD;
Test&#xD;
Test&#xD;
Player Test1 won trick with Seven of Hearts&#xD;
Test&#xD;
Test&#xD;
Test&#xD;
Test&#xD;
Player Test1 won trick with Five of Hearts&#xD;
Test&#xD;
Test&#xD;
Test&#xD;
Player Test1 won trick with Eight of Clubs&#xD;
Test&#xD;
Test&#xD;
Test&#xD;
Test&#xD;
Player Test1 won trick with Nine of Clubs&#xD;
Test&#xD;
Test&#xD;
Player Test2 won trick with Ace of Spades&#xD;
Test&#xD;
Test&#xD;
Player Test1 won trick with Jack of Diamonds&#xD;
Test&#xD;
Player Test2 won trick with Six of Diamonds&#xD;
Test&#xD;
Test&#xD;
Player Test1 won trick with Nine of Spades&#xD;
Test&#xD;
Test&#xD;
Player Test1 won trick with Queen of Spades&#xD;
Test&#xD;
Test&#xD;
Player Test3 won trick with Ace of Diamonds&#xD;
Test&#xD;
Test&#xD;
Test&#xD;
Player Test1 won trick with Queen of Diamonds&#xD;
Test&#xD;
Player Test1 won trick with Ten of Clubs&#xD;
Test&#xD;
Test&#xD;
Test&#xD;
Player Test1 won trick with Seven of Diamonds&#xD;
Test&#xD;
Test&#xD;
Test&#xD;
Player Test1 won trick with King of Spades&#xD;
Test&#xD;
Test&#xD;
Player Test4 won trick with Queen of Spades&#xD;
Test&#xD;
Test&#xD;
Test&#xD;
Player Test4 won trick with Seven of Hearts&#xD;
Test&#xD;
Test&#xD;
Player Test3 won trick with Ten of Spades&#xD;
Test&#xD;
Player Test1 won trick with Nine of Clubs&#xD;
Test&#xD;
Test&#xD;
Test&#xD;
Player Test1 won trick with Ace of Clubs&#xD;
Test&#xD;
Test&#xD;
Player Test1 won trick with Ten of Spades&#xD;
Test&#xD;
Test&#xD;
Test&#xD;
Player Test1 won trick with Jack of Diamonds&#xD;
Test&#xD;
Test&#xD;
Test&#xD;
Player Test1 won trick with Four of Spades&#xD;
Test&#xD;
Test&#xD;
Test&#xD;
Test&#xD;
Player Test1 won trick with Five of Hearts&#xD;
Test&#xD;
Test&#xD;
Test&#xD;
Test&#xD;
Player Test1 won trick with Six of Hearts&#xD;
Test&#xD;
Test&#xD;
Test&#xD;
Test&#xD;
Player Test1 won trick with Six of Hearts&#xD;
Test&#xD;
Test&#xD;
Test&#xD;
Player Test1 won trick with Two of Clubs&#xD;
Test&#xD;
Test&#xD;
Test&#xD;
Player Test1 won trick with Five of Diamonds&#xD;
Test&#xD;
Test&#xD;
Test&#xD;
Player Test1 won trick with Two of Hearts&#xD;
Test&#xD;
Test&#xD;
Test&#xD;
Player Test1 won trick with Jack of Clubs&#xD;
Test&#xD;
Test&#xD;
Test&#xD;
Test&#xD;
Player Test1 won trick with Three of Hearts&#xD;
Test&#xD;
Test&#xD;
Test&#xD;
Test&#xD;
Player Test1 won trick with Nine of Hearts&#xD;
Test&#xD;
Test&#xD;
Test&#xD;
Player Test3 won trick with Five of Hearts&#xD;
Test&#xD;
Test&#xD;
Player Test1 won trick with Four of Diamonds&#xD;
Test&#xD;
Test&#xD;
Player Test1 won trick with Jack of Spades&#xD;
Test&#xD;
Test&#xD;
Test&#xD;
Test&#xD;
Player Test1 won trick with Nine of Hearts&#xD;
Test&#xD;
Test&#xD;
Test&#xD;
Player Test1 won trick with Jack of Clubs&#xD;
Test&#xD;
Test&#xD;
Player Test4 won trick with Eight of Clubs&#xD;
Test&#xD;
Test&#xD;
Test&#xD;
Player Test1 won trick with Ace of Hearts&#xD;
Test&#xD;
Test&#xD;
Test&#xD;
Player Test1 won trick with Five of Spades&#xD;
Test&#xD;
Test&#xD;
Player Test1 won trick with King of Hearts&#xD;
Test&#xD;
Test&#xD;
Player Test1 won trick with Ten of Diamonds&#xD;
Test&#xD;
Test&#xD;
Test&#xD;
Test&#xD;
Player Test1 won trick with Queen of Hearts&#xD;
Test&#xD;
Player Test1 won trick with Five of Spades&#xD;
Test&#xD;
Test&#xD;
Player Test2 won trick with Ten of Spades&#xD;
Test&#xD;
Test&#xD;
Test&#xD;
Test&#xD;
Player Test1 won trick with Queen of Hearts&#xD;
Test&#xD;
Player Test4 won trick with King of Diamonds&#xD;
Test&#xD;
Test&#xD;
Player Test1 won trick with Nine of Diamonds&#xD;
Test&#xD;
Test&#xD;
Player Test1 won trick with Ace of Clubs&#xD;
Test&#xD;
Test&#xD;
Test&#xD;
Player Test1 won trick with Seven of Clubs&#xD;
Test&#xD;
Test&#xD;
Test&#xD;
Player Test1 won trick with Queen of Hearts&#xD;
Test&#xD;
Test&#xD;
Test&#xD;
Player Test1 won trick with Queen of Diamonds&#xD;
Test&#xD;
Test&#xD;
Test&#xD;
Test&#xD;
Player Test1 won trick with Ace of Hearts&#xD;
Test&#xD;
Test&#xD;
Test&#xD;
Test&#xD;
Player Test1 won trick with Nine of Hearts&#xD;
Test&#xD;
Test&#xD;
Test&#xD;
Player Test1 won trick with Two of Spades&#xD;
Test&#xD;
Test&#xD;
Test&#xD;
Player Test1 won trick with Five of Spades&#xD;
Test&#xD;
Test&#xD;
Test&#xD;
Test&#xD;
Player Test1 won trick with Five of Hearts&#xD;
Test&#xD;
Test&#xD;
Test&#xD;
Player Test1 won trick with Four of Clubs&#xD;
Test&#xD;
Test&#xD;
Test&#xD;
Player Test1 won trick with Five of Diamonds&#xD;
Test&#xD;
Test&#xD;
Player Test3 won trick with King of Hearts&#xD;
Test&#xD;
Test&#xD;
Test&#xD;
Player Test1 won trick with Three of Clubs&#xD;
Test&#xD;
Test&#xD;
Test&#xD;
Player Test1 won trick with Ten of Hearts&#xD;
Test&#xD;
Test&#xD;
Test&#xD;
Player Test4 won trick with Ace of Hearts&#xD;
Test&#xD;
Test&#xD;
Test&#xD;
Player Test1 won trick with Six of Spades&#xD;
Test&#xD;
Test&#xD;
Test&#xD;
Player Test2 won trick with Jack of Hearts&#xD;
Test&#xD;
Test&#xD;
Test&#xD;
Player Test1 won trick with Five of Spades&#xD;
Test&#xD;
Test&#xD;
Test&#xD;
Player Test1 won trick with Six of Diamonds&#xD;
Test&#xD;
Test&#xD;
Test&#xD;
Player Test1 won trick with King of Clubs&#xD;
Test&#xD;
Test&#xD;
Test&#xD;
Player Test4 won trick with Nine of Hearts&#xD;
Test&#xD;
Test&#xD;
Test&#xD;
Player Test1 won trick with Eight of Spades&#xD;
Test&#xD;
Test&#xD;
Test&#xD;
Player Test1 won trick with Jack of Diamonds&#xD;
Test&#xD;
Test&#xD;
Test&#xD;
Player Test2 won trick with King of Hearts&#xD;
Test&#xD;
Test&#xD;
Test&#xD;
Player Test1 won trick with Eight of Hearts&#xD;
Test&#xD;
Player Test2 won trick with King of Spades&#xD;
Test&#xD;
Test&#xD;
Player Test2 won trick with Ten of Spades&#xD;
Test&#xD;
Test&#xD;
Test&#xD;
Player Test1 won trick with King of Hearts&#xD;
Test&#xD;
Test&#xD;
Test&#xD;
Test&#xD;
Player Test1 won trick with King of Hearts&#xD;
Test&#xD;
Test&#xD;
Test&#xD;
Player Test1 won trick with Five of Hearts&#xD;
Test&#xD;
Test&#xD;
Player Test4 won trick with Ten of Clubs&#xD;
Test&#xD;
Test&#xD;
Player Test3 won trick with Eight of Diamonds&#xD;
Test&#xD;
Test&#xD;
Test&#xD;
Test&#xD;
Player Test1 won trick with Jack of Hearts&#xD;
Test&#xD;
Test&#xD;
Player Test1 won trick with Ten of Diamonds&#xD;
Test&#xD;
Test&#xD;
Test&#xD;
Player Test1 won trick with Queen of Diamonds&#xD;
Test&#xD;
Test&#xD;
Player Test3 won trick with Six of Spades&#xD;
Test&#xD;
Test&#xD;
Test&#xD;
Player Test1 won trick with Eight of Diamonds&#xD;
Test&#xD;
Test&#xD;
Player Test2 won trick with King of Clubs&#xD;
Test&#xD;
Test&#xD;
Player Test3 won trick with Eight of Hearts&#xD;
Test&#xD;
Test&#xD;
Test&#xD;
Player Test1 won trick with Four of Clubs&#xD;
Test&#xD;
Test&#xD;
Test&#xD;
Player Test1 won trick with Nine of Clubs&#xD;
Test&#xD;
Test&#xD;
Test&#xD;
Player Test3 won trick with Seven of Hearts&#xD;
Test&#xD;
Test&#xD;
Player Test1 won trick with Ten of Clubs&#xD;
Test&#xD;
Test&#xD;
Player Test3 won trick with Jack of Hearts&#xD;
Test&#xD;
Test&#xD;
Player Test1 won trick with Five of Clubs&#xD;
Test&#xD;
Test&#xD;
Test&#xD;
Player Test1 won trick with Queen of Spades&#xD;
Test&#xD;
Test&#xD;
Test&#xD;
Player Test1 won trick with Seven of Diamonds&#xD;
Test&#xD;
Test&#xD;
Player Test1 won trick with King of Spades&#xD;
Test&#xD;
Test&#xD;
Player Test2 won trick with Four of Diamonds&#xD;
Test&#xD;
Test&#xD;
Test&#xD;
Test&#xD;
Player Test1 won trick with Ten of Hearts&#xD;
Test&#xD;
Test&#xD;
Player Test4 won trick with Ace of Spades&#xD;
Test&#xD;
Test&#xD;
Player Test2 won trick with King of Spades&#xD;
Test&#xD;
Player Test3 won trick with Jack of Clubs&#xD;
Test&#xD;
Test&#xD;
Player Test3 won trick with King of Spades&#xD;
Test&#xD;
Test&#xD;
Test&#xD;
Test&#xD;
Player Test1 won trick with Queen of Diamonds&#xD;
Test&#xD;
Test&#xD;
Test&#xD;
Player Test1 won trick with Eight of Spades&#xD;
Test&#xD;
Test&#xD;
Player Test1 won trick with Ten of Clubs&#xD;
Test&#xD;
Test&#xD;
Player Test1 won trick with King of Spades&#xD;
Test&#xD;
Test&#xD;
Test&#xD;
Test&#xD;
Player Test1 won trick with Seven of Hearts&#xD;
Test&#xD;
Test&#xD;
Test&#xD;
Player Test3 won trick with Seven of Diamonds&#xD;
Test&#xD;
Test&#xD;
Player Test3 won trick with Ace of Diamonds&#xD;
Test&#xD;
Test&#xD;
Player Test1 won trick with King of Spades&#xD;
Test&#xD;
Test&#xD;
Test&#xD;
Player Test1 won trick with Eight of Diamonds&#xD;
Test&#xD;
Test&#xD;
Player Test2 won trick with Four of Diamonds&#xD;
Test&#xD;
Test&#xD;
Test&#xD;
Test&#xD;
Player Test1 won trick with Eight of Hearts&#xD;
Test&#xD;
Test&#xD;
Test&#xD;
Player Test1 won trick with Ten of Clubs&#xD;
Test&#xD;
Test&#xD;
Player Test3 won trick with King of Diamonds&#xD;
Test&#xD;
Test&#xD;
Test&#xD;
Player Test1 won trick with Four of Clubs&#xD;
Test&#xD;
Player Test1 won trick with Jack of Diamonds&#xD;
Test&#xD;
Player Test1 won trick with Ace of Clubs&#xD;
Test&#xD;
Test&#xD;
Test&#xD;
Test&#xD;
Player Test1 won trick with Eight of Hearts&#xD;
Player Test2 won trick with Ace of Diamonds&#xD;
Test&#xD;
Test&#xD;
Player Test1 won trick with Five of Spades&#xD;
Test&#xD;
Test&#xD;
Player Test1 won trick with Ten of Diamonds&#xD;
Test&#xD;
Test&#xD;
Test&#xD;
Player Test1 won trick with Three of Diamonds&#xD;
Test&#xD;
Test&#xD;
Test&#xD;
Player Test1 won trick with Ace of Hearts&#xD;
Test&#xD;
Player Test1 won trick with Ace of Diamonds&#xD;
Test&#xD;
Test&#xD;
Test&#xD;
Player Test1 won trick with Nine of Clubs&#xD;
Test&#xD;
Test&#xD;
Test&#xD;
Player Test1 won trick with Seven of Spades&#xD;
Test&#xD;
Test&#xD;
Test&#xD;
Test&#xD;
Player Test1 won trick with Jack of Hearts&#xD;
Test&#xD;
Test&#xD;
Test&#xD;
Player Test1 won trick with Nine of Spades&#xD;
Test&#xD;
Player Test1 won trick with Ace of Diamonds&#xD;
Test&#xD;
Test&#xD;
Player Test1 won trick with Three of Spades&#xD;
Test&#xD;
Test&#xD;
Test&#xD;
Player Test1 won trick with Eight of Diamonds&#xD;
Test&#xD;
Test&#xD;
Player Test1 won trick with Queen of Clubs&#xD;
Test&#xD;
Test&#xD;
Test&#xD;
Player Test1 won trick with Five of Clubs&#xD;
Test&#xD;
Test&#xD;
Test&#xD;
Test&#xD;
Player Test1 won trick with Five of Hearts&#xD;
Test&#xD;
Test&#xD;
Test&#xD;
Player Test1 won trick with Two of Diamonds&#xD;
Test&#xD;
Test&#xD;
Test&#xD;
Player Test3 won trick with Ace of Hearts&#xD;
Test&#xD;
Test&#xD;
Player Test1 won trick with King of Clubs&#xD;
Test&#xD;
Test&#xD;
Player Test1 won trick with Ten of Clubs&#xD;
Test&#xD;
Player Test1 won trick with Nine of Clubs&#xD;
Test&#xD;
Test&#xD;
Test&#xD;
Test&#xD;
Player Test1 won trick with Seven of Hearts&#xD;
Test&#xD;
Test&#xD;
Player Test4 won trick with Queen of Clubs&#xD;
Test&#xD;
Test&#xD;
Test&#xD;
Test&#xD;
Player Test1 won trick with Two of Hearts&#xD;
Test&#xD;
Test&#xD;
Test&#xD;
Test&#xD;
Player Test1 won trick with Six of Hearts&#xD;
Test&#xD;
Test&#xD;
Test&#xD;
Player Test1 won trick with Three of Diamonds&#xD;
Test&#xD;
Player Test1 won trick with King of Diamonds&#xD;
Test&#xD;
Test&#xD;
Test&#xD;
Player Test1 won trick with King of Clubs&#xD;
Test&#xD;
Test&#xD;
Player Test2 won trick with Eight of Diamonds&#xD;
Test&#xD;
Player Test1 won trick with Jack of Diamonds&#xD;
Test&#xD;
Test&#xD;
Test&#xD;
Player Test1 won trick with Seven of Clubs&#xD;
Test&#xD;
Test&#xD;
Player Test1 won trick with Queen of Diamonds&#xD;
Test&#xD;
Test&#xD;
Test&#xD;
Player Test1 won trick with Ten of Diamonds&#xD;
Test&#xD;
Test&#xD;
Player Test2 won trick with Jack of Spades&#xD;
Test&#xD;
Test&#xD;
Test&#xD;
Test&#xD;
Player Test1 won trick with Ace of Hearts&#xD;
Test&#xD;
Test&#xD;
Test&#xD;
Test&#xD;
Player Test1 won trick with Nine of Diamonds&#xD;
Test&#xD;
Test&#xD;
Test&#xD;
Player Test1 won trick with Seven of Clubs&#xD;
Test&#xD;
Test&#xD;
Test&#xD;
Test&#xD;
Player Test1 won trick with Three of Hearts&#xD;
Test&#xD;
Test&#xD;
Test&#xD;
Player Test1 won trick with Three of Clubs&#xD;
Test&#xD;
Test&#xD;
Player Test3 won trick with Queen of Diamonds&#xD;
Test&#xD;
Test&#xD;
Player Test2 won trick with Queen of Spades&#xD;
Test&#xD;
Test&#xD;
Player Test1 won trick with Ten of Spades&#xD;
Test&#xD;
Test&#xD;
Player Test1 won trick with Seven of Clubs&#xD;
Test&#xD;
Test&#xD;
Test&#xD;
Player Test1 won trick with King of Clubs&#xD;
Test&#xD;
Test&#xD;
Test&#xD;
Player Test1 won trick with Ace of Spades&#xD;
Test&#xD;
Test&#xD;
Test&#xD;
Test&#xD;
Player Test1 won trick with Queen of Spades&#xD;
Test&#xD;
Test&#xD;
Test&#xD;
Player Test1 won trick with Five of Spades&#xD;
Test&#xD;
Test&#xD;
Test&#xD;
Test&#xD;
Player Test1 won trick with Six of Hearts&#xD;
Test&#xD;
Player Test3 won trick with King of Clubs&#xD;
Test&#xD;
Test&#xD;
Player Test2 won trick with Seven of Spades&#xD;
Test&#xD;
Player Test3 won trick with Five of Clubs&#xD;
Test&#xD;
Player Test1 won trick with Queen of Diamonds&#xD;
Player Test2 won trick with Jack of Diamonds&#xD;
Test&#xD;
Test&#xD;
Player Test1 won trick with King of Spades&#xD;
Test&#xD;
Test&#xD;
Test&#xD;
Player Test1 won trick with Ten of Clubs&#xD;
Test&#xD;
Test&#xD;
Test&#xD;
Test&#xD;
Player Test1 won trick with Eight of Hearts&#xD;
Test&#xD;
Test&#xD;
Player Test1 won trick with Seven of Diamonds&#xD;
Test&#xD;
Test&#xD;
Player Test4 won trick with Ten of Diamonds&#xD;
Test&#xD;
Test&#xD;
Test&#xD;
Test&#xD;
Player Test1 won trick with Seven of Hearts&#xD;
Test&#xD;
Test&#xD;
Player Test1 won trick with Ace of Clubs&#xD;
Test&#xD;
Test&#xD;
Player Test1 won trick with Ace of Clubs&#xD;
Test&#xD;
Test&#xD;
Test&#xD;
Test&#xD;
Player Test1 won trick with King of Hearts&#xD;
Test&#xD;
Player Test1 won trick with Ten of Clubs&#xD;
Test&#xD;
Test&#xD;
Player Test1 won trick with Two of Diamonds&#xD;
Test&#xD;
Test&#xD;
Test&#xD;
Player Test1 won trick with Ten of Diamonds&#xD;
Test&#xD;
Test&#xD;
Test&#xD;
Player Test1 won trick with Queen of Clubs&#xD;
Test&#xD;
Test&#xD;
Test&#xD;
Player Test1 won trick with Four of Clubs&#xD;
Test&#xD;
Test&#xD;
Test&#xD;
Player Test2 won trick with Seven of Hearts&#xD;
Test&#xD;
Test&#xD;
Test&#xD;
Player Test1 won trick with Three of Diamonds&#xD;
Test&#xD;
Player Test1 won trick with Queen of Diamonds&#xD;
Test&#xD;
Test&#xD;
Player Test2 won trick with Three of Clubs&#xD;
Test&#xD;
Test&#xD;
Player Test1 won trick with Jack of Clubs&#xD;
Test&#xD;
Test&#xD;
Test&#xD;
Player Test1 won trick with Four of Clubs&#xD;
Test&#xD;
Player Test1 won trick with King of Spades&#xD;
Test&#xD;
Test&#xD;
Test&#xD;
Test&#xD;
Player Test1 won trick with King of Hearts&#xD;
Test&#xD;
Test&#xD;
Test&#xD;
Player Test1 won trick with Seven of Diamonds&#xD;
Test&#xD;
Test&#xD;
Test&#xD;
Player Test1 won trick with Eight of Hearts&#xD;
Test&#xD;
Test&#xD;
Test&#xD;
Player Test1 won trick with Seven of Diamonds&#xD;
Test&#xD;
Test&#xD;
Test&#xD;
Player Test1 won trick with Queen of Clubs&#xD;
Test&#xD;
Test&#xD;
Test&#xD;
Player Test1 won trick with Ten of Clubs&#xD;
Test&#xD;
Player Test2 won trick with Eight of Clubs&#xD;
Test&#xD;
Test&#xD;
Test&#xD;
Player Test1 won trick with Three of Diamonds&#xD;
Test&#xD;
Test&#xD;
Player Test2 won trick with Ace of Spades&#xD;
Test&#xD;
Test&#xD;
Test&#xD;
Player Test1 won trick with Two of Spades&#xD;
Test&#xD;
Test&#xD;
Test&#xD;
Player Test1 won trick with King of Spades&#xD;
Test&#xD;
Test&#xD;
Player Test2 won trick with Six of Spades&#xD;
Test&#xD;
Test&#xD;
Test&#xD;
Test&#xD;
Player Test1 won trick with Ten of Hearts&#xD;
Test&#xD;
Test&#xD;
Player Test3 won trick with Ace of Diamonds&#xD;
Test&#xD;
Test&#xD;
Test&#xD;
Test&#xD;
Player Test1 won trick with Queen of Spades&#xD;
Test&#xD;
Test&#xD;
Player Test3 won trick with Seven of Hearts&#xD;
Test&#xD;
Test&#xD;
Test&#xD;
Player Test2 won trick with Queen of Hearts&#xD;
Test&#xD;
Test&#xD;
Test&#xD;
Player Test1 won trick with Two of Diamonds&#xD;
Test&#xD;
Test&#xD;
Player Test3 won trick with Five of Diamonds&#xD;
Test&#xD;
Test&#xD;
Player Test3 won trick with Ten of Clubs&#xD;
Test&#xD;
Player Test1 won trick with King of Clubs&#xD;
Test&#xD;
Test&#xD;
Test&#xD;
Player Test4 won trick with Four of Diamonds&#xD;
Test&#xD;
Test&#xD;
Test&#xD;
Player Test1 won trick with Seven of Hearts&#xD;
Test&#xD;
Test&#xD;
Test&#xD;
Player Test1 won trick with King of Hearts&#xD;
Test&#xD;
Test&#xD;
Test&#xD;
Player Test1 won trick with Queen of Diamonds&#xD;
Test&#xD;
Test&#xD;
Test&#xD;
Player Test1 won trick with Five of Clubs&#xD;
Test&#xD;
Test&#xD;
Test&#xD;
Player Test1 won trick with Ace of Clubs&#xD;
Test&#xD;
Test&#xD;
Test&#xD;
Player Test4 won trick with Ace of Hearts&#xD;
Test&#xD;
Test&#xD;
Test&#xD;
Test&#xD;
Player Test1 won trick with Queen of Spades&#xD;
Test&#xD;
Test&#xD;
Player Test3 won trick with King of Spades&#xD;
Test&#xD;
Test&#xD;
Test&#xD;
Test&#xD;
Player Test1 won trick with Seven of Spades&#xD;
Test&#xD;
Test&#xD;
Test&#xD;
Player Test3 won trick with Ace of Spades&#xD;
Test&#xD;
Test&#xD;
Player Test1 won trick with King of Diamonds&#xD;
Test&#xD;
Test&#xD;
Player Test2 won trick with Queen of Spades&#xD;
Test&#xD;
Test&#xD;
Test&#xD;
Player Test1 won trick with Jack of Diamonds&#xD;
Test&#xD;
Test&#xD;
Test&#xD;
Player Test1 won trick with Five of Clubs&#xD;
Test&#xD;
Test&#xD;
Test&#xD;
Player Test1 won trick with Queen of Clubs&#xD;
Test&#xD;
Test&#xD;
Test&#xD;
Player Test1 won trick with Ten of Clubs&#xD;
Test&#xD;
Test&#xD;
Test&#xD;
Player Test1 won trick with Nine of Diamonds&#xD;
Test&#xD;
Test&#xD;
Player Test1 won trick with King of Diamonds&#xD;
Test&#xD;
Test&#xD;
Test&#xD;
Player Test1 won trick with Three of Diamonds&#xD;
Test&#xD;
Test&#xD;
Player Test1 won trick with King of Diamonds&#xD;
Test&#xD;
Test&#xD;
Player Test4 won trick with Eight of Spades&#xD;
Test&#xD;
Test&#xD;
Test&#xD;
Player Test1 won trick with Ace of Diamonds&#xD;
Test&#xD;
Test&#xD;
Test&#xD;
Player Test1 won trick with Four of Hearts&#xD;
Test&#xD;
Test&#xD;
Test&#xD;
Test&#xD;
Player Test1 won trick with Ace of Hearts&#xD;
Test&#xD;
Test&#xD;
Test&#xD;
Player Test3 won trick with Nine of Hearts&#xD;
Test&#xD;
Test&#xD;
Test&#xD;
Player Test1 won trick with King of Clubs&#xD;
Test&#xD;
Player Test1 won trick with Eight of Spades&#xD;
Test&#xD;
Test&#xD;
Test&#xD;
Player Test1 won trick with Two of Spades&#xD;
Test&#xD;
Test&#xD;
Test&#xD;
Player Test1 won trick with King of Clubs&#xD;
Test&#xD;
Test&#xD;
Test&#xD;
Player Test2 won trick with Ten of Hearts&#xD;
Test&#xD;
Test&#xD;
Player Test2 won trick with Jack of Hearts&#xD;
Test&#xD;
Player Test2 won trick with King of Spades&#xD;
Player Test4 won trick with Jack of Diamonds&#xD;
Test&#xD;
Test&#xD;
Player Test3 won trick with Queen of Clubs&#xD;
Test&#xD;
Test&#xD;
Test&#xD;
Player Test1 won trick with Eight of Hearts&#xD;
Test&#xD;
Test&#xD;
Test&#xD;
Test&#xD;
Player Test1 won trick with King of Hearts&#xD;
Test&#xD;
Test&#xD;
Player Test2 won trick with Eight of Clubs&#xD;
Test&#xD;
Test&#xD;
Test&#xD;
Player Test1 won trick with Five of Diamonds&#xD;
Test&#xD;
Test&#xD;
Test&#xD;
Player Test1 won trick with Ace of Spades&#xD;
Test&#xD;
Player Test2 won trick with Eight of Spades&#xD;
Test&#xD;
Test&#xD;
Player Test3 won trick with Nine of Clubs&#xD;
Test&#xD;
Test&#xD;
Player Test3 won trick with Jack of Diamonds&#xD;
Test&#xD;
Test&#xD;
Player Test1 won trick with Eight of Clubs&#xD;
Test&#xD;
Test&#xD;
Test&#xD;
Test&#xD;
Player Test1 won trick with Queen of Hearts&#xD;
Test&#xD;
Test&#xD;
Test&#xD;
Test&#xD;
Player Test1 won trick with Two of Hearts&#xD;
Test&#xD;
Test&#xD;
Player Test1 won trick with Nine of Diamonds&#xD;
Test&#xD;
Test&#xD;
Player Test1 won trick with Nine of Spades&#xD;
Test&#xD;
Test&#xD;
Test&#xD;
Player Test3 won trick with King of Hearts&#xD;
Test&#xD;
Test&#xD;
Player Test1 won trick with Queen of Hearts&#xD;
Test&#xD;
Test&#xD;
Test&#xD;
Test&#xD;
Player Test1 won trick with Nine of Hearts&#xD;
Test&#xD;
Test&#xD;
Test&#xD;
Player Test1 won trick with Four of Clubs&#xD;
Test&#xD;
Test&#xD;
Test&#xD;
Player Test1 won trick with Jack of Hearts&#xD;
Test&#xD;
Test&#xD;
Test&#xD;
Player Test1 won trick with Eight of Hearts&#xD;
Test&#xD;
Player Test2 won trick with Queen of Spades&#xD;
Test&#xD;
Test&#xD;
Test&#xD;
Player Test1 won trick with Jack of Diamonds&#xD;
Test&#xD;
Test&#xD;
Player Test2 won trick with Jack of Spades&#xD;
Test&#xD;
Test&#xD;
Player Test4 won trick with King of Diamonds&#xD;
Test&#xD;
Test&#xD;
Player Test1 won trick with Six of Clubs&#xD;
Test&#xD;
Test&#xD;
Player Test4 won trick with Jack of Hearts&#xD;
Test&#xD;
Player Test3 won trick with King of Clubs&#xD;
Test&#xD;
Test&#xD;
Test&#xD;
Test&#xD;
Player Test1 won trick with Ace of Hearts&#xD;
Test&#xD;
Test&#xD;
Player Test1 won trick with King of Spades&#xD;
Test&#xD;
Player Test3 won trick with Nine of Clubs&#xD;
Test&#xD;
Test&#xD;
Player Test2 won trick with Queen of Diamonds&#xD;
Test&#xD;
Test&#xD;
Test&#xD;
Test&#xD;
Player Test1 won trick with Ten of Hearts&#xD;
Test&#xD;
Test&#xD;
Test&#xD;
Test&#xD;
Player Test1 won trick with Ten of Hearts&#xD;
Test&#xD;
Player Test2 won trick with Queen of Spades&#xD;
Test&#xD;
Test&#xD;
Test&#xD;
Test&#xD;
Player Test1 won trick with Seven of Hearts&#xD;
Test&#xD;
Test&#xD;
Test&#xD;
Player Test1 won trick with Two of Spades&#xD;
Test&#xD;
Test&#xD;
Test&#xD;
Player Test1 won trick with Two of Diamonds&#xD;
Test&#xD;
Test&#xD;
Test&#xD;
Player Test2 won trick with Eight of Hearts&#xD;
Test&#xD;
Test&#xD;
Test&#xD;
Player Test1 won trick with King of Diamonds&#xD;
Test&#xD;
Test&#xD;
Player Test1 won trick with Queen of Spades&#xD;
Test&#xD;
Test&#xD;
Player Test1 won trick with Jack of Hearts&#xD;
Test&#xD;
Test&#xD;
Test&#xD;
Player Test1 won trick with Eight of Spades&#xD;
Test&#xD;
Test&#xD;
Player Test4 won trick with Nine of Diamonds&#xD;
Test&#xD;
Test&#xD;
Test&#xD;
Player Test1 won trick with Queen of Diamonds&#xD;
Test&#xD;
Test&#xD;
Test&#xD;
Player Test1 won trick with Ace of Hearts&#xD;
Test&#xD;
Test&#xD;
Test&#xD;
Player Test1 won trick with Four of Spades&#xD;
Test&#xD;
Test&#xD;
Test&#xD;
Test&#xD;
Player Test1 won trick with Seven of Hearts&#xD;
Test&#xD;
Test&#xD;
Player Test2 won trick with Ace of Hearts&#xD;
Test&#xD;
Test&#xD;
Player Test1 won trick with Ace of Hearts&#xD;
Test&#xD;
Test&#xD;
Test&#xD;
Player Test1 won trick with Jack of Diamonds&#xD;
Test&#xD;
Player Test3 won trick with King of Spades&#xD;
Test&#xD;
Test&#xD;
Test&#xD;
Player Test1 won trick with Eight of Hearts&#xD;
Test&#xD;
Player Test4 won trick with Eight of Diamonds&#xD;
Test&#xD;
Test&#xD;
Test&#xD;
Test&#xD;
Player Test1 won trick with Jack of Hearts&#xD;
Test&#xD;
Test&#xD;
Player Test2 won trick with Queen of Spades&#xD;
Test&#xD;
Test&#xD;
Test&#xD;
Test&#xD;
Player Test1 won trick with King of Hearts&#xD;
Test&#xD;
Test&#xD;
Test&#xD;
Player Test1 won trick with Nine of Clubs&#xD;
Test&#xD;
Test&#xD;
Player Test1 won trick with Ten of Clubs&#xD;
Test&#xD;
Test&#xD;
Test&#xD;
Player Test1 won trick with Ace of Hearts&#xD;
Test&#xD;
Test&#xD;
Player Test3 won trick with Queen of Spades&#xD;
Test&#xD;
Test&#xD;
Test&#xD;
Test&#xD;
Player Test1 won trick with Five of Hearts&#xD;
Test&#xD;
Test&#xD;
Test&#xD;
Test&#xD;
Player Test1 won trick with Ace of Hearts&#xD;
Test&#xD;
Test&#xD;
Test&#xD;
Player Test1 won trick with Five of Diamonds&#xD;
Test&#xD;
Test&#xD;
Player Test1 won trick with Eight of Clubs&#xD;
Test&#xD;
Test&#xD;
Player Test2 won trick with Ace of Spades&#xD;
Test&#xD;
Test&#xD;
Test&#xD;
Test&#xD;
Player Test1 won trick with Two of Hearts&#xD;
Test&#xD;
Test&#xD;
Player Test1 won trick with Eight of Spades&#xD;
Test&#xD;
Test&#xD;
Test&#xD;
Player Test1 won trick with Eight of Clubs&#xD;
Test&#xD;
Test&#xD;
Test&#xD;
Test&#xD;
Player Test1 won trick with Eight of Hearts&#xD;
Test&#xD;
Test&#xD;
Player Test1 won trick with Nine of Spades&#xD;
Test&#xD;
Test&#xD;
Player Test2 won trick with Ace of Diamonds&#xD;
Test&#xD;
Test&#xD;
Test&#xD;
Player Test1 won trick with Ten of Hearts&#xD;
Test&#xD;
Test&#xD;
Test&#xD;
Test&#xD;
Player Test1 won trick with Nine of Spades&#xD;
Test&#xD;
Test&#xD;
Player Test1 won trick with Queen of Diamonds&#xD;
Test&#xD;
Test&#xD;
Test&#xD;
Test&#xD;
Player Test1 won trick with Three of Hearts&#xD;
Test&#xD;
Test&#xD;
Player Test1 won trick with Nine of Clubs&#xD;
Test&#xD;
Player Test1 won trick with Eight of Spades&#xD;
Test&#xD;
Test&#xD;
Test&#xD;
Player Test1 won trick with Seven of Diamonds&#xD;
Test&#xD;
Test&#xD;
Test&#xD;
Player Test1 won trick with Three of Clubs&#xD;
Test&#xD;
Test&#xD;
Test&#xD;
Test&#xD;
Player Test1 won trick with Ten of Hearts&#xD;
Test&#xD;
Test&#xD;
Player Test1 won trick with King of Clubs&#xD;
Test&#xD;
Test&#xD;
Test&#xD;
Player Test3 won trick with Ten of Hearts&#xD;
Test&#xD;
Test&#xD;
Test&#xD;
Player Test1 won trick with Ace of Diamonds&#xD;
Test&#xD;
Test&#xD;
Player Test3 won trick with Six of Diamonds&#xD;
Test&#xD;
Test&#xD;
Player Test1 won trick with Ace of Diamonds&#xD;
Test&#xD;
Test&#xD;
Test&#xD;
Player Test1 won trick with King of Hearts&#xD;
Test&#xD;
Test&#xD;
Test&#xD;
Player Test4 won trick with Ace of Hearts&#xD;
Test&#xD;
Test&#xD;
Test&#xD;
Test&#xD;
Player Test1 won trick with King of Hearts&#xD;
Test&#xD;
Test&#xD;
Test&#xD;
Player Test1 won trick with King of Spades&#xD;
Test&#xD;
Test&#xD;
Test&#xD;
Player Test1 won trick with Jack of Clubs&#xD;
Test&#xD;
Test&#xD;
Test&#xD;
Player Test1 won trick with Ace of Diamonds&#xD;
Test&#xD;
Test&#xD;
Test&#xD;
Player Test1 won trick with Three of Spades&#xD;
Test&#xD;
Test&#xD;
Test&#xD;
Player Test1 won trick with Nine of Spades&#xD;
Test&#xD;
Test&#xD;
Test&#xD;
Test&#xD;
Player Test1 won trick with Nine of Spades&#xD;
Test&#xD;
Test&#xD;
Player Test4 won trick with Queen of Clubs&#xD;
Test&#xD;
Test&#xD;
Player Test3 won trick with Six of Spades&#xD;
Test&#xD;
Test&#xD;
Test&#xD;
Player Test1 won trick with Ten of Diamonds&#xD;
Test&#xD;
Test&#xD;
Test&#xD;
Player Test2 won trick with Ace of Hearts&#xD;
Test&#xD;
Test&#xD;
Player Test1 won trick with Seven of Diamonds&#xD;
Test&#xD;
Test&#xD;
Player Test1 won trick with Eight of Diamonds&#xD;
Test&#xD;
Player Test4 won trick with Ten of Spades&#xD;
Test&#xD;
Test&#xD;
Player Test3 won trick with Nine of Hearts&#xD;
Test&#xD;
Test&#xD;
Player Test1 won trick with Ten of Diamonds&#xD;
Test&#xD;
Test&#xD;
Player Test2 won trick with Queen of Diamonds&#xD;
Test&#xD;
Test&#xD;
Player Test2 won trick with Seven of Diamonds&#xD;
Test&#xD;
Player Test3 won trick with King of Diamonds&#xD;
Test&#xD;
Test&#xD;
Test&#xD;
Player Test1 won trick with Three of Spades&#xD;
Test&#xD;
Test&#xD;
Player Test3 won trick with Nine of Spades&#xD;
Test&#xD;
Test&#xD;
Player Test3 won trick with Queen of Clubs&#xD;
Test&#xD;
Test&#xD;
Player Test3 won trick with Ace of Spades&#xD;
Test&#xD;
Test&#xD;
Test&#xD;
Player Test1 won trick with Five of Diamonds&#xD;
Test&#xD;
Test&#xD;
Test&#xD;
Player Test1 won trick with Four of Clubs&#xD;
Test&#xD;
Test&#xD;
Test&#xD;
Player Test1 won trick with Four of Diamonds&#xD;
Test&#xD;
Test&#xD;
Player Test2 won trick with Seven of Diamonds&#xD;
Test&#xD;
Test&#xD;
Test&#xD;
Player Test4 won trick with Ace of Hearts&#xD;
Test&#xD;
Test&#xD;
Player Test1 won trick with Three of Clubs&#xD;
Test&#xD;
Test&#xD;
Test&#xD;
Player Test1 won trick with Ten of Hearts&#xD;
Test&#xD;
Test&#xD;
Test&#xD;
Player Test1 won trick with Three of Spades&#xD;
Test&#xD;
Test&#xD;
Test&#xD;
Test&#xD;
Player Test1 won trick with Four of Diamonds&#xD;
Test&#xD;
Test&#xD;
Test&#xD;
Test&#xD;
Player Test1 won trick with Two of Hearts&#xD;
Test&#xD;
Test&#xD;
Player Test3 won trick with Seven of Diamonds&#xD;
Test&#xD;
Test&#xD;
Test&#xD;
Player Test1 won trick with Ace of Diamonds&#xD;
Test&#xD;
Test&#xD;
Test&#xD;
Player Test1 won trick with King of Hearts&#xD;
Test&#xD;
Test&#xD;
Test&#xD;
Test&#xD;
Player Test1 won trick with Six of Hearts&#xD;
Test&#xD;
Player Test1 won trick with Ace of Diamonds&#xD;
Test&#xD;
Test&#xD;
Test&#xD;
Test&#xD;
Player Test1 won trick with Seven of Hearts&#xD;
Test&#xD;
Test&#xD;
Player Test1 won trick with King of Diamonds&#xD;
Test&#xD;
Test&#xD;
Test&#xD;
Player Test1 won trick with King of Diamonds&#xD;
Test&#xD;
Test&#xD;
Test&#xD;
Player Test1 won trick with Six of Clubs&#xD;
Test&#xD;
Test&#xD;
Test&#xD;
Player Test1 won trick with Five of Clubs&#xD;
Test&#xD;
Test&#xD;
Test&#xD;
Player Test2 won trick with Nine of Spades&#xD;
Test&#xD;
Test&#xD;
Player Test1 won trick with Eight of Spades&#xD;
Test&#xD;
Test&#xD;
Test&#xD;
Test&#xD;
Player Test1 won trick with Six of Hearts&#xD;
Test&#xD;
Test&#xD;
Test&#xD;
Test&#xD;
Player Test1 won trick with Nine of Hearts&#xD;
Test&#xD;
Test&#xD;
Player Test1 won trick with Six of Spades&#xD;
Test&#xD;
Test&#xD;
Test&#xD;
Player Test1 won trick with Six of Hearts&#xD;
Test&#xD;
Test&#xD;
Player Test1 won trick with Eight of Spades&#xD;
Test&#xD;
Test&#xD;
Player Test2 won trick with Six of Clubs&#xD;
Test&#xD;
Test&#xD;
Test&#xD;
Player Test1 won trick with Jack of Clubs&#xD;
Test&#xD;
Test&#xD;
Test&#xD;
Player Test3 won trick with Ace of Hearts&#xD;
Test&#xD;
Test&#xD;
Test&#xD;
Player Test1 won trick with Eight of Spades&#xD;
Test&#xD;
Test&#xD;
Player Test4 won trick with Four of Clubs&#xD;
Test&#xD;
Player Test1 won trick with Jack of Spades&#xD;
Test&#xD;
Test&#xD;
Test&#xD;
Player Test1 won trick with Ace of Diamonds&#xD;
Test&#xD;
Test&#xD;
Test&#xD;
Player Test1 won trick with Four of Diamonds&#xD;
Test&#xD;
Player Test1 won trick with Nine of Clubs&#xD;
Test&#xD;
Test&#xD;
Test&#xD;
Player Test1 won trick with Seven of Clubs&#xD;
Test&#xD;
Player Test3 won trick with Six of Spades&#xD;
Test&#xD;
Test&#xD;
Test&#xD;
Player Test1 won trick with Two of Clubs&#xD;
Test&#xD;
Test&#xD;
Test&#xD;
Player Test1 won trick with Queen of Hearts&#xD;
Test&#xD;
Test&#xD;
Test&#xD;
Player Test1 won trick with Four of Diamonds&#xD;
Test&#xD;
Test&#xD;
Test&#xD;
Player Test1 won trick with Jack of Hearts&#xD;
Test&#xD;
Test&#xD;
Test&#xD;
Player Test1 won trick with Seven of Hearts&#xD;
Test&#xD;
Test&#xD;
Test&#xD;
Test&#xD;
Player Test1 won trick with Ten of Hearts&#xD;
Test&#xD;
Test&#xD;
Test&#xD;
Player Test1 won trick with Two of Clubs&#xD;
Test&#xD;
Test&#xD;
Test&#xD;
Test&#xD;
Player Test1 won trick with Nine of Hearts&#xD;
Test&#xD;
Test&#xD;
Test&#xD;
Player Test1 won trick with King of Hearts&#xD;
Test&#xD;
Test&#xD;
Player Test3 won trick with King of Diamonds&#xD;
Test&#xD;
Test&#xD;
Test&#xD;
Player Test2 won trick with Jack of Hearts&#xD;
Test&#xD;
Test&#xD;
Player Test2 won trick with Ten of Hearts&#xD;
Test&#xD;
Test&#xD;
Test&#xD;
Player Test1 won trick with Ace of Diamonds&#xD;
Test&#xD;
Test&#xD;
Test&#xD;
Player Test1 won trick with Six of Diamonds&#xD;
Test&#xD;
Test&#xD;
Test&#xD;
Player Test4 won trick with Eight of Hearts&#xD;
Test&#xD;
Test&#xD;
Player Test1 won trick with King of Diamonds&#xD;
Test&#xD;
Player Test1 won trick with Ace of Hearts&#xD;
Test&#xD;
Player Test2 won trick with Queen of Spades&#xD;
Test&#xD;
Player Test1 won trick with King of Clubs&#xD;
Test&#xD;
Test&#xD;
Test&#xD;
Player Test1 won trick with Ten of Clubs&#xD;
Test&#xD;
Test&#xD;
Test&#xD;
Test&#xD;
Player Test1 won trick with Six of Hearts&#xD;
Test&#xD;
Test&#xD;
Player Test1 won trick with Seven of Clubs&#xD;
Test&#xD;
Test&#xD;
Test&#xD;
Test&#xD;
Player Test1 won trick with Five of Hearts&#xD;
Test&#xD;
Test&#xD;
Player Test1 won trick with Ten of Diamonds&#xD;
Test&#xD;
Test&#xD;
Test&#xD;
Player Test1 won trick with Jack of Clubs&#xD;
Test&#xD;
Player Test4 won trick with Six of Clubs&#xD;
Test&#xD;
Test&#xD;
Test&#xD;
Test&#xD;
Player Test1 won trick with Ace of Hearts&#xD;
Test&#xD;
Test&#xD;
Test&#xD;
Player Test1 won trick with Seven of Diamonds&#xD;
Test&#xD;
Test&#xD;
Test&#xD;
Test&#xD;
Player Test1 won trick with Seven of Hearts&#xD;
Test&#xD;
Test&#xD;
Test&#xD;
Player Test1 won trick with Two of Clubs&#xD;
Test&#xD;
Test&#xD;
Test&#xD;
Player Test1 won trick with Eight of Clubs&#xD;
Test&#xD;
Test&#xD;
Test&#xD;
Player Test1 won trick with Ace of Clubs&#xD;
Test&#xD;
Test&#xD;
Player Test2 won trick with Queen of Spades&#xD;
Test&#xD;
Test&#xD;
Player Test3 won trick with Jack of Diamonds&#xD;
Test&#xD;
Test&#xD;
Player Test4 won trick with Jack of Diamonds&#xD;
Test&#xD;
Test&#xD;
Test&#xD;
Player Test1 won trick with King of Spades&#xD;
Test&#xD;
Test&#xD;
Test&#xD;
Test&#xD;
Player Test1 won trick with Five of Hearts&#xD;
Test&#xD;
Test&#xD;
Player Test4 won trick with Nine of Diamonds&#xD;
Test&#xD;
Test&#xD;
Player Test1 won trick with King of Clubs&#xD;
Test&#xD;
Test&#xD;
Test&#xD;
Player Test1 won trick with King of Diamonds&#xD;
Test&#xD;
Test&#xD;
Test&#xD;
Player Test1 won trick with Nine of Hearts&#xD;
Test&#xD;
Player Test4 won trick with Queen of Diamonds&#xD;
Test&#xD;
Test&#xD;
Player Test4 won trick with Nine of Diamonds&#xD;
Test&#xD;
Test&#xD;
Test&#xD;
Player Test1 won trick with Nine of Hearts&#xD;
Test&#xD;
Test&#xD;
Player Test4 won trick with Ace of Spades&#xD;
Test&#xD;
Test&#xD;
Test&#xD;
Player Test1 won trick with Nine of Diamonds&#xD;
Test&#xD;
Test&#xD;
Test&#xD;
Player Test1 won trick with Six of Spades&#xD;
Test&#xD;
Test&#xD;
Test&#xD;
Player Test1 won trick with Ten of Hearts&#xD;
Test&#xD;
Player Test1 won trick with Queen of Diamonds&#xD;
Test&#xD;
Player Test2 won trick with King of Spades&#xD;
Test&#xD;
Test&#xD;
Test&#xD;
Player Test1 won trick with Seven of Diamonds&#xD;
Test&#xD;
Test&#xD;
Player Test3 won trick with Ten of Clubs&#xD;
Test&#xD;
Test&#xD;
Test&#xD;
Test&#xD;
Player Test1 won trick with Three of Hearts&#xD;
Test&#xD;
Test&#xD;
Test&#xD;
Test&#xD;
Player Test1 won trick with Three of Hearts&#xD;
Test&#xD;
Test&#xD;
Player Test2 won trick with Ace of Clubs&#xD;
Test&#xD;
Test&#xD;
Player Test2 won trick with Ace of Hearts&#xD;
Test&#xD;
Test&#xD;
Test&#xD;
Player Test1 won trick with Queen of Diamonds&#xD;
Test&#xD;
Test&#xD;
Test&#xD;
Player Test1 won trick with Two of Clubs&#xD;
Test&#xD;
Player Test3 won trick with Eight of Clubs&#xD;
Test&#xD;
Test&#xD;
Player Test3 won trick with Six of Spades&#xD;
Test&#xD;
Test&#xD;
Player Test1 won trick with Jack of Spades&#xD;
Test&#xD;
Test&#xD;
Test&#xD;
Player Test1 won trick with King of Clubs&#xD;
Test&#xD;
Test&#xD;
Test&#xD;
Player Test1 won trick with Queen of Spades&#xD;
Test&#xD;
Test&#xD;
Test&#xD;
Player Test1 won trick with Ten of Hearts&#xD;
Test&#xD;
Test&#xD;
Test&#xD;
Player Test1 won trick with Eight of Clubs&#xD;
Test&#xD;
Test&#xD;
Test&#xD;
Player Test1 won trick with Two of Diamonds&#xD;
Test&#xD;
Test&#xD;
Test&#xD;
Test&#xD;
Player Test1 won trick with Queen of Hearts&#xD;
Test&#xD;
Test&#xD;
Test&#xD;
Test&#xD;
Player Test1 won trick with King of Hearts&#xD;
Test&#xD;
Test&#xD;
Player Test3 won trick with Ten of Spades&#xD;
Test&#xD;
Test&#xD;
Test&#xD;
Player Test1 won trick with Ace of Hearts&#xD;
Test&#xD;
Test&#xD;
Test&#xD;
Test&#xD;
Player Test1 won trick with Four of Hearts&#xD;
Test&#xD;
Test&#xD;
Test&#xD;
Player Test1 won trick with Eight of Diamonds&#xD;
Test&#xD;
Test&#xD;
Test&#xD;
Player Test1 won trick with Jack of Diamonds&#xD;
Test&#xD;
Test&#xD;
Test&#xD;
Player Test1 won trick with Four of Clubs&#xD;
Test&#xD;
Test&#xD;
Player Test1 won trick with Five of Spades&#xD;
Test&#xD;
Player Test2 won trick with Jack of Diamonds&#xD;
Test&#xD;
Test&#xD;
Player Test2 won trick with Nine of Clubs&#xD;
Test&#xD;
Test&#xD;
Player Test1 won trick with Nine of Spades&#xD;
Test&#xD;
Test&#xD;
Test&#xD;
Player Test1 won trick with Six of Spades&#xD;
Test&#xD;
Test&#xD;
Test&#xD;
Player Test1 won trick with Six of Clubs&#xD;
Test&#xD;
Test&#xD;
Test&#xD;
Player Test3 won trick with King of Hearts&#xD;
Test&#xD;
Player Test3 won trick with King of Diamonds&#xD;
Test&#xD;
Test&#xD;
Player Test4 won trick with Eight of Diamonds&#xD;
Test&#xD;
Test&#xD;
Player Test1 won trick with King of Clubs&#xD;
Test&#xD;
Player Test3 won trick with Ace of Diamonds&#xD;
Test&#xD;
Test&#xD;
Player Test4 won trick with Queen of Spades&#xD;
Test&#xD;
Test&#xD;
Player Test4 won trick with Jack of Hearts&#xD;
Test&#xD;
Test&#xD;
Test&#xD;
Player Test1 won trick with Eight of Hearts&#xD;
Test&#xD;
Test&#xD;
Test&#xD;
Player Test1 won trick with Ace of Clubs&#xD;
Test&#xD;
Test&#xD;
Test&#xD;
Player Test1 won trick with Three of Diamonds&#xD;
Test&#xD;
Test&#xD;
Test&#xD;
Player Test1 won trick with Ten of Spades&#xD;
Test&#xD;
Test&#xD;
Test&#xD;
Player Test1 won trick with Jack of Diamonds&#xD;
Test&#xD;
Test&#xD;
Test&#xD;
Player Test1 won trick with Eight of Clubs&#xD;
Test&#xD;
Test&#xD;
Player Test4 won trick with Five of Spades&#xD;
Test&#xD;
Player Test2 won trick with King of Clubs&#xD;
Test&#xD;
Test&#xD;
Player Test4 won trick with Ace of Spades&#xD;
Test&#xD;
Test&#xD;
Test&#xD;
Player Test4 won trick with Queen of Clubs&#xD;
Test&#xD;
Test&#xD;
Test&#xD;
Player Test1 won trick with Seven of Hearts&#xD;
Test&#xD;
Test&#xD;
Player Test4 won trick with Jack of Hearts&#xD;
Test&#xD;
Test&#xD;
Test&#xD;
Player Test1 won trick with King of Hearts&#xD;
Test&#xD;
Test&#xD;
Player Test1 won trick with King of Clubs&#xD;
Test&#xD;
Test&#xD;
Test&#xD;
Test&#xD;
Player Test1 won trick with Four of Hearts&#xD;
Test&#xD;
Test&#xD;
Test&#xD;
Player Test1 won trick with Four of Clubs&#xD;
Test&#xD;
Test&#xD;
Player Test1 won trick with Eight of Diamonds&#xD;
Test&#xD;
Test&#xD;
Player Test1 won trick with King of Spades&#xD;
Test&#xD;
Test&#xD;
Player Test1 won trick with Four of Spades&#xD;
Test&#xD;
Test&#xD;
Test&#xD;
Player Test1 won trick with Three of Diamonds&#xD;
Test&#xD;
Test&#xD;
Test&#xD;
Player Test1 won trick with King of Spades&#xD;
Test&#xD;
Test&#xD;
Test&#xD;
Player Test1 won trick with Nine of Clubs&#xD;
Test&#xD;
Test&#xD;
Test&#xD;
Player Test2 won trick with Ten of Hearts&#xD;
Test&#xD;
Test&#xD;
Test&#xD;
Test&#xD;
Player Test1 won trick with Seven of Hearts&#xD;
Test&#xD;
Test&#xD;
Test&#xD;
Player Test1 won trick with Two of Spades&#xD;
Test&#xD;
Test&#xD;
Player Test2 won trick with Eight of Hearts&#xD;
Test&#xD;
Test&#xD;
Test&#xD;
Player Test1 won trick with Two of Spades&#xD;
Test&#xD;
Test&#xD;
Player Test3 won trick with Ten of Diamonds&#xD;
Test&#xD;
Test&#xD;
Player Test1 won trick with Queen of Spades&#xD;
Test&#xD;
Test&#xD;
Player Test2 won trick with Nine of Clubs&#xD;
Test&#xD;
Test&#xD;
Player Test1 won trick with Jack of Diamonds&#xD;
Test&#xD;
Test&#xD;
Test&#xD;
Player Test1 won trick with Six of Clubs&#xD;
Test&#xD;
Test&#xD;
Test&#xD;
Player Test3 won trick with Queen of Hearts&#xD;
Test&#xD;
Test&#xD;
Player Test4 won trick with Ten of Spades&#xD;
Test&#xD;
Test&#xD;
Test&#xD;
Player Test4 won trick with Ten of Hearts&#xD;
Test&#xD;
Test&#xD;
Test&#xD;
Player Test4 won trick with Ten of Hearts&#xD;
Test&#xD;
Test&#xD;
Test&#xD;
Player Test1 won trick with Four of Clubs&#xD;
Test&#xD;
Player Test3 won trick with King of Diamonds&#xD;
Test&#xD;
Test&#xD;
Test&#xD;
Test&#xD;
Player Test1 won trick with Three of Hearts&#xD;
Test&#xD;
Test&#xD;
Test&#xD;
Player Test4 won trick with Jack of Clubs&#xD;
Test&#xD;
Player Test4 won trick with Six of Spades&#xD;
Test&#xD;
Test&#xD;
Player Test1 won trick with Queen of Diamonds&#xD;
Test&#xD;
Test&#xD;
Player Test1 won trick with Queen of Clubs&#xD;
Test&#xD;
Test&#xD;
Player Test2 won trick with Eight of Diamonds&#xD;
Test&#xD;
Test&#xD;
Test&#xD;
Test&#xD;
Player Test1 won trick with Six of Hearts&#xD;
Test&#xD;
Test&#xD;
Test&#xD;
Player Test1 won trick with Ace of Clubs&#xD;
Test&#xD;
Test&#xD;
Test&#xD;
Player Test1 won trick with Five of Diamonds&#xD;
Test&#xD;
Test&#xD;
Test&#xD;
Test&#xD;
Player Test1 won trick with Nine of Hearts&#xD;
Test&#xD;
Player Test2 won trick with Ace of Diamonds&#xD;
Test&#xD;
Test&#xD;
Test&#xD;
Test&#xD;
Player Test1 won trick with Queen of Hearts&#xD;
Test&#xD;
Test&#xD;
Player Test1 won trick with Five of Spades&#xD;
Test&#xD;
Test&#xD;
Player Test1 won trick with Nine of Spades&#xD;
Test&#xD;
Test&#xD;
Test&#xD;
Player Test1 won trick with Six of Hearts&#xD;
Test&#xD;
Test&#xD;
Test&#xD;
Test&#xD;
Player Test1 won trick with Queen of Clubs&#xD;
Test&#xD;
Test&#xD;
Test&#xD;
Player Test1 won trick with Eight of Clubs&#xD;
Test&#xD;
Test&#xD;
Test&#xD;
Player Test1 won trick with Five of Spades&#xD;
Test&#xD;
Test&#xD;
Test&#xD;
Player Test1 won trick with King of Hearts&#xD;
Test&#xD;
Test&#xD;
Player Test1 won trick with Jack of Spades&#xD;
Player Test3 won trick with King of Spades&#xD;
Test&#xD;
Test&#xD;
Test&#xD;
Player Test1 won trick with Seven of Clubs&#xD;
Test&#xD;
Test&#xD;
Player Test1 won trick with Eight of Clubs&#xD;
Test&#xD;
Test&#xD;
Test&#xD;
Player Test1 won trick with Jack of Spades&#xD;
Test&#xD;
Test&#xD;
Player Test1 won trick with King of Clubs&#xD;
Test&#xD;
Test&#xD;
Test&#xD;
Test&#xD;
Player Test1 won trick with Three of Hearts&#xD;
Test&#xD;
Test&#xD;
Player Test1 won trick with Eight of Diamonds&#xD;
Test&#xD;
Test&#xD;
Player Test2 won trick with Nine of Spades&#xD;
Test&#xD;
Player Test1 won trick with Seven of Diamonds&#xD;
Test&#xD;
Test&#xD;
Player Test1 won trick with Seven of Diamonds&#xD;
Test&#xD;
Test&#xD;
Player Test1 won trick with Jack of Diamonds&#xD;
Test&#xD;
Test&#xD;
Player Test1 won trick with Jack of Diamonds&#xD;
Test&#xD;
Test&#xD;
Test&#xD;
Player Test1 won trick with Jack of Hearts&#xD;
Test&#xD;
Test&#xD;
Test&#xD;
Player Test1 won trick with King of Hearts&#xD;
Test&#xD;
Test&#xD;
Test&#xD;
Player Test1 won trick with Four of Spades&#xD;
Test&#xD;
Test&#xD;
Test&#xD;
Test&#xD;
Player Test1 won trick with Six of Hearts&#xD;
Test&#xD;
Player Test3 won trick with Queen of Diamonds&#xD;
Test&#xD;
Test&#xD;
Test&#xD;
Player Test1 won trick with Four of Diamonds&#xD;
Test&#xD;
Test&#xD;
Test&#xD;
Player Test1 won trick with Four of Clubs&#xD;
Test&#xD;
Test&#xD;
Player Test3 won trick with Ace of Diamonds&#xD;
Test&#xD;
Test&#xD;
Test&#xD;
Player Test1 won trick with Two of Spades&#xD;
Test&#xD;
Test&#xD;
Test&#xD;
Player Test1 won trick with Nine of Spades&#xD;
Test&#xD;
Test&#xD;
Test&#xD;
Player Test1 won trick with Four of Diamonds&#xD;
Test&#xD;
Test&#xD;
Player Test1 won trick with Ten of Clubs&#xD;
Test&#xD;
Test&#xD;
Test&#xD;
Player Test1 won trick with Two of Spades&#xD;
Test&#xD;
Test&#xD;
Player Test2 won trick with Six of Clubs&#xD;
Test&#xD;
Test&#xD;
Test&#xD;
Player Test1 won trick with Four of Clubs&#xD;
Test&#xD;
Test&#xD;
Player Test1 won trick with Ace of Diamonds&#xD;
Test&#xD;
Test&#xD;
Test&#xD;
Player Test1 won trick with Three of Diamonds&#xD;
Test&#xD;
Test&#xD;
Test&#xD;
Player Test1 won trick with King of Clubs&#xD;
Test&#xD;
Player Test4 won trick with Ten of Clubs&#xD;
Test&#xD;
Player Test2 won trick with Queen of Clubs&#xD;
Test&#xD;
Test&#xD;
Player Test4 won trick with Eight of Clubs&#xD;
Test&#xD;
Test&#xD;
Player Test3 won trick with Queen of Spades&#xD;
Test&#xD;
Test&#xD;
Test&#xD;
Player Test1 won trick with Four of Hearts&#xD;
Test&#xD;
Test&#xD;
Test&#xD;
Player Test1 won trick with Seven of Clubs&#xD;
Test&#xD;
Player Test3 won trick with Jack of Clubs&#xD;
Player Test1 won trick with Eight of Diamonds&#xD;
Test&#xD;
Player Test3 won trick with King of Clubs&#xD;
Test&#xD;
Test&#xD;
Player Test4 won trick with Ace of Diamonds&#xD;
Test&#xD;
Test&#xD;
Test&#xD;
Player Test1 won trick with Three of Spades&#xD;
Test&#xD;
Test&#xD;
Player Test1 won trick with Jack of Spades&#xD;
Test&#xD;
Test&#xD;
Test&#xD;
Player Test1 won trick with King of Clubs&#xD;
Test&#xD;
Test&#xD;
Player Test1 won trick with Jack of Spades&#xD;
Test&#xD;
Test&#xD;
Test&#xD;
Player Test1 won trick with Seven of Spades&#xD;
Test&#xD;
Test&#xD;
Player Test1 won trick with Four of Spades&#xD;
Test&#xD;
Test&#xD;
Test&#xD;
Player Test4 won trick with Seven of Hearts&#xD;
Test&#xD;
Test&#xD;
Player Test1 won trick with Jack of Diamonds&#xD;
Test&#xD;
Test&#xD;
Player Test4 won trick with Ace of Clubs&#xD;
Test&#xD;
Test&#xD;
Test&#xD;
Player Test1 won trick with Seven of Clubs&#xD;
Test&#xD;
Test&#xD;
Test&#xD;
Player Test2 won trick with Four of Hearts&#xD;
Test&#xD;
Test&#xD;
Player Test4 won trick with Six of Clubs&#xD;
Test&#xD;
Test&#xD;
Test&#xD;
Player Test1 won trick with Ace of Hearts&#xD;
Test&#xD;
Test&#xD;
Player Test1 won trick with Seven of Clubs&#xD;
Test&#xD;
Test&#xD;
Player Test2 won trick with Ace of Clubs&#xD;
Test&#xD;
Test&#xD;
Player Test3 won trick with Nine of Clubs&#xD;
Test&#xD;
Test&#xD;
Test&#xD;
Player Test1 won trick with Queen of Diamonds&#xD;
Test&#xD;
Test&#xD;
Player Test1 won trick with Five of Diamonds&#xD;
Test&#xD;
Test&#xD;
Test&#xD;
Player Test1 won trick with Nine of Spades&#xD;
Test&#xD;
Test&#xD;
Player Test4 won trick with Six of Spades&#xD;
Test&#xD;
Test&#xD;
Test&#xD;
Player Test1 won trick with Ace of Diamonds&#xD;
Test&#xD;
Test&#xD;
Player Test4 won trick with Queen of Hearts&#xD;
Test&#xD;
Test&#xD;
Test&#xD;
Test&#xD;
Player Test1 won trick with Eight of Hearts&#xD;
Test&#xD;
Test&#xD;
Test&#xD;
Test&#xD;
Player Test1 won trick with Three of Hearts&#xD;
Test&#xD;
Player Test2 won trick with Ace of Clubs&#xD;
Test&#xD;
Test&#xD;
Test&#xD;
Test&#xD;
Player Test1 won trick with Jack of Spades&#xD;
Test&#xD;
Test&#xD;
Test&#xD;
Player Test1 won trick with Five of Clubs&#xD;
Test&#xD;
Test&#xD;
Test&#xD;
Player Test1 won trick with Ten of Clubs&#xD;
Test&#xD;
Test&#xD;
Test&#xD;
Player Test1 won trick with King of Hearts&#xD;
Test&#xD;
Test&#xD;
Test&#xD;
Player Test1 won trick with Eight of Spades&#xD;
Test&#xD;
Player Test2 won trick with King of Hearts&#xD;
Test&#xD;
Test&#xD;
Player Test2 won trick with Nine of Clubs&#xD;
Test&#xD;
Test&#xD;
Player Test3 won trick with Ace of Clubs&#xD;
Test&#xD;
Test&#xD;
Player Test2 won trick with Ace of Diamonds&#xD;
Test&#xD;
Test&#xD;
Player Test1 won trick with Six of Diamonds&#xD;
Test&#xD;
Test&#xD;
Test&#xD;
Player Test1 won trick with Five of Spades&#xD;
Test&#xD;
Test&#xD;
Test&#xD;
Player Test1 won trick with Ten of Clubs&#xD;
Test&#xD;
Test&#xD;
Player Test3 won trick with Six of Clubs&#xD;
Test&#xD;
Test&#xD;
Test&#xD;
Player Test1 won trick with Jack of Diamonds&#xD;
Test&#xD;
Test&#xD;
Player Test4 won trick with Queen of Diamonds&#xD;
Test&#xD;
Test&#xD;
Player Test2 won trick with Queen of Spades&#xD;
Test&#xD;
Test&#xD;
Test&#xD;
Player Test1 won trick with Five of Spades&#xD;
Test&#xD;
Test&#xD;
Player Test3 won trick with Jack of Diamonds&#xD;
Test&#xD;
Test&#xD;
Player Test2 won trick with Eight of Clubs&#xD;
Test&#xD;
Player Test1 won trick with King of Spades&#xD;
Test&#xD;
Test&#xD;
Player Test3 won trick with Queen of Spades&#xD;
Test&#xD;
Test&#xD;
Test&#xD;
Test&#xD;
Player Test1 won trick with Jack of Hearts&#xD;
Test&#xD;
Player Test1 won trick with Eight of Spades&#xD;
Test&#xD;
Test&#xD;
Test&#xD;
Player Test1 won trick with Seven of Clubs&#xD;
Test&#xD;
Test&#xD;
Player Test4 won trick with Queen of Clubs&#xD;
Test&#xD;
Test&#xD;
Test&#xD;
Player Test4 won trick with Eight of Hearts&#xD;
Test&#xD;
Test&#xD;
Test&#xD;
Test&#xD;
Player Test1 won trick with Seven of Hearts&#xD;
Test&#xD;
Test&#xD;
Player Test1 won trick with Five of Diamonds&#xD;
Test&#xD;
Test&#xD;
Test&#xD;
Player Test3 won trick with Ten of Hearts&#xD;
Test&#xD;
Test&#xD;
Test&#xD;
Test&#xD;
Player Test1 won trick with Three of Hearts&#xD;
Test&#xD;
Test&#xD;
Test&#xD;
Test&#xD;
Player Test1 won trick with Five of Hearts&#xD;
Test&#xD;
Test&#xD;
Player Test1 won trick with Ace of Diamonds&#xD;
Test&#xD;
Test&#xD;
Player Test3 won trick with Eight of Diamonds&#xD;
Test&#xD;
Player Test2 won trick with Jack of Spades&#xD;
Test&#xD;
Test&#xD;
Player Test1 won trick with Nine of Clubs&#xD;
Test&#xD;
Test&#xD;
Player Test4 won trick with Ace of Diamonds&#xD;
Test&#xD;
Test&#xD;
Player Test3 won trick with King of Diamonds&#xD;
Test&#xD;
Test&#xD;
Test&#xD;
Player Test1 won trick with Four of Diamonds&#xD;
Test&#xD;
Test&#xD;
Player Test1 won trick with Four of Clubs&#xD;
Test&#xD;
Test&#xD;
Test&#xD;
Player Test1 won trick with Ten of Hearts&#xD;
Test&#xD;
Test&#xD;
Test&#xD;
Test&#xD;
Player Test1 won trick with Seven of Hearts&#xD;
Test&#xD;
Test&#xD;
Test&#xD;
Player Test1 won trick with Seven of Diamonds&#xD;
Test&#xD;
Test&#xD;
Test&#xD;
Player Test1 won trick with Four of Diamonds&#xD;
Test&#xD;
Test&#xD;
Player Test1 won trick with Ace of Hearts&#xD;
Test&#xD;
Player Test1 won trick with King of Diamonds&#xD;
Test&#xD;
Test&#xD;
Player Test1 won trick with Ace of Spades&#xD;
Test&#xD;
Player Test1 won trick with Ten of Diamonds&#xD;
Test&#xD;
Test&#xD;
Player Test2 won trick with Nine of Spades&#xD;
Test&#xD;
Test&#xD;
Player Test1 won trick with Ace of Diamonds&#xD;
Test&#xD;
Test&#xD;
Player Test1 won trick with Four of Spades&#xD;
Test&#xD;
Test&#xD;
Player Test2 won trick with Jack of Hearts&#xD;
Test&#xD;
Player Test4 won trick with Five of Clubs&#xD;
Test&#xD;
Test&#xD;
Test&#xD;
Test&#xD;
Player Test1 won trick with Three of Hearts&#xD;
Test&#xD;
Test&#xD;
Player Test2 won trick with King of Clubs&#xD;
Test&#xD;
Test&#xD;
Test&#xD;
Player Test1 won trick with Four of Diamonds&#xD;
Test&#xD;
Test&#xD;
Test&#xD;
Test&#xD;
Player Test1 won trick with Seven of Hearts&#xD;
Test&#xD;
Test&#xD;
Player Test2 won trick with King of Hearts&#xD;
Test&#xD;
Test&#xD;
Test&#xD;
Test&#xD;
Player Test1 won trick with King of Hearts&#xD;
Test&#xD;
Test&#xD;
Test&#xD;
Player Test1 won trick with Three of Spades&#xD;
Test&#xD;
Test&#xD;
Player Test4 won trick with Ace of Hearts&#xD;
Test&#xD;
Test&#xD;
Player Test1 won trick with Seven of Diamonds&#xD;
Test&#xD;
Test&#xD;
Test&#xD;
Test&#xD;
Player Test1 won trick with Seven of Hearts&#xD;
Test&#xD;
Test&#xD;
Test&#xD;
Player Test1 won trick with Nine of Spades&#xD;
Test&#xD;
Test&#xD;
Test&#xD;
Test&#xD;
Player Test1 won trick with Jack of Hearts&#xD;
Test&#xD;
Player Test2 won trick with Ace of Diamonds&#xD;
Test&#xD;
Test&#xD;
Test&#xD;
Player Test1 won trick with King of Diamonds&#xD;
Test&#xD;
Test&#xD;
Test&#xD;
Player Test1 won trick with Ten of Diamonds&#xD;
Test&#xD;
Test&#xD;
Test&#xD;
Test&#xD;
Player Test1 won trick with Three of Hearts&#xD;
Test&#xD;
Test&#xD;
Test&#xD;
Player Test1 won trick with King of Clubs&#xD;
Test&#xD;
Player Test1 won trick with Ten of Spades&#xD;
Test&#xD;
Test&#xD;
Test&#xD;
Player Test1 won trick with Ten of Spades&#xD;
Test&#xD;
Test&#xD;
Test&#xD;
Player Test4 won trick with King of Clubs&#xD;
Test&#xD;
Test&#xD;
Test&#xD;
Player Test1 won trick with Queen of Diamonds&#xD;
Test&#xD;
Test&#xD;
Test&#xD;
Player Test1 won trick with Jack of Clubs&#xD;
Test&#xD;
Test&#xD;
Test&#xD;
Player Test1 won trick with Five of Hearts&#xD;
Test&#xD;
Test&#xD;
Player Test1 won trick with Eight of Diamonds&#xD;
Test&#xD;
Test&#xD;
Test&#xD;
Player Test1 won trick with Eight of Spades&#xD;
Test&#xD;
Player Test4 won trick with Eight of Diamonds&#xD;
Test&#xD;
Test&#xD;
Test&#xD;
Player Test1 won trick with Three of Clubs&#xD;
Test&#xD;
Player Test3 won trick with King of Diamonds&#xD;
Test&#xD;
Test&#xD;
Test&#xD;
Player Test1 won trick with Two of Spades&#xD;
Test&#xD;
Test&#xD;
Test&#xD;
Player Test3 won trick with Jack of Hearts&#xD;
Test&#xD;
Test&#xD;
Player Test1 won trick with Jack of Spades&#xD;
Test&#xD;
Test&#xD;
Test&#xD;
Test&#xD;
Player Test1 won trick with Three of Hearts&#xD;
Test&#xD;
Test&#xD;
Player Test4 won trick with Ace of Diamonds&#xD;
Test&#xD;
Test&#xD;
Test&#xD;
Player Test1 won trick with Three of Diamonds&#xD;
Test&#xD;
Test&#xD;
Test&#xD;
Test&#xD;
Player Test1 won trick with Eight of Hearts&#xD;
Test&#xD;
Test&#xD;
Test&#xD;
Player Test1 won trick with Jack of Diamonds&#xD;
Test&#xD;
Test&#xD;
Test&#xD;
Player Test1 won trick with Nine of Diamonds&#xD;
Test&#xD;
Test&#xD;
Test&#xD;
Player Test1 won trick with Two of Clubs&#xD;
Test&#xD;
Test&#xD;
Player Test2 won trick with Eight of Spades&#xD;
Test&#xD;
Test&#xD;
Test&#xD;
Test&#xD;
Player Test1 won trick with Five of Clubs&#xD;
Test&#xD;
Test&#xD;
Test&#xD;
Player Test1 won trick with Ace of Diamonds&#xD;
Test&#xD;
Test&#xD;
Test&#xD;
Player Test1 won trick with Five of Clubs&#xD;
Test&#xD;
Test&#xD;
Test&#xD;
Player Test1 won trick with Three of Spades&#xD;
Test&#xD;
Test&#xD;
Test&#xD;
Test&#xD;
Player Test1 won trick with Six of Hearts&#xD;
Test&#xD;
Test&#xD;
Player Test1 won trick with Ten of Clubs&#xD;
Test&#xD;
Player Test2 won trick with Ten of Clubs&#xD;
Test&#xD;
Test&#xD;
Test&#xD;
Test&#xD;
Player Test1 won trick with Ace of Diamonds&#xD;
Test&#xD;
Player Test1 won trick with Seven of Spades&#xD;
Test&#xD;
Test&#xD;
Test&#xD;
Player Test2 won trick with Seven of Hearts&#xD;
Test&#xD;
Test&#xD;
Player Test1 won trick with Ace of Diamonds&#xD;
Test&#xD;
Test&#xD;
Player Test3 won trick with King of Spades&#xD;
Test&#xD;
Test&#xD;
Test&#xD;
Player Test1 won trick with Ten of Diamonds&#xD;
Test&#xD;
Test&#xD;
Test&#xD;
Test&#xD;
Player Test1 won trick with Two of Hearts&#xD;
Test&#xD;
Test&#xD;
Test&#xD;
Test&#xD;
Player Test1 won trick with Seven of Diamonds&#xD;
Test&#xD;
Test&#xD;
Player Test4 won trick with King of Diamonds&#xD;
Test&#xD;
Test&#xD;
Player Test1 won trick with Ace of Clubs&#xD;
Test&#xD;
Player Test1 won trick with Jack of Clubs&#xD;
Test&#xD;
Player Test3 won trick with Ace of Diamonds&#xD;
Test&#xD;
Test&#xD;
Test&#xD;
Player Test1 won trick with Seven of Spades&#xD;
Test&#xD;
Test&#xD;
Player Test3 won trick with Nine of Hearts&#xD;
Test&#xD;
Test&#xD;
Test&#xD;
Player Test1 won trick with Eight of Hearts&#xD;
Test&#xD;
Player Test2 won trick with Ace of Diamonds&#xD;
Test&#xD;
Test&#xD;
Test&#xD;
Test&#xD;
Player Test1 won trick with Seven of Hearts&#xD;
Test&#xD;
Test&#xD;
Test&#xD;
Player Test1 won trick with Eight of Hearts&#xD;
Test&#xD;
Test&#xD;
Test&#xD;
Test&#xD;
Player Test1 won trick with Ten of Hearts&#xD;
Test&#xD;
Test&#xD;
Test&#xD;
Player Test1 won trick with Ace of Diamonds&#xD;
Test&#xD;
Test&#xD;
Test&#xD;
Player Test1 won trick with Two of Spades&#xD;
Test&#xD;
Test&#xD;
Test&#xD;
Player Test1 won trick with Six of Clubs&#xD;
Test&#xD;
Player Test4 won trick with Ace of Spades&#xD;
Test&#xD;
Test&#xD;
Test&#xD;
Player Test1 won trick with Six of Clubs&#xD;
Test&#xD;
Test&#xD;
Test&#xD;
Player Test1 won trick with Four of Clubs&#xD;
Test&#xD;
Test&#xD;
Player Test1 won trick with Ace of Clubs&#xD;
Test&#xD;
Test&#xD;
Player Test1 won trick with Ace of Diamonds&#xD;
Test&#xD;
Test&#xD;
Test&#xD;
Player Test1 won trick with Three of Spades&#xD;
Test&#xD;
Test&#xD;
Test&#xD;
Player Test1 won trick with Six of Diamonds&#xD;
Test&#xD;
Test&#xD;
Test&#xD;
Player Test4 won trick with Ten of Hearts&#xD;
Test&#xD;
Test&#xD;
Test&#xD;
Player Test1 won trick with King of Hearts&#xD;
Test&#xD;
Test&#xD;
Player Test3 won trick with Ace of Spades&#xD;
Test&#xD;
Test&#xD;
Player Test1 won trick with King of Clubs&#xD;
Test&#xD;
Player Test3 won trick with Ace of Diamonds&#xD;
Test&#xD;
Test&#xD;
Test&#xD;
Player Test1 won trick with King of Clubs&#xD;
Test&#xD;
Test&#xD;
Player Test1 won trick with Ace of Diamonds&#xD;
Test&#xD;
Test&#xD;
Player Test1 won trick with Queen of Spades&#xD;
Test&#xD;
Player Test1 won trick with Ace of Clubs&#xD;
Test&#xD;
Test&#xD;
Player Test4 won trick with Three of Spades&#xD;
Test&#xD;
Test&#xD;
Test&#xD;
Player Test1 won trick with Five of Spades&#xD;
Test&#xD;
Test&#xD;
Player Test4 won trick with Ace of Spades&#xD;
Test&#xD;
Player Test1 won trick with Jack of Diamonds&#xD;
Test&#xD;
Test&#xD;
Test&#xD;
Test&#xD;
Player Test1 won trick with Four of Diamonds&#xD;
Test&#xD;
Player Test3 won trick with Ten of Spades&#xD;
Test&#xD;
Test&#xD;
Test&#xD;
Player Test1 won trick with Ace of Diamonds&#xD;
Player Test4 won trick with Jack of Spades&#xD;
Test&#xD;
Test&#xD;
Test&#xD;
Player Test1 won trick with Four of Diamonds&#xD;
Test&#xD;
Test&#xD;
Test&#xD;
Player Test1 won trick with Five of Spades&#xD;
Test&#xD;
Player Test3 won trick with Nine of Spades&#xD;
Test&#xD;
Test&#xD;
Test&#xD;
Player Test1 won trick with Ten of Diamonds&#xD;
Test&#xD;
Test&#xD;
Test&#xD;
Test&#xD;
Player Test1 won trick with Three of Diamonds&#xD;
Test&#xD;
Test&#xD;
Test&#xD;
Test&#xD;
Player Test1 won trick with King of Hearts&#xD;
Test&#xD;
Test&#xD;
Test&#xD;
Player Test1 won trick with Ace of Diamonds&#xD;
Test&#xD;
Test&#xD;
Test&#xD;
Player Test1 won trick with King of Spades&#xD;
Test&#xD;
Player Test1 won trick with King of Clubs&#xD;
Test&#xD;
Test&#xD;
Test&#xD;
Player Test2 won trick with Six of Hearts&#xD;
Test&#xD;
Test&#xD;
Test&#xD;
Player Test1 won trick with Three of Clubs&#xD;
Test&#xD;
Test&#xD;
Test&#xD;
Test&#xD;
Player Test1 won trick with Eight of Hearts&#xD;
Test&#xD;
Player Test2 won trick with Queen of Spades&#xD;
Test&#xD;
Test&#xD;
Player Test3 won trick with Queen of Hearts&#xD;
Test&#xD;
Test&#xD;
Player Test2 won trick with Three of Diamonds&#xD;
Test&#xD;
Test&#xD;
Player Test1 won trick with King of Clubs&#xD;
Test&#xD;
Test&#xD;
Test&#xD;
Player Test1 won trick with Eight of Spades&#xD;
Test&#xD;
Test&#xD;
Test&#xD;
Test&#xD;
Player Test1 won trick with Jack of Hearts&#xD;
Test&#xD;
Test&#xD;
Player Test3 won trick with Five of Diamonds&#xD;
Test&#xD;
Test&#xD;
Test&#xD;
Player Test1 won trick with Six of Diamonds&#xD;
Test&#xD;
Test&#xD;
Test&#xD;
Player Test1 won trick with Ten of Spades&#xD;
Test&#xD;
Test&#xD;
Test&#xD;
Player Test2 won trick with King of Diamonds&#xD;
Test&#xD;
Test&#xD;
Player Test1 won trick with Ten of Clubs&#xD;
Test&#xD;
Test&#xD;
Test&#xD;
Player Test1 won trick with Jack of Hearts&#xD;
Test&#xD;
Test&#xD;
Test&#xD;
Player Test1 won trick with King of Spades&#xD;
Test&#xD;
Test&#xD;
Player Test1 won trick with Seven of Diamonds&#xD;
Test&#xD;
Test&#xD;
Player Test3 won trick with Six of Diamonds&#xD;
Test&#xD;
Test&#xD;
Test&#xD;
Player Test1 won trick with King of Hearts&#xD;
Test&#xD;
Test&#xD;
Test&#xD;
Player Test1 won trick with Ten of Diamonds&#xD;
Test&#xD;
Test&#xD;
Player Test1 won trick with King of Clubs&#xD;
Test&#xD;
Test&#xD;
Test&#xD;
Player Test2 won trick with Five of Hearts&#xD;
Test&#xD;
Test&#xD;
Player Test1 won trick with Jack of Spades&#xD;
Test&#xD;
Test&#xD;
Player Test4 won trick with Ace of Spades&#xD;
Test&#xD;
Test&#xD;
Test&#xD;
Player Test1 won trick with Six of Hearts&#xD;
Test&#xD;
Test&#xD;
Test&#xD;
Player Test4 won trick with King of Hearts&#xD;
Test&#xD;
Test&#xD;
Test&#xD;
Player Test1 won trick with Queen of Diamonds&#xD;
Test&#xD;
Test&#xD;
Test&#xD;
Player Test1 won trick with Four of Spades&#xD;
Test&#xD;
Test&#xD;
Test&#xD;
Test&#xD;
Player Test1 won trick with Jack of Hearts&#xD;
Test&#xD;
Test&#xD;
Player Test1 won trick with Ace of Spades&#xD;
Test&#xD;
Test&#xD;
Test&#xD;
Test&#xD;
Player Test1 won trick with Eight of Hearts&#xD;
Test&#xD;
Test&#xD;
Test&#xD;
Test&#xD;
Player Test1 won trick with Nine of Hearts&#xD;
Test&#xD;
Test&#xD;
Test&#xD;
Player Test3 won trick with King of Hearts&#xD;
Test&#xD;
Test&#xD;
Player Test1 won trick with Six of Diamonds&#xD;
Player Test4 won trick with Jack of Diamonds&#xD;
Test&#xD;
Test&#xD;
Test&#xD;
Player Test1 won trick with Three of Spades&#xD;
Test&#xD;
Test&#xD;
Player Test1 won trick with King of Spades&#xD;
Test&#xD;
Test&#xD;
Test&#xD;
Player Test1 won trick with Nine of Clubs&#xD;
Test&#xD;
Test&#xD;
Test&#xD;
Player Test3 won trick with Ace of Hearts&#xD;
Test&#xD;
Test&#xD;
Test&#xD;
Test&#xD;
Player Test1 won trick with Six of Hearts&#xD;
Test&#xD;
Test&#xD;
Player Test4 won trick with Ten of Clubs&#xD;
Test&#xD;
Test&#xD;
Player Test2 won trick with Jack of Spades&#xD;
Test&#xD;
Test&#xD;
Test&#xD;
Player Test1 won trick with Queen of Hearts&#xD;
Test&#xD;
Test&#xD;
Test&#xD;
Player Test1 won trick with Six of Diamonds&#xD;
Test&#xD;
Test&#xD;
Test&#xD;
Player Test1 won trick with Seven of Clubs&#xD;
Test&#xD;
Test&#xD;
Test&#xD;
Player Test1 won trick with Seven of Clubs&#xD;
Test&#xD;
Test&#xD;
Test&#xD;
Player Test3 won trick with Seven of Hearts&#xD;
Test&#xD;
Test&#xD;
Player Test1 won trick with Ace of Clubs&#xD;
Test&#xD;
Test&#xD;
Test&#xD;
Player Test1 won trick with Queen of Clubs&#xD;
Test&#xD;
Test&#xD;
Player Test3 won trick with Eight of Diamonds&#xD;
Test&#xD;
Test&#xD;
Player Test1 won trick with Jack of Spades&#xD;
Test&#xD;
Test&#xD;
Test&#xD;
Player Test1 won trick with Four of Clubs&#xD;
Test&#xD;
Test&#xD;
Player Test1 won trick with King of Clubs&#xD;
Test&#xD;
Test&#xD;
Test&#xD;
Test&#xD;
Player Test1 won trick with Seven of Hearts&#xD;
Test&#xD;
Test&#xD;
Test&#xD;
Player Test1 won trick with Queen of Spades&#xD;
Test&#xD;
Test&#xD;
Test&#xD;
Player Test1 won trick with Seven of Clubs&#xD;
Test&#xD;
Test&#xD;
Player Test3 won trick with Ace of Hearts&#xD;
Test&#xD;
Test&#xD;
Test&#xD;
Test&#xD;
Player Test1 won trick with Four of Hearts&#xD;
Test&#xD;
Test&#xD;
Test&#xD;
Test&#xD;
Player Test1 won trick with Jack of Hearts&#xD;
Test&#xD;
Test&#xD;
Test&#xD;
Player Test1 won trick with Eight of Spades&#xD;
Test&#xD;
Test&#xD;
Player Test4 won trick with Queen of Hearts&#xD;
Test&#xD;
Test&#xD;
Test&#xD;
Player Test1 won trick with Queen of Clubs&#xD;
Test&#xD;
Test&#xD;
Test&#xD;
Player Test1 won trick with Two of Diamonds&#xD;
Test&#xD;
Test&#xD;
Player Test2 won trick with Ten of Clubs&#xD;
Test&#xD;
Player Test4 won trick with Ace of Spades&#xD;
Test&#xD;
Player Test3 won trick with Nine of Spades&#xD;
Test&#xD;
Test&#xD;
Player Test1 won trick with Jack of Diamonds&#xD;
Test&#xD;
Test&#xD;
Test&#xD;
Test&#xD;
Player Test1 won trick with Nine of Hearts&#xD;
Test&#xD;
Test&#xD;
Player Test1 won trick with King of Spades&#xD;
Test&#xD;
Test&#xD;
Test&#xD;
Test&#xD;
Player Test1 won trick with Eight of Hearts&#xD;
Test&#xD;
Test&#xD;
Test&#xD;
Player Test1 won trick with Three of Clubs&#xD;
Test&#xD;
Test&#xD;
Test&#xD;
Player Test1 won trick with Eight of Clubs&#xD;
Test&#xD;
Test&#xD;
Test&#xD;
Player Test1 won trick with Ace of Clubs&#xD;
Test&#xD;
Test&#xD;
Test&#xD;
Player Test1 won trick with Five of Spades&#xD;
Test&#xD;
Test&#xD;
Player Test4 won trick with Ace of Diamonds&#xD;
Test&#xD;
Test&#xD;
Test&#xD;
Player Test1 won trick with King of Hearts&#xD;
Test&#xD;
Player Test3 won trick with King of Clubs&#xD;
Test&#xD;
Player Test3 won trick with Nine of Spades&#xD;
Test&#xD;
Test&#xD;
Test&#xD;
Test&#xD;
Player Test1 won trick with Six of Hearts&#xD;
Test&#xD;
Test&#xD;
Player Test1 won trick with Queen of Clubs&#xD;
Test&#xD;
Test&#xD;
Test&#xD;
Test&#xD;
Player Test1 won trick with Jack of Hearts&#xD;
Test&#xD;
Test&#xD;
Player Test2 won trick with Ace of Diamonds&#xD;
Test&#xD;
Test&#xD;
Test&#xD;
Player Test1 won trick with Five of Diamonds&#xD;
Test&#xD;
Test&#xD;
Player Test1 won trick with Four of Diamonds&#xD;
Test&#xD;
Player Test1 won trick with King of Spades&#xD;
Test&#xD;
Player Test3 won trick with King of Diamonds&#xD;
Test&#xD;
Test&#xD;
Test&#xD;
Test&#xD;
Player Test1 won trick with Six of Clubs&#xD;
Test&#xD;
Test&#xD;
Test&#xD;
Player Test1 won trick with Jack of Spades&#xD;
Test&#xD;
Test&#xD;
Player Test2 won trick with Ten of Spades&#xD;
Test&#xD;
Test&#xD;
Test&#xD;
Player Test1 won trick with Three of Diamonds&#xD;
Test&#xD;
Test&#xD;
Player Test4 won trick with Three of Clubs&#xD;
Test&#xD;
Test&#xD;
Player Test1 won trick with Jack of Clubs&#xD;
Test&#xD;
Test&#xD;
Player Test1 won trick with Jack of Diamonds&#xD;
Test&#xD;
Test&#xD;
Test&#xD;
Player Test1 won trick with Jack of Spades&#xD;
Test&#xD;
Test&#xD;
Test&#xD;
Player Test1 won trick with Three of Diamonds&#xD;
Test&#xD;
Test&#xD;
Test&#xD;
Player Test1 won trick with Four of Clubs&#xD;
Test&#xD;
Player Test2 won trick with King of Clubs&#xD;
Test&#xD;
Test&#xD;
Test&#xD;
Player Test1 won trick with Queen of Clubs&#xD;
Test&#xD;
Player Test2 won trick with Ace of Diamonds&#xD;
Test&#xD;
Test&#xD;
Test&#xD;
Test&#xD;
Player Test1 won trick with Four of Hearts&#xD;
Test&#xD;
Test&#xD;
Test&#xD;
Test&#xD;
Player Test1 won trick with Ten of Hearts&#xD;
Test&#xD;
Test&#xD;
Test&#xD;
Player Test1 won trick with Jack of Hearts&#xD;
Test&#xD;
Test&#xD;
Test&#xD;
Player Test1 won trick with King of Hearts&#xD;
Test&#xD;
Player Test3 won trick with Seven of Diamonds&#xD;
Test&#xD;
Test&#xD;
Player Test4 won trick with Ace of Spades&#xD;
Test&#xD;
Test&#xD;
Player Test1 won trick with Ace of Clubs&#xD;
Test&#xD;
Player Test4 won trick with Ten of Diamonds&#xD;
Test&#xD;
Test&#xD;
Test&#xD;
Test&#xD;
Player Test1 won trick with Seven of Hearts&#xD;
Test&#xD;
Test&#xD;
Test&#xD;
Test&#xD;
Player Test1 won trick with Three of Hearts&#xD;
Test&#xD;
Test&#xD;
Test&#xD;
Player Test1 won trick with Eight of Spades&#xD;
Test&#xD;
Test&#xD;
Test&#xD;
Player Test1 won trick with Ten of Hearts&#xD;
Test&#xD;
Player Test3 won trick with Ace of Diamonds&#xD;
Test&#xD;
Test&#xD;
Player Test2 won trick with Ten of Diamonds&#xD;
Test&#xD;
Test&#xD;
Player Test1 won trick with Jack of Spades&#xD;
Test&#xD;
Test&#xD;
Test&#xD;
Player Test1 won trick with King of Diamonds&#xD;
Test&#xD;
Test&#xD;
Test&#xD;
Player Test1 won trick with Queen of Diamonds&#xD;
Test&#xD;
Test&#xD;
Test&#xD;
Player Test1 won trick with Six of Spades&#xD;
Test&#xD;
Test&#xD;
Test&#xD;
Player Test1 won trick with Six of Clubs&#xD;
Test&#xD;
Test&#xD;
Player Test2 won trick with Seven of Hearts&#xD;
Test&#xD;
Test&#xD;
Player Test1 won trick with Five of Diamonds&#xD;
Test&#xD;
Test&#xD;
Player Test3 won trick with King of Spades&#xD;
Test&#xD;
Test&#xD;
Player Test1 won trick with Three of Diamonds&#xD;
Test&#xD;
Test&#xD;
Player Test2 won trick with Jack of Clubs&#xD;
Test&#xD;
Test&#xD;
Player Test1 won trick with Ten of Diamonds&#xD;
Test&#xD;
Test&#xD;
Test&#xD;
Player Test1 won trick with Four of Spades&#xD;
Test&#xD;
Test&#xD;
Test&#xD;
Player Test4 won trick with Queen of Hearts&#xD;
Test&#xD;
Player Test2 won trick with King of Clubs&#xD;
Test&#xD;
Test&#xD;
Player Test2 won trick with Queen of Spades&#xD;
Test&#xD;
Test&#xD;
Player Test1 won trick with Queen of Hearts&#xD;
Test&#xD;
Test&#xD;
Player Test2 won trick with Queen of Hearts&#xD;
Test&#xD;
Test&#xD;
Test&#xD;
Player Test1 won trick with Queen of Spades&#xD;
Test&#xD;
Test&#xD;
Test&#xD;
Player Test1 won trick with Ten of Spades&#xD;
Test&#xD;
Test&#xD;
Test&#xD;
Player Test1 won trick with Five of Diamonds&#xD;
Test&#xD;
Player Test1 won trick with Ace of Clubs&#xD;
Test&#xD;
Player Test2 won trick with King of Diamonds&#xD;
Test&#xD;
Player Test3 won trick with Queen of Diamonds&#xD;
Test&#xD;
Test&#xD;
Test&#xD;
Player Test2 won trick with Six of Hearts&#xD;
Test&#xD;
Test&#xD;
Player Test1 won trick with Jack of Hearts&#xD;
Test&#xD;
Test&#xD;
Test&#xD;
Player Test1 won trick with King of Clubs&#xD;
Test&#xD;
Test&#xD;
Player Test2 won trick with King of Diamonds&#xD;
Test&#xD;
Test&#xD;
Test&#xD;
Player Test1 won trick with Five of Clubs&#xD;
Test&#xD;
Player Test1 won trick with King of Spades&#xD;
Test&#xD;
Test&#xD;
Test&#xD;
Player Test1 won trick with Six of Spades&#xD;
Test&#xD;
Test&#xD;
Player Test1 won trick with Queen of Spades&#xD;
Test&#xD;
Test&#xD;
Test&#xD;
Test&#xD;
Player Test1 won trick with Ten of Diamonds&#xD;
Test&#xD;
Player Test1 won trick with King of Diamonds&#xD;
Test&#xD;
Test&#xD;
Test&#xD;
Player Test1 won trick with Three of Diamonds&#xD;
Test&#xD;
Test&#xD;
Test&#xD;
Player Test1 won trick with Four of Diamonds&#xD;
Test&#xD;
Test&#xD;
Test&#xD;
Player Test1 won trick with Four of Diamonds&#xD;
Test&#xD;
Test&#xD;
Test&#xD;
Player Test1 won trick with Three of Diamonds&#xD;
Test&#xD;
Test&#xD;
Test&#xD;
Test&#xD;
Player Test1 won trick with Two of Hearts&#xD;
Test&#xD;
Test&#xD;
Player Test1 won trick with Queen of Clubs&#xD;
Test&#xD;
Test&#xD;
Player Test1 won trick with Ace of Diamonds&#xD;
Test&#xD;
Test&#xD;
Player Test1 won trick with Ten of Spades&#xD;
Test&#xD;
Test&#xD;
Test&#xD;
Player Test4 won trick with Eight of Hearts&#xD;
Test&#xD;
Test&#xD;
Test&#xD;
Player Test1 won trick with Four of Clubs&#xD;
Test&#xD;
Test&#xD;
Test&#xD;
Player Test1 won trick with Nine of Hearts&#xD;
Test&#xD;
Test&#xD;
Test&#xD;
Player Test1 won trick with Eight of Spades&#xD;
Test&#xD;
Test&#xD;
Player Test4 won trick with Ace of Diamonds&#xD;
Test&#xD;
Test&#xD;
Test&#xD;
Test&#xD;
Player Test1 won trick with Three of Hearts&#xD;
Test&#xD;
Test&#xD;
Player Test1 won trick with King of Diamonds&#xD;
Test&#xD;
Test&#xD;
Test&#xD;
Player Test1 won trick with Seven of Clubs&#xD;
Test&#xD;
Test&#xD;
Test&#xD;
Player Test1 won trick with Jack of Spades&#xD;
Test&#xD;
Test&#xD;
Test&#xD;
Player Test1 won trick with Nine of Spades&#xD;
Test&#xD;
Test&#xD;
Test&#xD;
Player Test1 won trick with Ten of Hearts&#xD;
Test&#xD;
Test&#xD;
Player Test4 won trick with Queen of Clubs&#xD;
Test&#xD;
Test&#xD;
Player Test3 won trick with Jack of Hearts&#xD;
Test&#xD;
Test&#xD;
Player Test1 won trick with Ace of Clubs&#xD;
Test&#xD;
Test&#xD;
Test&#xD;
Test&#xD;
Player Test1 won trick with King of Hearts&#xD;
Test&#xD;
Test&#xD;
Test&#xD;
Player Test1 won trick with King of Diamonds&#xD;
Test&#xD;
Test&#xD;
Test&#xD;
Player Test1 won trick with Three of Spades&#xD;
Test&#xD;
Test&#xD;
Test&#xD;
Player Test1 won trick with Eight of Diamonds&#xD;
Test&#xD;
Test&#xD;
Test&#xD;
Player Test1 won trick with Queen of Clubs&#xD;
Test&#xD;
Test&#xD;
Test&#xD;
Player Test3 won trick with Seven of Hearts&#xD;
Test&#xD;
Test&#xD;
Player Test1 won trick with Five of Clubs&#xD;
Test&#xD;
Test&#xD;
Player Test1 won trick with Five of Spades&#xD;
Test&#xD;
Test&#xD;
Test&#xD;
Test&#xD;
Player Test1 won trick with King of Spades&#xD;
Test&#xD;
Test&#xD;
Test&#xD;
Player Test1 won trick with Five of Clubs&#xD;
Test&#xD;
Player Test1 won trick with Jack of Clubs&#xD;
Test&#xD;
Test&#xD;
Player Test1 won trick with Eight of Clubs&#xD;
Test&#xD;
Test&#xD;
Test&#xD;
Player Test3 won trick with King of Hearts&#xD;
Test&#xD;
Player Test2 won trick with Ace of Spades&#xD;
Test&#xD;
Test&#xD;
Test&#xD;
Player Test1 won trick with Seven of Clubs&#xD;
Test&#xD;
Test&#xD;
Test&#xD;
Player Test1 won trick with Five of Clubs&#xD;
Test&#xD;
Test&#xD;
Test&#xD;
Player Test1 won trick with Eight of Spades&#xD;
Test&#xD;
Test&#xD;
Test&#xD;
Test&#xD;
Player Test1 won trick with Ace of Hearts&#xD;
Test&#xD;
Player Test1 won trick with Seven of Spades&#xD;
Test&#xD;
Test&#xD;
Player Test1 won trick with Five of Spades&#xD;
Test&#xD;
Test&#xD;
Player Test3 won trick with Queen of Spades&#xD;
Test&#xD;
Player Test1 won trick with Ace of Diamonds&#xD;
Test&#xD;
Test&#xD;
Test&#xD;
Player Test1 won trick with Ace of Hearts&#xD;
Test&#xD;
Test&#xD;
Test&#xD;
Test&#xD;
Player Test1 won trick with Nine of Hearts&#xD;
Test&#xD;
Test&#xD;
Test&#xD;
Player Test1 won trick with Ace of Diamonds&#xD;
Test&#xD;
Test&#xD;
Test&#xD;
Player Test1 won trick with Queen of Spades&#xD;
Test&#xD;
Test&#xD;
Test&#xD;
Player Test1 won trick with Three of Clubs&#xD;
Test&#xD;
Test&#xD;
Test&#xD;
Test&#xD;
Player Test1 won trick with Queen of Hearts&#xD;
Test&#xD;
Test&#xD;
Test&#xD;
Player Test1 won trick with Five of Spades&#xD;
Test&#xD;
Test&#xD;
Test&#xD;
Player Test1 won trick with Two of Spades&#xD;
Test&#xD;
Test&#xD;
Test&#xD;
Player Test1 won trick with Jack of Clubs&#xD;
Test&#xD;
Test&#xD;
Player Test1 won trick with Nine of Spades&#xD;
Test&#xD;
Test&#xD;
Player Test1 won trick with King of Spades&#xD;
Test&#xD;
Test&#xD;
Test&#xD;
Player Test2 won trick with Queen of Spades&#xD;
Test&#xD;
Test&#xD;
Player Test3 won trick with Queen of Hearts&#xD;
Test&#xD;
Test&#xD;
Player Test1 won trick with Nine of Clubs&#xD;
Player Test3 won trick with Five of Diamonds&#xD;
Test&#xD;
Player Test1 won trick with Queen of Diamonds&#xD;
Test&#xD;
Test&#xD;
Test&#xD;
Player Test4 won trick with Queen of Hearts&#xD;
Test&#xD;
Test&#xD;
Player Test1 won trick with Six of Diamonds&#xD;
Test&#xD;
Test&#xD;
Test&#xD;
Player Test1 won trick with King of Diamonds&#xD;
Test&#xD;
Test&#xD;
Test&#xD;
Player Test1 won trick with King of Spades&#xD;
Test&#xD;
Test&#xD;
Player Test1 won trick with Ace of Diamonds&#xD;
Test&#xD;
Test&#xD;
Test&#xD;
Test&#xD;
Player Test1 won trick with Four of Hearts&#xD;
Test&#xD;
Test&#xD;
Test&#xD;
Test&#xD;
Player Test1 won trick with Ace of Hearts&#xD;
Test&#xD;
Test&#xD;
Test&#xD;
Player Test1 won trick with Queen of Hearts&#xD;
Test&#xD;
Test&#xD;
Test&#xD;
Test&#xD;
Player Test1 won trick with Nine of Diamonds&#xD;
Test&#xD;
Player Test4 won trick with Ace of Spades&#xD;
Test&#xD;
Test&#xD;
Player Test3 won trick with Six of Hearts&#xD;
Test&#xD;
Player Test3 won trick with Ace of Diamonds&#xD;
Test&#xD;
Test&#xD;
Player Test4 won trick with Jack of Diamonds&#xD;
Test&#xD;
Player Test2 won trick with Nine of Diamonds&#xD;
Test&#xD;
Test&#xD;
Player Test1 won trick with King of Clubs&#xD;
Test&#xD;
Test&#xD;
Test&#xD;
Player Test1 won trick with Ace of Clubs&#xD;
Test&#xD;
Test&#xD;
Player Test1 won trick with Eight of Clubs&#xD;
Test&#xD;
Test&#xD;
Test&#xD;
Test&#xD;
Player Test1 won trick with Jack of Hearts&#xD;
Test&#xD;
Player Test3 won trick with Ten of Spades&#xD;
Test&#xD;
Test&#xD;
Test&#xD;
Player Test1 won trick with Four of Diamonds&#xD;
Test&#xD;
Test&#xD;
Test&#xD;
Player Test1 won trick with Four of Spades&#xD;
Test&#xD;
Test&#xD;
Player Test1 won trick with Six of Diamonds&#xD;
Test&#xD;
Test&#xD;
Player Test3 won trick with Four of Spades&#xD;
Test&#xD;
Player Test1 won trick with Jack of Clubs&#xD;
Test&#xD;
Test&#xD;
Player Test2 won trick with Eight of Clubs&#xD;
Test&#xD;
Test&#xD;
Test&#xD;
Test&#xD;
Player Test1 won trick with Four of Hearts&#xD;
Test&#xD;
Test&#xD;
Test&#xD;
Player Test1 won trick with Jack of Diamonds&#xD;
Test&#xD;
Test&#xD;
Player Test1 won trick with King of Clubs&#xD;
Test&#xD;
Player Test1 won trick with Ten of Diamonds&#xD;
Test&#xD;
Test&#xD;
Player Test1 won trick with Seven of Diamonds&#xD;
Test&#xD;
Test&#xD;
Test&#xD;
Test&#xD;
Player Test1 won trick with Two of Hearts&#xD;
Test&#xD;
Test&#xD;
Player Test1 won trick with Seven of Diamonds&#xD;
Test&#xD;
Player Test1 won trick with Jack of Diamonds&#xD;
Test&#xD;
Test&#xD;
Test&#xD;
Player Test1 won trick with Two of Clubs&#xD;
Test&#xD;
Test&#xD;
Test&#xD;
Test&#xD;
Player Test1 won trick with Ace of Spades&#xD;
Test&#xD;
Test&#xD;
Test&#xD;
Player Test1 won trick with Nine of Diamonds&#xD;
Test&#xD;
Test&#xD;
Test&#xD;
Player Test1 won trick with Five of Spades&#xD;
Test&#xD;
Test&#xD;
Test&#xD;
Player Test1 won trick with Four of Clubs&#xD;
Test&#xD;
Test&#xD;
Player Test1 won trick with Eight of Diamonds&#xD;
Test&#xD;
Player Test2 won trick with Seven of Clubs&#xD;
Test&#xD;
Test&#xD;
Player Test3 won trick with King of Clubs&#xD;
Test&#xD;
Test&#xD;
Test&#xD;
Player Test1 won trick with Six of Spades&#xD;
Test&#xD;
Test&#xD;
Test&#xD;
Test&#xD;
Player Test1 won trick with King of Diamonds&#xD;
Test&#xD;
Test&#xD;
Test&#xD;
Player Test1 won trick with Three of Clubs&#xD;
Test&#xD;
Test&#xD;
Test&#xD;
Player Test1 won trick with Four of Spades&#xD;
Test&#xD;
Test&#xD;
Test&#xD;
Player Test1 won trick with Ace of Hearts&#xD;
Test&#xD;
Test&#xD;
Player Test3 won trick with Jack of Spades&#xD;
Test&#xD;
Test&#xD;
Player Test1 won trick with Ace of Clubs&#xD;
Test&#xD;
Test&#xD;
Player Test1 won trick with Seven of Spades&#xD;
Test&#xD;
Test&#xD;
Player Test1 won trick with Ace of Diamonds&#xD;
Test&#xD;
Test&#xD;
Player Test2 won trick with Eight of Clubs&#xD;
Test&#xD;
Player Test4 won trick with Ace of Spades&#xD;
Test&#xD;
Test&#xD;
Player Test3 won trick with Queen of Diamonds&#xD;
Test&#xD;
Player Test2 won trick with Queen of Clubs&#xD;
Test&#xD;
Test&#xD;
Player Test4 won trick with Jack of Diamonds&#xD;
Test&#xD;
Test&#xD;
Test&#xD;
Player Test1 won trick with Two of Spades&#xD;
Test&#xD;
Test&#xD;
Test&#xD;
Player Test2 won trick with Ten of Hearts&#xD;
Test&#xD;
Player Test3 won trick with Jack of Diamonds&#xD;
Test&#xD;
Test&#xD;
Test&#xD;
Player Test1 won trick with Two of Diamonds&#xD;
Test&#xD;
Test&#xD;
Player Test1 won trick with Ace of Spades&#xD;
Test&#xD;
Test&#xD;
Test&#xD;
Test&#xD;
Player Test1 won trick with King of Hearts&#xD;
Test&#xD;
Test&#xD;
Test&#xD;
Player Test1 won trick with Six of Clubs&#xD;
Test&#xD;
Test&#xD;
Test&#xD;
Player Test1 won trick with Ten of Spades&#xD;
Test&#xD;
Test&#xD;
Test&#xD;
Player Test1 won trick with Six of Spades&#xD;
Test&#xD;
Test&#xD;
Player Test2 won trick with Six of Hearts&#xD;
Test&#xD;
Test&#xD;
Test&#xD;
Player Test1 won trick with Eight of Spades&#xD;
Test&#xD;
Test&#xD;
Player Test1 won trick with Seven of Spades&#xD;
Test&#xD;
Test&#xD;
Player Test3 won trick with Ace of Diamonds&#xD;
Test&#xD;
Test&#xD;
Test&#xD;
Player Test1 won trick with Nine of Clubs&#xD;
Test&#xD;
Test&#xD;
Player Test4 won trick with Ten of Diamonds&#xD;
Test&#xD;
Test&#xD;
Player Test4 won trick with Queen of Diamonds&#xD;
Test&#xD;
Test&#xD;
Test&#xD;
Test&#xD;
Player Test1 won trick with Eight of Spades&#xD;
Test&#xD;
Test&#xD;
Player Test4 won trick with Queen of Spades&#xD;
Test&#xD;
Test&#xD;
Test&#xD;
Test&#xD;
Player Test1 won trick with Five of Hearts&#xD;
Test&#xD;
Test&#xD;
Test&#xD;
Player Test1 won trick with Seven of Spades&#xD;
Test&#xD;
Test&#xD;
Player Test3 won trick with Ace of Hearts&#xD;
Test&#xD;
Test&#xD;
Test&#xD;
Player Test1 won trick with Six of Diamonds&#xD;
Test&#xD;
Test&#xD;
Player Test4 won trick with Ten of Clubs&#xD;
Test&#xD;
Test&#xD;
Test&#xD;
Player Test4 won trick with Ace of Clubs&#xD;
Test&#xD;
Test&#xD;
Player Test1 won trick with Jack of Diamonds&#xD;
Test&#xD;
Test&#xD;
Test&#xD;
Test&#xD;
Player Test1 won trick with Seven of Spades&#xD;
Test&#xD;
Test&#xD;
Player Test1 won trick with Queen of Hearts&#xD;
Test&#xD;
Test&#xD;
Test&#xD;
Test&#xD;
Player Test1 won trick with Five of Hearts&#xD;
Test&#xD;
Player Test1 won trick with Ten of Diamonds&#xD;
Test&#xD;
Test&#xD;
Player Test3 won trick with King of Spades&#xD;
Test&#xD;
Test&#xD;
Test&#xD;
Player Test1 won trick with King of Spades&#xD;
Test&#xD;
Test&#xD;
Test&#xD;
Player Test1 won trick with Six of Clubs&#xD;
Test&#xD;
Player Test1 won trick with Four of Diamonds&#xD;
Test&#xD;
Test&#xD;
Test&#xD;
Player Test2 won trick with Ten of Hearts&#xD;
Test&#xD;
Test&#xD;
Test&#xD;
Player Test1 won trick with Four of Clubs&#xD;
Test&#xD;
Player Test2 won trick with Ace of Hearts&#xD;
Test&#xD;
Test&#xD;
Player Test1 won trick with King of Diamonds&#xD;
Test&#xD;
Test&#xD;
Test&#xD;
Player Test1 won trick with King of Clubs&#xD;
Test&#xD;
Test&#xD;
Test&#xD;
Player Test2 won trick with Seven of Hearts&#xD;
Test&#xD;
Player Test1 won trick with Eight of Spades&#xD;
Test&#xD;
Test&#xD;
Test&#xD;
Test&#xD;
Player Test1 won trick with Five of Hearts&#xD;
Test&#xD;
Test&#xD;
Test&#xD;
Player Test1 won trick with Four of Clubs&#xD;
Test&#xD;
Test&#xD;
Test&#xD;
Player Test1 won trick with Seven of Diamonds&#xD;
Test&#xD;
Player Test1 won trick with Ace of Diamonds&#xD;
Test&#xD;
Test&#xD;
Test&#xD;
Player Test1 won trick with Jack of Spades&#xD;
Test&#xD;
Test&#xD;
Player Test1 won trick with Nine of Spades&#xD;
Test&#xD;
Test&#xD;
Test&#xD;
Player Test1 won trick with Two of Clubs&#xD;
Test&#xD;
Test&#xD;
Test&#xD;
Player Test1 won trick with Jack of Diamonds&#xD;
Test&#xD;
Test&#xD;
Player Test1 won trick with Queen of Diamonds&#xD;
Test&#xD;
Test&#xD;
Player Test1 won trick with Ten of Hearts&#xD;
Test&#xD;
Test&#xD;
Test&#xD;
Player Test1 won trick with Ace of Spades&#xD;
Test&#xD;
Test&#xD;
Test&#xD;
Player Test1 won trick with Seven of Diamonds&#xD;
Test&#xD;
Test&#xD;
Test&#xD;
Player Test1 won trick with Two of Spades&#xD;
Test&#xD;
Test&#xD;
Test&#xD;
Player Test3 won trick with King of Spades&#xD;
Test&#xD;
Test&#xD;
Test&#xD;
Player Test3 won trick with Ace of Hearts&#xD;
Test&#xD;
Test&#xD;
Player Test1 won trick with Jack of Spades&#xD;
Test&#xD;
Test&#xD;
Test&#xD;
Player Test1 won trick with Ten of Clubs&#xD;
Test&#xD;
Test&#xD;
Player Test3 won trick with Nine of Diamonds&#xD;
Test&#xD;
Test&#xD;
Test&#xD;
Player Test1 won trick with Two of Diamonds&#xD;
Test&#xD;
Test&#xD;
Test&#xD;
Test&#xD;
Player Test1 won trick with Ace of Hearts&#xD;
Test&#xD;
Test&#xD;
Player Test1 won trick with Five of Spades&#xD;
Test&#xD;
Test&#xD;
Test&#xD;
Player Test1 won trick with Three of Spades&#xD;
Test&#xD;
Test&#xD;
Player Test4 won trick with Eight of Clubs&#xD;
Test&#xD;
Test&#xD;
Player Test1 won trick with Seven of Spades&#xD;
Test&#xD;
Test&#xD;
Test&#xD;
Test&#xD;
Player Test1 won trick with Five of Hearts&#xD;
Test&#xD;
Test&#xD;
Player Test1 won trick with King of Diamonds&#xD;
Test&#xD;
Player Test1 won trick with Ten of Diamonds&#xD;
Test&#xD;
Test&#xD;
Test&#xD;
Player Test1 won trick with Ace of Clubs&#xD;
Test&#xD;
Test&#xD;
Player Test1 won trick with Eight of Clubs&#xD;
Test&#xD;
Test&#xD;
Test&#xD;
Test&#xD;
Player Test1 won trick with Five of Hearts&#xD;
Test&#xD;
Test&#xD;
Test&#xD;
Player Test1 won trick with Six of Clubs&#xD;
Test&#xD;
Test&#xD;
Test&#xD;
Player Test1 won trick with Nine of Clubs&#xD;
Test&#xD;
Test&#xD;
Test&#xD;
Player Test1 won trick with Queen of Clubs&#xD;
Test&#xD;
Player Test3 won trick with Ace of Clubs&#xD;
Test&#xD;
Test&#xD;
Player Test4 won trick with King of Clubs&#xD;
Test&#xD;
Test&#xD;
Test&#xD;
Test&#xD;
Player Test1 won trick with Four of Hearts&#xD;
Test&#xD;
Test&#xD;
Player Test3 won trick with Ten of Diamonds&#xD;
Test&#xD;
Test&#xD;
Player Test3 won trick with Ace of Clubs&#xD;
Test&#xD;
Test&#xD;
Test&#xD;
Player Test1 won trick with Nine of Spades&#xD;
Test&#xD;
Test&#xD;
Test&#xD;
Player Test1 won trick with Eight of Clubs&#xD;
Test&#xD;
Test&#xD;
Test&#xD;
Player Test1 won trick with Ten of Clubs&#xD;
Test&#xD;
Test&#xD;
Test&#xD;
Player Test1 won trick with Six of Clubs&#xD;
Test&#xD;
Test&#xD;
Player Test3 won trick with Seven of Clubs&#xD;
Test&#xD;
Test&#xD;
Player Test1 won trick with Ace of Spades&#xD;
Test&#xD;
Test&#xD;
Player Test1 won trick with Ten of Clubs&#xD;
Test&#xD;
Test&#xD;
Test&#xD;
Player Test1 won trick with Four of Diamonds&#xD;
Test&#xD;
Test&#xD;
Player Test2 won trick with King of Hearts&#xD;
Test&#xD;
Test&#xD;
Player Test4 won trick with Queen of Clubs&#xD;
Test&#xD;
Test&#xD;
Test&#xD;
Player Test3 won trick with Queen of Hearts&#xD;
Test&#xD;
Test&#xD;
Player Test1 won trick with Jack of Diamonds&#xD;
Test&#xD;
Test&#xD;
Test&#xD;
Test&#xD;
Player Test1 won trick with Three of Hearts&#xD;
Test&#xD;
Test&#xD;
Test&#xD;
Player Test1 won trick with Four of Clubs&#xD;
Test&#xD;
Test&#xD;
Test&#xD;
Test&#xD;
Player Test1 won trick with Queen of Clubs&#xD;
Test&#xD;
Test&#xD;
Player Test1 won trick with Seven of Spades&#xD;
Test&#xD;
Test&#xD;
Test&#xD;
Player Test4 won trick with King of Hearts&#xD;
Test&#xD;
Test&#xD;
Player Test3 won trick with King of Clubs&#xD;
Test&#xD;
Test&#xD;
Test&#xD;
Player Test1 won trick with Six of Spades&#xD;
Test&#xD;
Test&#xD;
Test&#xD;
Player Test3 won trick with Jack of Hearts&#xD;
Test&#xD;
Test&#xD;
Player Test4 won trick with Nine of Spades&#xD;
Test&#xD;
Test&#xD;
Player Test4 won trick with Queen of Spades&#xD;
Test&#xD;
Player Test1 won trick with Queen of Diamonds&#xD;
Test&#xD;
Test&#xD;
Test&#xD;
Player Test1 won trick with Six of Spades&#xD;
Test&#xD;
Player Test1 won trick with Ace of Spades&#xD;
Test&#xD;
Test&#xD;
Test&#xD;
Player Test2 won trick with Ace of Hearts&#xD;
Test&#xD;
Test&#xD;
Test&#xD;
Player Test1 won trick with King of Diamonds&#xD;
Test&#xD;
Test&#xD;
Player Test1 won trick with Ace of Diamonds&#xD;
Test&#xD;
Test&#xD;
Test&#xD;
Test&#xD;
Player Test1 won trick with Queen of Spades&#xD;
Test&#xD;
Test&#xD;
Test&#xD;
Player Test1 won trick with Eight of Hearts&#xD;
Test&#xD;
Test&#xD;
Player Test1 won trick with Nine of Spades&#xD;
Test&#xD;
Test&#xD;
Player Test1 won trick with Eight of Clubs&#xD;
Test&#xD;
Test&#xD;
Player Test2 won trick with Ace of Clubs&#xD;
Test&#xD;
Test&#xD;
Test&#xD;
Player Test4 won trick with Queen of Diamonds&#xD;
Test&#xD;
Test&#xD;
Player Test1 won trick with Nine of Clubs&#xD;
Test&#xD;
Test&#xD;
Test&#xD;
Player Test1 won trick with Five of Clubs&#xD;
Test&#xD;
Test&#xD;
Player Test3 won trick with King of Spades&#xD;
Test&#xD;
Test&#xD;
Test&#xD;
Test&#xD;
Player Test1 won trick with Five of Hearts&#xD;
Test&#xD;
Test&#xD;
Test&#xD;
Player Test1 won trick with Five of Diamonds&#xD;
Test&#xD;
Test&#xD;
Test&#xD;
Player Test3 won trick with Six of Hearts&#xD;
Test&#xD;
Test&#xD;
Test&#xD;
Test&#xD;
Player Test1 won trick with Four of Spades&#xD;
Test&#xD;
Test&#xD;
Test&#xD;
Test&#xD;
Player Test1 won trick with Ten of Hearts&#xD;
Test&#xD;
Test&#xD;
Player Test4 won trick with Ace of Diamonds&#xD;
Test&#xD;
Test&#xD;
Test&#xD;
Player Test1 won trick with Six of Clubs&#xD;
Test&#xD;
Test&#xD;
Player Test1 won trick with King of Spades&#xD;
Test&#xD;
Player Test1 won trick with Ten of Spades&#xD;
Test&#xD;
Test&#xD;
Test&#xD;
Player Test1 won trick with Queen of Diamonds&#xD;
Test&#xD;
Test&#xD;
Test&#xD;
Player Test1 won trick with Queen of Spades&#xD;
Test&#xD;
Test&#xD;
Player Test3 won trick with Four of Spades&#xD;
Test&#xD;
Test&#xD;
Test&#xD;
Player Test1 won trick with Eight of Hearts&#xD;
Test&#xD;
Test&#xD;
Test&#xD;
Player Test1 won trick with Six of Spades&#xD;
Test&#xD;
Test&#xD;
Player Test3 won trick with Queen of Spades&#xD;
Test&#xD;
Test&#xD;
Test&#xD;
Player Test1 won trick with Ten of Hearts&#xD;
Test&#xD;
Test&#xD;
Player Test1 won trick with Jack of Diamonds&#xD;
Test&#xD;
Test&#xD;
Test&#xD;
Player Test1 won trick with Three of Clubs&#xD;
Test&#xD;
Test&#xD;
Test&#xD;
Test&#xD;
Player Test1 won trick with Two of Hearts&#xD;
Test&#xD;
Player Test2 won trick with King of Clubs&#xD;
Test&#xD;
Test&#xD;
Test&#xD;
Player Test1 won trick with Eight of Diamonds&#xD;
Test&#xD;
Test&#xD;
Test&#xD;
Player Test1 won trick with Queen of Diamonds&#xD;
Test&#xD;
Test&#xD;
Test&#xD;
Test&#xD;
Player Test1 won trick with Two of Hearts&#xD;
Test&#xD;
Test&#xD;
Test&#xD;
Player Test1 won trick with Three of Diamonds&#xD;
Test&#xD;
Test&#xD;
Test&#xD;
Player Test1 won trick with King of Spades&#xD;
Test&#xD;
Test&#xD;
Test&#xD;
Test&#xD;
Player Test1 won trick with Five of Hearts&#xD;
Test&#xD;
Test&#xD;
Player Test1 won trick with Queen of Clubs&#xD;
Test&#xD;
Test&#xD;
Player Test1 won trick with Queen of Spades&#xD;
Test&#xD;
Test&#xD;
Player Test3 won trick with Jack of Clubs&#xD;
Test&#xD;
Test&#xD;
Test&#xD;
Test&#xD;
Player Test1 won trick with Eight of Hearts&#xD;
Test&#xD;
Test&#xD;
Test&#xD;
Test&#xD;
Player Test1 won trick with Ten of Clubs&#xD;
Test&#xD;
Test&#xD;
Test&#xD;
Player Test1 won trick with Ace of Hearts&#xD;
Test&#xD;
Test&#xD;
Test&#xD;
Player Test1 won trick with Eight of Hearts&#xD;
Test&#xD;
Test&#xD;
Test&#xD;
Test&#xD;
Player Test1 won trick with Four of Hearts&#xD;
Test&#xD;
Test&#xD;
Player Test3 won trick with Jack of Spades&#xD;
Test&#xD;
Test&#xD;
Player Test1 won trick with Ten of Spades&#xD;
Test&#xD;
Test&#xD;
Test&#xD;
Test&#xD;
Player Test1 won trick with Six of Hearts&#xD;
Test&#xD;
Test&#xD;
Player Test3 won trick with Ace of Clubs&#xD;
Test&#xD;
Test&#xD;
Player Test1 won trick with Ace of Spades&#xD;
Test&#xD;
Test&#xD;
Test&#xD;
Player Test1 won trick with Two of Spades&#xD;
Test&#xD;
Test&#xD;
Test&#xD;
Player Test1 won trick with Eight of Clubs&#xD;
Test&#xD;
Test&#xD;
Player Test1 won trick with King of Clubs&#xD;
Test&#xD;
Test&#xD;
Player Test4 won trick with Three of Spades&#xD;
Test&#xD;
Test&#xD;
Test&#xD;
Player Test1 won trick with Eight of Spades&#xD;
Test&#xD;
Test&#xD;
Player Test1 won trick with Seven of Spades&#xD;
Test&#xD;
Test&#xD;
Player Test1 won trick with Five of Spades&#xD;
Test&#xD;
Test&#xD;
Player Test1 won trick with Seven of Diamonds&#xD;
Player Test3 won trick with Jack of Spades&#xD;
Test&#xD;
Test&#xD;
Test&#xD;
Player Test1 won trick with Five of Clubs&#xD;
Test&#xD;
Player Test1 won trick with Ten of Clubs&#xD;
Test&#xD;
Test&#xD;
Test&#xD;
Player Test1 won trick with Jack of Diamonds&#xD;
Test&#xD;
Test&#xD;
Player Test1 won trick with Jack of Clubs&#xD;
Test&#xD;
Test&#xD;
Test&#xD;
Player Test1 won trick with Seven of Diamonds&#xD;
Test&#xD;
Test&#xD;
Test&#xD;
Player Test1 won trick with Eight of Clubs&#xD;
Test&#xD;
Test&#xD;
Player Test1 won trick with Ace of Clubs&#xD;
Test&#xD;
Test&#xD;
Test&#xD;
Player Test1 won trick with Ace of Spades&#xD;
Test&#xD;
Test&#xD;
Test&#xD;
Player Test4 won trick with Ten of Spades&#xD;
Test&#xD;
Test&#xD;
Player Test1 won trick with Ace of Clubs&#xD;
Test&#xD;
Test&#xD;
Test&#xD;
Player Test2 won trick with Jack of Hearts&#xD;
Test&#xD;
Test&#xD;
Test&#xD;
Test&#xD;
Player Test1 won trick with Four of Spades&#xD;
Test&#xD;
Test&#xD;
Test&#xD;
Player Test1 won trick with Ten of Diamonds&#xD;
Test&#xD;
Test&#xD;
Test&#xD;
Player Test1 won trick with Seven of Hearts&#xD;
Test&#xD;
Test&#xD;
Player Test1 won trick with Nine of Clubs&#xD;
Test&#xD;
Test&#xD;
Test&#xD;
Player Test1 won trick with Six of Spades&#xD;
Test&#xD;
Test&#xD;
Player Test4 won trick with Nine of Spades&#xD;
Test&#xD;
Test&#xD;
Test&#xD;
Player Test1 won trick with Six of Spades&#xD;
Test&#xD;
Test&#xD;
Test&#xD;
Player Test1 won trick with Five of Hearts&#xD;
Test&#xD;
Test&#xD;
Test&#xD;
Player Test1 won trick with Nine of Hearts&#xD;
Test&#xD;
Test&#xD;
Player Test3 won trick with Six of Clubs&#xD;
Test&#xD;
Test&#xD;
Test&#xD;
Test&#xD;
Player Test1 won trick with Six of Hearts&#xD;
Test&#xD;
Test&#xD;
Test&#xD;
Test&#xD;
Player Test1 won trick with Ace of Hearts&#xD;
Test&#xD;
Test&#xD;
Player Test3 won trick with Queen of Clubs&#xD;
Test&#xD;
Test&#xD;
Player Test1 won trick with Jack of Spades&#xD;
Test&#xD;
Test&#xD;
Test&#xD;
Test&#xD;
Player Test1 won trick with Queen of Hearts&#xD;
Test&#xD;
Test&#xD;
Player Test1 won trick with Queen of Clubs&#xD;
Test&#xD;
Test&#xD;
Player Test2 won trick with Ace of Clubs&#xD;
Test&#xD;
Test&#xD;
Test&#xD;
Test&#xD;
Player Test1 won trick with Jack of Hearts&#xD;
Test&#xD;
Player Test3 won trick with Ace of Clubs&#xD;
Test&#xD;
Test&#xD;
Test&#xD;
Player Test1 won trick with Five of Diamonds&#xD;
Test&#xD;
Player Test4 won trick with Queen of Spades&#xD;
Test&#xD;
Test&#xD;
Player Test1 won trick with Seven of Spades&#xD;
Test&#xD;
Test&#xD;
Player Test1 won trick with Seven of Spades&#xD;
Test&#xD;
Test&#xD;
Player Test1 won trick with King of Hearts&#xD;
Test&#xD;
Test&#xD;
Test&#xD;
Player Test1 won trick with King of Spades&#xD;
Test&#xD;
Test&#xD;
Test&#xD;
Player Test1 won trick with Ten of Hearts&#xD;
Test&#xD;
Test&#xD;
Player Test1 won trick with Queen of Clubs&#xD;
Test&#xD;
Test&#xD;
Test&#xD;
Test&#xD;
Player Test1 won trick with Nine of Spades&#xD;
Test&#xD;
Test&#xD;
Player Test1 won trick with Jack of Clubs&#xD;
Test&#xD;
Test&#xD;
Test&#xD;
Player Test1 won trick with Six of Diamonds&#xD;
Test&#xD;
Test&#xD;
Player Test1 won trick with Ten of Clubs&#xD;
Test&#xD;
Test&#xD;
Test&#xD;
Player Test1 won trick with Three of Diamonds&#xD;
Test&#xD;
Player Test4 won trick with Queen of Diamonds&#xD;
Test&#xD;
Test&#xD;
Player Test4 won trick with Ace of Diamonds&#xD;
Test&#xD;
Test&#xD;
Player Test4 won trick with Seven of Spades&#xD;
Test&#xD;
Player Test1 won trick with Ten of Clubs&#xD;
Test&#xD;
Test&#xD;
Test&#xD;
Player Test1 won trick with Ace of Clubs&#xD;
Test&#xD;
Test&#xD;
Test&#xD;
Player Test1 won trick with Four of Diamonds&#xD;
Test&#xD;
Test&#xD;
Player Test1 won trick with Nine of Spades&#xD;
Test&#xD;
Test&#xD;
Player Test1 won trick with Ace of Diamonds&#xD;
Test&#xD;
Test&#xD;
Test&#xD;
Test&#xD;
Player Test1 won trick with Three of Hearts&#xD;
Test&#xD;
Player Test1 won trick with Jack of Spades&#xD;
Test&#xD;
Test&#xD;
Test&#xD;
Test&#xD;
Player Test1 won trick with Four of Diamonds&#xD;
Test&#xD;
Test&#xD;
Player Test1 won trick with Ten of Diamonds&#xD;
Test&#xD;
Test&#xD;
Player Test1 won trick with Seven of Diamonds&#xD;
Test&#xD;
Player Test2 won trick with Ace of Hearts&#xD;
Test&#xD;
Test&#xD;
Test&#xD;
Test&#xD;
Player Test1 won trick with Ace of Diamonds&#xD;
Test&#xD;
Test&#xD;
Player Test4 won trick with Jack of Diamonds&#xD;
Test&#xD;
Test&#xD;
Player Test1 won trick with Ten of Clubs&#xD;
Test&#xD;
Test&#xD;
Player Test1 won trick with Jack of Diamonds&#xD;
Test&#xD;
Player Test3 won trick with Queen of Diamonds&#xD;
Test&#xD;
Test&#xD;
Player Test4 won trick with Eight of Clubs&#xD;
Test&#xD;
Test&#xD;
Player Test2 won trick with Five of Spades&#xD;
Test&#xD;
Test&#xD;
Player Test2 won trick with Ace of Spades&#xD;
Test&#xD;
Test&#xD;
Test&#xD;
Player Test4 won trick with Ace of Clubs&#xD;
Test&#xD;
Test&#xD;
Player Test4 won trick with Six of Clubs&#xD;
Test&#xD;
Test&#xD;
Test&#xD;
Player Test1 won trick with Ten of Diamonds&#xD;
Test&#xD;
Test&#xD;
Test&#xD;
Test&#xD;
Player Test1 won trick with Jack of Hearts&#xD;
Test&#xD;
Test&#xD;
Test&#xD;
Player Test1 won trick with Ace of Spades&#xD;
Test&#xD;
Test&#xD;
Player Test3 won trick with Jack of Diamonds&#xD;
Test&#xD;
Player Test1 won trick with King of Spades&#xD;
Test&#xD;
Test&#xD;
Test&#xD;
Test&#xD;
Player Test1 won trick with Ace of Hearts&#xD;
Test&#xD;
Test&#xD;
Test&#xD;
Player Test1 won trick with Seven of Hearts&#xD;
Test&#xD;
Player Test2 won trick with Ten of Clubs&#xD;
Test&#xD;
Test&#xD;
Test&#xD;
Player Test1 won trick with Six of Diamonds&#xD;
Test&#xD;
Player Test2 won trick with Ten of Diamonds&#xD;
Test&#xD;
Test&#xD;
Player Test1 won trick with Two of Spades&#xD;
Test&#xD;
Test&#xD;
Test&#xD;
Test&#xD;
Player Test1 won trick with Ace of Hearts&#xD;
Test&#xD;
Test&#xD;
Test&#xD;
Player Test1 won trick with Four of Spades&#xD;
Test&#xD;
Test&#xD;
Player Test2 won trick with Ace of Hearts&#xD;
Test&#xD;
Test&#xD;
Player Test1 won trick with Seven of Diamonds&#xD;
Test&#xD;
Test&#xD;
Test&#xD;
Player Test4 won trick with Eight of Hearts&#xD;
Test&#xD;
Test&#xD;
Test&#xD;
Player Test1 won trick with Eight of Spades&#xD;
Test&#xD;
Player Test1 won trick with Four of Spades&#xD;
Test&#xD;
Test&#xD;
Test&#xD;
Player Test1 won trick with King of Clubs&#xD;
Test&#xD;
Test&#xD;
Test&#xD;
Test&#xD;
Player Test1 won trick with Jack of Spades&#xD;
Test&#xD;
Test&#xD;
Test&#xD;
Player Test1 won trick with Two of Spades&#xD;
Test&#xD;
Test&#xD;
Test&#xD;
Test&#xD;
Player Test1 won trick with Three of Hearts&#xD;
Test&#xD;
Test&#xD;
Test&#xD;
Player Test1 won trick with Seven of Clubs&#xD;
Test&#xD;
Test&#xD;
Player Test1 won trick with Ace of Clubs&#xD;
Test&#xD;
Test&#xD;
Test&#xD;
Player Test1 won trick with Queen of Clubs&#xD;
Test&#xD;
Test&#xD;
Test&#xD;
Player Test1 won trick with Eight of Diamonds&#xD;
Test&#xD;
Test&#xD;
Player Test4 won trick with King of Diamonds&#xD;
Test&#xD;
Test&#xD;
Test&#xD;
Player Test1 won trick with Nine of Spades&#xD;
Test&#xD;
Test&#xD;
Player Test4 won trick with Ten of Spades&#xD;
Test&#xD;
Test&#xD;
Test&#xD;
Player Test4 won trick with King of Hearts&#xD;
Test&#xD;
Test&#xD;
Test&#xD;
Player Test1 won trick with Eight of Spades&#xD;
Test&#xD;
Test&#xD;
Player Test2 won trick with Ten of Clubs&#xD;
Test&#xD;
Test&#xD;
Test&#xD;
Player Test1 won trick with Queen of Hearts&#xD;
Test&#xD;
Player Test4 won trick with King of Spades&#xD;
Test&#xD;
Test&#xD;
Player Test3 won trick with Seven of Diamonds&#xD;
Test&#xD;
Test&#xD;
Test&#xD;
Player Test1 won trick with Jack of Spades&#xD;
Test&#xD;
Test&#xD;
Player Test4 won trick with Ten of Clubs&#xD;
Test&#xD;
Test&#xD;
Test&#xD;
Test&#xD;
Player Test1 won trick with Two of Diamonds&#xD;
Test&#xD;
Test&#xD;
Test&#xD;
Test&#xD;
Player Test1 won trick with Three of Hearts&#xD;
Test&#xD;
Test&#xD;
Test&#xD;
Player Test1 won trick with Ace of Spades&#xD;
Test&#xD;
Test&#xD;
Player Test1 won trick with Seven of Clubs&#xD;
Test&#xD;
Test&#xD;
Player Test1 won trick with Queen of Spades&#xD;
Test&#xD;
Test&#xD;
Test&#xD;
Player Test1 won trick with Five of Clubs&#xD;
Test&#xD;
Test&#xD;
Test&#xD;
Test&#xD;
Player Test1 won trick with Ace of Hearts&#xD;
Test&#xD;
Test&#xD;
Player Test4 won trick with Jack of Diamonds&#xD;
Test&#xD;
Test&#xD;
Test&#xD;
Player Test1 won trick with Eight of Spades&#xD;
Test&#xD;
Test&#xD;
Player Test1 won trick with Nine of Clubs&#xD;
Test&#xD;
Test&#xD;
Test&#xD;
Player Test1 won trick with Five of Spades&#xD;
Test&#xD;
Test&#xD;
Test&#xD;
Test&#xD;
Player Test1 won trick with Jack of Hearts&#xD;
Test&#xD;
Player Test3 won trick with Six of Clubs&#xD;
Test&#xD;
Test&#xD;
Test&#xD;
Player Test1 won trick with King of Hearts&#xD;
Test&#xD;
Test&#xD;
Player Test1 won trick with Jack of Diamonds&#xD;
Test&#xD;
Test&#xD;
Test&#xD;
Player Test1 won trick with Five of Clubs&#xD;
Test&#xD;
Test&#xD;
Test&#xD;
Player Test1 won trick with Six of Hearts&#xD;
Test&#xD;
Test&#xD;
Test&#xD;
Player Test1 won trick with Jack of Clubs&#xD;
Test&#xD;
Test&#xD;
Player Test4 won trick with Queen of Spades&#xD;
Test&#xD;
Test&#xD;
Test&#xD;
Test&#xD;
Player Test1 won trick with Seven of Clubs&#xD;
Test&#xD;
Test&#xD;
Test&#xD;
Player Test1 won trick with Three of Clubs&#xD;
Test&#xD;
Test&#xD;
Test&#xD;
Player Test1 won trick with Nine of Spades&#xD;
Test&#xD;
Test&#xD;
Player Test3 won trick with Ten of Spades&#xD;
Test&#xD;
Player Test3 won trick with Jack of Spades&#xD;
Test&#xD;
Test&#xD;
Test&#xD;
Player Test1 won trick with Eight of Clubs&#xD;
Test&#xD;
Test&#xD;
Test&#xD;
Player Test1 won trick with Queen of Spades&#xD;
Test&#xD;
Test&#xD;
Test&#xD;
Player Test1 won trick with Jack of Spades&#xD;
Test&#xD;
Test&#xD;
Test&#xD;
Player Test1 won trick with Jack of Diamonds&#xD;
Test&#xD;
Player Test3 won trick with Ten of Spades&#xD;
Test&#xD;
Test&#xD;
Test&#xD;
Player Test1 won trick with Jack of Hearts&#xD;
Test&#xD;
Test&#xD;
Test&#xD;
Player Test4 won trick with Ace of Hearts&#xD;
Test&#xD;
Test&#xD;
Test&#xD;
Player Test1 won trick with Nine of Hearts&#xD;
Test&#xD;
Test&#xD;
Test&#xD;
Player Test4 won trick with Nine of Hearts&#xD;
Test&#xD;
Test&#xD;
Player Test3 won trick with Ace of Diamonds&#xD;
Test&#xD;
Test&#xD;
Player Test3 won trick with Seven of Clubs&#xD;
Test&#xD;
Player Test2 won trick with Ace of Clubs&#xD;
Test&#xD;
Test&#xD;
Test&#xD;
Player Test1 won trick with Six of Diamonds&#xD;
Test&#xD;
Test&#xD;
Test&#xD;
Player Test1 won trick with Nine of Clubs&#xD;
Test&#xD;
Test&#xD;
Test&#xD;
Player Test1 won trick with Seven of Spades&#xD;
Test&#xD;
Test&#xD;
Test&#xD;
Player Test1 won trick with Two of Spades&#xD;
Test&#xD;
Test&#xD;
Player Test1 won trick with Ace of Clubs&#xD;
Test&#xD;
Test&#xD;
Test&#xD;
Player Test1 won trick with Three of Diamonds&#xD;
Test&#xD;
Test&#xD;
Test&#xD;
Player Test1 won trick with Four of Diamonds&#xD;
Test&#xD;
Test&#xD;
Test&#xD;
Player Test1 won trick with Queen of Hearts&#xD;
Test&#xD;
Test&#xD;
Player Test2 won trick with Jack of Diamonds&#xD;
Test&#xD;
Player Test2 won trick with King of Clubs&#xD;
Test&#xD;
Test&#xD;
Player Test4 won trick with King of Hearts&#xD;
Test&#xD;
Test&#xD;
Player Test4 won trick with Six of Clubs&#xD;
Test&#xD;
Test&#xD;
Player Test2 won trick with Jack of Diamonds&#xD;
Test&#xD;
Test&#xD;
Test&#xD;
Player Test1 won trick with Eight of Hearts&#xD;
Test&#xD;
Test&#xD;
Player Test4 won trick with Ace of Diamonds&#xD;
Test&#xD;
Player Test4 won trick with Ace of Clubs&#xD;
Test&#xD;
Test&#xD;
Test&#xD;
Player Test4 won trick with Eight of Clubs&#xD;
Test&#xD;
Test&#xD;
Player Test4 won trick with Ace of Diamonds&#xD;
Test&#xD;
Test&#xD;
Test&#xD;
Player Test1 won trick with Queen of Hearts&#xD;
Test&#xD;
Test&#xD;
Test&#xD;
Player Test1 won trick with Ace of Spades&#xD;
Test&#xD;
Test&#xD;
Test&#xD;
Player Test1 won trick with Six of Spades&#xD;
Test&#xD;
Test&#xD;
Test&#xD;
Player Test1 won trick with Jack of Spades&#xD;
Test&#xD;
Test&#xD;
Test&#xD;
Test&#xD;
Player Test1 won trick with Six of Hearts&#xD;
Test&#xD;
Test&#xD;
Player Test1 won trick with Ten of Spades&#xD;
Test&#xD;
Test&#xD;
Test&#xD;
Test&#xD;
Player Test1 won trick with Five of Hearts&#xD;
Test&#xD;
Test&#xD;
Test&#xD;
Test&#xD;
Player Test1 won trick with Six of Spades&#xD;
Test&#xD;
Test&#xD;
Test&#xD;
Test&#xD;
Player Test1 won trick with Queen of Hearts&#xD;
Test&#xD;
Test&#xD;
Test&#xD;
Test&#xD;
Player Test1 won trick with Ace of Spades&#xD;
Test&#xD;
Test&#xD;
Test&#xD;
Test&#xD;
Player Test1 won trick with Five of Hearts&#xD;
Test&#xD;
Test&#xD;
Test&#xD;
Player Test1 won trick with Nine of Hearts&#xD;
Test&#xD;
Test&#xD;
Test&#xD;
Test&#xD;
Player Test1 won trick with Ace of Hearts&#xD;
Test&#xD;
Test&#xD;
Player Test1 won trick with Eight of Diamonds&#xD;
Test&#xD;
Test&#xD;
Test&#xD;
Player Test1 won trick with Queen of Clubs&#xD;
Test&#xD;
Test&#xD;
Test&#xD;
Player Test1 won trick with Jack of Hearts&#xD;
Test&#xD;
Test&#xD;
Player Test1 won trick with Six of Clubs&#xD;
Test&#xD;
Test&#xD;
Player Test1 won trick with Queen of Spades&#xD;
Test&#xD;
Player Test2 won trick with Jack of Diamonds&#xD;
Test&#xD;
Test&#xD;
Test&#xD;
Player Test1 won trick with Ten of Hearts&#xD;
Test&#xD;
Test&#xD;
Test&#xD;
Player Test1 won trick with Ace of Spades&#xD;
Test&#xD;
Test&#xD;
Test&#xD;
Player Test1 won trick with Two of Diamonds&#xD;
Test&#xD;
Test&#xD;
Test&#xD;
Player Test1 won trick with King of Diamonds&#xD;
Test&#xD;
Test&#xD;
Player Test2 won trick with Ace of Clubs&#xD;
Test&#xD;
Test&#xD;
Player Test1 won trick with Nine of Diamonds&#xD;
Test&#xD;
Test&#xD;
Test&#xD;
Test&#xD;
Player Test1 won trick with Ace of Diamonds&#xD;
Test&#xD;
Test&#xD;
Test&#xD;
Player Test1 won trick with Eight of Diamonds&#xD;
Test&#xD;
Player Test2 won trick with Ace of Clubs&#xD;
Test&#xD;
Test&#xD;
Player Test2 won trick with Ace of Spades&#xD;
Test&#xD;
Test&#xD;
Player Test2 won trick with Ten of Clubs&#xD;
Test&#xD;
Test&#xD;
Player Test1 won trick with Ten of Clubs&#xD;
Test&#xD;
Test&#xD;
Test&#xD;
Player Test1 won trick with Seven of Diamonds&#xD;
Player Test3 won trick with Eight of Clubs&#xD;
Test&#xD;
Test&#xD;
Test&#xD;
Player Test1 won trick with Jack of Hearts&#xD;
Test&#xD;
Test&#xD;
Player Test4 won trick with Nine of Diamonds&#xD;
Test&#xD;
Test&#xD;
Player Test3 won trick with Seven of Clubs&#xD;
Test&#xD;
Player Test3 won trick with King of Clubs&#xD;
Test&#xD;
Test&#xD;
Player Test1 won trick with King of Spades&#xD;
Test&#xD;
Test&#xD;
Player Test1 won trick with Ten of Clubs&#xD;
Test&#xD;
Test&#xD;
Player Test1 won trick with Five of Diamonds&#xD;
Test&#xD;
Test&#xD;
Test&#xD;
Player Test1 won trick with Nine of Clubs&#xD;
Test&#xD;
Test&#xD;
Test&#xD;
Player Test1 won trick with Two of Diamonds&#xD;
Test&#xD;
Test&#xD;
Test&#xD;
Player Test3 won trick with Four of Diamonds&#xD;
Test&#xD;
Test&#xD;
Player Test3 won trick with Nine of Diamonds&#xD;
Test&#xD;
Test&#xD;
Test&#xD;
Player Test1 won trick with Ace of Hearts&#xD;
Test&#xD;
Test&#xD;
Test&#xD;
Player Test1 won trick with Five of Clubs&#xD;
Test&#xD;
Test&#xD;
Player Test1 won trick with King of Diamonds&#xD;
Test&#xD;
Test&#xD;
Test&#xD;
Test&#xD;
Player Test1 won trick with Three of Hearts&#xD;
Test&#xD;
Test&#xD;
Test&#xD;
Test&#xD;
Player Test1 won trick with Three of Hearts&#xD;
Test&#xD;
Test&#xD;
Test&#xD;
Test&#xD;
Player Test1 won trick with Queen of Hearts&#xD;
Test&#xD;
Test&#xD;
Test&#xD;
Player Test1 won trick with Seven of Spades&#xD;
Test&#xD;
Test&#xD;
Player Test1 won trick with Ace of Hearts&#xD;
Test&#xD;
Test&#xD;
Test&#xD;
Player Test1 won trick with Seven of Clubs&#xD;
Test&#xD;
Test&#xD;
Player Test1 won trick with Ace of Spades&#xD;
Test&#xD;
Test&#xD;
Player Test4 won trick with Queen of Clubs&#xD;
Test&#xD;
Test&#xD;
Test&#xD;
Player Test1 won trick with Three of Clubs&#xD;
Test&#xD;
Test&#xD;
Player Test1 won trick with Ace of Spades&#xD;
Test&#xD;
Player Test1 won trick with Six of Diamonds&#xD;
Player Test2 won trick with Jack of Spades&#xD;
Test&#xD;
Test&#xD;
Player Test4 won trick with Jack of Diamonds&#xD;
Test&#xD;
Test&#xD;
Test&#xD;
Player Test1 won trick with Jack of Diamonds&#xD;
Test&#xD;
Test&#xD;
Test&#xD;
Player Test1 won trick with Five of Spades&#xD;
Test&#xD;
Test&#xD;
Player Test1 won trick with Queen of Spades&#xD;
Test&#xD;
Test&#xD;
Test&#xD;
Player Test1 won trick with King of Clubs&#xD;
Test&#xD;
Test&#xD;
Test&#xD;
Test&#xD;
Player Test1 won trick with Queen of Hearts&#xD;
Test&#xD;
Test&#xD;
Test&#xD;
Player Test1 won trick with Jack of Clubs&#xD;
Test&#xD;
Test&#xD;
Test&#xD;
Player Test1 won trick with Queen of Diamonds&#xD;
Test&#xD;
Test&#xD;
Test&#xD;
Player Test1 won trick with Queen of Diamonds&#xD;
Test&#xD;
Test&#xD;
Test&#xD;
Player Test1 won trick with Five of Diamonds&#xD;
Test&#xD;
Player Test3 won trick with Seven of Spades&#xD;
Test&#xD;
Test&#xD;
Test&#xD;
Player Test3 won trick with Jack of Hearts&#xD;
Test&#xD;
Test&#xD;
Player Test3 won trick with Nine of Clubs&#xD;
Test&#xD;
Player Test1 won trick with King of Spades&#xD;
Test&#xD;
Test&#xD;
Test&#xD;
Player Test1 won trick with Ten of Diamonds&#xD;
Test&#xD;
Test&#xD;
Test&#xD;
Player Test1 won trick with Six of Diamonds&#xD;
Test&#xD;
Test&#xD;
Player Test1 won trick with Six of Spades&#xD;
Test&#xD;
Test&#xD;
Player Test1 won trick with Ace of Diamonds&#xD;
Test&#xD;
Test&#xD;
Player Test1 won trick with Jack of Diamonds&#xD;
Test&#xD;
Test&#xD;
Test&#xD;
Test&#xD;
Player Test1 won trick with Queen of Hearts&#xD;
Test&#xD;
Test&#xD;
Player Test1 won trick with Ace of Clubs&#xD;
Test&#xD;
Player Test2 won trick with Ace of Hearts&#xD;
Test&#xD;
Player Test4 won trick with Nine of Spades&#xD;
Test&#xD;
Test&#xD;
Test&#xD;
Test&#xD;
Player Test1 won trick with Ten of Hearts&#xD;
Test&#xD;
Test&#xD;
Test&#xD;
Player Test1 won trick with Eight of Diamonds&#xD;
Test&#xD;
Test&#xD;
Test&#xD;
Player Test1 won trick with Eight of Clubs&#xD;
Test&#xD;
Test&#xD;
Player Test2 won trick with Eight of Clubs&#xD;
Test&#xD;
Player Test2 won trick with Ten of Spades&#xD;
Test&#xD;
Test&#xD;
Test&#xD;
Test&#xD;
Player Test1 won trick with Four of Hearts&#xD;
Test&#xD;
Test&#xD;
Test&#xD;
Player Test1 won trick with Two of Clubs&#xD;
Test&#xD;
Test&#xD;
Player Test2 won trick with Six of Spades&#xD;
Test&#xD;
Test&#xD;
Player Test3 won trick with Seven of Spades&#xD;
Test&#xD;
Test&#xD;
Player Test1 won trick with Six of Spades&#xD;
Test&#xD;
Test&#xD;
Test&#xD;
Player Test1 won trick with Three of Diamonds&#xD;
Test&#xD;
Test&#xD;
Test&#xD;
Player Test1 won trick with Five of Diamonds&#xD;
Test&#xD;
Test&#xD;
Test&#xD;
Player Test2 won trick with King of Hearts&#xD;
Test&#xD;
Test&#xD;
Test&#xD;
Player Test1 won trick with Three of Clubs&#xD;
Test&#xD;
Test&#xD;
Player Test1 won trick with Eight of Diamonds&#xD;
Test&#xD;
Test&#xD;
Test&#xD;
Test&#xD;
Player Test1 won trick with Five of Hearts&#xD;
Test&#xD;
Test&#xD;
Player Test3 won trick with King of Spades&#xD;
Test&#xD;
Player Test1 won trick with Nine of Clubs&#xD;
Test&#xD;
Test&#xD;
Player Test1 won trick with King of Diamonds&#xD;
Test&#xD;
Test&#xD;
Test&#xD;
Player Test1 won trick with King of Hearts&#xD;
Test&#xD;
Test&#xD;
Test&#xD;
Player Test1 won trick with Queen of Diamonds&#xD;
Test&#xD;
Test&#xD;
Test&#xD;
Player Test1 won trick with Five of Diamonds&#xD;
Test&#xD;
Test&#xD;
Test&#xD;
Player Test3 won trick with Six of Hearts&#xD;
Test&#xD;
Test&#xD;
Test&#xD;
Player Test2 won trick with King of Diamonds&#xD;
Test&#xD;
Test&#xD;
Test&#xD;
Test&#xD;
Player Test1 won trick with Two of Hearts&#xD;
Test&#xD;
Player Test2 won trick with Ace of Clubs&#xD;
Test&#xD;
Test&#xD;
Test&#xD;
Test&#xD;
Player Test1 won trick with Seven of Hearts&#xD;
Test&#xD;
Test&#xD;
Player Test2 won trick with Five of Spades&#xD;
Test&#xD;
Test&#xD;
Test&#xD;
Player Test1 won trick with Six of Clubs&#xD;
Test&#xD;
Test&#xD;
Test&#xD;
Test&#xD;
Player Test1 won trick with Three of Hearts&#xD;
Test&#xD;
Test&#xD;
Player Test1 won trick with Nine of Spades&#xD;
Test&#xD;
Test&#xD;
Test&#xD;
Test&#xD;
Player Test1 won trick with Six of Diamonds&#xD;
Test&#xD;
Test&#xD;
Test&#xD;
Player Test3 won trick with Ace of Hearts&#xD;
Test&#xD;
Player Test3 won trick with Queen of Diamonds&#xD;
Test&#xD;
Test&#xD;
Player Test1 won trick with Queen of Diamonds&#xD;
Test&#xD;
Test&#xD;
Player Test1 won trick with Ten of Clubs&#xD;
Test&#xD;
Test&#xD;
Player Test1 won trick with King of Clubs&#xD;
Test&#xD;
Test&#xD;
Test&#xD;
Player Test1 won trick with King of Spades&#xD;
Test&#xD;
Test&#xD;
Test&#xD;
Player Test1 won trick with Ace of Diamonds&#xD;
Test&#xD;
Test&#xD;
Player Test3 won trick with Jack of Hearts&#xD;
Test&#xD;
Test&#xD;
Test&#xD;
Player Test1 won trick with Ten of Diamonds&#xD;
Test&#xD;
Test&#xD;
Test&#xD;
Player Test1 won trick with Three of Spades&#xD;
Test&#xD;
Test&#xD;
Test&#xD;
Player Test1 won trick with Three of Spades&#xD;
Test&#xD;
Test&#xD;
Test&#xD;
Player Test1 won trick with Jack of Spades&#xD;
Test&#xD;
Test&#xD;
Test&#xD;
Player Test1 won trick with Four of Diamonds&#xD;
Test&#xD;
Player Test2 won trick with Ace of Diamonds&#xD;
Test&#xD;
Test&#xD;
Test&#xD;
Test&#xD;
Player Test1 won trick with Eight of Hearts&#xD;
Test&#xD;
Test&#xD;
Player Test2 won trick with Queen of Diamonds&#xD;
Test&#xD;
Test&#xD;
Test&#xD;
Player Test1 won trick with Five of Diamonds&#xD;
Test&#xD;
Test&#xD;
Player Test1 won trick with King of Clubs&#xD;
Test&#xD;
Test&#xD;
Test&#xD;
Player Test1 won trick with Seven of Spades&#xD;
Test&#xD;
Test&#xD;
Test&#xD;
Player Test1 won trick with Ace of Spades&#xD;
Test&#xD;
Test&#xD;
Test&#xD;
Player Test2 won trick with Nine of Hearts&#xD;
Test&#xD;
Test&#xD;
Player Test1 won trick with Five of Diamonds&#xD;
Test&#xD;
Test&#xD;
Player Test1 won trick with Eight of Diamonds&#xD;
Test&#xD;
Test&#xD;
Player Test2 won trick with Ace of Spades&#xD;
Test&#xD;
Test&#xD;
Test&#xD;
Test&#xD;
Player Test1 won trick with Three of Clubs&#xD;
Test&#xD;
Test&#xD;
Test&#xD;
Test&#xD;
Player Test1 won trick with Eight of Hearts&#xD;
Test&#xD;
Test&#xD;
Test&#xD;
Player Test1 won trick with Four of Hearts&#xD;
Test&#xD;
Test&#xD;
Test&#xD;
Player Test1 won trick with Ace of Clubs&#xD;
Test&#xD;
Test&#xD;
Test&#xD;
Player Test1 won trick with Seven of Hearts&#xD;
Test&#xD;
Test&#xD;
Test&#xD;
Test&#xD;
Player Test1 won trick with Eight of Hearts&#xD;
Test&#xD;
Test&#xD;
Player Test1 won trick with Seven of Clubs&#xD;
Test&#xD;
Test&#xD;
Test&#xD;
Test&#xD;
Player Test1 won trick with Six of Hearts&#xD;
Test&#xD;
Test&#xD;
Player Test1 won trick with Jack of Diamonds&#xD;
Test&#xD;
Test&#xD;
Test&#xD;
Player Test1 won trick with Two of Spades&#xD;
Test&#xD;
Test&#xD;
Player Test1 won trick with Ace of Spades&#xD;
Test&#xD;
Test&#xD;
Test&#xD;
Test&#xD;
Player Test1 won trick with Three of Hearts&#xD;
Test&#xD;
Test&#xD;
Test&#xD;
Player Test1 won trick with King of Spades&#xD;
Test&#xD;
Test&#xD;
Player Test3 won trick with Six of Diamonds&#xD;
Test&#xD;
Test&#xD;
Test&#xD;
Player Test1 won trick with Ten of Spades&#xD;
Test&#xD;
Test&#xD;
Player Test2 won trick with Six of Diamonds&#xD;
Test&#xD;
Test&#xD;
Test&#xD;
Player Test1 won trick with King of Spades&#xD;
Test&#xD;
Test&#xD;
Player Test2 won trick with Ace of Spades&#xD;
Test&#xD;
Test&#xD;
Player Test3 won trick with Seven of Diamonds&#xD;
Test&#xD;
Player Test4 won trick with Four of Clubs&#xD;
Test&#xD;
Test&#xD;
Test&#xD;
Player Test3 won trick with Queen of Hearts&#xD;
Test&#xD;
Test&#xD;
Player Test1 won trick with Four of Clubs&#xD;
Test&#xD;
Test&#xD;
Player Test1 won trick with Four of Spades&#xD;
Test&#xD;
Player Test2 won trick with Queen of Spades&#xD;
Test&#xD;
Test&#xD;
Player Test3 won trick with Jack of Clubs&#xD;
Test&#xD;
Test&#xD;
Test&#xD;
Player Test1 won trick with Eight of Spades&#xD;
Test&#xD;
Test&#xD;
Player Test1 won trick with Seven of Diamonds&#xD;
Test&#xD;
Test&#xD;
Player Test1 won trick with Three of Spades&#xD;
Test&#xD;
Test&#xD;
Test&#xD;
Test&#xD;
Player Test1 won trick with Seven of Hearts&#xD;
Test&#xD;
Test&#xD;
Test&#xD;
Player Test1 won trick with Five of Clubs&#xD;
Test&#xD;
Test&#xD;
Test&#xD;
Player Test1 won trick with Queen of Spades&#xD;
Test&#xD;
Test&#xD;
Player Test3 won trick with Nine of Spades&#xD;
Test&#xD;
Test&#xD;
Player Test3 won trick with Queen of Hearts&#xD;
Test&#xD;
Test&#xD;
Test&#xD;
Player Test1 won trick with Nine of Hearts&#xD;
Test&#xD;
Test&#xD;
Test&#xD;
Test&#xD;
Player Test1 won trick with Five of Hearts&#xD;
Test&#xD;
Test&#xD;
Test&#xD;
Player Test1 won trick with Jack of Clubs&#xD;
Test&#xD;
Test&#xD;
Test&#xD;
Test&#xD;
Player Test1 won trick with Three of Hearts&#xD;
Test&#xD;
Test&#xD;
Player Test2 won trick with Nine of Clubs&#xD;
Test&#xD;
Test&#xD;
Player Test3 won trick with Eight of Clubs&#xD;
Test&#xD;
Test&#xD;
Test&#xD;
Player Test1 won trick with Ace of Spades&#xD;
Test&#xD;
Test&#xD;
Test&#xD;
Player Test1 won trick with King of Spades&#xD;
Test&#xD;
Test&#xD;
Test&#xD;
Player Test1 won trick with Six of Clubs&#xD;
Test&#xD;
Test&#xD;
Test&#xD;
Test&#xD;
Player Test1 won trick with Ace of Diamonds&#xD;
Test&#xD;
Player Test3 won trick with Ace of Spades&#xD;
Test&#xD;
Player Test4 won trick with Nine of Clubs&#xD;
Test&#xD;
Test&#xD;
Test&#xD;
Player Test1 won trick with Jack of Spades&#xD;
Test&#xD;
Test&#xD;
Player Test2 won trick with Queen of Diamonds&#xD;
Test&#xD;
Test&#xD;
Player Test1 won trick with Three of Clubs&#xD;
Test&#xD;
Test&#xD;
Test&#xD;
Player Test1 won trick with Seven of Diamonds&#xD;
Test&#xD;
Test&#xD;
Test&#xD;
Player Test1 won trick with Ten of Spades&#xD;
Test&#xD;
Player Test1 won trick with Jack of Clubs&#xD;
Test&#xD;
Test&#xD;
Test&#xD;
Test&#xD;
Player Test1 won trick with Ten of Hearts&#xD;
Test&#xD;
Test&#xD;
Test&#xD;
Player Test4 won trick with Queen of Hearts&#xD;
Test&#xD;
Test&#xD;
Player Test1 won trick with Jack of Hearts&#xD;
Test&#xD;
Test&#xD;
Test&#xD;
Player Test1 won trick with Three of Diamonds&#xD;
Test&#xD;
Test&#xD;
Test&#xD;
Player Test1 won trick with Queen of Diamonds&#xD;
Test&#xD;
Test&#xD;
Test&#xD;
Player Test4 won trick with Queen of Hearts&#xD;
Test&#xD;
Test&#xD;
Player Test1 won trick with Jack of Diamonds&#xD;
Test&#xD;
Test&#xD;
Test&#xD;
Test&#xD;
Player Test1 won trick with Ten of Hearts&#xD;
Test&#xD;
Player Test2 won trick with Ten of Diamonds&#xD;
Test&#xD;
Test&#xD;
Test&#xD;
Test&#xD;
Player Test1 won trick with Ace of Hearts&#xD;
Test&#xD;
Test&#xD;
Test&#xD;
Player Test1 won trick with Ace of Hearts&#xD;
Test&#xD;
Test&#xD;
Player Test1 won trick with Nine of Spades&#xD;
Test&#xD;
Test&#xD;
Player Test2 won trick with Seven of Spades&#xD;
Test&#xD;
Test&#xD;
Player Test1 won trick with King of Spades&#xD;
Test&#xD;
Test&#xD;
Test&#xD;
Player Test1 won trick with Seven of Diamonds&#xD;
Test&#xD;
Test&#xD;
Test&#xD;
Player Test1 won trick with King of Clubs&#xD;
Test&#xD;
Test&#xD;
Test&#xD;
Player Test1 won trick with King of Spades&#xD;
Test&#xD;
Test&#xD;
Player Test2 won trick with Queen of Hearts&#xD;
Test&#xD;
Test&#xD;
Test&#xD;
Player Test1 won trick with Three of Clubs&#xD;
Test&#xD;
Test&#xD;
Player Test1 won trick with Jack of Clubs&#xD;
Test&#xD;
Test&#xD;
Test&#xD;
Player Test1 won trick with King of Spades&#xD;
Test&#xD;
Test&#xD;
Test&#xD;
Player Test4 won trick with Jack of Hearts&#xD;
Test&#xD;
Test&#xD;
Test&#xD;
Player Test4 won trick with Ace of Spades&#xD;
Test&#xD;
Test&#xD;
Test&#xD;
Test&#xD;
Player Test1 won trick with King of Diamonds&#xD;
Test&#xD;
Test&#xD;
Test&#xD;
Player Test1 won trick with Eight of Diamonds&#xD;
Test&#xD;
Test&#xD;
Test&#xD;
Player Test1 won trick with Ace of Clubs&#xD;
Test&#xD;
Test&#xD;
Player Test1 won trick with Ace of Diamonds&#xD;
Test&#xD;
Player Test3 won trick with King of Spades&#xD;
Test&#xD;
Test&#xD;
Player Test1 won trick with Ace of Hearts&#xD;
Test&#xD;
Test&#xD;
Test&#xD;
Player Test1 won trick with Six of Diamonds&#xD;
Test&#xD;
Test&#xD;
Test&#xD;
Player Test1 won trick with Seven of Spades&#xD;
Test&#xD;
Test&#xD;
Player Test3 won trick with Nine of Diamonds&#xD;
Test&#xD;
Player Test3 won trick with Queen of Spades&#xD;
Test&#xD;
Test&#xD;
Player Test3 won trick with Six of Spades&#xD;
Test&#xD;
Test&#xD;
Player Test3 won trick with King of Clubs&#xD;
Test&#xD;
Test&#xD;
Test&#xD;
Player Test2 won trick with Ten of Hearts&#xD;
Test&#xD;
Test&#xD;
Test&#xD;
Player Test1 won trick with Six of Spades&#xD;
Test&#xD;
Test&#xD;
Test&#xD;
Player Test2 won trick with Nine of Hearts&#xD;
Test&#xD;
Test&#xD;
Test&#xD;
Player Test1 won trick with King of Diamonds&#xD;
Test&#xD;
Test&#xD;
Player Test1 won trick with Ten of Spades&#xD;
Test&#xD;
Test&#xD;
Test&#xD;
Test&#xD;
Player Test1 won trick with Seven of Hearts&#xD;
Test&#xD;
Test&#xD;
Player Test4 won trick with Nine of Hearts&#xD;
Test&#xD;
Player Test2 won trick with Queen of Diamonds&#xD;
Test&#xD;
Test&#xD;
Test&#xD;
Test&#xD;
Player Test1 won trick with Nine of Hearts&#xD;
Test&#xD;
Test&#xD;
Test&#xD;
Player Test1 won trick with Queen of Clubs&#xD;
Test&#xD;
Test&#xD;
Player Test1 won trick with Seven of Clubs&#xD;
Test&#xD;
Test&#xD;
Test&#xD;
Test&#xD;
Player Test1 won trick with Queen of Hearts&#xD;
Test&#xD;
Test&#xD;
Test&#xD;
Player Test4 won trick with Eight of Hearts&#xD;
Test&#xD;
Test&#xD;
Player Test3 won trick with Ace of Diamonds&#xD;
Test&#xD;
Test&#xD;
Player Test1 won trick with Eight of Clubs&#xD;
Test&#xD;
Test&#xD;
Test&#xD;
Player Test1 won trick with King of Clubs&#xD;
Test&#xD;
Test&#xD;
Player Test2 won trick with Nine of Clubs&#xD;
Test&#xD;
Test&#xD;
Player Test1 won trick with Seven of Diamonds&#xD;
Test&#xD;
Test&#xD;
Test&#xD;
Player Test1 won trick with Jack of Hearts&#xD;
Test&#xD;
Test&#xD;
Player Test3 won trick with Ace of Diamonds&#xD;
Test&#xD;
Test&#xD;
Test&#xD;
Player Test1 won trick with Four of Spades&#xD;
Test&#xD;
Test&#xD;
Player Test1 won trick with Seven of Spades&#xD;
Test&#xD;
Test&#xD;
Player Test2 won trick with King of Diamonds&#xD;
Test&#xD;
Test&#xD;
Test&#xD;
Test&#xD;
Player Test1 won trick with Jack of Clubs&#xD;
Test&#xD;
Test&#xD;
Player Test4 won trick with King of Clubs&#xD;
Test&#xD;
Test&#xD;
Player Test3 won trick with Five of Clubs&#xD;
Test&#xD;
Test&#xD;
Player Test2 won trick with Eight of Diamonds&#xD;
Test&#xD;
Test&#xD;
Test&#xD;
Test&#xD;
Player Test1 won trick with Six of Hearts&#xD;
Test&#xD;
Test&#xD;
Player Test1 won trick with Eight of Spades&#xD;
Test&#xD;
Test&#xD;
Player Test2 won trick with King of Spades&#xD;
Test&#xD;
Test&#xD;
Test&#xD;
Player Test3 won trick with King of Hearts&#xD;
Test&#xD;
Test&#xD;
Player Test1 won trick with Ace of Clubs&#xD;
Test&#xD;
Test&#xD;
Test&#xD;
Test&#xD;
Player Test1 won trick with Ten of Hearts&#xD;
Test&#xD;
Test&#xD;
Test&#xD;
Player Test3 won trick with Queen of Hearts&#xD;
Test&#xD;
Player Test3 won trick with Ten of Spades&#xD;
Test&#xD;
Test&#xD;
Test&#xD;
Test&#xD;
Player Test1 won trick with Two of Hearts&#xD;
Test&#xD;
Test&#xD;
Test&#xD;
Player Test1 won trick with King of Spades&#xD;
Test&#xD;
Test&#xD;
Player Test1 won trick with Jack of Diamonds&#xD;
Test&#xD;
Player Test2 won trick with Ace of Diamonds&#xD;
Test&#xD;
Test&#xD;
Player Test1 won trick with Queen of Clubs&#xD;
Test&#xD;
Test&#xD;
Test&#xD;
Player Test1 won trick with Ace of Clubs&#xD;
Test&#xD;
Test&#xD;
Test&#xD;
Player Test1 won trick with Five of Clubs&#xD;
Test&#xD;
Test&#xD;
Player Test2 won trick with Four of Clubs&#xD;
Test&#xD;
Test&#xD;
Test&#xD;
Player Test1 won trick with King of Clubs&#xD;
Test&#xD;
Test&#xD;
Test&#xD;
Player Test1 won trick with Five of Spades&#xD;
Test&#xD;
Test&#xD;
Test&#xD;
Player Test1 won trick with Four of Spades&#xD;
Test&#xD;
Test&#xD;
Player Test3 won trick with Nine of Spades&#xD;
Test&#xD;
Test&#xD;
Test&#xD;
Test&#xD;
Player Test1 won trick with Nine of Hearts&#xD;
Test&#xD;
Test&#xD;
Test&#xD;
Player Test1 won trick with Nine of Clubs&#xD;
Test&#xD;
Test&#xD;
Player Test1 won trick with Queen of Clubs&#xD;
Test&#xD;
Test&#xD;
Player Test3 won trick with Seven of Clubs&#xD;
Test&#xD;
Test&#xD;
Test&#xD;
Player Test1 won trick with Four of Diamonds&#xD;
Test&#xD;
Test&#xD;
Test&#xD;
Player Test1 won trick with Four of Diamonds&#xD;
Test&#xD;
Test&#xD;
Test&#xD;
Player Test1 won trick with Three of Spades&#xD;
Test&#xD;
Test&#xD;
Test&#xD;
Test&#xD;
Player Test1 won trick with Five of Hearts&#xD;
Test&#xD;
Test&#xD;
Test&#xD;
Player Test1 won trick with Jack of Hearts&#xD;
Test&#xD;
Test&#xD;
Player Test1 won trick with Eight of Spades&#xD;
Test&#xD;
Test&#xD;
Player Test2 won trick with Five of Clubs&#xD;
Test&#xD;
Test&#xD;
Player Test1 won trick with Six of Clubs&#xD;
Test&#xD;
Test&#xD;
Test&#xD;
Player Test1 won trick with Seven of Spades&#xD;
Test&#xD;
Test&#xD;
Test&#xD;
Player Test1 won trick with Four of Spades&#xD;
Test&#xD;
Test&#xD;
Player Test1 won trick with Queen of Spades&#xD;
Test&#xD;
Player Test3 won trick with Queen of Hearts&#xD;
Test&#xD;
Test&#xD;
Player Test2 won trick with Ace of Hearts&#xD;
Test&#xD;
Test&#xD;
Test&#xD;
Player Test1 won trick with Four of Hearts&#xD;
Test&#xD;
Test&#xD;
Test&#xD;
Test&#xD;
Player Test1 won trick with Four of Hearts&#xD;
Test&#xD;
Test&#xD;
Player Test1 won trick with Queen of Clubs&#xD;
Test&#xD;
Test&#xD;
Test&#xD;
Player Test4 won trick with Ace of Hearts&#xD;
Test&#xD;
Test&#xD;
Test&#xD;
Player Test1 won trick with Three of Diamonds&#xD;
Test&#xD;
Test&#xD;
Player Test3 won trick with King of Diamonds&#xD;
Test&#xD;
Test&#xD;
Player Test1 won trick with Queen of Diamonds&#xD;
Test&#xD;
Test&#xD;
Player Test1 won trick with King of Spades&#xD;
Test&#xD;
Test&#xD;
Test&#xD;
Test&#xD;
Player Test1 won trick with Three of Hearts&#xD;
Test&#xD;
Test&#xD;
Test&#xD;
Player Test1 won trick with Two of Spades&#xD;
Test&#xD;
Test&#xD;
Player Test1 won trick with Seven of Spades&#xD;
Test&#xD;
Test&#xD;
Player Test2 won trick with Six of Clubs&#xD;
Test&#xD;
Test&#xD;
Test&#xD;
Player Test1 won trick with Jack of Spades&#xD;
Test&#xD;
Test&#xD;
Test&#xD;
Player Test1 won trick with Queen of Clubs&#xD;
Test&#xD;
Test&#xD;
Test&#xD;
Player Test1 won trick with Two of Diamonds&#xD;
Test&#xD;
Player Test1 won trick with Ace of Spades&#xD;
Test&#xD;
Test&#xD;
Player Test2 won trick with King of Clubs&#xD;
Test&#xD;
Test&#xD;
Player Test1 won trick with Ace of Diamonds&#xD;
Test&#xD;
Test&#xD;
Test&#xD;
Test&#xD;
Player Test1 won trick with Eight of Diamonds&#xD;
Test&#xD;
Player Test4 won trick with Nine of Clubs&#xD;
Test&#xD;
Test&#xD;
Test&#xD;
Player Test1 won trick with Five of Clubs&#xD;
Test&#xD;
Test&#xD;
Test&#xD;
Player Test1 won trick with Seven of Spades&#xD;
Test&#xD;
Test&#xD;
Player Test1 won trick with Six of Diamonds&#xD;
Test&#xD;
Test&#xD;
Test&#xD;
Player Test1 won trick with Two of Diamonds&#xD;
Test&#xD;
Test&#xD;
Test&#xD;
Test&#xD;
Player Test1 won trick with Four of Hearts&#xD;
Test&#xD;
Test&#xD;
Test&#xD;
Player Test2 won trick with Seven of Hearts&#xD;
Test&#xD;
Test&#xD;
Test&#xD;
Player Test1 won trick with Four of Spades&#xD;
Test&#xD;
Test&#xD;
Player Test4 won trick with Ten of Spades&#xD;
Test&#xD;
Test&#xD;
Player Test1 won trick with Queen of Diamonds&#xD;
Test&#xD;
Player Test3 won trick with Ace of Clubs&#xD;
Test&#xD;
Test&#xD;
Test&#xD;
Player Test3 won trick with Ace of Spades&#xD;
Test&#xD;
Player Test2 won trick with King of Spades&#xD;
Test&#xD;
Test&#xD;
Player Test1 won trick with Six of Clubs&#xD;
Test&#xD;
Test&#xD;
Test&#xD;
Player Test1 won trick with Eight of Clubs&#xD;
Player Test4 won trick with King of Diamonds&#xD;
Test&#xD;
Test&#xD;
Test&#xD;
Player Test1 won trick with Four of Spades&#xD;
Test&#xD;
Test&#xD;
Player Test4 won trick with Queen of Diamonds&#xD;
Test&#xD;
Test&#xD;
Test&#xD;
Player Test1 won trick with Queen of Spades&#xD;
Test&#xD;
Test&#xD;
Player Test1 won trick with King of Hearts&#xD;
Test&#xD;
Test&#xD;
Test&#xD;
Player Test1 won trick with Three of Spades&#xD;
Test&#xD;
Test&#xD;
Test&#xD;
Test&#xD;
Player Test1 won trick with Ace of Hearts&#xD;
Test&#xD;
Test&#xD;
Test&#xD;
Player Test1 won trick with Ace of Spades&#xD;
Test&#xD;
Test&#xD;
Test&#xD;
Player Test2 won trick with Jack of Hearts&#xD;
Test&#xD;
Test&#xD;
Player Test2 won trick with Eight of Spades&#xD;
Test&#xD;
Test&#xD;
Player Test1 won trick with Ten of Hearts&#xD;
Test&#xD;
Test&#xD;
Test&#xD;
Player Test1 won trick with Ten of Spades&#xD;
Test&#xD;
Test&#xD;
Test&#xD;
Player Test1 won trick with Five of Clubs&#xD;
Test&#xD;
Test&#xD;
Test&#xD;
Player Test1 won trick with Three of Diamonds&#xD;
Test&#xD;
Test&#xD;
Test&#xD;
Player Test2 won trick with Ace of Hearts&#xD;
Test&#xD;
Test&#xD;
Test&#xD;
Test&#xD;
Player Test1 won trick with Jack of Hearts&#xD;
Test&#xD;
Test&#xD;
Player Test4 won trick with Ace of Diamonds&#xD;
Test&#xD;
Test&#xD;
Player Test1 won trick with Seven of Hearts&#xD;
Test&#xD;
Test&#xD;
Test&#xD;
Player Test3 won trick with Jack of Hearts&#xD;
Test&#xD;
Test&#xD;
Test&#xD;
Player Test1 won trick with Ace of Clubs&#xD;
Test&#xD;
Test&#xD;
Player Test1 won trick with Seven of Spades&#xD;
Test&#xD;
Test&#xD;
Test&#xD;
Player Test2 won trick with Jack of Hearts&#xD;
Test&#xD;
Test&#xD;
Player Test3 won trick with Queen of Clubs&#xD;
Test&#xD;
Test&#xD;
Player Test1 won trick with Jack of Diamonds&#xD;
Test&#xD;
Test&#xD;
Test&#xD;
Player Test1 won trick with Eight of Spades&#xD;
Test&#xD;
Player Test2 won trick with Ten of Spades&#xD;
Test&#xD;
Test&#xD;
Test&#xD;
Test&#xD;
Player Test1 won trick with Queen of Hearts&#xD;
Test&#xD;
Test&#xD;
Test&#xD;
Test&#xD;
Player Test1 won trick with Seven of Hearts&#xD;
Test&#xD;
Test&#xD;
Test&#xD;
Player Test1 won trick with Queen of Hearts&#xD;
Test&#xD;
Test&#xD;
Test&#xD;
Player Test1 won trick with Two of Spades&#xD;
Test&#xD;
Test&#xD;
Test&#xD;
Player Test1 won trick with Ace of Clubs&#xD;
Test&#xD;
Test&#xD;
Test&#xD;
Player Test1 won trick with Ace of Spades&#xD;
Test&#xD;
Test&#xD;
Test&#xD;
Player Test1 won trick with Two of Clubs&#xD;
Test&#xD;
Test&#xD;
Test&#xD;
Test&#xD;
Player Test1 won trick with Four of Hearts&#xD;
Test&#xD;
Test&#xD;
Test&#xD;
Player Test1 won trick with Two of Spades&#xD;
Test&#xD;
Test&#xD;
Player Test1 won trick with Jack of Diamonds&#xD;
Test&#xD;
Test&#xD;
Test&#xD;
Player Test1 won trick with Nine of Spades&#xD;
Test&#xD;
Test&#xD;
Test&#xD;
Test&#xD;
Player Test1 won trick with Queen of Hearts&#xD;
Test&#xD;
Test&#xD;
Test&#xD;
Player Test1 won trick with Three of Spades&#xD;
Test&#xD;
Test&#xD;
Test&#xD;
Player Test1 won trick with King of Hearts&#xD;
Test&#xD;
Test&#xD;
Test&#xD;
Player Test1 won trick with Ten of Diamonds&#xD;
Test&#xD;
Test&#xD;
Player Test3 won trick with Five of Diamonds&#xD;
Test&#xD;
Test&#xD;
Player Test4 won trick with Jack of Hearts&#xD;
Test&#xD;
Test&#xD;
Test&#xD;
Test&#xD;
Player Test1 won trick with Four of Hearts&#xD;
Test&#xD;
Test&#xD;
Test&#xD;
Test&#xD;
Player Test1 won trick with Three of Hearts&#xD;
Test&#xD;
Test&#xD;
Player Test1 won trick with Queen of Diamonds&#xD;
Test&#xD;
Test&#xD;
Test&#xD;
Test&#xD;
Player Test1 won trick with Ace of Hearts&#xD;
Test&#xD;
Test&#xD;
Test&#xD;
Test&#xD;
Player Test1 won trick with Ten of Spades&#xD;
Test&#xD;
Test&#xD;
Test&#xD;
Player Test1 won trick with Four of Spades&#xD;
Test&#xD;
Test&#xD;
Test&#xD;
Player Test1 won trick with Jack of Spades&#xD;
Test&#xD;
Test&#xD;
Player Test1 won trick with Five of Clubs&#xD;
Test&#xD;
Test&#xD;
Player Test3 won trick with Ace of Hearts&#xD;
Test&#xD;
Test&#xD;
Player Test4 won trick with Seven of Spades&#xD;
Test&#xD;
Test&#xD;
Test&#xD;
Test&#xD;
Player Test1 won trick with Four of Hearts&#xD;
Test&#xD;
Test&#xD;
Player Test4 won trick with Ten of Clubs&#xD;
Test&#xD;
Test&#xD;
Test&#xD;
Player Test1 won trick with Four of Hearts&#xD;
Test&#xD;
Test&#xD;
Player Test2 won trick with King of Spades&#xD;
Test&#xD;
Test&#xD;
Test&#xD;
Player Test3 won trick with Queen of Hearts&#xD;
Test&#xD;
Player Test3 won trick with Jack of Diamonds&#xD;
Test&#xD;
Test&#xD;
Test&#xD;
Player Test1 won trick with Jack of Clubs&#xD;
Test&#xD;
Test&#xD;
Player Test2 won trick with Jack of Clubs&#xD;
Test&#xD;
Test&#xD;
Test&#xD;
Player Test1 won trick with Six of Clubs&#xD;
Test&#xD;
Test&#xD;
Test&#xD;
Player Test1 won trick with Ten of Hearts&#xD;
Test&#xD;
Test&#xD;
Test&#xD;
Player Test1 won trick with Six of Clubs&#xD;
Test&#xD;
Test&#xD;
Player Test1 won trick with Ten of Clubs&#xD;
Test&#xD;
Test&#xD;
Test&#xD;
Player Test1 won trick with Seven of Clubs&#xD;
Test&#xD;
Test&#xD;
Test&#xD;
Player Test1 won trick with Nine of Hearts&#xD;
Test&#xD;
Test&#xD;
Player Test3 won trick with Seven of Clubs&#xD;
Test&#xD;
Test&#xD;
Player Test1 won trick with Six of Diamonds&#xD;
Test&#xD;
Test&#xD;
Test&#xD;
Test&#xD;
Player Test1 won trick with Jack of Clubs&#xD;
Test&#xD;
Test&#xD;
Test&#xD;
Player Test1 won trick with Nine of Clubs&#xD;
Test&#xD;
Test&#xD;
Test&#xD;
Test&#xD;
Player Test1 won trick with Five of Hearts&#xD;
Test&#xD;
Test&#xD;
Test&#xD;
Test&#xD;
Player Test1 won trick with Two of Hearts&#xD;
Test&#xD;
Test&#xD;
Player Test3 won trick with Nine of Hearts&#xD;
Test&#xD;
Test&#xD;
Test&#xD;
Player Test1 won trick with King of Diamonds&#xD;
Test&#xD;
Test&#xD;
Test&#xD;
Player Test1 won trick with Six of Clubs&#xD;
Test&#xD;
Test&#xD;
Test&#xD;
Player Test3 won trick with King of Hearts&#xD;
Test&#xD;
Test&#xD;
Player Test1 won trick with Five of Spades&#xD;
Test&#xD;
Test&#xD;
Test&#xD;
Player Test1 won trick with Two of Diamonds&#xD;
Test&#xD;
Test&#xD;
Player Test3 won trick with Queen of Clubs&#xD;
Test&#xD;
Test&#xD;
Test&#xD;
Player Test2 won trick with King of Hearts&#xD;
Test&#xD;
Test&#xD;
Player Test1 won trick with Nine of Spades&#xD;
Test&#xD;
Test&#xD;
Player Test1 won trick with King of Hearts&#xD;
Test&#xD;
Player Test4 won trick with Nine of Clubs&#xD;
Test&#xD;
Player Test4 won trick with Five of Diamonds&#xD;
Test&#xD;
Test&#xD;
Test&#xD;
Player Test1 won trick with Ace of Hearts&#xD;
Test&#xD;
Test&#xD;
Player Test3 won trick with Seven of Diamonds&#xD;
Test&#xD;
Test&#xD;
Player Test1 won trick with Ten of Clubs&#xD;
Test&#xD;
Test&#xD;
Test&#xD;
Player Test1 won trick with Queen of Hearts&#xD;
Test&#xD;
Test&#xD;
Test&#xD;
Player Test1 won trick with Ten of Diamonds&#xD;
Player Test3 won trick with Ace of Clubs&#xD;
Test&#xD;
Test&#xD;
Player Test1 won trick with Ace of Clubs&#xD;
Test&#xD;
Test&#xD;
Player Test2 won trick with Four of Clubs&#xD;
Test&#xD;
Player Test2 won trick with Ace of Diamonds&#xD;
Test&#xD;
Test&#xD;
Test&#xD;
Test&#xD;
Player Test1 won trick with Queen of Hearts&#xD;
Test&#xD;
Test&#xD;
Player Test1 won trick with Six of Diamonds&#xD;
Test&#xD;
Test&#xD;
Test&#xD;
Player Test1 won trick with King of Clubs&#xD;
Test&#xD;
Test&#xD;
Test&#xD;
Player Test1 won trick with King of Hearts&#xD;
Test&#xD;
Test&#xD;
Test&#xD;
Player Test1 won trick with Five of Clubs&#xD;
Test&#xD;
Test&#xD;
Test&#xD;
Player Test2 won trick with Jack of Diamonds&#xD;
Test&#xD;
Test&#xD;
Test&#xD;
Player Test1 won trick with Two of Diamonds&#xD;
Test&#xD;
Test&#xD;
Player Test1 won trick with Eight of Clubs&#xD;
Test&#xD;
Test&#xD;
Test&#xD;
Player Test1 won trick with Jack of Hearts&#xD;
Test&#xD;
Test&#xD;
Test&#xD;
Player Test1 won trick with Seven of Clubs&#xD;
Test&#xD;
Test&#xD;
Test&#xD;
Player Test1 won trick with Two of Clubs&#xD;
Test&#xD;
Test&#xD;
Test&#xD;
Test&#xD;
Player Test1 won trick with Ace of Hearts&#xD;
Test&#xD;
Player Test4 won trick with Jack of Diamonds&#xD;
Test&#xD;
Test&#xD;
Player Test2 won trick with Five of Clubs&#xD;
Test&#xD;
Test&#xD;
Player Test1 won trick with Ace of Spades&#xD;
Test&#xD;
Test&#xD;
Player Test4 won trick with Queen of Clubs&#xD;
Test&#xD;
Test&#xD;
Test&#xD;
Player Test1 won trick with Nine of Clubs&#xD;
Test&#xD;
Test&#xD;
Test&#xD;
Player Test1 won trick with King of Diamonds&#xD;
Test&#xD;
Player Test2 won trick with Ace of Clubs&#xD;
Test&#xD;
Test&#xD;
Player Test4 won trick with Ace of Diamonds&#xD;
Test&#xD;
Test&#xD;
Test&#xD;
Test&#xD;
Player Test1 won trick with Ace of Hearts&#xD;
Test&#xD;
Test&#xD;
Player Test1 won trick with Ten of Diamonds&#xD;
Test&#xD;
Test&#xD;
Test&#xD;
Test&#xD;
Player Test1 won trick with Two of Hearts&#xD;
Test&#xD;
Test&#xD;
Player Test1 won trick with Jack of Diamonds&#xD;
Test&#xD;
Test&#xD;
Player Test3 won trick with Eight of Clubs&#xD;
Test&#xD;
Test&#xD;
Test&#xD;
Player Test1 won trick with Nine of Hearts&#xD;
Test&#xD;
Test&#xD;
Player Test4 won trick with Queen of Hearts&#xD;
Test&#xD;
Test&#xD;
Test&#xD;
Player Test1 won trick with Four of Clubs&#xD;
Test&#xD;
Test&#xD;
Test&#xD;
Test&#xD;
Player Test1 won trick with Ace of Hearts&#xD;
Test&#xD;
Player Test4 won trick with Ace of Clubs&#xD;
Test&#xD;
Test&#xD;
Test&#xD;
Player Test1 won trick with Two of Clubs&#xD;
Test&#xD;
Test&#xD;
Test&#xD;
Player Test1 won trick with Five of Spades&#xD;
Player Test3 won trick with Ace of Clubs&#xD;
Test&#xD;
Test&#xD;
Test&#xD;
Player Test1 won trick with Five of Hearts&#xD;
Test&#xD;
Test&#xD;
Test&#xD;
Player Test1 won trick with Ace of Diamonds&#xD;
Test&#xD;
Test&#xD;
Test&#xD;
Player Test1 won trick with Ace of Spades&#xD;
Test&#xD;
Test&#xD;
Player Test2 won trick with King of Clubs&#xD;
Test&#xD;
Player Test4 won trick with Six of Clubs&#xD;
Test&#xD;
Test&#xD;
Test&#xD;
Test&#xD;
Player Test1 won trick with King of Clubs&#xD;
Test&#xD;
Test&#xD;
Test&#xD;
Test&#xD;
Player Test1 won trick with Jack of Hearts&#xD;
Test&#xD;
Test&#xD;
Player Test3 won trick with Queen of Clubs&#xD;
Test&#xD;
Test&#xD;
Player Test1 won trick with Queen of Diamonds&#xD;
Test&#xD;
Test&#xD;
Test&#xD;
Player Test1 won trick with Ten of Hearts&#xD;
Test&#xD;
Test&#xD;
Test&#xD;
Player Test1 won trick with Seven of Spades&#xD;
Test&#xD;
Test&#xD;
Test&#xD;
Player Test1 won trick with Ace of Clubs&#xD;
Test&#xD;
Test&#xD;
Test&#xD;
Player Test1 won trick with Four of Spades&#xD;
Test&#xD;
Test&#xD;
Test&#xD;
Player Test1 won trick with Jack of Clubs&#xD;
Test&#xD;
Test&#xD;
Test&#xD;
Player Test1 won trick with Queen of Diamonds&#xD;
Test&#xD;
Test&#xD;
Test&#xD;
Player Test1 won trick with Six of Diamonds&#xD;
Test&#xD;
Test&#xD;
Test&#xD;
Player Test1 won trick with Two of Spades&#xD;
Test&#xD;
Test&#xD;
Player Test1 won trick with King of Spades&#xD;
Test&#xD;
Test&#xD;
Test&#xD;
Test&#xD;
Player Test1 won trick with Ace of Hearts&#xD;
Test&#xD;
Test&#xD;
Test&#xD;
Player Test1 won trick with Jack of Diamonds&#xD;
Test&#xD;
Test&#xD;
Test&#xD;
Player Test1 won trick with Seven of Clubs&#xD;
Test&#xD;
Test&#xD;
Player Test1 won trick with Ace of Clubs&#xD;
Test&#xD;
Test&#xD;
Test&#xD;
Player Test1 won trick with Nine of Diamonds&#xD;
Test&#xD;
Test&#xD;
Player Test1 won trick with Jack of Spades&#xD;
Test&#xD;
Test&#xD;
Player Test3 won trick with Jack of Diamonds&#xD;
Test&#xD;
Test&#xD;
Test&#xD;
Player Test1 won trick with Four of Diamonds&#xD;
Test&#xD;
Test&#xD;
Test&#xD;
Player Test1 won trick with Seven of Diamonds&#xD;
Test&#xD;
Test&#xD;
Test&#xD;
Player Test2 won trick with King of Hearts&#xD;
Test&#xD;
Player Test2 won trick with Ace of Clubs&#xD;
Test&#xD;
Test&#xD;
Test&#xD;
Player Test1 won trick with Ten of Clubs&#xD;
Test&#xD;
Test&#xD;
Test&#xD;
Player Test3 won trick with Queen of Spades&#xD;
Test&#xD;
Test&#xD;
Test&#xD;
Player Test1 won trick with Three of Spades&#xD;
Test&#xD;
Test&#xD;
Test&#xD;
Player Test1 won trick with Queen of Clubs&#xD;
Test&#xD;
Test&#xD;
Test&#xD;
Player Test1 won trick with Queen of Clubs&#xD;
Test&#xD;
Test&#xD;
Test&#xD;
Player Test1 won trick with Ace of Clubs&#xD;
Test&#xD;
Test&#xD;
Test&#xD;
Test&#xD;
Player Test1 won trick with Queen of Hearts&#xD;
Test&#xD;
Player Test4 won trick with Ace of Diamonds&#xD;
Test&#xD;
Test&#xD;
Player Test1 won trick with Eight of Diamonds&#xD;
Test&#xD;
Player Test2 won trick with Ace of Clubs&#xD;
Test&#xD;
Test&#xD;
Player Test4 won trick with Ace of Hearts&#xD;
Test&#xD;
Test&#xD;
Test&#xD;
Player Test1 won trick with Seven of Diamonds&#xD;
Test&#xD;
Test&#xD;
Player Test1 won trick with Ten of Clubs&#xD;
Test&#xD;
Test&#xD;
Test&#xD;
Player Test1 won trick with Jack of Diamonds&#xD;
Test&#xD;
Test&#xD;
Test&#xD;
Player Test1 won trick with Eight of Diamonds&#xD;
Test&#xD;
Test&#xD;
Player Test3 won trick with Ace of Clubs&#xD;
Test&#xD;
Test&#xD;
Test&#xD;
Test&#xD;
Player Test1 won trick with Five of Hearts&#xD;
Test&#xD;
Test&#xD;
Player Test1 won trick with Ace of Diamonds&#xD;
Test&#xD;
Test&#xD;
Test&#xD;
Test&#xD;
Player Test1 won trick with Seven of Hearts&#xD;
Test&#xD;
Test&#xD;
Test&#xD;
Test&#xD;
Player Test1 won trick with Seven of Hearts&#xD;
Test&#xD;
Test&#xD;
Test&#xD;
Player Test1 won trick with Jack of Diamonds&#xD;
Test&#xD;
Test&#xD;
Test&#xD;
Player Test1 won trick with Eight of Spades&#xD;
Test&#xD;
Test&#xD;
Player Test1 won trick with Ten of Clubs&#xD;
Test&#xD;
Test&#xD;
Test&#xD;
Test&#xD;
Player Test1 won trick with Ten of Hearts&#xD;
Test&#xD;
Test&#xD;
Test&#xD;
Player Test1 won trick with King of Diamonds&#xD;
Test&#xD;
Test&#xD;
Test&#xD;
Player Test1 won trick with Ten of Clubs&#xD;
Test&#xD;
Test&#xD;
Test&#xD;
Player Test1 won trick with King of Clubs&#xD;
Test&#xD;
Test&#xD;
Player Test2 won trick with Ten of Diamonds&#xD;
Test&#xD;
Test&#xD;
Test&#xD;
Player Test1 won trick with Seven of Hearts&#xD;
Test&#xD;
Test&#xD;
Test&#xD;
Player Test1 won trick with Two of Spades&#xD;
Test&#xD;
Test&#xD;
Player Test1 won trick with Eight of Spades&#xD;
Player Test2 won trick with Nine of Spades&#xD;
Test&#xD;
Test&#xD;
Player Test4 won trick with Ace of Diamonds&#xD;
Test&#xD;
Test&#xD;
Player Test1 won trick with Eight of Diamonds&#xD;
Test&#xD;
Test&#xD;
Test&#xD;
Player Test1 won trick with Eight of Clubs&#xD;
Test&#xD;
Test&#xD;
Test&#xD;
Test&#xD;
Player Test1 won trick with Jack of Hearts&#xD;
Test&#xD;
Test&#xD;
Test&#xD;
Test&#xD;
Player Test1 won trick with Jack of Clubs&#xD;
Test&#xD;
Test&#xD;
Test&#xD;
Player Test1 won trick with Four of Hearts&#xD;
Test&#xD;
Test&#xD;
Player Test4 won trick with Nine of Spades&#xD;
Test&#xD;
Test&#xD;
Player Test1 won trick with Six of Spades&#xD;
Test&#xD;
Test&#xD;
Player Test2 won trick with Ten of Diamonds&#xD;
Test&#xD;
Test&#xD;
Player Test4 won trick with King of Hearts&#xD;
Test&#xD;
Test&#xD;
Player Test1 won trick with King of Diamonds&#xD;
Test&#xD;
Test&#xD;
Test&#xD;
Player Test1 won trick with Eight of Clubs&#xD;
Test&#xD;
Test&#xD;
Test&#xD;
Player Test1 won trick with Four of Diamonds&#xD;
Test&#xD;
Test&#xD;
Test&#xD;
Test&#xD;
Player Test1 won trick with King of Spades&#xD;
Test&#xD;
Test&#xD;
Test&#xD;
Player Test1 won trick with Eight of Clubs&#xD;
Test&#xD;
Test&#xD;
Player Test1 won trick with King of Diamonds&#xD;
Test&#xD;
Test&#xD;
Test&#xD;
Player Test1 won trick with Jack of Hearts&#xD;
Test&#xD;
Test&#xD;
Test&#xD;
Player Test4 won trick with Eight of Hearts&#xD;
Test&#xD;
Test&#xD;
Player Test1 won trick with Ten of Spades&#xD;
Test&#xD;
Test&#xD;
Player Test2 won trick with Jack of Spades&#xD;
Test&#xD;
Test&#xD;
Player Test1 won trick with Eight of Clubs&#xD;
Test&#xD;
Test&#xD;
Test&#xD;
Player Test4 won trick with Nine of Hearts&#xD;
Test&#xD;
Test&#xD;
Player Test1 won trick with Eight of Spades&#xD;
Test&#xD;
Test&#xD;
Player Test1 won trick with Queen of Diamonds&#xD;
Test&#xD;
Test&#xD;
Test&#xD;
Test&#xD;
Player Test1 won trick with Ten of Hearts&#xD;
Test&#xD;
Test&#xD;
Player Test1 won trick with King of Diamonds&#xD;
Test&#xD;
Player Test3 won trick with Ten of Clubs&#xD;
Test&#xD;
Test&#xD;
Player Test2 won trick with Queen of Clubs&#xD;
Test&#xD;
Test&#xD;
Test&#xD;
Test&#xD;
Player Test1 won trick with Nine of Hearts&#xD;
Test&#xD;
Test&#xD;
Test&#xD;
Test&#xD;
Player Test1 won trick with Ace of Hearts&#xD;
Test&#xD;
Test&#xD;
Test&#xD;
Test&#xD;
Player Test1 won trick with Three of Hearts&#xD;
Test&#xD;
Test&#xD;
Test&#xD;
Player Test1 won trick with Jack of Hearts&#xD;
Test&#xD;
Test&#xD;
Test&#xD;
Test&#xD;
Player Test1 won trick with Five of Hearts&#xD;
Test&#xD;
Test&#xD;
Player Test1 won trick with Ace of Clubs&#xD;
Test&#xD;
Test&#xD;
Player Test1 won trick with Five of Spades&#xD;
Test&#xD;
Test&#xD;
Test&#xD;
Player Test3 won trick with Ten of Spades&#xD;
Test&#xD;
Test&#xD;
Player Test1 won trick with Nine of Diamonds&#xD;
Test&#xD;
Test&#xD;
Player Test1 won trick with Seven of Diamonds&#xD;
Test&#xD;
Test&#xD;
Test&#xD;
Player Test1 won trick with Queen of Clubs&#xD;
Test&#xD;
Test&#xD;
Test&#xD;
Player Test2 won trick with Seven of Hearts&#xD;
Test&#xD;
Test&#xD;
Test&#xD;
Player Test3 won trick with Nine of Hearts&#xD;
Test&#xD;
Player Test2 won trick with Nine of Diamonds&#xD;
Test&#xD;
Test&#xD;
Test&#xD;
Player Test1 won trick with Seven of Clubs&#xD;
Test&#xD;
Test&#xD;
Player Test1 won trick with Jack of Spades&#xD;
Test&#xD;
Test&#xD;
Test&#xD;
Test&#xD;
Player Test1 won trick with Seven of Hearts&#xD;
Test&#xD;
Test&#xD;
Player Test1 won trick with Eight of Spades&#xD;
Test&#xD;
Test&#xD;
Player Test1 won trick with Seven of Diamonds&#xD;
Test&#xD;
Test&#xD;
Test&#xD;
Test&#xD;
Player Test1 won trick with Four of Hearts&#xD;
Test&#xD;
Test&#xD;
Test&#xD;
Player Test3 won trick with Four of Hearts&#xD;
Test&#xD;
Test&#xD;
Player Test1 won trick with Queen of Spades&#xD;
Test&#xD;
Test&#xD;
Player Test2 won trick with Queen of Clubs&#xD;
Test&#xD;
Test&#xD;
Test&#xD;
Player Test1 won trick with Three of Spades&#xD;
Test&#xD;
Test&#xD;
Test&#xD;
Test&#xD;
Player Test1 won trick with Seven of Hearts&#xD;
Test&#xD;
Test&#xD;
Test&#xD;
Player Test1 won trick with Six of Spades&#xD;
Test&#xD;
Test&#xD;
Player Test3 won trick with Five of Diamonds&#xD;
Test&#xD;
Test&#xD;
Test&#xD;
Player Test1 won trick with Five of Clubs&#xD;
Test&#xD;
Test&#xD;
Test&#xD;
Player Test1 won trick with Eight of Spades&#xD;
Test&#xD;
Test&#xD;
Player Test3 won trick with King of Spades&#xD;
Player Test1 won trick with King of Spades&#xD;
Test&#xD;
Test&#xD;
Player Test4 won trick with Seven of Clubs&#xD;
Test&#xD;
Test&#xD;
Test&#xD;
Test&#xD;
Player Test1 won trick with Eight of Clubs&#xD;
Test&#xD;
Test&#xD;
Test&#xD;
Test&#xD;
Player Test1 won trick with Four of Hearts&#xD;
Test&#xD;
Test&#xD;
Test&#xD;
Player Test1 won trick with Eight of Diamonds&#xD;
Test&#xD;
Test&#xD;
Test&#xD;
Player Test1 won trick with Ace of Spades&#xD;
Test&#xD;
Test&#xD;
Test&#xD;
Player Test1 won trick with Two of Clubs&#xD;
Test&#xD;
Test&#xD;
Player Test1 won trick with Jack of Spades&#xD;
Test&#xD;
Test&#xD;
Test&#xD;
Player Test1 won trick with Two of Spades&#xD;
Test&#xD;
Test&#xD;
Test&#xD;
Test&#xD;
Player Test1 won trick with King of Hearts&#xD;
Test&#xD;
Test&#xD;
Player Test3 won trick with Five of Diamonds&#xD;
Test&#xD;
Test&#xD;
Test&#xD;
Test&#xD;
Player Test1 won trick with Seven of Hearts&#xD;
Test&#xD;
Test&#xD;
Player Test1 won trick with Jack of Clubs&#xD;
Test&#xD;
Test&#xD;
Test&#xD;
Test&#xD;
Player Test1 won trick with Jack of Hearts&#xD;
Test&#xD;
Test&#xD;
Test&#xD;
Test&#xD;
Player Test1 won trick with Jack of Hearts&#xD;
Test&#xD;
Test&#xD;
Player Test1 won trick with Two of Spades&#xD;
Test&#xD;
Test&#xD;
Player Test4 won trick with Queen of Diamonds&#xD;
Test&#xD;
Player Test4 won trick with Eight of Spades&#xD;
Test&#xD;
Test&#xD;
Player Test1 won trick with Four of Diamonds&#xD;
Test&#xD;
Test&#xD;
Test&#xD;
Player Test1 won trick with Jack of Clubs&#xD;
Test&#xD;
Test&#xD;
Test&#xD;
Player Test1 won trick with Three of Clubs&#xD;
Test&#xD;
Test&#xD;
Test&#xD;
Player Test1 won trick with Five of Diamonds&#xD;
Test&#xD;
Test&#xD;
Test&#xD;
Test&#xD;
Player Test1 won trick with Two of Hearts&#xD;
Test&#xD;
Player Test3 won trick with Jack of Clubs&#xD;
Test&#xD;
Player Test2 won trick with King of Spades&#xD;
Test&#xD;
Test&#xD;
Test&#xD;
Player Test1 won trick with Eight of Hearts&#xD;
Player Test4 won trick with Ten of Diamonds&#xD;
Test&#xD;
Test&#xD;
Player Test1 won trick with Ten of Diamonds&#xD;
Test&#xD;
Test&#xD;
Test&#xD;
Player Test1 won trick with Ten of Hearts&#xD;
Test&#xD;
Test&#xD;
Test&#xD;
Player Test1 won trick with King of Clubs&#xD;
Test&#xD;
Test&#xD;
Player Test1 won trick with Two of Clubs&#xD;
Test&#xD;
Test&#xD;
Player Test4 won trick with Nine of Diamonds&#xD;
Test&#xD;
Test&#xD;
Player Test1 won trick with Six of Clubs&#xD;
Test&#xD;
Test&#xD;
Player Test1 won trick with Ten of Spades&#xD;
Test&#xD;
Test&#xD;
Player Test1 won trick with Six of Clubs&#xD;
Test&#xD;
Test&#xD;
Player Test2 won trick with Ace of Spades&#xD;
Test&#xD;
Test&#xD;
Test&#xD;
Player Test1 won trick with Ace of Diamonds&#xD;
Test&#xD;
Test&#xD;
Player Test3 won trick with Seven of Spades&#xD;
Test&#xD;
Test&#xD;
Test&#xD;
Player Test1 won trick with Seven of Hearts&#xD;
Test&#xD;
Test&#xD;
Test&#xD;
Player Test1 won trick with Two of Spades&#xD;
Test&#xD;
Test&#xD;
Player Test1 won trick with Ace of Spades&#xD;
Test&#xD;
Test&#xD;
Player Test1 won trick with Eight of Spades&#xD;
Test&#xD;
Test&#xD;
Test&#xD;
Player Test1 won trick with Jack of Diamonds&#xD;
Test&#xD;
Test&#xD;
Test&#xD;
Player Test1 won trick with Five of Clubs&#xD;
Test&#xD;
Player Test1 won trick with King of Diamonds&#xD;
Test&#xD;
Test&#xD;
Player Test1 won trick with Five of Diamonds&#xD;
Test&#xD;
Test&#xD;
Test&#xD;
Player Test1 won trick with Queen of Hearts&#xD;
Test&#xD;
Test&#xD;
Test&#xD;
Player Test1 won trick with Three of Diamonds&#xD;
Test&#xD;
Player Test3 won trick with King of Spades&#xD;
Test&#xD;
Player Test3 won trick with Queen of Spades&#xD;
Test&#xD;
Test&#xD;
Player Test2 won trick with King of Diamonds&#xD;
Test&#xD;
Test&#xD;
Test&#xD;
Player Test4 won trick with Six of Hearts&#xD;
Test&#xD;
Test&#xD;
Test&#xD;
Player Test2 won trick with Seven of Hearts&#xD;
Test&#xD;
Test&#xD;
Test&#xD;
Player Test1 won trick with Ten of Spades&#xD;
Test&#xD;
Test&#xD;
Player Test1 won trick with Eight of Clubs&#xD;
Test&#xD;
Test&#xD;
Test&#xD;
Player Test1 won trick with King of Diamonds&#xD;
Test&#xD;
Test&#xD;
Test&#xD;
Player Test1 won trick with Ace of Hearts&#xD;
Test&#xD;
Player Test3 won trick with Queen of Diamonds&#xD;
Test&#xD;
Test&#xD;
Test&#xD;
Player Test1 won trick with Ten of Spades&#xD;
Test&#xD;
Test&#xD;
Player Test1 won trick with Eight of Spades&#xD;
Test&#xD;
Test&#xD;
Test&#xD;
Player Test1 won trick with Five of Diamonds&#xD;
Test&#xD;
Test&#xD;
Test&#xD;
Player Test4 won trick with Nine of Hearts&#xD;
Test&#xD;
Test&#xD;
Player Test2 won trick with Nine of Spades&#xD;
Test&#xD;
Test&#xD;
Test&#xD;
Test&#xD;
Player Test1 won trick with Ace of Hearts&#xD;
Test&#xD;
Test&#xD;
Test&#xD;
Player Test1 won trick with Ace of Clubs&#xD;
Test&#xD;
Test&#xD;
Player Test2 won trick with King of Clubs&#xD;
Test&#xD;
Test&#xD;
Test&#xD;
Player Test3 won trick with Seven of Hearts&#xD;
Test&#xD;
Test&#xD;
Player Test3 won trick with Nine of Diamonds&#xD;
Test&#xD;
Test&#xD;
Player Test1 won trick with Ten of Clubs&#xD;
Test&#xD;
Test&#xD;
Player Test1 won trick with Queen of Spades&#xD;
Test&#xD;
Test&#xD;
Test&#xD;
Player Test3 won trick with Ace of Spades&#xD;
Test&#xD;
Player Test2 won trick with Queen of Spades&#xD;
Test&#xD;
Test&#xD;
Test&#xD;
Player Test1 won trick with Four of Diamonds&#xD;
Test&#xD;
Test&#xD;
Player Test2 won trick with Ten of Diamonds&#xD;
Test&#xD;
Test&#xD;
Test&#xD;
Player Test4 won trick with King of Hearts&#xD;
Test&#xD;
Player Test2 won trick with Queen of Spades&#xD;
Test&#xD;
Test&#xD;
Player Test1 won trick with Seven of Diamonds&#xD;
Test&#xD;
Test&#xD;
Test&#xD;
Player Test1 won trick with Ace of Hearts&#xD;
Test&#xD;
Test&#xD;
Test&#xD;
Player Test1 won trick with Ace of Spades&#xD;
Test&#xD;
Test&#xD;
Player Test4 won trick with Jack of Clubs&#xD;
Test&#xD;
Test&#xD;
Player Test1 won trick with Ace of Diamonds&#xD;
Test&#xD;
Test&#xD;
Player Test1 won trick with Seven of Diamonds&#xD;
Test&#xD;
Test&#xD;
Test&#xD;
Test&#xD;
Player Test1 won trick with Seven of Hearts&#xD;
Test&#xD;
Test&#xD;
Player Test3 won trick with Nine of Hearts&#xD;
Test&#xD;
Test&#xD;
Player Test1 won trick with Ten of Diamonds&#xD;
Test&#xD;
Test&#xD;
Player Test1 won trick with Queen of Spades&#xD;
Test&#xD;
Test&#xD;
Test&#xD;
Player Test1 won trick with Four of Diamonds&#xD;
Test&#xD;
Player Test1 won trick with Queen of Clubs&#xD;
Test&#xD;
Test&#xD;
Test&#xD;
Player Test1 won trick with Two of Clubs&#xD;
Test&#xD;
Test&#xD;
Test&#xD;
Test&#xD;
Player Test1 won trick with King of Diamonds&#xD;
Test&#xD;
Test&#xD;
Player Test3 won trick with Nine of Diamonds&#xD;
Test&#xD;
Test&#xD;
Test&#xD;
Player Test1 won trick with Two of Clubs&#xD;
Test&#xD;
Player Test2 won trick with Ace of Hearts&#xD;
Test&#xD;
Test&#xD;
Player Test3 won trick with Nine of Spades&#xD;
Test&#xD;
Test&#xD;
Player Test4 won trick with Jack of Diamonds&#xD;
Test&#xD;
Test&#xD;
Test&#xD;
Player Test1 won trick with Two of Diamonds&#xD;
Test&#xD;
Test&#xD;
Player Test4 won trick with Queen of Spades&#xD;
Test&#xD;
Test&#xD;
Test&#xD;
Player Test4 won trick with Ten of Hearts&#xD;
Test&#xD;
Test&#xD;
Test&#xD;
Test&#xD;
Player Test1 won trick with Ten of Hearts&#xD;
Test&#xD;
Test&#xD;
Player Test1 won trick with King of Diamonds&#xD;
Test&#xD;
Test&#xD;
Test&#xD;
Test&#xD;
Player Test1 won trick with Nine of Hearts&#xD;
Test&#xD;
Test&#xD;
Player Test1 won trick with King of Clubs&#xD;
Test&#xD;
Test&#xD;
Test&#xD;
Player Test1 won trick with Six of Spades&#xD;
Test&#xD;
Test&#xD;
Test&#xD;
Player Test2 won trick with Eight of Hearts&#xD;
Test&#xD;
Test&#xD;
Player Test1 won trick with Jack of Hearts&#xD;
Test&#xD;
Test&#xD;
Player Test1 won trick with Jack of Clubs&#xD;
Test&#xD;
Test&#xD;
Test&#xD;
Test&#xD;
Player Test1 won trick with Four of Hearts&#xD;
Test&#xD;
Player Test3 won trick with Ace of Diamonds&#xD;
Test&#xD;
Test&#xD;
Test&#xD;
Player Test4 won trick with King of Hearts&#xD;
Test&#xD;
Player Test4 won trick with Ten of Spades&#xD;
Test&#xD;
Test&#xD;
Test&#xD;
Test&#xD;
Player Test1 won trick with Two of Hearts&#xD;
Test&#xD;
Test&#xD;
Player Test4 won trick with Eight of Diamonds&#xD;
Test&#xD;
Test&#xD;
Player Test3 won trick with King of Diamonds&#xD;
Test&#xD;
Player Test2 won trick with King of Clubs&#xD;
Test&#xD;
Test&#xD;
Player Test1 won trick with Ten of Hearts&#xD;
Test&#xD;
Test&#xD;
Test&#xD;
Test&#xD;
Player Test1 won trick with Seven of Hearts&#xD;
Test&#xD;
Test&#xD;
Player Test4 won trick with Six of Clubs&#xD;
Test&#xD;
Test&#xD;
Test&#xD;
Player Test1 won trick with Ace of Diamonds&#xD;
Test&#xD;
Test&#xD;
Player Test3 won trick with Seven of Hearts&#xD;
Test&#xD;
Test&#xD;
Test&#xD;
Player Test1 won trick with Four of Diamonds&#xD;
Test&#xD;
Player Test4 won trick with Ace of Clubs&#xD;
Test&#xD;
Test&#xD;
Test&#xD;
Test&#xD;
Player Test1 won trick with Eight of Hearts&#xD;
Test&#xD;
Test&#xD;
Player Test2 won trick with Ace of Diamonds&#xD;
Test&#xD;
Test&#xD;
Player Test1 won trick with Five of Spades&#xD;
Test&#xD;
Test&#xD;
Player Test1 won trick with Five of Clubs&#xD;
Test&#xD;
Test&#xD;
Player Test4 won trick with Ten of Clubs&#xD;
Test&#xD;
Test&#xD;
Test&#xD;
Player Test4 won trick with Queen of Hearts&#xD;
Test&#xD;
Test&#xD;
Test&#xD;
Test&#xD;
Player Test1 won trick with Six of Hearts&#xD;
Test&#xD;
Test&#xD;
Test&#xD;
Player Test1 won trick with Queen of Hearts&#xD;
Test&#xD;
Test&#xD;
Test&#xD;
Player Test1 won trick with Ten of Spades&#xD;
Test&#xD;
Test&#xD;
Test&#xD;
Player Test2 won trick with Ace of Hearts&#xD;
Test&#xD;
Test&#xD;
Test&#xD;
Player Test1 won trick with Nine of Diamonds&#xD;
Test&#xD;
Test&#xD;
Player Test1 won trick with Nine of Spades&#xD;
Test&#xD;
Test&#xD;
Player Test1 won trick with Ten of Clubs&#xD;
Test&#xD;
Test&#xD;
Player Test1 won trick with Eight of Spades&#xD;
Test&#xD;
Test&#xD;
Test&#xD;
Player Test1 won trick with Four of Diamonds&#xD;
Test&#xD;
Test&#xD;
Player Test1 won trick with Ace of Clubs&#xD;
Test&#xD;
Test&#xD;
Player Test1 won trick with Eight of Diamonds&#xD;
Test&#xD;
Test&#xD;
Test&#xD;
Player Test1 won trick with Nine of Clubs&#xD;
Test&#xD;
Test&#xD;
Test&#xD;
Player Test3 won trick with King of Hearts&#xD;
Test&#xD;
Test&#xD;
Test&#xD;
Player Test1 won trick with Jack of Spades&#xD;
Test&#xD;
Test&#xD;
Test&#xD;
Player Test1 won trick with Seven of Clubs&#xD;
Test&#xD;
Test&#xD;
Test&#xD;
Test&#xD;
Player Test1 won trick with Nine of Hearts&#xD;
Test&#xD;
Test&#xD;
Player Test3 won trick with Queen of Diamonds&#xD;
Test&#xD;
Test&#xD;
Test&#xD;
Player Test1 won trick with Seven of Spades&#xD;
Test&#xD;
Test&#xD;
Test&#xD;
Player Test1 won trick with Three of Spades&#xD;
Test&#xD;
Test&#xD;
Test&#xD;
Player Test1 won trick with Queen of Diamonds&#xD;
Test&#xD;
Test&#xD;
Test&#xD;
Player Test1 won trick with Five of Spades&#xD;
Test&#xD;
Test&#xD;
Player Test2 won trick with Three of Spades&#xD;
Test&#xD;
Player Test4 won trick with Nine of Diamonds&#xD;
Test&#xD;
Test&#xD;
Test&#xD;
Player Test1 won trick with Ten of Spades&#xD;
Test&#xD;
Test&#xD;
Test&#xD;
Test&#xD;
Player Test1 won trick with King of Hearts&#xD;
Test&#xD;
Test&#xD;
Test&#xD;
Player Test1 won trick with Seven of Clubs&#xD;
Test&#xD;
Test&#xD;
Player Test4 won trick with King of Hearts&#xD;
Test&#xD;
Test&#xD;
Test&#xD;
Player Test1 won trick with Seven of Spades&#xD;
Test&#xD;
Test&#xD;
Test&#xD;
Player Test1 won trick with Two of Hearts&#xD;
Test&#xD;
Test&#xD;
Player Test3 won trick with Nine of Diamonds&#xD;
Test&#xD;
Test&#xD;
Player Test1 won trick with Six of Clubs&#xD;
Test&#xD;
Test&#xD;
Player Test1 won trick with Nine of Diamonds&#xD;
Test&#xD;
Test&#xD;
Test&#xD;
Player Test1 won trick with Eight of Diamonds&#xD;
Test&#xD;
Test&#xD;
Test&#xD;
Player Test1 won trick with Eight of Spades&#xD;
Test&#xD;
Test&#xD;
Player Test1 won trick with Seven of Spades&#xD;
Test&#xD;
Test&#xD;
Test&#xD;
Player Test1 won trick with King of Clubs&#xD;
Test&#xD;
Test&#xD;
Test&#xD;
Test&#xD;
Player Test1 won trick with Five of Hearts&#xD;
Test&#xD;
Player Test2 won trick with King of Diamonds&#xD;
Test&#xD;
Test&#xD;
Test&#xD;
Player Test1 won trick with Eight of Clubs&#xD;
Test&#xD;
Test&#xD;
Test&#xD;
Player Test4 won trick with King of Clubs&#xD;
Test&#xD;
Test&#xD;
Player Test1 won trick with Two of Diamonds&#xD;
Test&#xD;
Test&#xD;
Player Test3 won trick with Jack of Hearts&#xD;
Test&#xD;
Test&#xD;
Test&#xD;
Player Test4 won trick with Six of Diamonds&#xD;
Test&#xD;
Test&#xD;
Player Test3 won trick with Ten of Spades&#xD;
Test&#xD;
Test&#xD;
Player Test3 won trick with Jack of Diamonds&#xD;
Test&#xD;
Test&#xD;
Test&#xD;
Player Test1 won trick with Four of Clubs&#xD;
Test&#xD;
Test&#xD;
Test&#xD;
Player Test1 won trick with Six of Diamonds&#xD;
Test&#xD;
Test&#xD;
Player Test2 won trick with Queen of Spades&#xD;
Test&#xD;
Test&#xD;
Player Test4 won trick with King of Clubs&#xD;
Test&#xD;
Test&#xD;
Test&#xD;
Player Test1 won trick with Ace of Clubs&#xD;
Test&#xD;
Test&#xD;
Test&#xD;
Player Test1 won trick with Ten of Spades&#xD;
Test&#xD;
Test&#xD;
Test&#xD;
Test&#xD;
Player Test1 won trick with Four of Spades&#xD;
Test&#xD;
Test&#xD;
Test&#xD;
Player Test2 won trick with Seven of Hearts&#xD;
Test&#xD;
Test&#xD;
Player Test4 won trick with Queen of Spades&#xD;
Test&#xD;
Test&#xD;
Test&#xD;
Player Test1 won trick with Ten of Diamonds&#xD;
Test&#xD;
Test&#xD;
Test&#xD;
Player Test1 won trick with Queen of Clubs&#xD;
Test&#xD;
Test&#xD;
Player Test1 won trick with Seven of Spades&#xD;
Test&#xD;
Test&#xD;
Player Test4 won trick with Nine of Clubs&#xD;
Test&#xD;
Test&#xD;
Test&#xD;
Player Test1 won trick with Three of Clubs&#xD;
Test&#xD;
Test&#xD;
Player Test1 won trick with Queen of Diamonds&#xD;
Test&#xD;
Test&#xD;
Player Test1 won trick with Queen of Spades&#xD;
Test&#xD;
Player Test3 won trick with Ace of Clubs&#xD;
Test&#xD;
Player Test4 won trick with Queen of Spades&#xD;
Test&#xD;
Test&#xD;
Test&#xD;
Player Test3 won trick with Nine of Hearts&#xD;
Test&#xD;
Test&#xD;
Test&#xD;
Player Test1 won trick with Eight of Spades&#xD;
Test&#xD;
Test&#xD;
Player Test3 won trick with Ace of Diamonds&#xD;
Test&#xD;
Test&#xD;
Test&#xD;
Player Test1 won trick with Three of Diamonds&#xD;
Test&#xD;
Test&#xD;
Player Test4 won trick with King of Diamonds&#xD;
Test&#xD;
Test&#xD;
Test&#xD;
Test&#xD;
Player Test1 won trick with Nine of Hearts&#xD;
Test&#xD;
Test&#xD;
Player Test3 won trick with Queen of Diamonds&#xD;
Test&#xD;
Test&#xD;
Player Test4 won trick with Ten of Clubs&#xD;
Test&#xD;
Test&#xD;
Test&#xD;
Test&#xD;
Player Test1 won trick with Nine of Hearts&#xD;
Test&#xD;
Test&#xD;
Player Test4 won trick with Nine of Diamonds&#xD;
Test&#xD;
Player Test1 won trick with Jack of Diamonds&#xD;
Test&#xD;
Player Test1 won trick with Jack of Clubs&#xD;
Test&#xD;
Test&#xD;
Test&#xD;
Player Test1 won trick with Ten of Clubs&#xD;
Test&#xD;
Test&#xD;
Player Test2 won trick with King of Clubs&#xD;
Test&#xD;
Test&#xD;
Player Test2 won trick with Six of Spades&#xD;
Test&#xD;
Test&#xD;
Player Test1 won trick with King of Spades&#xD;
Test&#xD;
Test&#xD;
Player Test3 won trick with Five of Spades&#xD;
Test&#xD;
Test&#xD;
Player Test1 won trick with Queen of Clubs&#xD;
Test&#xD;
Test&#xD;
Player Test4 won trick with Ace of Hearts&#xD;
Test&#xD;
Test&#xD;
Player Test3 won trick with Seven of Spades&#xD;
Test&#xD;
Test&#xD;
Test&#xD;
Test&#xD;
Player Test1 won trick with Five of Hearts&#xD;
Test&#xD;
Test&#xD;
Test&#xD;
Test&#xD;
Player Test1 won trick with Two of Hearts&#xD;
Test&#xD;
Player Test1 won trick with Six of Spades&#xD;
Test&#xD;
Test&#xD;
Player Test4 won trick with King of Clubs&#xD;
Test&#xD;
Player Test2 won trick with Jack of Clubs&#xD;
Test&#xD;
Player Test3 won trick with Eight of Spades&#xD;
Test&#xD;
Test&#xD;
Test&#xD;
Player Test1 won trick with Nine of Spades&#xD;
Test&#xD;
Test&#xD;
Player Test1 won trick with Five of Spades&#xD;
Test&#xD;
Player Test3 won trick with Ace of Clubs&#xD;
Test&#xD;
Test&#xD;
Test&#xD;
Test&#xD;
Player Test1 won trick with Two of Hearts&#xD;
Test&#xD;
Test&#xD;
Test&#xD;
Test&#xD;
Player Test1 won trick with Nine of Hearts&#xD;
Test&#xD;
Test&#xD;
Test&#xD;
Player Test1 won trick with Eight of Diamonds&#xD;
Test&#xD;
Test&#xD;
Test&#xD;
Player Test4 won trick with Queen of Hearts&#xD;
Test&#xD;
Test&#xD;
Player Test4 won trick with Jack of Clubs&#xD;
Test&#xD;
Test&#xD;
Test&#xD;
Player Test1 won trick with Ace of Diamonds&#xD;
Test&#xD;
Test&#xD;
Test&#xD;
Player Test2 won trick with King of Hearts&#xD;
Test&#xD;
Test&#xD;
Test&#xD;
Player Test1 won trick with Four of Hearts&#xD;
Test&#xD;
Test&#xD;
Test&#xD;
Player Test1 won trick with Ten of Spades&#xD;
Test&#xD;
Test&#xD;
Test&#xD;
Test&#xD;
Player Test1 won trick with Nine of Hearts&#xD;
Test&#xD;
Test&#xD;
Test&#xD;
Player Test1 won trick with King of Hearts&#xD;
Test&#xD;
Test&#xD;
Test&#xD;
Player Test4 won trick with Queen of Hearts&#xD;
Test&#xD;
Test&#xD;
Test&#xD;
Player Test4 won trick with Queen of Hearts&#xD;
Test&#xD;
Test&#xD;
Test&#xD;
Player Test1 won trick with Ten of Hearts&#xD;
Test&#xD;
Test&#xD;
Test&#xD;
Test&#xD;
Player Test1 won trick with Three of Hearts&#xD;
Test&#xD;
Test&#xD;
Test&#xD;
Test&#xD;
Player Test1 won trick with King of Hearts&#xD;
Test&#xD;
Test&#xD;
Player Test4 won trick with Five of Diamonds&#xD;
Test&#xD;
Test&#xD;
Test&#xD;
Player Test1 won trick with Five of Hearts&#xD;
Test&#xD;
Test&#xD;
Player Test1 won trick with Ace of Spades&#xD;
Test&#xD;
Test&#xD;
Test&#xD;
Test&#xD;
Player Test1 won trick with Four of Spades&#xD;
Test&#xD;
Test&#xD;
Test&#xD;
Test&#xD;
Player Test1 won trick with Eight of Diamonds&#xD;
Test&#xD;
Test&#xD;
Test&#xD;
Player Test1 won trick with Five of Clubs&#xD;
Test&#xD;
Test&#xD;
Player Test2 won trick with Ace of Hearts&#xD;
Test&#xD;
Test&#xD;
Test&#xD;
Player Test1 won trick with Five of Clubs&#xD;
Test&#xD;
Player Test3 won trick with Ace of Spades&#xD;
Test&#xD;
Test&#xD;
Player Test3 won trick with Jack of Clubs&#xD;
Test&#xD;
Test&#xD;
Test&#xD;
Player Test1 won trick with Ten of Spades&#xD;
Test&#xD;
Test&#xD;
Test&#xD;
Player Test1 won trick with Five of Diamonds&#xD;
Test&#xD;
Test&#xD;
Player Test1 won trick with Six of Clubs&#xD;
Test&#xD;
Test&#xD;
Player Test1 won trick with King of Clubs&#xD;
Test&#xD;
Test&#xD;
Test&#xD;
Test&#xD;
Player Test1 won trick with Four of Hearts&#xD;
Test&#xD;
Test&#xD;
Test&#xD;
Test&#xD;
Player Test1 won trick with Five of Hearts&#xD;
Test&#xD;
Test&#xD;
Player Test2 won trick with Queen of Diamonds&#xD;
Test&#xD;
Test&#xD;
Player Test1 won trick with Eight of Clubs&#xD;
Test&#xD;
Player Test1 won trick with Jack of Spades&#xD;
Test&#xD;
Test&#xD;
Test&#xD;
Test&#xD;
Player Test1 won trick with Five of Hearts&#xD;
Test&#xD;
Test&#xD;
Test&#xD;
Player Test1 won trick with Jack of Diamonds&#xD;
Test&#xD;
Test&#xD;
Test&#xD;
Player Test1 won trick with Jack of Diamonds&#xD;
Test&#xD;
Test&#xD;
Test&#xD;
Player Test1 won trick with Five of Clubs&#xD;
Test&#xD;
Test&#xD;
Test&#xD;
Player Test1 won trick with Ten of Diamonds&#xD;
Test&#xD;
Test&#xD;
Test&#xD;
Player Test1 won trick with Jack of Hearts&#xD;
Test&#xD;
Test&#xD;
Test&#xD;
Player Test1 won trick with Eight of Spades&#xD;
Test&#xD;
Test&#xD;
Test&#xD;
Player Test1 won trick with Four of Diamonds&#xD;
Test&#xD;
Test&#xD;
Player Test2 won trick with Six of Hearts&#xD;
Test&#xD;
Player Test3 won trick with Ace of Clubs&#xD;
Test&#xD;
Test&#xD;
Test&#xD;
Player Test1 won trick with Ace of Clubs&#xD;
Test&#xD;
Test&#xD;
Test&#xD;
Test&#xD;
Player Test1 won trick with Ten of Hearts&#xD;
Test&#xD;
Test&#xD;
Test&#xD;
Player Test1 won trick with Five of Clubs&#xD;
Test&#xD;
Player Test1 won trick with Five of Clubs&#xD;
Test&#xD;
Test&#xD;
Test&#xD;
Player Test1 won trick with King of Clubs&#xD;
Test&#xD;
Test&#xD;
Player Test1 won trick with Queen of Spades&#xD;
Test&#xD;
Player Test1 won trick with King of Spades&#xD;
Test&#xD;
Test&#xD;
Player Test2 won trick with Jack of Diamonds&#xD;
Test&#xD;
Test&#xD;
Test&#xD;
Player Test1 won trick with Seven of Hearts&#xD;
Test&#xD;
Test&#xD;
Test&#xD;
Player Test4 won trick with Jack of Hearts&#xD;
Test&#xD;
Test&#xD;
Test&#xD;
Player Test1 won trick with Two of Spades&#xD;
Test&#xD;
Test&#xD;
Player Test1 won trick with King of Hearts&#xD;
Test&#xD;
Test&#xD;
Player Test2 won trick with Seven of Diamonds&#xD;
Test&#xD;
Test&#xD;
Player Test2 won trick with Ace of Hearts&#xD;
Test&#xD;
Test&#xD;
Test&#xD;
Player Test3 won trick with Nine of Hearts&#xD;
Test&#xD;
Test&#xD;
Test&#xD;
Player Test1 won trick with Jack of Spades&#xD;
Test&#xD;
Test&#xD;
Player Test2 won trick with Jack of Diamonds&#xD;
Test&#xD;
Test&#xD;
Test&#xD;
Test&#xD;
Player Test1 won trick with Eight of Hearts&#xD;
Test&#xD;
Test&#xD;
Test&#xD;
Player Test2 won trick with Ten of Hearts&#xD;
Test&#xD;
Test&#xD;
Test&#xD;
Test&#xD;
Player Test1 won trick with Three of Hearts&#xD;
Test&#xD;
Test&#xD;
Player Test3 won trick with Queen of Diamonds&#xD;
Test&#xD;
Test&#xD;
Player Test1 won trick with Nine of Spades&#xD;
Test&#xD;
Test&#xD;
Test&#xD;
Test&#xD;
Player Test1 won trick with King of Clubs&#xD;
Test&#xD;
Test&#xD;
Player Test3 won trick with Seven of Spades&#xD;
Test&#xD;
Test&#xD;
Player Test1 won trick with Queen of Clubs&#xD;
Test&#xD;
Test&#xD;
Player Test2 won trick with King of Spades&#xD;
Test&#xD;
Test&#xD;
Player Test1 won trick with Ten of Clubs&#xD;
Test&#xD;
Test&#xD;
Test&#xD;
Player Test1 won trick with Jack of Spades&#xD;
Test&#xD;
Test&#xD;
Test&#xD;
Player Test1 won trick with Seven of Clubs&#xD;
Test&#xD;
Test&#xD;
Test&#xD;
Test&#xD;
Player Test1 won trick with Ace of Hearts&#xD;
Test&#xD;
Test&#xD;
Test&#xD;
Player Test4 won trick with Jack of Hearts&#xD;
Test&#xD;
Test&#xD;
Player Test3 won trick with Eight of Clubs&#xD;
Test&#xD;
Test&#xD;
Test&#xD;
Test&#xD;
Player Test1 won trick with Seven of Diamonds&#xD;
Test&#xD;
Player Test3 won trick with Four of Diamonds&#xD;
Test&#xD;
Test&#xD;
Test&#xD;
Player Test1 won trick with Ace of Diamonds&#xD;
Test&#xD;
Test&#xD;
Player Test4 won trick with Six of Diamonds&#xD;
Test&#xD;
Test&#xD;
Player Test3 won trick with Queen of Spades&#xD;
Test&#xD;
Test&#xD;
Player Test1 won trick with Ten of Spades&#xD;
Test&#xD;
Test&#xD;
Player Test1 won trick with Ten of Diamonds&#xD;
Test&#xD;
Test&#xD;
Test&#xD;
Player Test1 won trick with Nine of Diamonds&#xD;
Test&#xD;
Test&#xD;
Test&#xD;
Player Test1 won trick with Five of Diamonds&#xD;
Test&#xD;
Test&#xD;
Test&#xD;
Test&#xD;
Player Test1 won trick with Ace of Hearts&#xD;
Test&#xD;
Player Test2 won trick with Queen of Clubs&#xD;
Test&#xD;
Test&#xD;
Test&#xD;
Player Test1 won trick with Nine of Hearts&#xD;
Test&#xD;
Test&#xD;
Player Test3 won trick with Three of Diamonds&#xD;
Test&#xD;
Test&#xD;
Player Test1 won trick with Nine of Hearts&#xD;
Test&#xD;
Test&#xD;
Player Test3 won trick with Ten of Diamonds&#xD;
Test&#xD;
Test&#xD;
Test&#xD;
Player Test1 won trick with Five of Spades&#xD;
Test&#xD;
Player Test1 won trick with King of Clubs&#xD;
Test&#xD;
Test&#xD;
Test&#xD;
Player Test1 won trick with Three of Clubs&#xD;
Test&#xD;
Test&#xD;
Player Test2 won trick with Ace of Spades&#xD;
Test&#xD;
Test&#xD;
Test&#xD;
Player Test1 won trick with Queen of Spades&#xD;
Test&#xD;
Test&#xD;
Test&#xD;
Player Test1 won trick with Seven of Diamonds&#xD;
Test&#xD;
Test&#xD;
Test&#xD;
Player Test1 won trick with Queen of Spades&#xD;
Test&#xD;
Test&#xD;
Player Test2 won trick with Ace of Clubs&#xD;
Test&#xD;
Test&#xD;
Player Test1 won trick with King of Spades&#xD;
Test&#xD;
Player Test1 won trick with Nine of Diamonds&#xD;
Test&#xD;
Test&#xD;
Test&#xD;
Test&#xD;
Player Test1 won trick with Five of Diamonds&#xD;
Test&#xD;
Player Test4 won trick with Queen of Clubs&#xD;
Test&#xD;
Test&#xD;
Test&#xD;
Player Test1 won trick with Ten of Diamonds&#xD;
Test&#xD;
Player Test3 won trick with Ace of Spades&#xD;
Test&#xD;
Test&#xD;
Player Test1 won trick with Five of Clubs&#xD;
Test&#xD;
Test&#xD;
Player Test4 won trick with Eight of Diamonds&#xD;
Test&#xD;
Test&#xD;
Player Test1 won trick with King of Clubs&#xD;
Test&#xD;
Test&#xD;
Player Test3 won trick with King of Spades&#xD;
Test&#xD;
Test&#xD;
Test&#xD;
Player Test1 won trick with Queen of Diamonds&#xD;
Test&#xD;
Test&#xD;
Test&#xD;
Player Test1 won trick with Four of Hearts&#xD;
Test&#xD;
Test&#xD;
Player Test3 won trick with Five of Diamonds&#xD;
Test&#xD;
Test&#xD;
Player Test3 won trick with Ten of Spades&#xD;
Test&#xD;
Player Test4 won trick with Eight of Diamonds&#xD;
Test&#xD;
Test&#xD;
Test&#xD;
Player Test1 won trick with Eight of Spades&#xD;
Test&#xD;
Test&#xD;
Test&#xD;
Player Test2 won trick with Ace of Diamonds&#xD;
Test&#xD;
Player Test2 won trick with Ten of Diamonds&#xD;
Test&#xD;
Test&#xD;
Player Test1 won trick with Jack of Clubs&#xD;
Test&#xD;
Test&#xD;
Test&#xD;
Test&#xD;
Player Test1 won trick with Six of Hearts&#xD;
Test&#xD;
Test&#xD;
Player Test1 won trick with Four of Spades&#xD;
Test&#xD;
Test&#xD;
Player Test1 won trick with Ten of Clubs&#xD;
Test&#xD;
Test&#xD;
Test&#xD;
Player Test1 won trick with Four of Spades&#xD;
Test&#xD;
Test&#xD;
Test&#xD;
Test&#xD;
Player Test1 won trick with Ace of Hearts&#xD;
Test&#xD;
Test&#xD;
Player Test1 won trick with Ace of Clubs&#xD;
Test&#xD;
Test&#xD;
Player Test1 won trick with King of Clubs&#xD;
Test&#xD;
Test&#xD;
Test&#xD;
Test&#xD;
Player Test1 won trick with Queen of Hearts&#xD;
Test&#xD;
Test&#xD;
Player Test4 won trick with Ace of Clubs&#xD;
Test&#xD;
Test&#xD;
Test&#xD;
Player Test1 won trick with Eight of Diamonds&#xD;
Test&#xD;
Test&#xD;
Test&#xD;
Player Test1 won trick with Jack of Diamonds&#xD;
Test&#xD;
Test&#xD;
Test&#xD;
Test&#xD;
Player Test1 won trick with Queen of Hearts&#xD;
Test&#xD;
Player Test1 won trick with Eight of Clubs&#xD;
Test&#xD;
Test&#xD;
Test&#xD;
Player Test1 won trick with Ten of Hearts&#xD;
Test&#xD;
Test&#xD;
Test&#xD;
Player Test1 won trick with Nine of Spades&#xD;
Test&#xD;
Test&#xD;
Player Test1 won trick with Ace of Diamonds&#xD;
Test&#xD;
Test&#xD;
Player Test2 won trick with Ace of Spades&#xD;
Test&#xD;
Player Test1 won trick with Ace of Clubs&#xD;
Test&#xD;
Test&#xD;
Player Test1 won trick with Queen of Spades&#xD;
Test&#xD;
Test&#xD;
Test&#xD;
Test&#xD;
Player Test1 won trick with Three of Hearts&#xD;
Player Test1 won trick with Queen of Diamonds&#xD;
Test&#xD;
Test&#xD;
Player Test1 won trick with King of Diamonds&#xD;
Test&#xD;
Test&#xD;
Test&#xD;
Player Test1 won trick with Ten of Hearts&#xD;
Test&#xD;
Test&#xD;
Player Test4 won trick with Ace of Diamonds&#xD;
Test&#xD;
Test&#xD;
Test&#xD;
Player Test3 won trick with Jack of Hearts&#xD;
Test&#xD;
Player Test1 won trick with King of Clubs&#xD;
Test&#xD;
Test&#xD;
Test&#xD;
Test&#xD;
Player Test1 won trick with King of Diamonds&#xD;
Test&#xD;
Test&#xD;
Test&#xD;
Test&#xD;
Player Test1 won trick with Queen of Diamonds&#xD;
Test&#xD;
Test&#xD;
Test&#xD;
Player Test1 won trick with Ten of Diamonds&#xD;
Test&#xD;
Test&#xD;
Player Test3 won trick with Queen of Spades&#xD;
Test&#xD;
Test&#xD;
Player Test1 won trick with Nine of Clubs&#xD;
Test&#xD;
Test&#xD;
Test&#xD;
Player Test1 won trick with Two of Clubs&#xD;
Test&#xD;
Player Test1 won trick with Ten of Hearts&#xD;
Test&#xD;
Player Test4 won trick with Queen of Diamonds&#xD;
Test&#xD;
Player Test2 won trick with Ten of Spades&#xD;
Test&#xD;
Test&#xD;
Player Test4 won trick with King of Clubs&#xD;
Test&#xD;
Test&#xD;
Test&#xD;
Test&#xD;
Player Test1 won trick with Ten of Hearts&#xD;
Test&#xD;
Test&#xD;
Player Test4 won trick with Ten of Spades&#xD;
Test&#xD;
Test&#xD;
Test&#xD;
Player Test1 won trick with Nine of Spades&#xD;
Test&#xD;
Test&#xD;
Test&#xD;
Test&#xD;
Player Test1 won trick with Six of Hearts&#xD;
Test&#xD;
Test&#xD;
Test&#xD;
Player Test1 won trick with Jack of Spades&#xD;
Test&#xD;
Test&#xD;
Player Test3 won trick with Eight of Diamonds&#xD;
Test&#xD;
Test&#xD;
Player Test1 won trick with Eight of Diamonds&#xD;
Test&#xD;
Test&#xD;
Player Test1 won trick with Eight of Spades&#xD;
Test&#xD;
Test&#xD;
Test&#xD;
Test&#xD;
Player Test1 won trick with Seven of Diamonds&#xD;
Test&#xD;
Test&#xD;
Test&#xD;
Player Test1 won trick with Eight of Spades&#xD;
Test&#xD;
Test&#xD;
Test&#xD;
Player Test1 won trick with Jack of Hearts&#xD;
Test&#xD;
Test&#xD;
Test&#xD;
Player Test1 won trick with Eight of Spades&#xD;
Test&#xD;
Test&#xD;
Test&#xD;
Player Test1 won trick with Ace of Clubs&#xD;
Test&#xD;
Test&#xD;
Player Test3 won trick with Three of Clubs&#xD;
Test&#xD;
Test&#xD;
Test&#xD;
Test&#xD;
Player Test1 won trick with Three of Hearts&#xD;
Test&#xD;
Test&#xD;
Test&#xD;
Player Test1 won trick with Queen of Clubs&#xD;
Test&#xD;
Test&#xD;
Test&#xD;
Test&#xD;
Player Test1 won trick with Seven of Diamonds&#xD;
Test&#xD;
Test&#xD;
Test&#xD;
Player Test1 won trick with Seven of Spades&#xD;
Test&#xD;
Test&#xD;
Test&#xD;
Test&#xD;
Player Test1 won trick with Ace of Hearts&#xD;
Test&#xD;
Test&#xD;
Player Test1 won trick with Queen of Clubs&#xD;
Test&#xD;
Test&#xD;
Player Test2 won trick with Queen of Diamonds&#xD;
Test&#xD;
Test&#xD;
Test&#xD;
Player Test1 won trick with Three of Spades&#xD;
Test&#xD;
Test&#xD;
Player Test1 won trick with Queen of Spades&#xD;
Test&#xD;
Test&#xD;
Player Test3 won trick with Nine of Diamonds&#xD;
Test&#xD;
Test&#xD;
Test&#xD;
Player Test1 won trick with Ace of Spades&#xD;
Test&#xD;
Test&#xD;
Player Test3 won trick with Queen of Spades&#xD;
Test&#xD;
Test&#xD;
Test&#xD;
Test&#xD;
Player Test1 won trick with Queen of Hearts&#xD;
Test&#xD;
Test&#xD;
Player Test1 won trick with Queen of Clubs&#xD;
Test&#xD;
Test&#xD;
Player Test3 won trick with King of Clubs&#xD;
Test&#xD;
Player Test2 won trick with Eight of Clubs&#xD;
Test&#xD;
Test&#xD;
Player Test2 won trick with Ace of Clubs&#xD;
Test&#xD;
Test&#xD;
Player Test1 won trick with King of Diamonds&#xD;
Test&#xD;
Test&#xD;
Player Test2 won trick with Queen of Spades&#xD;
Test&#xD;
Test&#xD;
Test&#xD;
Player Test1 won trick with Nine of Diamonds&#xD;
Test&#xD;
Player Test1 won trick with Nine of Diamonds&#xD;
Test&#xD;
Test&#xD;
Test&#xD;
Player Test1 won trick with Six of Diamonds&#xD;
Test&#xD;
Test&#xD;
Test&#xD;
Player Test1 won trick with Nine of Spades&#xD;
Test&#xD;
Test&#xD;
Test&#xD;
Test&#xD;
Player Test1 won trick with Eight of Hearts&#xD;
Test&#xD;
Test&#xD;
Test&#xD;
Player Test1 won trick with Ace of Diamonds&#xD;
Test&#xD;
Test&#xD;
Test&#xD;
Player Test1 won trick with Seven of Diamonds&#xD;
Test&#xD;
Test&#xD;
Test&#xD;
Test&#xD;
Player Test1 won trick with Jack of Hearts&#xD;
Test&#xD;
Test&#xD;
Test&#xD;
Player Test1 won trick with Queen of Spades&#xD;
Test&#xD;
Test&#xD;
Test&#xD;
Player Test1 won trick with Two of Spades&#xD;
Test&#xD;
Test&#xD;
Player Test4 won trick with Ten of Clubs&#xD;
Test&#xD;
Test&#xD;
Test&#xD;
Test&#xD;
Player Test1 won trick with Ace of Diamonds&#xD;
Test&#xD;
Test&#xD;
Player Test2 won trick with Ten of Clubs&#xD;
Test&#xD;
Test&#xD;
Player Test2 won trick with Ace of Clubs&#xD;
Test&#xD;
Test&#xD;
Test&#xD;
Test&#xD;
Player Test1 won trick with King of Hearts&#xD;
Test&#xD;
Player Test1 won trick with Nine of Clubs&#xD;
Test&#xD;
Player Test3 won trick with Queen of Spades&#xD;
Test&#xD;
Test&#xD;
Player Test4 won trick with Jack of Diamonds&#xD;
Test&#xD;
Player Test1 won trick with Five of Clubs&#xD;
Test&#xD;
Player Test1 won trick with Queen of Clubs&#xD;
Test&#xD;
Test&#xD;
Test&#xD;
Test&#xD;
Player Test1 won trick with Three of Hearts&#xD;
Test&#xD;
Test&#xD;
Test&#xD;
Player Test1 won trick with Jack of Clubs&#xD;
Test&#xD;
Player Test2 won trick with Queen of Spades&#xD;
Test&#xD;
Test&#xD;
Player Test3 won trick with Queen of Diamonds&#xD;
Test&#xD;
Test&#xD;
Test&#xD;
Test&#xD;
Player Test1 won trick with Ace of Hearts&#xD;
Test&#xD;
Player Test1 won trick with Ace of Clubs&#xD;
Test&#xD;
Player Test2 won trick with Six of Clubs&#xD;
Test&#xD;
Test&#xD;
Test&#xD;
Player Test1 won trick with Eight of Diamonds&#xD;
Test&#xD;
Test&#xD;
Test&#xD;
Test&#xD;
Player Test1 won trick with Nine of Hearts&#xD;
Test&#xD;
Test&#xD;
Player Test3 won trick with Ace of Diamonds&#xD;
Test&#xD;
Player Test3 won trick with Ace of Spades&#xD;
Test&#xD;
Test&#xD;
Test&#xD;
Test&#xD;
Player Test1 won trick with Six of Clubs&#xD;
Test&#xD;
Test&#xD;
Test&#xD;
Player Test1 won trick with King of Clubs&#xD;
Test&#xD;
Test&#xD;
Test&#xD;
Player Test1 won trick with Five of Spades&#xD;
Test&#xD;
Test&#xD;
Player Test1 won trick with Ten of Clubs&#xD;
Test&#xD;
Test&#xD;
Test&#xD;
Player Test1 won trick with Seven of Diamonds&#xD;
Test&#xD;
Test&#xD;
Player Test1 won trick with Ten of Clubs&#xD;
Test&#xD;
Test&#xD;
Test&#xD;
Player Test3 won trick with King of Diamonds&#xD;
Test&#xD;
Test&#xD;
Test&#xD;
Player Test4 won trick with Eight of Hearts&#xD;
Test&#xD;
Test&#xD;
Test&#xD;
Test&#xD;
Player Test1 won trick with Four of Diamonds&#xD;
Test&#xD;
Test&#xD;
Test&#xD;
Player Test1 won trick with Eight of Spades&#xD;
Test&#xD;
Test&#xD;
Test&#xD;
Player Test1 won trick with King of Clubs&#xD;
Test&#xD;
Test&#xD;
Test&#xD;
Player Test1 won trick with Ace of Spades&#xD;
Test&#xD;
Player Test4 won trick with Eight of Clubs&#xD;
Test&#xD;
Test&#xD;
Player Test2 won trick with Queen of Spades&#xD;
Test&#xD;
Player Test1 won trick with Queen of Clubs&#xD;
Test&#xD;
Test&#xD;
Player Test1 won trick with Eight of Diamonds&#xD;
Test&#xD;
Test&#xD;
Player Test1 won trick with Queen of Spades&#xD;
Test&#xD;
Test&#xD;
Player Test4 won trick with Ace of Clubs&#xD;
Test&#xD;
Test&#xD;
Test&#xD;
Test&#xD;
Player Test1 won trick with Eight of Hearts&#xD;
Player Test4 won trick with Jack of Diamonds&#xD;
Test&#xD;
Test&#xD;
Test&#xD;
Player Test1 won trick with Nine of Spades&#xD;
Test&#xD;
Test&#xD;
Test&#xD;
Player Test1 won trick with Three of Clubs&#xD;
Test&#xD;
Test&#xD;
Player Test4 won trick with Nine of Clubs&#xD;
Test&#xD;
Test&#xD;
Test&#xD;
Test&#xD;
Player Test1 won trick with Eight of Hearts&#xD;
Test&#xD;
Test&#xD;
Test&#xD;
Player Test1 won trick with Ten of Hearts&#xD;
Test&#xD;
Test&#xD;
Player Test1 won trick with Queen of Clubs&#xD;
Test&#xD;
Test&#xD;
Player Test1 won trick with Seven of Spades&#xD;
Test&#xD;
Test&#xD;
Test&#xD;
Player Test1 won trick with Seven of Diamonds&#xD;
Test&#xD;
Player Test4 won trick with Nine of Diamonds&#xD;
Test&#xD;
Test&#xD;
Test&#xD;
Player Test1 won trick with Ace of Clubs&#xD;
Test&#xD;
Test&#xD;
Test&#xD;
Test&#xD;
Player Test1 won trick with Ace of Hearts&#xD;
Test&#xD;
Test&#xD;
Test&#xD;
Test&#xD;
Player Test1 won trick with Six of Hearts&#xD;
Test&#xD;
Test&#xD;
Test&#xD;
Test&#xD;
Player Test1 won trick with Ace of Hearts&#xD;
Test&#xD;
Test&#xD;
Player Test4 won trick with Nine of Clubs&#xD;
Test&#xD;
Test&#xD;
Player Test1 won trick with Queen of Diamonds&#xD;
Test&#xD;
Player Test3 won trick with Nine of Diamonds&#xD;
Test&#xD;
Test&#xD;
Player Test4 won trick with Ten of Spades&#xD;
Test&#xD;
Test&#xD;
Player Test1 won trick with Jack of Spades&#xD;
Test&#xD;
Test&#xD;
Test&#xD;
Player Test1 won trick with Six of Spades&#xD;
Test&#xD;
Test&#xD;
Test&#xD;
Player Test1 won trick with Seven of Diamonds&#xD;
Test&#xD;
Player Test3 won trick with Ace of Spades&#xD;
Test&#xD;
Test&#xD;
Player Test3 won trick with Ten of Diamonds&#xD;
Test&#xD;
Test&#xD;
Player Test2 won trick with Queen of Diamonds&#xD;
Test&#xD;
Test&#xD;
Test&#xD;
Player Test1 won trick with Four of Spades&#xD;
Test&#xD;
Test&#xD;
Player Test3 won trick with Jack of Diamonds&#xD;
Test&#xD;
Test&#xD;
Player Test4 won trick with King of Clubs&#xD;
Test&#xD;
Test&#xD;
Test&#xD;
Player Test1 won trick with Six of Spades&#xD;
Test&#xD;
Test&#xD;
Test&#xD;
Player Test4 won trick with Queen of Hearts&#xD;
Test&#xD;
Player Test1 won trick with King of Spades&#xD;
Test&#xD;
Test&#xD;
Test&#xD;
Player Test1 won trick with Seven of Spades&#xD;
Test&#xD;
Test&#xD;
Test&#xD;
Player Test1 won trick with King of Spades&#xD;
Test&#xD;
Player Test2 won trick with Six of Diamonds&#xD;
Test&#xD;
Test&#xD;
Test&#xD;
Player Test1 won trick with Ace of Diamonds&#xD;
Test&#xD;
Test&#xD;
Test&#xD;
Test&#xD;
Player Test1 won trick with Three of Hearts&#xD;
Test&#xD;
Player Test4 won trick with King of Spades&#xD;
Test&#xD;
Player Test2 won trick with Seven of Spades&#xD;
Test&#xD;
Test&#xD;
Test&#xD;
Test&#xD;
Player Test1 won trick with King of Hearts&#xD;
Test&#xD;
Test&#xD;
Player Test4 won trick with Nine of Spades&#xD;
Test&#xD;
Test&#xD;
Test&#xD;
Player Test1 won trick with Two of Diamonds&#xD;
Test&#xD;
Test&#xD;
Test&#xD;
Player Test1 won trick with Eight of Spades&#xD;
Test&#xD;
Test&#xD;
Player Test3 won trick with Ten of Clubs&#xD;
Test&#xD;
Test&#xD;
Test&#xD;
Player Test1 won trick with Queen of Spades&#xD;
Test&#xD;
Test&#xD;
Test&#xD;
Test&#xD;
Player Test1 won trick with Ace of Hearts&#xD;
Test&#xD;
Test&#xD;
Test&#xD;
Player Test1 won trick with Eight of Spades&#xD;
Test&#xD;
Test&#xD;
Test&#xD;
Player Test3 won trick with Nine of Hearts&#xD;
Test&#xD;
Test&#xD;
Test&#xD;
Test&#xD;
Player Test1 won trick with Four of Hearts&#xD;
Test&#xD;
Test&#xD;
Test&#xD;
Player Test1 won trick with Five of Diamonds&#xD;
Test&#xD;
Test&#xD;
Test&#xD;
Player Test1 won trick with King of Spades&#xD;
Test&#xD;
Test&#xD;
Test&#xD;
Player Test1 won trick with Jack of Clubs&#xD;
Test&#xD;
Player Test3 won trick with King of Spades&#xD;
Test&#xD;
Test&#xD;
Test&#xD;
Test&#xD;
Player Test1 won trick with Six of Hearts&#xD;
Test&#xD;
Test&#xD;
Test&#xD;
Player Test1 won trick with Ace of Spades&#xD;
Test&#xD;
Test&#xD;
Test&#xD;
Player Test1 won trick with Queen of Clubs&#xD;
Test&#xD;
Test&#xD;
Test&#xD;
Player Test1 won trick with Jack of Diamonds&#xD;
Test&#xD;
Test&#xD;
Test&#xD;
Player Test1 won trick with Six of Spades&#xD;
Test&#xD;
Test&#xD;
Test&#xD;
Player Test1 won trick with Ten of Clubs&#xD;
Test&#xD;
Test&#xD;
Test&#xD;
Test&#xD;
Player Test1 won trick with Queen of Hearts&#xD;
Test&#xD;
Test&#xD;
Player Test1 won trick with King of Hearts&#xD;
Test&#xD;
Test&#xD;
Player Test2 won trick with Ace of Hearts&#xD;
Test&#xD;
Player Test4 won trick with Queen of Clubs&#xD;
Test&#xD;
Test&#xD;
Player Test4 won trick with Seven of Diamonds&#xD;
Test&#xD;
Player Test3 won trick with King of Clubs&#xD;
Test&#xD;
Test&#xD;
Test&#xD;
Player Test1 won trick with Seven of Clubs&#xD;
Test&#xD;
Test&#xD;
Player Test1 won trick with Eight of Diamonds&#xD;
Test&#xD;
Test&#xD;
Test&#xD;
Player Test1 won trick with Nine of Diamonds&#xD;
Test&#xD;
Test&#xD;
Player Test1 won trick with Six of Spades&#xD;
Test&#xD;
Test&#xD;
Test&#xD;
Test&#xD;
Player Test1 won trick with Three of Diamonds&#xD;
Test&#xD;
Test&#xD;
Test&#xD;
Player Test1 won trick with King of Hearts&#xD;
Test&#xD;
Test&#xD;
Test&#xD;
Player Test1 won trick with Eight of Spades&#xD;
Test&#xD;
Test&#xD;
Test&#xD;
Test&#xD;
Player Test1 won trick with Jack of Hearts&#xD;
Test&#xD;
Test&#xD;
Test&#xD;
Player Test1 won trick with Ten of Clubs&#xD;
Test&#xD;
Test&#xD;
Player Test1 won trick with Ace of Diamonds&#xD;
Test&#xD;
Test&#xD;
Test&#xD;
Player Test1 won trick with Three of Spades&#xD;
Test&#xD;
Test&#xD;
Test&#xD;
Player Test1 won trick with Queen of Hearts&#xD;
Test&#xD;
Test&#xD;
Test&#xD;
Test&#xD;
Player Test1 won trick with Jack of Hearts&#xD;
Test&#xD;
Test&#xD;
Test&#xD;
Player Test1 won trick with Ace of Clubs&#xD;
Test&#xD;
Test&#xD;
Test&#xD;
Player Test1 won trick with Queen of Spades&#xD;
Test&#xD;
Test&#xD;
Test&#xD;
Player Test1 won trick with Ace of Diamonds&#xD;
Test&#xD;
Test&#xD;
Test&#xD;
Test&#xD;
Player Test1 won trick with Six of Hearts&#xD;
Test&#xD;
Test&#xD;
Test&#xD;
Player Test1 won trick with Jack of Hearts&#xD;
Test&#xD;
Test&#xD;
Test&#xD;
Player Test2 won trick with Queen of Hearts&#xD;
Test&#xD;
Test&#xD;
Player Test3 won trick with Queen of Spades&#xD;
Test&#xD;
Test&#xD;
Test&#xD;
Player Test1 won trick with Eight of Diamonds&#xD;
Test&#xD;
Test&#xD;
Test&#xD;
Player Test1 won trick with Eight of Hearts&#xD;
Test&#xD;
Test&#xD;
Test&#xD;
Player Test1 won trick with King of Spades&#xD;
Test&#xD;
Test&#xD;
Player Test3 won trick with Queen of Diamonds&#xD;
Test&#xD;
Test&#xD;
Test&#xD;
Player Test1 won trick with Jack of Spades&#xD;
Test&#xD;
Player Test4 won trick with Ten of Diamonds&#xD;
Test&#xD;
Player Test1 won trick with Seven of Spades&#xD;
Test&#xD;
Test&#xD;
Test&#xD;
Test&#xD;
Player Test1 won trick with Queen of Hearts&#xD;
Test&#xD;
Test&#xD;
Test&#xD;
Player Test1 won trick with Six of Clubs&#xD;
Test&#xD;
Test&#xD;
Test&#xD;
Player Test1 won trick with Two of Diamonds&#xD;
Test&#xD;
Test&#xD;
Test&#xD;
Player Test1 won trick with Eight of Clubs&#xD;
Test&#xD;
Test&#xD;
Player Test3 won trick with Ace of Spades&#xD;
Test&#xD;
Test&#xD;
Test&#xD;
Player Test1 won trick with Two of Diamonds&#xD;
Test&#xD;
Test&#xD;
Test&#xD;
Player Test1 won trick with Ace of Diamonds&#xD;
Test&#xD;
Player Test2 won trick with Queen of Clubs&#xD;
Test&#xD;
Test&#xD;
Test&#xD;
Player Test1 won trick with Nine of Diamonds&#xD;
Test&#xD;
Test&#xD;
Player Test4 won trick with Ten of Spades&#xD;
Test&#xD;
Player Test2 won trick with Jack of Spades&#xD;
Test&#xD;
Test&#xD;
Test&#xD;
Player Test1 won trick with Ace of Spades&#xD;
Test&#xD;
Test&#xD;
Player Test1 won trick with Queen of Diamonds&#xD;
Test&#xD;
Test&#xD;
Test&#xD;
Player Test1 won trick with Nine of Diamonds&#xD;
Test&#xD;
Test&#xD;
Test&#xD;
Player Test1 won trick with Three of Clubs&#xD;
Test&#xD;
Test&#xD;
Player Test1 won trick with Queen of Clubs&#xD;
Test&#xD;
Test&#xD;
Player Test1 won trick with Jack of Diamonds&#xD;
Test&#xD;
Test&#xD;
Test&#xD;
Player Test1 won trick with Ten of Spades&#xD;
Test&#xD;
Test&#xD;
Player Test1 won trick with Queen of Diamonds&#xD;
Test&#xD;
Test&#xD;
Test&#xD;
Player Test3 won trick with King of Diamonds&#xD;
Test&#xD;
Test&#xD;
Test&#xD;
Test&#xD;
Player Test1 won trick with Seven of Hearts&#xD;
Test&#xD;
Test&#xD;
Player Test4 won trick with Queen of Spades&#xD;
Test&#xD;
Test&#xD;
Player Test1 won trick with Ace of Diamonds&#xD;
Test&#xD;
Test&#xD;
Player Test4 won trick with Six of Spades&#xD;
Test&#xD;
Test&#xD;
Player Test1 won trick with King of Clubs&#xD;
Test&#xD;
Player Test1 won trick with Queen of Clubs&#xD;
Test&#xD;
Test&#xD;
Player Test1 won trick with Five of Spades&#xD;
Test&#xD;
Test&#xD;
Test&#xD;
Player Test1 won trick with Jack of Diamonds&#xD;
Test&#xD;
Player Test3 won trick with King of Clubs&#xD;
Test&#xD;
Test&#xD;
Test&#xD;
Test&#xD;
Player Test1 won trick with Two of Hearts&#xD;
Test&#xD;
Test&#xD;
Test&#xD;
Player Test1 won trick with King of Spades&#xD;
Test&#xD;
Test&#xD;
Test&#xD;
Player Test1 won trick with Three of Spades&#xD;
Test&#xD;
Player Test4 won trick with Ace of Clubs&#xD;
Test&#xD;
Test&#xD;
Test&#xD;
Test&#xD;
Player Test1 won trick with Three of Hearts&#xD;
Test&#xD;
Test&#xD;
Test&#xD;
Player Test3 won trick with Queen of Hearts&#xD;
Test&#xD;
Test&#xD;
Player Test4 won trick with King of Diamonds&#xD;
Test&#xD;
Test&#xD;
Test&#xD;
Player Test3 won trick with Jack of Hearts&#xD;
Test&#xD;
Test&#xD;
Test&#xD;
Player Test2 won trick with Four of Hearts&#xD;
Test&#xD;
Player Test1 won trick with Jack of Spades&#xD;
Test&#xD;
Test&#xD;
Player Test3 won trick with Five of Diamonds&#xD;
Test&#xD;
Test&#xD;
Test&#xD;
Player Test1 won trick with Ace of Clubs&#xD;
Test&#xD;
Test&#xD;
Test&#xD;
Player Test1 won trick with Jack of Hearts&#xD;
Test&#xD;
Test&#xD;
Player Test3 won trick with Queen of Diamonds&#xD;
Test&#xD;
Test&#xD;
Player Test1 won trick with Five of Diamonds&#xD;
Test&#xD;
Test&#xD;
Player Test2 won trick with Jack of Clubs&#xD;
Test&#xD;
Test&#xD;
Test&#xD;
Player Test1 won trick with Nine of Clubs&#xD;
Test&#xD;
Test&#xD;
Player Test1 won trick with Eight of Diamonds&#xD;
Test&#xD;
Test&#xD;
Player Test3 won trick with Ace of Diamonds&#xD;
Test&#xD;
Test&#xD;
Player Test4 won trick with Ten of Spades&#xD;
Test&#xD;
Test&#xD;
Test&#xD;
Player Test1 won trick with Eight of Diamonds&#xD;
Test&#xD;
Test&#xD;
Test&#xD;
Test&#xD;
Player Test1 won trick with Jack of Hearts&#xD;
Test&#xD;
Test&#xD;
Test&#xD;
Player Test1 won trick with Ten of Spades&#xD;
Test&#xD;
Test&#xD;
Test&#xD;
Test&#xD;
Player Test1 won trick with Nine of Hearts&#xD;
Test&#xD;
Test&#xD;
Test&#xD;
Player Test1 won trick with Ten of Clubs&#xD;
Test&#xD;
Test&#xD;
Player Test1 won trick with Queen of Clubs&#xD;
Test&#xD;
Test&#xD;
Player Test4 won trick with Jack of Spades&#xD;
Test&#xD;
Test&#xD;
Test&#xD;
Player Test1 won trick with Four of Spades&#xD;
Test&#xD;
Test&#xD;
Test&#xD;
Player Test2 won trick with Jack of Hearts&#xD;
Test&#xD;
Player Test4 won trick with King of Diamonds&#xD;
Test&#xD;
Test&#xD;
Test&#xD;
Test&#xD;
Player Test1 won trick with Three of Hearts&#xD;
Test&#xD;
Test&#xD;
Test&#xD;
Player Test1 won trick with Jack of Hearts&#xD;
Test&#xD;
Test&#xD;
Test&#xD;
Player Test2 won trick with Ace of Diamonds&#xD;
Test&#xD;
Test&#xD;
Player Test1 won trick with Nine of Diamonds&#xD;
Test&#xD;
Test&#xD;
Test&#xD;
Test&#xD;
Player Test1 won trick with Ace of Hearts&#xD;
Test&#xD;
Test&#xD;
Player Test1 won trick with Jack of Diamonds&#xD;
Test&#xD;
Test&#xD;
Test&#xD;
Test&#xD;
Player Test1 won trick with Six of Hearts&#xD;
Test&#xD;
Test&#xD;
Player Test4 won trick with Six of Spades&#xD;
Player Test3 won trick with Ace of Clubs&#xD;
Test&#xD;
Test&#xD;
Player Test1 won trick with Ace of Clubs&#xD;
Test&#xD;
Player Test3 won trick with King of Spades&#xD;
Test&#xD;
Test&#xD;
Test&#xD;
Test&#xD;
Player Test1 won trick with Ten of Hearts&#xD;
Test&#xD;
Test&#xD;
Test&#xD;
Test&#xD;
Player Test1 won trick with King of Hearts&#xD;
Test&#xD;
Test&#xD;
Player Test1 won trick with Ten of Clubs&#xD;
Test&#xD;
Test&#xD;
Test&#xD;
Test&#xD;
Player Test1 won trick with Nine of Hearts&#xD;
Test&#xD;
Test&#xD;
Player Test1 won trick with Jack of Clubs&#xD;
Test&#xD;
Test&#xD;
Test&#xD;
Player Test4 won trick with Ace of Diamonds&#xD;
Test&#xD;
Test&#xD;
Test&#xD;
Player Test1 won trick with Ten of Diamonds&#xD;
Test&#xD;
Test&#xD;
Test&#xD;
Player Test1 won trick with Eight of Clubs&#xD;
Test&#xD;
Test&#xD;
Test&#xD;
Player Test1 won trick with Two of Diamonds&#xD;
Test&#xD;
Test&#xD;
Test&#xD;
Player Test1 won trick with Jack of Hearts&#xD;
Test&#xD;
Test&#xD;
Player Test1 won trick with Eight of Clubs&#xD;
Test&#xD;
Test&#xD;
Test&#xD;
Player Test1 won trick with Ace of Diamonds&#xD;
Test&#xD;
Test&#xD;
Player Test3 won trick with Jack of Hearts&#xD;
Test&#xD;
Test&#xD;
Player Test3 won trick with King of Clubs&#xD;
Test&#xD;
Test&#xD;
Test&#xD;
Player Test1 won trick with Ace of Clubs&#xD;
Test&#xD;
Test&#xD;
Test&#xD;
Player Test1 won trick with Six of Clubs&#xD;
Test&#xD;
Test&#xD;
Test&#xD;
Player Test4 won trick with Four of Hearts&#xD;
Test&#xD;
Test&#xD;
Player Test3 won trick with Seven of Spades&#xD;
Test&#xD;
Test&#xD;
Player Test3 won trick with Six of Spades&#xD;
Test&#xD;
Player Test1 won trick with Ten of Clubs&#xD;
Test&#xD;
Test&#xD;
Test&#xD;
Player Test3 won trick with Five of Hearts&#xD;
Test&#xD;
Test&#xD;
Player Test3 won trick with Ten of Hearts&#xD;
Test&#xD;
Test&#xD;
Player Test2 won trick with King of Clubs&#xD;
Test&#xD;
Test&#xD;
Test&#xD;
Test&#xD;
Player Test1 won trick with Queen of Hearts&#xD;
Test&#xD;
Test&#xD;
Player Test2 won trick with Six of Clubs&#xD;
Test&#xD;
Test&#xD;
Test&#xD;
Player Test1 won trick with Three of Diamonds&#xD;
Test&#xD;
Test&#xD;
Test&#xD;
Player Test1 won trick with King of Diamonds&#xD;
Test&#xD;
Test&#xD;
Player Test1 won trick with Seven of Spades&#xD;
Test&#xD;
Test&#xD;
Test&#xD;
Player Test2 won trick with Five of Hearts&#xD;
Test&#xD;
Test&#xD;
Test&#xD;
Player Test1 won trick with Six of Diamonds&#xD;
Test&#xD;
Test&#xD;
Test&#xD;
Player Test1 won trick with Seven of Clubs&#xD;
Test&#xD;
Player Test4 won trick with Ace of Clubs&#xD;
Test&#xD;
Test&#xD;
Player Test4 won trick with Seven of Clubs&#xD;
Test&#xD;
Test&#xD;
Player Test4 won trick with Ten of Clubs&#xD;
Test&#xD;
Test&#xD;
Test&#xD;
Player Test1 won trick with Nine of Clubs&#xD;
Test&#xD;
Test&#xD;
Player Test4 won trick with Ten of Hearts&#xD;
Test&#xD;
Test&#xD;
Test&#xD;
Player Test1 won trick with Eight of Spades&#xD;
Test&#xD;
Player Test4 won trick with Ace of Clubs&#xD;
Test&#xD;
Test&#xD;
Test&#xD;
Player Test1 won trick with Four of Clubs&#xD;
Test&#xD;
Player Test2 won trick with Ace of Diamonds&#xD;
Test&#xD;
Test&#xD;
Test&#xD;
Player Test1 won trick with Ten of Spades&#xD;
Test&#xD;
Test&#xD;
Test&#xD;
Player Test1 won trick with Eight of Spades&#xD;
Test&#xD;
Player Test3 won trick with Nine of Clubs&#xD;
Test&#xD;
Test&#xD;
Test&#xD;
Player Test1 won trick with Ace of Diamonds&#xD;
Test&#xD;
Test&#xD;
Player Test1 won trick with Queen of Diamonds&#xD;
Test&#xD;
Test&#xD;
Test&#xD;
Player Test1 won trick with Queen of Diamonds&#xD;
Test&#xD;
Test&#xD;
Test&#xD;
Player Test1 won trick with Jack of Clubs&#xD;
Test&#xD;
Test&#xD;
Test&#xD;
Test&#xD;
Player Test1 won trick with King of Hearts&#xD;
Test&#xD;
Test&#xD;
Player Test3 won trick with Queen of Clubs&#xD;
Test&#xD;
Player Test2 won trick with Jack of Spades&#xD;
Test&#xD;
Player Test3 won trick with Eight of Diamonds&#xD;
Test&#xD;
Test&#xD;
Player Test1 won trick with Ace of Clubs&#xD;
Test&#xD;
Test&#xD;
Test&#xD;
Test&#xD;
Player Test1 won trick with Seven of Hearts&#xD;
Test&#xD;
Test&#xD;
Test&#xD;
Player Test1 won trick with Three of Clubs&#xD;
Test&#xD;
Test&#xD;
Test&#xD;
Player Test1 won trick with Ace of Hearts&#xD;
Test&#xD;
Test&#xD;
Test&#xD;
Player Test1 won trick with Ten of Diamonds&#xD;
Test&#xD;
Test&#xD;
Test&#xD;
Player Test4 won trick with Nine of Clubs&#xD;
Test&#xD;
Test&#xD;
Player Test1 won trick with Eight of Spades&#xD;
Player Test3 won trick with King of Spades&#xD;
Test&#xD;
Test&#xD;
Test&#xD;
Player Test1 won trick with Four of Diamonds&#xD;
Test&#xD;
Test&#xD;
Test&#xD;
Player Test1 won trick with Nine of Spades&#xD;
Test&#xD;
Test&#xD;
Player Test1 won trick with Jack of Spades&#xD;
Test&#xD;
Test&#xD;
Test&#xD;
Player Test1 won trick with Queen of Diamonds&#xD;
Test&#xD;
Test&#xD;
Player Test2 won trick with Jack of Diamonds&#xD;
Test&#xD;
Test&#xD;
Test&#xD;
Player Test1 won trick with Eight of Spades&#xD;
Test&#xD;
Test&#xD;
Test&#xD;
Player Test1 won trick with Three of Diamonds&#xD;
Test&#xD;
Test&#xD;
Player Test4 won trick with Four of Hearts&#xD;
Test&#xD;
Test&#xD;
Test&#xD;
Player Test4 won trick with Eight of Hearts&#xD;
Test&#xD;
Test&#xD;
Test&#xD;
Test&#xD;
Player Test1 won trick with Five of Hearts&#xD;
Test&#xD;
Player Test1 won trick with Nine of Diamonds&#xD;
Test&#xD;
Test&#xD;
Player Test1 won trick with Ace of Hearts&#xD;
Test&#xD;
Player Test1 won trick with King of Spades&#xD;
Test&#xD;
Test&#xD;
Test&#xD;
Player Test1 won trick with King of Diamonds&#xD;
Test&#xD;
Test&#xD;
Player Test4 won trick with Jack of Spades&#xD;
Test&#xD;
Test&#xD;
Test&#xD;
Player Test1 won trick with Seven of Clubs&#xD;
Test&#xD;
Test&#xD;
Test&#xD;
Player Test1 won trick with King of Hearts&#xD;
Test&#xD;
Player Test2 won trick with King of Clubs&#xD;
Test&#xD;
Player Test1 won trick with Queen of Spades&#xD;
Test&#xD;
Test&#xD;
Player Test3 won trick with Queen of Clubs&#xD;
Test&#xD;
Test&#xD;
Test&#xD;
Player Test2 won trick with Queen of Hearts&#xD;
Test&#xD;
Test&#xD;
Test&#xD;
Player Test1 won trick with Ace of Diamonds&#xD;
Test&#xD;
Test&#xD;
Player Test4 won trick with Ten of Hearts&#xD;
Test&#xD;
Test&#xD;
Test&#xD;
Player Test1 won trick with Two of Diamonds&#xD;
Test&#xD;
Test&#xD;
Player Test1 won trick with Jack of Clubs&#xD;
Test&#xD;
Test&#xD;
Test&#xD;
Player Test4 won trick with King of Hearts&#xD;
Test&#xD;
Test&#xD;
Test&#xD;
Player Test1 won trick with Seven of Hearts&#xD;
Test&#xD;
Test&#xD;
Test&#xD;
Player Test1 won trick with Five of Clubs&#xD;
Test&#xD;
Test&#xD;
Test&#xD;
Player Test1 won trick with Six of Spades&#xD;
Test&#xD;
Test&#xD;
Test&#xD;
Player Test1 won trick with Three of Spades&#xD;
Test&#xD;
Test&#xD;
Player Test4 won trick with Jack of Hearts&#xD;
Test&#xD;
Test&#xD;
Test&#xD;
Player Test1 won trick with Seven of Diamonds&#xD;
Test&#xD;
Test&#xD;
Test&#xD;
Test&#xD;
Player Test1 won trick with Jack of Hearts&#xD;
Test&#xD;
Test&#xD;
Test&#xD;
Player Test1 won trick with Two of Clubs&#xD;
Test&#xD;
Test&#xD;
Test&#xD;
Player Test1 won trick with Ace of Diamonds&#xD;
Test&#xD;
Test&#xD;
Player Test1 won trick with Queen of Clubs&#xD;
Test&#xD;
Test&#xD;
Player Test1 won trick with Queen of Spades&#xD;
Test&#xD;
Test&#xD;
Player Test3 won trick with King of Clubs&#xD;
Test&#xD;
Test&#xD;
Test&#xD;
Test&#xD;
Player Test1 won trick with Ace of Hearts&#xD;
Test&#xD;
Test&#xD;
Player Test2 won trick with Eight of Clubs&#xD;
Test&#xD;
Test&#xD;
Test&#xD;
Player Test1 won trick with Four of Spades&#xD;
Test&#xD;
Test&#xD;
Player Test2 won trick with Queen of Hearts&#xD;
Test&#xD;
Test&#xD;
Player Test2 won trick with Nine of Diamonds&#xD;
Test&#xD;
Test&#xD;
Player Test4 won trick with Five of Spades&#xD;
Test&#xD;
Test&#xD;
Test&#xD;
Test&#xD;
Player Test1 won trick with Seven of Clubs&#xD;
Test&#xD;
Test&#xD;
Test&#xD;
Player Test1 won trick with Five of Diamonds&#xD;
Test&#xD;
Test&#xD;
Player Test1 won trick with Six of Spades&#xD;
Test&#xD;
Test&#xD;
Test&#xD;
Test&#xD;
Player Test1 won trick with Eight of Clubs&#xD;
Test&#xD;
Player Test3 won trick with Ace of Clubs&#xD;
Test&#xD;
Test&#xD;
Test&#xD;
Player Test1 won trick with Ten of Spades&#xD;
Test&#xD;
Test&#xD;
Test&#xD;
Player Test1 won trick with Ace of Spades&#xD;
Test&#xD;
Test&#xD;
Player Test3 won trick with Five of Diamonds&#xD;
Test&#xD;
Test&#xD;
Test&#xD;
Player Test1 won trick with Jack of Diamonds&#xD;
Test&#xD;
Test&#xD;
Test&#xD;
Player Test2 won trick with Eight of Hearts&#xD;
Test&#xD;
Test&#xD;
Test&#xD;
Player Test1 won trick with Nine of Hearts&#xD;
Test&#xD;
Test&#xD;
Test&#xD;
Player Test1 won trick with Seven of Diamonds&#xD;
Test&#xD;
Test&#xD;
Test&#xD;
Player Test1 won trick with Ace of Hearts&#xD;
Test&#xD;
Test&#xD;
Test&#xD;
Player Test1 won trick with Four of Clubs&#xD;
Test&#xD;
Test&#xD;
Player Test1 won trick with King of Diamonds&#xD;
Test&#xD;
Test&#xD;
Player Test1 won trick with Jack of Hearts&#xD;
Test&#xD;
Test&#xD;
Test&#xD;
Player Test1 won trick with Queen of Clubs&#xD;
Test&#xD;
Test&#xD;
Test&#xD;
Test&#xD;
Player Test1 won trick with Queen of Diamonds&#xD;
Test&#xD;
Test&#xD;
Player Test1 won trick with Six of Clubs&#xD;
Test&#xD;
Test&#xD;
Test&#xD;
Player Test4 won trick with Nine of Hearts&#xD;
Test&#xD;
Test&#xD;
Player Test3 won trick with Eight of Diamonds&#xD;
Test&#xD;
Player Test1 won trick with Seven of Diamonds&#xD;
Test&#xD;
Test&#xD;
Test&#xD;
Test&#xD;
Player Test1 won trick with Five of Diamonds&#xD;
Test&#xD;
Test&#xD;
Test&#xD;
Player Test2 won trick with King of Hearts&#xD;
Test&#xD;
Test&#xD;
Player Test4 won trick with Jack of Diamonds&#xD;
Test&#xD;
Test&#xD;
Test&#xD;
Player Test1 won trick with Five of Hearts&#xD;
Test&#xD;
Test&#xD;
Test&#xD;
Player Test1 won trick with Three of Diamonds&#xD;
Test&#xD;
Test&#xD;
Player Test1 won trick with Ace of Clubs&#xD;
Test&#xD;
Test&#xD;
Test&#xD;
Player Test1 won trick with Ace of Clubs&#xD;
Test&#xD;
Test&#xD;
Player Test1 won trick with Seven of Clubs&#xD;
Test&#xD;
Test&#xD;
Test&#xD;
Player Test1 won trick with Ten of Diamonds&#xD;
Test&#xD;
Test&#xD;
Test&#xD;
Player Test1 won trick with King of Clubs&#xD;
Test&#xD;
Test&#xD;
Test&#xD;
Player Test1 won trick with Jack of Diamonds&#xD;
Test&#xD;
Player Test1 won trick with Queen of Diamonds&#xD;
Test&#xD;
Test&#xD;
Test&#xD;
Player Test1 won trick with Jack of Clubs&#xD;
Test&#xD;
Test&#xD;
Test&#xD;
Player Test1 won trick with Ten of Spades&#xD;
Test&#xD;
Test&#xD;
Test&#xD;
Player Test1 won trick with Seven of Diamonds&#xD;
Test&#xD;
Test&#xD;
Player Test4 won trick with Seven of Clubs&#xD;
Test&#xD;
Player Test3 won trick with Jack of Clubs&#xD;
Test&#xD;
Test&#xD;
Test&#xD;
Player Test3 won trick with Five of Hearts&#xD;
Test&#xD;
Player Test4 won trick with Nine of Diamonds&#xD;
Test&#xD;
Test&#xD;
Player Test2 won trick with Nine of Diamonds&#xD;
Test&#xD;
Test&#xD;
Player Test1 won trick with Six of Clubs&#xD;
Test&#xD;
Test&#xD;
Player Test1 won trick with Jack of Diamonds&#xD;
Test&#xD;
Player Test3 won trick with Jack of Clubs&#xD;
Test&#xD;
Test&#xD;
Player Test3 won trick with Queen of Clubs&#xD;
Test&#xD;
Test&#xD;
Test&#xD;
Player Test1 won trick with Four of Diamonds&#xD;
Test&#xD;
Player Test1 won trick with Ace of Diamonds&#xD;
Test&#xD;
Test&#xD;
Test&#xD;
Player Test1 won trick with Eight of Clubs&#xD;
Test&#xD;
Test&#xD;
Player Test1 won trick with Queen of Diamonds&#xD;
Test&#xD;
Test&#xD;
Test&#xD;
Player Test1 won trick with King of Diamonds&#xD;
Test&#xD;
Test&#xD;
Test&#xD;
Player Test4 won trick with Ace of Hearts&#xD;
Test&#xD;
Test&#xD;
Test&#xD;
Test&#xD;
Player Test1 won trick with Three of Hearts&#xD;
Test&#xD;
Test&#xD;
Player Test4 won trick with King of Spades&#xD;
Test&#xD;
Test&#xD;
Test&#xD;
Player Test1 won trick with Queen of Hearts&#xD;
Test&#xD;
Player Test1 won trick with Nine of Diamonds&#xD;
Test&#xD;
Test&#xD;
Player Test1 won trick with Ace of Spades&#xD;
Test&#xD;
Test&#xD;
Test&#xD;
Player Test1 won trick with Six of Clubs&#xD;
Test&#xD;
Test&#xD;
Player Test1 won trick with King of Diamonds&#xD;
Test&#xD;
Player Test3 won trick with King of Clubs&#xD;
Test&#xD;
Test&#xD;
Player Test1 won trick with Ace of Clubs&#xD;
Test&#xD;
Test&#xD;
Player Test1 won trick with Ten of Spades&#xD;
Test&#xD;
Test&#xD;
Test&#xD;
Player Test3 won trick with Six of Clubs&#xD;
Test&#xD;
Player Test1 won trick with Queen of Spades&#xD;
Test&#xD;
Test&#xD;
Test&#xD;
Player Test1 won trick with Four of Diamonds&#xD;
Test&#xD;
Test&#xD;
Test&#xD;
Player Test3 won trick with King of Hearts&#xD;
Test&#xD;
Test&#xD;
Test&#xD;
Player Test4 won trick with Seven of Hearts&#xD;
Test&#xD;
Test&#xD;
Player Test1 won trick with King of Diamonds&#xD;
Test&#xD;
Test&#xD;
Player Test1 won trick with Jack of Spades&#xD;
Test&#xD;
Test&#xD;
Test&#xD;
Test&#xD;
Player Test1 won trick with Ace of Hearts&#xD;
Test&#xD;
Test&#xD;
Player Test1 won trick with Jack of Clubs&#xD;
Test&#xD;
Test&#xD;
Test&#xD;
Player Test1 won trick with Four of Spades&#xD;
Test&#xD;
Test&#xD;
Test&#xD;
Player Test1 won trick with Six of Diamonds&#xD;
Test&#xD;
Test&#xD;
Test&#xD;
Player Test1 won trick with Eight of Diamonds&#xD;
Test&#xD;
Test&#xD;
Test&#xD;
Player Test1 won trick with Four of Spades&#xD;
Test&#xD;
Test&#xD;
Player Test4 won trick with Queen of Spades&#xD;
Test&#xD;
Test&#xD;
Player Test1 won trick with Ten of Clubs&#xD;
Test&#xD;
Test&#xD;
Test&#xD;
Player Test1 won trick with Seven of Hearts&#xD;
Test&#xD;
Player Test1 won trick with Ten of Diamonds&#xD;
Test&#xD;
Player Test4 won trick with King of Diamonds&#xD;
Test&#xD;
Test&#xD;
Test&#xD;
Player Test1 won trick with Seven of Clubs&#xD;
Test&#xD;
Test&#xD;
Test&#xD;
Player Test1 won trick with King of Hearts&#xD;
Test&#xD;
Test&#xD;
Player Test1 won trick with Ten of Spades&#xD;
Test&#xD;
Test&#xD;
Player Test1 won trick with Seven of Spades&#xD;
Test&#xD;
Test&#xD;
Test&#xD;
Player Test1 won trick with Three of Spades&#xD;
Test&#xD;
Test&#xD;
Test&#xD;
Player Test1 won trick with Ace of Diamonds&#xD;
Test&#xD;
Test&#xD;
Test&#xD;
Player Test1 won trick with Nine of Hearts&#xD;
Test&#xD;
Test&#xD;
Test&#xD;
Player Test1 won trick with King of Diamonds&#xD;
Test&#xD;
Test&#xD;
Test&#xD;
Test&#xD;
Player Test1 won trick with Nine of Hearts&#xD;
Test&#xD;
Test&#xD;
Player Test3 won trick with Jack of Diamonds&#xD;
Test&#xD;
Test&#xD;
Test&#xD;
Player Test1 won trick with Queen of Diamonds&#xD;
Test&#xD;
Player Test1 won trick with Jack of Diamonds&#xD;
Test&#xD;
Test&#xD;
Test&#xD;
Player Test1 won trick with King of Clubs&#xD;
Test&#xD;
Test&#xD;
Test&#xD;
Player Test1 won trick with Jack of Hearts&#xD;
Test&#xD;
Test&#xD;
Player Test1 won trick with Ten of Clubs&#xD;
Test&#xD;
Player Test3 won trick with Ace of Clubs&#xD;
Test&#xD;
Test&#xD;
Test&#xD;
Player Test1 won trick with Five of Hearts&#xD;
Test&#xD;
Test&#xD;
Player Test2 won trick with Queen of Hearts&#xD;
Test&#xD;
Test&#xD;
Player Test1 won trick with King of Diamonds&#xD;
Test&#xD;
Test&#xD;
Player Test1 won trick with Seven of Clubs&#xD;
Test&#xD;
Test&#xD;
Player Test1 won trick with Six of Diamonds&#xD;
Test&#xD;
Test&#xD;
Player Test1 won trick with Eight of Hearts&#xD;
Test&#xD;
Test&#xD;
Test&#xD;
Player Test1 won trick with Five of Clubs&#xD;
Test&#xD;
Test&#xD;
Test&#xD;
Player Test1 won trick with Seven of Clubs&#xD;
Test&#xD;
Test&#xD;
Test&#xD;
Player Test1 won trick with Four of Clubs&#xD;
Test&#xD;
Test&#xD;
Test&#xD;
Player Test1 won trick with Queen of Hearts&#xD;
Test&#xD;
Test&#xD;
Player Test1 won trick with Ace of Clubs&#xD;
Test&#xD;
Test&#xD;
Player Test2 won trick with Six of Diamonds&#xD;
Test&#xD;
Player Test3 won trick with Jack of Clubs&#xD;
Test&#xD;
Test&#xD;
Player Test1 won trick with Jack of Hearts&#xD;
Test&#xD;
Test&#xD;
Player Test2 won trick with Queen of Spades&#xD;
Test&#xD;
Test&#xD;
Test&#xD;
Test&#xD;
Player Test1 won trick with Six of Hearts&#xD;
Test&#xD;
Player Test1 won trick with Ten of Clubs&#xD;
Test&#xD;
Test&#xD;
Test&#xD;
Player Test1 won trick with Four of Diamonds&#xD;
Test&#xD;
Test&#xD;
Player Test2 won trick with Ten of Spades&#xD;
Test&#xD;
Test&#xD;
Test&#xD;
Player Test1 won trick with Five of Spades&#xD;
Test&#xD;
Test&#xD;
Player Test3 won trick with Queen of Spades&#xD;
Test&#xD;
Test&#xD;
Test&#xD;
Test&#xD;
Player Test1 won trick with Ace of Hearts&#xD;
Test&#xD;
Test&#xD;
Test&#xD;
Player Test1 won trick with Eight of Diamonds&#xD;
Test&#xD;
Test&#xD;
Test&#xD;
Test&#xD;
Player Test1 won trick with Six of Hearts&#xD;
Test&#xD;
Player Test1 won trick with Nine of Spades&#xD;
Test&#xD;
Test&#xD;
Player Test3 won trick with Queen of Diamonds&#xD;
Test&#xD;
Player Test3 won trick with Four of Diamonds&#xD;
Test&#xD;
Test&#xD;
Player Test3 won trick with Eight of Clubs&#xD;
Test&#xD;
Test&#xD;
Test&#xD;
Test&#xD;
Player Test1 won trick with Jack of Hearts&#xD;
Test&#xD;
Test&#xD;
Player Test1 won trick with Five of Spades&#xD;
Test&#xD;
Test&#xD;
Test&#xD;
Player Test1 won trick with Nine of Clubs&#xD;
Test&#xD;
Test&#xD;
Player Test3 won trick with Ten of Spades&#xD;
Test&#xD;
Test&#xD;
Test&#xD;
Player Test1 won trick with Two of Clubs&#xD;
Test&#xD;
Test&#xD;
Player Test1 won trick with Queen of Clubs&#xD;
Test&#xD;
Test&#xD;
Test&#xD;
Player Test2 won trick with Queen of Spades&#xD;
Test&#xD;
Test&#xD;
Test&#xD;
Player Test1 won trick with King of Hearts&#xD;
Test&#xD;
Test&#xD;
Player Test2 won trick with Queen of Spades&#xD;
Test&#xD;
Player Test1 won trick with King of Diamonds&#xD;
Test&#xD;
Test&#xD;
Player Test1 won trick with Three of Diamonds&#xD;
Test&#xD;
Test&#xD;
Player Test1 won trick with Seven of Spades&#xD;
Test&#xD;
Test&#xD;
Test&#xD;
Player Test2 won trick with Jack of Hearts&#xD;
Test&#xD;
Player Test1 won trick with Ace of Spades&#xD;
Test&#xD;
Test&#xD;
Test&#xD;
Player Test2 won trick with Seven of Hearts&#xD;
Test&#xD;
Test&#xD;
Test&#xD;
Test&#xD;
Player Test1 won trick with King of Hearts&#xD;
Test&#xD;
Test&#xD;
Player Test1 won trick with Ace of Clubs&#xD;
Test&#xD;
Test&#xD;
Test&#xD;
Player Test1 won trick with Three of Clubs&#xD;
Test&#xD;
Test&#xD;
Test&#xD;
Player Test1 won trick with Ten of Diamonds&#xD;
Test&#xD;
Player Test4 won trick with King of Clubs&#xD;
Test&#xD;
Test&#xD;
Test&#xD;
Player Test1 won trick with Queen of Clubs&#xD;
Test&#xD;
Test&#xD;
Player Test2 won trick with Nine of Diamonds&#xD;
Test&#xD;
Test&#xD;
Player Test2 won trick with Seven of Clubs&#xD;
Test&#xD;
Player Test1 won trick with Seven of Clubs&#xD;
Test&#xD;
Test&#xD;
Test&#xD;
Player Test1 won trick with Ace of Hearts&#xD;
Test&#xD;
Test&#xD;
Test&#xD;
Player Test1 won trick with Nine of Diamonds&#xD;
Test&#xD;
Test&#xD;
Test&#xD;
Test&#xD;
Player Test1 won trick with King of Hearts&#xD;
Test&#xD;
Player Test1 won trick with Queen of Clubs&#xD;
Test&#xD;
Test&#xD;
Test&#xD;
Player Test1 won trick with King of Spades&#xD;
Test&#xD;
Test&#xD;
Player Test1 won trick with Ten of Spades&#xD;
Test&#xD;
Player Test2 won trick with Ace of Diamonds&#xD;
Test&#xD;
Test&#xD;
Test&#xD;
Player Test1 won trick with Queen of Diamonds&#xD;
Player Test1 won trick with Ace of Diamonds&#xD;
Test&#xD;
Test&#xD;
Test&#xD;
Test&#xD;
Player Test1 won trick with Eight of Clubs&#xD;
Test&#xD;
Test&#xD;
Test&#xD;
Player Test1 won trick with Jack of Clubs&#xD;
Test&#xD;
Test&#xD;
Test&#xD;
Test&#xD;
Player Test1 won trick with Nine of Clubs&#xD;
Test&#xD;
Test&#xD;
Player Test4 won trick with Ace of Clubs&#xD;
Test&#xD;
Test&#xD;
Test&#xD;
Player Test3 won trick with Queen of Spades&#xD;
Test&#xD;
Test&#xD;
Test&#xD;
Player Test1 won trick with Queen of Hearts&#xD;
Test&#xD;
Test&#xD;
Test&#xD;
Player Test1 won trick with Queen of Hearts&#xD;
Test&#xD;
Test&#xD;
Test&#xD;
Player Test1 won trick with Eight of Clubs&#xD;
Test&#xD;
Test&#xD;
Test&#xD;
Player Test1 won trick with Four of Clubs&#xD;
Test&#xD;
Test&#xD;
Test&#xD;
Test&#xD;
Player Test1 won trick with Two of Hearts&#xD;
Test&#xD;
Test&#xD;
Player Test1 won trick with Queen of Hearts&#xD;
Test&#xD;
Test&#xD;
Player Test1 won trick with King of Spades&#xD;
Test&#xD;
Test&#xD;
Test&#xD;
Player Test1 won trick with Three of Diamonds&#xD;
Test&#xD;
Player Test1 won trick with King of Diamonds&#xD;
Test&#xD;
Test&#xD;
Player Test1 won trick with King of Clubs&#xD;
Test&#xD;
Player Test3 won trick with Ace of Diamonds&#xD;
Test&#xD;
Test&#xD;
Player Test1 won trick with Nine of Hearts&#xD;
Test&#xD;
Test&#xD;
Player Test1 won trick with Nine of Spades&#xD;
Test&#xD;
Test&#xD;
Player Test1 won trick with Queen of Spades&#xD;
Test&#xD;
Test&#xD;
Test&#xD;
Player Test1 won trick with Ten of Spades&#xD;
Test&#xD;
Test&#xD;
Test&#xD;
Test&#xD;
Player Test1 won trick with Ace of Hearts&#xD;
Test&#xD;
Test&#xD;
Test&#xD;
Player Test1 won trick with Five of Clubs&#xD;
Test&#xD;
Test&#xD;
Test&#xD;
Player Test1 won trick with King of Spades&#xD;
Test&#xD;
Test&#xD;
Test&#xD;
Test&#xD;
Player Test1 won trick with Ace of Hearts&#xD;
Test&#xD;
Test&#xD;
Player Test2 won trick with Eight of Diamonds&#xD;
Test&#xD;
Test&#xD;
Player Test3 won trick with King of Diamonds&#xD;
Test&#xD;
Test&#xD;
Player Test1 won trick with Eight of Spades&#xD;
Test&#xD;
Test&#xD;
Test&#xD;
Test&#xD;
Player Test1 won trick with Ace of Spades&#xD;
Test&#xD;
Player Test4 won trick with King of Spades&#xD;
Test&#xD;
Test&#xD;
Player Test1 won trick with King of Spades&#xD;
Test&#xD;
Test&#xD;
Player Test1 won trick with Three of Diamonds&#xD;
Test&#xD;
Test&#xD;
Player Test3 won trick with Queen of Spades&#xD;
Test&#xD;
Test&#xD;
Test&#xD;
Player Test1 won trick with Nine of Spades&#xD;
Test&#xD;
Test&#xD;
Player Test3 won trick with Jack of Spades&#xD;
Test&#xD;
Test&#xD;
Player Test2 won trick with Ace of Clubs&#xD;
Test&#xD;
Test&#xD;
Test&#xD;
Player Test1 won trick with Two of Spades&#xD;
Test&#xD;
Test&#xD;
Test&#xD;
Player Test2 won trick with King of Hearts&#xD;
Test&#xD;
Test&#xD;
Test&#xD;
Player Test1 won trick with Three of Clubs&#xD;
Player Test3 won trick with King of Spades&#xD;
Test&#xD;
Test&#xD;
Player Test2 won trick with Ace of Spades&#xD;
Test&#xD;
Test&#xD;
Player Test3 won trick with Six of Diamonds&#xD;
Test&#xD;
Test&#xD;
Test&#xD;
Player Test1 won trick with Nine of Hearts&#xD;
Test&#xD;
Test&#xD;
Test&#xD;
Test&#xD;
Player Test1 won trick with Nine of Clubs&#xD;
Test&#xD;
Player Test1 won trick with King of Clubs&#xD;
Test&#xD;
Test&#xD;
Test&#xD;
Player Test1 won trick with Seven of Spades&#xD;
Test&#xD;
Test&#xD;
Test&#xD;
Player Test1 won trick with Three of Spades&#xD;
Test&#xD;
Test&#xD;
Test&#xD;
Test&#xD;
Player Test1 won trick with Seven of Hearts&#xD;
Test&#xD;
Test&#xD;
Test&#xD;
Test&#xD;
Player Test1 won trick with Ace of Hearts&#xD;
Test&#xD;
Test&#xD;
Player Test1 won trick with Four of Diamonds&#xD;
Test&#xD;
Test&#xD;
Test&#xD;
Player Test1 won trick with Seven of Hearts&#xD;
Test&#xD;
Test&#xD;
Test&#xD;
Test&#xD;
Player Test1 won trick with Six of Hearts&#xD;
Test&#xD;
Test&#xD;
Player Test1 won trick with King of Spades&#xD;
Test&#xD;
Test&#xD;
Test&#xD;
Player Test1 won trick with Jack of Hearts&#xD;
Test&#xD;
Test&#xD;
Player Test4 won trick with Ace of Clubs&#xD;
Test&#xD;
Test&#xD;
Player Test1 won trick with Queen of Clubs&#xD;
Test&#xD;
Test&#xD;
Test&#xD;
Test&#xD;
Player Test1 won trick with Three of Hearts&#xD;
Test&#xD;
Test&#xD;
Test&#xD;
Player Test1 won trick with Four of Diamonds&#xD;
Test&#xD;
Test&#xD;
Player Test4 won trick with Queen of Clubs&#xD;
Test&#xD;
Test&#xD;
Test&#xD;
Player Test1 won trick with King of Clubs&#xD;
Test&#xD;
Test&#xD;
Player Test1 won trick with Six of Diamonds&#xD;
Test&#xD;
Test&#xD;
Player Test1 won trick with Jack of Diamonds&#xD;
Test&#xD;
Test&#xD;
Test&#xD;
Player Test1 won trick with Jack of Hearts&#xD;
Test&#xD;
Test&#xD;
Test&#xD;
Player Test1 won trick with Two of Clubs&#xD;
Test&#xD;
Test&#xD;
Player Test2 won trick with Queen of Hearts&#xD;
Test&#xD;
Player Test2 won trick with Queen of Clubs&#xD;
Test&#xD;
Test&#xD;
Test&#xD;
Player Test1 won trick with Nine of Clubs&#xD;
Test&#xD;
Test&#xD;
Player Test1 won trick with Seven of Spades&#xD;
Player Test1 won trick with Ten of Diamonds&#xD;
Test&#xD;
Test&#xD;
Player Test3 won trick with Seven of Diamonds&#xD;
Test&#xD;
Test&#xD;
Player Test2 won trick with Eight of Diamonds&#xD;
Test&#xD;
Test&#xD;
Test&#xD;
Player Test1 won trick with Jack of Diamonds&#xD;
Test&#xD;
Test&#xD;
Test&#xD;
Test&#xD;
Player Test1 won trick with Seven of Hearts&#xD;
Test&#xD;
Test&#xD;
Test&#xD;
Player Test1 won trick with Eight of Diamonds&#xD;
Test&#xD;
Test&#xD;
Test&#xD;
Player Test1 won trick with Seven of Diamonds&#xD;
Test&#xD;
Test&#xD;
Test&#xD;
Player Test1 won trick with Queen of Spades&#xD;
Test&#xD;
Test&#xD;
Test&#xD;
Player Test1 won trick with Eight of Spades&#xD;
Test&#xD;
Test&#xD;
Player Test1 won trick with Jack of Spades&#xD;
Test&#xD;
Test&#xD;
Test&#xD;
Player Test1 won trick with Five of Diamonds&#xD;
Test&#xD;
Test&#xD;
Test&#xD;
Player Test1 won trick with Ten of Spades&#xD;
Test&#xD;
Test&#xD;
Player Test1 won trick with Jack of Spades&#xD;
Test&#xD;
Player Test1 won trick with Seven of Spades&#xD;
Test&#xD;
Test&#xD;
Test&#xD;
Player Test1 won trick with Ace of Spades&#xD;
Test&#xD;
Test&#xD;
Player Test2 won trick with Seven of Diamonds&#xD;
Test&#xD;
Test&#xD;
Player Test1 won trick with Jack of Diamonds&#xD;
Test&#xD;
Test&#xD;
Test&#xD;
Test&#xD;
Player Test1 won trick with Ten of Hearts&#xD;
Test&#xD;
Test&#xD;
Test&#xD;
Test&#xD;
Player Test1 won trick with Jack of Hearts&#xD;
Test&#xD;
Test&#xD;
Test&#xD;
Player Test1 won trick with Nine of Spades&#xD;
Test&#xD;
Test&#xD;
Test&#xD;
Player Test1 won trick with Six of Clubs&#xD;
Test&#xD;
Test&#xD;
Test&#xD;
Player Test2 won trick with Ace of Hearts&#xD;
Test&#xD;
Test&#xD;
Test&#xD;
Player Test1 won trick with Eight of Clubs&#xD;
Test&#xD;
Test&#xD;
Test&#xD;
Player Test1 won trick with Ten of Spades&#xD;
Test&#xD;
Test&#xD;
Player Test4 won trick with Ace of Spades&#xD;
Test&#xD;
Test&#xD;
Player Test2 won trick with Eight of Clubs&#xD;
Test&#xD;
Test&#xD;
Player Test1 won trick with Jack of Clubs&#xD;
Test&#xD;
Test&#xD;
Player Test4 won trick with Four of Spades&#xD;
Test&#xD;
Test&#xD;
Test&#xD;
Test&#xD;
Player Test1 won trick with Seven of Hearts&#xD;
Test&#xD;
Test&#xD;
Test&#xD;
Test&#xD;
Player Test1 won trick with Six of Hearts&#xD;
Test&#xD;
Test&#xD;
Player Test1 won trick with Six of Hearts&#xD;
Test&#xD;
Test&#xD;
Player Test2 won trick with Ace of Diamonds&#xD;
Test&#xD;
Player Test3 won trick with King of Spades&#xD;
Test&#xD;
Test&#xD;
Test&#xD;
Test&#xD;
Player Test1 won trick with Eight of Hearts&#xD;
Test&#xD;
Test&#xD;
Player Test1 won trick with Eight of Clubs&#xD;
Test&#xD;
Test&#xD;
Test&#xD;
Player Test1 won trick with King of Spades&#xD;
Test&#xD;
Test&#xD;
Test&#xD;
Player Test3 won trick with King of Hearts&#xD;
Test&#xD;
Test&#xD;
Test&#xD;
Player Test1 won trick with Ace of Spades&#xD;
Test&#xD;
Player Test1 won trick with Eight of Spades&#xD;
Test&#xD;
Test&#xD;
Test&#xD;
Player Test1 won trick with Eight of Diamonds&#xD;
Test&#xD;
Test&#xD;
Test&#xD;
Test&#xD;
Player Test1 won trick with Five of Hearts&#xD;
Test&#xD;
Test&#xD;
Test&#xD;
Player Test4 won trick with Seven of Hearts&#xD;
Test&#xD;
Test&#xD;
Player Test1 won trick with Queen of Clubs&#xD;
Test&#xD;
Test&#xD;
Test&#xD;
Player Test1 won trick with Six of Spades&#xD;
Test&#xD;
Test&#xD;
Player Test1 won trick with Five of Clubs&#xD;
Test&#xD;
Test&#xD;
Player Test1 won trick with Nine of Clubs&#xD;
Test&#xD;
Player Test4 won trick with Queen of Spades&#xD;
Test&#xD;
Test&#xD;
Test&#xD;
Player Test1 won trick with Four of Clubs&#xD;
Test&#xD;
Test&#xD;
Test&#xD;
Player Test1 won trick with Four of Spades&#xD;
Test&#xD;
Test&#xD;
Test&#xD;
Test&#xD;
Player Test1 won trick with Seven of Hearts&#xD;
Test&#xD;
Test&#xD;
Test&#xD;
Player Test4 won trick with Five of Hearts&#xD;
Test&#xD;
Test&#xD;
Test&#xD;
Player Test1 won trick with Ten of Spades&#xD;
Test&#xD;
Test&#xD;
Test&#xD;
Test&#xD;
Player Test1 won trick with Two of Hearts&#xD;
Test&#xD;
Test&#xD;
Test&#xD;
Player Test1 won trick with Nine of Hearts&#xD;
Test&#xD;
Test&#xD;
Test&#xD;
Player Test1 won trick with Ten of Hearts&#xD;
Test&#xD;
Test&#xD;
Test&#xD;
Player Test1 won trick with Five of Diamonds&#xD;
Test&#xD;
Test&#xD;
Player Test1 won trick with Queen of Diamonds&#xD;
Test&#xD;
Test&#xD;
Player Test1 won trick with Ace of Diamonds&#xD;
Test&#xD;
Test&#xD;
Test&#xD;
Player Test2 won trick with King of Hearts&#xD;
Test&#xD;
Test&#xD;
Test&#xD;
Player Test1 won trick with Jack of Clubs&#xD;
Test&#xD;
Test&#xD;
Test&#xD;
Test&#xD;
Player Test1 won trick with King of Hearts&#xD;
Test&#xD;
Test&#xD;
Test&#xD;
Player Test1 won trick with Nine of Spades&#xD;
Test&#xD;
Player Test1 won trick with Five of Diamonds&#xD;
Test&#xD;
Test&#xD;
Test&#xD;
Test&#xD;
Player Test1 won trick with Ten of Hearts&#xD;
Test&#xD;
Test&#xD;
Player Test1 won trick with Ace of Spades&#xD;
Test&#xD;
Test&#xD;
Test&#xD;
Player Test3 won trick with Queen of Hearts&#xD;
Test&#xD;
Test&#xD;
Player Test1 won trick with Queen of Diamonds&#xD;
Test&#xD;
Player Test4 won trick with Queen of Spades&#xD;
Test&#xD;
Test&#xD;
Test&#xD;
Player Test1 won trick with King of Diamonds&#xD;
Test&#xD;
Test&#xD;
Test&#xD;
Player Test1 won trick with Seven of Diamonds&#xD;
Test&#xD;
Test&#xD;
Player Test1 won trick with Nine of Diamonds&#xD;
Test&#xD;
Test&#xD;
Test&#xD;
Player Test2 won trick with Seven of Hearts&#xD;
Test&#xD;
Test&#xD;
Player Test2 won trick with Queen of Clubs&#xD;
Test&#xD;
Test&#xD;
Test&#xD;
Test&#xD;
Player Test1 won trick with Queen of Hearts&#xD;
Test&#xD;
Test&#xD;
Test&#xD;
Player Test1 won trick with Nine of Diamonds&#xD;
Test&#xD;
Test&#xD;
Test&#xD;
Player Test1 won trick with Eight of Hearts&#xD;
Test&#xD;
Test&#xD;
Player Test1 won trick with Ace of Spades&#xD;
Test&#xD;
Test&#xD;
Player Test1 won trick with Nine of Diamonds&#xD;
Test&#xD;
Test&#xD;
Test&#xD;
Player Test1 won trick with Seven of Spades&#xD;
Test&#xD;
Test&#xD;
Player Test4 won trick with King of Spades&#xD;
Test&#xD;
Player Test2 won trick with King of Diamonds&#xD;
Test&#xD;
Player Test1 won trick with King of Clubs&#xD;
Test&#xD;
Test&#xD;
Test&#xD;
Player Test1 won trick with King of Hearts&#xD;
Test&#xD;
Player Test2 won trick with Nine of Hearts&#xD;
Test&#xD;
Test&#xD;
Test&#xD;
Player Test1 won trick with Five of Clubs&#xD;
Test&#xD;
Test&#xD;
Player Test1 won trick with Eight of Spades&#xD;
Test&#xD;
Test&#xD;
Player Test1 won trick with Ace of Diamonds&#xD;
Test&#xD;
Test&#xD;
Test&#xD;
Test&#xD;
Player Test1 won trick with Ten of Hearts&#xD;
Test&#xD;
Test&#xD;
Test&#xD;
Test&#xD;
Player Test1 won trick with Seven of Hearts&#xD;
Test&#xD;
Test&#xD;
Player Test1 won trick with Ten of Clubs&#xD;
Test&#xD;
Test&#xD;
Test&#xD;
Test&#xD;
Player Test1 won trick with Seven of Hearts&#xD;
Test&#xD;
Test&#xD;
Test&#xD;
Test&#xD;
Player Test1 won trick with Five of Hearts&#xD;
Test&#xD;
Test&#xD;
Test&#xD;
Test&#xD;
Player Test1 won trick with Three of Hearts&#xD;
Test&#xD;
Test&#xD;
Player Test1 won trick with Ace of Clubs&#xD;
Test&#xD;
Player Test1 won trick with Ace of Diamonds&#xD;
Test&#xD;
Test&#xD;
Test&#xD;
Player Test2 won trick with Jack of Clubs&#xD;
Player Test2 won trick with Queen of Diamonds&#xD;
Test&#xD;
Test&#xD;
Test&#xD;
Test&#xD;
Player Test1 won trick with Ace of Hearts&#xD;
Test&#xD;
Test&#xD;
Test&#xD;
Player Test1 won trick with Ace of Diamonds&#xD;
Test&#xD;
Test&#xD;
Test&#xD;
Player Test4 won trick with Seven of Hearts&#xD;
Test&#xD;
Test&#xD;
Player Test2 won trick with Six of Clubs&#xD;
Test&#xD;
Test&#xD;
Test&#xD;
Player Test1 won trick with Five of Clubs&#xD;
Test&#xD;
Test&#xD;
Test&#xD;
Player Test1 won trick with King of Spades&#xD;
Test&#xD;
Test&#xD;
Player Test3 won trick with King of Clubs&#xD;
Test&#xD;
Test&#xD;
Test&#xD;
Test&#xD;
Player Test1 won trick with Nine of Hearts&#xD;
Test&#xD;
Test&#xD;
Test&#xD;
Player Test1 won trick with Queen of Spades&#xD;
Test&#xD;
Test&#xD;
Player Test2 won trick with Ten of Spades&#xD;
Test&#xD;
Test&#xD;
Test&#xD;
Player Test1 won trick with Two of Clubs&#xD;
Test&#xD;
Test&#xD;
Test&#xD;
Player Test1 won trick with Five of Diamonds&#xD;
Test&#xD;
Test&#xD;
Player Test4 won trick with Ace of Diamonds&#xD;
Test&#xD;
Player Test2 won trick with Ace of Clubs&#xD;
Test&#xD;
Test&#xD;
Test&#xD;
Player Test1 won trick with King of Spades&#xD;
Test&#xD;
Test&#xD;
Test&#xD;
Test&#xD;
Player Test1 won trick with Nine of Hearts&#xD;
Test&#xD;
Player Test1 won trick with Queen of Diamonds&#xD;
Test&#xD;
Test&#xD;
Player Test1 won trick with Five of Diamonds&#xD;
Test&#xD;
Test&#xD;
Test&#xD;
Player Test1 won trick with Jack of Clubs&#xD;
Test&#xD;
Test&#xD;
Test&#xD;
Test&#xD;
Player Test1 won trick with Eight of Hearts&#xD;
Test&#xD;
Test&#xD;
Player Test1 won trick with Six of Diamonds&#xD;
Test&#xD;
Player Test4 won trick with Queen of Spades&#xD;
Test&#xD;
Test&#xD;
Player Test3 won trick with Ace of Hearts&#xD;
Test&#xD;
Test&#xD;
Test&#xD;
Player Test1 won trick with Nine of Clubs&#xD;
Test&#xD;
Test&#xD;
Player Test3 won trick with Ace of Spades&#xD;
Test&#xD;
Test&#xD;
Test&#xD;
Player Test1 won trick with Eight of Hearts&#xD;
Test&#xD;
Player Test3 won trick with Ace of Clubs&#xD;
Test&#xD;
Test&#xD;
Test&#xD;
Player Test1 won trick with Eight of Diamonds&#xD;
Test&#xD;
Test&#xD;
Test&#xD;
Player Test1 won trick with Two of Diamonds&#xD;
Test&#xD;
Test&#xD;
Test&#xD;
Player Test1 won trick with Seven of Diamonds&#xD;
Test&#xD;
Test&#xD;
Test&#xD;
Player Test1 won trick with Ace of Clubs&#xD;
Test&#xD;
Test&#xD;
Test&#xD;
Player Test1 won trick with Nine of Spades&#xD;
Test&#xD;
Player Test2 won trick with Queen of Spades&#xD;
Test&#xD;
Test&#xD;
Player Test2 won trick with Five of Clubs&#xD;
Test&#xD;
Test&#xD;
Player Test1 won trick with Ace of Clubs&#xD;
Test&#xD;
Test&#xD;
Test&#xD;
Player Test1 won trick with Three of Diamonds&#xD;
Test&#xD;
Test&#xD;
Player Test1 won trick with King of Diamonds&#xD;
Test&#xD;
Test&#xD;
Player Test1 won trick with Ten of Diamonds&#xD;
Test&#xD;
Player Test1 won trick with Queen of Clubs&#xD;
Test&#xD;
Player Test1 won trick with Ace of Diamonds&#xD;
Test&#xD;
Test&#xD;
Test&#xD;
Player Test3 won trick with Jack of Spades&#xD;
Test&#xD;
Player Test2 won trick with King of Diamonds&#xD;
Test&#xD;
Test&#xD;
Test&#xD;
Player Test1 won trick with King of Diamonds&#xD;
Test&#xD;
Test&#xD;
Test&#xD;
Player Test1 won trick with Seven of Clubs&#xD;
Test&#xD;
Test&#xD;
Player Test4 won trick with Eight of Spades&#xD;
Test&#xD;
Test&#xD;
Test&#xD;
Player Test1 won trick with Ten of Clubs&#xD;
Test&#xD;
Test&#xD;
Player Test4 won trick with Ace of Diamonds&#xD;
Test&#xD;
Test&#xD;
Test&#xD;
Player Test1 won trick with Seven of Spades&#xD;
Test&#xD;
Test&#xD;
Test&#xD;
Test&#xD;
Player Test1 won trick with King of Hearts&#xD;
Test&#xD;
Test&#xD;
Test&#xD;
Test&#xD;
Player Test1 won trick with Ten of Hearts&#xD;
Test&#xD;
Player Test4 won trick with Ten of Clubs&#xD;
Test&#xD;
Test&#xD;
Test&#xD;
Player Test1 won trick with King of Spades&#xD;
Test&#xD;
Test&#xD;
Test&#xD;
Player Test1 won trick with Ace of Hearts&#xD;
Test&#xD;
Test&#xD;
Player Test1 won trick with Eight of Spades&#xD;
Test&#xD;
Test&#xD;
Player Test1 won trick with Nine of Diamonds&#xD;
Test&#xD;
Test&#xD;
Test&#xD;
Player Test1 won trick with Nine of Diamonds&#xD;
Test&#xD;
Test&#xD;
Test&#xD;
Player Test3 won trick with Five of Hearts&#xD;
Test&#xD;
Test&#xD;
Player Test4 won trick with Five of Hearts&#xD;
Test&#xD;
Test&#xD;
Test&#xD;
Test&#xD;
Player Test1 won trick with Nine of Hearts&#xD;
Test&#xD;
Test&#xD;
Test&#xD;
Player Test1 won trick with Four of Spades&#xD;
Test&#xD;
Test&#xD;
Test&#xD;
Test&#xD;
Player Test1 won trick with Nine of Hearts&#xD;
Test&#xD;
Test&#xD;
Player Test1 won trick with Seven of Clubs&#xD;
Test&#xD;
Test&#xD;
Test&#xD;
Player Test1 won trick with Five of Hearts&#xD;
Test&#xD;
Test&#xD;
Test&#xD;
Test&#xD;
Player Test1 won trick with Ace of Spades&#xD;
Test&#xD;
Test&#xD;
Test&#xD;
Player Test1 won trick with Jack of Diamonds&#xD;
Test&#xD;
Test&#xD;
Test&#xD;
Player Test1 won trick with Four of Clubs&#xD;
Test&#xD;
Test&#xD;
Test&#xD;
Test&#xD;
Player Test1 won trick with Queen of Hearts&#xD;
Test&#xD;
Test&#xD;
Player Test1 won trick with Nine of Diamonds&#xD;
Test&#xD;
Test&#xD;
Test&#xD;
Test&#xD;
Player Test1 won trick with Jack of Diamonds&#xD;
Test&#xD;
Test&#xD;
Test&#xD;
Player Test1 won trick with Ace of Spades&#xD;
Test&#xD;
Test&#xD;
Test&#xD;
Player Test1 won trick with Jack of Hearts&#xD;
Test&#xD;
Test&#xD;
Player Test3 won trick with Ace of Diamonds&#xD;
Test&#xD;
Test&#xD;
Test&#xD;
Test&#xD;
Player Test1 won trick with King of Diamonds&#xD;
Test&#xD;
Test&#xD;
Test&#xD;
Player Test4 won trick with King of Hearts&#xD;
Test&#xD;
Test&#xD;
Player Test1 won trick with Nine of Hearts&#xD;
Test&#xD;
Test&#xD;
Player Test2 won trick with Ace of Clubs&#xD;
Test&#xD;
Test&#xD;
Test&#xD;
Test&#xD;
Player Test1 won trick with Ace of Hearts&#xD;
Test&#xD;
Test&#xD;
Player Test1 won trick with King of Clubs&#xD;
Test&#xD;
Test&#xD;
Player Test4 won trick with Six of Hearts&#xD;
Test&#xD;
Test&#xD;
Test&#xD;
Player Test1 won trick with Ten of Diamonds&#xD;
Test&#xD;
Test&#xD;
Test&#xD;
Player Test1 won trick with King of Spades&#xD;
Test&#xD;
Player Test4 won trick with King of Spades&#xD;
Test&#xD;
Test&#xD;
Test&#xD;
Test&#xD;
Player Test1 won trick with Jack of Hearts&#xD;
Test&#xD;
Test&#xD;
Test&#xD;
Player Test1 won trick with Six of Clubs&#xD;
Test&#xD;
Test&#xD;
Test&#xD;
Player Test1 won trick with Ten of Clubs&#xD;
Test&#xD;
Test&#xD;
Player Test4 won trick with Ace of Diamonds&#xD;
Test&#xD;
Test&#xD;
Test&#xD;
Player Test1 won trick with King of Clubs&#xD;
Test&#xD;
Test&#xD;
Player Test1 won trick with Ten of Spades&#xD;
Test&#xD;
Test&#xD;
Test&#xD;
Player Test1 won trick with Eight of Clubs&#xD;
Test&#xD;
Test&#xD;
Test&#xD;
Player Test1 won trick with Ten of Spades&#xD;
Test&#xD;
Test&#xD;
Test&#xD;
Player Test1 won trick with Ace of Hearts&#xD;
Test&#xD;
Test&#xD;
Player Test3 won trick with Nine of Clubs&#xD;
Test&#xD;
Test&#xD;
Test&#xD;
Test&#xD;
Player Test1 won trick with Three of Hearts&#xD;
Test&#xD;
Test&#xD;
Test&#xD;
Player Test1 won trick with Four of Spades&#xD;
Test&#xD;
Test&#xD;
Player Test3 won trick with Queen of Diamonds&#xD;
Test&#xD;
Test&#xD;
Player Test3 won trick with Jack of Clubs&#xD;
Test&#xD;
Test&#xD;
Test&#xD;
Test&#xD;
Player Test1 won trick with Three of Hearts&#xD;
Test&#xD;
Player Test2 won trick with Jack of Diamonds&#xD;
Test&#xD;
Player Test4 won trick with King of Hearts&#xD;
Test&#xD;
Test&#xD;
Test&#xD;
Player Test1 won trick with Seven of Spades&#xD;
Test&#xD;
Test&#xD;
Test&#xD;
Player Test1 won trick with Queen of Hearts&#xD;
Test&#xD;
Test&#xD;
Test&#xD;
Player Test1 won trick with Eight of Hearts&#xD;
Player Test1 won trick with Queen of Clubs&#xD;
Test&#xD;
Test&#xD;
Player Test4 won trick with Ace of Spades&#xD;
Test&#xD;
Player Test4 won trick with Queen of Diamonds&#xD;
Test&#xD;
Test&#xD;
Player Test3 won trick with Jack of Diamonds&#xD;
Test&#xD;
Test&#xD;
Test&#xD;
Test&#xD;
Player Test1 won trick with Jack of Hearts&#xD;
Test&#xD;
Test&#xD;
Player Test3 won trick with Seven of Spades&#xD;
Test&#xD;
Test&#xD;
Test&#xD;
Player Test1 won trick with Jack of Diamonds&#xD;
Test&#xD;
Test&#xD;
Player Test1 won trick with Six of Diamonds&#xD;
Test&#xD;
Test&#xD;
Test&#xD;
Test&#xD;
Player Test1 won trick with Four of Hearts&#xD;
Test&#xD;
Test&#xD;
Player Test1 won trick with King of Hearts&#xD;
Test&#xD;
Test&#xD;
Test&#xD;
Test&#xD;
Player Test1 won trick with Four of Hearts&#xD;
Test&#xD;
Test&#xD;
Player Test3 won trick with Queen of Spades&#xD;
Test&#xD;
Test&#xD;
Test&#xD;
Player Test1 won trick with King of Clubs&#xD;
Test&#xD;
Test&#xD;
Player Test1 won trick with Ace of Clubs&#xD;
Test&#xD;
Test&#xD;
Test&#xD;
Player Test1 won trick with Queen of Diamonds&#xD;
Test&#xD;
Test&#xD;
Player Test1 won trick with Queen of Diamonds&#xD;
Test&#xD;
Test&#xD;
Test&#xD;
Player Test1 won trick with Seven of Clubs&#xD;
Test&#xD;
Test&#xD;
Test&#xD;
Player Test1 won trick with Ten of Diamonds&#xD;
Test&#xD;
Test&#xD;
Player Test4 won trick with Ten of Diamonds&#xD;
Test&#xD;
Test&#xD;
Player Test1 won trick with Ace of Clubs&#xD;
Test&#xD;
Test&#xD;
Test&#xD;
Player Test4 won trick with King of Hearts&#xD;
Test&#xD;
Player Test2 won trick with Nine of Diamonds&#xD;
Test&#xD;
Player Test2 won trick with King of Clubs&#xD;
Test&#xD;
Test&#xD;
Test&#xD;
Player Test1 won trick with King of Diamonds&#xD;
Player Test2 won trick with Ace of Diamonds&#xD;
Test&#xD;
Test&#xD;
Test&#xD;
Player Test1 won trick with Jack of Diamonds&#xD;
Test&#xD;
Test&#xD;
Test&#xD;
Player Test1 won trick with Two of Diamonds&#xD;
Test&#xD;
Test&#xD;
Test&#xD;
Player Test1 won trick with King of Clubs&#xD;
Test&#xD;
Test&#xD;
Test&#xD;
Player Test1 won trick with Nine of Spades&#xD;
Test&#xD;
Test&#xD;
Player Test3 won trick with Eight of Spades&#xD;
Test&#xD;
Test&#xD;
Test&#xD;
Test&#xD;
Player Test1 won trick with Eight of Hearts&#xD;
Test&#xD;
Test&#xD;
Test&#xD;
Player Test1 won trick with Ten of Diamonds&#xD;
Test&#xD;
Test&#xD;
Test&#xD;
Test&#xD;
Player Test1 won trick with Queen of Hearts&#xD;
Test&#xD;
Test&#xD;
Player Test1 won trick with Four of Diamonds&#xD;
Test&#xD;
Test&#xD;
Test&#xD;
Test&#xD;
Player Test1 won trick with Ten of Hearts&#xD;
Test&#xD;
Test&#xD;
Player Test4 won trick with Jack of Spades&#xD;
Test&#xD;
Test&#xD;
Test&#xD;
Player Test1 won trick with Five of Spades&#xD;
Test&#xD;
Test&#xD;
Test&#xD;
Player Test4 won trick with Queen of Hearts&#xD;
Test&#xD;
Test&#xD;
Test&#xD;
Player Test1 won trick with Jack of Clubs&#xD;
Test&#xD;
Test&#xD;
Test&#xD;
Player Test1 won trick with Six of Hearts&#xD;
Player Test2 won trick with King of Clubs&#xD;
Test&#xD;
Test&#xD;
Test&#xD;
Player Test1 won trick with Seven of Clubs&#xD;
Test&#xD;
Test&#xD;
Player Test3 won trick with Queen of Spades&#xD;
Test&#xD;
Test&#xD;
Test&#xD;
Player Test4 won trick with Eight of Hearts&#xD;
Test&#xD;
Test&#xD;
Test&#xD;
Test&#xD;
Player Test1 won trick with Eight of Hearts&#xD;
Test&#xD;
Player Test4 won trick with Jack of Clubs&#xD;
Test&#xD;
Test&#xD;
Test&#xD;
Player Test1 won trick with Jack of Hearts&#xD;
Test&#xD;
Test&#xD;
Test&#xD;
Player Test2 won trick with Ace of Hearts&#xD;
Test&#xD;
Test&#xD;
Test&#xD;
Player Test1 won trick with Seven of Spades&#xD;
Test&#xD;
Test&#xD;
Test&#xD;
Test&#xD;
Player Test1 won trick with King of Hearts&#xD;
Test&#xD;
Test&#xD;
Player Test4 won trick with Ace of Hearts&#xD;
Test&#xD;
Test&#xD;
Player Test1 won trick with Four of Spades&#xD;
Test&#xD;
Test&#xD;
Player Test1 won trick with Ace of Spades&#xD;
Test&#xD;
Test&#xD;
Player Test1 won trick with Three of Spades&#xD;
Test&#xD;
Test&#xD;
Test&#xD;
Test&#xD;
Player Test1 won trick with Ten of Hearts&#xD;
Test&#xD;
Test&#xD;
Player Test4 won trick with Ace of Hearts&#xD;
Test&#xD;
Test&#xD;
Test&#xD;
Player Test3 won trick with Queen of Hearts&#xD;
Test&#xD;
Test&#xD;
Test&#xD;
Player Test1 won trick with Queen of Clubs&#xD;
Test&#xD;
Test&#xD;
Test&#xD;
Player Test1 won trick with Two of Diamonds&#xD;
Test&#xD;
Test&#xD;
Test&#xD;
Test&#xD;
Player Test1 won trick with Ace of Hearts&#xD;
Test&#xD;
Test&#xD;
Test&#xD;
Player Test1 won trick with Ten of Diamonds&#xD;
Test&#xD;
Test&#xD;
Player Test1 won trick with Jack of Clubs&#xD;
Test&#xD;
Test&#xD;
Player Test2 won trick with Jack of Spades&#xD;
Test&#xD;
Test&#xD;
Test&#xD;
Player Test1 won trick with Four of Spades&#xD;
Test&#xD;
Test&#xD;
Test&#xD;
Player Test1 won trick with King of Diamonds&#xD;
Test&#xD;
Test&#xD;
Test&#xD;
Player Test1 won trick with Seven of Diamonds&#xD;
Test&#xD;
Test&#xD;
Test&#xD;
Player Test1 won trick with Nine of Hearts&#xD;
Test&#xD;
Player Test2 won trick with Queen of Spades&#xD;
Test&#xD;
Test&#xD;
Test&#xD;
Player Test1 won trick with Four of Diamonds&#xD;
Test&#xD;
Test&#xD;
Test&#xD;
Player Test1 won trick with King of Hearts&#xD;
Test&#xD;
Test&#xD;
Player Test1 won trick with Ace of Spades&#xD;
Test&#xD;
Test&#xD;
Test&#xD;
Player Test1 won trick with Three of Clubs&#xD;
Test&#xD;
Player Test4 won trick with King of Diamonds&#xD;
Test&#xD;
Test&#xD;
Test&#xD;
Player Test1 won trick with Jack of Spades&#xD;
Test&#xD;
Test&#xD;
Test&#xD;
Test&#xD;
Player Test1 won trick with Two of Hearts&#xD;
Test&#xD;
Test&#xD;
Player Test1 won trick with Six of Diamonds&#xD;
Test&#xD;
Test&#xD;
Test&#xD;
Player Test1 won trick with King of Spades&#xD;
Test&#xD;
Test&#xD;
Player Test3 won trick with Ten of Clubs&#xD;
Test&#xD;
Player Test1 won trick with Ace of Clubs&#xD;
Test&#xD;
Test&#xD;
Test&#xD;
Player Test1 won trick with Jack of Clubs&#xD;
Test&#xD;
Test&#xD;
Player Test3 won trick with Ten of Spades&#xD;
Test&#xD;
Test&#xD;
Player Test1 won trick with Eight of Clubs&#xD;
Test&#xD;
Test&#xD;
Player Test2 won trick with Ace of Hearts&#xD;
Test&#xD;
Test&#xD;
Test&#xD;
Player Test1 won trick with Four of Hearts&#xD;
Test&#xD;
Test&#xD;
Player Test1 won trick with King of Diamonds&#xD;
Player Test2 won trick with Ace of Spades&#xD;
Test&#xD;
Test&#xD;
Test&#xD;
Player Test1 won trick with Six of Diamonds&#xD;
Test&#xD;
Player Test3 won trick with King of Diamonds&#xD;
Test&#xD;
Test&#xD;
Test&#xD;
Test&#xD;
Player Test1 won trick with Five of Hearts&#xD;
Test&#xD;
Test&#xD;
Player Test1 won trick with Nine of Diamonds&#xD;
Test&#xD;
Player Test2 won trick with Ace of Spades&#xD;
Test&#xD;
Test&#xD;
Test&#xD;
Test&#xD;
Player Test1 won trick with Ace of Hearts&#xD;
Test&#xD;
Player Test1 won trick with Ten of Diamonds&#xD;
Test&#xD;
Player Test2 won trick with Queen of Spades&#xD;
Test&#xD;
Test&#xD;
Player Test2 won trick with Queen of Clubs&#xD;
Test&#xD;
Test&#xD;
Test&#xD;
Player Test3 won trick with Four of Hearts&#xD;
Test&#xD;
Test&#xD;
Player Test1 won trick with Nine of Spades&#xD;
Test&#xD;
Test&#xD;
Player Test1 won trick with Ten of Diamonds&#xD;
Test&#xD;
Test&#xD;
Test&#xD;
Player Test4 won trick with Jack of Clubs&#xD;
Test&#xD;
Test&#xD;
Test&#xD;
Player Test1 won trick with Queen of Clubs&#xD;
Test&#xD;
Test&#xD;
Test&#xD;
Player Test1 won trick with Five of Hearts&#xD;
Test&#xD;
Test&#xD;
Player Test1 won trick with Ace of Diamonds&#xD;
Test&#xD;
Player Test1 won trick with Ten of Clubs&#xD;
Test&#xD;
Test&#xD;
Player Test2 won trick with Queen of Clubs&#xD;
Test&#xD;
Test&#xD;
Player Test3 won trick with King of Diamonds&#xD;
Test&#xD;
Test&#xD;
Player Test1 won trick with Eight of Clubs&#xD;
Test&#xD;
Test&#xD;
Test&#xD;
Player Test1 won trick with King of Diamonds&#xD;
Test&#xD;
Test&#xD;
Player Test4 won trick with Ten of Diamonds&#xD;
Test&#xD;
Test&#xD;
Test&#xD;
Player Test1 won trick with Seven of Diamonds&#xD;
Test&#xD;
Test&#xD;
Test&#xD;
Test&#xD;
Player Test1 won trick with Four of Hearts&#xD;
Test&#xD;
Test&#xD;
Test&#xD;
Player Test3 won trick with Ten of Hearts&#xD;
Test&#xD;
Test&#xD;
Test&#xD;
Test&#xD;
Player Test1 won trick with Three of Hearts&#xD;
Test&#xD;
Test&#xD;
Test&#xD;
Test&#xD;
Player Test1 won trick with Four of Clubs&#xD;
Test&#xD;
Test&#xD;
Test&#xD;
Player Test1 won trick with Two of Clubs&#xD;
Test&#xD;
Test&#xD;
Test&#xD;
Player Test3 won trick with Ten of Hearts&#xD;
Test&#xD;
Test&#xD;
Player Test2 won trick with Ace of Spades&#xD;
Test&#xD;
Test&#xD;
Player Test2 won trick with King of Clubs&#xD;
Test&#xD;
Test&#xD;
Test&#xD;
Player Test1 won trick with King of Diamonds&#xD;
Test&#xD;
Test&#xD;
Player Test1 won trick with King of Clubs&#xD;
Test&#xD;
Player Test4 won trick with Ace of Diamonds&#xD;
Test&#xD;
Test&#xD;
Player Test1 won trick with Ace of Diamonds&#xD;
Test&#xD;
Test&#xD;
Test&#xD;
Player Test1 won trick with Seven of Clubs&#xD;
Test&#xD;
Test&#xD;
Test&#xD;
Player Test1 won trick with Seven of Clubs&#xD;
Test&#xD;
Test&#xD;
Player Test1 won trick with Nine of Spades&#xD;
Test&#xD;
Test&#xD;
Test&#xD;
Test&#xD;
Player Test1 won trick with Six of Hearts&#xD;
Test&#xD;
Test&#xD;
Test&#xD;
Player Test1 won trick with Ace of Hearts&#xD;
Test&#xD;
Test&#xD;
Test&#xD;
Test&#xD;
Player Test1 won trick with Jack of Hearts&#xD;
Test&#xD;
Test&#xD;
Test&#xD;
Player Test1 won trick with Ten of Diamonds&#xD;
Test&#xD;
Test&#xD;
Test&#xD;
Player Test1 won trick with Seven of Hearts&#xD;
Test&#xD;
Player Test3 won trick with King of Diamonds&#xD;
Test&#xD;
Test&#xD;
Test&#xD;
Test&#xD;
Player Test1 won trick with Eight of Hearts&#xD;
Test&#xD;
Test&#xD;
Test&#xD;
Test&#xD;
Player Test1 won trick with Nine of Spades&#xD;
Test&#xD;
Test&#xD;
Test&#xD;
Player Test1 won trick with Jack of Clubs&#xD;
Test&#xD;
Test&#xD;
Player Test1 won trick with Five of Spades&#xD;
Test&#xD;
Test&#xD;
Test&#xD;
Player Test1 won trick with Four of Spades&#xD;
Test&#xD;
Test&#xD;
Test&#xD;
Player Test4 won trick with King of Hearts&#xD;
Test&#xD;
Test&#xD;
Test&#xD;
Player Test1 won trick with Jack of Clubs&#xD;
Test&#xD;
Test&#xD;
Test&#xD;
Test&#xD;
Player Test1 won trick with Five of Hearts&#xD;
Test&#xD;
Test&#xD;
Player Test3 won trick with Jack of Diamonds&#xD;
Test&#xD;
Test&#xD;
Test&#xD;
Player Test4 won trick with Jack of Hearts&#xD;
Test&#xD;
Test&#xD;
Test&#xD;
Player Test1 won trick with Five of Spades&#xD;
Test&#xD;
Test&#xD;
Player Test1 won trick with Eight of Clubs&#xD;
Test&#xD;
Test&#xD;
Test&#xD;
Player Test1 won trick with Nine of Clubs&#xD;
Test&#xD;
Test&#xD;
Test&#xD;
Player Test1 won trick with King of Spades&#xD;
Player Test3 won trick with Seven of Diamonds&#xD;
Test&#xD;
Test&#xD;
Test&#xD;
Player Test1 won trick with Four of Hearts&#xD;
Test&#xD;
Test&#xD;
Test&#xD;
Player Test1 won trick with Seven of Diamonds&#xD;
Test&#xD;
Test&#xD;
Player Test2 won trick with Six of Diamonds&#xD;
Test&#xD;
Player Test1 won trick with King of Hearts&#xD;
Test&#xD;
Test&#xD;
Test&#xD;
Player Test1 won trick with Seven of Diamonds&#xD;
Test&#xD;
Test&#xD;
Test&#xD;
Player Test1 won trick with Ace of Spades&#xD;
Test&#xD;
Test&#xD;
Player Test1 won trick with King of Clubs&#xD;
Test&#xD;
Player Test3 won trick with Jack of Spades&#xD;
Test&#xD;
Test&#xD;
Test&#xD;
Player Test2 won trick with Four of Spades&#xD;
Test&#xD;
Test&#xD;
Test&#xD;
Player Test1 won trick with Six of Spades&#xD;
Test&#xD;
Test&#xD;
Player Test1 won trick with Two of Spades&#xD;
Test&#xD;
Test&#xD;
Player Test1 won trick with Ace of Spades&#xD;
Test&#xD;
Test&#xD;
Test&#xD;
Player Test1 won trick with Queen of Spades&#xD;
Test&#xD;
Test&#xD;
Player Test3 won trick with Queen of Hearts&#xD;
Test&#xD;
Test&#xD;
Player Test1 won trick with Jack of Spades&#xD;
Test&#xD;
Test&#xD;
Player Test1 won trick with Jack of Diamonds&#xD;
Test&#xD;
Test&#xD;
Test&#xD;
Player Test2 won trick with Ace of Clubs&#xD;
Test&#xD;
Player Test4 won trick with Queen of Diamonds&#xD;
Test&#xD;
Test&#xD;
Test&#xD;
Player Test1 won trick with Nine of Spades&#xD;
Test&#xD;
Test&#xD;
Test&#xD;
Player Test1 won trick with Two of Diamonds&#xD;
Test&#xD;
Test&#xD;
Player Test1 won trick with Nine of Clubs&#xD;
Test&#xD;
Test&#xD;
Test&#xD;
Test&#xD;
Player Test1 won trick with Jack of Hearts&#xD;
Test&#xD;
Test&#xD;
Test&#xD;
Player Test1 won trick with Ace of Hearts&#xD;
Test&#xD;
Test&#xD;
Test&#xD;
Player Test1 won trick with Ace of Hearts&#xD;
Test&#xD;
Test&#xD;
Test&#xD;
Player Test3 won trick with Ten of Diamonds&#xD;
Test&#xD;
Test&#xD;
Test&#xD;
Player Test1 won trick with Queen of Hearts&#xD;
Test&#xD;
Test&#xD;
Test&#xD;
Test&#xD;
Player Test1 won trick with Jack of Hearts&#xD;
Test&#xD;
Test&#xD;
Test&#xD;
Player Test1 won trick with King of Hearts&#xD;
Test&#xD;
Test&#xD;
Test&#xD;
Player Test1 won trick with King of Diamonds&#xD;
Test&#xD;
Test&#xD;
Test&#xD;
Test&#xD;
Player Test1 won trick with Queen of Hearts&#xD;
Test&#xD;
Test&#xD;
Test&#xD;
Player Test1 won trick with Three of Clubs&#xD;
Test&#xD;
Test&#xD;
Test&#xD;
Player Test1 won trick with Ace of Clubs&#xD;
Test&#xD;
Test&#xD;
Player Test4 won trick with Ace of Clubs&#xD;
Test&#xD;
Test&#xD;
Test&#xD;
Player Test1 won trick with Jack of Clubs&#xD;
Test&#xD;
Test&#xD;
Player Test4 won trick with Queen of Hearts&#xD;
Test&#xD;
Test&#xD;
Test&#xD;
Player Test1 won trick with Jack of Spades&#xD;
Test&#xD;
Test&#xD;
Test&#xD;
Test&#xD;
Player Test1 won trick with Eight of Hearts&#xD;
Test&#xD;
Test&#xD;
Test&#xD;
Player Test1 won trick with Eight of Clubs&#xD;
Test&#xD;
Test&#xD;
Test&#xD;
Test&#xD;
Player Test1 won trick with Seven of Hearts&#xD;
Test&#xD;
Test&#xD;
Player Test1 won trick with Two of Spades&#xD;
Test&#xD;
Test&#xD;
Test&#xD;
Player Test1 won trick with Seven of Hearts&#xD;
Test&#xD;
Player Test3 won trick with Ten of Spades&#xD;
Test&#xD;
Test&#xD;
Test&#xD;
Player Test1 won trick with Five of Clubs&#xD;
Test&#xD;
Test&#xD;
Player Test4 won trick with King of Hearts&#xD;
Test&#xD;
Test&#xD;
Test&#xD;
Player Test1 won trick with Five of Diamonds&#xD;
Test&#xD;
Player Test4 won trick with Seven of Diamonds&#xD;
Test&#xD;
Test&#xD;
Player Test3 won trick with Jack of Clubs&#xD;
Test&#xD;
Test&#xD;
Test&#xD;
Player Test1 won trick with King of Hearts&#xD;
Test&#xD;
Test&#xD;
Player Test3 won trick with Ace of Hearts&#xD;
Test&#xD;
Test&#xD;
Test&#xD;
Player Test1 won trick with Nine of Spades&#xD;
Test&#xD;
Test&#xD;
Test&#xD;
Player Test1 won trick with Ten of Clubs&#xD;
Test&#xD;
Player Test1 won trick with Jack of Spades&#xD;
Test&#xD;
Test&#xD;
Player Test2 won trick with Five of Spades&#xD;
Test&#xD;
Test&#xD;
Test&#xD;
Test&#xD;
Player Test1 won trick with Nine of Hearts&#xD;
Test&#xD;
Test&#xD;
Player Test2 won trick with King of Diamonds&#xD;
Test&#xD;
Player Test3 won trick with King of Spades&#xD;
Test&#xD;
Test&#xD;
Player Test1 won trick with King of Clubs&#xD;
Test&#xD;
Test&#xD;
Test&#xD;
Player Test4 won trick with Eight of Hearts&#xD;
Test&#xD;
Test&#xD;
Player Test3 won trick with Queen of Clubs&#xD;
Test&#xD;
Test&#xD;
Player Test1 won trick with King of Diamonds&#xD;
Test&#xD;
Test&#xD;
Player Test1 won trick with Three of Clubs&#xD;
Test&#xD;
Test&#xD;
Test&#xD;
Player Test1 won trick with Two of Clubs&#xD;
Test&#xD;
Test&#xD;
Test&#xD;
Player Test1 won trick with Six of Spades&#xD;
Test&#xD;
Test&#xD;
Test&#xD;
Player Test1 won trick with Nine of Diamonds&#xD;
Test&#xD;
Test&#xD;
Test&#xD;
Player Test1 won trick with Nine of Clubs&#xD;
Test&#xD;
Test&#xD;
Test&#xD;
Player Test1 won trick with Jack of Hearts&#xD;
Test&#xD;
Test&#xD;
Player Test4 won trick with Nine of Diamonds&#xD;
Test&#xD;
Test&#xD;
Test&#xD;
Player Test1 won trick with Six of Diamonds&#xD;
Test&#xD;
Test&#xD;
Test&#xD;
Test&#xD;
Player Test1 won trick with Ace of Hearts&#xD;
Test&#xD;
Test&#xD;
Player Test1 won trick with Nine of Clubs&#xD;
Test&#xD;
Test&#xD;
Test&#xD;
Player Test1 won trick with Ace of Diamonds&#xD;
Test&#xD;
Test&#xD;
Player Test3 won trick with Ace of Clubs&#xD;
Test&#xD;
Test&#xD;
Test&#xD;
Player Test1 won trick with Eight of Hearts&#xD;
Test&#xD;
Test&#xD;
Test&#xD;
Test&#xD;
Player Test1 won trick with Jack of Spades&#xD;
Test&#xD;
Test&#xD;
Player Test1 won trick with Jack of Clubs&#xD;
Test&#xD;
Player Test4 won trick with Ten of Spades&#xD;
Test&#xD;
Test&#xD;
Player Test3 won trick with Four of Spades&#xD;
Test&#xD;
Test&#xD;
Test&#xD;
Player Test1 won trick with Jack of Spades&#xD;
Test&#xD;
Player Test1 won trick with Jack of Clubs&#xD;
Test&#xD;
Test&#xD;
Test&#xD;
Player Test4 won trick with King of Hearts&#xD;
Test&#xD;
Test&#xD;
Player Test1 won trick with Nine of Spades&#xD;
Test&#xD;
Test&#xD;
Test&#xD;
Player Test1 won trick with Queen of Diamonds&#xD;
Test&#xD;
Test&#xD;
Test&#xD;
Player Test1 won trick with Jack of Clubs&#xD;
Test&#xD;
Test&#xD;
Test&#xD;
Player Test1 won trick with Seven of Diamonds&#xD;
Test&#xD;
Player Test1 won trick with Eight of Spades&#xD;
Test&#xD;
Test&#xD;
Player Test3 won trick with Queen of Diamonds&#xD;
Test&#xD;
Test&#xD;
Player Test3 won trick with Jack of Spades&#xD;
Test&#xD;
Test&#xD;
Test&#xD;
Player Test1 won trick with Three of Diamonds&#xD;
Test&#xD;
Test&#xD;
Test&#xD;
Player Test1 won trick with Ten of Clubs&#xD;
Test&#xD;
Test&#xD;
Player Test1 won trick with Ace of Diamonds&#xD;
Test&#xD;
Test&#xD;
Player Test1 won trick with Six of Clubs&#xD;
Test&#xD;
Test&#xD;
Test&#xD;
Player Test1 won trick with Jack of Hearts&#xD;
Test&#xD;
Test&#xD;
Player Test3 won trick with Nine of Clubs&#xD;
Test&#xD;
Test&#xD;
Test&#xD;
Test&#xD;
Player Test1 won trick with Two of Hearts&#xD;
Test&#xD;
Test&#xD;
Test&#xD;
Player Test1 won trick with Four of Spades&#xD;
Test&#xD;
Test&#xD;
Test&#xD;
Test&#xD;
Player Test1 won trick with Jack of Hearts&#xD;
Test&#xD;
Test&#xD;
Player Test1 won trick with Jack of Diamonds&#xD;
Test&#xD;
Test&#xD;
Player Test2 won trick with King of Spades&#xD;
Test&#xD;
Test&#xD;
Test&#xD;
Test&#xD;
Player Test1 won trick with Two of Spades&#xD;
Test&#xD;
Player Test4 won trick with Queen of Diamonds&#xD;
Test&#xD;
Test&#xD;
Test&#xD;
Player Test1 won trick with Nine of Diamonds&#xD;
Test&#xD;
Player Test1 won trick with King of Spades&#xD;
Test&#xD;
Test&#xD;
Player Test1 won trick with Seven of Clubs&#xD;
Test&#xD;
Test&#xD;
Test&#xD;
Player Test1 won trick with Ten of Spades&#xD;
Test&#xD;
Test&#xD;
Test&#xD;
Test&#xD;
Player Test1 won trick with Four of Hearts&#xD;
Test&#xD;
Test&#xD;
Player Test3 won trick with Ace of Spades&#xD;
Test&#xD;
Test&#xD;
Test&#xD;
Player Test1 won trick with Ten of Hearts&#xD;
Test&#xD;
Test&#xD;
Player Test1 won trick with Six of Spades&#xD;
Test&#xD;
Test&#xD;
Test&#xD;
Test&#xD;
Player Test1 won trick with King of Hearts&#xD;
Test&#xD;
Test&#xD;
Test&#xD;
Test&#xD;
Player Test1 won trick with Seven of Hearts&#xD;
Test&#xD;
Test&#xD;
Test&#xD;
Player Test1 won trick with Six of Diamonds&#xD;
Test&#xD;
Test&#xD;
Test&#xD;
Player Test1 won trick with Eight of Spades&#xD;
Test&#xD;
Test&#xD;
Test&#xD;
Test&#xD;
Player Test1 won trick with Seven of Spades&#xD;
Test&#xD;
Test&#xD;
Player Test1 won trick with Jack of Spades&#xD;
Test&#xD;
Player Test4 won trick with Queen of Diamonds&#xD;
Test&#xD;
Test&#xD;
Test&#xD;
Player Test3 won trick with King of Hearts&#xD;
Test&#xD;
Player Test3 won trick with Ace of Spades&#xD;
Test&#xD;
Player Test3 won trick with Eight of Diamonds&#xD;
Test&#xD;
Player Test4 won trick with King of Clubs&#xD;
Test&#xD;
Test&#xD;
Test&#xD;
Player Test1 won trick with Queen of Diamonds&#xD;
Test&#xD;
Test&#xD;
Test&#xD;
Player Test2 won trick with Eight of Hearts&#xD;
Test&#xD;
Player Test2 won trick with King of Diamonds&#xD;
Test&#xD;
Player Test1 won trick with Ace of Spades&#xD;
Test&#xD;
Test&#xD;
Test&#xD;
Player Test1 won trick with Jack of Hearts&#xD;
Test&#xD;
Test&#xD;
Player Test1 won trick with Ten of Clubs&#xD;
Test&#xD;
Test&#xD;
Player Test2 won trick with Ace of Spades&#xD;
Test&#xD;
Test&#xD;
Player Test1 won trick with Ten of Spades&#xD;
Test&#xD;
Test&#xD;
Test&#xD;
Player Test1 won trick with Nine of Hearts&#xD;
Test&#xD;
Test&#xD;
Test&#xD;
Player Test4 won trick with Seven of Hearts&#xD;
Test&#xD;
Test&#xD;
Player Test2 won trick with Queen of Hearts&#xD;
Test&#xD;
Test&#xD;
Player Test2 won trick with Ten of Spades&#xD;
Test&#xD;
Test&#xD;
Player Test2 won trick with Jack of Hearts&#xD;
Test&#xD;
Test&#xD;
Test&#xD;
Player Test1 won trick with Seven of Spades&#xD;
Test&#xD;
Test&#xD;
Player Test3 won trick with King of Hearts&#xD;
Test&#xD;
Player Test3 won trick with Eight of Spades&#xD;
Test&#xD;
Player Test1 won trick with Queen of Clubs&#xD;
Test&#xD;
Test&#xD;
Player Test3 won trick with Queen of Diamonds&#xD;
Test&#xD;
Test&#xD;
Test&#xD;
Player Test1 won trick with Nine of Clubs&#xD;
Test&#xD;
Test&#xD;
Player Test1 won trick with Ace of Spades&#xD;
Test&#xD;
Test&#xD;
Test&#xD;
Player Test1 won trick with Five of Clubs&#xD;
Test&#xD;
Player Test1 won trick with Jack of Diamonds&#xD;
Test&#xD;
Test&#xD;
Test&#xD;
Player Test1 won trick with Eight of Hearts&#xD;
Test&#xD;
Test&#xD;
Test&#xD;
Player Test1 won trick with Queen of Hearts&#xD;
Test&#xD;
Test&#xD;
Test&#xD;
Player Test1 won trick with Ten of Diamonds&#xD;
Test&#xD;
Test&#xD;
Player Test3 won trick with Six of Diamonds&#xD;
Test&#xD;
Test&#xD;
Test&#xD;
Player Test1 won trick with Eight of Diamonds&#xD;
Test&#xD;
Test&#xD;
Player Test1 won trick with Queen of Spades&#xD;
Test&#xD;
Test&#xD;
Test&#xD;
Player Test1 won trick with Ace of Clubs&#xD;
Test&#xD;
Test&#xD;
Player Test2 won trick with Jack of Spades&#xD;
Test&#xD;
Test&#xD;
Player Test3 won trick with Ten of Diamonds&#xD;
Test&#xD;
Test&#xD;
Test&#xD;
Player Test1 won trick with Six of Spades&#xD;
Test&#xD;
Test&#xD;
Player Test1 won trick with Seven of Spades&#xD;
Test&#xD;
Player Test3 won trick with Ace of Diamonds&#xD;
Test&#xD;
Test&#xD;
Test&#xD;
Player Test1 won trick with Ten of Diamonds&#xD;
Test&#xD;
Test&#xD;
Player Test2 won trick with Six of Clubs&#xD;
Test&#xD;
Test&#xD;
Test&#xD;
Player Test1 won trick with Six of Spades&#xD;
Test&#xD;
Test&#xD;
Test&#xD;
Test&#xD;
Player Test1 won trick with Ten of Hearts&#xD;
Test&#xD;
Player Test3 won trick with Ace of Spades&#xD;
Test&#xD;
Test&#xD;
Test&#xD;
Player Test1 won trick with King of Diamonds&#xD;
Test&#xD;
Test&#xD;
Test&#xD;
Player Test1 won trick with Four of Diamonds&#xD;
Test&#xD;
Player Test1 won trick with Nine of Spades&#xD;
Test&#xD;
Player Test1 won trick with King of Spades&#xD;
Test&#xD;
Test&#xD;
Test&#xD;
Player Test1 won trick with Queen of Clubs&#xD;
Test&#xD;
Test&#xD;
Test&#xD;
Player Test1 won trick with Five of Spades&#xD;
Test&#xD;
Test&#xD;
Test&#xD;
Test&#xD;
Player Test1 won trick with Ace of Hearts&#xD;
Test&#xD;
Test&#xD;
Test&#xD;
Player Test1 won trick with Ace of Clubs&#xD;
Test&#xD;
Test&#xD;
Test&#xD;
Test&#xD;
Player Test1 won trick with Three of Hearts&#xD;
Test&#xD;
Player Test1 won trick with Nine of Diamonds&#xD;
Test&#xD;
Player Test4 won trick with Ten of Diamonds&#xD;
Test&#xD;
Test&#xD;
Test&#xD;
Player Test1 won trick with Six of Clubs&#xD;
Test&#xD;
Test&#xD;
Test&#xD;
Player Test3 won trick with Ace of Hearts&#xD;
Test&#xD;
Test&#xD;
Player Test2 won trick with Jack of Clubs&#xD;
Test&#xD;
Test&#xD;
Test&#xD;
Player Test1 won trick with Nine of Diamonds&#xD;
Test&#xD;
Test&#xD;
Test&#xD;
Player Test1 won trick with Three of Spades&#xD;
Test&#xD;
Test&#xD;
Player Test3 won trick with Jack of Clubs&#xD;
Test&#xD;
Test&#xD;
Player Test4 won trick with Three of Clubs&#xD;
Test&#xD;
Player Test4 won trick with King of Spades&#xD;
Test&#xD;
Test&#xD;
Test&#xD;
Player Test1 won trick with Eight of Diamonds&#xD;
Test&#xD;
Test&#xD;
Test&#xD;
Player Test1 won trick with Ace of Hearts&#xD;
Test&#xD;
Test&#xD;
Test&#xD;
Player Test1 won trick with Seven of Spades&#xD;
Test&#xD;
Test&#xD;
Test&#xD;
Player Test1 won trick with Seven of Clubs&#xD;
Test&#xD;
Test&#xD;
Test&#xD;
Player Test1 won trick with Three of Spades&#xD;
Test&#xD;
Test&#xD;
Player Test1 won trick with Seven of Spades&#xD;
Test&#xD;
Test&#xD;
Player Test2 won trick with Ace of Clubs&#xD;
Test&#xD;
Test&#xD;
Test&#xD;
Test&#xD;
Player Test1 won trick with King of Hearts&#xD;
Test&#xD;
Test&#xD;
Player Test2 won trick with King of Diamonds&#xD;
Test&#xD;
Test&#xD;
Player Test4 won trick with Ten of Spades&#xD;
Test&#xD;
Test&#xD;
Test&#xD;
Player Test1 won trick with Nine of Diamonds&#xD;
Test&#xD;
Test&#xD;
Test&#xD;
Player Test1 won trick with Two of Clubs&#xD;
Test&#xD;
Test&#xD;
Test&#xD;
Test&#xD;
Player Test1 won trick with Jack of Hearts&#xD;
Test&#xD;
Test&#xD;
Test&#xD;
Player Test1 won trick with Jack of Spades&#xD;
Test&#xD;
Player Test2 won trick with Jack of Spades&#xD;
Test&#xD;
Test&#xD;
Player Test1 won trick with Ace of Clubs&#xD;
Test&#xD;
Test&#xD;
Player Test4 won trick with Nine of Spades&#xD;
Test&#xD;
Test&#xD;
Test&#xD;
Player Test3 won trick with King of Hearts&#xD;
Test&#xD;
Test&#xD;
Player Test4 won trick with Queen of Hearts&#xD;
Test&#xD;
Test&#xD;
Test&#xD;
Player Test2 won trick with Ten of Hearts&#xD;
Test&#xD;
Test&#xD;
Test&#xD;
Test&#xD;
Player Test1 won trick with Six of Hearts&#xD;
Test&#xD;
Test&#xD;
Test&#xD;
Player Test1 won trick with Jack of Diamonds&#xD;
Test&#xD;
Test&#xD;
Test&#xD;
Player Test1 won trick with Eight of Hearts&#xD;
Test&#xD;
Test&#xD;
Test&#xD;
Player Test1 won trick with Eight of Spades&#xD;
Test&#xD;
Test&#xD;
Test&#xD;
Player Test1 won trick with Two of Spades&#xD;
Test&#xD;
Test&#xD;
Player Test4 won trick with Seven of Spades&#xD;
Test&#xD;
Test&#xD;
Player Test2 won trick with Nine of Spades&#xD;
Test&#xD;
Test&#xD;
Test&#xD;
Player Test1 won trick with Six of Clubs&#xD;
Test&#xD;
Test&#xD;
Test&#xD;
Player Test1 won trick with Five of Diamonds&#xD;
Test&#xD;
Test&#xD;
Player Test3 won trick with Ten of Spades&#xD;
Test&#xD;
Test&#xD;
Test&#xD;
Player Test1 won trick with King of Spades&#xD;
Player Test3 won trick with King of Diamonds&#xD;
Test&#xD;
Test&#xD;
Test&#xD;
Player Test1 won trick with Seven of Spades&#xD;
Test&#xD;
Test&#xD;
Test&#xD;
Test&#xD;
Player Test1 won trick with Queen of Hearts&#xD;
Test&#xD;
Test&#xD;
Player Test3 won trick with Six of Diamonds&#xD;
Test&#xD;
Test&#xD;
Test&#xD;
Player Test1 won trick with King of Hearts&#xD;
Test&#xD;
Test&#xD;
Test&#xD;
Player Test1 won trick with Ace of Spades&#xD;
Test&#xD;
Test&#xD;
Player Test4 won trick with Ace of Clubs&#xD;
Test&#xD;
Test&#xD;
Test&#xD;
Player Test1 won trick with Eight of Diamonds&#xD;
Test&#xD;
Test&#xD;
Test&#xD;
Player Test1 won trick with Ace of Diamonds&#xD;
Test&#xD;
Test&#xD;
Player Test4 won trick with Ace of Clubs&#xD;
Test&#xD;
Test&#xD;
Test&#xD;
Player Test1 won trick with Three of Diamonds&#xD;
Test&#xD;
Test&#xD;
Test&#xD;
Test&#xD;
Player Test1 won trick with Queen of Hearts&#xD;
Test&#xD;
Test&#xD;
Test&#xD;
Player Test1 won trick with Two of Clubs&#xD;
Test&#xD;
Test&#xD;
Player Test3 won trick with Ace of Hearts&#xD;
Test&#xD;
Test&#xD;
Test&#xD;
Test&#xD;
Player Test1 won trick with Jack of Hearts&#xD;
Test&#xD;
Test&#xD;
Test&#xD;
Player Test1 won trick with Eight of Diamonds&#xD;
Test&#xD;
Test&#xD;
Test&#xD;
Player Test1 won trick with Ten of Hearts&#xD;
Test&#xD;
Player Test3 won trick with Queen of Diamonds&#xD;
Test&#xD;
Test&#xD;
Player Test2 won trick with Jack of Hearts&#xD;
Test&#xD;
Test&#xD;
Player Test1 won trick with Nine of Clubs&#xD;
Test&#xD;
Test&#xD;
Test&#xD;
Player Test1 won trick with Three of Spades&#xD;
Test&#xD;
Test&#xD;
Player Test3 won trick with Ace of Diamonds&#xD;
Test&#xD;
Player Test1 won trick with Six of Diamonds&#xD;
Test&#xD;
Test&#xD;
Test&#xD;
Player Test1 won trick with Eight of Hearts&#xD;
Test&#xD;
Player Test2 won trick with King of Spades&#xD;
Test&#xD;
Player Test1 won trick with Queen of Clubs&#xD;
Test&#xD;
Player Test1 won trick with King of Diamonds&#xD;
Test&#xD;
Test&#xD;
Test&#xD;
Player Test1 won trick with Ten of Spades&#xD;
Test&#xD;
Test&#xD;
Test&#xD;
Player Test1 won trick with Two of Spades&#xD;
Test&#xD;
Test&#xD;
Test&#xD;
Player Test1 won trick with King of Clubs&#xD;
Test&#xD;
Test&#xD;
Player Test1 won trick with Ten of Clubs&#xD;
Test&#xD;
Test&#xD;
Player Test4 won trick with Queen of Spades&#xD;
Test&#xD;
Test&#xD;
Test&#xD;
Test&#xD;
Player Test1 won trick with Queen of Hearts&#xD;
Test&#xD;
Test&#xD;
Player Test2 won trick with Ace of Diamonds&#xD;
Test&#xD;
Test&#xD;
Test&#xD;
Player Test2 won trick with Eight of Hearts&#xD;
Test&#xD;
Player Test2 won trick with Ten of Spades&#xD;
Test&#xD;
Test&#xD;
Test&#xD;
Test&#xD;
Player Test1 won trick with Jack of Clubs&#xD;
Test&#xD;
Test&#xD;
Test&#xD;
Player Test1 won trick with Five of Diamonds&#xD;
Test&#xD;
Test&#xD;
Test&#xD;
Player Test3 won trick with Seven of Hearts&#xD;
Test&#xD;
Test&#xD;
Test&#xD;
Player Test1 won trick with Ten of Clubs&#xD;
Test&#xD;
Test&#xD;
Test&#xD;
Test&#xD;
Player Test1 won trick with King of Diamonds&#xD;
Test&#xD;
Test&#xD;
Test&#xD;
Player Test1 won trick with Five of Spades&#xD;
Test&#xD;
Player Test1 won trick with King of Clubs&#xD;
Test&#xD;
Test&#xD;
Test&#xD;
Player Test1 won trick with Two of Spades&#xD;
Test&#xD;
Test&#xD;
Test&#xD;
Player Test1 won trick with Jack of Spades&#xD;
Test&#xD;
Test&#xD;
Player Test1 won trick with Ace of Diamonds&#xD;
Test&#xD;
Test&#xD;
Test&#xD;
Test&#xD;
Player Test1 won trick with Two of Hearts&#xD;
Test&#xD;
Test&#xD;
Test&#xD;
Player Test1 won trick with Five of Spades&#xD;
Test&#xD;
Test&#xD;
Test&#xD;
Player Test1 won trick with Ten of Hearts&#xD;
Test&#xD;
Test&#xD;
Test&#xD;
Player Test1 won trick with Ten of Diamonds&#xD;
Test&#xD;
Test&#xD;
Player Test3 won trick with King of Diamonds&#xD;
Test&#xD;
Test&#xD;
Test&#xD;
Test&#xD;
Player Test1 won trick with Ace of Hearts&#xD;
Test&#xD;
Test&#xD;
Test&#xD;
Player Test1 won trick with Nine of Diamonds&#xD;
Test&#xD;
Test&#xD;
Test&#xD;
Player Test1 won trick with Ace of Clubs&#xD;
Test&#xD;
Test&#xD;
Player Test4 won trick with Seven of Diamonds&#xD;
Test&#xD;
Test&#xD;
Player Test1 won trick with Ten of Clubs&#xD;
Test&#xD;
Test&#xD;
Test&#xD;
Player Test2 won trick with Five of Hearts&#xD;
Test&#xD;
Test&#xD;
Test&#xD;
Test&#xD;
Player Test1 won trick with Eight of Hearts&#xD;
Test&#xD;
Test&#xD;
Test&#xD;
Player Test1 won trick with King of Diamonds&#xD;
Test&#xD;
Test&#xD;
Player Test4 won trick with Queen of Hearts&#xD;
Test&#xD;
Test&#xD;
Test&#xD;
Player Test2 won trick with Nine of Hearts&#xD;
Test&#xD;
Test&#xD;
Player Test1 won trick with Ten of Diamonds&#xD;
Test&#xD;
Test&#xD;
Test&#xD;
Test&#xD;
Player Test1 won trick with Five of Hearts&#xD;
Test&#xD;
Test&#xD;
Player Test1 won trick with Eight of Diamonds&#xD;
Test&#xD;
Test&#xD;
Test&#xD;
Player Test1 won trick with Two of Clubs&#xD;
Test&#xD;
Test&#xD;
Test&#xD;
Player Test2 won trick with Nine of Hearts&#xD;
Test&#xD;
Test&#xD;
Test&#xD;
Test&#xD;
Player Test1 won trick with Six of Hearts&#xD;
Test&#xD;
Test&#xD;
Test&#xD;
Player Test1 won trick with Nine of Hearts&#xD;
Test&#xD;
Test&#xD;
Test&#xD;
Test&#xD;
Player Test1 won trick with Two of Diamonds&#xD;
Test&#xD;
Test&#xD;
Test&#xD;
Player Test1 won trick with Seven of Diamonds&#xD;
Test&#xD;
Test&#xD;
Test&#xD;
Player Test1 won trick with Jack of Spades&#xD;
Test&#xD;
Test&#xD;
Test&#xD;
Player Test1 won trick with Nine of Clubs&#xD;
Test&#xD;
Test&#xD;
Test&#xD;
Player Test1 won trick with Jack of Spades&#xD;
Test&#xD;
Test&#xD;
Player Test1 won trick with Queen of Spades&#xD;
Test&#xD;
Player Test2 won trick with Five of Clubs&#xD;
Test&#xD;
Test&#xD;
Test&#xD;
Player Test1 won trick with Jack of Hearts&#xD;
Test&#xD;
Test&#xD;
Test&#xD;
Test&#xD;
Player Test1 won trick with Six of Hearts&#xD;
Test&#xD;
Test&#xD;
Test&#xD;
Player Test1 won trick with Jack of Diamonds&#xD;
Test&#xD;
Test&#xD;
Test&#xD;
Player Test1 won trick with Six of Clubs&#xD;
Test&#xD;
Test&#xD;
Test&#xD;
Player Test1 won trick with Seven of Clubs&#xD;
Test&#xD;
Test&#xD;
Player Test2 won trick with Ten of Hearts&#xD;
Test&#xD;
Test&#xD;
Test&#xD;
Test&#xD;
Player Test1 won trick with Seven of Hearts&#xD;
Test&#xD;
Test&#xD;
Player Test2 won trick with Nine of Diamonds&#xD;
Test&#xD;
Player Test1 won trick with King of Clubs&#xD;
Test&#xD;
Test&#xD;
Test&#xD;
Test&#xD;
Player Test1 won trick with Four of Hearts&#xD;
Test&#xD;
Test&#xD;
Test&#xD;
Player Test2 won trick with Ace of Hearts&#xD;
Test&#xD;
Test&#xD;
Player Test1 won trick with Nine of Spades&#xD;
Test&#xD;
Test&#xD;
Player Test1 won trick with Seven of Clubs&#xD;
Test&#xD;
Test&#xD;
Test&#xD;
Player Test1 won trick with Nine of Clubs&#xD;
Test&#xD;
Test&#xD;
Player Test4 won trick with Ace of Diamonds&#xD;
Test&#xD;
Player Test3 won trick with King of Spades&#xD;
Test&#xD;
Test&#xD;
Test&#xD;
Player Test1 won trick with Eight of Spades&#xD;
Test&#xD;
Test&#xD;
Test&#xD;
Player Test1 won trick with Eight of Spades&#xD;
Test&#xD;
Test&#xD;
Player Test4 won trick with Ten of Clubs&#xD;
Test&#xD;
Test&#xD;
Test&#xD;
Player Test1 won trick with Ten of Hearts&#xD;
Test&#xD;
Test&#xD;
Test&#xD;
Test&#xD;
Player Test1 won trick with King of Hearts&#xD;
Test&#xD;
Test&#xD;
Test&#xD;
Test&#xD;
Player Test1 won trick with Six of Hearts&#xD;
Test&#xD;
Test&#xD;
Test&#xD;
Player Test1 won trick with Two of Diamonds&#xD;
Test&#xD;
Test&#xD;
Test&#xD;
Player Test1 won trick with Nine of Clubs&#xD;
Test&#xD;
Test&#xD;
Test&#xD;
Player Test1 won trick with Four of Diamonds&#xD;
Test&#xD;
Test&#xD;
Test&#xD;
Player Test1 won trick with Nine of Diamonds&#xD;
Test&#xD;
Test&#xD;
Player Test3 won trick with Ace of Clubs&#xD;
Test&#xD;
Test&#xD;
Test&#xD;
Player Test1 won trick with King of Spades&#xD;
Test&#xD;
Test&#xD;
Test&#xD;
Player Test1 won trick with Seven of Spades&#xD;
Test&#xD;
Test&#xD;
Player Test3 won trick with Queen of Diamonds&#xD;
Test&#xD;
Test&#xD;
Test&#xD;
Test&#xD;
Player Test1 won trick with Six of Diamonds&#xD;
Test&#xD;
Test&#xD;
Test&#xD;
Player Test1 won trick with Ace of Clubs&#xD;
Test&#xD;
Test&#xD;
Player Test1 won trick with Jack of Diamonds&#xD;
Test&#xD;
Test&#xD;
Test&#xD;
Player Test1 won trick with Two of Diamonds&#xD;
Test&#xD;
Player Test1 won trick with Queen of Diamonds&#xD;
Test&#xD;
Test&#xD;
Test&#xD;
Player Test1 won trick with Seven of Diamonds&#xD;
Test&#xD;
Test&#xD;
Test&#xD;
Player Test1 won trick with Queen of Spades&#xD;
Test&#xD;
Player Test4 won trick with Ace of Clubs&#xD;
Test&#xD;
Test&#xD;
Player Test1 won trick with Four of Diamonds&#xD;
Test&#xD;
Player Test3 won trick with Nine of Clubs&#xD;
Test&#xD;
Player Test1 won trick with Nine of Diamonds&#xD;
Test&#xD;
Test&#xD;
Test&#xD;
Player Test3 won trick with Ten of Hearts&#xD;
Test&#xD;
Test&#xD;
Test&#xD;
Player Test1 won trick with Jack of Diamonds&#xD;
Test&#xD;
Test&#xD;
Test&#xD;
Test&#xD;
Player Test1 won trick with Queen of Hearts&#xD;
Test&#xD;
Test&#xD;
Player Test1 won trick with Nine of Spades&#xD;
Test&#xD;
Test&#xD;
Test&#xD;
Player Test1 won trick with King of Spades&#xD;
Test&#xD;
Test&#xD;
Player Test1 won trick with Nine of Spades&#xD;
Test&#xD;
Test&#xD;
Test&#xD;
Player Test1 won trick with Ten of Diamonds&#xD;
Test&#xD;
Test&#xD;
Player Test1 won trick with Nine of Diamonds&#xD;
Test&#xD;
Test&#xD;
Player Test3 won trick with Ten of Clubs&#xD;
Test&#xD;
Test&#xD;
Test&#xD;
Player Test1 won trick with Three of Diamonds&#xD;
Test&#xD;
Player Test1 won trick with Ace of Clubs&#xD;
Test&#xD;
Test&#xD;
Player Test2 won trick with King of Spades&#xD;
Test&#xD;
Test&#xD;
Player Test1 won trick with Queen of Clubs&#xD;
Test&#xD;
Test&#xD;
Test&#xD;
Player Test1 won trick with Four of Spades&#xD;
Test&#xD;
Test&#xD;
Test&#xD;
Player Test1 won trick with Six of Clubs&#xD;
Test&#xD;
Test&#xD;
Test&#xD;
Test&#xD;
Player Test1 won trick with Six of Hearts&#xD;
Test&#xD;
Player Test2 won trick with King of Spades&#xD;
Test&#xD;
Test&#xD;
Player Test2 won trick with Nine of Clubs&#xD;
Test&#xD;
Test&#xD;
Player Test2 won trick with King of Spades&#xD;
Test&#xD;
Test&#xD;
Player Test4 won trick with King of Diamonds&#xD;
Test&#xD;
Test&#xD;
Test&#xD;
Player Test1 won trick with Jack of Spades&#xD;
Test&#xD;
Test&#xD;
Player Test1 won trick with Queen of Clubs&#xD;
Test&#xD;
Test&#xD;
Player Test1 won trick with Six of Clubs&#xD;
Test&#xD;
Test&#xD;
Player Test2 won trick with Ten of Spades&#xD;
Test&#xD;
Test&#xD;
Test&#xD;
Player Test1 won trick with King of Hearts&#xD;
Test&#xD;
Test&#xD;
Test&#xD;
Player Test1 won trick with Ten of Clubs&#xD;
Test&#xD;
Test&#xD;
Test&#xD;
Player Test1 won trick with Eight of Clubs&#xD;
Test&#xD;
Test&#xD;
Test&#xD;
Player Test1 won trick with Two of Clubs&#xD;
Test&#xD;
Test&#xD;
Test&#xD;
Test&#xD;
Player Test1 won trick with Five of Clubs&#xD;
Test&#xD;
Test&#xD;
Test&#xD;
Player Test1 won trick with Ace of Hearts&#xD;
Test&#xD;
Test&#xD;
Test&#xD;
Test&#xD;
Player Test1 won trick with Eight of Hearts&#xD;
Test&#xD;
Test&#xD;
Test&#xD;
Player Test1 won trick with Ten of Diamonds&#xD;
Test&#xD;
Player Test4 won trick with Nine of Diamonds&#xD;
Test&#xD;
Test&#xD;
Player Test1 won trick with Six of Diamonds&#xD;
Test&#xD;
Test&#xD;
Test&#xD;
Test&#xD;
Player Test1 won trick with Five of Hearts&#xD;
Test&#xD;
Test&#xD;
Test&#xD;
Test&#xD;
Player Test1 won trick with King of Hearts&#xD;
Test&#xD;
Test&#xD;
Test&#xD;
Player Test1 won trick with Nine of Hearts&#xD;
Test&#xD;
Test&#xD;
Player Test1 won trick with Nine of Spades&#xD;
Test&#xD;
Test&#xD;
Player Test1 won trick with Six of Spades&#xD;
Test&#xD;
Test&#xD;
Player Test4 won trick with Four of Spades&#xD;
Test&#xD;
Test&#xD;
Test&#xD;
Player Test3 won trick with Six of Hearts&#xD;
Test&#xD;
Test&#xD;
Player Test4 won trick with Jack of Clubs&#xD;
Test&#xD;
Test&#xD;
Test&#xD;
Player Test1 won trick with Nine of Diamonds&#xD;
Test&#xD;
Test&#xD;
Test&#xD;
Player Test1 won trick with Seven of Diamonds&#xD;
Test&#xD;
Test&#xD;
Test&#xD;
Player Test1 won trick with King of Diamonds&#xD;
Test&#xD;
Test&#xD;
Player Test1 won trick with Four of Spades&#xD;
Test&#xD;
Test&#xD;
Player Test3 won trick with Five of Clubs&#xD;
Test&#xD;
Test&#xD;
Player Test1 won trick with Nine of Spades&#xD;
Test&#xD;
Test&#xD;
Test&#xD;
Test&#xD;
Player Test1 won trick with Jack of Hearts&#xD;
Test&#xD;
Player Test3 won trick with Queen of Clubs&#xD;
Test&#xD;
Test&#xD;
Test&#xD;
Player Test1 won trick with Nine of Clubs&#xD;
Test&#xD;
Test&#xD;
Test&#xD;
Player Test1 won trick with Jack of Diamonds&#xD;
Test&#xD;
Player Test2 won trick with Ace of Spades&#xD;
Test&#xD;
Test&#xD;
Test&#xD;
Player Test1 won trick with Ace of Spades&#xD;
Test&#xD;
Test&#xD;
Test&#xD;
Player Test1 won trick with Ten of Hearts&#xD;
Test&#xD;
Test&#xD;
Test&#xD;
Player Test1 won trick with Nine of Diamonds&#xD;
Test&#xD;
Test&#xD;
Test&#xD;
Player Test1 won trick with Ten of Clubs&#xD;
Test&#xD;
Test&#xD;
Test&#xD;
Player Test3 won trick with Ace of Hearts&#xD;
Test&#xD;
Player Test3 won trick with Ace of Clubs&#xD;
Test&#xD;
Test&#xD;
Player Test3 won trick with Ace of Hearts&#xD;
Test&#xD;
Test&#xD;
Test&#xD;
Player Test1 won trick with Seven of Clubs&#xD;
Test&#xD;
Test&#xD;
Test&#xD;
Player Test1 won trick with Eight of Clubs&#xD;
Test&#xD;
Test&#xD;
Test&#xD;
Player Test3 won trick with Three of Hearts&#xD;
Test&#xD;
Test&#xD;
Test&#xD;
Player Test1 won trick with Four of Hearts&#xD;
Test&#xD;
Test&#xD;
Test&#xD;
Player Test1 won trick with Three of Clubs&#xD;
Test&#xD;
Test&#xD;
Test&#xD;
Player Test1 won trick with Six of Hearts&#xD;
Test&#xD;
Test&#xD;
Test&#xD;
Player Test1 won trick with Ten of Spades&#xD;
Test&#xD;
Test&#xD;
Player Test4 won trick with Jack of Clubs&#xD;
Test&#xD;
Test&#xD;
Test&#xD;
Test&#xD;
Player Test1 won trick with Ace of Hearts&#xD;
Test&#xD;
Test&#xD;
Player Test1 won trick with Ace of Diamonds&#xD;
Test&#xD;
Test&#xD;
Test&#xD;
Player Test1 won trick with Queen of Diamonds&#xD;
Test&#xD;
Test&#xD;
Test&#xD;
Player Test1 won trick with Seven of Spades&#xD;
Test&#xD;
Test&#xD;
Player Test1 won trick with King of Spades&#xD;
Test&#xD;
Test&#xD;
Player Test1 won trick with Nine of Spades&#xD;
Test&#xD;
Test&#xD;
Test&#xD;
Test&#xD;
Player Test1 won trick with Ten of Hearts&#xD;
Test&#xD;
Test&#xD;
Test&#xD;
Player Test1 won trick with King of Hearts&#xD;
Test&#xD;
Test&#xD;
Test&#xD;
Player Test1 won trick with Jack of Clubs&#xD;
Test&#xD;
Test&#xD;
Player Test4 won trick with Ace of Spades&#xD;
Test&#xD;
Player Test3 won trick with Ten of Diamonds&#xD;
Test&#xD;
Test&#xD;
Test&#xD;
Player Test1 won trick with Ten of Hearts&#xD;
Test&#xD;
Test&#xD;
Player Test1 won trick with Queen of Clubs&#xD;
Test&#xD;
Player Test4 won trick with Queen of Diamonds&#xD;
Test&#xD;
Test&#xD;
Test&#xD;
Player Test2 won trick with Queen of Clubs&#xD;
Test&#xD;
Test&#xD;
Player Test1 won trick with Jack of Spades&#xD;
Test&#xD;
Test&#xD;
Player Test3 won trick with King of Spades&#xD;
Test&#xD;
Test&#xD;
Player Test1 won trick with Ten of Diamonds&#xD;
Test&#xD;
Test&#xD;
Player Test1 won trick with Nine of Diamonds&#xD;
Test&#xD;
Player Test4 won trick with Jack of Spades&#xD;
Test&#xD;
Test&#xD;
Player Test1 won trick with Four of Spades&#xD;
Test&#xD;
Test&#xD;
Test&#xD;
Player Test1 won trick with Nine of Diamonds&#xD;
Test&#xD;
Test&#xD;
Player Test1 won trick with King of Spades&#xD;
Test&#xD;
Test&#xD;
Test&#xD;
Player Test1 won trick with Ten of Diamonds&#xD;
Test&#xD;
Test&#xD;
Test&#xD;
Player Test1 won trick with King of Hearts&#xD;
Test&#xD;
Test&#xD;
Test&#xD;
Player Test1 won trick with King of Diamonds&#xD;
Test&#xD;
Test&#xD;
Player Test1 won trick with Jack of Spades&#xD;
Test&#xD;
Test&#xD;
Test&#xD;
Player Test4 won trick with Queen of Spades&#xD;
Test&#xD;
Test&#xD;
Player Test4 won trick with Nine of Spades&#xD;
Test&#xD;
Test&#xD;
Player Test1 won trick with Ace of Spades&#xD;
Test&#xD;
Test&#xD;
Player Test4 won trick with King of Clubs&#xD;
Test&#xD;
Player Test3 won trick with King of Diamonds&#xD;
Test&#xD;
Test&#xD;
Player Test1 won trick with Ten of Clubs&#xD;
Test&#xD;
Test&#xD;
Player Test4 won trick with Ace of Spades&#xD;
Test&#xD;
Test&#xD;
Test&#xD;
Player Test1 won trick with Seven of Spades&#xD;
Test&#xD;
Test&#xD;
Test&#xD;
Test&#xD;
Player Test1 won trick with Four of Hearts&#xD;
Test&#xD;
Test&#xD;
Test&#xD;
Test&#xD;
Player Test1 won trick with Jack of Hearts&#xD;
Test&#xD;
Test&#xD;
Player Test1 won trick with Four of Diamonds&#xD;
Test&#xD;
Test&#xD;
Player Test2 won trick with Ten of Diamonds&#xD;
Test&#xD;
Test&#xD;
Test&#xD;
Player Test1 won trick with Five of Spades&#xD;
Test&#xD;
Test&#xD;
Player Test1 won trick with Jack of Diamonds&#xD;
Test&#xD;
Test&#xD;
Test&#xD;
Player Test1 won trick with Ten of Diamonds&#xD;
Test&#xD;
Test&#xD;
Player Test1 won trick with Nine of Clubs&#xD;
Test&#xD;
Player Test2 won trick with Queen of Diamonds&#xD;
Test&#xD;
Test&#xD;
Player Test1 won trick with Seven of Diamonds&#xD;
Test&#xD;
Test&#xD;
Player Test1 won trick with Two of Diamonds&#xD;
Test&#xD;
Test&#xD;
Player Test3 won trick with Jack of Diamonds&#xD;
Test&#xD;
Test&#xD;
Test&#xD;
Player Test4 won trick with Queen of Hearts&#xD;
Test&#xD;
Test&#xD;
Test&#xD;
Player Test1 won trick with Jack of Clubs&#xD;
Test&#xD;
Test&#xD;
Test&#xD;
Player Test1 won trick with Six of Spades&#xD;
Test&#xD;
Player Test1 won trick with King of Hearts&#xD;
Test&#xD;
Test&#xD;
Player Test1 won trick with Ace of Diamonds&#xD;
Test&#xD;
Player Test1 won trick with Ten of Clubs&#xD;
Test&#xD;
Test&#xD;
Player Test3 won trick with Five of Spades&#xD;
Test&#xD;
Test&#xD;
Player Test4 won trick with Queen of Spades&#xD;
Test&#xD;
Test&#xD;
Test&#xD;
Player Test1 won trick with Nine of Spades&#xD;
Test&#xD;
Test&#xD;
Test&#xD;
Player Test4 won trick with Queen of Hearts&#xD;
Test&#xD;
Test&#xD;
Player Test1 won trick with Ace of Diamonds&#xD;
Test&#xD;
Test&#xD;
Test&#xD;
Test&#xD;
Player Test1 won trick with Six of Hearts&#xD;
Test&#xD;
Test&#xD;
Player Test1 won trick with King of Diamonds&#xD;
Test&#xD;
Test&#xD;
Test&#xD;
Player Test1 won trick with Seven of Spades&#xD;
Test&#xD;
Test&#xD;
Test&#xD;
Player Test1 won trick with King of Spades&#xD;
Player Test2 won trick with Ace of Clubs&#xD;
Test&#xD;
Test&#xD;
Test&#xD;
Test&#xD;
Player Test1 won trick with Ace of Hearts&#xD;
Test&#xD;
Test&#xD;
Player Test1 won trick with Four of Diamonds&#xD;
Test&#xD;
Test&#xD;
Test&#xD;
Player Test3 won trick with Seven of Hearts&#xD;
Test&#xD;
Test&#xD;
Test&#xD;
Test&#xD;
Player Test1 won trick with Queen of Hearts&#xD;
Test&#xD;
Test&#xD;
Test&#xD;
Player Test1 won trick with Ten of Hearts&#xD;
Test&#xD;
Test&#xD;
Player Test3 won trick with Eight of Diamonds&#xD;
Test&#xD;
Test&#xD;
Test&#xD;
Test&#xD;
Player Test1 won trick with Three of Clubs&#xD;
Test&#xD;
Player Test2 won trick with King of Hearts&#xD;
Test&#xD;
Test&#xD;
Test&#xD;
Player Test1 won trick with Ten of Clubs&#xD;
Test&#xD;
Player Test3 won trick with Seven of Spades&#xD;
Test&#xD;
Test&#xD;
Test&#xD;
Player Test1 won trick with Nine of Clubs&#xD;
Test&#xD;
Test&#xD;
Player Test1 won trick with Nine of Clubs&#xD;
Test&#xD;
Player Test1 won trick with Ace of Clubs&#xD;
Test&#xD;
Test&#xD;
Test&#xD;
Test&#xD;
Player Test1 won trick with Jack of Hearts&#xD;
Test&#xD;
Test&#xD;
Player Test4 won trick with King of Hearts&#xD;
Test&#xD;
Test&#xD;
Test&#xD;
Test&#xD;
Player Test1 won trick with Six of Hearts&#xD;
Test&#xD;
Test&#xD;
Player Test3 won trick with King of Spades&#xD;
Test&#xD;
Test&#xD;
Test&#xD;
Player Test1 won trick with Six of Spades&#xD;
Test&#xD;
Test&#xD;
Test&#xD;
Player Test1 won trick with Ten of Spades&#xD;
Test&#xD;
Test&#xD;
Test&#xD;
Player Test1 won trick with Ten of Clubs&#xD;
Test&#xD;
Test&#xD;
Test&#xD;
Player Test1 won trick with Queen of Diamonds&#xD;
Test&#xD;
Test&#xD;
Player Test4 won trick with Four of Diamonds&#xD;
Test&#xD;
Test&#xD;
Test&#xD;
Player Test1 won trick with Ten of Clubs&#xD;
Test&#xD;
Test&#xD;
Test&#xD;
Player Test1 won trick with Seven of Hearts&#xD;
Test&#xD;
Test&#xD;
Test&#xD;
Test&#xD;
Player Test1 won trick with Two of Hearts&#xD;
Test&#xD;
Test&#xD;
Test&#xD;
Player Test1 won trick with Ace of Spades&#xD;
Test&#xD;
Test&#xD;
Test&#xD;
Player Test1 won trick with Two of Clubs&#xD;
Test&#xD;
Test&#xD;
Test&#xD;
Player Test1 won trick with Three of Hearts&#xD;
Test&#xD;
Test&#xD;
Test&#xD;
Player Test2 won trick with Six of Diamonds&#xD;
Test&#xD;
Test&#xD;
Test&#xD;
Test&#xD;
Player Test1 won trick with Seven of Hearts&#xD;
Test&#xD;
Player Test2 won trick with King of Clubs&#xD;
Test&#xD;
Test&#xD;
Player Test1 won trick with Ten of Diamonds&#xD;
Test&#xD;
Test&#xD;
Player Test1 won trick with Ten of Clubs&#xD;
Test&#xD;
Player Test4 won trick with Ace of Diamonds&#xD;
Player Test4 won trick with Ace of Spades&#xD;
Test&#xD;
Test&#xD;
Player Test4 won trick with King of Clubs&#xD;
Test&#xD;
Player Test2 won trick with Seven of Diamonds&#xD;
Test&#xD;
Test&#xD;
Test&#xD;
Player Test1 won trick with Ace of Diamonds&#xD;
Test&#xD;
Test&#xD;
Test&#xD;
Player Test1 won trick with King of Hearts&#xD;
Test&#xD;
Test&#xD;
Player Test2 won trick with King of Diamonds&#xD;
Test&#xD;
Test&#xD;
Test&#xD;
Test&#xD;
Player Test1 won trick with Queen of Hearts&#xD;
Test&#xD;
Test&#xD;
Test&#xD;
Player Test4 won trick with Ten of Hearts&#xD;
Test&#xD;
Test&#xD;
Test&#xD;
Player Test1 won trick with Queen of Spades&#xD;
Test&#xD;
Test&#xD;
Player Test1 won trick with Queen of Diamonds&#xD;
Test&#xD;
Test&#xD;
Test&#xD;
Player Test1 won trick with Eight of Diamonds&#xD;
Test&#xD;
Test&#xD;
Player Test1 won trick with Nine of Spades&#xD;
Test&#xD;
Test&#xD;
Test&#xD;
Player Test1 won trick with Seven of Diamonds&#xD;
Test&#xD;
Test&#xD;
Test&#xD;
Test&#xD;
Player Test1 won trick with Queen of Hearts&#xD;
Test&#xD;
Test&#xD;
Test&#xD;
Player Test1 won trick with Three of Clubs&#xD;
Test&#xD;
Test&#xD;
Test&#xD;
Player Test1 won trick with Five of Diamonds&#xD;
Test&#xD;
Test&#xD;
Test&#xD;
Player Test1 won trick with Ten of Hearts&#xD;
Test&#xD;
Test&#xD;
Test&#xD;
Player Test1 won trick with Ten of Clubs&#xD;
Test&#xD;
Test&#xD;
Test&#xD;
Player Test1 won trick with Eight of Hearts&#xD;
Test&#xD;
Test&#xD;
Test&#xD;
Player Test1 won trick with Two of Clubs&#xD;
Test&#xD;
Test&#xD;
Test&#xD;
Player Test1 won trick with Queen of Hearts&#xD;
Test&#xD;
Test&#xD;
Test&#xD;
Player Test1 won trick with Eight of Hearts&#xD;
Player Test4 won trick with King of Diamonds&#xD;
Test&#xD;
Test&#xD;
Player Test1 won trick with Ten of Spades&#xD;
Test&#xD;
Test&#xD;
Player Test4 won trick with Eight of Clubs&#xD;
Test&#xD;
Test&#xD;
Player Test1 won trick with Eight of Clubs&#xD;
Test&#xD;
Test&#xD;
Test&#xD;
Test&#xD;
Player Test1 won trick with Four of Hearts&#xD;
Test&#xD;
Test&#xD;
Test&#xD;
Player Test1 won trick with Seven of Clubs&#xD;
Test&#xD;
Test&#xD;
Player Test1 won trick with Five of Diamonds&#xD;
Test&#xD;
Test&#xD;
Player Test1 won trick with Six of Clubs&#xD;
Test&#xD;
Test&#xD;
Player Test1 won trick with Jack of Hearts&#xD;
Test&#xD;
Test&#xD;
Test&#xD;
Test&#xD;
Player Test1 won trick with Jack of Hearts&#xD;
Player Test2 won trick with Ace of Clubs&#xD;
Test&#xD;
Test&#xD;
Player Test2 won trick with King of Diamonds&#xD;
Test&#xD;
Test&#xD;
Player Test1 won trick with King of Diamonds&#xD;
Test&#xD;
Test&#xD;
Test&#xD;
Player Test3 won trick with Ace of Hearts&#xD;
Test&#xD;
Test&#xD;
Player Test1 won trick with Seven of Diamonds&#xD;
Test&#xD;
Test&#xD;
Test&#xD;
Player Test1 won trick with Nine of Clubs&#xD;
Test&#xD;
Player Test3 won trick with King of Diamonds&#xD;
Test&#xD;
Test&#xD;
Test&#xD;
Player Test1 won trick with Five of Diamonds&#xD;
Test&#xD;
Test&#xD;
Test&#xD;
Test&#xD;
Player Test1 won trick with Six of Hearts&#xD;
Test&#xD;
Test&#xD;
Test&#xD;
Player Test2 won trick with Ace of Hearts&#xD;
Test&#xD;
Test&#xD;
Player Test1 won trick with Ace of Clubs&#xD;
Test&#xD;
Player Test4 won trick with Queen of Diamonds&#xD;
Test&#xD;
Player Test3 won trick with Nine of Spades&#xD;
Test&#xD;
Test&#xD;
Test&#xD;
Player Test1 won trick with Queen of Spades&#xD;
Test&#xD;
Test&#xD;
Test&#xD;
Player Test1 won trick with Four of Diamonds&#xD;
Test&#xD;
Test&#xD;
Player Test1 won trick with Seven of Clubs&#xD;
Test&#xD;
Test&#xD;
Test&#xD;
Player Test1 won trick with Six of Diamonds&#xD;
Test&#xD;
Test&#xD;
Player Test4 won trick with Queen of Hearts&#xD;
Test&#xD;
Test&#xD;
Test&#xD;
Player Test1 won trick with Six of Clubs&#xD;
Test&#xD;
Test&#xD;
Test&#xD;
Test&#xD;
Player Test1 won trick with Two of Hearts&#xD;
Test&#xD;
Test&#xD;
Test&#xD;
Player Test1 won trick with Nine of Diamonds&#xD;
Test&#xD;
Player Test4 won trick with Ace of Clubs&#xD;
Test&#xD;
Test&#xD;
Player Test4 won trick with Ace of Clubs&#xD;
Test&#xD;
Test&#xD;
Test&#xD;
Player Test1 won trick with Six of Spades&#xD;
Test&#xD;
Test&#xD;
Player Test1 won trick with Five of Diamonds&#xD;
Test&#xD;
Player Test1 won trick with Ace of Spades&#xD;
Test&#xD;
Test&#xD;
Player Test1 won trick with Ace of Clubs&#xD;
Player Test4 won trick with Queen of Diamonds&#xD;
Test&#xD;
Test&#xD;
Test&#xD;
Player Test1 won trick with Queen of Clubs&#xD;
Test&#xD;
Test&#xD;
Player Test4 won trick with Queen of Diamonds&#xD;
Test&#xD;
Test&#xD;
Test&#xD;
Test&#xD;
Player Test1 won trick with King of Hearts&#xD;
Test&#xD;
Test&#xD;
Player Test1 won trick with King of Clubs&#xD;
Test&#xD;
Test&#xD;
Test&#xD;
Test&#xD;
Player Test1 won trick with King of Hearts&#xD;
Test&#xD;
Test&#xD;
Player Test4 won trick with Ten of Diamonds&#xD;
Test&#xD;
Test&#xD;
Player Test4 won trick with Ten of Clubs&#xD;
Test&#xD;
Test&#xD;
Player Test3 won trick with Ten of Diamonds&#xD;
Test&#xD;
Test&#xD;
Test&#xD;
Player Test1 won trick with Six of Spades&#xD;
Test&#xD;
Test&#xD;
Test&#xD;
Player Test1 won trick with Five of Spades&#xD;
Test&#xD;
Test&#xD;
Player Test2 won trick with Eight of Diamonds&#xD;
Test&#xD;
Test&#xD;
Test&#xD;
Player Test1 won trick with Ace of Hearts&#xD;
Test&#xD;
Test&#xD;
Player Test1 won trick with Ace of Clubs&#xD;
Test&#xD;
Test&#xD;
Test&#xD;
Player Test1 won trick with Ace of Spades&#xD;
Test&#xD;
Test&#xD;
Player Test1 won trick with Five of Clubs&#xD;
Test&#xD;
Test&#xD;
Test&#xD;
Player Test1 won trick with Four of Clubs&#xD;
Test&#xD;
Test&#xD;
Player Test3 won trick with Ace of Diamonds&#xD;
Test&#xD;
Test&#xD;
Player Test1 won trick with Ace of Clubs&#xD;
Test&#xD;
Test&#xD;
Player Test1 won trick with Six of Spades&#xD;
Test&#xD;
Test&#xD;
Player Test4 won trick with Queen of Clubs&#xD;
Test&#xD;
Player Test3 won trick with Ace of Spades&#xD;
Test&#xD;
Test&#xD;
Player Test1 won trick with Queen of Hearts&#xD;
Test&#xD;
Test&#xD;
Test&#xD;
Test&#xD;
Player Test1 won trick with King of Hearts&#xD;
Test&#xD;
Test&#xD;
Test&#xD;
Player Test1 won trick with King of Hearts&#xD;
Test&#xD;
Test&#xD;
Player Test1 won trick with Jack of Diamonds&#xD;
Test&#xD;
Test&#xD;
Test&#xD;
Test&#xD;
Player Test1 won trick with Seven of Clubs&#xD;
Test&#xD;
Test&#xD;
Test&#xD;
Test&#xD;
Player Test1 won trick with Ace of Hearts&#xD;
Test&#xD;
Test&#xD;
Test&#xD;
Player Test1 won trick with Jack of Hearts&#xD;
Test&#xD;
Test&#xD;
Player Test1 won trick with Ace of Diamonds&#xD;
Test&#xD;
Test&#xD;
Test&#xD;
Test&#xD;
Player Test1 won trick with Five of Hearts&#xD;
Test&#xD;
Test&#xD;
Test&#xD;
Player Test1 won trick with Queen of Clubs&#xD;
Test&#xD;
Test&#xD;
Test&#xD;
Player Test4 won trick with Eight of Hearts&#xD;
Test&#xD;
Test&#xD;
Player Test2 won trick with King of Clubs&#xD;
Test&#xD;
Test&#xD;
Player Test3 won trick with Three of Clubs&#xD;
Test&#xD;
Test&#xD;
Player Test2 won trick with Queen of Diamonds&#xD;
Test&#xD;
Test&#xD;
Test&#xD;
Player Test1 won trick with Two of Diamonds&#xD;
Test&#xD;
Test&#xD;
Test&#xD;
Player Test1 won trick with Seven of Clubs&#xD;
Test&#xD;
Player Test4 won trick with Eight of Spades&#xD;
Test&#xD;
Test&#xD;
Player Test3 won trick with Jack of Clubs&#xD;
Test&#xD;
Test&#xD;
Test&#xD;
Player Test1 won trick with Seven of Spades&#xD;
Test&#xD;
Test&#xD;
Test&#xD;
Player Test1 won trick with Ace of Diamonds&#xD;
Test&#xD;
Test&#xD;
Test&#xD;
Test&#xD;
Player Test1 won trick with Five of Hearts&#xD;
Test&#xD;
Test&#xD;
Test&#xD;
Player Test1 won trick with King of Clubs&#xD;
Test&#xD;
Test&#xD;
Player Test1 won trick with Ace of Clubs&#xD;
Test&#xD;
Test&#xD;
Test&#xD;
Test&#xD;
Player Test1 won trick with Eight of Hearts&#xD;
Test&#xD;
Test&#xD;
Player Test1 won trick with King of Diamonds&#xD;
Test&#xD;
Test&#xD;
Player Test4 won trick with Jack of Spades&#xD;
Test&#xD;
Test&#xD;
Test&#xD;
Player Test1 won trick with Queen of Clubs&#xD;
Test&#xD;
Test&#xD;
Player Test3 won trick with Queen of Clubs&#xD;
Test&#xD;
Player Test1 won trick with Queen of Diamonds&#xD;
Test&#xD;
Test&#xD;
Test&#xD;
Player Test1 won trick with Five of Spades&#xD;
Test&#xD;
Test&#xD;
Test&#xD;
Player Test1 won trick with Eight of Hearts&#xD;
Test&#xD;
Test&#xD;
Test&#xD;
Test&#xD;
Player Test1 won trick with Nine of Hearts&#xD;
Test&#xD;
Test&#xD;
Test&#xD;
Player Test1 won trick with Ten of Clubs&#xD;
Test&#xD;
Test&#xD;
Test&#xD;
Player Test1 won trick with Three of Clubs&#xD;
Test&#xD;
Test&#xD;
Test&#xD;
Test&#xD;
Player Test1 won trick with Four of Hearts&#xD;
Test&#xD;
Test&#xD;
Test&#xD;
Player Test1 won trick with King of Clubs&#xD;
Test&#xD;
Test&#xD;
Test&#xD;
Player Test1 won trick with Seven of Spades&#xD;
Test&#xD;
Test&#xD;
Player Test1 won trick with Ace of Diamonds&#xD;
Test&#xD;
Test&#xD;
Test&#xD;
Test&#xD;
Player Test1 won trick with Five of Hearts&#xD;
Test&#xD;
Test&#xD;
Test&#xD;
Test&#xD;
Player Test1 won trick with Eight of Hearts&#xD;
Test&#xD;
Test&#xD;
Player Test4 won trick with Queen of Clubs&#xD;
Test&#xD;
Test&#xD;
Player Test1 won trick with Ace of Diamonds&#xD;
Test&#xD;
Test&#xD;
Player Test1 won trick with King of Diamonds&#xD;
Test&#xD;
Test&#xD;
Player Test4 won trick with Seven of Spades&#xD;
Test&#xD;
Test&#xD;
Test&#xD;
Player Test2 won trick with Ten of Hearts&#xD;
Test&#xD;
Test&#xD;
Test&#xD;
Test&#xD;
Player Test1 won trick with Seven of Diamonds&#xD;
Test&#xD;
Test&#xD;
Player Test1 won trick with Queen of Hearts&#xD;
Test&#xD;
Test&#xD;
Test&#xD;
Player Test1 won trick with Five of Spades&#xD;
Test&#xD;
Test&#xD;
Test&#xD;
Test&#xD;
Player Test1 won trick with Three of Hearts&#xD;
Test&#xD;
Test&#xD;
Test&#xD;
Player Test1 won trick with Seven of Spades&#xD;
Test&#xD;
Test&#xD;
Player Test4 won trick with Seven of Clubs&#xD;
Test&#xD;
Player Test1 won trick with Eight of Clubs&#xD;
Test&#xD;
Test&#xD;
Test&#xD;
Test&#xD;
Player Test1 won trick with Six of Hearts&#xD;
Test&#xD;
Test&#xD;
Player Test1 won trick with Ace of Diamonds&#xD;
Test&#xD;
Player Test2 won trick with King of Spades&#xD;
Test&#xD;
Test&#xD;
Test&#xD;
Test&#xD;
Player Test1 won trick with Six of Spades&#xD;
Test&#xD;
Test&#xD;
Test&#xD;
Test&#xD;
Player Test1 won trick with Ten of Spades&#xD;
Test&#xD;
Test&#xD;
Player Test3 won trick with Four of Spades&#xD;
Test&#xD;
Test&#xD;
Test&#xD;
Player Test1 won trick with Jack of Diamonds&#xD;
Test&#xD;
Player Test3 won trick with Eight of Diamonds&#xD;
Test&#xD;
Test&#xD;
Player Test1 won trick with Four of Hearts&#xD;
Test&#xD;
Test&#xD;
Player Test2 won trick with Jack of Diamonds&#xD;
Test&#xD;
Test&#xD;
Test&#xD;
Player Test1 won trick with Queen of Diamonds&#xD;
Test&#xD;
Test&#xD;
Player Test1 won trick with Ten of Clubs&#xD;
Test&#xD;
Test&#xD;
Test&#xD;
Player Test3 won trick with Queen of Spades&#xD;
Test&#xD;
Test&#xD;
Test&#xD;
Player Test2 won trick with Six of Hearts&#xD;
Test&#xD;
Test&#xD;
Test&#xD;
Player Test1 won trick with Ace of Diamonds&#xD;
Test&#xD;
Test&#xD;
Test&#xD;
Player Test4 won trick with Ace of Hearts&#xD;
Test&#xD;
Test&#xD;
Test&#xD;
Player Test1 won trick with Eight of Diamonds&#xD;
Test&#xD;
Test&#xD;
Test&#xD;
Player Test3 won trick with Jack of Hearts&#xD;
Test&#xD;
Test&#xD;
Test&#xD;
Test&#xD;
Player Test1 won trick with Eight of Hearts&#xD;
Test&#xD;
Player Test1 won trick with Nine of Diamonds&#xD;
Test&#xD;
Test&#xD;
Test&#xD;
Player Test1 won trick with King of Hearts&#xD;
Test&#xD;
Test&#xD;
Test&#xD;
Player Test1 won trick with Queen of Diamonds&#xD;
Test&#xD;
Test&#xD;
Test&#xD;
Player Test3 won trick with Jack of Hearts&#xD;
Test&#xD;
Test&#xD;
Test&#xD;
Player Test1 won trick with Ace of Diamonds&#xD;
Test&#xD;
Test&#xD;
Test&#xD;
Player Test1 won trick with Seven of Spades&#xD;
Test&#xD;
Test&#xD;
Player Test1 won trick with Ten of Diamonds&#xD;
Test&#xD;
Test&#xD;
Test&#xD;
Test&#xD;
Player Test1 won trick with Jack of Hearts&#xD;
Test&#xD;
Test&#xD;
Player Test4 won trick with Three of Clubs&#xD;
Test&#xD;
Test&#xD;
Test&#xD;
Player Test1 won trick with Jack of Spades&#xD;
Test&#xD;
Test&#xD;
Test&#xD;
Player Test1 won trick with Ten of Spades&#xD;
Test&#xD;
Test&#xD;
Player Test1 won trick with Ace of Clubs&#xD;
Test&#xD;
Test&#xD;
Test&#xD;
Player Test1 won trick with King of Spades&#xD;
Test&#xD;
Test&#xD;
Test&#xD;
Player Test1 won trick with Ace of Spades&#xD;
Test&#xD;
Test&#xD;
Test&#xD;
Player Test1 won trick with Seven of Diamonds&#xD;
Test&#xD;
Test&#xD;
Test&#xD;
Player Test1 won trick with Six of Diamonds&#xD;
Test&#xD;
Player Test1 won trick with King of Diamonds&#xD;
Test&#xD;
Test&#xD;
Player Test1 won trick with King of Clubs&#xD;
Test&#xD;
Player Test1 won trick with Eight of Spades&#xD;
Test&#xD;
Test&#xD;
Player Test2 won trick with King of Diamonds&#xD;
Test&#xD;
Test&#xD;
Player Test3 won trick with Queen of Hearts&#xD;
Test&#xD;
Test&#xD;
Test&#xD;
Player Test3 won trick with King of Hearts&#xD;
Test&#xD;
Test&#xD;
Test&#xD;
Player Test1 won trick with Ace of Spades&#xD;
Test&#xD;
Player Test3 won trick with King of Diamonds&#xD;
Test&#xD;
Player Test1 won trick with Queen of Diamonds&#xD;
Test&#xD;
Test&#xD;
Test&#xD;
Player Test1 won trick with Ace of Diamonds&#xD;
Test&#xD;
Test&#xD;
Test&#xD;
Player Test1 won trick with Jack of Spades&#xD;
Test&#xD;
Test&#xD;
Test&#xD;
Player Test1 won trick with Jack of Clubs&#xD;
Test&#xD;
Test&#xD;
Player Test1 won trick with Eight of Diamonds&#xD;
Test&#xD;
Test&#xD;
Test&#xD;
Player Test1 won trick with Jack of Clubs&#xD;
Test&#xD;
Test&#xD;
Test&#xD;
Player Test1 won trick with Ace of Hearts&#xD;
Test&#xD;
Test&#xD;
Test&#xD;
Player Test1 won trick with Ace of Hearts&#xD;
Test&#xD;
Player Test4 won trick with Jack of Spades&#xD;
Test&#xD;
Test&#xD;
Test&#xD;
Player Test1 won trick with Queen of Hearts&#xD;
Test&#xD;
Player Test4 won trick with Ace of Clubs&#xD;
Test&#xD;
Test&#xD;
Test&#xD;
Player Test1 won trick with Ten of Diamonds&#xD;
Test&#xD;
Test&#xD;
Player Test1 won trick with Ace of Hearts&#xD;
Test&#xD;
Test&#xD;
Test&#xD;
Player Test1 won trick with Five of Clubs&#xD;
Test&#xD;
Test&#xD;
Player Test1 won trick with Seven of Diamonds&#xD;
Test&#xD;
Test&#xD;
Player Test1 won trick with Six of Diamonds&#xD;
Test&#xD;
Test&#xD;
Player Test1 won trick with Ace of Clubs&#xD;
Test&#xD;
Test&#xD;
Test&#xD;
Player Test1 won trick with Three of Hearts&#xD;
Test&#xD;
Test&#xD;
Test&#xD;
Test&#xD;
Player Test1 won trick with Two of Hearts&#xD;
Test&#xD;
Player Test3 won trick with Six of Diamonds&#xD;
Test&#xD;
Test&#xD;
Test&#xD;
Player Test1 won trick with Three of Diamonds&#xD;
Test&#xD;
Test&#xD;
Player Test4 won trick with Eight of Diamonds&#xD;
Test&#xD;
Test&#xD;
Test&#xD;
Player Test1 won trick with Queen of Clubs&#xD;
Test&#xD;
Player Test4 won trick with King of Clubs&#xD;
Test&#xD;
Test&#xD;
Player Test1 won trick with Five of Spades&#xD;
Test&#xD;
Test&#xD;
Player Test3 won trick with Nine of Diamonds&#xD;
Test&#xD;
Test&#xD;
Test&#xD;
Test&#xD;
Player Test1 won trick with Six of Hearts&#xD;
Test&#xD;
Test&#xD;
Player Test1 won trick with Ace of Diamonds&#xD;
Test&#xD;
Test&#xD;
Test&#xD;
Player Test1 won trick with Jack of Hearts&#xD;
Test&#xD;
Test&#xD;
Player Test1 won trick with Eight of Spades&#xD;
Test&#xD;
Test&#xD;
Player Test1 won trick with Queen of Spades&#xD;
Test&#xD;
Test&#xD;
Test&#xD;
Player Test1 won trick with King of Clubs&#xD;
Player Test3 won trick with King of Clubs&#xD;
Test&#xD;
Test&#xD;
Test&#xD;
Player Test1 won trick with Four of Spades&#xD;
Test&#xD;
Test&#xD;
Test&#xD;
Player Test1 won trick with Queen of Spades&#xD;
Test&#xD;
Test&#xD;
Player Test2 won trick with Five of Clubs&#xD;
Test&#xD;
Test&#xD;
Test&#xD;
Test&#xD;
Player Test1 won trick with Eight of Clubs&#xD;
Test&#xD;
Test&#xD;
Player Test1 won trick with Nine of Spades&#xD;
Test&#xD;
Test&#xD;
Test&#xD;
Player Test1 won trick with Seven of Clubs&#xD;
Test&#xD;
Test&#xD;
Player Test2 won trick with Six of Diamonds&#xD;
Test&#xD;
Player Test1 won trick with Nine of Clubs&#xD;
Test&#xD;
Player Test2 won trick with Ace of Diamonds&#xD;
Test&#xD;
Test&#xD;
Test&#xD;
Test&#xD;
Player Test1 won trick with King of Clubs&#xD;
Test&#xD;
Test&#xD;
Test&#xD;
Player Test1 won trick with Five of Diamonds&#xD;
Test&#xD;
Test&#xD;
Player Test3 won trick with Seven of Diamonds&#xD;
Test&#xD;
Test&#xD;
Test&#xD;
Test&#xD;
Player Test1 won trick with Six of Hearts&#xD;
Test&#xD;
Test&#xD;
Player Test2 won trick with King of Diamonds&#xD;
Test&#xD;
Test&#xD;
Test&#xD;
Player Test1 won trick with Ten of Diamonds&#xD;
Test&#xD;
Test&#xD;
Player Test1 won trick with King of Spades&#xD;
Test&#xD;
Test&#xD;
Test&#xD;
Player Test2 won trick with Nine of Spades&#xD;
Test&#xD;
Test&#xD;
Player Test3 won trick with Four of Diamonds&#xD;
Test&#xD;
Test&#xD;
Test&#xD;
Test&#xD;
Player Test1 won trick with King of Hearts&#xD;
Test&#xD;
Player Test3 won trick with Queen of Clubs&#xD;
Test&#xD;
Test&#xD;
Test&#xD;
Test&#xD;
Player Test1 won trick with Three of Spades&#xD;
Test&#xD;
Test&#xD;
Test&#xD;
Player Test1 won trick with Six of Diamonds&#xD;
Test&#xD;
Test&#xD;
Player Test1 won trick with Ten of Clubs&#xD;
Test&#xD;
Player Test1 won trick with Ace of Clubs&#xD;
Test&#xD;
Test&#xD;
Player Test1 won trick with Eight of Clubs&#xD;
Test&#xD;
Test&#xD;
Player Test3 won trick with Four of Spades&#xD;
Test&#xD;
Test&#xD;
Test&#xD;
Player Test1 won trick with Six of Diamonds&#xD;
Test&#xD;
Test&#xD;
Test&#xD;
Player Test1 won trick with Ten of Diamonds&#xD;
Test&#xD;
Test&#xD;
Test&#xD;
Test&#xD;
Player Test1 won trick with Four of Hearts&#xD;
Test&#xD;
Test&#xD;
Player Test1 won trick with King of Diamonds&#xD;
Test&#xD;
Test&#xD;
Player Test1 won trick with Ace of Spades&#xD;
Test&#xD;
Test&#xD;
Player Test1 won trick with King of Clubs&#xD;
Test&#xD;
Test&#xD;
Player Test4 won trick with Seven of Clubs&#xD;
Test&#xD;
Test&#xD;
Player Test2 won trick with Jack of Spades&#xD;
Test&#xD;
Player Test2 won trick with King of Diamonds&#xD;
Test&#xD;
Test&#xD;
Player Test1 won trick with King of Hearts&#xD;
Test&#xD;
Test&#xD;
Test&#xD;
Player Test1 won trick with Four of Spades&#xD;
Test&#xD;
Test&#xD;
Test&#xD;
Player Test1 won trick with Jack of Spades&#xD;
Test&#xD;
Test&#xD;
Test&#xD;
Player Test1 won trick with Seven of Hearts&#xD;
Test&#xD;
Test&#xD;
Test&#xD;
Player Test1 won trick with Ace of Diamonds&#xD;
Test&#xD;
Test&#xD;
Test&#xD;
Test&#xD;
Player Test1 won trick with Two of Hearts&#xD;
Test&#xD;
Test&#xD;
Test&#xD;
Test&#xD;
Player Test1 won trick with Eight of Hearts&#xD;
Test&#xD;
Player Test3 won trick with Nine of Clubs&#xD;
Test&#xD;
Test&#xD;
Player Test1 won trick with Eight of Clubs&#xD;
Test&#xD;
Test&#xD;
Test&#xD;
Player Test1 won trick with Seven of Clubs&#xD;
Test&#xD;
Player Test2 won trick with Ace of Diamonds&#xD;
Player Test2 won trick with Ace of Clubs&#xD;
Test&#xD;
Test&#xD;
Test&#xD;
Player Test1 won trick with Ace of Spades&#xD;
Test&#xD;
Test&#xD;
Player Test4 won trick with Seven of Diamonds&#xD;
Test&#xD;
Test&#xD;
Player Test1 won trick with Nine of Spades&#xD;
Test&#xD;
Test&#xD;
Player Test4 won trick with Ten of Diamonds&#xD;
Test&#xD;
Player Test3 won trick with Ace of Spades&#xD;
Test&#xD;
Test&#xD;
Player Test3 won trick with Queen of Hearts&#xD;
Test&#xD;
Test&#xD;
Test&#xD;
Player Test1 won trick with Five of Diamonds&#xD;
Test&#xD;
Test&#xD;
Test&#xD;
Player Test4 won trick with Six of Hearts&#xD;
Test&#xD;
Test&#xD;
Test&#xD;
Player Test1 won trick with Nine of Clubs&#xD;
Test&#xD;
Test&#xD;
Player Test1 won trick with Jack of Hearts&#xD;
Test&#xD;
Test&#xD;
Test&#xD;
Player Test1 won trick with Ace of Diamonds&#xD;
Test&#xD;
Test&#xD;
Test&#xD;
Player Test1 won trick with Ten of Diamonds&#xD;
Test&#xD;
Test&#xD;
Test&#xD;
Test&#xD;
Player Test1 won trick with Jack of Diamonds&#xD;
Test&#xD;
Test&#xD;
Player Test1 won trick with Ace of Spades&#xD;
Test&#xD;
Player Test3 won trick with Queen of Diamonds&#xD;
Test&#xD;
Player Test1 won trick with King of Diamonds&#xD;
Test&#xD;
Test&#xD;
Player Test1 won trick with Nine of Spades&#xD;
Test&#xD;
Test&#xD;
Test&#xD;
Player Test1 won trick with Five of Hearts&#xD;
Test&#xD;
Test&#xD;
Player Test3 won trick with King of Hearts&#xD;
Test&#xD;
Test&#xD;
Player Test1 won trick with King of Spades&#xD;
Test&#xD;
Test&#xD;
Test&#xD;
Player Test1 won trick with Queen of Diamonds&#xD;
Test&#xD;
Test&#xD;
Test&#xD;
Player Test1 won trick with Eight of Diamonds&#xD;
Test&#xD;
Test&#xD;
Test&#xD;
Test&#xD;
Player Test1 won trick with Four of Hearts&#xD;
Test&#xD;
Test&#xD;
Test&#xD;
Player Test1 won trick with Nine of Spades&#xD;
Test&#xD;
Test&#xD;
Test&#xD;
Test&#xD;
Player Test1 won trick with Seven of Hearts&#xD;
Test&#xD;
Test&#xD;
Player Test1 won trick with Nine of Spades&#xD;
Test&#xD;
Test&#xD;
Player Test3 won trick with Nine of Diamonds&#xD;
Test&#xD;
Test&#xD;
Test&#xD;
Player Test4 won trick with Five of Hearts&#xD;
Test&#xD;
Test&#xD;
Player Test1 won trick with King of Diamonds&#xD;
Test&#xD;
Test&#xD;
Test&#xD;
Player Test1 won trick with Seven of Diamonds&#xD;
Test&#xD;
Test&#xD;
Test&#xD;
Player Test3 won trick with Seven of Hearts&#xD;
Test&#xD;
Test&#xD;
Test&#xD;
Player Test1 won trick with Queen of Hearts&#xD;
Player Test3 won trick with Ten of Clubs&#xD;
Test&#xD;
Player Test1 won trick with Eight of Diamonds&#xD;
Test&#xD;
Test&#xD;
Test&#xD;
Player Test1 won trick with Five of Spades&#xD;
Test&#xD;
Test&#xD;
Test&#xD;
Player Test1 won trick with Nine of Clubs&#xD;
Test&#xD;
Test&#xD;
Test&#xD;
Player Test1 won trick with Four of Clubs&#xD;
Test&#xD;
Test&#xD;
Player Test1 won trick with Six of Diamonds&#xD;
Test&#xD;
Test&#xD;
Player Test1 won trick with King of Hearts&#xD;
Test&#xD;
Player Test3 won trick with Jack of Spades&#xD;
Test&#xD;
Test&#xD;
Player Test1 won trick with Eight of Clubs&#xD;
Test&#xD;
Test&#xD;
Player Test3 won trick with King of Clubs&#xD;
Test&#xD;
Test&#xD;
Test&#xD;
Test&#xD;
Player Test1 won trick with Five of Hearts&#xD;
Test&#xD;
Test&#xD;
Test&#xD;
Test&#xD;
Player Test1 won trick with Six of Hearts&#xD;
Test&#xD;
Test&#xD;
Test&#xD;
Player Test1 won trick with Three of Spades&#xD;
Test&#xD;
Test&#xD;
Test&#xD;
Player Test1 won trick with Nine of Diamonds&#xD;
Test&#xD;
Test&#xD;
Player Test1 won trick with Queen of Hearts&#xD;
Test&#xD;
Test&#xD;
Player Test3 won trick with Jack of Spades&#xD;
Test&#xD;
Test&#xD;
Test&#xD;
Player Test1 won trick with Ten of Spades&#xD;
Test&#xD;
Test&#xD;
Test&#xD;
Player Test1 won trick with Ace of Hearts&#xD;
Test&#xD;
Test&#xD;
Test&#xD;
Player Test1 won trick with Nine of Spades&#xD;
Test&#xD;
Test&#xD;
Test&#xD;
Test&#xD;
Player Test1 won trick with Eight of Spades&#xD;
Test&#xD;
Test&#xD;
Player Test1 won trick with King of Clubs&#xD;
Test&#xD;
Test&#xD;
Test&#xD;
Player Test1 won trick with Eight of Spades&#xD;
Test&#xD;
Test&#xD;
Player Test1 won trick with Jack of Diamonds&#xD;
Test&#xD;
Test&#xD;
Player Test1 won trick with Jack of Spades&#xD;
Test&#xD;
Test&#xD;
Player Test2 won trick with Ten of Hearts&#xD;
Test&#xD;
Test&#xD;
Player Test4 won trick with Nine of Clubs&#xD;
Test&#xD;
Test&#xD;
Test&#xD;
Test&#xD;
Player Test1 won trick with Five of Hearts&#xD;
Test&#xD;
Test&#xD;
Player Test1 won trick with Jack of Hearts&#xD;
Test&#xD;
Test&#xD;
Test&#xD;
Test&#xD;
Player Test1 won trick with Two of Hearts&#xD;
Test&#xD;
Test&#xD;
Player Test1 won trick with Queen of Spades&#xD;
Test&#xD;
Test&#xD;
Player Test3 won trick with Jack of Hearts&#xD;
Test&#xD;
Test&#xD;
Player Test1 won trick with Eight of Hearts&#xD;
Test&#xD;
Test&#xD;
Player Test4 won trick with Nine of Clubs&#xD;
Test&#xD;
Test&#xD;
Player Test2 won trick with King of Diamonds&#xD;
Test&#xD;
Test&#xD;
Test&#xD;
Player Test1 won trick with Nine of Spades&#xD;
Test&#xD;
Test&#xD;
Player Test1 won trick with Five of Spades&#xD;
Test&#xD;
Test&#xD;
Player Test1 won trick with Four of Diamonds&#xD;
Test&#xD;
Player Test2 won trick with Eight of Diamonds&#xD;
Test&#xD;
Test&#xD;
Player Test3 won trick with Eight of Diamonds&#xD;
Test&#xD;
Test&#xD;
Player Test4 won trick with Ace of Spades&#xD;
Test&#xD;
Test&#xD;
Test&#xD;
Player Test1 won trick with Ace of Spades&#xD;
Test&#xD;
Test&#xD;
Test&#xD;
Player Test1 won trick with Six of Spades&#xD;
Test&#xD;
Test&#xD;
Test&#xD;
Player Test1 won trick with King of Hearts&#xD;
Test&#xD;
Test&#xD;
Test&#xD;
Player Test1 won trick with Jack of Spades&#xD;
Test&#xD;
Test&#xD;
Test&#xD;
Test&#xD;
Player Test1 won trick with Ace of Hearts&#xD;
Test&#xD;
Test&#xD;
Test&#xD;
Test&#xD;
Player Test1 won trick with Seven of Spades&#xD;
Test&#xD;
Test&#xD;
Test&#xD;
Player Test1 won trick with Seven of Spades&#xD;
Test&#xD;
Test&#xD;
Test&#xD;
Test&#xD;
Player Test1 won trick with Two of Hearts&#xD;
Test&#xD;
Test&#xD;
Player Test1 won trick with Eight of Spades&#xD;
Test&#xD;
Test&#xD;
Player Test1 won trick with Seven of Spades&#xD;
Test&#xD;
Test&#xD;
Player Test1 won trick with Ace of Clubs&#xD;
Test&#xD;
Test&#xD;
Player Test1 won trick with Eight of Clubs&#xD;
Test&#xD;
Test&#xD;
Test&#xD;
Player Test1 won trick with Queen of Spades&#xD;
Test&#xD;
Player Test2 won trick with King of Spades&#xD;
Test&#xD;
Test&#xD;
Player Test4 won trick with Nine of Spades&#xD;
Test&#xD;
Test&#xD;
Player Test1 won trick with Five of Spades&#xD;
Test&#xD;
Test&#xD;
Test&#xD;
Player Test1 won trick with Seven of Diamonds&#xD;
Test&#xD;
Player Test1 won trick with King of Clubs&#xD;
Test&#xD;
Test&#xD;
Test&#xD;
Player Test1 won trick with Queen of Spades&#xD;
Test&#xD;
Test&#xD;
Test&#xD;
Player Test1 won trick with Queen of Diamonds&#xD;
Test&#xD;
Test&#xD;
Test&#xD;
Player Test1 won trick with Seven of Clubs&#xD;
Test&#xD;
Test&#xD;
Test&#xD;
Player Test1 won trick with Ace of Hearts&#xD;
Test&#xD;
Test&#xD;
Player Test3 won trick with Ten of Spades&#xD;
Test&#xD;
Test&#xD;
Test&#xD;
Player Test1 won trick with Queen of Clubs&#xD;
Test&#xD;
Test&#xD;
Test&#xD;
Player Test1 won trick with Nine of Diamonds&#xD;
Test&#xD;
Test&#xD;
Player Test1 won trick with Ten of Clubs&#xD;
Test&#xD;
Test&#xD;
Player Test2 won trick with Ace of Spades&#xD;
Test&#xD;
Test&#xD;
Player Test1 won trick with Ace of Spades&#xD;
Test&#xD;
Test&#xD;
Player Test1 won trick with Seven of Diamonds&#xD;
Test&#xD;
Test&#xD;
Test&#xD;
Test&#xD;
Player Test1 won trick with Nine of Diamonds&#xD;
Test&#xD;
Test&#xD;
Test&#xD;
Player Test1 won trick with Eight of Diamonds&#xD;
Test&#xD;
Test&#xD;
Test&#xD;
Test&#xD;
Player Test1 won trick with Queen of Hearts&#xD;
Test&#xD;
Test&#xD;
Player Test1 won trick with Nine of Diamonds&#xD;
Test&#xD;
Test&#xD;
Test&#xD;
Player Test1 won trick with Nine of Spades&#xD;
Test&#xD;
Test&#xD;
Test&#xD;
Player Test1 won trick with Six of Spades&#xD;
Test&#xD;
Test&#xD;
Test&#xD;
Player Test2 won trick with Ace of Hearts&#xD;
Test&#xD;
Test&#xD;
Test&#xD;
Player Test1 won trick with Four of Diamonds&#xD;
Test&#xD;
Test&#xD;
Test&#xD;
Player Test4 won trick with Six of Diamonds&#xD;
Test&#xD;
Test&#xD;
Test&#xD;
Player Test1 won trick with Six of Diamonds&#xD;
Test&#xD;
Test&#xD;
Test&#xD;
Player Test1 won trick with Five of Clubs&#xD;
Test&#xD;
Test&#xD;
Test&#xD;
Player Test1 won trick with Six of Spades&#xD;
Test&#xD;
Test&#xD;
Test&#xD;
Test&#xD;
Player Test1 won trick with Ace of Hearts&#xD;
Test&#xD;
Test&#xD;
Test&#xD;
Player Test1 won trick with King of Hearts&#xD;
Test&#xD;
Test&#xD;
Test&#xD;
Player Test1 won trick with Ten of Spades&#xD;
Test&#xD;
Test&#xD;
Test&#xD;
Player Test1 won trick with Jack of Hearts&#xD;
Test&#xD;
Player Test2 won trick with Five of Spades&#xD;
Test&#xD;
Test&#xD;
Test&#xD;
Player Test1 won trick with Three of Diamonds&#xD;
Test&#xD;
Test&#xD;
Test&#xD;
Player Test1 won trick with Two of Spades&#xD;
Test&#xD;
Test&#xD;
Player Test1 won trick with Three of Spades&#xD;
Test&#xD;
Test&#xD;
Test&#xD;
Player Test1 won trick with Ten of Spades&#xD;
Test&#xD;
Test&#xD;
Test&#xD;
Player Test1 won trick with Jack of Clubs&#xD;
Test&#xD;
Test&#xD;
Test&#xD;
Player Test1 won trick with Ace of Diamonds&#xD;
Test&#xD;
Test&#xD;
Player Test1 won trick with Queen of Hearts&#xD;
Test&#xD;
Test&#xD;
Test&#xD;
Player Test1 won trick with Jack of Spades&#xD;
Test&#xD;
Test&#xD;
Test&#xD;
Player Test1 won trick with Ten of Spades&#xD;
Test&#xD;
Test&#xD;
Test&#xD;
Player Test2 won trick with Jack of Hearts&#xD;
Test&#xD;
Test&#xD;
Test&#xD;
Player Test1 won trick with Seven of Diamonds&#xD;
Test&#xD;
Test&#xD;
Test&#xD;
Player Test4 won trick with Three of Hearts&#xD;
Test&#xD;
Test&#xD;
Test&#xD;
Player Test2 won trick with Queen of Hearts&#xD;
Test&#xD;
Test&#xD;
Test&#xD;
Player Test1 won trick with Seven of Diamonds&#xD;
Test&#xD;
Test&#xD;
Test&#xD;
Player Test4 won trick with Ten of Hearts&#xD;
Test&#xD;
Test&#xD;
Test&#xD;
Player Test1 won trick with Six of Clubs&#xD;
Test&#xD;
Test&#xD;
Test&#xD;
Player Test2 won trick with King of Hearts&#xD;
Test&#xD;
Test&#xD;
Test&#xD;
Test&#xD;
Player Test1 won trick with Six of Hearts&#xD;
Test&#xD;
Test&#xD;
Player Test4 won trick with Queen of Diamonds&#xD;
Test&#xD;
Test&#xD;
Test&#xD;
Player Test1 won trick with Eight of Spades&#xD;
Test&#xD;
Test&#xD;
Test&#xD;
Player Test1 won trick with Nine of Clubs&#xD;
Test&#xD;
Test&#xD;
Test&#xD;
Player Test1 won trick with Two of Clubs&#xD;
Test&#xD;
Test&#xD;
Test&#xD;
Player Test1 won trick with Eight of Spades&#xD;
Test&#xD;
Test&#xD;
Player Test1 won trick with Queen of Diamonds&#xD;
Test&#xD;
Test&#xD;
Test&#xD;
Player Test1 won trick with Ten of Clubs&#xD;
Test&#xD;
Test&#xD;
Player Test2 won trick with King of Hearts&#xD;
Test&#xD;
Test&#xD;
Test&#xD;
Test&#xD;
Player Test1 won trick with Two of Hearts&#xD;
Test&#xD;
Player Test4 won trick with King of Diamonds&#xD;
Test&#xD;
Test&#xD;
Test&#xD;
Test&#xD;
Player Test1 won trick with Ten of Hearts&#xD;
Test&#xD;
Test&#xD;
Player Test3 won trick with Eight of Clubs&#xD;
Test&#xD;
Player Test3 won trick with Nine of Spades&#xD;
Test&#xD;
Test&#xD;
Test&#xD;
Player Test1 won trick with Two of Spades&#xD;
Test&#xD;
Test&#xD;
Player Test1 won trick with King of Diamonds&#xD;
Test&#xD;
Test&#xD;
Test&#xD;
Player Test1 won trick with Nine of Clubs&#xD;
Test&#xD;
Test&#xD;
Test&#xD;
Player Test4 won trick with Jack of Hearts&#xD;
Test&#xD;
Test&#xD;
Test&#xD;
Test&#xD;
Player Test1 won trick with Jack of Hearts&#xD;
Test&#xD;
Test&#xD;
Test&#xD;
Player Test1 won trick with Three of Spades&#xD;
Test&#xD;
Test&#xD;
Test&#xD;
Test&#xD;
Player Test1 won trick with Ten of Hearts&#xD;
Test&#xD;
Test&#xD;
Test&#xD;
Player Test1 won trick with Seven of Hearts&#xD;
Test&#xD;
Test&#xD;
Test&#xD;
Player Test1 won trick with Three of Spades&#xD;
Test&#xD;
Test&#xD;
Test&#xD;
Player Test3 won trick with King of Hearts&#xD;
Test&#xD;
Test&#xD;
Test&#xD;
Test&#xD;
Player Test1 won trick with Three of Spades&#xD;
Test&#xD;
Test&#xD;
Test&#xD;
Player Test1 won trick with Ten of Hearts&#xD;
Test&#xD;
Test&#xD;
Test&#xD;
Test&#xD;
Player Test1 won trick with Queen of Hearts&#xD;
Test&#xD;
Test&#xD;
Player Test1 won trick with King of Clubs&#xD;
Test&#xD;
Player Test2 won trick with Jack of Clubs&#xD;
Test&#xD;
Test&#xD;
Player Test1 won trick with Ace of Diamonds&#xD;
Test&#xD;
Test&#xD;
Test&#xD;
Player Test1 won trick with Ace of Diamonds&#xD;
Test&#xD;
Test&#xD;
Test&#xD;
Test&#xD;
Player Test1 won trick with Ace of Hearts&#xD;
Test&#xD;
Test&#xD;
Test&#xD;
Player Test1 won trick with Ten of Clubs&#xD;
Test&#xD;
Test&#xD;
Test&#xD;
Player Test1 won trick with Nine of Diamonds&#xD;
Test&#xD;
Test&#xD;
Player Test4 won trick with Six of Diamonds&#xD;
Test&#xD;
Test&#xD;
Test&#xD;
Player Test1 won trick with Eight of Diamonds&#xD;
Test&#xD;
Test&#xD;
Test&#xD;
Player Test3 won trick with Eight of Hearts&#xD;
Test&#xD;
Test&#xD;
Test&#xD;
Player Test1 won trick with Four of Clubs&#xD;
Test&#xD;
Test&#xD;
Player Test1 won trick with Ten of Clubs&#xD;
Test&#xD;
Test&#xD;
Test&#xD;
Player Test3 won trick with Jack of Hearts&#xD;
Test&#xD;
Test&#xD;
Test&#xD;
Player Test1 won trick with Ten of Clubs&#xD;
Test&#xD;
Test&#xD;
Player Test1 won trick with Five of Diamonds&#xD;
Test&#xD;
Player Test2 won trick with Ace of Clubs&#xD;
Test&#xD;
Test&#xD;
Test&#xD;
Player Test1 won trick with Queen of Spades&#xD;
Test&#xD;
Test&#xD;
Player Test2 won trick with Seven of Diamonds&#xD;
Test&#xD;
Test&#xD;
Test&#xD;
Player Test3 won trick with Ace of Spades&#xD;
Test&#xD;
Test&#xD;
Test&#xD;
Player Test1 won trick with Three of Clubs&#xD;
Test&#xD;
Test&#xD;
Test&#xD;
Player Test2 won trick with Jack of Hearts&#xD;
Test&#xD;
Test&#xD;
Player Test2 won trick with Seven of Diamonds&#xD;
Test&#xD;
Test&#xD;
Player Test1 won trick with Nine of Diamonds&#xD;
Test&#xD;
Test&#xD;
Test&#xD;
Test&#xD;
Player Test1 won trick with Four of Hearts&#xD;
Test&#xD;
Test&#xD;
Test&#xD;
Test&#xD;
Player Test1 won trick with Two of Hearts&#xD;
Test&#xD;
Test&#xD;
Test&#xD;
Player Test1 won trick with Four of Diamonds&#xD;
Test&#xD;
Test&#xD;
Test&#xD;
Player Test1 won trick with Eight of Clubs&#xD;
Test&#xD;
Test&#xD;
Test&#xD;
Player Test1 won trick with Six of Spades&#xD;
Test&#xD;
Test&#xD;
Player Test1 won trick with Ten of Clubs&#xD;
Test&#xD;
Test&#xD;
Test&#xD;
Player Test1 won trick with Ten of Hearts&#xD;
Test&#xD;
Test&#xD;
Player Test1 won trick with Five of Diamonds&#xD;
Test&#xD;
Test&#xD;
Test&#xD;
Player Test1 won trick with Eight of Spades&#xD;
Test&#xD;
Player Test3 won trick with Ace of Spades&#xD;
Test&#xD;
Player Test1 won trick with Jack of Clubs&#xD;
Test&#xD;
Test&#xD;
Player Test1 won trick with Nine of Spades&#xD;
Test&#xD;
Test&#xD;
Test&#xD;
Player Test1 won trick with Four of Spades&#xD;
Test&#xD;
Test&#xD;
Test&#xD;
Test&#xD;
Player Test1 won trick with Two of Hearts&#xD;
Test&#xD;
Test&#xD;
Test&#xD;
Test&#xD;
Player Test1 won trick with Three of Hearts&#xD;
Player Test4 won trick with Ace of Spades&#xD;
Test&#xD;
Test&#xD;
Test&#xD;
Test&#xD;
Player Test1 won trick with Ten of Hearts&#xD;
Test&#xD;
Test&#xD;
Player Test2 won trick with Ace of Diamonds&#xD;
Test&#xD;
Test&#xD;
Test&#xD;
Player Test1 won trick with Queen of Spades&#xD;
Test&#xD;
Test&#xD;
Player Test2 won trick with Jack of Hearts&#xD;
Test&#xD;
Test&#xD;
Test&#xD;
Test&#xD;
Player Test1 won trick with Jack of Hearts&#xD;
Test&#xD;
Test&#xD;
Test&#xD;
Player Test1 won trick with Eight of Diamonds&#xD;
Test&#xD;
Test&#xD;
Player Test3 won trick with Ace of Hearts&#xD;
Test&#xD;
Test&#xD;
Test&#xD;
Test&#xD;
Player Test1 won trick with King of Spades&#xD;
Test&#xD;
Test&#xD;
Player Test3 won trick with Jack of Clubs&#xD;
Test&#xD;
Test&#xD;
Test&#xD;
Player Test1 won trick with King of Hearts&#xD;
Test&#xD;
Test&#xD;
Test&#xD;
Player Test1 won trick with Queen of Diamonds&#xD;
Test&#xD;
Test&#xD;
Test&#xD;
Player Test2 won trick with Eight of Hearts&#xD;
Test&#xD;
Test&#xD;
Test&#xD;
Player Test1 won trick with King of Hearts&#xD;
Test&#xD;
Test&#xD;
Player Test4 won trick with Seven of Spades&#xD;
Test&#xD;
Test&#xD;
Test&#xD;
Test&#xD;
Player Test1 won trick with Ten of Hearts&#xD;
Test&#xD;
Test&#xD;
Player Test1 won trick with Nine of Diamonds&#xD;
Test&#xD;
Player Test1 won trick with Ace of Diamonds&#xD;
Test&#xD;
Test&#xD;
Player Test4 won trick with Queen of Spades&#xD;
Test&#xD;
Test&#xD;
Player Test1 won trick with Jack of Hearts&#xD;
Test&#xD;
Test&#xD;
Player Test1 won trick with Ace of Diamonds&#xD;
Test&#xD;
Test&#xD;
Test&#xD;
Player Test2 won trick with Ace of Spades&#xD;
Test&#xD;
Test&#xD;
Test&#xD;
Test&#xD;
Player Test1 won trick with Jack of Clubs&#xD;
Test&#xD;
Player Test3 won trick with Queen of Diamonds&#xD;
Test&#xD;
Test&#xD;
Player Test4 won trick with Seven of Clubs&#xD;
Test&#xD;
Test&#xD;
Test&#xD;
Player Test1 won trick with Three of Clubs&#xD;
Test&#xD;
Test&#xD;
Test&#xD;
Player Test1 won trick with Eight of Hearts&#xD;
Test&#xD;
Player Test4 won trick with Ace of Spades&#xD;
Test&#xD;
Test&#xD;
Test&#xD;
Test&#xD;
Player Test1 won trick with Three of Hearts&#xD;
Test&#xD;
Test&#xD;
Player Test4 won trick with Queen of Clubs&#xD;
Test&#xD;
Player Test3 won trick with Jack of Clubs&#xD;
Test&#xD;
Test&#xD;
Test&#xD;
Test&#xD;
Player Test1 won trick with Four of Hearts&#xD;
Test&#xD;
Test&#xD;
Test&#xD;
Test&#xD;
Player Test1 won trick with Seven of Hearts&#xD;
Test&#xD;
Test&#xD;
Player Test1 won trick with Ace of Spades&#xD;
Test&#xD;
Test&#xD;
Player Test2 won trick with Ace of Spades&#xD;
Test&#xD;
Player Test2 won trick with King of Spades&#xD;
Test&#xD;
Test&#xD;
Test&#xD;
Test&#xD;
Player Test1 won trick with King of Hearts&#xD;
Test&#xD;
Player Test2 won trick with Ten of Clubs&#xD;
Test&#xD;
Test&#xD;
Test&#xD;
Player Test1 won trick with King of Spades&#xD;
Test&#xD;
Test&#xD;
Player Test3 won trick with Ten of Hearts&#xD;
Test&#xD;
Test&#xD;
Player Test1 won trick with Ten of Diamonds&#xD;
Test&#xD;
Test&#xD;
Test&#xD;
Player Test2 won trick with Six of Hearts&#xD;
Test&#xD;
Test&#xD;
Player Test1 won trick with Ace of Spades&#xD;
Test&#xD;
Test&#xD;
Player Test1 won trick with King of Clubs&#xD;
Test&#xD;
Test&#xD;
Test&#xD;
Test&#xD;
Player Test1 won trick with Eight of Hearts&#xD;
Test&#xD;
Test&#xD;
Test&#xD;
Player Test1 won trick with Four of Spades&#xD;
Test&#xD;
Test&#xD;
Player Test3 won trick with Queen of Hearts&#xD;
Test&#xD;
Test&#xD;
Player Test3 won trick with Seven of Diamonds&#xD;
Test&#xD;
Player Test2 won trick with Ace of Spades&#xD;
Test&#xD;
Test&#xD;
Player Test1 won trick with Ten of Spades&#xD;
Test&#xD;
Test&#xD;
Player Test3 won trick with Six of Spades&#xD;
Test&#xD;
Test&#xD;
Test&#xD;
Test&#xD;
Player Test1 won trick with Jack of Hearts&#xD;
Test&#xD;
Test&#xD;
Player Test1 won trick with Queen of Spades&#xD;
Test&#xD;
Test&#xD;
Test&#xD;
Player Test1 won trick with Nine of Spades&#xD;
Test&#xD;
Test&#xD;
Test&#xD;
Test&#xD;
Player Test1 won trick with Ten of Hearts&#xD;
Test&#xD;
Test&#xD;
Player Test1 won trick with King of Diamonds&#xD;
Test&#xD;
Test&#xD;
Test&#xD;
Player Test1 won trick with Eight of Spades&#xD;
Test&#xD;
Test&#xD;
Test&#xD;
Player Test1 won trick with King of Clubs&#xD;
Test&#xD;
Test&#xD;
Test&#xD;
Test&#xD;
Player Test1 won trick with Four of Diamonds&#xD;
Test&#xD;
Test&#xD;
Player Test1 won trick with King of Clubs&#xD;
Test&#xD;
Test&#xD;
Player Test4 won trick with Eight of Spades&#xD;
Test&#xD;
Test&#xD;
Player Test1 won trick with Ten of Diamonds&#xD;
Test&#xD;
Test&#xD;
Test&#xD;
Test&#xD;
Player Test1 won trick with Jack of Hearts&#xD;
Test&#xD;
Test&#xD;
Player Test1 won trick with King of Spades&#xD;
Test&#xD;
Test&#xD;
Test&#xD;
Test&#xD;
Player Test1 won trick with Seven of Hearts&#xD;
Test&#xD;
Test&#xD;
Test&#xD;
Player Test1 won trick with Eight of Clubs&#xD;
Test&#xD;
Player Test1 won trick with Nine of Diamonds&#xD;
Test&#xD;
Player Test2 won trick with Queen of Hearts&#xD;
Test&#xD;
Test&#xD;
Player Test1 won trick with Three of Spades&#xD;
Test&#xD;
Test&#xD;
Test&#xD;
Player Test1 won trick with Nine of Spades&#xD;
Test&#xD;
Test&#xD;
Test&#xD;
Player Test2 won trick with Ten of Hearts&#xD;
Test&#xD;
Test&#xD;
Test&#xD;
Player Test1 won trick with Two of Diamonds&#xD;
Test&#xD;
Test&#xD;
Test&#xD;
Test&#xD;
Player Test1 won trick with Six of Hearts&#xD;
Test&#xD;
Test&#xD;
Test&#xD;
Test&#xD;
Player Test1 won trick with Two of Hearts&#xD;
Test&#xD;
Test&#xD;
Test&#xD;
Player Test1 won trick with Ten of Clubs&#xD;
Test&#xD;
Test&#xD;
Test&#xD;
Test&#xD;
Player Test1 won trick with Eight of Hearts&#xD;
Test&#xD;
Test&#xD;
Player Test2 won trick with Six of Clubs&#xD;
Test&#xD;
Test&#xD;
Player Test2 won trick with Nine of Spades&#xD;
Test&#xD;
Test&#xD;
Test&#xD;
Test&#xD;
Player Test1 won trick with Ten of Clubs&#xD;
Test&#xD;
Test&#xD;
Player Test1 won trick with Ace of Clubs&#xD;
Test&#xD;
Test&#xD;
Test&#xD;
Player Test4 won trick with Ten of Hearts&#xD;
Test&#xD;
Player Test3 won trick with Seven of Hearts&#xD;
Test&#xD;
Player Test3 won trick with King of Diamonds&#xD;
Test&#xD;
Test&#xD;
Player Test1 won trick with Seven of Clubs&#xD;
Test&#xD;
Test&#xD;
Test&#xD;
Player Test1 won trick with Ace of Spades&#xD;
Test&#xD;
Player Test4 won trick with King of Diamonds&#xD;
Test&#xD;
Test&#xD;
Test&#xD;
Player Test1 won trick with Ten of Clubs&#xD;
Test&#xD;
Test&#xD;
Player Test3 won trick with Queen of Clubs&#xD;
Test&#xD;
Test&#xD;
Player Test1 won trick with King of Clubs&#xD;
Test&#xD;
Test&#xD;
Test&#xD;
Player Test1 won trick with Six of Clubs&#xD;
Test&#xD;
Test&#xD;
Player Test1 won trick with King of Diamonds&#xD;
Test&#xD;
Test&#xD;
Test&#xD;
Player Test1 won trick with Nine of Diamonds&#xD;
Test&#xD;
Test&#xD;
Test&#xD;
Test&#xD;
Player Test1 won trick with Four of Hearts&#xD;
Test&#xD;
Test&#xD;
Player Test2 won trick with Seven of Diamonds&#xD;
Test&#xD;
Player Test4 won trick with Ten of Diamonds&#xD;
Test&#xD;
Test&#xD;
Test&#xD;
Player Test1 won trick with Nine of Diamonds&#xD;
Test&#xD;
Test&#xD;
Test&#xD;
Player Test1 won trick with Queen of Clubs&#xD;
Test&#xD;
Test&#xD;
Player Test3 won trick with Jack of Clubs&#xD;
Test&#xD;
Player Test1 won trick with Jack of Diamonds&#xD;
Test&#xD;
Test&#xD;
Test&#xD;
Player Test1 won trick with Two of Spades&#xD;
Test&#xD;
Test&#xD;
Player Test2 won trick with Ace of Spades&#xD;
Test&#xD;
Test&#xD;
Test&#xD;
Player Test1 won trick with Four of Diamonds&#xD;
Test&#xD;
Test&#xD;
Player Test1 won trick with Queen of Spades&#xD;
Test&#xD;
Test&#xD;
Test&#xD;
Player Test4 won trick with Ten of Hearts&#xD;
Test&#xD;
Test&#xD;
Player Test1 won trick with Jack of Spades&#xD;
Test&#xD;
Test&#xD;
Test&#xD;
Player Test1 won trick with Six of Diamonds&#xD;
Test&#xD;
Test&#xD;
Test&#xD;
Test&#xD;
Player Test1 won trick with Eight of Hearts&#xD;
Test&#xD;
Test&#xD;
Test&#xD;
Test&#xD;
Player Test1 won trick with Ace of Hearts&#xD;
Test&#xD;
Test&#xD;
Test&#xD;
Player Test1 won trick with Jack of Diamonds&#xD;
Test&#xD;
Player Test4 won trick with King of Clubs&#xD;
Test&#xD;
Test&#xD;
Test&#xD;
Player Test1 won trick with Eight of Clubs&#xD;
Test&#xD;
Test&#xD;
Player Test1 won trick with Seven of Spades&#xD;
Test&#xD;
Test&#xD;
Player Test3 won trick with Ten of Diamonds&#xD;
Test&#xD;
Test&#xD;
Player Test4 won trick with Queen of Diamonds&#xD;
Test&#xD;
Test&#xD;
Player Test1 won trick with Eight of Diamonds&#xD;
Test&#xD;
Test&#xD;
Test&#xD;
Player Test1 won trick with Five of Spades&#xD;
Test&#xD;
Test&#xD;
Test&#xD;
Player Test1 won trick with Six of Clubs&#xD;
Test&#xD;
Test&#xD;
Player Test1 won trick with Ace of Clubs&#xD;
Test&#xD;
Test&#xD;
Test&#xD;
Player Test1 won trick with King of Clubs&#xD;
Test&#xD;
Test&#xD;
Test&#xD;
Player Test1 won trick with Queen of Diamonds&#xD;
Test&#xD;
Test&#xD;
Player Test1 won trick with Seven of Spades&#xD;
Test&#xD;
Test&#xD;
Test&#xD;
Player Test4 won trick with Ten of Hearts&#xD;
Test&#xD;
Test&#xD;
Player Test3 won trick with Nine of Diamonds&#xD;
Test&#xD;
Test&#xD;
Test&#xD;
Player Test1 won trick with Seven of Diamonds&#xD;
Test&#xD;
Test&#xD;
Player Test4 won trick with King of Diamonds&#xD;
Test&#xD;
Test&#xD;
Player Test1 won trick with King of Hearts&#xD;
Test&#xD;
Test&#xD;
Test&#xD;
Player Test1 won trick with Ten of Clubs&#xD;
Test&#xD;
Test&#xD;
Player Test2 won trick with Jack of Spades&#xD;
Test&#xD;
Test&#xD;
Player Test1 won trick with Ace of Diamonds&#xD;
Test&#xD;
Player Test4 won trick with Ten of Diamonds&#xD;
Test&#xD;
Player Test1 won trick with Ace of Diamonds&#xD;
Test&#xD;
Test&#xD;
Test&#xD;
Player Test1 won trick with Three of Diamonds&#xD;
Test&#xD;
Test&#xD;
Test&#xD;
Test&#xD;
Player Test1 won trick with Ten of Hearts&#xD;
Test&#xD;
Test&#xD;
Test&#xD;
Test&#xD;
Player Test1 won trick with Queen of Hearts&#xD;
Test&#xD;
Test&#xD;
Player Test1 won trick with Jack of Diamonds&#xD;
Test&#xD;
Player Test2 won trick with Seven of Diamonds&#xD;
Test&#xD;
Test&#xD;
Player Test4 won trick with Jack of Clubs&#xD;
Test&#xD;
Test&#xD;
Test&#xD;
Player Test1 won trick with King of Clubs&#xD;
Test&#xD;
Test&#xD;
Player Test3 won trick with Jack of Clubs&#xD;
Test&#xD;
Test&#xD;
Player Test2 won trick with Ten of Spades&#xD;
Test&#xD;
Test&#xD;
Test&#xD;
Test&#xD;
Player Test1 won trick with Jack of Clubs&#xD;
Test&#xD;
Test&#xD;
Test&#xD;
Player Test3 won trick with Six of Hearts&#xD;
Test&#xD;
Test&#xD;
Test&#xD;
Player Test1 won trick with Five of Clubs&#xD;
Test&#xD;
Test&#xD;
Player Test1 won trick with Eight of Diamonds&#xD;
Test&#xD;
Test&#xD;
Test&#xD;
Test&#xD;
Player Test1 won trick with Two of Hearts&#xD;
Test&#xD;
Test&#xD;
Test&#xD;
Player Test1 won trick with Jack of Diamonds&#xD;
Test&#xD;
Test&#xD;
Player Test1 won trick with Seven of Clubs&#xD;
Test&#xD;
Test&#xD;
Test&#xD;
Player Test1 won trick with Five of Clubs&#xD;
Test&#xD;
Player Test1 won trick with Ace of Clubs&#xD;
Test&#xD;
Player Test2 won trick with Queen of Diamonds&#xD;
Test&#xD;
Player Test1 won trick with Ace of Spades&#xD;
Test&#xD;
Test&#xD;
Test&#xD;
Player Test1 won trick with Ten of Clubs&#xD;
Test&#xD;
Player Test3 won trick with Ten of Diamonds&#xD;
Test&#xD;
Test&#xD;
Player Test1 won trick with Queen of Clubs&#xD;
Test&#xD;
Test&#xD;
Test&#xD;
Test&#xD;
Player Test1 won trick with Nine of Spades&#xD;
Test&#xD;
Test&#xD;
Test&#xD;
Player Test2 won trick with Ten of Spades&#xD;
Test&#xD;
Test&#xD;
Test&#xD;
Player Test1 won trick with Jack of Clubs&#xD;
Test&#xD;
Test&#xD;
Player Test1 won trick with Ten of Clubs&#xD;
Test&#xD;
Test&#xD;
Player Test2 won trick with Ten of Clubs&#xD;
Test&#xD;
Test&#xD;
Test&#xD;
Test&#xD;
Player Test1 won trick with Three of Hearts&#xD;
Test&#xD;
Test&#xD;
Test&#xD;
Player Test1 won trick with Eight of Clubs&#xD;
Test&#xD;
Test&#xD;
Player Test4 won trick with Eight of Clubs&#xD;
Test&#xD;
Test&#xD;
Test&#xD;
Player Test1 won trick with Five of Clubs&#xD;
Test&#xD;
Test&#xD;
Test&#xD;
Player Test1 won trick with King of Clubs&#xD;
Test&#xD;
Test&#xD;
Test&#xD;
Test&#xD;
Player Test1 won trick with Ace of Hearts&#xD;
Test&#xD;
Test&#xD;
Test&#xD;
Player Test3 won trick with Eight of Hearts&#xD;
Test&#xD;
Test&#xD;
Test&#xD;
Test&#xD;
Player Test1 won trick with Eight of Clubs&#xD;
Test&#xD;
Test&#xD;
Test&#xD;
Player Test1 won trick with Five of Diamonds&#xD;
Test&#xD;
Test&#xD;
Player Test1 won trick with Eight of Spades&#xD;
Test&#xD;
Test&#xD;
Player Test1 won trick with Nine of Clubs&#xD;
Test&#xD;
Test&#xD;
Test&#xD;
Player Test1 won trick with Nine of Spades&#xD;
Test&#xD;
Test&#xD;
Test&#xD;
Player Test1 won trick with Eight of Diamonds&#xD;
Test&#xD;
Test&#xD;
Test&#xD;
Player Test1 won trick with Ace of Diamonds&#xD;
Test&#xD;
Test&#xD;
Test&#xD;
Player Test1 won trick with Eight of Clubs&#xD;
Test&#xD;
Test&#xD;
Test&#xD;
Player Test4 won trick with Ace of Hearts&#xD;
Test&#xD;
Test&#xD;
Test&#xD;
Player Test1 won trick with Queen of Spades&#xD;
Test&#xD;
Test&#xD;
Test&#xD;
Test&#xD;
Player Test1 won trick with Eight of Diamonds&#xD;
Test&#xD;
Test&#xD;
Test&#xD;
Player Test1 won trick with Nine of Hearts&#xD;
Test&#xD;
Test&#xD;
Test&#xD;
Test&#xD;
Player Test1 won trick with King of Hearts&#xD;
Test&#xD;
Test&#xD;
Player Test1 won trick with Jack of Spades&#xD;
Test&#xD;
Test&#xD;
Test&#xD;
Player Test1 won trick with Jack of Diamonds&#xD;
Test&#xD;
Test&#xD;
Test&#xD;
Test&#xD;
Player Test1 won trick with Three of Hearts&#xD;
Test&#xD;
Test&#xD;
Test&#xD;
Player Test3 won trick with Queen of Hearts&#xD;
Test&#xD;
Test&#xD;
Test&#xD;
Player Test1 won trick with Five of Diamonds&#xD;
Test&#xD;
Test&#xD;
Test&#xD;
Player Test1 won trick with Queen of Hearts&#xD;
Test&#xD;
Test&#xD;
Test&#xD;
Player Test1 won trick with Three of Diamonds&#xD;
Test&#xD;
Test&#xD;
Test&#xD;
Player Test1 won trick with Ten of Spades&#xD;
Test&#xD;
Test&#xD;
Player Test1 won trick with Ace of Clubs&#xD;
Test&#xD;
Test&#xD;
Test&#xD;
Player Test1 won trick with Six of Hearts&#xD;
Test&#xD;
Test&#xD;
Test&#xD;
Player Test1 won trick with Ten of Hearts&#xD;
Test&#xD;
Test&#xD;
Test&#xD;
Player Test1 won trick with Jack of Hearts&#xD;
Test&#xD;
Test&#xD;
Player Test2 won trick with Nine of Spades&#xD;
Test&#xD;
Test&#xD;
Player Test1 won trick with Queen of Diamonds&#xD;
Test&#xD;
Test&#xD;
Test&#xD;
Player Test1 won trick with Queen of Diamonds&#xD;
Test&#xD;
Test&#xD;
Test&#xD;
Player Test1 won trick with Five of Clubs&#xD;
Test&#xD;
Test&#xD;
Test&#xD;
Player Test1 won trick with Three of Diamonds&#xD;
Test&#xD;
Test&#xD;
Player Test4 won trick with Ten of Spades&#xD;
Test&#xD;
Test&#xD;
Player Test2 won trick with Nine of Clubs&#xD;
Test&#xD;
Test&#xD;
Player Test2 won trick with King of Clubs&#xD;
Test&#xD;
Test&#xD;
Test&#xD;
Test&#xD;
Player Test1 won trick with Ten of Diamonds&#xD;
Test&#xD;
Test&#xD;
Test&#xD;
Player Test1 won trick with Five of Hearts&#xD;
Test&#xD;
Test&#xD;
Player Test1 won trick with Ace of Diamonds&#xD;
Test&#xD;
Test&#xD;
Player Test1 won trick with Ten of Clubs&#xD;
Test&#xD;
Player Test3 won trick with Ten of Spades&#xD;
Test&#xD;
Test&#xD;
Player Test1 won trick with Jack of Hearts&#xD;
Test&#xD;
Test&#xD;
Player Test3 won trick with Jack of Clubs&#xD;
Test&#xD;
Player Test2 won trick with Queen of Diamonds&#xD;
Test&#xD;
Test&#xD;
Test&#xD;
Test&#xD;
Player Test1 won trick with Three of Spades&#xD;
Test&#xD;
Player Test1 won trick with King of Clubs&#xD;
Test&#xD;
Test&#xD;
Test&#xD;
Test&#xD;
Player Test1 won trick with Queen of Diamonds&#xD;
Test&#xD;
Test&#xD;
Test&#xD;
Player Test1 won trick with Two of Diamonds&#xD;
Test&#xD;
Test&#xD;
Player Test4 won trick with Six of Diamonds&#xD;
Test&#xD;
Test&#xD;
Player Test1 won trick with King of Clubs&#xD;
Test&#xD;
Test&#xD;
Test&#xD;
Player Test1 won trick with Six of Clubs&#xD;
Test&#xD;
Test&#xD;
Test&#xD;
Player Test1 won trick with Queen of Hearts&#xD;
Test&#xD;
Player Test3 won trick with King of Diamonds&#xD;
Test&#xD;
Test&#xD;
Player Test1 won trick with King of Clubs&#xD;
Test&#xD;
Test&#xD;
Player Test2 won trick with Nine of Spades&#xD;
Test&#xD;
Test&#xD;
Test&#xD;
Player Test1 won trick with King of Hearts&#xD;
Test&#xD;
Test&#xD;
Test&#xD;
Player Test1 won trick with Nine of Clubs&#xD;
Test&#xD;
Test&#xD;
Test&#xD;
Test&#xD;
Player Test1 won trick with Seven of Hearts&#xD;
Test&#xD;
Test&#xD;
Test&#xD;
Player Test1 won trick with Ten of Hearts&#xD;
Test&#xD;
Test&#xD;
Player Test1 won trick with Queen of Spades&#xD;
Test&#xD;
Test&#xD;
Test&#xD;
Player Test1 won trick with Ace of Spades&#xD;
Test&#xD;
Test&#xD;
Test&#xD;
Player Test1 won trick with Queen of Spades&#xD;
Test&#xD;
Test&#xD;
Player Test1 won trick with King of Hearts&#xD;
Test&#xD;
Player Test4 won trick with Eight of Diamonds&#xD;
Test&#xD;
Player Test3 won trick with Ace of Clubs&#xD;
Test&#xD;
Test&#xD;
Test&#xD;
Player Test1 won trick with Queen of Diamonds&#xD;
Test&#xD;
Test&#xD;
Player Test1 won trick with Ace of Spades&#xD;
Test&#xD;
Test&#xD;
Test&#xD;
Player Test1 won trick with King of Spades&#xD;
Test&#xD;
Test&#xD;
Player Test4 won trick with King of Diamonds&#xD;
Test&#xD;
Test&#xD;
Test&#xD;
Test&#xD;
Player Test1 won trick with Queen of Hearts&#xD;
Test&#xD;
Test&#xD;
Player Test1 won trick with Jack of Diamonds&#xD;
Test&#xD;
Test&#xD;
Player Test1 won trick with Seven of Clubs&#xD;
Test&#xD;
Test&#xD;
Test&#xD;
Player Test1 won trick with Three of Diamonds&#xD;
Test&#xD;
Test&#xD;
Test&#xD;
Player Test1 won trick with Nine of Diamonds&#xD;
Test&#xD;
Test&#xD;
Test&#xD;
Player Test1 won trick with Ace of Spades&#xD;
Test&#xD;
Test&#xD;
Player Test2 won trick with Four of Clubs&#xD;
Test&#xD;
Test&#xD;
Player Test1 won trick with Jack of Diamonds&#xD;
Test&#xD;
Player Test2 won trick with King of Clubs&#xD;
Test&#xD;
Player Test1 won trick with Seven of Clubs&#xD;
Test&#xD;
Test&#xD;
Test&#xD;
Player Test1 won trick with Eight of Diamonds&#xD;
Test&#xD;
Player Test4 won trick with Ace of Diamonds&#xD;
Test&#xD;
Test&#xD;
Test&#xD;
Test&#xD;
Player Test1 won trick with Nine of Hearts&#xD;
Test&#xD;
Test&#xD;
Test&#xD;
Player Test1 won trick with King of Diamonds&#xD;
Test&#xD;
Test&#xD;
Player Test3 won trick with Queen of Spades&#xD;
Test&#xD;
Test&#xD;
Test&#xD;
Test&#xD;
Player Test1 won trick with King of Hearts&#xD;
Test&#xD;
Test&#xD;
Test&#xD;
Test&#xD;
Player Test1 won trick with Seven of Hearts&#xD;
Test&#xD;
Test&#xD;
Test&#xD;
Player Test1 won trick with Nine of Diamonds&#xD;
Test&#xD;
Test&#xD;
Test&#xD;
Player Test1 won trick with King of Diamonds&#xD;
Test&#xD;
Test&#xD;
Player Test1 won trick with Ten of Spades&#xD;
Test&#xD;
Test&#xD;
Player Test1 won trick with Eight of Clubs&#xD;
Test&#xD;
Test&#xD;
Test&#xD;
Test&#xD;
Player Test1 won trick with Seven of Hearts&#xD;
Test&#xD;
Test&#xD;
Player Test1 won trick with Ace of Clubs&#xD;
Test&#xD;
Test&#xD;
Player Test2 won trick with Jack of Diamonds&#xD;
Test&#xD;
Test&#xD;
Test&#xD;
Player Test1 won trick with Eight of Diamonds&#xD;
Test&#xD;
Test&#xD;
Test&#xD;
Test&#xD;
Player Test1 won trick with Four of Hearts&#xD;
Test&#xD;
Test&#xD;
Test&#xD;
Test&#xD;
Player Test1 won trick with Queen of Hearts&#xD;
Test&#xD;
Player Test2 won trick with Ace of Clubs&#xD;
Test&#xD;
Test&#xD;
Test&#xD;
Player Test1 won trick with Eight of Spades&#xD;
Test&#xD;
Test&#xD;
Test&#xD;
Player Test1 won trick with Two of Clubs&#xD;
Test&#xD;
Test&#xD;
Player Test1 won trick with King of Diamonds&#xD;
Test&#xD;
Test&#xD;
Player Test2 won trick with Queen of Clubs&#xD;
Test&#xD;
Test&#xD;
Player Test2 won trick with Nine of Spades&#xD;
Test&#xD;
Test&#xD;
Player Test1 won trick with Eight of Spades&#xD;
Test&#xD;
Test&#xD;
Test&#xD;
Test&#xD;
Player Test1 won trick with Queen of Hearts&#xD;
Test&#xD;
Test&#xD;
Player Test1 won trick with King of Diamonds&#xD;
Test&#xD;
Test&#xD;
Test&#xD;
Player Test4 won trick with King of Hearts&#xD;
Test&#xD;
Test&#xD;
Test&#xD;
Player Test1 won trick with Six of Spades&#xD;
Test&#xD;
Test&#xD;
Test&#xD;
Player Test1 won trick with Queen of Clubs&#xD;
Test&#xD;
Test&#xD;
Test&#xD;
Player Test1 won trick with Two of Clubs&#xD;
Test&#xD;
Player Test2 won trick with Nine of Clubs&#xD;
Test&#xD;
Test&#xD;
Player Test3 won trick with Five of Spades&#xD;
Test&#xD;
Test&#xD;
Test&#xD;
Player Test1 won trick with Jack of Spades&#xD;
Test&#xD;
Test&#xD;
Player Test2 won trick with Queen of Hearts&#xD;
Test&#xD;
Test&#xD;
Test&#xD;
Player Test1 won trick with Seven of Diamonds&#xD;
Test&#xD;
Test&#xD;
Test&#xD;
Player Test1 won trick with Two of Clubs&#xD;
Test&#xD;
Player Test1 won trick with Queen of Spades&#xD;
Test&#xD;
Test&#xD;
Player Test3 won trick with Ace of Diamonds&#xD;
Test&#xD;
Test&#xD;
Player Test1 won trick with Queen of Clubs&#xD;
Test&#xD;
Test&#xD;
Player Test1 won trick with Queen of Clubs&#xD;
Test&#xD;
Player Test2 won trick with Ace of Spades&#xD;
Test&#xD;
Player Test2 won trick with Ace of Clubs&#xD;
Test&#xD;
Test&#xD;
Test&#xD;
Player Test1 won trick with Five of Spades&#xD;
Test&#xD;
Test&#xD;
Test&#xD;
Player Test1 won trick with Nine of Hearts&#xD;
Test&#xD;
Player Test3 won trick with Nine of Spades&#xD;
Test&#xD;
Test&#xD;
Test&#xD;
Player Test1 won trick with Ten of Diamonds&#xD;
Test&#xD;
Test&#xD;
Test&#xD;
Test&#xD;
Player Test1 won trick with Queen of Hearts&#xD;
Test&#xD;
Test&#xD;
Test&#xD;
Player Test1 won trick with Two of Clubs&#xD;
Test&#xD;
Test&#xD;
Test&#xD;
Player Test1 won trick with Queen of Diamonds&#xD;
Test&#xD;
Test&#xD;
Player Test4 won trick with King of Diamonds&#xD;
Test&#xD;
Test&#xD;
Test&#xD;
Player Test4 won trick with Eight of Hearts&#xD;
Test&#xD;
Test&#xD;
Player Test1 won trick with Ace of Diamonds&#xD;
Test&#xD;
Test&#xD;
Test&#xD;
Player Test1 won trick with Five of Diamonds&#xD;
Test&#xD;
Test&#xD;
Player Test4 won trick with Ace of Clubs&#xD;
Test&#xD;
Test&#xD;
Test&#xD;
Player Test1 won trick with Nine of Hearts&#xD;
Test&#xD;
Test&#xD;
Player Test3 won trick with Nine of Diamonds&#xD;
Test&#xD;
Test&#xD;
Test&#xD;
Player Test1 won trick with Two of Clubs&#xD;
Test&#xD;
Test&#xD;
Player Test1 won trick with Seven of Clubs&#xD;
Test&#xD;
Test&#xD;
Test&#xD;
Player Test1 won trick with Ten of Hearts&#xD;
Test&#xD;
Test&#xD;
Player Test3 won trick with Jack of Clubs&#xD;
Player Test3 won trick with Seven of Diamonds&#xD;
Test&#xD;
Player Test4 won trick with Ten of Clubs&#xD;
Test&#xD;
Test&#xD;
Player Test1 won trick with Five of Clubs&#xD;
Test&#xD;
Test&#xD;
Player Test1 won trick with Ace of Spades&#xD;
Test&#xD;
Test&#xD;
Player Test2 won trick with King of Spades&#xD;
Test&#xD;
Test&#xD;
Test&#xD;
Player Test1 won trick with Queen of Diamonds&#xD;
Test&#xD;
Test&#xD;
Player Test1 won trick with Seven of Diamonds&#xD;
Test&#xD;
Test&#xD;
Player Test1 won trick with Jack of Hearts&#xD;
Test&#xD;
Player Test1 won trick with Ace of Spades&#xD;
Test&#xD;
Test&#xD;
Player Test1 won trick with Nine of Spades&#xD;
Test&#xD;
Player Test4 won trick with Ten of Clubs&#xD;
Test&#xD;
Test&#xD;
Test&#xD;
Player Test4 won trick with Seven of Diamonds&#xD;
Test&#xD;
Test&#xD;
Test&#xD;
Player Test1 won trick with Two of Diamonds&#xD;
Test&#xD;
Test&#xD;
Player Test2 won trick with Jack of Clubs&#xD;
Test&#xD;
Test&#xD;
Player Test1 won trick with Queen of Spades&#xD;
Test&#xD;
Test&#xD;
Player Test2 won trick with Ace of Hearts&#xD;
Test&#xD;
Player Test3 won trick with Seven of Spades&#xD;
Test&#xD;
Test&#xD;
Test&#xD;
Player Test1 won trick with Queen of Spades&#xD;
Test&#xD;
Test&#xD;
Player Test1 won trick with Nine of Diamonds&#xD;
Test&#xD;
Test&#xD;
Player Test2 won trick with Jack of Hearts&#xD;
Test&#xD;
Test&#xD;
Test&#xD;
Player Test1 won trick with Five of Clubs&#xD;
Test&#xD;
Test&#xD;
Player Test1 won trick with Five of Spades&#xD;
Test&#xD;
Test&#xD;
Player Test1 won trick with Four of Clubs&#xD;
Test&#xD;
Test&#xD;
Test&#xD;
Test&#xD;
Player Test1 won trick with Two of Hearts&#xD;
Test&#xD;
Test&#xD;
Player Test1 won trick with King of Clubs&#xD;
Test&#xD;
Player Test1 won trick with Ace of Diamonds&#xD;
Player Test2 won trick with Queen of Diamonds&#xD;
Test&#xD;
Test&#xD;
Test&#xD;
Player Test1 won trick with Two of Spades&#xD;
Test&#xD;
Test&#xD;
Test&#xD;
Player Test1 won trick with Three of Spades&#xD;
Test&#xD;
Player Test2 won trick with Ace of Spades&#xD;
Test&#xD;
Test&#xD;
Test&#xD;
Test&#xD;
Player Test1 won trick with King of Hearts&#xD;
Test&#xD;
Test&#xD;
Player Test1 won trick with Four of Diamonds&#xD;
Test&#xD;
Test&#xD;
Test&#xD;
Test&#xD;
Player Test1 won trick with Two of Hearts&#xD;
Test&#xD;
Test&#xD;
Test&#xD;
Player Test1 won trick with Jack of Spades&#xD;
Test&#xD;
Test&#xD;
Test&#xD;
Player Test1 won trick with Four of Clubs&#xD;
Test&#xD;
Test&#xD;
Test&#xD;
Player Test1 won trick with Eight of Clubs&#xD;
Test&#xD;
Test&#xD;
Player Test4 won trick with King of Clubs&#xD;
Test&#xD;
Test&#xD;
Player Test3 won trick with Seven of Clubs&#xD;
Test&#xD;
Test&#xD;
Player Test1 won trick with Ace of Spades&#xD;
Test&#xD;
Test&#xD;
Test&#xD;
Test&#xD;
Player Test1 won trick with Four of Hearts&#xD;
Test&#xD;
Test&#xD;
Test&#xD;
Player Test1 won trick with Nine of Clubs&#xD;
Test&#xD;
Test&#xD;
Test&#xD;
Player Test4 won trick with Five of Hearts&#xD;
Test&#xD;
Test&#xD;
Test&#xD;
Player Test1 won trick with Eight of Diamonds&#xD;
Test&#xD;
Test&#xD;
Test&#xD;
Player Test1 won trick with Five of Clubs&#xD;
Test&#xD;
Test&#xD;
Test&#xD;
Test&#xD;
Player Test1 won trick with Ace of Hearts&#xD;
Test&#xD;
Test&#xD;
Test&#xD;
Test&#xD;
Player Test1 won trick with Ace of Hearts&#xD;
Test&#xD;
Test&#xD;
Test&#xD;
Test&#xD;
Player Test1 won trick with Four of Hearts&#xD;
Test&#xD;
Test&#xD;
Player Test2 won trick with Ace of Spades&#xD;
Test&#xD;
Test&#xD;
Test&#xD;
Player Test1 won trick with Eight of Hearts&#xD;
Test&#xD;
Test&#xD;
Test&#xD;
Player Test1 won trick with Ten of Hearts&#xD;
Test&#xD;
Test&#xD;
Test&#xD;
Player Test1 won trick with Jack of Spades&#xD;
Test&#xD;
Test&#xD;
Player Test3 won trick with Queen of Clubs&#xD;
Test&#xD;
Test&#xD;
Test&#xD;
Player Test1 won trick with Three of Diamonds&#xD;
Test&#xD;
Test&#xD;
Player Test1 won trick with Nine of Hearts&#xD;
Test&#xD;
Test&#xD;
Test&#xD;
Player Test1 won trick with Queen of Clubs&#xD;
Test&#xD;
Test&#xD;
Player Test4 won trick with King of Clubs&#xD;
Test&#xD;
Test&#xD;
Test&#xD;
Player Test1 won trick with King of Diamonds&#xD;
Test&#xD;
Test&#xD;
Test&#xD;
Player Test1 won trick with Three of Spades&#xD;
Test&#xD;
Player Test3 won trick with King of Diamonds&#xD;
Test&#xD;
Test&#xD;
Player Test1 won trick with King of Clubs&#xD;
Test&#xD;
Test&#xD;
Player Test1 won trick with Ace of Spades&#xD;
Test&#xD;
Test&#xD;
Player Test1 won trick with Queen of Clubs&#xD;
Test&#xD;
Test&#xD;
Test&#xD;
Test&#xD;
Player Test1 won trick with Three of Diamonds&#xD;
Test&#xD;
Test&#xD;
Player Test4 won trick with King of Spades&#xD;
Test&#xD;
Test&#xD;
Test&#xD;
Player Test1 won trick with Eight of Diamonds&#xD;
Test&#xD;
Test&#xD;
Test&#xD;
Player Test1 won trick with Four of Spades&#xD;
Test&#xD;
Test&#xD;
Player Test1 won trick with Eight of Diamonds&#xD;
Test&#xD;
Test&#xD;
Player Test4 won trick with King of Diamonds&#xD;
Test&#xD;
Test&#xD;
Test&#xD;
Player Test1 won trick with Ten of Spades&#xD;
Test&#xD;
Test&#xD;
Test&#xD;
Player Test1 won trick with Jack of Diamonds&#xD;
Test&#xD;
Test&#xD;
Test&#xD;
Test&#xD;
Player Test1 won trick with Six of Hearts&#xD;
Test&#xD;
Test&#xD;
Test&#xD;
Player Test1 won trick with Three of Clubs&#xD;
Test&#xD;
Test&#xD;
Test&#xD;
Player Test1 won trick with Six of Hearts&#xD;
Test&#xD;
Test&#xD;
Test&#xD;
Test&#xD;
Player Test1 won trick with Five of Hearts&#xD;
Test&#xD;
Test&#xD;
Test&#xD;
Player Test1 won trick with Queen of Diamonds&#xD;
Test&#xD;
Test&#xD;
Test&#xD;
Test&#xD;
Player Test1 won trick with Eight of Hearts&#xD;
Test&#xD;
Test&#xD;
Test&#xD;
Player Test1 won trick with Two of Clubs&#xD;
Test&#xD;
Test&#xD;
Test&#xD;
Player Test1 won trick with Four of Clubs&#xD;
Test&#xD;
Test&#xD;
Player Test1 won trick with King of Diamonds&#xD;
Test&#xD;
Test&#xD;
Test&#xD;
Player Test1 won trick with Jack of Clubs&#xD;
Test&#xD;
Test&#xD;
Test&#xD;
Test&#xD;
Player Test1 won trick with Three of Hearts&#xD;
Test&#xD;
Test&#xD;
Test&#xD;
Player Test1 won trick with Nine of Spades&#xD;
Test&#xD;
Test&#xD;
Test&#xD;
Player Test1 won trick with King of Diamonds&#xD;
Test&#xD;
Player Test1 won trick with Ten of Hearts&#xD;
Test&#xD;
Player Test1 won trick with Nine of Diamonds&#xD;
Test&#xD;
Player Test2 won trick with Eight of Diamonds&#xD;
Test&#xD;
Test&#xD;
Test&#xD;
Player Test1 won trick with Six of Diamonds&#xD;
Test&#xD;
Test&#xD;
Test&#xD;
Player Test1 won trick with King of Clubs&#xD;
Test&#xD;
Player Test2 won trick with King of Diamonds&#xD;
Test&#xD;
Test&#xD;
Test&#xD;
Player Test1 won trick with King of Spades&#xD;
Test&#xD;
Test&#xD;
Test&#xD;
Test&#xD;
Player Test1 won trick with Five of Hearts&#xD;
Test&#xD;
Test&#xD;
Test&#xD;
Player Test1 won trick with Six of Diamonds&#xD;
Test&#xD;
Test&#xD;
Test&#xD;
Player Test1 won trick with Two of Spades&#xD;
Test&#xD;
Test&#xD;
Test&#xD;
Test&#xD;
Player Test1 won trick with Jack of Hearts&#xD;
Test&#xD;
Test&#xD;
Player Test4 won trick with Nine of Clubs&#xD;
Test&#xD;
Test&#xD;
Player Test1 won trick with King of Clubs&#xD;
Test&#xD;
Test&#xD;
Player Test1 won trick with Ten of Diamonds&#xD;
Test&#xD;
Player Test1 won trick with Ace of Diamonds&#xD;
Test&#xD;
Test&#xD;
Player Test2 won trick with Queen of Diamonds&#xD;
Test&#xD;
Test&#xD;
Player Test1 won trick with Ace of Clubs&#xD;
Test&#xD;
Test&#xD;
Player Test1 won trick with Ten of Diamonds&#xD;
Test&#xD;
Test&#xD;
Test&#xD;
Test&#xD;
Player Test1 won trick with Jack of Hearts&#xD;
Test&#xD;
Test&#xD;
Player Test1 won trick with Eight of Diamonds&#xD;
Test&#xD;
Player Test1 won trick with Six of Spades&#xD;
Test&#xD;
Test&#xD;
Player Test1 won trick with Nine of Hearts&#xD;
Test&#xD;
Player Test1 won trick with Jack of Diamonds&#xD;
Test&#xD;
Test&#xD;
Test&#xD;
Player Test1 won trick with Four of Clubs&#xD;
Test&#xD;
Test&#xD;
Test&#xD;
Player Test1 won trick with Seven of Clubs&#xD;
Test&#xD;
Test&#xD;
Test&#xD;
Player Test4 won trick with Ace of Hearts&#xD;
Test&#xD;
Test&#xD;
Test&#xD;
Player Test1 won trick with Jack of Clubs&#xD;
Test&#xD;
Test&#xD;
Test&#xD;
Player Test1 won trick with Queen of Spades&#xD;
Test&#xD;
Test&#xD;
Test&#xD;
Player Test1 won trick with King of Spades&#xD;
Test&#xD;
Test&#xD;
Test&#xD;
Player Test1 won trick with King of Diamonds&#xD;
Test&#xD;
Test&#xD;
Test&#xD;
Player Test1 won trick with King of Diamonds&#xD;
Test&#xD;
Test&#xD;
Test&#xD;
Player Test1 won trick with Two of Spades&#xD;
Test&#xD;
Test&#xD;
Player Test1 won trick with Nine of Diamonds&#xD;
Test&#xD;
Test&#xD;
Test&#xD;
Player Test1 won trick with Ace of Hearts&#xD;
Test&#xD;
Test&#xD;
Test&#xD;
Player Test2 won trick with Nine of Hearts&#xD;
Test&#xD;
Test&#xD;
Player Test4 won trick with Ace of Hearts&#xD;
Test&#xD;
Test&#xD;
Player Test1 won trick with King of Diamonds&#xD;
Test&#xD;
Player Test1 won trick with Jack of Spades&#xD;
Test&#xD;
Test&#xD;
Player Test1 won trick with Jack of Clubs&#xD;
Test&#xD;
Test&#xD;
Test&#xD;
Player Test2 won trick with King of Hearts&#xD;
Test&#xD;
Test&#xD;
Test&#xD;
Player Test1 won trick with Nine of Spades&#xD;
Test&#xD;
Test&#xD;
Test&#xD;
Player Test1 won trick with Ten of Diamonds&#xD;
Test&#xD;
Test&#xD;
Player Test2 won trick with Ace of Diamonds&#xD;
Test&#xD;
Test&#xD;
Player Test1 won trick with Jack of Spades&#xD;
Test&#xD;
Test&#xD;
Player Test1 won trick with Queen of Clubs&#xD;
Test&#xD;
Test&#xD;
Player Test1 won trick with Eight of Clubs&#xD;
Test&#xD;
Test&#xD;
Test&#xD;
Player Test1 won trick with Queen of Clubs&#xD;
Test&#xD;
Test&#xD;
Player Test4 won trick with King of Diamonds&#xD;
Test&#xD;
Test&#xD;
Test&#xD;
Player Test1 won trick with Queen of Hearts&#xD;
Test&#xD;
Test&#xD;
Test&#xD;
Player Test1 won trick with Six of Spades&#xD;
Player Test3 won trick with Jack of Diamonds&#xD;
Test&#xD;
Test&#xD;
Test&#xD;
Player Test1 won trick with King of Diamonds&#xD;
Test&#xD;
Test&#xD;
Test&#xD;
Player Test1 won trick with Two of Clubs&#xD;
Test&#xD;
Test&#xD;
Test&#xD;
Player Test1 won trick with Four of Diamonds&#xD;
Test&#xD;
Test&#xD;
Test&#xD;
Test&#xD;
Player Test1 won trick with Ten of Hearts&#xD;
Test&#xD;
Test&#xD;
Player Test3 won trick with Ten of Spades&#xD;
Test&#xD;
Test&#xD;
Test&#xD;
Player Test4 won trick with King of Hearts&#xD;
Test&#xD;
Test&#xD;
Test&#xD;
Player Test1 won trick with Eight of Spades&#xD;
Test&#xD;
Test&#xD;
Test&#xD;
Player Test3 won trick with King of Hearts&#xD;
Test&#xD;
Test&#xD;
Player Test4 won trick with Seven of Hearts&#xD;
Test&#xD;
Test&#xD;
Player Test1 won trick with Jack of Clubs&#xD;
Test&#xD;
Test&#xD;
Test&#xD;
Test&#xD;
Player Test1 won trick with Jack of Hearts&#xD;
Test&#xD;
Test&#xD;
Test&#xD;
Test&#xD;
Player Test1 won trick with King of Hearts&#xD;
Test&#xD;
Test&#xD;
Player Test3 won trick with Nine of Spades&#xD;
Test&#xD;
Test&#xD;
Test&#xD;
Player Test1 won trick with Jack of Hearts&#xD;
Test&#xD;
Test&#xD;
Test&#xD;
Player Test2 won trick with Seven of Hearts&#xD;
Test&#xD;
Test&#xD;
Player Test2 won trick with Queen of Hearts&#xD;
Test&#xD;
Test&#xD;
Player Test1 won trick with Nine of Clubs&#xD;
Test&#xD;
Test&#xD;
Player Test3 won trick with Queen of Spades&#xD;
Test&#xD;
Test&#xD;
Test&#xD;
Player Test1 won trick with Eight of Clubs&#xD;
Test&#xD;
Test&#xD;
Player Test1 won trick with Queen of Clubs&#xD;
Test&#xD;
Test&#xD;
Test&#xD;
Player Test1 won trick with Eight of Spades&#xD;
Test&#xD;
Test&#xD;
Test&#xD;
Player Test1 won trick with Queen of Clubs&#xD;
Test&#xD;
Test&#xD;
Player Test4 won trick with Ten of Clubs&#xD;
Test&#xD;
Test&#xD;
Player Test2 won trick with Four of Diamonds&#xD;
Test&#xD;
Test&#xD;
Player Test2 won trick with Jack of Hearts&#xD;
Test&#xD;
Test&#xD;
Player Test1 won trick with Eight of Clubs&#xD;
Test&#xD;
Player Test3 won trick with King of Diamonds&#xD;
Test&#xD;
Player Test3 won trick with King of Clubs&#xD;
Test&#xD;
Test&#xD;
Test&#xD;
Player Test1 won trick with Jack of Clubs&#xD;
Test&#xD;
Test&#xD;
Player Test4 won trick with Ace of Spades&#xD;
Test&#xD;
Test&#xD;
Test&#xD;
Test&#xD;
Player Test1 won trick with Eight of Spades&#xD;
Test&#xD;
Test&#xD;
Test&#xD;
Test&#xD;
Player Test1 won trick with Four of Hearts&#xD;
Test&#xD;
Test&#xD;
Player Test2 won trick with Jack of Clubs&#xD;
Test&#xD;
Player Test4 won trick with Ten of Spades&#xD;
Test&#xD;
Test&#xD;
Player Test4 won trick with King of Spades&#xD;
Test&#xD;
Test&#xD;
Test&#xD;
Player Test1 won trick with Nine of Clubs&#xD;
Test&#xD;
Test&#xD;
Test&#xD;
Player Test1 won trick with Eight of Diamonds&#xD;
Test&#xD;
Test&#xD;
Test&#xD;
Player Test1 won trick with Nine of Spades&#xD;
Test&#xD;
Test&#xD;
Player Test2 won trick with King of Diamonds&#xD;
Test&#xD;
Test&#xD;
Player Test2 won trick with Nine of Clubs&#xD;
Test&#xD;
Player Test1 won trick with Ten of Diamonds&#xD;
Test&#xD;
Test&#xD;
Player Test1 won trick with Ace of Diamonds&#xD;
Test&#xD;
Test&#xD;
Player Test1 won trick with Ten of Diamonds&#xD;
Test&#xD;
Test&#xD;
Player Test3 won trick with King of Diamonds&#xD;
Test&#xD;
Test&#xD;
Player Test1 won trick with Seven of Diamonds&#xD;
Test&#xD;
Test&#xD;
Test&#xD;
Player Test1 won trick with Nine of Clubs&#xD;
Test&#xD;
Test&#xD;
Player Test3 won trick with Six of Clubs&#xD;
Test&#xD;
Test&#xD;
Player Test1 won trick with Ten of Diamonds&#xD;
Test&#xD;
Test&#xD;
Test&#xD;
Test&#xD;
Player Test1 won trick with King of Hearts&#xD;
Test&#xD;
Test&#xD;
Player Test1 won trick with Seven of Diamonds&#xD;
Test&#xD;
Player Test4 won trick with King of Clubs&#xD;
Test&#xD;
Test&#xD;
Player Test1 won trick with Queen of Diamonds&#xD;
Test&#xD;
Test&#xD;
Test&#xD;
Player Test1 won trick with Jack of Clubs&#xD;
Test&#xD;
Test&#xD;
Player Test3 won trick with King of Spades&#xD;
Test&#xD;
Test&#xD;
Player Test2 won trick with Nine of Hearts&#xD;
Test&#xD;
Test&#xD;
Test&#xD;
Test&#xD;
Player Test1 won trick with Seven of Hearts&#xD;
Test&#xD;
Test&#xD;
Test&#xD;
Test&#xD;
Player Test1 won trick with Queen of Hearts&#xD;
Test&#xD;
Test&#xD;
Test&#xD;
Player Test1 won trick with Ace of Hearts&#xD;
Test&#xD;
Test&#xD;
Player Test1 won trick with King of Clubs&#xD;
Test&#xD;
Test&#xD;
Player Test1 won trick with Jack of Diamonds&#xD;
Test&#xD;
Test&#xD;
Test&#xD;
Player Test1 won trick with Six of Spades&#xD;
Test&#xD;
Test&#xD;
Test&#xD;
Player Test1 won trick with Ten of Diamonds&#xD;
Test&#xD;
Test&#xD;
Player Test1 won trick with Nine of Diamonds&#xD;
Test&#xD;
Test&#xD;
Test&#xD;
Test&#xD;
Player Test1 won trick with Three of Hearts&#xD;
Test&#xD;
Player Test1 won trick with Nine of Diamonds&#xD;
Test&#xD;
Test&#xD;
Test&#xD;
Player Test1 won trick with Five of Clubs&#xD;
Test&#xD;
Test&#xD;
Player Test2 won trick with Jack of Clubs&#xD;
Test&#xD;
Test&#xD;
Test&#xD;
Player Test1 won trick with Queen of Diamonds&#xD;
Test&#xD;
Player Test4 won trick with Jack of Diamonds&#xD;
Test&#xD;
Test&#xD;
Player Test4 won trick with Ten of Clubs&#xD;
Test&#xD;
Test&#xD;
Test&#xD;
Player Test1 won trick with Jack of Hearts&#xD;
Test&#xD;
Test&#xD;
Player Test1 won trick with Ace of Diamonds&#xD;
Test&#xD;
Test&#xD;
Player Test1 won trick with Ace of Clubs&#xD;
Test&#xD;
Test&#xD;
Player Test1 won trick with Six of Clubs&#xD;
Test&#xD;
Test&#xD;
Test&#xD;
Player Test1 won trick with Seven of Spades&#xD;
Test&#xD;
Test&#xD;
Player Test2 won trick with Jack of Spades&#xD;
Test&#xD;
Test&#xD;
Player Test2 won trick with Ace of Hearts&#xD;
Test&#xD;
Test&#xD;
Test&#xD;
Player Test1 won trick with Ten of Clubs&#xD;
Test&#xD;
Test&#xD;
Test&#xD;
Player Test3 won trick with Nine of Hearts&#xD;
Test&#xD;
Test&#xD;
Test&#xD;
Player Test1 won trick with Queen of Spades&#xD;
Test&#xD;
Test&#xD;
Test&#xD;
Test&#xD;
Player Test1 won trick with Jack of Spades&#xD;
Test&#xD;
Test&#xD;
Test&#xD;
Player Test1 won trick with Nine of Hearts&#xD;
Test&#xD;
Player Test1 won trick with Nine of Diamonds&#xD;
Test&#xD;
Test&#xD;
Player Test2 won trick with Ace of Spades&#xD;
Test&#xD;
Test&#xD;
Player Test1 won trick with Six of Spades&#xD;
Test&#xD;
Test&#xD;
Player Test4 won trick with Ace of Clubs&#xD;
Test&#xD;
Test&#xD;
Player Test2 won trick with Ace of Diamonds&#xD;
Test&#xD;
Test&#xD;
Player Test4 won trick with Three of Clubs&#xD;
Test&#xD;
Test&#xD;
Test&#xD;
Player Test1 won trick with Six of Clubs&#xD;
Test&#xD;
Test&#xD;
Test&#xD;
Player Test1 won trick with King of Clubs&#xD;
Test&#xD;
Test&#xD;
Test&#xD;
Player Test1 won trick with Ace of Diamonds&#xD;
Test&#xD;
Test&#xD;
Player Test1 won trick with Six of Diamonds&#xD;
Test&#xD;
Test&#xD;
Player Test1 won trick with Five of Clubs&#xD;
Test&#xD;
Test&#xD;
Player Test1 won trick with Jack of Hearts&#xD;
Test&#xD;
Test&#xD;
Test&#xD;
Player Test1 won trick with King of Hearts&#xD;
Test&#xD;
Player Test3 won trick with Ten of Clubs&#xD;
Test&#xD;
Test&#xD;
Test&#xD;
Test&#xD;
Player Test1 won trick with Seven of Spades&#xD;
Test&#xD;
Test&#xD;
Player Test2 won trick with Five of Spades&#xD;
Test&#xD;
Test&#xD;
Test&#xD;
Player Test1 won trick with Nine of Spades&#xD;
Test&#xD;
Test&#xD;
Test&#xD;
Player Test1 won trick with Ten of Hearts&#xD;
Test&#xD;
Test&#xD;
Test&#xD;
Player Test2 won trick with Six of Clubs&#xD;
Test&#xD;
Test&#xD;
Test&#xD;
Test&#xD;
Player Test1 won trick with Eight of Hearts&#xD;
Test&#xD;
Player Test1 won trick with Ace of Spades&#xD;
Test&#xD;
Test&#xD;
Test&#xD;
Player Test1 won trick with Eight of Spades&#xD;
Test&#xD;
Test&#xD;
Player Test1 won trick with Ace of Hearts&#xD;
Test&#xD;
Test&#xD;
Test&#xD;
Test&#xD;
Player Test1 won trick with Eight of Hearts&#xD;
Test&#xD;
Test&#xD;
Player Test3 won trick with Seven of Clubs&#xD;
Test&#xD;
Test&#xD;
Test&#xD;
Player Test1 won trick with Queen of Spades&#xD;
Test&#xD;
Test&#xD;
Test&#xD;
Player Test1 won trick with Ace of Hearts&#xD;
Test&#xD;
Test&#xD;
Test&#xD;
Player Test1 won trick with Ace of Diamonds&#xD;
Test&#xD;
Test&#xD;
Player Test2 won trick with Jack of Hearts&#xD;
Test&#xD;
Test&#xD;
Player Test1 won trick with King of Hearts&#xD;
Test&#xD;
Test&#xD;
Test&#xD;
Player Test1 won trick with Six of Spades&#xD;
Test&#xD;
Test&#xD;
Test&#xD;
Player Test1 won trick with Six of Hearts&#xD;
Test&#xD;
Player Test1 won trick with Jack of Spades&#xD;
Test&#xD;
Test&#xD;
Test&#xD;
Player Test1 won trick with Three of Spades&#xD;
Test&#xD;
Test&#xD;
Player Test1 won trick with Seven of Clubs&#xD;
Test&#xD;
Test&#xD;
Test&#xD;
Test&#xD;
Player Test1 won trick with Eight of Clubs&#xD;
Test&#xD;
Test&#xD;
Player Test1 won trick with Jack of Diamonds&#xD;
Test&#xD;
Test&#xD;
Test&#xD;
Player Test1 won trick with Five of Diamonds&#xD;
Test&#xD;
Test&#xD;
Player Test1 won trick with Jack of Spades&#xD;
Test&#xD;
Test&#xD;
Player Test4 won trick with Five of Clubs&#xD;
Test&#xD;
Test&#xD;
Test&#xD;
Test&#xD;
Player Test1 won trick with Queen of Hearts&#xD;
Test&#xD;
Test&#xD;
Player Test4 won trick with Ten of Clubs&#xD;
Test&#xD;
Test&#xD;
Test&#xD;
Player Test1 won trick with Two of Clubs&#xD;
Test&#xD;
Test&#xD;
Test&#xD;
Player Test1 won trick with Ace of Hearts&#xD;
Test&#xD;
Test&#xD;
Test&#xD;
Test&#xD;
Player Test1 won trick with Seven of Diamonds&#xD;
Test&#xD;
Test&#xD;
Player Test3 won trick with Jack of Hearts&#xD;
Test&#xD;
Test&#xD;
Test&#xD;
Player Test1 won trick with Six of Clubs&#xD;
Test&#xD;
Test&#xD;
Test&#xD;
Player Test1 won trick with Eight of Diamonds&#xD;
Test&#xD;
Test&#xD;
Test&#xD;
Player Test1 won trick with Three of Clubs&#xD;
Test&#xD;
Test&#xD;
Test&#xD;
Player Test1 won trick with King of Spades&#xD;
Test&#xD;
Test&#xD;
Test&#xD;
Test&#xD;
Player Test1 won trick with Ace of Diamonds&#xD;
Test&#xD;
Test&#xD;
Test&#xD;
Test&#xD;
Player Test1 won trick with Five of Hearts&#xD;
Test&#xD;
Test&#xD;
Test&#xD;
Player Test1 won trick with Five of Clubs&#xD;
Test&#xD;
Test&#xD;
Test&#xD;
Test&#xD;
Player Test1 won trick with Eight of Spades&#xD;
Test&#xD;
Test&#xD;
Player Test1 won trick with Four of Clubs&#xD;
Test&#xD;
Test&#xD;
Test&#xD;
Player Test1 won trick with Five of Spades&#xD;
Test&#xD;
Test&#xD;
Player Test2 won trick with Nine of Spades&#xD;
Test&#xD;
Test&#xD;
Test&#xD;
Player Test4 won trick with Six of Spades&#xD;
Test&#xD;
Test&#xD;
Test&#xD;
Player Test1 won trick with Seven of Spades&#xD;
Test&#xD;
Player Test4 won trick with Ace of Spades&#xD;
Test&#xD;
Test&#xD;
Test&#xD;
Player Test4 won trick with Queen of Hearts&#xD;
Test&#xD;
Test&#xD;
Player Test2 won trick with Ten of Diamonds&#xD;
Test&#xD;
Test&#xD;
Test&#xD;
Player Test1 won trick with Ace of Spades&#xD;
Test&#xD;
Player Test3 won trick with Ten of Diamonds&#xD;
Test&#xD;
Test&#xD;
Player Test1 won trick with King of Clubs&#xD;
Test&#xD;
Test&#xD;
Player Test4 won trick with Seven of Diamonds&#xD;
Test&#xD;
Test&#xD;
Player Test2 won trick with Six of Clubs&#xD;
Test&#xD;
Test&#xD;
Player Test4 won trick with Ten of Diamonds&#xD;
Test&#xD;
Test&#xD;
Test&#xD;
Player Test1 won trick with King of Hearts&#xD;
Test&#xD;
Test&#xD;
Test&#xD;
Test&#xD;
Player Test1 won trick with Seven of Hearts&#xD;
Test&#xD;
Test&#xD;
Test&#xD;
Test&#xD;
Player Test1 won trick with Seven of Hearts&#xD;
Test&#xD;
Test&#xD;
Test&#xD;
Player Test1 won trick with Nine of Clubs&#xD;
Test&#xD;
Test&#xD;
Test&#xD;
Player Test1 won trick with Three of Clubs&#xD;
Test&#xD;
Test&#xD;
Player Test1 won trick with Ace of Spades&#xD;
Test&#xD;
Test&#xD;
Test&#xD;
Player Test3 won trick with Ace of Hearts&#xD;
Test&#xD;
Test&#xD;
Test&#xD;
Player Test1 won trick with Queen of Spades&#xD;
Test&#xD;
Test&#xD;
Player Test1 won trick with Seven of Clubs&#xD;
Test&#xD;
Test&#xD;
Player Test2 won trick with Ace of Diamonds&#xD;
Test&#xD;
Test&#xD;
Test&#xD;
Test&#xD;
Player Test1 won trick with Jack of Hearts&#xD;
Test&#xD;
Player Test2 won trick with Ace of Spades&#xD;
Test&#xD;
Test&#xD;
Test&#xD;
Player Test1 won trick with Two of Diamonds&#xD;
Test&#xD;
Player Test1 won trick with Nine of Diamonds&#xD;
Test&#xD;
Test&#xD;
Player Test1 won trick with Queen of Hearts&#xD;
Test&#xD;
Player Test1 won trick with Jack of Spades&#xD;
Test&#xD;
Test&#xD;
Test&#xD;
Test&#xD;
Player Test1 won trick with Two of Hearts&#xD;
Test&#xD;
Test&#xD;
Player Test1 won trick with Ace of Spades&#xD;
Test&#xD;
Test&#xD;
Player Test1 won trick with Ace of Clubs&#xD;
Test&#xD;
Test&#xD;
Player Test1 won trick with King of Spades&#xD;
Test&#xD;
Player Test1 won trick with Ace of Spades&#xD;
Test&#xD;
Test&#xD;
Test&#xD;
Player Test1 won trick with Three of Spades&#xD;
Test&#xD;
Test&#xD;
Test&#xD;
Player Test4 won trick with King of Hearts&#xD;
Test&#xD;
Test&#xD;
Player Test3 won trick with Ten of Diamonds&#xD;
Test&#xD;
Test&#xD;
Test&#xD;
Player Test1 won trick with King of Clubs&#xD;
Test&#xD;
Test&#xD;
Test&#xD;
Player Test1 won trick with Three of Clubs&#xD;
Test&#xD;
Test&#xD;
Test&#xD;
Player Test1 won trick with Jack of Hearts&#xD;
Test&#xD;
Test&#xD;
Test&#xD;
Player Test1 won trick with Ace of Diamonds&#xD;
Test&#xD;
Test&#xD;
Test&#xD;
Player Test1 won trick with Queen of Spades&#xD;
Test&#xD;
Test&#xD;
Test&#xD;
Player Test1 won trick with Two of Clubs&#xD;
Test&#xD;
Test&#xD;
Test&#xD;
Player Test1 won trick with Nine of Clubs&#xD;
Test&#xD;
Test&#xD;
Test&#xD;
Player Test1 won trick with Six of Spades&#xD;
Test&#xD;
Test&#xD;
Player Test1 won trick with Queen of Spades&#xD;
Test&#xD;
Test&#xD;
Test&#xD;
Player Test1 won trick with Ace of Diamonds&#xD;
Test&#xD;
Test&#xD;
Test&#xD;
Test&#xD;
Player Test1 won trick with Jack of Hearts&#xD;
Test&#xD;
Test&#xD;
Test&#xD;
Test&#xD;
Player Test1 won trick with Six of Hearts&#xD;
Test&#xD;
Test&#xD;
Player Test3 won trick with Ace of Spades&#xD;
Test&#xD;
Test&#xD;
Test&#xD;
Player Test1 won trick with Eight of Clubs&#xD;
Test&#xD;
Test&#xD;
Test&#xD;
Player Test1 won trick with Four of Clubs&#xD;
Test&#xD;
Test&#xD;
Test&#xD;
Test&#xD;
Player Test1 won trick with Eight of Hearts&#xD;
Test&#xD;
Test&#xD;
Player Test1 won trick with King of Spades&#xD;
Test&#xD;
Test&#xD;
Test&#xD;
Player Test1 won trick with Queen of Hearts&#xD;
Test&#xD;
Test&#xD;
Player Test1 won trick with Seven of Diamonds&#xD;
Test&#xD;
Test&#xD;
Test&#xD;
Player Test1 won trick with Eight of Spades&#xD;
Test&#xD;
Test&#xD;
Test&#xD;
Test&#xD;
Player Test1 won trick with Eight of Hearts&#xD;
Test&#xD;
Test&#xD;
Test&#xD;
Test&#xD;
Player Test1 won trick with Queen of Diamonds&#xD;
Test&#xD;
Test&#xD;
Test&#xD;
Player Test1 won trick with Eight of Hearts&#xD;
Test&#xD;
Test&#xD;
Test&#xD;
Player Test1 won trick with Four of Spades&#xD;
Test&#xD;
Test&#xD;
Test&#xD;
Player Test4 won trick with King of Hearts&#xD;
Test&#xD;
Test&#xD;
Test&#xD;
Player Test4 won trick with Eight of Hearts&#xD;
Test&#xD;
Test&#xD;
Player Test2 won trick with Ten of Clubs&#xD;
Test&#xD;
Test&#xD;
Test&#xD;
Test&#xD;
Player Test1 won trick with Four of Hearts&#xD;
Test&#xD;
Test&#xD;
Test&#xD;
Player Test1 won trick with Two of Diamonds&#xD;
Test&#xD;
Test&#xD;
Test&#xD;
Player Test1 won trick with Jack of Spades&#xD;
Test&#xD;
Player Test1 won trick with Queen of Diamonds&#xD;
Test&#xD;
Test&#xD;
Player Test1 won trick with Six of Spades&#xD;
Test&#xD;
Test&#xD;
Player Test1 won trick with Nine of Clubs&#xD;
Test&#xD;
Test&#xD;
Test&#xD;
Player Test1 won trick with Seven of Diamonds&#xD;
Test&#xD;
Test&#xD;
Player Test2 won trick with Seven of Clubs&#xD;
Test&#xD;
Player Test2 won trick with Jack of Spades&#xD;
Test&#xD;
Player Test3 won trick with Ace of Clubs&#xD;
Test&#xD;
Player Test3 won trick with Queen of Spades&#xD;
Test&#xD;
Test&#xD;
Player Test1 won trick with Ace of Diamonds&#xD;
Test&#xD;
Test&#xD;
Test&#xD;
Player Test1 won trick with Ace of Spades&#xD;
Test&#xD;
Test&#xD;
Test&#xD;
Test&#xD;
Player Test1 won trick with Four of Hearts&#xD;
Test&#xD;
Player Test2 won trick with King of Clubs&#xD;
Test&#xD;
Test&#xD;
Test&#xD;
Player Test1 won trick with Six of Diamonds&#xD;
Test&#xD;
Test&#xD;
Player Test1 won trick with Ace of Clubs&#xD;
Test&#xD;
Test&#xD;
Test&#xD;
Player Test1 won trick with Seven of Spades&#xD;
Test&#xD;
Test&#xD;
Test&#xD;
Player Test1 won trick with Eight of Diamonds&#xD;
Test&#xD;
Test&#xD;
Player Test1 won trick with Jack of Diamonds&#xD;
Test&#xD;
Test&#xD;
Player Test1 won trick with Nine of Spades&#xD;
Test&#xD;
Test&#xD;
Test&#xD;
Player Test3 won trick with Nine of Hearts&#xD;
Test&#xD;
Test&#xD;
Test&#xD;
Player Test1 won trick with Ten of Clubs&#xD;
Test&#xD;
Test&#xD;
Test&#xD;
Test&#xD;
Player Test1 won trick with Five of Diamonds&#xD;
Test&#xD;
Test&#xD;
Test&#xD;
Player Test1 won trick with Queen of Diamonds&#xD;
Test&#xD;
Test&#xD;
Player Test2 won trick with Ten of Spades&#xD;
Test&#xD;
Test&#xD;
Test&#xD;
Player Test1 won trick with Jack of Hearts&#xD;
Test&#xD;
Test&#xD;
Test&#xD;
Test&#xD;
Player Test1 won trick with Three of Hearts&#xD;
Test&#xD;
Test&#xD;
Test&#xD;
Player Test1 won trick with Six of Clubs&#xD;
Test&#xD;
Player Test4 won trick with Nine of Clubs&#xD;
Test&#xD;
Player Test1 won trick with Queen of Clubs&#xD;
Test&#xD;
Player Test1 won trick with King of Clubs&#xD;
Test&#xD;
Test&#xD;
Player Test1 won trick with King of Spades&#xD;
Test&#xD;
Test&#xD;
Player Test1 won trick with Nine of Spades&#xD;
Test&#xD;
Test&#xD;
Player Test3 won trick with Ace of Spades&#xD;
Test&#xD;
Test&#xD;
Test&#xD;
Player Test1 won trick with King of Diamonds&#xD;
Test&#xD;
Test&#xD;
Player Test1 won trick with Nine of Spades&#xD;
Test&#xD;
Test&#xD;
Player Test1 won trick with King of Spades&#xD;
Test&#xD;
Test&#xD;
Test&#xD;
Player Test1 won trick with Jack of Clubs&#xD;
Test&#xD;
Test&#xD;
Player Test1 won trick with Six of Clubs&#xD;
Test&#xD;
Test&#xD;
Test&#xD;
Test&#xD;
Player Test1 won trick with Seven of Hearts&#xD;
Test&#xD;
Test&#xD;
Test&#xD;
Player Test1 won trick with Two of Clubs&#xD;
Test&#xD;
Test&#xD;
Player Test1 won trick with Queen of Hearts&#xD;
Test&#xD;
Test&#xD;
Test&#xD;
Player Test1 won trick with Three of Clubs&#xD;
Test&#xD;
Test&#xD;
Player Test2 won trick with Five of Clubs&#xD;
Test&#xD;
Test&#xD;
Test&#xD;
Player Test1 won trick with Four of Diamonds&#xD;
Test&#xD;
Test&#xD;
Player Test4 won trick with King of Clubs&#xD;
Test&#xD;
Test&#xD;
Test&#xD;
Player Test1 won trick with Two of Clubs&#xD;
Test&#xD;
Test&#xD;
Test&#xD;
Player Test1 won trick with Three of Clubs&#xD;
Test&#xD;
Test&#xD;
Test&#xD;
Player Test1 won trick with King of Hearts&#xD;
Test&#xD;
Test&#xD;
Test&#xD;
Player Test1 won trick with Eight of Spades&#xD;
Test&#xD;
Test&#xD;
Test&#xD;
Test&#xD;
Player Test1 won trick with Six of Hearts&#xD;
Test&#xD;
Test&#xD;
Test&#xD;
Player Test1 won trick with Jack of Diamonds&#xD;
Player Test3 won trick with Queen of Spades&#xD;
Test&#xD;
Test&#xD;
Player Test2 won trick with Three of Clubs&#xD;
Test&#xD;
Test&#xD;
Test&#xD;
Player Test1 won trick with Six of Spades&#xD;
Test&#xD;
Test&#xD;
Test&#xD;
Player Test1 won trick with King of Diamonds&#xD;
Test&#xD;
Test&#xD;
Test&#xD;
Player Test1 won trick with Three of Spades&#xD;
Test&#xD;
Test&#xD;
Test&#xD;
Player Test1 won trick with Eight of Spades&#xD;
Test&#xD;
Test&#xD;
Test&#xD;
Player Test1 won trick with Ace of Spades&#xD;
Player Test4 won trick with Ace of Clubs&#xD;
Test&#xD;
Test&#xD;
Player Test2 won trick with Nine of Spades&#xD;
Test&#xD;
Player Test2 won trick with Ace of Spades&#xD;
Test&#xD;
Player Test4 won trick with Seven of Clubs&#xD;
Test&#xD;
Test&#xD;
Test&#xD;
Test&#xD;
Player Test1 won trick with Ten of Hearts&#xD;
Test&#xD;
Test&#xD;
Test&#xD;
Player Test1 won trick with Nine of Clubs&#xD;
Test&#xD;
Test&#xD;
Test&#xD;
Test&#xD;
Player Test1 won trick with Ten of Diamonds&#xD;
Test&#xD;
Test&#xD;
Test&#xD;
Player Test1 won trick with Ten of Spades&#xD;
Test&#xD;
Test&#xD;
Player Test3 won trick with Jack of Clubs&#xD;
Test&#xD;
Test&#xD;
Test&#xD;
Player Test1 won trick with King of Spades&#xD;
Test&#xD;
Test&#xD;
Player Test4 won trick with Six of Spades&#xD;
Test&#xD;
Test&#xD;
Test&#xD;
Player Test1 won trick with Six of Diamonds&#xD;
Test&#xD;
Test&#xD;
Player Test1 won trick with Ten of Clubs&#xD;
Test&#xD;
Test&#xD;
Player Test1 won trick with Seven of Diamonds&#xD;
Test&#xD;
Test&#xD;
Player Test3 won trick with Queen of Hearts&#xD;
Test&#xD;
Test&#xD;
Player Test2 won trick with Ten of Diamonds&#xD;
Test&#xD;
Test&#xD;
Test&#xD;
Player Test1 won trick with Eight of Clubs&#xD;
Test&#xD;
Player Test1 won trick with King of Clubs&#xD;
Test&#xD;
Test&#xD;
Test&#xD;
Test&#xD;
Player Test1 won trick with Nine of Hearts&#xD;
Test&#xD;
Test&#xD;
Player Test3 won trick with King of Diamonds&#xD;
Test&#xD;
Player Test2 won trick with Eight of Spades&#xD;
Test&#xD;
Test&#xD;
Player Test2 won trick with Seven of Hearts&#xD;
Test&#xD;
Test&#xD;
Player Test4 won trick with Eight of Spades&#xD;
Test&#xD;
Test&#xD;
Player Test1 won trick with Ten of Diamonds&#xD;
Test&#xD;
Test&#xD;
Test&#xD;
Player Test1 won trick with Ace of Clubs&#xD;
Test&#xD;
Test&#xD;
Player Test1 won trick with Eight of Clubs&#xD;
Test&#xD;
Player Test3 won trick with King of Spades&#xD;
Test&#xD;
Player Test4 won trick with Jack of Diamonds&#xD;
Test&#xD;
Test&#xD;
Test&#xD;
Player Test1 won trick with Jack of Clubs&#xD;
Player Test1 won trick with Jack of Clubs&#xD;
Test&#xD;
Test&#xD;
Player Test1 won trick with Seven of Spades&#xD;
Test&#xD;
Player Test4 won trick with Jack of Spades&#xD;
Test&#xD;
Test&#xD;
Test&#xD;
Player Test1 won trick with Ten of Diamonds&#xD;
Test&#xD;
Test&#xD;
Test&#xD;
Player Test1 won trick with Seven of Spades&#xD;
Test&#xD;
Test&#xD;
Test&#xD;
Player Test1 won trick with Seven of Spades&#xD;
Test&#xD;
Test&#xD;
Test&#xD;
Test&#xD;
Player Test1 won trick with King of Hearts&#xD;
Test&#xD;
Player Test4 won trick with King of Diamonds&#xD;
Test&#xD;
Test&#xD;
Player Test1 won trick with Ace of Diamonds&#xD;
Test&#xD;
Test&#xD;
Player Test2 won trick with Queen of Hearts&#xD;
Test&#xD;
Test&#xD;
Test&#xD;
Player Test1 won trick with Queen of Hearts&#xD;
Test&#xD;
Test&#xD;
Test&#xD;
Player Test2 won trick with King of Hearts&#xD;
Test&#xD;
Test&#xD;
Test&#xD;
Player Test1 won trick with Four of Spades&#xD;
Test&#xD;
Test&#xD;
Test&#xD;
Player Test1 won trick with Queen of Spades&#xD;
Test&#xD;
Test&#xD;
Player Test4 won trick with Jack of Clubs&#xD;
Test&#xD;
Test&#xD;
Test&#xD;
Test&#xD;
Player Test1 won trick with Three of Hearts&#xD;
Test&#xD;
Test&#xD;
Player Test4 won trick with Ace of Diamonds&#xD;
Test&#xD;
Test&#xD;
Test&#xD;
Player Test1 won trick with Three of Spades&#xD;
Test&#xD;
Test&#xD;
Player Test3 won trick with Queen of Clubs&#xD;
Test&#xD;
Test&#xD;
Test&#xD;
Test&#xD;
Player Test1 won trick with Ace of Hearts&#xD;
Test&#xD;
Test&#xD;
Player Test1 won trick with King of Diamonds&#xD;
Test&#xD;
Test&#xD;
Test&#xD;
Player Test1 won trick with Five of Diamonds&#xD;
Test&#xD;
Test&#xD;
Test&#xD;
Player Test1 won trick with Seven of Clubs&#xD;
Test&#xD;
Test&#xD;
Player Test1 won trick with Eight of Diamonds&#xD;
Test&#xD;
Test&#xD;
Test&#xD;
Test&#xD;
Player Test1 won trick with Four of Hearts&#xD;
Test&#xD;
Test&#xD;
Player Test3 won trick with Queen of Diamonds&#xD;
Test&#xD;
Test&#xD;
Test&#xD;
Player Test3 won trick with Eight of Spades&#xD;
Test&#xD;
Test&#xD;
Test&#xD;
Test&#xD;
Player Test1 won trick with Six of Clubs&#xD;
Test&#xD;
Test&#xD;
Test&#xD;
Player Test1 won trick with King of Spades&#xD;
Test&#xD;
Player Test4 won trick with Queen of Diamonds&#xD;
Test&#xD;
Test&#xD;
Player Test4 won trick with Ten of Diamonds&#xD;
Test&#xD;
Test&#xD;
Player Test2 won trick with Ten of Clubs&#xD;
Test&#xD;
Test&#xD;
Player Test3 won trick with King of Clubs&#xD;
Test&#xD;
Test&#xD;
Test&#xD;
Player Test1 won trick with Three of Clubs&#xD;
Test&#xD;
Test&#xD;
Test&#xD;
Player Test1 won trick with Six of Hearts&#xD;
Test&#xD;
Test&#xD;
Player Test1 won trick with King of Hearts&#xD;
Test&#xD;
Test&#xD;
Test&#xD;
Player Test2 won trick with Five of Hearts&#xD;
Test&#xD;
Test&#xD;
Test&#xD;
Player Test1 won trick with Queen of Diamonds&#xD;
Test&#xD;
Test&#xD;
Player Test4 won trick with Ace of Spades&#xD;
Test&#xD;
Test&#xD;
Player Test1 won trick with Eight of Diamonds&#xD;
Test&#xD;
Test&#xD;
Test&#xD;
Player Test3 won trick with Ace of Hearts&#xD;
Test&#xD;
Test&#xD;
Player Test1 won trick with Jack of Clubs&#xD;
Test&#xD;
Test&#xD;
Test&#xD;
Player Test1 won trick with Six of Diamonds&#xD;
Test&#xD;
Test&#xD;
Player Test1 won trick with King of Clubs&#xD;
Test&#xD;
Test&#xD;
Test&#xD;
Player Test4 won trick with Three of Hearts&#xD;
Test&#xD;
Test&#xD;
Test&#xD;
Player Test1 won trick with Eight of Clubs&#xD;
Test&#xD;
Test&#xD;
Player Test1 won trick with Ace of Spades&#xD;
Test&#xD;
Player Test4 won trick with King of Clubs&#xD;
Test&#xD;
Player Test1 won trick with Seven of Spades&#xD;
Test&#xD;
Test&#xD;
Player Test1 won trick with Queen of Diamonds&#xD;
Test&#xD;
Test&#xD;
Test&#xD;
Player Test1 won trick with Jack of Hearts&#xD;
Test&#xD;
Test&#xD;
Test&#xD;
Test&#xD;
Player Test1 won trick with Six of Hearts&#xD;
Test&#xD;
Test&#xD;
Test&#xD;
Player Test1 won trick with Two of Diamonds&#xD;
Test&#xD;
Player Test2 won trick with King of Spades&#xD;
Test&#xD;
Test&#xD;
Test&#xD;
Test&#xD;
Player Test1 won trick with Two of Hearts&#xD;
Test&#xD;
Test&#xD;
Player Test4 won trick with Ten of Diamonds&#xD;
Test&#xD;
Test&#xD;
Test&#xD;
Player Test3 won trick with Ten of Hearts&#xD;
Test&#xD;
Test&#xD;
Test&#xD;
Player Test1 won trick with Jack of Diamonds&#xD;
Test&#xD;
Test&#xD;
Test&#xD;
Player Test1 won trick with Ten of Diamonds&#xD;
Test&#xD;
Test&#xD;
Test&#xD;
Player Test1 won trick with Three of Clubs&#xD;
Test&#xD;
Test&#xD;
Player Test3 won trick with King of Hearts&#xD;
Test&#xD;
Test&#xD;
Player Test4 won trick with King of Hearts&#xD;
Test&#xD;
Test&#xD;
Player Test1 won trick with Ace of Diamonds&#xD;
Test&#xD;
Test&#xD;
Test&#xD;
Player Test4 won trick with King of Hearts&#xD;
Test&#xD;
Test&#xD;
Player Test2 won trick with King of Spades&#xD;
Test&#xD;
Test&#xD;
Test&#xD;
Player Test1 won trick with Queen of Clubs&#xD;
Test&#xD;
Test&#xD;
Player Test3 won trick with Nine of Spades&#xD;
Test&#xD;
Test&#xD;
Player Test1 won trick with Ten of Diamonds&#xD;
Test&#xD;
Test&#xD;
Test&#xD;
Player Test1 won trick with Seven of Diamonds&#xD;
Test&#xD;
Test&#xD;
Player Test2 won trick with Ten of Spades&#xD;
Test&#xD;
Test&#xD;
Player Test3 won trick with King of Clubs&#xD;
Player Test2 won trick with Ten of Spades&#xD;
Test&#xD;
Test&#xD;
Player Test2 won trick with Nine of Diamonds&#xD;
Test&#xD;
Test&#xD;
Test&#xD;
Player Test1 won trick with Eight of Clubs&#xD;
Test&#xD;
Test&#xD;
Test&#xD;
Player Test4 won trick with Seven of Clubs&#xD;
Test&#xD;
Test&#xD;
Player Test1 won trick with Jack of Diamonds&#xD;
Test&#xD;
Test&#xD;
Player Test1 won trick with Eight of Diamonds&#xD;
Test&#xD;
Test&#xD;
Player Test1 won trick with Nine of Spades&#xD;
Test&#xD;
Test&#xD;
Test&#xD;
Player Test4 won trick with Eight of Hearts&#xD;
Test&#xD;
Test&#xD;
Test&#xD;
Player Test1 won trick with Five of Clubs&#xD;
Test&#xD;
Player Test2 won trick with Jack of Diamonds&#xD;
Test&#xD;
Test&#xD;
Test&#xD;
Player Test1 won trick with Ten of Hearts&#xD;
Test&#xD;
Test&#xD;
Player Test1 won trick with King of Spades&#xD;
Test&#xD;
Test&#xD;
Test&#xD;
Player Test1 won trick with Queen of Diamonds&#xD;
Test&#xD;
Test&#xD;
Player Test1 won trick with Ten of Clubs&#xD;
Test&#xD;
Test&#xD;
Player Test4 won trick with Nine of Diamonds&#xD;
Test&#xD;
Player Test4 won trick with Ace of Clubs&#xD;
Test&#xD;
Test&#xD;
Test&#xD;
Player Test1 won trick with Two of Diamonds&#xD;
Test&#xD;
Test&#xD;
Player Test1 won trick with Seven of Clubs&#xD;
Test&#xD;
Test&#xD;
Player Test4 won trick with King of Hearts&#xD;
Test&#xD;
Test&#xD;
Test&#xD;
Player Test1 won trick with Two of Hearts&#xD;
Test&#xD;
Test&#xD;
Test&#xD;
Player Test1 won trick with Jack of Diamonds&#xD;
Test&#xD;
Test&#xD;
Test&#xD;
Test&#xD;
Player Test1 won trick with King of Hearts&#xD;
Test&#xD;
Test&#xD;
Player Test1 won trick with Queen of Clubs&#xD;
Test&#xD;
Test&#xD;
Test&#xD;
Player Test1 won trick with Seven of Spades&#xD;
Test&#xD;
Test&#xD;
Player Test1 won trick with Ten of Clubs&#xD;
Test&#xD;
Test&#xD;
Test&#xD;
Player Test1 won trick with Nine of Spades&#xD;
Test&#xD;
Test&#xD;
Player Test1 won trick with King of Diamonds&#xD;
Test&#xD;
Test&#xD;
Player Test1 won trick with King of Clubs&#xD;
Test&#xD;
Test&#xD;
Player Test3 won trick with Ace of Clubs&#xD;
Test&#xD;
Test&#xD;
Test&#xD;
Player Test1 won trick with Six of Diamonds&#xD;
Test&#xD;
Test&#xD;
Player Test4 won trick with Eight of Spades&#xD;
Test&#xD;
Test&#xD;
Test&#xD;
Player Test1 won trick with King of Spades&#xD;
Test&#xD;
Test&#xD;
Test&#xD;
Player Test1 won trick with Eight of Spades&#xD;
Test&#xD;
Player Test4 won trick with Six of Spades&#xD;
Test&#xD;
Test&#xD;
Test&#xD;
Player Test3 won trick with King of Hearts&#xD;
Test&#xD;
Player Test3 won trick with King of Clubs&#xD;
Test&#xD;
Test&#xD;
Test&#xD;
Player Test1 won trick with Two of Diamonds&#xD;
Test&#xD;
Player Test3 won trick with Queen of Spades&#xD;
Test&#xD;
Test&#xD;
Test&#xD;
Player Test1 won trick with Nine of Diamonds&#xD;
Test&#xD;
Test&#xD;
Test&#xD;
Player Test1 won trick with Eight of Hearts&#xD;
Test&#xD;
Test&#xD;
Test&#xD;
Player Test1 won trick with Seven of Spades&#xD;
Test&#xD;
Test&#xD;
Player Test1 won trick with Two of Clubs&#xD;
Test&#xD;
Test&#xD;
Test&#xD;
Player Test1 won trick with Six of Spades&#xD;
Test&#xD;
Test&#xD;
Player Test1 won trick with Eight of Clubs&#xD;
Test&#xD;
Test&#xD;
Player Test3 won trick with King of Diamonds&#xD;
Test&#xD;
Player Test1 won trick with Jack of Spades&#xD;
Test&#xD;
Test&#xD;
Test&#xD;
Player Test1 won trick with Two of Diamonds&#xD;
Test&#xD;
Test&#xD;
Test&#xD;
Test&#xD;
Player Test1 won trick with Six of Clubs&#xD;
Test&#xD;
Test&#xD;
Test&#xD;
Player Test1 won trick with Jack of Spades&#xD;
Test&#xD;
Test&#xD;
Test&#xD;
Player Test4 won trick with Seven of Spades&#xD;
Test&#xD;
Test&#xD;
Test&#xD;
Test&#xD;
Player Test1 won trick with Nine of Hearts&#xD;
Test&#xD;
Test&#xD;
Test&#xD;
Player Test1 won trick with Seven of Hearts&#xD;
Test&#xD;
Test&#xD;
Player Test4 won trick with Nine of Hearts&#xD;
Test&#xD;
Test&#xD;
Test&#xD;
Test&#xD;
Player Test1 won trick with Five of Hearts&#xD;
Test&#xD;
Test&#xD;
Test&#xD;
Player Test3 won trick with Queen of Hearts&#xD;
Test&#xD;
Test&#xD;
Test&#xD;
Player Test1 won trick with Eight of Diamonds&#xD;
Test&#xD;
Test&#xD;
Test&#xD;
Player Test1 won trick with Ace of Diamonds&#xD;
Test&#xD;
Player Test2 won trick with Seven of Diamonds&#xD;
Test&#xD;
Test&#xD;
Player Test1 won trick with King of Spades&#xD;
Test&#xD;
Test&#xD;
Player Test2 won trick with Ten of Diamonds&#xD;
Test&#xD;
Test&#xD;
Test&#xD;
Player Test1 won trick with Four of Spades&#xD;
Test&#xD;
Test&#xD;
Test&#xD;
Test&#xD;
Player Test1 won trick with Three of Hearts&#xD;
Test&#xD;
Test&#xD;
Test&#xD;
Test&#xD;
Player Test1 won trick with King of Diamonds&#xD;
Test&#xD;
Test&#xD;
Test&#xD;
Player Test1 won trick with King of Spades&#xD;
Test&#xD;
Player Test1 won trick with Ace of Spades&#xD;
Test&#xD;
Test&#xD;
Player Test4 won trick with Jack of Clubs&#xD;
Test&#xD;
Test&#xD;
Player Test1 won trick with Ten of Spades&#xD;
Test&#xD;
Test&#xD;
Player Test1 won trick with Jack of Spades&#xD;
Test&#xD;
Test&#xD;
Player Test1 won trick with Jack of Spades&#xD;
Test&#xD;
Player Test4 won trick with Eight of Clubs&#xD;
Test&#xD;
Player Test2 won trick with King of Clubs&#xD;
Test&#xD;
Test&#xD;
Player Test2 won trick with Nine of Diamonds&#xD;
Test&#xD;
Test&#xD;
Test&#xD;
Test&#xD;
Player Test1 won trick with Three of Hearts&#xD;
Test&#xD;
Test&#xD;
Player Test1 won trick with Queen of Diamonds&#xD;
Test&#xD;
Test&#xD;
Player Test4 won trick with Ace of Spades&#xD;
Test&#xD;
Test&#xD;
Test&#xD;
Player Test4 won trick with Queen of Hearts&#xD;
Test&#xD;
Test&#xD;
Player Test3 won trick with Ten of Clubs&#xD;
Test&#xD;
Player Test1 won trick with King of Clubs&#xD;
Test&#xD;
Test&#xD;
Test&#xD;
Player Test3 won trick with Ace of Hearts&#xD;
Test&#xD;
Test&#xD;
Player Test1 won trick with Nine of Spades&#xD;
Test&#xD;
Test&#xD;
Player Test4 won trick with Jack of Clubs&#xD;
Test&#xD;
Test&#xD;
Test&#xD;
Player Test1 won trick with Five of Clubs&#xD;
Test&#xD;
Test&#xD;
Player Test3 won trick with Four of Hearts&#xD;
Test&#xD;
Player Test1 won trick with Eight of Spades&#xD;
Test&#xD;
Test&#xD;
Test&#xD;
Player Test3 won trick with Five of Diamonds&#xD;
Test&#xD;
Test&#xD;
Test&#xD;
Player Test1 won trick with Four of Clubs&#xD;
Test&#xD;
Test&#xD;
Player Test1 won trick with Four of Diamonds&#xD;
Test&#xD;
Test&#xD;
Test&#xD;
Test&#xD;
Player Test1 won trick with Six of Hearts&#xD;
Test&#xD;
Test&#xD;
Player Test1 won trick with Five of Clubs&#xD;
Test&#xD;
Test&#xD;
Player Test1 won trick with Six of Diamonds&#xD;
Test&#xD;
Test&#xD;
Player Test4 won trick with Jack of Clubs&#xD;
Test&#xD;
Test&#xD;
Player Test2 won trick with Queen of Diamonds&#xD;
Test&#xD;
Test&#xD;
Player Test3 won trick with Seven of Clubs&#xD;
Test&#xD;
Test&#xD;
Test&#xD;
Player Test1 won trick with King of Diamonds&#xD;
Test&#xD;
Test&#xD;
Player Test1 won trick with Ace of Diamonds&#xD;
Test&#xD;
Test&#xD;
Player Test1 won trick with Ace of Spades&#xD;
Test&#xD;
Test&#xD;
Test&#xD;
Player Test1 won trick with Three of Spades&#xD;
Test&#xD;
Test&#xD;
Test&#xD;
Player Test1 won trick with Seven of Spades&#xD;
Player Test4 won trick with Ace of Spades&#xD;
Test&#xD;
Test&#xD;
Test&#xD;
Player Test2 won trick with Jack of Hearts&#xD;
Test&#xD;
Test&#xD;
Test&#xD;
Test&#xD;
Player Test1 won trick with Seven of Clubs&#xD;
Test&#xD;
Test&#xD;
Player Test4 won trick with Jack of Diamonds&#xD;
Test&#xD;
Test&#xD;
Player Test1 won trick with Ace of Diamonds&#xD;
Test&#xD;
Test&#xD;
Test&#xD;
Test&#xD;
Player Test1 won trick with Ace of Hearts&#xD;
Test&#xD;
Test&#xD;
Player Test2 won trick with Nine of Clubs&#xD;
Test&#xD;
Test&#xD;
Test&#xD;
Player Test1 won trick with Ace of Diamonds&#xD;
Test&#xD;
Player Test3 won trick with Queen of Diamonds&#xD;
Test&#xD;
Test&#xD;
Player Test4 won trick with Eight of Clubs&#xD;
Test&#xD;
Test&#xD;
Test&#xD;
Test&#xD;
Player Test1 won trick with Four of Hearts&#xD;
Test&#xD;
Test&#xD;
Test&#xD;
Player Test3 won trick with King of Hearts&#xD;
Test&#xD;
Test&#xD;
Player Test1 won trick with Four of Hearts&#xD;
Test&#xD;
Test&#xD;
Player Test2 won trick with Ace of Diamonds&#xD;
Test&#xD;
Test&#xD;
Player Test2 won trick with King of Clubs&#xD;
Test&#xD;
Test&#xD;
Test&#xD;
Player Test1 won trick with King of Hearts&#xD;
Test&#xD;
Test&#xD;
Player Test2 won trick with King of Hearts&#xD;
Test&#xD;
Test&#xD;
Player Test1 won trick with Nine of Spades&#xD;
Test&#xD;
Test&#xD;
Test&#xD;
Player Test1 won trick with Ace of Diamonds&#xD;
Test&#xD;
Test&#xD;
Test&#xD;
Player Test2 won trick with Ten of Hearts&#xD;
Test&#xD;
Test&#xD;
Player Test1 won trick with Ten of Hearts&#xD;
Test&#xD;
Test&#xD;
Test&#xD;
Player Test1 won trick with Eight of Clubs&#xD;
Test&#xD;
Test&#xD;
Test&#xD;
Test&#xD;
Player Test1 won trick with Nine of Hearts&#xD;
Test&#xD;
Player Test1 won trick with Queen of Hearts&#xD;
Test&#xD;
Test&#xD;
Player Test1 won trick with Ace of Spades&#xD;
Test&#xD;
Test&#xD;
Player Test1 won trick with Six of Spades&#xD;
Test&#xD;
Test&#xD;
Test&#xD;
Player Test1 won trick with Five of Clubs&#xD;
Test&#xD;
Test&#xD;
Test&#xD;
Test&#xD;
Player Test1 won trick with Five of Hearts&#xD;
Test&#xD;
Test&#xD;
Test&#xD;
Player Test1 won trick with King of Diamonds&#xD;
Test&#xD;
Player Test1 won trick with King of Clubs&#xD;
Test&#xD;
Test&#xD;
Player Test2 won trick with King of Diamonds&#xD;
Test&#xD;
Test&#xD;
Test&#xD;
Player Test1 won trick with Ten of Hearts&#xD;
Test&#xD;
Test&#xD;
Player Test4 won trick with Eight of Clubs&#xD;
Test&#xD;
Test&#xD;
Test&#xD;
Player Test2 won trick with Ace of Hearts&#xD;
Test&#xD;
Test&#xD;
Player Test1 won trick with Seven of Spades&#xD;
Test&#xD;
Test&#xD;
Test&#xD;
Player Test1 won trick with Two of Spades&#xD;
Player Test4 won trick with Jack of Diamonds&#xD;
Test&#xD;
Test&#xD;
Test&#xD;
Test&#xD;
Player Test1 won trick with Queen of Clubs&#xD;
Test&#xD;
Test&#xD;
Player Test1 won trick with Ace of Diamonds&#xD;
Test&#xD;
Player Test3 won trick with Ace of Diamonds&#xD;
Test&#xD;
Test&#xD;
Test&#xD;
Player Test1 won trick with Ace of Diamonds&#xD;
Test&#xD;
Test&#xD;
Player Test1 won trick with Six of Spades&#xD;
Test&#xD;
Test&#xD;
Test&#xD;
Player Test1 won trick with Jack of Hearts&#xD;
Test&#xD;
Test&#xD;
Player Test1 won trick with Queen of Spades&#xD;
Test&#xD;
Player Test3 won trick with Nine of Diamonds&#xD;
Test&#xD;
Test&#xD;
Test&#xD;
Test&#xD;
Player Test1 won trick with Ten of Hearts&#xD;
Test&#xD;
Test&#xD;
Test&#xD;
Test&#xD;
Player Test1 won trick with Queen of Diamonds&#xD;
Test&#xD;
Test&#xD;
Player Test1 won trick with Seven of Clubs&#xD;
Test&#xD;
Test&#xD;
Test&#xD;
Test&#xD;
Player Test1 won trick with Two of Hearts&#xD;
Test&#xD;
Test&#xD;
Player Test3 won trick with Ace of Spades&#xD;
Test&#xD;
Test&#xD;
Test&#xD;
Player Test1 won trick with Seven of Clubs&#xD;
Test&#xD;
Test&#xD;
Test&#xD;
Player Test1 won trick with Six of Clubs&#xD;
Test&#xD;
Test&#xD;
Test&#xD;
Player Test1 won trick with Five of Spades&#xD;
Test&#xD;
Player Test2 won trick with King of Diamonds&#xD;
Test&#xD;
Test&#xD;
Player Test1 won trick with Ten of Clubs&#xD;
Test&#xD;
Test&#xD;
Player Test4 won trick with Queen of Spades&#xD;
Test&#xD;
Player Test1 won trick with Ace of Spades&#xD;
Test&#xD;
Test&#xD;
Player Test2 won trick with Seven of Diamonds&#xD;
Test&#xD;
Test&#xD;
Test&#xD;
Test&#xD;
Player Test1 won trick with Ten of Hearts&#xD;
Test&#xD;
Test&#xD;
Player Test1 won trick with Ace of Diamonds&#xD;
Test&#xD;
Test&#xD;
Test&#xD;
Test&#xD;
Player Test1 won trick with Ten of Hearts&#xD;
Test&#xD;
Test&#xD;
Test&#xD;
Test&#xD;
Player Test1 won trick with Queen of Hearts&#xD;
Test&#xD;
Test&#xD;
Player Test1 won trick with Jack of Clubs&#xD;
Test&#xD;
Test&#xD;
Test&#xD;
Test&#xD;
Player Test1 won trick with Two of Hearts&#xD;
Test&#xD;
Player Test4 won trick with Jack of Spades&#xD;
Test&#xD;
Test&#xD;
Test&#xD;
Test&#xD;
Player Test1 won trick with Three of Clubs&#xD;
Test&#xD;
Test&#xD;
Test&#xD;
Player Test3 won trick with Jack of Hearts&#xD;
Test&#xD;
Test&#xD;
Test&#xD;
Player Test1 won trick with Ten of Diamonds&#xD;
Test&#xD;
Test&#xD;
Test&#xD;
Player Test1 won trick with Eight of Clubs&#xD;
Test&#xD;
Test&#xD;
Player Test2 won trick with Nine of Clubs&#xD;
Test&#xD;
Test&#xD;
Player Test1 won trick with Five of Clubs&#xD;
Test&#xD;
Test&#xD;
Player Test1 won trick with Ace of Diamonds&#xD;
Test&#xD;
Test&#xD;
Test&#xD;
Player Test4 won trick with Nine of Hearts&#xD;
Test&#xD;
Test&#xD;
Test&#xD;
Player Test1 won trick with King of Spades&#xD;
Test&#xD;
Test&#xD;
Test&#xD;
Player Test1 won trick with Two of Hearts&#xD;
Test&#xD;
Test&#xD;
Test&#xD;
Test&#xD;
Player Test1 won trick with Eight of Hearts&#xD;
Test&#xD;
Test&#xD;
Test&#xD;
Player Test1 won trick with Nine of Clubs&#xD;
Test&#xD;
Test&#xD;
Player Test3 won trick with Queen of Spades&#xD;
Test&#xD;
Test&#xD;
Test&#xD;
Test&#xD;
Player Test1 won trick with Ten of Clubs&#xD;
Test&#xD;
Player Test2 won trick with Queen of Spades&#xD;
Test&#xD;
Test&#xD;
Player Test1 won trick with Five of Diamonds&#xD;
Test&#xD;
Test&#xD;
Test&#xD;
Player Test1 won trick with Nine of Clubs&#xD;
Test&#xD;
Test&#xD;
Test&#xD;
Player Test1 won trick with Ace of Hearts&#xD;
Test&#xD;
Test&#xD;
Player Test2 won trick with Ten of Spades&#xD;
Test&#xD;
Test&#xD;
Test&#xD;
Player Test1 won trick with Queen of Spades&#xD;
Test&#xD;
Test&#xD;
Player Test3 won trick with King of Spades&#xD;
Test&#xD;
Test&#xD;
Test&#xD;
Test&#xD;
Player Test1 won trick with Ten of Hearts&#xD;
Test&#xD;
Test&#xD;
Test&#xD;
Player Test1 won trick with Ten of Diamonds&#xD;
Test&#xD;
Test&#xD;
Player Test1 won trick with Ace of Clubs&#xD;
Test&#xD;
Test&#xD;
Test&#xD;
Player Test1 won trick with Two of Diamonds&#xD;
Test&#xD;
Test&#xD;
Player Test1 won trick with Jack of Spades&#xD;
Test&#xD;
Test&#xD;
Player Test1 won trick with Queen of Hearts&#xD;
Test&#xD;
Player Test2 won trick with King of Spades&#xD;
Test&#xD;
Test&#xD;
Test&#xD;
Player Test1 won trick with Two of Diamonds&#xD;
Test&#xD;
Test&#xD;
Test&#xD;
Player Test1 won trick with Four of Clubs&#xD;
Test&#xD;
Test&#xD;
Test&#xD;
Player Test1 won trick with Six of Spades&#xD;
Test&#xD;
Test&#xD;
Test&#xD;
Test&#xD;
Player Test1 won trick with King of Hearts&#xD;
Test&#xD;
Test&#xD;
Test&#xD;
Player Test1 won trick with King of Hearts&#xD;
Test&#xD;
Test&#xD;
Test&#xD;
Player Test1 won trick with Eight of Diamonds&#xD;
Test&#xD;
Test&#xD;
Test&#xD;
Player Test4 won trick with Ace of Diamonds&#xD;
Test&#xD;
Test&#xD;
Test&#xD;
Player Test1 won trick with Ten of Diamonds&#xD;
Test&#xD;
Test&#xD;
Test&#xD;
Player Test1 won trick with Four of Spades&#xD;
Test&#xD;
Test&#xD;
Test&#xD;
Player Test1 won trick with Queen of Clubs&#xD;
Test&#xD;
Test&#xD;
Test&#xD;
Player Test3 won trick with Six of Hearts&#xD;
Test&#xD;
Test&#xD;
Player Test4 won trick with Queen of Hearts&#xD;
Test&#xD;
Test&#xD;
Test&#xD;
Test&#xD;
Player Test1 won trick with King of Hearts&#xD;
Test&#xD;
Test&#xD;
Test&#xD;
Player Test1 won trick with Two of Clubs&#xD;
Test&#xD;
Test&#xD;
Test&#xD;
Player Test1 won trick with Queen of Diamonds&#xD;
Test&#xD;
Test&#xD;
Test&#xD;
Test&#xD;
Player Test1 won trick with King of Hearts&#xD;
Test&#xD;
Test&#xD;
Player Test3 won trick with King of Diamonds&#xD;
Test&#xD;
Test&#xD;
Test&#xD;
Player Test1 won trick with King of Hearts&#xD;
Test&#xD;
Test&#xD;
Player Test1 won trick with Six of Spades&#xD;
Test&#xD;
Test&#xD;
Player Test4 won trick with Queen of Clubs&#xD;
Test&#xD;
Test&#xD;
Test&#xD;
Player Test1 won trick with Nine of Diamonds&#xD;
Test&#xD;
Test&#xD;
Player Test4 won trick with Ace of Spades&#xD;
Test&#xD;
Test&#xD;
Test&#xD;
Player Test1 won trick with Eight of Hearts&#xD;
Test&#xD;
Test&#xD;
Player Test1 won trick with Eight of Clubs&#xD;
Test&#xD;
Test&#xD;
Player Test1 won trick with Queen of Clubs&#xD;
Test&#xD;
Test&#xD;
Test&#xD;
Player Test1 won trick with Four of Spades&#xD;
Test&#xD;
Test&#xD;
Test&#xD;
Test&#xD;
Player Test1 won trick with Jack of Hearts&#xD;
Test&#xD;
Test&#xD;
Test&#xD;
Player Test1 won trick with King of Clubs&#xD;
Test&#xD;
Test&#xD;
Test&#xD;
Player Test1 won trick with Two of Diamonds&#xD;
Test&#xD;
Test&#xD;
Test&#xD;
Test&#xD;
Player Test1 won trick with Ten of Hearts&#xD;
Test&#xD;
Test&#xD;
Test&#xD;
Player Test1 won trick with Jack of Diamonds&#xD;
Test&#xD;
Test&#xD;
Test&#xD;
Player Test1 won trick with Five of Spades&#xD;
Test&#xD;
Test&#xD;
Player Test1 won trick with Seven of Clubs&#xD;
Test&#xD;
Test&#xD;
Test&#xD;
Player Test4 won trick with Ace of Hearts&#xD;
Test&#xD;
Test&#xD;
Player Test1 won trick with Ten of Clubs&#xD;
Test&#xD;
Test&#xD;
Player Test4 won trick with Five of Diamonds&#xD;
Test&#xD;
Test&#xD;
Player Test1 won trick with Queen of Spades&#xD;
Test&#xD;
Test&#xD;
Test&#xD;
Player Test1 won trick with Two of Spades&#xD;
Test&#xD;
Player Test3 won trick with Queen of Diamonds&#xD;
Test&#xD;
Test&#xD;
Player Test2 won trick with Ace of Spades&#xD;
Test&#xD;
Test&#xD;
Test&#xD;
Player Test2 won trick with Ten of Hearts&#xD;
Test&#xD;
Test&#xD;
Player Test1 won trick with Ace of Spades&#xD;
Test&#xD;
Test&#xD;
Test&#xD;
Test&#xD;
Player Test1 won trick with Ten of Hearts&#xD;
Test&#xD;
Test&#xD;
Player Test1 won trick with Nine of Diamonds&#xD;
Test&#xD;
Test&#xD;
Test&#xD;
Test&#xD;
Player Test1 won trick with Ten of Hearts&#xD;
Test&#xD;
Test&#xD;
Test&#xD;
Player Test1 won trick with Three of Spades&#xD;
Test&#xD;
Test&#xD;
Player Test2 won trick with Ace of Spades&#xD;
Test&#xD;
Test&#xD;
Test&#xD;
Test&#xD;
Player Test1 won trick with Ten of Hearts&#xD;
Test&#xD;
Test&#xD;
Player Test1 won trick with Nine of Diamonds&#xD;
Test&#xD;
Test&#xD;
Test&#xD;
Player Test1 won trick with Six of Clubs&#xD;
Test&#xD;
Test&#xD;
Test&#xD;
Test&#xD;
Player Test1 won trick with Seven of Hearts&#xD;
Test&#xD;
Player Test1 won trick with Jack of Diamonds&#xD;
Test&#xD;
Test&#xD;
Test&#xD;
Player Test1 won trick with Three of Clubs&#xD;
Test&#xD;
Test&#xD;
Test&#xD;
Player Test1 won trick with Three of Diamonds&#xD;
Test&#xD;
Test&#xD;
Test&#xD;
Player Test1 won trick with Queen of Spades&#xD;
Test&#xD;
Test&#xD;
Test&#xD;
Player Test1 won trick with King of Hearts&#xD;
Test&#xD;
Test&#xD;
Player Test1 won trick with Nine of Spades&#xD;
Test&#xD;
Test&#xD;
Player Test3 won trick with Nine of Diamonds&#xD;
Test&#xD;
Test&#xD;
Test&#xD;
Player Test1 won trick with Jack of Diamonds&#xD;
Test&#xD;
Test&#xD;
Test&#xD;
Player Test1 won trick with Five of Clubs&#xD;
Test&#xD;
Test&#xD;
Test&#xD;
Player Test1 won trick with Seven of Spades&#xD;
Test&#xD;
Test&#xD;
Player Test1 won trick with Queen of Spades&#xD;
Test&#xD;
Test&#xD;
Test&#xD;
Test&#xD;
Player Test1 won trick with Eight of Hearts&#xD;
Test&#xD;
Test&#xD;
Player Test1 won trick with Eight of Clubs&#xD;
Test&#xD;
Test&#xD;
Test&#xD;
Player Test1 won trick with Four of Spades&#xD;
Test&#xD;
Player Test1 won trick with Six of Hearts&#xD;
Test&#xD;
Test&#xD;
Player Test4 won trick with King of Diamonds&#xD;
Test&#xD;
Test&#xD;
Test&#xD;
Player Test1 won trick with Four of Clubs&#xD;
Test&#xD;
Test&#xD;
Test&#xD;
Player Test1 won trick with Six of Diamonds&#xD;
Test&#xD;
Test&#xD;
Player Test4 won trick with Nine of Diamonds&#xD;
Test&#xD;
Test&#xD;
Test&#xD;
Test&#xD;
Player Test1 won trick with Ace of Hearts&#xD;
Test&#xD;
Test&#xD;
Test&#xD;
Player Test1 won trick with Queen of Hearts&#xD;
Test&#xD;
Test&#xD;
Player Test1 won trick with Jack of Clubs&#xD;
Test&#xD;
Test&#xD;
Player Test1 won trick with King of Spades&#xD;
Test&#xD;
Test&#xD;
Test&#xD;
Player Test1 won trick with Ten of Clubs&#xD;
Test&#xD;
Test&#xD;
Test&#xD;
Player Test1 won trick with Six of Clubs&#xD;
Test&#xD;
Test&#xD;
Test&#xD;
Test&#xD;
Player Test1 won trick with Ten of Clubs&#xD;
Player Test1 won trick with Jack of Clubs&#xD;
Test&#xD;
Test&#xD;
Player Test2 won trick with Eight of Spades&#xD;
Test&#xD;
Test&#xD;
Player Test4 won trick with Ten of Diamonds&#xD;
Test&#xD;
Test&#xD;
Test&#xD;
Player Test3 won trick with Nine of Hearts&#xD;
Test&#xD;
Test&#xD;
Player Test1 won trick with Nine of Hearts&#xD;
Test&#xD;
Test&#xD;
Test&#xD;
Player Test1 won trick with King of Clubs&#xD;
Test&#xD;
Test&#xD;
Test&#xD;
Player Test1 won trick with Five of Spades&#xD;
Test&#xD;
Player Test3 won trick with Jack of Spades&#xD;
Test&#xD;
Test&#xD;
Test&#xD;
Player Test1 won trick with Ten of Clubs&#xD;
Test&#xD;
Test&#xD;
Player Test2 won trick with Seven of Diamonds&#xD;
Test&#xD;
Test&#xD;
Test&#xD;
Player Test1 won trick with Six of Spades&#xD;
Test&#xD;
Test&#xD;
Player Test1 won trick with Three of Spades&#xD;
Test&#xD;
Test&#xD;
Test&#xD;
Test&#xD;
Player Test1 won trick with King of Hearts&#xD;
Test&#xD;
Test&#xD;
Test&#xD;
Player Test2 won trick with Six of Hearts&#xD;
Test&#xD;
Test&#xD;
Player Test1 won trick with Nine of Clubs&#xD;
Test&#xD;
Test&#xD;
Player Test1 won trick with Ace of Clubs&#xD;
Test&#xD;
Player Test2 won trick with Ace of Clubs&#xD;
Test&#xD;
Test&#xD;
Test&#xD;
Player Test1 won trick with Four of Spades&#xD;
Test&#xD;
Player Test2 won trick with Seven of Spades&#xD;
Test&#xD;
Test&#xD;
Test&#xD;
Player Test1 won trick with King of Diamonds&#xD;
Test&#xD;
Test&#xD;
Test&#xD;
Test&#xD;
Player Test1 won trick with King of Hearts&#xD;
Test&#xD;
Test&#xD;
Test&#xD;
Player Test1 won trick with Jack of Spades&#xD;
Test&#xD;
Test&#xD;
Player Test1 won trick with Eight of Diamonds&#xD;
Test&#xD;
Test&#xD;
Test&#xD;
Player Test1 won trick with Three of Spades&#xD;
Test&#xD;
Test&#xD;
Test&#xD;
Player Test1 won trick with Ace of Clubs&#xD;
Test&#xD;
Test&#xD;
Test&#xD;
Player Test1 won trick with Four of Spades&#xD;
Test&#xD;
Test&#xD;
Test&#xD;
Player Test1 won trick with Ace of Clubs&#xD;
Test&#xD;
Player Test3 won trick with Ace of Spades&#xD;
Test&#xD;
Test&#xD;
Player Test1 won trick with Six of Diamonds&#xD;
Test&#xD;
Test&#xD;
Player Test1 won trick with Ten of Clubs&#xD;
Test&#xD;
Test&#xD;
Player Test4 won trick with Jack of Clubs&#xD;
Test&#xD;
Test&#xD;
Test&#xD;
Player Test3 won trick with Queen of Spades&#xD;
Test&#xD;
Player Test1 won trick with Ten of Diamonds&#xD;
Test&#xD;
Test&#xD;
Player Test4 won trick with Nine of Hearts&#xD;
Test&#xD;
Test&#xD;
Test&#xD;
Player Test1 won trick with Five of Clubs&#xD;
Test&#xD;
Test&#xD;
Test&#xD;
Player Test1 won trick with Four of Diamonds&#xD;
Test&#xD;
Test&#xD;
Player Test1 won trick with Seven of Clubs&#xD;
Test&#xD;
Test&#xD;
Test&#xD;
Player Test1 won trick with Eight of Hearts&#xD;
Player Test1 won trick with King of Diamonds&#xD;
Test&#xD;
Test&#xD;
Test&#xD;
Player Test1 won trick with Ace of Spades&#xD;
Test&#xD;
Test&#xD;
Test&#xD;
Player Test1 won trick with Four of Spades&#xD;
Test&#xD;
Test&#xD;
Test&#xD;
Test&#xD;
Player Test1 won trick with Four of Hearts&#xD;
Test&#xD;
Test&#xD;
Player Test3 won trick with King of Hearts&#xD;
Test&#xD;
Test&#xD;
Test&#xD;
Player Test3 won trick with Seven of Hearts&#xD;
Player Test1 won trick with Queen of Clubs&#xD;
Test&#xD;
Test&#xD;
Player Test4 won trick with Seven of Spades&#xD;
Test&#xD;
Test&#xD;
Test&#xD;
Player Test1 won trick with Jack of Clubs&#xD;
Test&#xD;
Test&#xD;
Test&#xD;
Player Test1 won trick with Jack of Clubs&#xD;
Test&#xD;
Test&#xD;
Test&#xD;
Player Test1 won trick with Ace of Diamonds&#xD;
Test&#xD;
Test&#xD;
Test&#xD;
Test&#xD;
Player Test1 won trick with Two of Diamonds&#xD;
Test&#xD;
Test&#xD;
Test&#xD;
Player Test1 won trick with King of Spades&#xD;
Test&#xD;
Test&#xD;
Test&#xD;
Player Test1 won trick with Ace of Hearts&#xD;
Test&#xD;
Test&#xD;
Test&#xD;
Player Test1 won trick with Queen of Clubs&#xD;
Test&#xD;
Test&#xD;
Test&#xD;
Player Test1 won trick with Two of Clubs&#xD;
Test&#xD;
Test&#xD;
Test&#xD;
Player Test1 won trick with Six of Clubs&#xD;
Test&#xD;
Player Test4 won trick with Ace of Diamonds&#xD;
Test&#xD;
Test&#xD;
Test&#xD;
Player Test1 won trick with Jack of Spades&#xD;
Test&#xD;
Test&#xD;
Player Test2 won trick with Ace of Clubs&#xD;
Test&#xD;
Test&#xD;
Test&#xD;
Player Test3 won trick with Jack of Spades&#xD;
Test&#xD;
Player Test4 won trick with Ace of Spades&#xD;
Test&#xD;
Test&#xD;
Test&#xD;
Player Test1 won trick with Two of Diamonds&#xD;
Test&#xD;
Test&#xD;
Test&#xD;
Player Test1 won trick with Four of Clubs&#xD;
Test&#xD;
Test&#xD;
Player Test1 won trick with Queen of Spades&#xD;
Test&#xD;
Test&#xD;
Test&#xD;
Player Test1 won trick with Four of Clubs&#xD;
Test&#xD;
Test&#xD;
Test&#xD;
Player Test1 won trick with Four of Diamonds&#xD;
Test&#xD;
Test&#xD;
Test&#xD;
Player Test3 won trick with Five of Hearts&#xD;
Test&#xD;
Test&#xD;
Player Test1 won trick with Nine of Diamonds&#xD;
Test&#xD;
Test&#xD;
Player Test3 won trick with Eight of Diamonds&#xD;
Test&#xD;
Test&#xD;
Test&#xD;
Player Test1 won trick with Ace of Clubs&#xD;
Test&#xD;
Test&#xD;
Test&#xD;
Player Test1 won trick with Two of Spades&#xD;
Test&#xD;
Test&#xD;
Test&#xD;
Player Test2 won trick with Three of Hearts&#xD;
Test&#xD;
Test&#xD;
Player Test1 won trick with King of Spades&#xD;
Player Test3 won trick with Ace of Diamonds&#xD;
Player Test1 won trick with Jack of Diamonds&#xD;
Test&#xD;
Test&#xD;
Test&#xD;
Player Test1 won trick with Seven of Clubs&#xD;
Test&#xD;
Test&#xD;
Test&#xD;
Player Test1 won trick with Eight of Clubs&#xD;
Test&#xD;
Test&#xD;
Player Test1 won trick with Ace of Diamonds&#xD;
Test&#xD;
Test&#xD;
Test&#xD;
Test&#xD;
Player Test1 won trick with Four of Hearts&#xD;
Test&#xD;
Player Test1 won trick with Queen of Clubs&#xD;
Test&#xD;
Test&#xD;
Test&#xD;
Test&#xD;
Player Test1 won trick with King of Hearts&#xD;
Test&#xD;
Test&#xD;
Test&#xD;
Player Test1 won trick with Ten of Spades&#xD;
Test&#xD;
Test&#xD;
Test&#xD;
Test&#xD;
Player Test1 won trick with Queen of Hearts&#xD;
Test&#xD;
Test&#xD;
Player Test1 won trick with King of Clubs&#xD;
Test&#xD;
Test&#xD;
Player Test1 won trick with Jack of Spades&#xD;
Test&#xD;
Player Test3 won trick with Ace of Spades&#xD;
Test&#xD;
Test&#xD;
Test&#xD;
Player Test1 won trick with Jack of Diamonds&#xD;
Test&#xD;
Test&#xD;
Test&#xD;
Player Test1 won trick with Ten of Spades&#xD;
Test&#xD;
Test&#xD;
Test&#xD;
Player Test1 won trick with Ace of Hearts&#xD;
Test&#xD;
Test&#xD;
Player Test1 won trick with Eight of Spades&#xD;
Test&#xD;
Test&#xD;
Test&#xD;
Player Test1 won trick with King of Spades&#xD;
Test&#xD;
Test&#xD;
Player Test3 won trick with Ten of Diamonds&#xD;
Test&#xD;
Test&#xD;
Test&#xD;
Player Test1 won trick with Ten of Diamonds&#xD;
Test&#xD;
Player Test2 won trick with Ace of Clubs&#xD;
Test&#xD;
Test&#xD;
Test&#xD;
Player Test1 won trick with Five of Clubs&#xD;
Test&#xD;
Test&#xD;
Player Test1 won trick with Eight of Clubs&#xD;
Test&#xD;
Test&#xD;
Player Test2 won trick with Ace of Clubs&#xD;
Test&#xD;
Test&#xD;
Test&#xD;
Test&#xD;
Player Test1 won trick with Ten of Hearts&#xD;
Player Test3 won trick with Nine of Diamonds&#xD;
Test&#xD;
Player Test3 won trick with Ace of Diamonds&#xD;
Test&#xD;
Test&#xD;
Player Test2 won trick with Ace of Clubs&#xD;
Test&#xD;
Test&#xD;
Test&#xD;
Player Test1 won trick with Ten of Hearts&#xD;
Test&#xD;
Test&#xD;
Player Test1 won trick with Four of Clubs&#xD;
Test&#xD;
Test&#xD;
Test&#xD;
Player Test1 won trick with Five of Diamonds&#xD;
Test&#xD;
Test&#xD;
Test&#xD;
Player Test1 won trick with Ten of Spades&#xD;
Test&#xD;
Test&#xD;
Test&#xD;
Player Test1 won trick with Two of Diamonds&#xD;
Test&#xD;
Test&#xD;
Test&#xD;
Player Test1 won trick with Five of Spades&#xD;
Test&#xD;
Test&#xD;
Player Test1 won trick with Jack of Diamonds&#xD;
Test&#xD;
Player Test1 won trick with King of Diamonds&#xD;
Test&#xD;
Test&#xD;
Test&#xD;
Player Test3 won trick with Queen of Hearts&#xD;
Test&#xD;
Test&#xD;
Test&#xD;
Player Test1 won trick with Six of Spades&#xD;
Test&#xD;
Test&#xD;
Test&#xD;
Test&#xD;
Player Test1 won trick with Queen of Hearts&#xD;
Test&#xD;
Test&#xD;
Player Test1 won trick with King of Hearts&#xD;
Test&#xD;
Test&#xD;
Test&#xD;
Player Test1 won trick with Queen of Hearts&#xD;
Test&#xD;
Test&#xD;
Test&#xD;
Player Test1 won trick with King of Spades&#xD;
Test&#xD;
Test&#xD;
Test&#xD;
Player Test1 won trick with Queen of Spades&#xD;
Test&#xD;
Test&#xD;
Test&#xD;
Player Test2 won trick with Seven of Hearts&#xD;
Test&#xD;
Test&#xD;
Player Test1 won trick with Six of Clubs&#xD;
Test&#xD;
Test&#xD;
Player Test1 won trick with Ace of Diamonds&#xD;
Test&#xD;
Test&#xD;
Test&#xD;
Player Test1 won trick with Nine of Diamonds&#xD;
Test&#xD;
Test&#xD;
Test&#xD;
Player Test1 won trick with Jack of Spades&#xD;
Test&#xD;
Test&#xD;
Test&#xD;
Player Test1 won trick with Three of Clubs&#xD;
Test&#xD;
Test&#xD;
Test&#xD;
Player Test1 won trick with Two of Diamonds&#xD;
Test&#xD;
Test&#xD;
Test&#xD;
Player Test1 won trick with Four of Spades&#xD;
Test&#xD;
Test&#xD;
Player Test3 won trick with Ace of Diamonds&#xD;
Test&#xD;
Test&#xD;
Player Test2 won trick with Nine of Diamonds&#xD;
Test&#xD;
Test&#xD;
Test&#xD;
Test&#xD;
Player Test1 won trick with Six of Spades&#xD;
Test&#xD;
Player Test4 won trick with Ten of Spades&#xD;
Test&#xD;
Test&#xD;
Test&#xD;
Player Test3 won trick with Jack of Hearts&#xD;
Test&#xD;
Test&#xD;
Player Test4 won trick with Queen of Clubs&#xD;
Test&#xD;
Player Test1 won trick with Ace of Diamonds&#xD;
Test&#xD;
Test&#xD;
Player Test1 won trick with Four of Spades&#xD;
Test&#xD;
Test&#xD;
Test&#xD;
Player Test1 won trick with Nine of Spades&#xD;
Test&#xD;
Test&#xD;
Test&#xD;
Test&#xD;
Player Test1 won trick with Two of Hearts&#xD;
Test&#xD;
Test&#xD;
Player Test1 won trick with Queen of Diamonds&#xD;
Test&#xD;
Test&#xD;
Test&#xD;
Player Test1 won trick with Queen of Spades&#xD;
Test&#xD;
Test&#xD;
Test&#xD;
Player Test1 won trick with Seven of Spades&#xD;
Test&#xD;
Test&#xD;
Test&#xD;
Player Test1 won trick with Seven of Hearts&#xD;
Test&#xD;
Test&#xD;
Test&#xD;
Test&#xD;
Player Test1 won trick with Three of Hearts&#xD;
Test&#xD;
Test&#xD;
Test&#xD;
Player Test1 won trick with Four of Spades&#xD;
Test&#xD;
Test&#xD;
Test&#xD;
Player Test3 won trick with King of Hearts&#xD;
Test&#xD;
Test&#xD;
Test&#xD;
Player Test1 won trick with Six of Spades&#xD;
Test&#xD;
Test&#xD;
Test&#xD;
Player Test1 won trick with Eight of Diamonds&#xD;
Test&#xD;
Test&#xD;
Test&#xD;
Player Test1 won trick with Two of Clubs&#xD;
Test&#xD;
Test&#xD;
Player Test1 won trick with Six of Diamonds&#xD;
Test&#xD;
Test&#xD;
Player Test1 won trick with Jack of Spades&#xD;
Test&#xD;
Player Test2 won trick with King of Diamonds&#xD;
Test&#xD;
Test&#xD;
Test&#xD;
Player Test1 won trick with Seven of Spades&#xD;
Test&#xD;
Test&#xD;
Test&#xD;
Player Test1 won trick with King of Spades&#xD;
Test&#xD;
Test&#xD;
Test&#xD;
Test&#xD;
Player Test1 won trick with Two of Spades&#xD;
Test&#xD;
Test&#xD;
Test&#xD;
Player Test4 won trick with Ace of Clubs&#xD;
Test&#xD;
Test&#xD;
Test&#xD;
Test&#xD;
Player Test1 won trick with Queen of Hearts&#xD;
Test&#xD;
Test&#xD;
Test&#xD;
Player Test1 won trick with Ten of Diamonds&#xD;
Test&#xD;
Test&#xD;
Player Test2 won trick with King of Clubs&#xD;
Test&#xD;
Test&#xD;
Test&#xD;
Player Test1 won trick with Ten of Clubs&#xD;
Test&#xD;
Test&#xD;
Test&#xD;
Player Test1 won trick with Ace of Spades&#xD;
Test&#xD;
Test&#xD;
Player Test1 won trick with Seven of Diamonds&#xD;
Test&#xD;
Test&#xD;
Test&#xD;
Player Test1 won trick with King of Clubs&#xD;
Test&#xD;
Test&#xD;
Test&#xD;
Player Test1 won trick with Six of Diamonds&#xD;
Test&#xD;
Test&#xD;
Player Test1 won trick with Eight of Clubs&#xD;
Test&#xD;
Player Test4 won trick with King of Clubs&#xD;
Test&#xD;
Test&#xD;
Player Test4 won trick with Eight of Clubs&#xD;
Test&#xD;
Test&#xD;
Player Test4 won trick with Ten of Diamonds&#xD;
Test&#xD;
Test&#xD;
Test&#xD;
Test&#xD;
Player Test1 won trick with Ace of Hearts&#xD;
Test&#xD;
Test&#xD;
Test&#xD;
Player Test1 won trick with Six of Clubs&#xD;
Test&#xD;
Test&#xD;
Test&#xD;
Player Test1 won trick with Queen of Diamonds&#xD;
Test&#xD;
Test&#xD;
Test&#xD;
Player Test1 won trick with Eight of Diamonds&#xD;
Test&#xD;
Test&#xD;
Test&#xD;
Player Test1 won trick with Three of Clubs&#xD;
Test&#xD;
Test&#xD;
Player Test4 won trick with Jack of Spades&#xD;
Test&#xD;
Test&#xD;
Player Test1 won trick with Queen of Diamonds&#xD;
Test&#xD;
Test&#xD;
Player Test1 won trick with Jack of Spades&#xD;
Test&#xD;
Test&#xD;
Test&#xD;
Test&#xD;
Player Test1 won trick with Queen of Hearts&#xD;
Test&#xD;
Test&#xD;
Test&#xD;
Player Test1 won trick with Two of Diamonds&#xD;
Test&#xD;
Test&#xD;
Player Test1 won trick with Six of Diamonds&#xD;
Test&#xD;
Test&#xD;
Player Test3 won trick with Ten of Hearts&#xD;
Test&#xD;
Test&#xD;
Player Test4 won trick with Queen of Diamonds&#xD;
Test&#xD;
Test&#xD;
Test&#xD;
Player Test1 won trick with Five of Diamonds&#xD;
Test&#xD;
Test&#xD;
Test&#xD;
Player Test1 won trick with Jack of Hearts&#xD;
Test&#xD;
Test&#xD;
Player Test1 won trick with Jack of Diamonds&#xD;
Test&#xD;
Test&#xD;
Test&#xD;
Player Test1 won trick with Four of Spades&#xD;
Test&#xD;
Test&#xD;
Test&#xD;
Player Test1 won trick with King of Diamonds&#xD;
Test&#xD;
Test&#xD;
Test&#xD;
Player Test3 won trick with King of Hearts&#xD;
Test&#xD;
Test&#xD;
Test&#xD;
Player Test1 won trick with Four of Clubs&#xD;
Test&#xD;
Test&#xD;
Player Test1 won trick with Ace of Clubs&#xD;
Test&#xD;
Test&#xD;
Test&#xD;
Player Test1 won trick with Five of Clubs&#xD;
Test&#xD;
Test&#xD;
Test&#xD;
Test&#xD;
Player Test1 won trick with Ten of Hearts&#xD;
Player Test3 won trick with King of Spades&#xD;
Test&#xD;
Test&#xD;
Test&#xD;
Test&#xD;
Player Test1 won trick with Nine of Clubs&#xD;
Test&#xD;
Test&#xD;
Test&#xD;
Player Test1 won trick with Two of Clubs&#xD;
Test&#xD;
Test&#xD;
Test&#xD;
Player Test1 won trick with King of Clubs&#xD;
Test&#xD;
Test&#xD;
Test&#xD;
Test&#xD;
Player Test1 won trick with Two of Hearts&#xD;
Test&#xD;
Test&#xD;
Test&#xD;
Test&#xD;
Player Test1 won trick with Eight of Hearts&#xD;
Test&#xD;
Test&#xD;
Player Test3 won trick with Seven of Clubs&#xD;
Test&#xD;
Test&#xD;
Test&#xD;
Test&#xD;
Player Test1 won trick with Jack of Hearts&#xD;
Test&#xD;
Test&#xD;
Player Test1 won trick with Queen of Diamonds&#xD;
Test&#xD;
Test&#xD;
Test&#xD;
Player Test1 won trick with Seven of Spades&#xD;
Test&#xD;
Test&#xD;
Player Test2 won trick with Jack of Hearts&#xD;
Test&#xD;
Test&#xD;
Player Test4 won trick with Nine of Spades&#xD;
Test&#xD;
Player Test1 won trick with Seven of Diamonds&#xD;
Test&#xD;
Player Test1 won trick with King of Clubs&#xD;
Test&#xD;
Test&#xD;
Test&#xD;
Player Test1 won trick with Queen of Hearts&#xD;
Test&#xD;
Test&#xD;
Test&#xD;
Player Test1 won trick with King of Hearts&#xD;
Test&#xD;
Player Test1 won trick with Six of Diamonds&#xD;
Test&#xD;
Test&#xD;
Player Test1 won trick with Ace of Clubs&#xD;
Test&#xD;
Test&#xD;
Test&#xD;
Test&#xD;
Player Test1 won trick with Ten of Hearts&#xD;
Test&#xD;
Test&#xD;
Test&#xD;
Player Test1 won trick with Three of Clubs&#xD;
Test&#xD;
Test&#xD;
Test&#xD;
Test&#xD;
Player Test1 won trick with Queen of Spades&#xD;
Test&#xD;
Test&#xD;
Test&#xD;
Player Test1 won trick with Seven of Spades&#xD;
Test&#xD;
Test&#xD;
Test&#xD;
Player Test1 won trick with Ten of Clubs&#xD;
Test&#xD;
Test&#xD;
Player Test3 won trick with Nine of Spades&#xD;
Test&#xD;
Test&#xD;
Player Test1 won trick with King of Diamonds&#xD;
Test&#xD;
Player Test4 won trick with King of Clubs&#xD;
Test&#xD;
Test&#xD;
Test&#xD;
Player Test1 won trick with King of Clubs&#xD;
Test&#xD;
Test&#xD;
Test&#xD;
Player Test1 won trick with King of Diamonds&#xD;
Test&#xD;
Test&#xD;
Test&#xD;
Player Test1 won trick with Four of Spades&#xD;
Test&#xD;
Test&#xD;
Player Test3 won trick with Jack of Spades&#xD;
Test&#xD;
Test&#xD;
Test&#xD;
Player Test1 won trick with Six of Hearts&#xD;
Test&#xD;
Test&#xD;
Player Test1 won trick with Queen of Clubs&#xD;
Test&#xD;
Test&#xD;
Test&#xD;
Test&#xD;
Player Test1 won trick with Seven of Hearts&#xD;
Test&#xD;
Test&#xD;
Player Test1 won trick with Nine of Clubs&#xD;
Test&#xD;
Test&#xD;
Player Test4 won trick with Nine of Clubs&#xD;
Test&#xD;
Test&#xD;
Test&#xD;
Player Test1 won trick with Ace of Spades&#xD;
Test&#xD;
Test&#xD;
Player Test1 won trick with Queen of Diamonds&#xD;
Test&#xD;
Test&#xD;
Player Test1 won trick with Eight of Diamonds&#xD;
Test&#xD;
Test&#xD;
Test&#xD;
Player Test3 won trick with Jack of Hearts&#xD;
Test&#xD;
Test&#xD;
Player Test1 won trick with Seven of Clubs&#xD;
Test&#xD;
Player Test3 won trick with King of Hearts&#xD;
Test&#xD;
Test&#xD;
Player Test4 won trick with Ten of Clubs&#xD;
Test&#xD;
Test&#xD;
Player Test3 won trick with Jack of Diamonds&#xD;
Test&#xD;
Test&#xD;
Test&#xD;
Player Test1 won trick with Six of Diamonds&#xD;
Test&#xD;
Test&#xD;
Test&#xD;
Test&#xD;
Player Test1 won trick with Nine of Hearts&#xD;
Test&#xD;
Test&#xD;
Test&#xD;
Player Test2 won trick with Six of Hearts&#xD;
Test&#xD;
Test&#xD;
Test&#xD;
Player Test1 won trick with Jack of Hearts&#xD;
Test&#xD;
Player Test1 won trick with Jack of Diamonds&#xD;
Test&#xD;
Test&#xD;
Player Test1 won trick with Nine of Spades&#xD;
Test&#xD;
Test&#xD;
Test&#xD;
Player Test1 won trick with Four of Spades&#xD;
Test&#xD;
Test&#xD;
Test&#xD;
Player Test1 won trick with Nine of Hearts&#xD;
Test&#xD;
Test&#xD;
Player Test1 won trick with King of Clubs&#xD;
Test&#xD;
Test&#xD;
Test&#xD;
Player Test1 won trick with Nine of Clubs&#xD;
Test&#xD;
Test&#xD;
Test&#xD;
Test&#xD;
Player Test1 won trick with Nine of Hearts&#xD;
Test&#xD;
Test&#xD;
Player Test2 won trick with Eight of Clubs&#xD;
Test&#xD;
Test&#xD;
Player Test3 won trick with King of Spades&#xD;
Test&#xD;
Test&#xD;
Player Test1 won trick with Ten of Spades&#xD;
Test&#xD;
Test&#xD;
Test&#xD;
Player Test1 won trick with Jack of Hearts&#xD;
Test&#xD;
Test&#xD;
Test&#xD;
Player Test4 won trick with King of Hearts&#xD;
Test&#xD;
Test&#xD;
Test&#xD;
Test&#xD;
Player Test1 won trick with Jack of Diamonds&#xD;
Test&#xD;
Test&#xD;
Player Test1 won trick with Eight of Clubs&#xD;
Test&#xD;
Test&#xD;
Player Test4 won trick with Queen of Spades&#xD;
Test&#xD;
Player Test3 won trick with King of Spades&#xD;
Test&#xD;
Test&#xD;
Test&#xD;
Player Test1 won trick with Jack of Clubs&#xD;
Test&#xD;
Test&#xD;
Test&#xD;
Test&#xD;
Player Test1 won trick with Two of Spades&#xD;
Test&#xD;
Test&#xD;
Player Test1 won trick with Six of Diamonds&#xD;
Test&#xD;
Player Test2 won trick with Nine of Clubs&#xD;
Test&#xD;
Test&#xD;
Test&#xD;
Player Test1 won trick with Seven of Spades&#xD;
Test&#xD;
Test&#xD;
Test&#xD;
Player Test1 won trick with Jack of Hearts&#xD;
Test&#xD;
Test&#xD;
Test&#xD;
Player Test1 won trick with Nine of Diamonds&#xD;
Test&#xD;
Test&#xD;
Test&#xD;
Player Test2 won trick with Ten of Clubs&#xD;
Test&#xD;
Test&#xD;
Test&#xD;
Player Test1 won trick with Three of Spades&#xD;
Test&#xD;
Test&#xD;
Player Test2 won trick with Ace of Clubs&#xD;
Test&#xD;
Test&#xD;
Player Test2 won trick with Three of Diamonds&#xD;
Test&#xD;
Test&#xD;
Player Test1 won trick with Seven of Clubs&#xD;
Test&#xD;
Player Test1 won trick with Six of Clubs&#xD;
Test&#xD;
Test&#xD;
Player Test3 won trick with Ten of Spades&#xD;
Test&#xD;
Test&#xD;
Test&#xD;
Player Test3 won trick with Queen of Hearts&#xD;
Test&#xD;
Test&#xD;
Player Test1 won trick with Jack of Clubs&#xD;
Test&#xD;
Test&#xD;
Player Test3 won trick with Ace of Spades&#xD;
Test&#xD;
Player Test1 won trick with Eight of Clubs&#xD;
Test&#xD;
Player Test4 won trick with Ace of Diamonds&#xD;
Test&#xD;
Test&#xD;
Player Test3 won trick with Seven of Diamonds&#xD;
Test&#xD;
Test&#xD;
Test&#xD;
Player Test1 won trick with Ace of Clubs&#xD;
Test&#xD;
Test&#xD;
Test&#xD;
Player Test1 won trick with Eight of Spades&#xD;
Test&#xD;
Test&#xD;
Test&#xD;
Player Test1 won trick with King of Spades&#xD;
Test&#xD;
Test&#xD;
Player Test1 won trick with Four of Spades&#xD;
Test&#xD;
Test&#xD;
Player Test4 won trick with Nine of Spades&#xD;
Test&#xD;
Test&#xD;
Player Test4 won trick with Ten of Spades&#xD;
Test&#xD;
Player Test2 won trick with Queen of Spades&#xD;
Test&#xD;
Test&#xD;
Test&#xD;
Test&#xD;
Player Test1 won trick with Queen of Hearts&#xD;
Test&#xD;
Test&#xD;
Test&#xD;
Player Test1 won trick with Three of Diamonds&#xD;
Test&#xD;
Test&#xD;
Test&#xD;
Player Test1 won trick with Eight of Clubs&#xD;
Test&#xD;
Test&#xD;
Test&#xD;
Test&#xD;
Player Test1 won trick with King of Hearts&#xD;
Test&#xD;
Test&#xD;
Test&#xD;
Player Test3 won trick with Nine of Spades&#xD;
Test&#xD;
Test&#xD;
Player Test1 won trick with Queen of Spades&#xD;
Test&#xD;
Test&#xD;
Player Test1 won trick with Seven of Diamonds&#xD;
Test&#xD;
Test&#xD;
Player Test4 won trick with Seven of Diamonds&#xD;
Test&#xD;
Test&#xD;
Player Test1 won trick with Jack of Spades&#xD;
Test&#xD;
Test&#xD;
Test&#xD;
Player Test1 won trick with Seven of Diamonds&#xD;
Test&#xD;
Test&#xD;
Player Test1 won trick with Eight of Diamonds&#xD;
Test&#xD;
Test&#xD;
Test&#xD;
Player Test1 won trick with Two of Diamonds&#xD;
Test&#xD;
Test&#xD;
Test&#xD;
Player Test1 won trick with Seven of Hearts&#xD;
Test&#xD;
Test&#xD;
Test&#xD;
Player Test1 won trick with Nine of Hearts&#xD;
Test&#xD;
Test&#xD;
Test&#xD;
Player Test2 won trick with Ace of Diamonds&#xD;
Test&#xD;
Test&#xD;
Test&#xD;
Player Test1 won trick with Three of Spades&#xD;
Test&#xD;
Test&#xD;
Test&#xD;
Player Test1 won trick with Four of Clubs&#xD;
Test&#xD;
Test&#xD;
Player Test1 won trick with Ace of Diamonds&#xD;
Test&#xD;
Test&#xD;
Test&#xD;
Player Test1 won trick with Four of Diamonds&#xD;
Test&#xD;
Player Test4 won trick with Nine of Spades&#xD;
Test&#xD;
Test&#xD;
Player Test1 won trick with Ace of Diamonds&#xD;
Test&#xD;
Test&#xD;
Test&#xD;
Player Test1 won trick with Eight of Diamonds&#xD;
Test&#xD;
Player Test1 won trick with Ace of Clubs&#xD;
Test&#xD;
Test&#xD;
Player Test1 won trick with Eight of Clubs&#xD;
Test&#xD;
Test&#xD;
Test&#xD;
Player Test1 won trick with Ace of Diamonds&#xD;
Test&#xD;
Test&#xD;
Player Test1 won trick with Jack of Spades&#xD;
Test&#xD;
Test&#xD;
Test&#xD;
Player Test1 won trick with Jack of Diamonds&#xD;
Test&#xD;
Player Test1 won trick with Seven of Spades&#xD;
Test&#xD;
Test&#xD;
Test&#xD;
Player Test1 won trick with Seven of Hearts&#xD;
Test&#xD;
Test&#xD;
Player Test1 won trick with Eight of Spades&#xD;
Test&#xD;
Test&#xD;
Player Test2 won trick with Nine of Diamonds&#xD;
Test&#xD;
Test&#xD;
Test&#xD;
Player Test1 won trick with Three of Diamonds&#xD;
Test&#xD;
Test&#xD;
Test&#xD;
Test&#xD;
Player Test1 won trick with Six of Hearts&#xD;
Test&#xD;
Test&#xD;
Test&#xD;
Test&#xD;
Player Test1 won trick with Nine of Hearts&#xD;
Test&#xD;
Test&#xD;
Player Test1 won trick with Ace of Hearts&#xD;
Test&#xD;
Test&#xD;
Player Test2 won trick with Jack of Hearts&#xD;
Test&#xD;
Test&#xD;
Test&#xD;
Player Test1 won trick with Four of Spades&#xD;
Test&#xD;
Test&#xD;
Test&#xD;
Player Test1 won trick with Two of Clubs&#xD;
Test&#xD;
Test&#xD;
Test&#xD;
Player Test1 won trick with Five of Clubs&#xD;
Test&#xD;
Test&#xD;
Test&#xD;
Test&#xD;
Player Test1 won trick with Ten of Hearts&#xD;
Test&#xD;
Test&#xD;
Test&#xD;
Player Test1 won trick with Five of Spades&#xD;
Test&#xD;
Player Test2 won trick with Ten of Spades&#xD;
Test&#xD;
Test&#xD;
Test&#xD;
Test&#xD;
Player Test1 won trick with Jack of Hearts&#xD;
Test&#xD;
Player Test3 won trick with King of Spades&#xD;
Test&#xD;
Test&#xD;
Test&#xD;
Test&#xD;
Player Test1 won trick with Two of Hearts&#xD;
Test&#xD;
Test&#xD;
Player Test1 won trick with Nine of Diamonds&#xD;
Test&#xD;
Test&#xD;
Player Test3 won trick with Six of Spades&#xD;
Test&#xD;
Test&#xD;
Player Test4 won trick with Jack of Clubs&#xD;
Test&#xD;
Player Test1 won trick with Queen of Clubs&#xD;
Test&#xD;
Test&#xD;
Player Test4 won trick with Seven of Clubs&#xD;
Test&#xD;
Test&#xD;
Player Test4 won trick with Jack of Diamonds&#xD;
Test&#xD;
Test&#xD;
Player Test2 won trick with Queen of Hearts&#xD;
Test&#xD;
Test&#xD;
Test&#xD;
Test&#xD;
Player Test1 won trick with Two of Hearts&#xD;
Test&#xD;
Test&#xD;
Test&#xD;
Test&#xD;
Player Test1 won trick with Two of Hearts&#xD;
Test&#xD;
Test&#xD;
Player Test1 won trick with Queen of Diamonds&#xD;
Test&#xD;
Test&#xD;
Player Test1 won trick with Ace of Spades&#xD;
Test&#xD;
Player Test4 won trick with King of Diamonds&#xD;
Test&#xD;
Test&#xD;
Test&#xD;
Player Test1 won trick with Three of Diamonds&#xD;
Test&#xD;
Test&#xD;
Test&#xD;
Player Test1 won trick with Queen of Diamonds&#xD;
Test&#xD;
Player Test1 won trick with Ten of Spades&#xD;
Test&#xD;
Test&#xD;
Test&#xD;
Player Test1 won trick with Seven of Diamonds&#xD;
Test&#xD;
Test&#xD;
Player Test1 won trick with Seven of Diamonds&#xD;
Test&#xD;
Test&#xD;
Test&#xD;
Player Test2 won trick with Queen of Hearts&#xD;
Test&#xD;
Test&#xD;
Player Test3 won trick with Ten of Clubs&#xD;
Test&#xD;
Test&#xD;
Test&#xD;
Player Test1 won trick with Nine of Clubs&#xD;
Test&#xD;
Test&#xD;
Test&#xD;
Test&#xD;
Player Test1 won trick with Five of Hearts&#xD;
Test&#xD;
Test&#xD;
Test&#xD;
Player Test1 won trick with Ace of Hearts&#xD;
Test&#xD;
Test&#xD;
Test&#xD;
Test&#xD;
Player Test1 won trick with Two of Hearts&#xD;
Test&#xD;
Test&#xD;
Player Test4 won trick with Queen of Diamonds&#xD;
Test&#xD;
Test&#xD;
Test&#xD;
Player Test1 won trick with Queen of Clubs&#xD;
Test&#xD;
Test&#xD;
Player Test1 won trick with Nine of Clubs&#xD;
Test&#xD;
Test&#xD;
Test&#xD;
Player Test1 won trick with Three of Diamonds&#xD;
Test&#xD;
Test&#xD;
Player Test1 won trick with Jack of Clubs&#xD;
Test&#xD;
Test&#xD;
Test&#xD;
Player Test1 won trick with Three of Diamonds&#xD;
Test&#xD;
Player Test4 won trick with Ace of Clubs&#xD;
Test&#xD;
Test&#xD;
Test&#xD;
Player Test1 won trick with Nine of Spades&#xD;
Test&#xD;
Test&#xD;
Test&#xD;
Player Test1 won trick with Ten of Clubs&#xD;
Test&#xD;
Player Test4 won trick with Ace of Diamonds&#xD;
Test&#xD;
Test&#xD;
Test&#xD;
Player Test1 won trick with Jack of Hearts&#xD;
Test&#xD;
Test&#xD;
Test&#xD;
Player Test1 won trick with Ace of Clubs&#xD;
Test&#xD;
Test&#xD;
Player Test2 won trick with King of Hearts&#xD;
Test&#xD;
Test&#xD;
Test&#xD;
Player Test1 won trick with King of Clubs&#xD;
Test&#xD;
Test&#xD;
Player Test2 won trick with King of Spades&#xD;
Player Test4 won trick with Ten of Spades&#xD;
Test&#xD;
Test&#xD;
Player Test1 won trick with King of Spades&#xD;
Test&#xD;
Test&#xD;
Player Test4 won trick with Nine of Diamonds&#xD;
Test&#xD;
Test&#xD;
Player Test1 won trick with Six of Clubs&#xD;
Test&#xD;
Test&#xD;
Player Test1 won trick with Nine of Spades&#xD;
Test&#xD;
Test&#xD;
Player Test2 won trick with Queen of Diamonds&#xD;
Test&#xD;
Test&#xD;
Player Test1 won trick with Eight of Diamonds&#xD;
Test&#xD;
Test&#xD;
Test&#xD;
Test&#xD;
Player Test1 won trick with Three of Hearts&#xD;
Test&#xD;
Test&#xD;
Test&#xD;
Player Test1 won trick with Four of Clubs&#xD;
Test&#xD;
Test&#xD;
Player Test1 won trick with King of Spades&#xD;
Test&#xD;
Test&#xD;
Player Test1 won trick with Queen of Diamonds&#xD;
Test&#xD;
Test&#xD;
Test&#xD;
Player Test1 won trick with Queen of Clubs&#xD;
Test&#xD;
Test&#xD;
Test&#xD;
Player Test1 won trick with Three of Clubs&#xD;
Test&#xD;
Test&#xD;
Player Test3 won trick with Queen of Spades&#xD;
Test&#xD;
Test&#xD;
Player Test1 won trick with Ten of Spades&#xD;
Test&#xD;
Test&#xD;
Player Test1 won trick with King of Diamonds&#xD;
Test&#xD;
Test&#xD;
Test&#xD;
Player Test1 won trick with Six of Diamonds&#xD;
Test&#xD;
Test&#xD;
Test&#xD;
Player Test1 won trick with Eight of Clubs&#xD;
Test&#xD;
Test&#xD;
Test&#xD;
Test&#xD;
Player Test1 won trick with Ace of Hearts&#xD;
Test&#xD;
Test&#xD;
Player Test3 won trick with Queen of Clubs&#xD;
Test&#xD;
Test&#xD;
Test&#xD;
Player Test4 won trick with King of Hearts&#xD;
Test&#xD;
Test&#xD;
Test&#xD;
Player Test1 won trick with King of Hearts&#xD;
Test&#xD;
Test&#xD;
Player Test1 won trick with King of Diamonds&#xD;
Test&#xD;
Test&#xD;
Test&#xD;
Player Test1 won trick with Queen of Hearts&#xD;
Test&#xD;
Test&#xD;
Test&#xD;
Player Test1 won trick with Jack of Spades&#xD;
Test&#xD;
Test&#xD;
Player Test4 won trick with Jack of Diamonds&#xD;
Test&#xD;
Test&#xD;
Test&#xD;
Player Test1 won trick with Eight of Diamonds&#xD;
Test&#xD;
Test&#xD;
Player Test1 won trick with Jack of Diamonds&#xD;
Test&#xD;
Test&#xD;
Test&#xD;
Player Test1 won trick with Queen of Diamonds&#xD;
Test&#xD;
Test&#xD;
Test&#xD;
Player Test1 won trick with Six of Clubs&#xD;
Test&#xD;
Test&#xD;
Player Test4 won trick with Three of Spades&#xD;
Test&#xD;
Test&#xD;
Player Test2 won trick with Queen of Spades&#xD;
Test&#xD;
Test&#xD;
Test&#xD;
Player Test1 won trick with Ace of Clubs&#xD;
Test&#xD;
Test&#xD;
Test&#xD;
Player Test1 won trick with Ace of Hearts&#xD;
Test&#xD;
Test&#xD;
Test&#xD;
Test&#xD;
Player Test1 won trick with Ace of Hearts&#xD;
Test&#xD;
Player Test3 won trick with Ace of Spades&#xD;
Test&#xD;
Test&#xD;
Player Test1 won trick with Seven of Spades&#xD;
Test&#xD;
Test&#xD;
Player Test1 won trick with Four of Diamonds&#xD;
Test&#xD;
Test&#xD;
Player Test4 won trick with Ace of Diamonds&#xD;
Test&#xD;
Test&#xD;
Test&#xD;
Player Test1 won trick with Ace of Clubs&#xD;
Test&#xD;
Test&#xD;
Test&#xD;
Player Test1 won trick with King of Hearts&#xD;
Test&#xD;
Test&#xD;
Player Test1 won trick with Eight of Diamonds&#xD;
Test&#xD;
Test&#xD;
Test&#xD;
Player Test1 won trick with Ace of Hearts&#xD;
Test&#xD;
Test&#xD;
Test&#xD;
Player Test1 won trick with Seven of Spades&#xD;
Test&#xD;
Test&#xD;
Test&#xD;
Player Test1 won trick with King of Clubs&#xD;
Test&#xD;
Test&#xD;
Test&#xD;
Player Test1 won trick with Eight of Diamonds&#xD;
Test&#xD;
Test&#xD;
Test&#xD;
Player Test1 won trick with Queen of Diamonds&#xD;
Test&#xD;
Test&#xD;
Test&#xD;
Player Test1 won trick with Six of Diamonds&#xD;
Test&#xD;
Test&#xD;
Player Test1 won trick with Four of Clubs&#xD;
Test&#xD;
Test&#xD;
Test&#xD;
Player Test1 won trick with King of Clubs&#xD;
Test&#xD;
Test&#xD;
Test&#xD;
Player Test3 won trick with Four of Hearts&#xD;
Test&#xD;
Test&#xD;
Test&#xD;
Test&#xD;
Player Test1 won trick with Four of Hearts&#xD;
Test&#xD;
Test&#xD;
Player Test1 won trick with Jack of Diamonds&#xD;
Test&#xD;
Test&#xD;
Test&#xD;
Player Test1 won trick with Nine of Diamonds&#xD;
Test&#xD;
Test&#xD;
Test&#xD;
Test&#xD;
Player Test1 won trick with Ace of Hearts&#xD;
Test&#xD;
Player Test1 won trick with Jack of Spades&#xD;
Test&#xD;
Test&#xD;
Test&#xD;
Player Test1 won trick with Ten of Hearts&#xD;
Test&#xD;
Test&#xD;
Test&#xD;
Player Test1 won trick with Six of Spades&#xD;
Test&#xD;
Test&#xD;
Test&#xD;
Test&#xD;
Player Test1 won trick with Four of Hearts&#xD;
Test&#xD;
Test&#xD;
Test&#xD;
Player Test1 won trick with Queen of Diamonds&#xD;
Test&#xD;
Player Test3 won trick with Ace of Diamonds&#xD;
Test&#xD;
Test&#xD;
Test&#xD;
Test&#xD;
Player Test1 won trick with Six of Clubs&#xD;
Test&#xD;
Test&#xD;
Test&#xD;
Player Test1 won trick with Six of Spades&#xD;
Test&#xD;
Test&#xD;
Player Test1 won trick with Ten of Hearts&#xD;
Test&#xD;
Test&#xD;
Player Test1 won trick with Ten of Diamonds&#xD;
Test&#xD;
Test&#xD;
Test&#xD;
Test&#xD;
Player Test1 won trick with Queen of Hearts&#xD;
Test&#xD;
Test&#xD;
Test&#xD;
Player Test1 won trick with Jack of Clubs&#xD;
Test&#xD;
Test&#xD;
Test&#xD;
Test&#xD;
Player Test1 won trick with Seven of Hearts&#xD;
Test&#xD;
Test&#xD;
Test&#xD;
Player Test1 won trick with Queen of Clubs&#xD;
Test&#xD;
Test&#xD;
Test&#xD;
Player Test1 won trick with Jack of Hearts&#xD;
Test&#xD;
Test&#xD;
Player Test1 won trick with Nine of Clubs&#xD;
Test&#xD;
Test&#xD;
Player Test1 won trick with Five of Clubs&#xD;
Test&#xD;
Player Test3 won trick with Ten of Spades&#xD;
Test&#xD;
Test&#xD;
Test&#xD;
Player Test1 won trick with Five of Spades&#xD;
Test&#xD;
Test&#xD;
Test&#xD;
Player Test4 won trick with Nine of Clubs&#xD;
Test&#xD;
Test&#xD;
Player Test4 won trick with Ace of Spades&#xD;
Test&#xD;
Test&#xD;
Player Test3 won trick with King of Hearts&#xD;
Test&#xD;
Test&#xD;
Test&#xD;
Test&#xD;
Player Test1 won trick with Jack of Hearts&#xD;
Test&#xD;
Test&#xD;
Player Test1 won trick with Jack of Diamonds&#xD;
Test&#xD;
Test&#xD;
Player Test4 won trick with Queen of Diamonds&#xD;
Test&#xD;
Test&#xD;
Player Test4 won trick with Eight of Spades&#xD;
Test&#xD;
Test&#xD;
Player Test2 won trick with Ace of Spades&#xD;
Test&#xD;
Test&#xD;
Player Test1 won trick with Ace of Spades&#xD;
Test&#xD;
Test&#xD;
Player Test1 won trick with King of Diamonds&#xD;
Test&#xD;
Test&#xD;
Player Test4 won trick with Seven of Clubs&#xD;
Test&#xD;
Test&#xD;
Player Test2 won trick with King of Hearts&#xD;
Test&#xD;
Test&#xD;
Player Test1 won trick with Jack of Diamonds&#xD;
Test&#xD;
Test&#xD;
Player Test1 won trick with Eight of Spades&#xD;
Test&#xD;
Test&#xD;
Test&#xD;
Test&#xD;
Player Test1 won trick with Nine of Diamonds&#xD;
Test&#xD;
Test&#xD;
Player Test1 won trick with Ace of Spades&#xD;
Test&#xD;
Test&#xD;
Test&#xD;
Test&#xD;
Player Test1 won trick with Four of Hearts&#xD;
Test&#xD;
Player Test3 won trick with King of Diamonds&#xD;
Test&#xD;
Test&#xD;
Player Test1 won trick with Queen of Spades&#xD;
Test&#xD;
Test&#xD;
Player Test2 won trick with Seven of Spades&#xD;
Test&#xD;
Test&#xD;
Test&#xD;
Player Test1 won trick with Ace of Spades&#xD;
Test&#xD;
Test&#xD;
Test&#xD;
Player Test1 won trick with Four of Clubs&#xD;
Test&#xD;
Test&#xD;
Player Test2 won trick with Eight of Diamonds&#xD;
Test&#xD;
Test&#xD;
Test&#xD;
Player Test1 won trick with Queen of Hearts&#xD;
Test&#xD;
Test&#xD;
Player Test3 won trick with Six of Clubs&#xD;
Test&#xD;
Player Test4 won trick with Nine of Spades&#xD;
Test&#xD;
Test&#xD;
Test&#xD;
Test&#xD;
Player Test1 won trick with Eight of Hearts&#xD;
Test&#xD;
Player Test4 won trick with Ten of Spades&#xD;
Test&#xD;
Test&#xD;
Test&#xD;
Player Test1 won trick with Four of Clubs&#xD;
Test&#xD;
Test&#xD;
Test&#xD;
Player Test1 won trick with Queen of Clubs&#xD;
Test&#xD;
Test&#xD;
Test&#xD;
Player Test1 won trick with Five of Hearts&#xD;
Test&#xD;
Test&#xD;
Test&#xD;
Test&#xD;
Player Test1 won trick with Three of Spades&#xD;
Test&#xD;
Test&#xD;
Test&#xD;
Player Test3 won trick with Eight of Hearts&#xD;
Test&#xD;
Test&#xD;
Test&#xD;
Player Test1 won trick with Ace of Spades&#xD;
Test&#xD;
Test&#xD;
Test&#xD;
Test&#xD;
Player Test1 won trick with Four of Hearts&#xD;
Test&#xD;
Test&#xD;
Test&#xD;
Player Test1 won trick with Queen of Clubs&#xD;
Test&#xD;
Test&#xD;
Player Test3 won trick with Ace of Spades&#xD;
Test&#xD;
Test&#xD;
Test&#xD;
Player Test1 won trick with Jack of Hearts&#xD;
Test&#xD;
Test&#xD;
Test&#xD;
Player Test1 won trick with Ace of Clubs&#xD;
Test&#xD;
Test&#xD;
Player Test1 won trick with Ace of Clubs&#xD;
Test&#xD;
Test&#xD;
Test&#xD;
Player Test1 won trick with Nine of Diamonds&#xD;
Test&#xD;
Test&#xD;
Test&#xD;
Player Test1 won trick with Six of Clubs&#xD;
Test&#xD;
Test&#xD;
Player Test1 won trick with Nine of Clubs&#xD;
Test&#xD;
Test&#xD;
Test&#xD;
Test&#xD;
Player Test1 won trick with Nine of Clubs&#xD;
Test&#xD;
Test&#xD;
Test&#xD;
Player Test1 won trick with Nine of Diamonds&#xD;
Test&#xD;
Test&#xD;
Test&#xD;
Player Test1 won trick with King of Diamonds&#xD;
Player Test2 won trick with Queen of Spades&#xD;
Test&#xD;
Test&#xD;
Test&#xD;
Player Test1 won trick with Ace of Spades&#xD;
Test&#xD;
Test&#xD;
Test&#xD;
Player Test1 won trick with Eight of Diamonds&#xD;
Test&#xD;
Test&#xD;
Player Test1 won trick with Seven of Diamonds&#xD;
Test&#xD;
Test&#xD;
Player Test4 won trick with King of Diamonds&#xD;
Test&#xD;
Test&#xD;
Test&#xD;
Player Test1 won trick with Eight of Hearts&#xD;
Test&#xD;
Test&#xD;
Test&#xD;
Player Test1 won trick with Eight of Diamonds&#xD;
Test&#xD;
Test&#xD;
Test&#xD;
Player Test3 won trick with Six of Hearts&#xD;
Test&#xD;
Test&#xD;
Test&#xD;
Player Test1 won trick with Ten of Spades&#xD;
Test&#xD;
Test&#xD;
Player Test3 won trick with Jack of Spades&#xD;
Test&#xD;
Test&#xD;
Test&#xD;
Player Test4 won trick with Ten of Hearts&#xD;
Test&#xD;
Test&#xD;
Player Test1 won trick with Jack of Diamonds&#xD;
Test&#xD;
Test&#xD;
Player Test1 won trick with Ace of Diamonds&#xD;
Test&#xD;
Player Test1 won trick with King of Hearts&#xD;
Test&#xD;
Test&#xD;
Test&#xD;
Player Test1 won trick with Four of Clubs&#xD;
Test&#xD;
Test&#xD;
Player Test4 won trick with Eight of Diamonds&#xD;
Test&#xD;
Test&#xD;
Test&#xD;
Player Test1 won trick with Ace of Clubs&#xD;
Test&#xD;
Test&#xD;
Test&#xD;
Test&#xD;
Player Test1 won trick with Four of Hearts&#xD;
Test&#xD;
Test&#xD;
Test&#xD;
Player Test1 won trick with Queen of Diamonds&#xD;
Test&#xD;
Test&#xD;
Test&#xD;
Test&#xD;
Player Test1 won trick with King of Hearts&#xD;
Test&#xD;
Test&#xD;
Player Test3 won trick with Seven of Diamonds&#xD;
Test&#xD;
Test&#xD;
Test&#xD;
Player Test2 won trick with Eight of Diamonds&#xD;
Test&#xD;
Test&#xD;
Player Test2 won trick with Four of Spades&#xD;
Test&#xD;
Test&#xD;
Player Test2 won trick with Six of Diamonds&#xD;
Test&#xD;
Test&#xD;
Player Test4 won trick with Jack of Spades&#xD;
Test&#xD;
Test&#xD;
Test&#xD;
Player Test1 won trick with Eight of Clubs&#xD;
Test&#xD;
Test&#xD;
Test&#xD;
Player Test2 won trick with Queen of Hearts&#xD;
Test&#xD;
Player Test3 won trick with Five of Diamonds&#xD;
Test&#xD;
Test&#xD;
Test&#xD;
Player Test1 won trick with King of Hearts&#xD;
Test&#xD;
Test&#xD;
Test&#xD;
Player Test1 won trick with Four of Spades&#xD;
Test&#xD;
Player Test2 won trick with Ace of Spades&#xD;
Test&#xD;
Test&#xD;
Test&#xD;
Player Test1 won trick with Ace of Spades&#xD;
Test&#xD;
Test&#xD;
Test&#xD;
Player Test1 won trick with Jack of Spades&#xD;
Test&#xD;
Test&#xD;
Test&#xD;
Player Test1 won trick with Seven of Diamonds&#xD;
Test&#xD;
Test&#xD;
Test&#xD;
Player Test3 won trick with Queen of Hearts&#xD;
Test&#xD;
Test&#xD;
Test&#xD;
Test&#xD;
Player Test1 won trick with Six of Hearts&#xD;
Test&#xD;
Player Test3 won trick with Jack of Spades&#xD;
Test&#xD;
Test&#xD;
Test&#xD;
Test&#xD;
Player Test1 won trick with Eight of Hearts&#xD;
Test&#xD;
Test&#xD;
Test&#xD;
Player Test1 won trick with Seven of Clubs&#xD;
Test&#xD;
Test&#xD;
Player Test3 won trick with Queen of Clubs&#xD;
Test&#xD;
Test&#xD;
Test&#xD;
Test&#xD;
Player Test1 won trick with Two of Spades&#xD;
Test&#xD;
Test&#xD;
Test&#xD;
Player Test1 won trick with Ten of Hearts&#xD;
Test&#xD;
Test&#xD;
Test&#xD;
Player Test1 won trick with Ten of Spades&#xD;
Test&#xD;
Test&#xD;
Test&#xD;
Player Test1 won trick with Four of Diamonds&#xD;
Test&#xD;
Test&#xD;
Player Test1 won trick with King of Clubs&#xD;
Test&#xD;
Test&#xD;
Test&#xD;
Test&#xD;
Player Test1 won trick with King of Hearts&#xD;
Test&#xD;
Test&#xD;
Player Test1 won trick with Nine of Spades&#xD;
Test&#xD;
Test&#xD;
Test&#xD;
Player Test1 won trick with Three of Diamonds&#xD;
Test&#xD;
Test&#xD;
Player Test4 won trick with Eight of Diamonds&#xD;
Test&#xD;
Test&#xD;
Test&#xD;
Test&#xD;
Player Test1 won trick with King of Hearts&#xD;
Test&#xD;
Test&#xD;
Test&#xD;
Test&#xD;
Player Test1 won trick with Eight of Hearts&#xD;
Test&#xD;
Player Test1 won trick with King of Diamonds&#xD;
Test&#xD;
Test&#xD;
Player Test1 won trick with Queen of Diamonds&#xD;
Test&#xD;
Test&#xD;
Test&#xD;
Player Test1 won trick with Six of Diamonds&#xD;
Test&#xD;
Test&#xD;
Test&#xD;
Player Test1 won trick with Five of Spades&#xD;
Test&#xD;
Test&#xD;
Test&#xD;
Player Test1 won trick with Ten of Hearts&#xD;
Test&#xD;
Player Test2 won trick with Queen of Clubs&#xD;
Test&#xD;
Test&#xD;
Test&#xD;
Player Test3 won trick with Jack of Diamonds&#xD;
Test&#xD;
Test&#xD;
Test&#xD;
Test&#xD;
Player Test1 won trick with Ten of Hearts&#xD;
Test&#xD;
Test&#xD;
Test&#xD;
Player Test1 won trick with Two of Diamonds&#xD;
Test&#xD;
Test&#xD;
Player Test3 won trick with Four of Spades&#xD;
Test&#xD;
Test&#xD;
Test&#xD;
Player Test1 won trick with King of Diamonds&#xD;
Test&#xD;
Test&#xD;
Player Test1 won trick with Ten of Spades&#xD;
Test&#xD;
Test&#xD;
Test&#xD;
Player Test1 won trick with Six of Spades&#xD;
Test&#xD;
Test&#xD;
Test&#xD;
Test&#xD;
Player Test1 won trick with Nine of Hearts&#xD;
Test&#xD;
Test&#xD;
Test&#xD;
Test&#xD;
Player Test1 won trick with Six of Hearts&#xD;
Test&#xD;
Test&#xD;
Test&#xD;
Player Test1 won trick with King of Diamonds&#xD;
Test&#xD;
Test&#xD;
Test&#xD;
Test&#xD;
Player Test1 won trick with Jack of Hearts&#xD;
Test&#xD;
Player Test4 won trick with King of Diamonds&#xD;
Test&#xD;
Player Test2 won trick with Queen of Diamonds&#xD;
Test&#xD;
Test&#xD;
Test&#xD;
Test&#xD;
Player Test1 won trick with Five of Hearts&#xD;
Test&#xD;
Test&#xD;
Test&#xD;
Test&#xD;
Player Test1 won trick with Three of Hearts&#xD;
Test&#xD;
Test&#xD;
Player Test4 won trick with Ace of Spades&#xD;
Test&#xD;
Test&#xD;
Test&#xD;
Test&#xD;
Player Test1 won trick with Two of Hearts&#xD;
Test&#xD;
Test&#xD;
Player Test1 won trick with Ace of Spades&#xD;
Test&#xD;
Test&#xD;
Test&#xD;
Player Test1 won trick with Seven of Spades&#xD;
Test&#xD;
Test&#xD;
Test&#xD;
Player Test1 won trick with Ten of Spades&#xD;
Test&#xD;
Test&#xD;
Test&#xD;
Player Test1 won trick with Eight of Clubs&#xD;
Test&#xD;
Test&#xD;
Test&#xD;
Test&#xD;
Player Test1 won trick with Ace of Spades&#xD;
Test&#xD;
Test&#xD;
Player Test4 won trick with Queen of Spades&#xD;
Test&#xD;
Test&#xD;
Test&#xD;
Player Test1 won trick with Eight of Clubs&#xD;
Test&#xD;
Player Test4 won trick with Eight of Diamonds&#xD;
Test&#xD;
Test&#xD;
Player Test1 won trick with Jack of Spades&#xD;
Test&#xD;
Test&#xD;
Test&#xD;
Player Test1 won trick with Ten of Clubs&#xD;
Test&#xD;
Test&#xD;
Player Test2 won trick with Jack of Diamonds&#xD;
Test&#xD;
Test&#xD;
Player Test1 won trick with Seven of Diamonds&#xD;
Test&#xD;
Test&#xD;
Test&#xD;
Player Test1 won trick with Two of Clubs&#xD;
Test&#xD;
Test&#xD;
Test&#xD;
Player Test1 won trick with Ace of Diamonds&#xD;
Test&#xD;
Player Test3 won trick with King of Spades&#xD;
Test&#xD;
Test&#xD;
Test&#xD;
Player Test1 won trick with Ace of Clubs&#xD;
Test&#xD;
Test&#xD;
Test&#xD;
Player Test1 won trick with Jack of Clubs&#xD;
Test&#xD;
Test&#xD;
Test&#xD;
Player Test1 won trick with Six of Clubs&#xD;
Test&#xD;
Test&#xD;
Test&#xD;
Player Test1 won trick with Ace of Hearts&#xD;
Test&#xD;
Test&#xD;
Test&#xD;
Test&#xD;
Player Test1 won trick with Jack of Hearts&#xD;
Test&#xD;
Test&#xD;
Player Test1 won trick with Ten of Diamonds&#xD;
Test&#xD;
Test&#xD;
Test&#xD;
Player Test1 won trick with Nine of Hearts&#xD;
Test&#xD;
Player Test2 won trick with Ten of Diamonds&#xD;
Test&#xD;
Test&#xD;
Test&#xD;
Player Test1 won trick with Ten of Clubs&#xD;
Test&#xD;
Test&#xD;
Test&#xD;
Test&#xD;
Player Test1 won trick with Seven of Hearts&#xD;
Test&#xD;
Test&#xD;
Test&#xD;
Player Test1 won trick with Six of Spades&#xD;
Test&#xD;
Test&#xD;
Test&#xD;
Player Test1 won trick with Four of Spades&#xD;
Test&#xD;
Test&#xD;
Test&#xD;
Test&#xD;
Player Test1 won trick with Four of Hearts&#xD;
Test&#xD;
Test&#xD;
Player Test1 won trick with Six of Spades&#xD;
Test&#xD;
Test&#xD;
Player Test1 won trick with Nine of Clubs&#xD;
Test&#xD;
Player Test2 won trick with Ace of Spades&#xD;
Test&#xD;
Player Test1 won trick with Queen of Clubs&#xD;
Test&#xD;
Player Test4 won trick with Ten of Spades&#xD;
Test&#xD;
Test&#xD;
Player Test1 won trick with King of Spades&#xD;
Test&#xD;
Test&#xD;
Test&#xD;
Test&#xD;
Player Test1 won trick with Jack of Hearts&#xD;
Test&#xD;
Test&#xD;
Test&#xD;
Player Test1 won trick with Two of Clubs&#xD;
Test&#xD;
Test&#xD;
Player Test1 won trick with Queen of Clubs&#xD;
Test&#xD;
Test&#xD;
Player Test4 won trick with Queen of Hearts&#xD;
Test&#xD;
Test&#xD;
Test&#xD;
Player Test1 won trick with Seven of Spades&#xD;
Test&#xD;
Test&#xD;
Player Test2 won trick with King of Diamonds&#xD;
Test&#xD;
Test&#xD;
Test&#xD;
Player Test1 won trick with Nine of Diamonds&#xD;
Test&#xD;
Player Test1 won trick with Ten of Spades&#xD;
Test&#xD;
Test&#xD;
Test&#xD;
Player Test1 won trick with Ace of Hearts&#xD;
Test&#xD;
Test&#xD;
Test&#xD;
Test&#xD;
Player Test1 won trick with Four of Diamonds&#xD;
Test&#xD;
Test&#xD;
Player Test4 won trick with Seven of Clubs&#xD;
Test&#xD;
Player Test3 won trick with Queen of Diamonds&#xD;
Test&#xD;
Test&#xD;
Player Test2 won trick with Six of Spades&#xD;
Test&#xD;
Test&#xD;
Player Test1 won trick with Six of Diamonds&#xD;
Test&#xD;
Test&#xD;
Test&#xD;
Player Test1 won trick with Nine of Clubs&#xD;
Test&#xD;
Test&#xD;
Player Test1 won trick with Seven of Spades&#xD;
Test&#xD;
Player Test3 won trick with Ace of Hearts&#xD;
Test&#xD;
Test&#xD;
Player Test1 won trick with Seven of Spades&#xD;
Test&#xD;
Player Test1 won trick with Eight of Spades&#xD;
Test&#xD;
Test&#xD;
Test&#xD;
Player Test1 won trick with Eight of Clubs&#xD;
Test&#xD;
Test&#xD;
Test&#xD;
Player Test1 won trick with King of Clubs&#xD;
Test&#xD;
Test&#xD;
Player Test2 won trick with Six of Spades&#xD;
Test&#xD;
Test&#xD;
Test&#xD;
Test&#xD;
Player Test1 won trick with Six of Hearts&#xD;
Test&#xD;
Test&#xD;
Test&#xD;
Player Test1 won trick with Two of Clubs&#xD;
Test&#xD;
Test&#xD;
Player Test3 won trick with Nine of Clubs&#xD;
Test&#xD;
Test&#xD;
Player Test2 won trick with Ace of Spades&#xD;
Test&#xD;
Test&#xD;
Test&#xD;
Player Test2 won trick with Eight of Hearts&#xD;
Test&#xD;
Test&#xD;
Player Test3 won trick with King of Clubs&#xD;
Test&#xD;
Test&#xD;
Player Test3 won trick with Six of Clubs&#xD;
Test&#xD;
Player Test1 won trick with Queen of Diamonds&#xD;
Test&#xD;
Player Test2 won trick with Ace of Spades&#xD;
Test&#xD;
Test&#xD;
Test&#xD;
Player Test1 won trick with Seven of Spades&#xD;
Test&#xD;
Test&#xD;
Player Test2 won trick with Five of Diamonds&#xD;
Test&#xD;
Test&#xD;
Test&#xD;
Player Test1 won trick with Four of Clubs&#xD;
Test&#xD;
Test&#xD;
Player Test1 won trick with Seven of Spades&#xD;
Test&#xD;
Test&#xD;
Player Test1 won trick with King of Diamonds&#xD;
Test&#xD;
Test&#xD;
Test&#xD;
Player Test1 won trick with Nine of Diamonds&#xD;
Test&#xD;
Test&#xD;
Test&#xD;
Player Test4 won trick with Seven of Diamonds&#xD;
Test&#xD;
Test&#xD;
Player Test1 won trick with Ace of Hearts&#xD;
Test&#xD;
Test&#xD;
Test&#xD;
Player Test1 won trick with Six of Clubs&#xD;
Test&#xD;
Test&#xD;
Test&#xD;
Player Test1 won trick with Five of Spades&#xD;
Test&#xD;
Test&#xD;
Test&#xD;
Player Test1 won trick with Two of Diamonds&#xD;
Test&#xD;
Player Test3 won trick with Queen of Spades&#xD;
Test&#xD;
Test&#xD;
Test&#xD;
Test&#xD;
Player Test1 won trick with Five of Hearts&#xD;
Test&#xD;
Test&#xD;
Player Test1 won trick with Queen of Diamonds&#xD;
Test&#xD;
Test&#xD;
Player Test1 won trick with Ten of Clubs&#xD;
Test&#xD;
Test&#xD;
Test&#xD;
Player Test1 won trick with Nine of Clubs&#xD;
Test&#xD;
Test&#xD;
Test&#xD;
Test&#xD;
Player Test1 won trick with Nine of Hearts&#xD;
Test&#xD;
Test&#xD;
Player Test1 won trick with King of Clubs&#xD;
Test&#xD;
Test&#xD;
Player Test1 won trick with Three of Diamonds&#xD;
Test&#xD;
Test&#xD;
Test&#xD;
Player Test1 won trick with Jack of Hearts&#xD;
Test&#xD;
Test&#xD;
Test&#xD;
Player Test1 won trick with Six of Spades&#xD;
Test&#xD;
Test&#xD;
Test&#xD;
Test&#xD;
Player Test1 won trick with Ten of Hearts&#xD;
Test&#xD;
Test&#xD;
Player Test1 won trick with King of Clubs&#xD;
Test&#xD;
Test&#xD;
Test&#xD;
Player Test1 won trick with Ten of Clubs&#xD;
Player Test1 won trick with King of Clubs&#xD;
Test&#xD;
Player Test4 won trick with Ace of Diamonds&#xD;
Test&#xD;
Player Test1 won trick with Nine of Clubs&#xD;
Test&#xD;
Test&#xD;
Test&#xD;
Player Test1 won trick with Seven of Spades&#xD;
Test&#xD;
Test&#xD;
Player Test2 won trick with Five of Spades&#xD;
Test&#xD;
Test&#xD;
Test&#xD;
Test&#xD;
Player Test1 won trick with Six of Hearts&#xD;
Test&#xD;
Test&#xD;
Player Test1 won trick with Four of Spades&#xD;
Test&#xD;
Test&#xD;
Test&#xD;
Player Test1 won trick with Ten of Clubs&#xD;
Test&#xD;
Test&#xD;
Test&#xD;
Player Test1 won trick with Nine of Diamonds&#xD;
Test&#xD;
Test&#xD;
Test&#xD;
Test&#xD;
Player Test1 won trick with Seven of Hearts&#xD;
Test&#xD;
Test&#xD;
Player Test3 won trick with Jack of Diamonds&#xD;
Test&#xD;
Test&#xD;
Player Test1 won trick with Five of Diamonds&#xD;
Test&#xD;
Player Test1 won trick with Ace of Hearts&#xD;
Test&#xD;
Test&#xD;
Test&#xD;
Player Test1 won trick with Jack of Diamonds&#xD;
Test&#xD;
Test&#xD;
Test&#xD;
Player Test1 won trick with Ace of Clubs&#xD;
Test&#xD;
Test&#xD;
Test&#xD;
Test&#xD;
Player Test1 won trick with Two of Hearts&#xD;
Test&#xD;
Test&#xD;
Test&#xD;
Test&#xD;
Player Test1 won trick with Three of Hearts&#xD;
Test&#xD;
Test&#xD;
Test&#xD;
Player Test1 won trick with Nine of Spades&#xD;
Test&#xD;
Player Test2 won trick with Ace of Clubs&#xD;
Test&#xD;
Player Test2 won trick with Ace of Clubs&#xD;
Test&#xD;
Test&#xD;
Test&#xD;
Player Test3 won trick with Ace of Hearts&#xD;
Test&#xD;
Test&#xD;
Test&#xD;
Player Test3 won trick with Jack of Hearts&#xD;
Test&#xD;
Test&#xD;
Player Test3 won trick with Nine of Diamonds&#xD;
Test&#xD;
Test&#xD;
Test&#xD;
Player Test1 won trick with Three of Diamonds&#xD;
Test&#xD;
Test&#xD;
Player Test1 won trick with Eight of Diamonds&#xD;
Test&#xD;
Player Test3 won trick with Ace of Spades&#xD;
Test&#xD;
Test&#xD;
Player Test2 won trick with Nine of Clubs&#xD;
Test&#xD;
Test&#xD;
Player Test1 won trick with Eight of Spades&#xD;
Test&#xD;
Test&#xD;
Test&#xD;
Test&#xD;
Player Test1 won trick with Seven of Hearts&#xD;
Test&#xD;
Test&#xD;
Player Test3 won trick with Ace of Diamonds&#xD;
Test&#xD;
Test&#xD;
Test&#xD;
Player Test1 won trick with Seven of Diamonds&#xD;
Test&#xD;
Player Test1 won trick with Ten of Diamonds&#xD;
Test&#xD;
Test&#xD;
Test&#xD;
Player Test1 won trick with Eight of Clubs&#xD;
Test&#xD;
Test&#xD;
Test&#xD;
Test&#xD;
Player Test1 won trick with Ten of Spades&#xD;
Test&#xD;
Test&#xD;
Test&#xD;
Player Test1 won trick with Ten of Hearts&#xD;
Test&#xD;
Test&#xD;
Test&#xD;
Player Test1 won trick with King of Spades&#xD;
Test&#xD;
Test&#xD;
Test&#xD;
Player Test3 won trick with King of Hearts&#xD;
Test&#xD;
Test&#xD;
Test&#xD;
Player Test1 won trick with Ten of Diamonds&#xD;
Test&#xD;
Test&#xD;
Player Test2 won trick with Ace of Hearts&#xD;
Test&#xD;
Test&#xD;
Test&#xD;
Player Test1 won trick with Jack of Spades&#xD;
Test&#xD;
Test&#xD;
Test&#xD;
Player Test1 won trick with Ace of Hearts&#xD;
Test&#xD;
Test&#xD;
Player Test4 won trick with King of Hearts&#xD;
Test&#xD;
Test&#xD;
Player Test1 won trick with Eight of Spades&#xD;
Test&#xD;
Test&#xD;
Test&#xD;
Player Test1 won trick with Jack of Diamonds&#xD;
Test&#xD;
Test&#xD;
Player Test2 won trick with Queen of Hearts&#xD;
Test&#xD;
Test&#xD;
Player Test4 won trick with Nine of Diamonds&#xD;
Test&#xD;
Test&#xD;
Test&#xD;
Test&#xD;
Player Test1 won trick with Five of Hearts&#xD;
Test&#xD;
Test&#xD;
Test&#xD;
Test&#xD;
Player Test1 won trick with Seven of Hearts&#xD;
Test&#xD;
Test&#xD;
Test&#xD;
Player Test1 won trick with Six of Clubs&#xD;
Test&#xD;
Test&#xD;
Test&#xD;
Test&#xD;
Player Test1 won trick with Nine of Spades&#xD;
Test&#xD;
Test&#xD;
Player Test3 won trick with Eight of Spades&#xD;
Test&#xD;
Test&#xD;
Test&#xD;
Player Test3 won trick with Nine of Hearts&#xD;
Test&#xD;
Test&#xD;
Player Test1 won trick with Ten of Clubs&#xD;
Test&#xD;
Test&#xD;
Player Test1 won trick with Jack of Clubs&#xD;
Test&#xD;
Test&#xD;
Test&#xD;
Player Test1 won trick with Jack of Diamonds&#xD;
Player Test2 won trick with Jack of Spades&#xD;
Test&#xD;
Test&#xD;
Test&#xD;
Player Test1 won trick with Queen of Hearts&#xD;
Test&#xD;
Test&#xD;
Test&#xD;
Player Test1 won trick with King of Spades&#xD;
Test&#xD;
Test&#xD;
Test&#xD;
Player Test1 won trick with Jack of Hearts&#xD;
Test&#xD;
Test&#xD;
Player Test2 won trick with Six of Clubs&#xD;
Test&#xD;
Test&#xD;
Player Test2 won trick with Ace of Spades&#xD;
Test&#xD;
Test&#xD;
Player Test1 won trick with Queen of Clubs&#xD;
Test&#xD;
Test&#xD;
Player Test1 won trick with King of Spades&#xD;
Test&#xD;
Test&#xD;
Player Test1 won trick with King of Hearts&#xD;
Test&#xD;
Test&#xD;
Test&#xD;
Player Test1 won trick with Four of Clubs&#xD;
Test&#xD;
Test&#xD;
Test&#xD;
Test&#xD;
Player Test1 won trick with Seven of Hearts&#xD;
Test&#xD;
Test&#xD;
Test&#xD;
Test&#xD;
Player Test1 won trick with Three of Clubs&#xD;
Test&#xD;
Test&#xD;
Player Test2 won trick with Ace of Hearts&#xD;
Test&#xD;
Test&#xD;
Player Test2 won trick with King of Diamonds&#xD;
Test&#xD;
Test&#xD;
Test&#xD;
Test&#xD;
Player Test1 won trick with Eight of Diamonds&#xD;
Test&#xD;
Test&#xD;
Test&#xD;
Test&#xD;
Player Test1 won trick with Ten of Hearts&#xD;
Test&#xD;
Test&#xD;
Player Test1 won trick with Eight of Diamonds&#xD;
Test&#xD;
Test&#xD;
Test&#xD;
Player Test1 won trick with Queen of Diamonds&#xD;
Test&#xD;
Test&#xD;
Test&#xD;
Player Test1 won trick with King of Hearts&#xD;
Test&#xD;
Player Test1 won trick with Ace of Clubs&#xD;
Test&#xD;
Test&#xD;
Player Test2 won trick with Ten of Clubs&#xD;
Test&#xD;
Test&#xD;
Test&#xD;
Test&#xD;
Player Test1 won trick with Seven of Hearts&#xD;
Test&#xD;
Test&#xD;
Test&#xD;
Player Test1 won trick with Seven of Diamonds&#xD;
Test&#xD;
Test&#xD;
Test&#xD;
Player Test4 won trick with Eight of Hearts&#xD;
Test&#xD;
Test&#xD;
Test&#xD;
Player Test1 won trick with Seven of Spades&#xD;
Test&#xD;
Test&#xD;
Test&#xD;
Player Test1 won trick with Seven of Hearts&#xD;
Test&#xD;
Test&#xD;
Test&#xD;
Test&#xD;
Player Test1 won trick with Seven of Hearts&#xD;
Test&#xD;
Test&#xD;
Player Test4 won trick with Ace of Clubs&#xD;
Test&#xD;
Test&#xD;
Player Test4 won trick with Ace of Spades&#xD;
Test&#xD;
Test&#xD;
Test&#xD;
Player Test4 won trick with Ace of Clubs&#xD;
Test&#xD;
Test&#xD;
Test&#xD;
Player Test1 won trick with Queen of Clubs&#xD;
Test&#xD;
Player Test3 won trick with Eight of Clubs&#xD;
Test&#xD;
Test&#xD;
Player Test2 won trick with King of Diamonds&#xD;
Test&#xD;
Test&#xD;
Test&#xD;
Player Test1 won trick with Four of Spades&#xD;
Test&#xD;
Test&#xD;
Test&#xD;
Test&#xD;
Player Test1 won trick with Ten of Hearts&#xD;
Test&#xD;
Test&#xD;
Player Test3 won trick with Ten of Spades&#xD;
Test&#xD;
Test&#xD;
Test&#xD;
Player Test1 won trick with King of Spades&#xD;
Test&#xD;
Test&#xD;
Test&#xD;
Test&#xD;
Player Test1 won trick with Seven of Hearts&#xD;
Test&#xD;
Test&#xD;
Test&#xD;
Player Test1 won trick with Five of Diamonds&#xD;
Test&#xD;
Player Test2 won trick with Queen of Spades&#xD;
Test&#xD;
Test&#xD;
Test&#xD;
Player Test1 won trick with Eight of Clubs&#xD;
Test&#xD;
Test&#xD;
Player Test1 won trick with Seven of Diamonds&#xD;
Test&#xD;
Test&#xD;
Player Test1 won trick with Ten of Clubs&#xD;
Test&#xD;
Test&#xD;
Test&#xD;
Player Test1 won trick with King of Clubs&#xD;
Test&#xD;
Test&#xD;
Player Test4 won trick with Seven of Spades&#xD;
Test&#xD;
Test&#xD;
Player Test3 won trick with King of Hearts&#xD;
Test&#xD;
Test&#xD;
Test&#xD;
Player Test1 won trick with Seven of Hearts&#xD;
Test&#xD;
Test&#xD;
Player Test1 won trick with Jack of Spades&#xD;
Test&#xD;
Test&#xD;
Test&#xD;
Test&#xD;
Player Test1 won trick with Eight of Clubs&#xD;
Test&#xD;
Test&#xD;
Player Test1 won trick with Nine of Clubs&#xD;
Test&#xD;
Player Test2 won trick with Jack of Clubs&#xD;
Test&#xD;
Test&#xD;
Test&#xD;
Player Test1 won trick with King of Diamonds&#xD;
Test&#xD;
Player Test2 won trick with Queen of Diamonds&#xD;
Test&#xD;
Test&#xD;
Test&#xD;
Player Test1 won trick with Six of Clubs&#xD;
Test&#xD;
Test&#xD;
Player Test1 won trick with Eight of Clubs&#xD;
Test&#xD;
Test&#xD;
Player Test4 won trick with Ace of Spades&#xD;
Test&#xD;
Player Test1 won trick with King of Clubs&#xD;
Test&#xD;
Test&#xD;
Test&#xD;
Player Test1 won trick with Five of Diamonds&#xD;
Test&#xD;
Test&#xD;
Test&#xD;
Player Test1 won trick with Ace of Diamonds&#xD;
Test&#xD;
Player Test3 won trick with Queen of Diamonds&#xD;
Test&#xD;
Player Test1 won trick with Jack of Diamonds&#xD;
Test&#xD;
Test&#xD;
Test&#xD;
Player Test1 won trick with Nine of Spades&#xD;
Test&#xD;
Test&#xD;
Player Test1 won trick with Ace of Hearts&#xD;
Test&#xD;
Test&#xD;
Player Test1 won trick with Ten of Diamonds&#xD;
Test&#xD;
Test&#xD;
Test&#xD;
Player Test1 won trick with Jack of Clubs&#xD;
Test&#xD;
Test&#xD;
Test&#xD;
Test&#xD;
Player Test1 won trick with Four of Hearts&#xD;
Test&#xD;
Test&#xD;
Test&#xD;
Player Test4 won trick with Jack of Hearts&#xD;
Test&#xD;
Test&#xD;
Player Test2 won trick with Ace of Hearts&#xD;
Test&#xD;
Test&#xD;
Test&#xD;
Test&#xD;
Player Test1 won trick with Seven of Hearts&#xD;
Test&#xD;
Test&#xD;
Test&#xD;
Test&#xD;
Player Test1 won trick with Six of Hearts&#xD;
Test&#xD;
Test&#xD;
Test&#xD;
Player Test1 won trick with Queen of Diamonds&#xD;
Test&#xD;
Test&#xD;
Player Test3 won trick with Seven of Clubs&#xD;
Test&#xD;
Test&#xD;
Player Test2 won trick with Nine of Diamonds&#xD;
Test&#xD;
Test&#xD;
Player Test1 won trick with Jack of Spades&#xD;
Test&#xD;
Test&#xD;
Player Test4 won trick with Ten of Diamonds&#xD;
Test&#xD;
Test&#xD;
Test&#xD;
Player Test1 won trick with Nine of Clubs&#xD;
Test&#xD;
Test&#xD;
Test&#xD;
Player Test1 won trick with Five of Spades&#xD;
Test&#xD;
Test&#xD;
Test&#xD;
Player Test1 won trick with Queen of Diamonds&#xD;
Test&#xD;
Test&#xD;
Test&#xD;
Test&#xD;
Player Test1 won trick with Five of Hearts&#xD;
Test&#xD;
Test&#xD;
Player Test3 won trick with Ace of Spades&#xD;
Test&#xD;
Test&#xD;
Player Test1 won trick with Ace of Hearts&#xD;
Test&#xD;
Test&#xD;
Player Test1 won trick with Jack of Diamonds&#xD;
Test&#xD;
Player Test2 won trick with King of Diamonds&#xD;
Test&#xD;
Test&#xD;
Test&#xD;
Player Test1 won trick with Seven of Clubs&#xD;
Test&#xD;
Test&#xD;
Test&#xD;
Player Test1 won trick with Jack of Hearts&#xD;
Test&#xD;
Test&#xD;
Test&#xD;
Test&#xD;
Player Test1 won trick with Four of Spades&#xD;
Test&#xD;
Test&#xD;
Player Test4 won trick with Three of Diamonds&#xD;
Test&#xD;
Test&#xD;
Player Test1 won trick with Ace of Clubs&#xD;
Test&#xD;
Test&#xD;
Player Test1 won trick with Queen of Diamonds&#xD;
Test&#xD;
Player Test1 won trick with Eight of Clubs&#xD;
Test&#xD;
Test&#xD;
Test&#xD;
Test&#xD;
Player Test1 won trick with Ten of Hearts&#xD;
Test&#xD;
Test&#xD;
Test&#xD;
Player Test2 won trick with Ace of Hearts&#xD;
Test&#xD;
Test&#xD;
Test&#xD;
Player Test1 won trick with Two of Spades&#xD;
Test&#xD;
Test&#xD;
Test&#xD;
Player Test1 won trick with Ten of Clubs&#xD;
Test&#xD;
Test&#xD;
Player Test1 won trick with Queen of Clubs&#xD;
Test&#xD;
Test&#xD;
Test&#xD;
Player Test1 won trick with King of Clubs&#xD;
Test&#xD;
Test&#xD;
Player Test1 won trick with Six of Clubs&#xD;
Test&#xD;
Test&#xD;
Test&#xD;
Player Test1 won trick with Five of Diamonds&#xD;
Test&#xD;
Test&#xD;
Test&#xD;
Player Test1 won trick with Six of Hearts&#xD;
Test&#xD;
Test&#xD;
Player Test1 won trick with Eight of Diamonds&#xD;
Test&#xD;
Test&#xD;
Test&#xD;
Player Test2 won trick with Jack of Diamonds&#xD;
Test&#xD;
Test&#xD;
Player Test4 won trick with Ten of Spades&#xD;
Test&#xD;
Test&#xD;
Test&#xD;
Player Test4 won trick with Ace of Spades&#xD;
Test&#xD;
Test&#xD;
Player Test3 won trick with Six of Spades&#xD;
Test&#xD;
Player Test4 won trick with King of Spades&#xD;
Test&#xD;
Test&#xD;
Player Test4 won trick with King of Diamonds&#xD;
Test&#xD;
Test&#xD;
Test&#xD;
Player Test1 won trick with Six of Diamonds&#xD;
Test&#xD;
Test&#xD;
Player Test1 won trick with Three of Diamonds&#xD;
Test&#xD;
Test&#xD;
Player Test1 won trick with Three of Diamonds&#xD;
Test&#xD;
Test&#xD;
Test&#xD;
Player Test1 won trick with Ten of Clubs&#xD;
Test&#xD;
Test&#xD;
Test&#xD;
Player Test1 won trick with Ace of Spades&#xD;
Test&#xD;
Test&#xD;
Player Test1 won trick with Jack of Clubs&#xD;
Test&#xD;
Player Test4 won trick with Ace of Clubs&#xD;
Test&#xD;
Test&#xD;
Test&#xD;
Player Test1 won trick with Queen of Spades&#xD;
Test&#xD;
Test&#xD;
Player Test1 won trick with Eight of Spades&#xD;
Test&#xD;
Test&#xD;
Test&#xD;
Player Test1 won trick with Seven of Diamonds&#xD;
Test&#xD;
Test&#xD;
Test&#xD;
Player Test1 won trick with Three of Diamonds&#xD;
Test&#xD;
Test&#xD;
Test&#xD;
Player Test1 won trick with Two of Clubs&#xD;
Test&#xD;
Test&#xD;
Player Test1 won trick with Ten of Clubs&#xD;
Test&#xD;
Test&#xD;
Player Test1 won trick with Nine of Diamonds&#xD;
Test&#xD;
Test&#xD;
Player Test1 won trick with Eight of Spades&#xD;
Test&#xD;
Test&#xD;
Test&#xD;
Player Test1 won trick with Eight of Diamonds&#xD;
Test&#xD;
Test&#xD;
Test&#xD;
Test&#xD;
Player Test1 won trick with Jack of Hearts&#xD;
Test&#xD;
Test&#xD;
Test&#xD;
Test&#xD;
Player Test1 won trick with Five of Hearts&#xD;
Test&#xD;
Test&#xD;
Player Test1 won trick with Queen of Spades&#xD;
Test&#xD;
Test&#xD;
Player Test3 won trick with Seven of Spades&#xD;
Test&#xD;
Test&#xD;
Player Test1 won trick with Three of Diamonds&#xD;
Test&#xD;
Test&#xD;
Test&#xD;
Test&#xD;
Player Test1 won trick with Five of Hearts&#xD;
Player Test4 won trick with King of Diamonds&#xD;
Test&#xD;
Player Test4 won trick with Ten of Clubs&#xD;
Test&#xD;
Test&#xD;
Test&#xD;
Player Test1 won trick with Ten of Spades&#xD;
Test&#xD;
Test&#xD;
Player Test3 won trick with Eight of Spades&#xD;
Test&#xD;
Test&#xD;
Test&#xD;
Player Test1 won trick with Five of Clubs&#xD;
Test&#xD;
Test&#xD;
Test&#xD;
Player Test1 won trick with Seven of Diamonds&#xD;
Test&#xD;
Test&#xD;
Player Test1 won trick with Ace of Clubs&#xD;
Test&#xD;
Test&#xD;
Player Test2 won trick with King of Diamonds&#xD;
Test&#xD;
Test&#xD;
Test&#xD;
Player Test1 won trick with Six of Clubs&#xD;
Test&#xD;
Test&#xD;
Test&#xD;
Test&#xD;
Player Test1 won trick with Eight of Hearts&#xD;
Test&#xD;
Player Test4 won trick with King of Hearts&#xD;
Test&#xD;
Test&#xD;
Test&#xD;
Player Test1 won trick with Jack of Clubs&#xD;
Test&#xD;
Test&#xD;
Test&#xD;
Player Test1 won trick with Nine of Diamonds&#xD;
Test&#xD;
Test&#xD;
Test&#xD;
Player Test1 won trick with Five of Diamonds&#xD;
Test&#xD;
Test&#xD;
Player Test1 won trick with Eight of Spades&#xD;
Test&#xD;
Test&#xD;
Player Test1 won trick with Seven of Diamonds&#xD;
Test&#xD;
Test&#xD;
Player Test1 won trick with Eight of Spades&#xD;
Test&#xD;
Test&#xD;
Test&#xD;
Player Test1 won trick with Ten of Spades&#xD;
Test&#xD;
Player Test3 won trick with King of Clubs&#xD;
Test&#xD;
Test&#xD;
Test&#xD;
Player Test1 won trick with Three of Spades&#xD;
Test&#xD;
Test&#xD;
Test&#xD;
Player Test1 won trick with Ten of Clubs&#xD;
Test&#xD;
Test&#xD;
Test&#xD;
Player Test1 won trick with Two of Diamonds&#xD;
Test&#xD;
Test&#xD;
Test&#xD;
Test&#xD;
Player Test1 won trick with Nine of Hearts&#xD;
Test&#xD;
Test&#xD;
Test&#xD;
Player Test1 won trick with Jack of Spades&#xD;
Test&#xD;
Test&#xD;
Test&#xD;
Player Test1 won trick with Nine of Clubs&#xD;
Test&#xD;
Test&#xD;
Test&#xD;
Test&#xD;
Player Test1 won trick with Queen of Hearts&#xD;
Test&#xD;
Test&#xD;
Test&#xD;
Player Test1 won trick with Eight of Clubs&#xD;
Test&#xD;
Test&#xD;
Test&#xD;
Test&#xD;
Player Test1 won trick with Queen of Hearts&#xD;
Test&#xD;
Test&#xD;
Player Test1 won trick with Ten of Clubs&#xD;
Test&#xD;
Test&#xD;
Player Test1 won trick with King of Clubs&#xD;
Test&#xD;
Player Test4 won trick with Ten of Diamonds&#xD;
Test&#xD;
Test&#xD;
Test&#xD;
Player Test1 won trick with Jack of Diamonds&#xD;
Test&#xD;
Test&#xD;
Test&#xD;
Player Test1 won trick with King of Hearts&#xD;
Test&#xD;
Test&#xD;
Test&#xD;
Player Test1 won trick with Ten of Hearts&#xD;
Test&#xD;
Test&#xD;
Test&#xD;
Player Test1 won trick with King of Hearts&#xD;
Test&#xD;
Player Test3 won trick with Nine of Diamonds&#xD;
Test&#xD;
Test&#xD;
Test&#xD;
Player Test1 won trick with Nine of Spades&#xD;
Test&#xD;
Test&#xD;
Test&#xD;
Player Test1 won trick with Three of Clubs&#xD;
Test&#xD;
Test&#xD;
Player Test1 won trick with Ace of Diamonds&#xD;
Test&#xD;
Test&#xD;
Player Test3 won trick with Ace of Diamonds&#xD;
Test&#xD;
Test&#xD;
Player Test2 won trick with Seven of Diamonds&#xD;
Test&#xD;
Test&#xD;
Player Test1 won trick with Queen of Clubs&#xD;
Test&#xD;
Player Test4 won trick with Ace of Diamonds&#xD;
Test&#xD;
Test&#xD;
Player Test1 won trick with Three of Diamonds&#xD;
Test&#xD;
Player Test3 won trick with Ace of Diamonds&#xD;
Test&#xD;
Test&#xD;
Test&#xD;
Player Test1 won trick with Six of Clubs&#xD;
Test&#xD;
Test&#xD;
Test&#xD;
Player Test1 won trick with Eight of Clubs&#xD;
Test&#xD;
Test&#xD;
Test&#xD;
Test&#xD;
Player Test1 won trick with Eight of Hearts&#xD;
Test&#xD;
Test&#xD;
Test&#xD;
Player Test1 won trick with Ace of Hearts&#xD;
Test&#xD;
Test&#xD;
Player Test1 won trick with Jack of Spades&#xD;
Test&#xD;
Test&#xD;
Test&#xD;
Player Test1 won trick with Ace of Spades&#xD;
Test&#xD;
Test&#xD;
Test&#xD;
Player Test1 won trick with King of Spades&#xD;
Test&#xD;
Test&#xD;
Test&#xD;
Player Test1 won trick with Six of Spades&#xD;
Test&#xD;
Test&#xD;
Test&#xD;
Test&#xD;
Player Test1 won trick with Ten of Hearts&#xD;
Test&#xD;
Test&#xD;
Player Test2 won trick with King of Spades&#xD;
Test&#xD;
Test&#xD;
Test&#xD;
Player Test1 won trick with Ten of Diamonds&#xD;
Test&#xD;
Player Test1 won trick with Nine of Clubs&#xD;
Test&#xD;
Test&#xD;
Test&#xD;
Test&#xD;
Player Test1 won trick with Ace of Hearts&#xD;
Test&#xD;
Test&#xD;
Test&#xD;
Player Test1 won trick with Four of Spades&#xD;
Test&#xD;
Test&#xD;
Test&#xD;
Player Test1 won trick with Ace of Hearts&#xD;
Test&#xD;
Player Test2 won trick with King of Spades&#xD;
Test&#xD;
Test&#xD;
Player Test1 won trick with King of Spades&#xD;
Test&#xD;
Test&#xD;
Player Test3 won trick with Ace of Spades&#xD;
Test&#xD;
Test&#xD;
Test&#xD;
Test&#xD;
Player Test1 won trick with Five of Hearts&#xD;
Test&#xD;
Test&#xD;
Test&#xD;
Player Test1 won trick with Six of Diamonds&#xD;
Test&#xD;
Test&#xD;
Test&#xD;
Test&#xD;
Player Test1 won trick with Seven of Hearts&#xD;
Test&#xD;
Test&#xD;
Player Test1 won trick with King of Clubs&#xD;
Test&#xD;
Player Test4 won trick with Jack of Spades&#xD;
Test&#xD;
Test&#xD;
Test&#xD;
Player Test1 won trick with Nine of Diamonds&#xD;
Test&#xD;
Test&#xD;
Test&#xD;
Player Test1 won trick with Eight of Spades&#xD;
Test&#xD;
Test&#xD;
Player Test1 won trick with Six of Spades&#xD;
Test&#xD;
Test&#xD;
Test&#xD;
Player Test1 won trick with Jack of Spades&#xD;
Test&#xD;
Test&#xD;
Test&#xD;
Player Test2 won trick with King of Hearts&#xD;
Test&#xD;
Test&#xD;
Player Test1 won trick with Ace of Hearts&#xD;
Test&#xD;
Test&#xD;
Player Test3 won trick with King of Diamonds&#xD;
Test&#xD;
Player Test1 won trick with Queen of Clubs&#xD;
Test&#xD;
Test&#xD;
Player Test1 won trick with Jack of Diamonds&#xD;
Test&#xD;
Test&#xD;
Player Test1 won trick with Ace of Spades&#xD;
Test&#xD;
Test&#xD;
Test&#xD;
Test&#xD;
Player Test1 won trick with Eight of Hearts&#xD;
Test&#xD;
Test&#xD;
Test&#xD;
Test&#xD;
Player Test1 won trick with Three of Hearts&#xD;
Test&#xD;
Test&#xD;
Test&#xD;
Player Test1 won trick with King of Clubs&#xD;
Test&#xD;
Test&#xD;
Player Test1 won trick with Seven of Spades&#xD;
Test&#xD;
Player Test1 won trick with Queen of Spades&#xD;
Test&#xD;
Test&#xD;
Test&#xD;
Player Test1 won trick with Queen of Hearts&#xD;
Test&#xD;
Test&#xD;
Player Test1 won trick with Queen of Diamonds&#xD;
Test&#xD;
Test&#xD;
Player Test1 won trick with Ace of Spades&#xD;
Test&#xD;
Test&#xD;
Test&#xD;
Player Test1 won trick with Four of Spades&#xD;
Test&#xD;
Test&#xD;
Test&#xD;
Player Test1 won trick with Jack of Clubs&#xD;
Test&#xD;
Test&#xD;
Player Test4 won trick with King of Clubs&#xD;
Test&#xD;
Test&#xD;
Player Test4 won trick with Ace of Diamonds&#xD;
Test&#xD;
Test&#xD;
Player Test3 won trick with Ten of Spades&#xD;
Test&#xD;
Test&#xD;
Test&#xD;
Player Test1 won trick with Six of Diamonds&#xD;
Test&#xD;
Test&#xD;
Test&#xD;
Player Test1 won trick with Seven of Spades&#xD;
Test&#xD;
Test&#xD;
Player Test4 won trick with Jack of Diamonds&#xD;
Test&#xD;
Test&#xD;
Test&#xD;
Test&#xD;
Player Test1 won trick with Nine of Hearts&#xD;
Test&#xD;
Test&#xD;
Test&#xD;
Test&#xD;
Player Test1 won trick with Ten of Hearts&#xD;
Test&#xD;
Test&#xD;
Test&#xD;
Player Test1 won trick with King of Clubs&#xD;
Test&#xD;
Test&#xD;
Player Test4 won trick with King of Clubs&#xD;
Test&#xD;
Test&#xD;
Player Test2 won trick with Six of Clubs&#xD;
Test&#xD;
Test&#xD;
Test&#xD;
Test&#xD;
Player Test1 won trick with Nine of Hearts&#xD;
Test&#xD;
Test&#xD;
Player Test1 won trick with Nine of Clubs&#xD;
Test&#xD;
Test&#xD;
Test&#xD;
Player Test1 won trick with Ten of Clubs&#xD;
Test&#xD;
Test&#xD;
Test&#xD;
Player Test1 won trick with Three of Diamonds&#xD;
Test&#xD;
Test&#xD;
Player Test4 won trick with Ace of Hearts&#xD;
Test&#xD;
Test&#xD;
Test&#xD;
Player Test1 won trick with Ace of Diamonds&#xD;
Test&#xD;
Test&#xD;
Test&#xD;
Player Test1 won trick with Queen of Clubs&#xD;
Test&#xD;
Test&#xD;
Test&#xD;
Player Test4 won trick with Eight of Hearts&#xD;
Test&#xD;
Test&#xD;
Player Test1 won trick with King of Clubs&#xD;
Test&#xD;
Test&#xD;
Test&#xD;
Player Test4 won trick with Ten of Hearts&#xD;
Test&#xD;
Test&#xD;
Test&#xD;
Test&#xD;
Player Test1 won trick with Ten of Hearts&#xD;
Test&#xD;
Test&#xD;
Player Test3 won trick with Nine of Clubs&#xD;
Test&#xD;
Test&#xD;
Test&#xD;
Player Test1 won trick with King of Clubs&#xD;
Test&#xD;
Test&#xD;
Test&#xD;
Player Test1 won trick with Ten of Spades&#xD;
Test&#xD;
Test&#xD;
Player Test3 won trick with King of Diamonds&#xD;
Test&#xD;
Player Test4 won trick with Nine of Spades&#xD;
Test&#xD;
Test&#xD;
Player Test3 won trick with Eight of Clubs&#xD;
Test&#xD;
Test&#xD;
Player Test3 won trick with Six of Spades&#xD;
Test&#xD;
Test&#xD;
Test&#xD;
Player Test1 won trick with Eight of Clubs&#xD;
Test&#xD;
Test&#xD;
Player Test4 won trick with King of Hearts&#xD;
Test&#xD;
Player Test4 won trick with Queen of Diamonds&#xD;
Test&#xD;
Player Test4 won trick with King of Diamonds&#xD;
Test&#xD;
Test&#xD;
Test&#xD;
Test&#xD;
Player Test1 won trick with Seven of Hearts&#xD;
Test&#xD;
Test&#xD;
Test&#xD;
Test&#xD;
Player Test1 won trick with Eight of Hearts&#xD;
Test&#xD;
Test&#xD;
Test&#xD;
Test&#xD;
Player Test1 won trick with Two of Hearts&#xD;
Test&#xD;
Test&#xD;
Player Test1 won trick with Jack of Diamonds&#xD;
Test&#xD;
Test&#xD;
Player Test4 won trick with Seven of Spades&#xD;
Test&#xD;
Test&#xD;
Test&#xD;
Test&#xD;
Player Test1 won trick with Nine of Hearts&#xD;
Test&#xD;
Test&#xD;
Player Test1 won trick with Six of Diamonds&#xD;
Test&#xD;
Test&#xD;
Test&#xD;
Test&#xD;
Player Test1 won trick with Nine of Hearts&#xD;
Test&#xD;
Test&#xD;
Test&#xD;
Test&#xD;
Player Test1 won trick with Five of Hearts&#xD;
Test&#xD;
Test&#xD;
Test&#xD;
Test&#xD;
Player Test1 won trick with Four of Hearts&#xD;
Player Test2 won trick with Jack of Diamonds&#xD;
Test&#xD;
Test&#xD;
Test&#xD;
Player Test4 won trick with Jack of Hearts&#xD;
Test&#xD;
Test&#xD;
Test&#xD;
Test&#xD;
Player Test1 won trick with Four of Hearts&#xD;
Test&#xD;
Test&#xD;
Player Test2 won trick with Ace of Clubs&#xD;
Test&#xD;
Test&#xD;
Player Test3 won trick with Ten of Spades&#xD;
Test&#xD;
Test&#xD;
Test&#xD;
Player Test1 won trick with Six of Clubs&#xD;
Test&#xD;
Test&#xD;
Test&#xD;
Player Test1 won trick with Five of Spades&#xD;
Test&#xD;
Test&#xD;
Test&#xD;
Player Test3 won trick with Ace of Spades&#xD;
Test&#xD;
Test&#xD;
Test&#xD;
Test&#xD;
Player Test1 won trick with Four of Hearts&#xD;
Test&#xD;
Test&#xD;
Test&#xD;
Test&#xD;
Player Test1 won trick with Three of Hearts&#xD;
Test&#xD;
Player Test4 won trick with Ten of Clubs&#xD;
Test&#xD;
Test&#xD;
Test&#xD;
Test&#xD;
Player Test1 won trick with Seven of Hearts&#xD;
Test&#xD;
Test&#xD;
Player Test3 won trick with Queen of Diamonds&#xD;
Test&#xD;
Test&#xD;
Player Test1 won trick with Queen of Spades&#xD;
Test&#xD;
Test&#xD;
Test&#xD;
Player Test1 won trick with Seven of Hearts&#xD;
Test&#xD;
Test&#xD;
Test&#xD;
Player Test1 won trick with Six of Spades&#xD;
Test&#xD;
Test&#xD;
Player Test1 won trick with Jack of Spades&#xD;
Test&#xD;
Player Test1 won trick with King of Diamonds&#xD;
Test&#xD;
Test&#xD;
Player Test1 won trick with Seven of Clubs&#xD;
Test&#xD;
Test&#xD;
Player Test1 won trick with Ten of Diamonds&#xD;
Test&#xD;
Test&#xD;
Test&#xD;
Test&#xD;
Player Test1 won trick with King of Hearts&#xD;
Test&#xD;
Test&#xD;
Player Test1 won trick with Queen of Spades&#xD;
Test&#xD;
Test&#xD;
Player Test4 won trick with King of Clubs&#xD;
Test&#xD;
Player Test2 won trick with Nine of Clubs&#xD;
Test&#xD;
Test&#xD;
Test&#xD;
Test&#xD;
Player Test1 won trick with Six of Hearts&#xD;
Test&#xD;
Test&#xD;
Player Test3 won trick with Jack of Diamonds&#xD;
Test&#xD;
Test&#xD;
Player Test1 won trick with Ten of Diamonds&#xD;
Test&#xD;
Test&#xD;
Test&#xD;
Player Test1 won trick with Queen of Spades&#xD;
Test&#xD;
Test&#xD;
Test&#xD;
Player Test1 won trick with Three of Clubs&#xD;
Test&#xD;
Test&#xD;
Test&#xD;
Player Test1 won trick with Six of Spades&#xD;
Test&#xD;
Test&#xD;
Test&#xD;
Player Test1 won trick with Ten of Hearts&#xD;
Test&#xD;
Test&#xD;
Player Test3 won trick with Nine of Spades&#xD;
Test&#xD;
Player Test4 won trick with Queen of Clubs&#xD;
Test&#xD;
Player Test4 won trick with Queen of Clubs&#xD;
Test&#xD;
Test&#xD;
Test&#xD;
Player Test2 won trick with Ace of Diamonds&#xD;
Test&#xD;
Test&#xD;
Test&#xD;
Player Test1 won trick with Ten of Diamonds&#xD;
Test&#xD;
Test&#xD;
Test&#xD;
Player Test1 won trick with Ace of Diamonds&#xD;
Test&#xD;
Test&#xD;
Test&#xD;
Player Test1 won trick with Three of Spades&#xD;
Test&#xD;
Test&#xD;
Player Test4 won trick with Ten of Clubs&#xD;
Player Test2 won trick with King of Diamonds&#xD;
Test&#xD;
Player Test4 won trick with Five of Diamonds&#xD;
Test&#xD;
Test&#xD;
Player Test1 won trick with Seven of Diamonds&#xD;
Test&#xD;
Player Test2 won trick with King of Spades&#xD;
Test&#xD;
Test&#xD;
Player Test1 won trick with Three of Diamonds&#xD;
Test&#xD;
Test&#xD;
Player Test2 won trick with Ace of Clubs&#xD;
Test&#xD;
Test&#xD;
Test&#xD;
Player Test1 won trick with Eight of Spades&#xD;
Test&#xD;
Player Test1 won trick with Jack of Diamonds&#xD;
Test&#xD;
Test&#xD;
Player Test3 won trick with Seven of Spades&#xD;
Test&#xD;
Player Test1 won trick with King of Spades&#xD;
Test&#xD;
Test&#xD;
Player Test2 won trick with Five of Clubs&#xD;
Player Test4 won trick with Ace of Spades&#xD;
Test&#xD;
Test&#xD;
Test&#xD;
Player Test1 won trick with Six of Spades&#xD;
Test&#xD;
Test&#xD;
Player Test1 won trick with Ten of Diamonds&#xD;
Test&#xD;
Test&#xD;
Test&#xD;
Player Test4 won trick with Jack of Hearts&#xD;
Test&#xD;
Player Test1 won trick with King of Diamonds&#xD;
Test&#xD;
Test&#xD;
Test&#xD;
Player Test1 won trick with Seven of Clubs&#xD;
Test&#xD;
Test&#xD;
Test&#xD;
Test&#xD;
Player Test1 won trick with Three of Hearts&#xD;
Test&#xD;
Test&#xD;
Player Test3 won trick with Eight of Spades&#xD;
Test&#xD;
Test&#xD;
Player Test1 won trick with Seven of Clubs&#xD;
Test&#xD;
Test&#xD;
Test&#xD;
Test&#xD;
Player Test1 won trick with Two of Hearts&#xD;
Test&#xD;
Test&#xD;
Test&#xD;
Player Test1 won trick with Three of Clubs&#xD;
Test&#xD;
Test&#xD;
Test&#xD;
Player Test1 won trick with Seven of Clubs&#xD;
Test&#xD;
Test&#xD;
Player Test4 won trick with Six of Diamonds&#xD;
Test&#xD;
Player Test1 won trick with Jack of Spades&#xD;
Test&#xD;
Test&#xD;
Test&#xD;
Player Test1 won trick with Nine of Clubs&#xD;
Test&#xD;
Test&#xD;
Player Test2 won trick with Queen of Hearts&#xD;
Test&#xD;
Test&#xD;
Test&#xD;
Test&#xD;
Player Test1 won trick with King of Spades&#xD;
Test&#xD;
Test&#xD;
Test&#xD;
Player Test1 won trick with Five of Spades&#xD;
Test&#xD;
Test&#xD;
Test&#xD;
Player Test1 won trick with Queen of Clubs&#xD;
Test&#xD;
Test&#xD;
Player Test2 won trick with Seven of Spades&#xD;
Test&#xD;
Test&#xD;
Test&#xD;
Player Test1 won trick with Seven of Diamonds&#xD;
Test&#xD;
Test&#xD;
Player Test3 won trick with Jack of Clubs&#xD;
Test&#xD;
Player Test4 won trick with Ace of Clubs&#xD;
Test&#xD;
Test&#xD;
Player Test3 won trick with Ten of Diamonds&#xD;
Test&#xD;
Player Test3 won trick with Nine of Spades&#xD;
Test&#xD;
Test&#xD;
Player Test1 won trick with King of Spades&#xD;
Test&#xD;
Test&#xD;
Test&#xD;
Test&#xD;
Player Test1 won trick with Five of Diamonds&#xD;
Test&#xD;
Test&#xD;
Test&#xD;
Player Test1 won trick with Nine of Spades&#xD;
Test&#xD;
Test&#xD;
Test&#xD;
Player Test1 won trick with King of Diamonds&#xD;
Test&#xD;
Test&#xD;
Test&#xD;
Player Test1 won trick with Three of Clubs&#xD;
Test&#xD;
Player Test3 won trick with Queen of Diamonds&#xD;
Test&#xD;
Test&#xD;
Player Test4 won trick with Eight of Clubs&#xD;
Test&#xD;
Test&#xD;
Test&#xD;
Player Test1 won trick with Four of Spades&#xD;
Player Test4 won trick with Queen of Clubs&#xD;
Test&#xD;
Test&#xD;
Player Test2 won trick with Queen of Clubs&#xD;
Test&#xD;
Test&#xD;
Test&#xD;
Player Test1 won trick with Ace of Hearts&#xD;
Player Test1 won trick with Eight of Clubs&#xD;
Test&#xD;
Test&#xD;
Test&#xD;
Player Test1 won trick with Three of Clubs&#xD;
Test&#xD;
Test&#xD;
Test&#xD;
Player Test1 won trick with Seven of Diamonds&#xD;
Test&#xD;
Test&#xD;
Test&#xD;
Test&#xD;
Player Test1 won trick with Four of Hearts&#xD;
Test&#xD;
Test&#xD;
Test&#xD;
Player Test2 won trick with Six of Hearts&#xD;
Test&#xD;
Test&#xD;
Test&#xD;
Player Test1 won trick with Five of Hearts&#xD;
Test&#xD;
Test&#xD;
Player Test2 won trick with Queen of Spades&#xD;
Test&#xD;
Player Test4 won trick with Nine of Spades&#xD;
Test&#xD;
Test&#xD;
Test&#xD;
Test&#xD;
Player Test1 won trick with Nine of Hearts&#xD;
Test&#xD;
Player Test1 won trick with King of Spades&#xD;
Test&#xD;
Test&#xD;
Player Test1 won trick with Queen of Spades&#xD;
Test&#xD;
Test&#xD;
Player Test1 won trick with Jack of Clubs&#xD;
Test&#xD;
Test&#xD;
Test&#xD;
Player Test1 won trick with Jack of Hearts&#xD;
Test&#xD;
Test&#xD;
Player Test1 won trick with Five of Spades&#xD;
Test&#xD;
Test&#xD;
Test&#xD;
Test&#xD;
Player Test1 won trick with Three of Hearts&#xD;
Test&#xD;
Test&#xD;
Test&#xD;
Player Test1 won trick with Three of Diamonds&#xD;
Test&#xD;
Test&#xD;
Player Test1 won trick with Nine of Diamonds&#xD;
Test&#xD;
Test&#xD;
Test&#xD;
Player Test1 won trick with Queen of Clubs&#xD;
Test&#xD;
Test&#xD;
Test&#xD;
Player Test1 won trick with Three of Spades&#xD;
Test&#xD;
Test&#xD;
Player Test1 won trick with Eight of Spades&#xD;
Test&#xD;
Test&#xD;
Test&#xD;
Player Test4 won trick with Six of Spades&#xD;
Test&#xD;
Test&#xD;
Player Test4 won trick with Ace of Diamonds&#xD;
Test&#xD;
Test&#xD;
Test&#xD;
Player Test1 won trick with Seven of Clubs&#xD;
Test&#xD;
Test&#xD;
Test&#xD;
Test&#xD;
Player Test1 won trick with Three of Spades&#xD;
Test&#xD;
Test&#xD;
Player Test4 won trick with Queen of Diamonds&#xD;
Test&#xD;
Test&#xD;
Test&#xD;
Player Test3 won trick with Ace of Hearts&#xD;
Test&#xD;
Test&#xD;
Player Test4 won trick with King of Clubs&#xD;
Test&#xD;
Test&#xD;
Player Test2 won trick with Seven of Spades&#xD;
Test&#xD;
Test&#xD;
Test&#xD;
Player Test4 won trick with Queen of Diamonds&#xD;
Test&#xD;
Test&#xD;
Player Test1 won trick with Ace of Hearts&#xD;
Test&#xD;
Test&#xD;
Test&#xD;
Player Test2 won trick with Ace of Hearts&#xD;
Test&#xD;
Test&#xD;
Player Test4 won trick with King of Hearts&#xD;
Test&#xD;
Test&#xD;
Test&#xD;
Player Test1 won trick with King of Spades&#xD;
Test&#xD;
Test&#xD;
Player Test4 won trick with King of Spades&#xD;
Test&#xD;
Test&#xD;
Test&#xD;
Player Test1 won trick with Five of Spades&#xD;
Test&#xD;
Test&#xD;
Player Test2 won trick with Jack of Spades&#xD;
</Text>
      </RunInfo>
      <RunInfo computerName="BTOMBLINSON" outcome="Warning" timestamp="2023-09-18T22:47:04.2548043-06:00">
        <Text>Player Test1 has 2 of clubs and is starting the hand&#xD;
Player Test1 played Two of Clubs&#xD;
Player Test2 played Three of Clubs&#xD;
Player Test3 played Ace of Clubs&#xD;
Player Test4 played King of Clubs&#xD;
Player Test3 won trick with Ace of Clubs&#xD;
</Text>
      </RunInfo>
    </RunInfos>
  </ResultSummary>
</TestRun>